[2024-12-19T16:40:43.044+0000] {local_task_job_runner.py:123} INFO - ::group::Pre task execution logs
[2024-12-19T16:40:43.072+0000] {taskinstance.py:2613} INFO - Dependencies all met for dep_context=non-requeueable deps ti=<TaskInstance: postgres_to_pdf_report.generate_pdf scheduled__2024-12-18T00:00:00+00:00 [queued]>
[2024-12-19T16:40:43.084+0000] {taskinstance.py:2613} INFO - Dependencies all met for dep_context=requeueable deps ti=<TaskInstance: postgres_to_pdf_report.generate_pdf scheduled__2024-12-18T00:00:00+00:00 [queued]>
[2024-12-19T16:40:43.085+0000] {taskinstance.py:2866} INFO - Starting attempt 2 of 2
[2024-12-19T16:40:43.263+0000] {taskinstance.py:2889} INFO - Executing <Task(PythonOperator): generate_pdf> on 2024-12-18 00:00:00+00:00
[2024-12-19T16:40:43.272+0000] {warnings.py:112} WARNING - /home/***/.local/lib/python3.12/site-packages/***/task/task_runner/standard_task_runner.py:70: DeprecationWarning: This process (pid=89) is multi-threaded, use of fork() may lead to deadlocks in the child.
  pid = os.fork()

[2024-12-19T16:40:43.275+0000] {standard_task_runner.py:72} INFO - Started process 94 to run task
[2024-12-19T16:40:43.275+0000] {standard_task_runner.py:104} INFO - Running: ['***', 'tasks', 'run', 'postgres_to_pdf_report', 'generate_pdf', 'scheduled__2024-12-18T00:00:00+00:00', '--job-id', '18', '--raw', '--subdir', 'DAGS_FOLDER/pdf_report.py', '--cfg-path', '/tmp/tmpy491xo99']
[2024-12-19T16:40:43.277+0000] {standard_task_runner.py:105} INFO - Job 18: Subtask generate_pdf
[2024-12-19T16:40:43.351+0000] {task_command.py:467} INFO - Running <TaskInstance: postgres_to_pdf_report.generate_pdf scheduled__2024-12-18T00:00:00+00:00 [running]> on host 87cacb862745
[2024-12-19T16:40:43.478+0000] {taskinstance.py:3132} INFO - Exporting env vars: AIRFLOW_CTX_DAG_OWNER='***' AIRFLOW_CTX_DAG_ID='postgres_to_pdf_report' AIRFLOW_CTX_TASK_ID='generate_pdf' AIRFLOW_CTX_EXECUTION_DATE='2024-12-18T00:00:00+00:00' AIRFLOW_CTX_TRY_NUMBER='2' AIRFLOW_CTX_DAG_RUN_ID='scheduled__2024-12-18T00:00:00+00:00'
[2024-12-19T16:40:43.481+0000] {logging_mixin.py:190} INFO - Task instance is in running state
[2024-12-19T16:40:43.481+0000] {logging_mixin.py:190} INFO -  Previous state of the Task instance: queued
[2024-12-19T16:40:43.482+0000] {logging_mixin.py:190} INFO - Current task name:generate_pdf state:running start_date:2024-12-19 16:40:43.073159+00:00
[2024-12-19T16:40:43.483+0000] {logging_mixin.py:190} INFO - Dag name:postgres_to_pdf_report and current dag run status:running
[2024-12-19T16:40:43.485+0000] {taskinstance.py:731} INFO - ::endgroup::
[2024-12-19T16:40:43.507+0000] {python.py:240} INFO - Done. Returned value was: None
[2024-12-19T16:40:43.525+0000] {taskinstance.py:340} INFO - ::group::Post task execution logs
[2024-12-19T16:40:43.526+0000] {taskinstance.py:352} INFO - Marking task as SUCCESS. dag_id=postgres_to_pdf_report, task_id=generate_pdf, run_id=scheduled__2024-12-18T00:00:00+00:00, execution_date=20241218T000000, start_date=20241219T164043, end_date=20241219T164043
[2024-12-19T16:40:43.541+0000] {logging_mixin.py:190} INFO - Task instance in success state
[2024-12-19T16:40:43.542+0000] {logging_mixin.py:190} INFO -  Previous state of the Task instance: running
[2024-12-19T16:40:43.543+0000] {logging_mixin.py:190} INFO - Dag name:postgres_to_pdf_report queued_at:2024-12-19 16:35:22.499496+00:00
[2024-12-19T16:40:43.543+0000] {logging_mixin.py:190} INFO - Task hostname:87cacb862745 operator:PythonOperator
[2024-12-19T16:40:43.573+0000] {local_task_job_runner.py:266} INFO - Task exited with return code 0
[2024-12-19T16:40:43.598+0000] {taskinstance.py:3895} INFO - 0 downstream tasks scheduled from follow-on schedule check
[2024-12-19T16:40:43.601+0000] {local_task_job_runner.py:245} INFO - ::endgroup::
