[2024-12-20T05:28:51.899+0000] {processor.py:186} INFO - Started process (PID=12524) to work on /opt/airflow/dags/file_copy_dag.py
[2024-12-20T05:28:51.923+0000] {processor.py:914} INFO - Processing file /opt/airflow/dags/file_copy_dag.py for tasks to queue
[2024-12-20T05:28:51.948+0000] {logging_mixin.py:190} INFO - [2024-12-20T05:28:51.946+0000] {dagbag.py:588} INFO - Filling up the DagBag from /opt/airflow/dags/file_copy_dag.py
[2024-12-20T05:28:52.151+0000] {processor.py:925} INFO - DAG(s) 'file_copy_dag' retrieved from /opt/airflow/dags/file_copy_dag.py
[2024-12-20T05:28:52.319+0000] {logging_mixin.py:190} INFO - [2024-12-20T05:28:52.318+0000] {dag.py:3239} INFO - Sync 1 DAGs
[2024-12-20T05:28:52.494+0000] {logging_mixin.py:190} INFO - [2024-12-20T05:28:52.493+0000] {dag.py:4180} INFO - Setting next_dagrun for file_copy_dag to None, run_after=None
[2024-12-20T05:28:52.643+0000] {processor.py:208} INFO - Processing /opt/airflow/dags/file_copy_dag.py took 0.776 seconds
[2024-12-20T05:29:24.750+0000] {processor.py:186} INFO - Started process (PID=12586) to work on /opt/airflow/dags/file_copy_dag.py
[2024-12-20T05:29:24.753+0000] {processor.py:914} INFO - Processing file /opt/airflow/dags/file_copy_dag.py for tasks to queue
[2024-12-20T05:29:24.763+0000] {logging_mixin.py:190} INFO - [2024-12-20T05:29:24.761+0000] {dagbag.py:588} INFO - Filling up the DagBag from /opt/airflow/dags/file_copy_dag.py
[2024-12-20T05:29:24.810+0000] {processor.py:925} INFO - DAG(s) 'file_copy_dag' retrieved from /opt/airflow/dags/file_copy_dag.py
[2024-12-20T05:29:24.875+0000] {logging_mixin.py:190} INFO - [2024-12-20T05:29:24.874+0000] {dag.py:3239} INFO - Sync 1 DAGs
[2024-12-20T05:29:24.943+0000] {logging_mixin.py:190} INFO - [2024-12-20T05:29:24.942+0000] {dag.py:4180} INFO - Setting next_dagrun for file_copy_dag to None, run_after=None
[2024-12-20T05:29:25.032+0000] {processor.py:208} INFO - Processing /opt/airflow/dags/file_copy_dag.py took 0.304 seconds
[2024-12-20T05:29:55.438+0000] {processor.py:186} INFO - Started process (PID=12651) to work on /opt/airflow/dags/file_copy_dag.py
[2024-12-20T05:29:55.440+0000] {processor.py:914} INFO - Processing file /opt/airflow/dags/file_copy_dag.py for tasks to queue
[2024-12-20T05:29:55.447+0000] {logging_mixin.py:190} INFO - [2024-12-20T05:29:55.446+0000] {dagbag.py:588} INFO - Filling up the DagBag from /opt/airflow/dags/file_copy_dag.py
[2024-12-20T05:29:55.485+0000] {processor.py:925} INFO - DAG(s) 'file_copy_dag' retrieved from /opt/airflow/dags/file_copy_dag.py
[2024-12-20T05:29:55.543+0000] {logging_mixin.py:190} INFO - [2024-12-20T05:29:55.542+0000] {dag.py:3239} INFO - Sync 1 DAGs
[2024-12-20T05:29:55.596+0000] {logging_mixin.py:190} INFO - [2024-12-20T05:29:55.595+0000] {dag.py:4180} INFO - Setting next_dagrun for file_copy_dag to None, run_after=None
[2024-12-20T05:29:55.670+0000] {processor.py:208} INFO - Processing /opt/airflow/dags/file_copy_dag.py took 0.252 seconds
[2024-12-20T05:30:26.532+0000] {processor.py:186} INFO - Started process (PID=12717) to work on /opt/airflow/dags/file_copy_dag.py
[2024-12-20T05:30:26.535+0000] {processor.py:914} INFO - Processing file /opt/airflow/dags/file_copy_dag.py for tasks to queue
[2024-12-20T05:30:26.543+0000] {logging_mixin.py:190} INFO - [2024-12-20T05:30:26.541+0000] {dagbag.py:588} INFO - Filling up the DagBag from /opt/airflow/dags/file_copy_dag.py
[2024-12-20T05:30:26.588+0000] {processor.py:925} INFO - DAG(s) 'file_copy_dag' retrieved from /opt/airflow/dags/file_copy_dag.py
[2024-12-20T05:30:26.640+0000] {logging_mixin.py:190} INFO - [2024-12-20T05:30:26.639+0000] {dag.py:3239} INFO - Sync 1 DAGs
[2024-12-20T05:30:26.678+0000] {logging_mixin.py:190} INFO - [2024-12-20T05:30:26.677+0000] {dag.py:4180} INFO - Setting next_dagrun for file_copy_dag to None, run_after=None
[2024-12-20T05:30:26.734+0000] {processor.py:208} INFO - Processing /opt/airflow/dags/file_copy_dag.py took 0.223 seconds
[2024-12-20T05:30:57.125+0000] {processor.py:186} INFO - Started process (PID=12772) to work on /opt/airflow/dags/file_copy_dag.py
[2024-12-20T05:30:57.128+0000] {processor.py:914} INFO - Processing file /opt/airflow/dags/file_copy_dag.py for tasks to queue
[2024-12-20T05:30:57.136+0000] {logging_mixin.py:190} INFO - [2024-12-20T05:30:57.135+0000] {dagbag.py:588} INFO - Filling up the DagBag from /opt/airflow/dags/file_copy_dag.py
[2024-12-20T05:30:57.176+0000] {processor.py:925} INFO - DAG(s) 'file_copy_dag' retrieved from /opt/airflow/dags/file_copy_dag.py
[2024-12-20T05:30:57.218+0000] {logging_mixin.py:190} INFO - [2024-12-20T05:30:57.217+0000] {dag.py:3239} INFO - Sync 1 DAGs
[2024-12-20T05:30:57.249+0000] {logging_mixin.py:190} INFO - [2024-12-20T05:30:57.249+0000] {dag.py:4180} INFO - Setting next_dagrun for file_copy_dag to None, run_after=None
[2024-12-20T05:30:57.290+0000] {processor.py:208} INFO - Processing /opt/airflow/dags/file_copy_dag.py took 0.183 seconds
[2024-12-20T05:31:28.769+0000] {processor.py:186} INFO - Started process (PID=12833) to work on /opt/airflow/dags/file_copy_dag.py
[2024-12-20T05:31:28.772+0000] {processor.py:914} INFO - Processing file /opt/airflow/dags/file_copy_dag.py for tasks to queue
[2024-12-20T05:31:28.787+0000] {logging_mixin.py:190} INFO - [2024-12-20T05:31:28.785+0000] {dagbag.py:588} INFO - Filling up the DagBag from /opt/airflow/dags/file_copy_dag.py
[2024-12-20T05:31:28.890+0000] {processor.py:925} INFO - DAG(s) 'file_copy_dag' retrieved from /opt/airflow/dags/file_copy_dag.py
[2024-12-20T05:31:29.004+0000] {logging_mixin.py:190} INFO - [2024-12-20T05:31:29.003+0000] {dag.py:3239} INFO - Sync 1 DAGs
[2024-12-20T05:31:29.099+0000] {logging_mixin.py:190} INFO - [2024-12-20T05:31:29.098+0000] {dag.py:4180} INFO - Setting next_dagrun for file_copy_dag to None, run_after=None
[2024-12-20T05:31:29.238+0000] {processor.py:208} INFO - Processing /opt/airflow/dags/file_copy_dag.py took 0.505 seconds
[2024-12-20T05:32:00.086+0000] {processor.py:186} INFO - Started process (PID=12897) to work on /opt/airflow/dags/file_copy_dag.py
[2024-12-20T05:32:00.089+0000] {processor.py:914} INFO - Processing file /opt/airflow/dags/file_copy_dag.py for tasks to queue
[2024-12-20T05:32:00.094+0000] {logging_mixin.py:190} INFO - [2024-12-20T05:32:00.093+0000] {dagbag.py:588} INFO - Filling up the DagBag from /opt/airflow/dags/file_copy_dag.py
[2024-12-20T05:32:00.123+0000] {processor.py:925} INFO - DAG(s) 'file_copy_dag' retrieved from /opt/airflow/dags/file_copy_dag.py
[2024-12-20T05:32:00.155+0000] {logging_mixin.py:190} INFO - [2024-12-20T05:32:00.154+0000] {dag.py:3239} INFO - Sync 1 DAGs
[2024-12-20T05:32:00.186+0000] {logging_mixin.py:190} INFO - [2024-12-20T05:32:00.185+0000] {dag.py:4180} INFO - Setting next_dagrun for file_copy_dag to None, run_after=None
[2024-12-20T05:32:00.217+0000] {processor.py:208} INFO - Processing /opt/airflow/dags/file_copy_dag.py took 0.143 seconds
[2024-12-20T05:32:30.383+0000] {processor.py:186} INFO - Started process (PID=12955) to work on /opt/airflow/dags/file_copy_dag.py
[2024-12-20T05:32:30.386+0000] {processor.py:914} INFO - Processing file /opt/airflow/dags/file_copy_dag.py for tasks to queue
[2024-12-20T05:32:30.395+0000] {logging_mixin.py:190} INFO - [2024-12-20T05:32:30.394+0000] {dagbag.py:588} INFO - Filling up the DagBag from /opt/airflow/dags/file_copy_dag.py
[2024-12-20T05:32:30.442+0000] {processor.py:925} INFO - DAG(s) 'file_copy_dag' retrieved from /opt/airflow/dags/file_copy_dag.py
[2024-12-20T05:32:30.492+0000] {logging_mixin.py:190} INFO - [2024-12-20T05:32:30.491+0000] {dag.py:3239} INFO - Sync 1 DAGs
[2024-12-20T05:32:30.537+0000] {logging_mixin.py:190} INFO - [2024-12-20T05:32:30.537+0000] {dag.py:4180} INFO - Setting next_dagrun for file_copy_dag to None, run_after=None
[2024-12-20T05:32:30.596+0000] {processor.py:208} INFO - Processing /opt/airflow/dags/file_copy_dag.py took 0.237 seconds
[2024-12-20T05:33:02.176+0000] {processor.py:186} INFO - Started process (PID=13018) to work on /opt/airflow/dags/file_copy_dag.py
[2024-12-20T05:33:02.180+0000] {processor.py:914} INFO - Processing file /opt/airflow/dags/file_copy_dag.py for tasks to queue
[2024-12-20T05:33:02.197+0000] {logging_mixin.py:190} INFO - [2024-12-20T05:33:02.195+0000] {dagbag.py:588} INFO - Filling up the DagBag from /opt/airflow/dags/file_copy_dag.py
[2024-12-20T05:33:02.274+0000] {processor.py:925} INFO - DAG(s) 'file_copy_dag' retrieved from /opt/airflow/dags/file_copy_dag.py
[2024-12-20T05:33:02.409+0000] {logging_mixin.py:190} INFO - [2024-12-20T05:33:02.408+0000] {dag.py:3239} INFO - Sync 1 DAGs
[2024-12-20T05:33:02.548+0000] {logging_mixin.py:190} INFO - [2024-12-20T05:33:02.548+0000] {dag.py:4180} INFO - Setting next_dagrun for file_copy_dag to None, run_after=None
[2024-12-20T05:33:02.695+0000] {processor.py:208} INFO - Processing /opt/airflow/dags/file_copy_dag.py took 0.557 seconds
[2024-12-20T05:33:33.576+0000] {processor.py:186} INFO - Started process (PID=13083) to work on /opt/airflow/dags/file_copy_dag.py
[2024-12-20T05:33:33.584+0000] {processor.py:914} INFO - Processing file /opt/airflow/dags/file_copy_dag.py for tasks to queue
[2024-12-20T05:33:33.599+0000] {logging_mixin.py:190} INFO - [2024-12-20T05:33:33.598+0000] {dagbag.py:588} INFO - Filling up the DagBag from /opt/airflow/dags/file_copy_dag.py
[2024-12-20T05:33:33.662+0000] {processor.py:925} INFO - DAG(s) 'file_copy_dag' retrieved from /opt/airflow/dags/file_copy_dag.py
[2024-12-20T05:33:33.737+0000] {logging_mixin.py:190} INFO - [2024-12-20T05:33:33.735+0000] {dag.py:3239} INFO - Sync 1 DAGs
[2024-12-20T05:33:33.816+0000] {logging_mixin.py:190} INFO - [2024-12-20T05:33:33.815+0000] {dag.py:4180} INFO - Setting next_dagrun for file_copy_dag to None, run_after=None
[2024-12-20T05:33:33.886+0000] {processor.py:208} INFO - Processing /opt/airflow/dags/file_copy_dag.py took 0.348 seconds
[2024-12-20T05:34:05.428+0000] {processor.py:186} INFO - Started process (PID=13145) to work on /opt/airflow/dags/file_copy_dag.py
[2024-12-20T05:34:05.432+0000] {processor.py:914} INFO - Processing file /opt/airflow/dags/file_copy_dag.py for tasks to queue
[2024-12-20T05:34:05.442+0000] {logging_mixin.py:190} INFO - [2024-12-20T05:34:05.440+0000] {dagbag.py:588} INFO - Filling up the DagBag from /opt/airflow/dags/file_copy_dag.py
[2024-12-20T05:34:05.493+0000] {processor.py:925} INFO - DAG(s) 'file_copy_dag' retrieved from /opt/airflow/dags/file_copy_dag.py
[2024-12-20T05:34:05.560+0000] {logging_mixin.py:190} INFO - [2024-12-20T05:34:05.559+0000] {dag.py:3239} INFO - Sync 1 DAGs
[2024-12-20T05:34:05.627+0000] {logging_mixin.py:190} INFO - [2024-12-20T05:34:05.626+0000] {dag.py:4180} INFO - Setting next_dagrun for file_copy_dag to None, run_after=None
[2024-12-20T05:34:05.701+0000] {processor.py:208} INFO - Processing /opt/airflow/dags/file_copy_dag.py took 0.297 seconds
[2024-12-20T05:34:36.431+0000] {processor.py:186} INFO - Started process (PID=13209) to work on /opt/airflow/dags/file_copy_dag.py
[2024-12-20T05:34:36.434+0000] {processor.py:914} INFO - Processing file /opt/airflow/dags/file_copy_dag.py for tasks to queue
[2024-12-20T05:34:36.443+0000] {logging_mixin.py:190} INFO - [2024-12-20T05:34:36.441+0000] {dagbag.py:588} INFO - Filling up the DagBag from /opt/airflow/dags/file_copy_dag.py
[2024-12-20T05:34:36.491+0000] {processor.py:925} INFO - DAG(s) 'file_copy_dag' retrieved from /opt/airflow/dags/file_copy_dag.py
[2024-12-20T05:34:36.548+0000] {logging_mixin.py:190} INFO - [2024-12-20T05:34:36.548+0000] {dag.py:3239} INFO - Sync 1 DAGs
[2024-12-20T05:34:36.597+0000] {logging_mixin.py:190} INFO - [2024-12-20T05:34:36.596+0000] {dag.py:4180} INFO - Setting next_dagrun for file_copy_dag to None, run_after=None
[2024-12-20T05:34:36.658+0000] {processor.py:208} INFO - Processing /opt/airflow/dags/file_copy_dag.py took 0.249 seconds
[2024-12-20T05:35:07.715+0000] {processor.py:186} INFO - Started process (PID=13271) to work on /opt/airflow/dags/file_copy_dag.py
[2024-12-20T05:35:07.718+0000] {processor.py:914} INFO - Processing file /opt/airflow/dags/file_copy_dag.py for tasks to queue
[2024-12-20T05:35:07.725+0000] {logging_mixin.py:190} INFO - [2024-12-20T05:35:07.724+0000] {dagbag.py:588} INFO - Filling up the DagBag from /opt/airflow/dags/file_copy_dag.py
[2024-12-20T05:35:07.778+0000] {processor.py:925} INFO - DAG(s) 'file_copy_dag' retrieved from /opt/airflow/dags/file_copy_dag.py
[2024-12-20T05:35:07.840+0000] {logging_mixin.py:190} INFO - [2024-12-20T05:35:07.839+0000] {dag.py:3239} INFO - Sync 1 DAGs
[2024-12-20T05:35:07.903+0000] {logging_mixin.py:190} INFO - [2024-12-20T05:35:07.902+0000] {dag.py:4180} INFO - Setting next_dagrun for file_copy_dag to None, run_after=None
[2024-12-20T05:35:08.001+0000] {processor.py:208} INFO - Processing /opt/airflow/dags/file_copy_dag.py took 0.307 seconds
[2024-12-20T05:35:39.099+0000] {processor.py:186} INFO - Started process (PID=13334) to work on /opt/airflow/dags/file_copy_dag.py
[2024-12-20T05:35:39.101+0000] {processor.py:914} INFO - Processing file /opt/airflow/dags/file_copy_dag.py for tasks to queue
[2024-12-20T05:35:39.109+0000] {logging_mixin.py:190} INFO - [2024-12-20T05:35:39.107+0000] {dagbag.py:588} INFO - Filling up the DagBag from /opt/airflow/dags/file_copy_dag.py
[2024-12-20T05:35:39.152+0000] {processor.py:925} INFO - DAG(s) 'file_copy_dag' retrieved from /opt/airflow/dags/file_copy_dag.py
[2024-12-20T05:35:39.213+0000] {logging_mixin.py:190} INFO - [2024-12-20T05:35:39.212+0000] {dag.py:3239} INFO - Sync 1 DAGs
[2024-12-20T05:35:39.264+0000] {logging_mixin.py:190} INFO - [2024-12-20T05:35:39.263+0000] {dag.py:4180} INFO - Setting next_dagrun for file_copy_dag to None, run_after=None
[2024-12-20T05:35:39.357+0000] {processor.py:208} INFO - Processing /opt/airflow/dags/file_copy_dag.py took 0.279 seconds
[2024-12-20T05:36:10.037+0000] {processor.py:186} INFO - Started process (PID=13394) to work on /opt/airflow/dags/file_copy_dag.py
[2024-12-20T05:36:10.040+0000] {processor.py:914} INFO - Processing file /opt/airflow/dags/file_copy_dag.py for tasks to queue
[2024-12-20T05:36:10.047+0000] {logging_mixin.py:190} INFO - [2024-12-20T05:36:10.046+0000] {dagbag.py:588} INFO - Filling up the DagBag from /opt/airflow/dags/file_copy_dag.py
[2024-12-20T05:36:10.085+0000] {processor.py:925} INFO - DAG(s) 'file_copy_dag' retrieved from /opt/airflow/dags/file_copy_dag.py
[2024-12-20T05:36:10.136+0000] {logging_mixin.py:190} INFO - [2024-12-20T05:36:10.136+0000] {dag.py:3239} INFO - Sync 1 DAGs
[2024-12-20T05:36:10.181+0000] {logging_mixin.py:190} INFO - [2024-12-20T05:36:10.181+0000] {dag.py:4180} INFO - Setting next_dagrun for file_copy_dag to None, run_after=None
[2024-12-20T05:36:10.269+0000] {processor.py:208} INFO - Processing /opt/airflow/dags/file_copy_dag.py took 0.248 seconds
[2024-12-20T05:36:41.884+0000] {processor.py:186} INFO - Started process (PID=13459) to work on /opt/airflow/dags/file_copy_dag.py
[2024-12-20T05:36:41.888+0000] {processor.py:914} INFO - Processing file /opt/airflow/dags/file_copy_dag.py for tasks to queue
[2024-12-20T05:36:41.897+0000] {logging_mixin.py:190} INFO - [2024-12-20T05:36:41.896+0000] {dagbag.py:588} INFO - Filling up the DagBag from /opt/airflow/dags/file_copy_dag.py
[2024-12-20T05:36:41.929+0000] {processor.py:925} INFO - DAG(s) 'file_copy_dag' retrieved from /opt/airflow/dags/file_copy_dag.py
[2024-12-20T05:36:41.969+0000] {logging_mixin.py:190} INFO - [2024-12-20T05:36:41.969+0000] {dag.py:3239} INFO - Sync 1 DAGs
[2024-12-20T05:36:42.003+0000] {logging_mixin.py:190} INFO - [2024-12-20T05:36:42.003+0000] {dag.py:4180} INFO - Setting next_dagrun for file_copy_dag to None, run_after=None
[2024-12-20T05:36:42.078+0000] {processor.py:208} INFO - Processing /opt/airflow/dags/file_copy_dag.py took 0.208 seconds
[2024-12-20T05:37:14.109+0000] {processor.py:186} INFO - Started process (PID=13524) to work on /opt/airflow/dags/file_copy_dag.py
[2024-12-20T05:37:14.111+0000] {processor.py:914} INFO - Processing file /opt/airflow/dags/file_copy_dag.py for tasks to queue
[2024-12-20T05:37:14.120+0000] {logging_mixin.py:190} INFO - [2024-12-20T05:37:14.118+0000] {dagbag.py:588} INFO - Filling up the DagBag from /opt/airflow/dags/file_copy_dag.py
[2024-12-20T05:37:14.154+0000] {processor.py:925} INFO - DAG(s) 'file_copy_dag' retrieved from /opt/airflow/dags/file_copy_dag.py
[2024-12-20T05:37:14.204+0000] {logging_mixin.py:190} INFO - [2024-12-20T05:37:14.203+0000] {dag.py:3239} INFO - Sync 1 DAGs
[2024-12-20T05:37:14.239+0000] {logging_mixin.py:190} INFO - [2024-12-20T05:37:14.238+0000] {dag.py:4180} INFO - Setting next_dagrun for file_copy_dag to None, run_after=None
[2024-12-20T05:37:14.329+0000] {processor.py:208} INFO - Processing /opt/airflow/dags/file_copy_dag.py took 0.238 seconds
[2024-12-20T05:37:45.867+0000] {processor.py:186} INFO - Started process (PID=13588) to work on /opt/airflow/dags/file_copy_dag.py
[2024-12-20T05:37:45.869+0000] {processor.py:914} INFO - Processing file /opt/airflow/dags/file_copy_dag.py for tasks to queue
[2024-12-20T05:37:45.875+0000] {logging_mixin.py:190} INFO - [2024-12-20T05:37:45.874+0000] {dagbag.py:588} INFO - Filling up the DagBag from /opt/airflow/dags/file_copy_dag.py
[2024-12-20T05:37:45.912+0000] {processor.py:925} INFO - DAG(s) 'file_copy_dag' retrieved from /opt/airflow/dags/file_copy_dag.py
[2024-12-20T05:37:45.951+0000] {logging_mixin.py:190} INFO - [2024-12-20T05:37:45.950+0000] {dag.py:3239} INFO - Sync 1 DAGs
[2024-12-20T05:37:45.986+0000] {logging_mixin.py:190} INFO - [2024-12-20T05:37:45.986+0000] {dag.py:4180} INFO - Setting next_dagrun for file_copy_dag to None, run_after=None
[2024-12-20T05:37:46.067+0000] {processor.py:208} INFO - Processing /opt/airflow/dags/file_copy_dag.py took 0.217 seconds
[2024-12-20T05:38:18.452+0000] {processor.py:186} INFO - Started process (PID=13653) to work on /opt/airflow/dags/file_copy_dag.py
[2024-12-20T05:38:18.455+0000] {processor.py:914} INFO - Processing file /opt/airflow/dags/file_copy_dag.py for tasks to queue
[2024-12-20T05:38:18.462+0000] {logging_mixin.py:190} INFO - [2024-12-20T05:38:18.461+0000] {dagbag.py:588} INFO - Filling up the DagBag from /opt/airflow/dags/file_copy_dag.py
[2024-12-20T05:38:18.511+0000] {processor.py:925} INFO - DAG(s) 'file_copy_dag' retrieved from /opt/airflow/dags/file_copy_dag.py
[2024-12-20T05:38:18.571+0000] {logging_mixin.py:190} INFO - [2024-12-20T05:38:18.571+0000] {dag.py:3239} INFO - Sync 1 DAGs
[2024-12-20T05:38:18.635+0000] {logging_mixin.py:190} INFO - [2024-12-20T05:38:18.634+0000] {dag.py:4180} INFO - Setting next_dagrun for file_copy_dag to None, run_after=None
[2024-12-20T05:38:18.695+0000] {processor.py:208} INFO - Processing /opt/airflow/dags/file_copy_dag.py took 0.260 seconds
[2024-12-20T05:38:48.919+0000] {processor.py:186} INFO - Started process (PID=13714) to work on /opt/airflow/dags/file_copy_dag.py
[2024-12-20T05:38:48.922+0000] {processor.py:914} INFO - Processing file /opt/airflow/dags/file_copy_dag.py for tasks to queue
[2024-12-20T05:38:48.930+0000] {logging_mixin.py:190} INFO - [2024-12-20T05:38:48.929+0000] {dagbag.py:588} INFO - Filling up the DagBag from /opt/airflow/dags/file_copy_dag.py
[2024-12-20T05:38:48.987+0000] {processor.py:925} INFO - DAG(s) 'file_copy_dag' retrieved from /opt/airflow/dags/file_copy_dag.py
[2024-12-20T05:38:49.035+0000] {logging_mixin.py:190} INFO - [2024-12-20T05:38:49.035+0000] {dag.py:3239} INFO - Sync 1 DAGs
[2024-12-20T05:38:49.063+0000] {logging_mixin.py:190} INFO - [2024-12-20T05:38:49.062+0000] {dag.py:4180} INFO - Setting next_dagrun for file_copy_dag to None, run_after=None
[2024-12-20T05:38:49.125+0000] {processor.py:208} INFO - Processing /opt/airflow/dags/file_copy_dag.py took 0.224 seconds
[2024-12-20T05:39:19.703+0000] {processor.py:186} INFO - Started process (PID=13779) to work on /opt/airflow/dags/file_copy_dag.py
[2024-12-20T05:39:19.707+0000] {processor.py:914} INFO - Processing file /opt/airflow/dags/file_copy_dag.py for tasks to queue
[2024-12-20T05:39:19.715+0000] {logging_mixin.py:190} INFO - [2024-12-20T05:39:19.714+0000] {dagbag.py:588} INFO - Filling up the DagBag from /opt/airflow/dags/file_copy_dag.py
[2024-12-20T05:39:19.760+0000] {processor.py:925} INFO - DAG(s) 'file_copy_dag' retrieved from /opt/airflow/dags/file_copy_dag.py
[2024-12-20T05:39:19.796+0000] {logging_mixin.py:190} INFO - [2024-12-20T05:39:19.795+0000] {dag.py:3239} INFO - Sync 1 DAGs
[2024-12-20T05:39:19.817+0000] {logging_mixin.py:190} INFO - [2024-12-20T05:39:19.817+0000] {dag.py:4180} INFO - Setting next_dagrun for file_copy_dag to None, run_after=None
[2024-12-20T05:39:19.887+0000] {processor.py:208} INFO - Processing /opt/airflow/dags/file_copy_dag.py took 0.208 seconds
[2024-12-20T05:39:50.569+0000] {processor.py:186} INFO - Started process (PID=13844) to work on /opt/airflow/dags/file_copy_dag.py
[2024-12-20T05:39:50.573+0000] {processor.py:914} INFO - Processing file /opt/airflow/dags/file_copy_dag.py for tasks to queue
[2024-12-20T05:39:50.585+0000] {logging_mixin.py:190} INFO - [2024-12-20T05:39:50.584+0000] {dagbag.py:588} INFO - Filling up the DagBag from /opt/airflow/dags/file_copy_dag.py
[2024-12-20T05:39:50.665+0000] {processor.py:925} INFO - DAG(s) 'file_copy_dag' retrieved from /opt/airflow/dags/file_copy_dag.py
[2024-12-20T05:39:50.748+0000] {logging_mixin.py:190} INFO - [2024-12-20T05:39:50.747+0000] {dag.py:3239} INFO - Sync 1 DAGs
[2024-12-20T05:39:50.803+0000] {logging_mixin.py:190} INFO - [2024-12-20T05:39:50.802+0000] {dag.py:4180} INFO - Setting next_dagrun for file_copy_dag to None, run_after=None
[2024-12-20T05:39:50.895+0000] {processor.py:208} INFO - Processing /opt/airflow/dags/file_copy_dag.py took 0.354 seconds
[2024-12-20T05:40:21.190+0000] {processor.py:186} INFO - Started process (PID=13909) to work on /opt/airflow/dags/file_copy_dag.py
[2024-12-20T05:40:21.193+0000] {processor.py:914} INFO - Processing file /opt/airflow/dags/file_copy_dag.py for tasks to queue
[2024-12-20T05:40:21.200+0000] {logging_mixin.py:190} INFO - [2024-12-20T05:40:21.199+0000] {dagbag.py:588} INFO - Filling up the DagBag from /opt/airflow/dags/file_copy_dag.py
[2024-12-20T05:40:21.249+0000] {processor.py:925} INFO - DAG(s) 'file_copy_dag' retrieved from /opt/airflow/dags/file_copy_dag.py
[2024-12-20T05:40:21.312+0000] {logging_mixin.py:190} INFO - [2024-12-20T05:40:21.311+0000] {dag.py:3239} INFO - Sync 1 DAGs
[2024-12-20T05:40:21.368+0000] {logging_mixin.py:190} INFO - [2024-12-20T05:40:21.367+0000] {dag.py:4180} INFO - Setting next_dagrun for file_copy_dag to None, run_after=None
[2024-12-20T05:40:21.457+0000] {processor.py:208} INFO - Processing /opt/airflow/dags/file_copy_dag.py took 0.284 seconds
[2024-12-20T05:40:51.659+0000] {processor.py:186} INFO - Started process (PID=13974) to work on /opt/airflow/dags/file_copy_dag.py
[2024-12-20T05:40:51.661+0000] {processor.py:914} INFO - Processing file /opt/airflow/dags/file_copy_dag.py for tasks to queue
[2024-12-20T05:40:51.666+0000] {logging_mixin.py:190} INFO - [2024-12-20T05:40:51.665+0000] {dagbag.py:588} INFO - Filling up the DagBag from /opt/airflow/dags/file_copy_dag.py
[2024-12-20T05:40:51.701+0000] {processor.py:925} INFO - DAG(s) 'file_copy_dag' retrieved from /opt/airflow/dags/file_copy_dag.py
[2024-12-20T05:40:51.740+0000] {logging_mixin.py:190} INFO - [2024-12-20T05:40:51.740+0000] {dag.py:3239} INFO - Sync 1 DAGs
[2024-12-20T05:40:51.776+0000] {logging_mixin.py:190} INFO - [2024-12-20T05:40:51.775+0000] {dag.py:4180} INFO - Setting next_dagrun for file_copy_dag to None, run_after=None
[2024-12-20T05:40:51.860+0000] {processor.py:208} INFO - Processing /opt/airflow/dags/file_copy_dag.py took 0.215 seconds
[2024-12-20T05:41:22.684+0000] {processor.py:186} INFO - Started process (PID=14039) to work on /opt/airflow/dags/file_copy_dag.py
[2024-12-20T05:41:22.685+0000] {processor.py:914} INFO - Processing file /opt/airflow/dags/file_copy_dag.py for tasks to queue
[2024-12-20T05:41:22.689+0000] {logging_mixin.py:190} INFO - [2024-12-20T05:41:22.688+0000] {dagbag.py:588} INFO - Filling up the DagBag from /opt/airflow/dags/file_copy_dag.py
[2024-12-20T05:41:22.707+0000] {processor.py:925} INFO - DAG(s) 'file_copy_dag' retrieved from /opt/airflow/dags/file_copy_dag.py
[2024-12-20T05:41:22.731+0000] {logging_mixin.py:190} INFO - [2024-12-20T05:41:22.731+0000] {dag.py:3239} INFO - Sync 1 DAGs
[2024-12-20T05:41:22.749+0000] {logging_mixin.py:190} INFO - [2024-12-20T05:41:22.748+0000] {dag.py:4180} INFO - Setting next_dagrun for file_copy_dag to None, run_after=None
[2024-12-20T05:41:22.775+0000] {processor.py:208} INFO - Processing /opt/airflow/dags/file_copy_dag.py took 0.100 seconds
[2024-12-20T05:41:53.102+0000] {processor.py:186} INFO - Started process (PID=14105) to work on /opt/airflow/dags/file_copy_dag.py
[2024-12-20T05:41:53.103+0000] {processor.py:914} INFO - Processing file /opt/airflow/dags/file_copy_dag.py for tasks to queue
[2024-12-20T05:41:53.107+0000] {logging_mixin.py:190} INFO - [2024-12-20T05:41:53.107+0000] {dagbag.py:588} INFO - Filling up the DagBag from /opt/airflow/dags/file_copy_dag.py
[2024-12-20T05:41:53.130+0000] {processor.py:925} INFO - DAG(s) 'file_copy_dag' retrieved from /opt/airflow/dags/file_copy_dag.py
[2024-12-20T05:41:53.152+0000] {logging_mixin.py:190} INFO - [2024-12-20T05:41:53.151+0000] {dag.py:3239} INFO - Sync 1 DAGs
[2024-12-20T05:41:53.169+0000] {logging_mixin.py:190} INFO - [2024-12-20T05:41:53.168+0000] {dag.py:4180} INFO - Setting next_dagrun for file_copy_dag to None, run_after=None
[2024-12-20T05:41:53.192+0000] {processor.py:208} INFO - Processing /opt/airflow/dags/file_copy_dag.py took 0.098 seconds
[2024-12-20T05:42:23.722+0000] {processor.py:186} INFO - Started process (PID=14170) to work on /opt/airflow/dags/file_copy_dag.py
[2024-12-20T05:42:23.724+0000] {processor.py:914} INFO - Processing file /opt/airflow/dags/file_copy_dag.py for tasks to queue
[2024-12-20T05:42:23.731+0000] {logging_mixin.py:190} INFO - [2024-12-20T05:42:23.728+0000] {dagbag.py:588} INFO - Filling up the DagBag from /opt/airflow/dags/file_copy_dag.py
[2024-12-20T05:42:23.767+0000] {processor.py:925} INFO - DAG(s) 'file_copy_dag' retrieved from /opt/airflow/dags/file_copy_dag.py
[2024-12-20T05:42:23.803+0000] {logging_mixin.py:190} INFO - [2024-12-20T05:42:23.803+0000] {dag.py:3239} INFO - Sync 1 DAGs
[2024-12-20T05:42:23.830+0000] {logging_mixin.py:190} INFO - [2024-12-20T05:42:23.829+0000] {dag.py:4180} INFO - Setting next_dagrun for file_copy_dag to None, run_after=None
[2024-12-20T05:42:23.902+0000] {processor.py:208} INFO - Processing /opt/airflow/dags/file_copy_dag.py took 0.193 seconds
[2024-12-20T05:42:54.379+0000] {processor.py:186} INFO - Started process (PID=14235) to work on /opt/airflow/dags/file_copy_dag.py
[2024-12-20T05:42:54.381+0000] {processor.py:914} INFO - Processing file /opt/airflow/dags/file_copy_dag.py for tasks to queue
[2024-12-20T05:42:54.389+0000] {logging_mixin.py:190} INFO - [2024-12-20T05:42:54.387+0000] {dagbag.py:588} INFO - Filling up the DagBag from /opt/airflow/dags/file_copy_dag.py
[2024-12-20T05:42:54.445+0000] {processor.py:925} INFO - DAG(s) 'file_copy_dag' retrieved from /opt/airflow/dags/file_copy_dag.py
[2024-12-20T05:42:54.494+0000] {logging_mixin.py:190} INFO - [2024-12-20T05:42:54.494+0000] {dag.py:3239} INFO - Sync 1 DAGs
[2024-12-20T05:42:54.540+0000] {logging_mixin.py:190} INFO - [2024-12-20T05:42:54.540+0000] {dag.py:4180} INFO - Setting next_dagrun for file_copy_dag to None, run_after=None
[2024-12-20T05:42:54.625+0000] {processor.py:208} INFO - Processing /opt/airflow/dags/file_copy_dag.py took 0.267 seconds
[2024-12-20T05:43:24.795+0000] {processor.py:186} INFO - Started process (PID=14300) to work on /opt/airflow/dags/file_copy_dag.py
[2024-12-20T05:43:24.797+0000] {processor.py:914} INFO - Processing file /opt/airflow/dags/file_copy_dag.py for tasks to queue
[2024-12-20T05:43:24.806+0000] {logging_mixin.py:190} INFO - [2024-12-20T05:43:24.804+0000] {dagbag.py:588} INFO - Filling up the DagBag from /opt/airflow/dags/file_copy_dag.py
[2024-12-20T05:43:24.861+0000] {processor.py:925} INFO - DAG(s) 'file_copy_dag' retrieved from /opt/airflow/dags/file_copy_dag.py
[2024-12-20T05:43:24.955+0000] {logging_mixin.py:190} INFO - [2024-12-20T05:43:24.955+0000] {dag.py:3239} INFO - Sync 1 DAGs
[2024-12-20T05:43:25.007+0000] {logging_mixin.py:190} INFO - [2024-12-20T05:43:25.006+0000] {dag.py:4180} INFO - Setting next_dagrun for file_copy_dag to None, run_after=None
[2024-12-20T05:43:25.067+0000] {processor.py:208} INFO - Processing /opt/airflow/dags/file_copy_dag.py took 0.289 seconds
[2024-12-20T05:43:55.432+0000] {processor.py:186} INFO - Started process (PID=14364) to work on /opt/airflow/dags/file_copy_dag.py
[2024-12-20T05:43:55.434+0000] {processor.py:914} INFO - Processing file /opt/airflow/dags/file_copy_dag.py for tasks to queue
[2024-12-20T05:43:55.439+0000] {logging_mixin.py:190} INFO - [2024-12-20T05:43:55.438+0000] {dagbag.py:588} INFO - Filling up the DagBag from /opt/airflow/dags/file_copy_dag.py
[2024-12-20T05:43:55.466+0000] {processor.py:925} INFO - DAG(s) 'file_copy_dag' retrieved from /opt/airflow/dags/file_copy_dag.py
[2024-12-20T05:43:55.494+0000] {logging_mixin.py:190} INFO - [2024-12-20T05:43:55.494+0000] {dag.py:3239} INFO - Sync 1 DAGs
[2024-12-20T05:43:55.518+0000] {logging_mixin.py:190} INFO - [2024-12-20T05:43:55.517+0000] {dag.py:4180} INFO - Setting next_dagrun for file_copy_dag to None, run_after=None
[2024-12-20T05:43:55.555+0000] {processor.py:208} INFO - Processing /opt/airflow/dags/file_copy_dag.py took 0.135 seconds
[2024-12-20T05:44:28.009+0000] {processor.py:186} INFO - Started process (PID=14430) to work on /opt/airflow/dags/file_copy_dag.py
[2024-12-20T05:44:28.012+0000] {processor.py:914} INFO - Processing file /opt/airflow/dags/file_copy_dag.py for tasks to queue
[2024-12-20T05:44:28.021+0000] {logging_mixin.py:190} INFO - [2024-12-20T05:44:28.020+0000] {dagbag.py:588} INFO - Filling up the DagBag from /opt/airflow/dags/file_copy_dag.py
[2024-12-20T05:44:28.065+0000] {processor.py:925} INFO - DAG(s) 'file_copy_dag' retrieved from /opt/airflow/dags/file_copy_dag.py
[2024-12-20T05:44:28.123+0000] {logging_mixin.py:190} INFO - [2024-12-20T05:44:28.123+0000] {dag.py:3239} INFO - Sync 1 DAGs
[2024-12-20T05:44:28.195+0000] {logging_mixin.py:190} INFO - [2024-12-20T05:44:28.194+0000] {dag.py:4180} INFO - Setting next_dagrun for file_copy_dag to None, run_after=None
[2024-12-20T05:44:28.295+0000] {processor.py:208} INFO - Processing /opt/airflow/dags/file_copy_dag.py took 0.308 seconds
[2024-12-20T05:44:59.340+0000] {processor.py:186} INFO - Started process (PID=14495) to work on /opt/airflow/dags/file_copy_dag.py
[2024-12-20T05:44:59.343+0000] {processor.py:914} INFO - Processing file /opt/airflow/dags/file_copy_dag.py for tasks to queue
[2024-12-20T05:44:59.352+0000] {logging_mixin.py:190} INFO - [2024-12-20T05:44:59.351+0000] {dagbag.py:588} INFO - Filling up the DagBag from /opt/airflow/dags/file_copy_dag.py
[2024-12-20T05:44:59.395+0000] {processor.py:925} INFO - DAG(s) 'file_copy_dag' retrieved from /opt/airflow/dags/file_copy_dag.py
[2024-12-20T05:44:59.447+0000] {logging_mixin.py:190} INFO - [2024-12-20T05:44:59.446+0000] {dag.py:3239} INFO - Sync 1 DAGs
[2024-12-20T05:44:59.491+0000] {logging_mixin.py:190} INFO - [2024-12-20T05:44:59.490+0000] {dag.py:4180} INFO - Setting next_dagrun for file_copy_dag to None, run_after=None
[2024-12-20T05:44:59.563+0000] {processor.py:208} INFO - Processing /opt/airflow/dags/file_copy_dag.py took 0.254 seconds
[2024-12-20T05:45:29.807+0000] {processor.py:186} INFO - Started process (PID=14560) to work on /opt/airflow/dags/file_copy_dag.py
[2024-12-20T05:45:29.809+0000] {processor.py:914} INFO - Processing file /opt/airflow/dags/file_copy_dag.py for tasks to queue
[2024-12-20T05:45:29.816+0000] {logging_mixin.py:190} INFO - [2024-12-20T05:45:29.815+0000] {dagbag.py:588} INFO - Filling up the DagBag from /opt/airflow/dags/file_copy_dag.py
[2024-12-20T05:45:29.860+0000] {processor.py:925} INFO - DAG(s) 'file_copy_dag' retrieved from /opt/airflow/dags/file_copy_dag.py
[2024-12-20T05:45:29.890+0000] {logging_mixin.py:190} INFO - [2024-12-20T05:45:29.890+0000] {dag.py:3239} INFO - Sync 1 DAGs
[2024-12-20T05:45:29.916+0000] {logging_mixin.py:190} INFO - [2024-12-20T05:45:29.916+0000] {dag.py:4180} INFO - Setting next_dagrun for file_copy_dag to None, run_after=None
[2024-12-20T05:45:29.949+0000] {processor.py:208} INFO - Processing /opt/airflow/dags/file_copy_dag.py took 0.160 seconds
[2024-12-20T05:46:01.672+0000] {processor.py:186} INFO - Started process (PID=14624) to work on /opt/airflow/dags/file_copy_dag.py
[2024-12-20T05:46:01.676+0000] {processor.py:914} INFO - Processing file /opt/airflow/dags/file_copy_dag.py for tasks to queue
[2024-12-20T05:46:01.688+0000] {logging_mixin.py:190} INFO - [2024-12-20T05:46:01.687+0000] {dagbag.py:588} INFO - Filling up the DagBag from /opt/airflow/dags/file_copy_dag.py
[2024-12-20T05:46:01.754+0000] {processor.py:925} INFO - DAG(s) 'file_copy_dag' retrieved from /opt/airflow/dags/file_copy_dag.py
[2024-12-20T05:46:01.853+0000] {logging_mixin.py:190} INFO - [2024-12-20T05:46:01.852+0000] {dag.py:3239} INFO - Sync 1 DAGs
[2024-12-20T05:46:01.922+0000] {logging_mixin.py:190} INFO - [2024-12-20T05:46:01.921+0000] {dag.py:4180} INFO - Setting next_dagrun for file_copy_dag to None, run_after=None
[2024-12-20T05:46:02.018+0000] {processor.py:208} INFO - Processing /opt/airflow/dags/file_copy_dag.py took 0.381 seconds
[2024-12-20T05:46:32.356+0000] {processor.py:186} INFO - Started process (PID=14689) to work on /opt/airflow/dags/file_copy_dag.py
[2024-12-20T05:46:32.358+0000] {processor.py:914} INFO - Processing file /opt/airflow/dags/file_copy_dag.py for tasks to queue
[2024-12-20T05:46:32.363+0000] {logging_mixin.py:190} INFO - [2024-12-20T05:46:32.362+0000] {dagbag.py:588} INFO - Filling up the DagBag from /opt/airflow/dags/file_copy_dag.py
[2024-12-20T05:46:32.391+0000] {processor.py:925} INFO - DAG(s) 'file_copy_dag' retrieved from /opt/airflow/dags/file_copy_dag.py
[2024-12-20T05:46:32.425+0000] {logging_mixin.py:190} INFO - [2024-12-20T05:46:32.424+0000] {dag.py:3239} INFO - Sync 1 DAGs
[2024-12-20T05:46:32.460+0000] {logging_mixin.py:190} INFO - [2024-12-20T05:46:32.460+0000] {dag.py:4180} INFO - Setting next_dagrun for file_copy_dag to None, run_after=None
[2024-12-20T05:46:32.502+0000] {processor.py:208} INFO - Processing /opt/airflow/dags/file_copy_dag.py took 0.157 seconds
[2024-12-20T05:47:02.755+0000] {processor.py:186} INFO - Started process (PID=14754) to work on /opt/airflow/dags/file_copy_dag.py
[2024-12-20T05:47:02.758+0000] {processor.py:914} INFO - Processing file /opt/airflow/dags/file_copy_dag.py for tasks to queue
[2024-12-20T05:47:02.765+0000] {logging_mixin.py:190} INFO - [2024-12-20T05:47:02.764+0000] {dagbag.py:588} INFO - Filling up the DagBag from /opt/airflow/dags/file_copy_dag.py
[2024-12-20T05:47:02.813+0000] {processor.py:925} INFO - DAG(s) 'file_copy_dag' retrieved from /opt/airflow/dags/file_copy_dag.py
[2024-12-20T05:47:02.860+0000] {logging_mixin.py:190} INFO - [2024-12-20T05:47:02.859+0000] {dag.py:3239} INFO - Sync 1 DAGs
[2024-12-20T05:47:02.899+0000] {logging_mixin.py:190} INFO - [2024-12-20T05:47:02.898+0000] {dag.py:4180} INFO - Setting next_dagrun for file_copy_dag to None, run_after=None
[2024-12-20T05:47:02.984+0000] {processor.py:208} INFO - Processing /opt/airflow/dags/file_copy_dag.py took 0.244 seconds
[2024-12-20T05:47:33.580+0000] {processor.py:186} INFO - Started process (PID=14819) to work on /opt/airflow/dags/file_copy_dag.py
[2024-12-20T05:47:33.586+0000] {processor.py:914} INFO - Processing file /opt/airflow/dags/file_copy_dag.py for tasks to queue
[2024-12-20T05:47:33.601+0000] {logging_mixin.py:190} INFO - [2024-12-20T05:47:33.598+0000] {dagbag.py:588} INFO - Filling up the DagBag from /opt/airflow/dags/file_copy_dag.py
[2024-12-20T05:47:33.703+0000] {processor.py:925} INFO - DAG(s) 'file_copy_dag' retrieved from /opt/airflow/dags/file_copy_dag.py
[2024-12-20T05:47:33.828+0000] {logging_mixin.py:190} INFO - [2024-12-20T05:47:33.827+0000] {dag.py:3239} INFO - Sync 1 DAGs
[2024-12-20T05:47:33.892+0000] {logging_mixin.py:190} INFO - [2024-12-20T05:47:33.892+0000] {dag.py:4180} INFO - Setting next_dagrun for file_copy_dag to None, run_after=None
[2024-12-20T05:47:33.983+0000] {processor.py:208} INFO - Processing /opt/airflow/dags/file_copy_dag.py took 0.432 seconds
[2024-12-20T05:48:10.940+0000] {processor.py:186} INFO - Started process (PID=14879) to work on /opt/airflow/dags/file_copy_dag.py
[2024-12-20T05:48:10.979+0000] {processor.py:914} INFO - Processing file /opt/airflow/dags/file_copy_dag.py for tasks to queue
[2024-12-20T05:48:11.000+0000] {logging_mixin.py:190} INFO - [2024-12-20T05:48:10.999+0000] {dagbag.py:588} INFO - Filling up the DagBag from /opt/airflow/dags/file_copy_dag.py
[2024-12-20T05:48:11.274+0000] {processor.py:925} INFO - DAG(s) 'file_copy_dag' retrieved from /opt/airflow/dags/file_copy_dag.py
[2024-12-20T05:48:11.444+0000] {logging_mixin.py:190} INFO - [2024-12-20T05:48:11.443+0000] {dag.py:3239} INFO - Sync 1 DAGs
[2024-12-20T05:48:11.563+0000] {logging_mixin.py:190} INFO - [2024-12-20T05:48:11.562+0000] {dag.py:4180} INFO - Setting next_dagrun for file_copy_dag to None, run_after=None
[2024-12-20T05:48:11.689+0000] {processor.py:208} INFO - Processing /opt/airflow/dags/file_copy_dag.py took 0.877 seconds
