[2024-12-20T05:47:45.658+0000] {local_task_job_runner.py:123} INFO - ::group::Pre task execution logs
[2024-12-20T05:47:45.721+0000] {taskinstance.py:2613} INFO - Dependencies all met for dep_context=non-requeueable deps ti=<TaskInstance: example_complex.create_entry_group manual__2024-12-20T05:47:38.270017+00:00 [queued]>
[2024-12-20T05:47:45.755+0000] {taskinstance.py:2613} INFO - Dependencies all met for dep_context=requeueable deps ti=<TaskInstance: example_complex.create_entry_group manual__2024-12-20T05:47:38.270017+00:00 [queued]>
[2024-12-20T05:47:45.757+0000] {taskinstance.py:2866} INFO - Starting attempt 1 of 1
[2024-12-20T05:47:45.811+0000] {taskinstance.py:2889} INFO - Executing <Task(BashOperator): create_entry_group> on 2024-12-20 05:47:38.270017+00:00
[2024-12-20T05:47:45.831+0000] {warnings.py:112} WARNING - /home/***/.local/lib/python3.12/site-packages/***/task/task_runner/standard_task_runner.py:70: DeprecationWarning: This process (pid=1500) is multi-threaded, use of fork() may lead to deadlocks in the child.
  pid = os.fork()

[2024-12-20T05:47:45.836+0000] {standard_task_runner.py:72} INFO - Started process 1502 to run task
[2024-12-20T05:47:45.839+0000] {standard_task_runner.py:104} INFO - Running: ['***', 'tasks', 'run', 'example_complex', 'create_entry_group', 'manual__2024-12-20T05:47:38.270017+00:00', '--job-id', '21', '--raw', '--subdir', '/home/***/.local/lib/python3.12/site-packages/***/example_dags/example_complex.py', '--cfg-path', '/tmp/tmp04c1vpj9']
[2024-12-20T05:47:45.843+0000] {standard_task_runner.py:105} INFO - Job 21: Subtask create_entry_group
[2024-12-20T05:47:46.659+0000] {task_command.py:467} INFO - Running <TaskInstance: example_complex.create_entry_group manual__2024-12-20T05:47:38.270017+00:00 [running]> on host 87cacb862745
[2024-12-20T05:47:47.324+0000] {taskinstance.py:3132} INFO - Exporting env vars: AIRFLOW_CTX_DAG_OWNER='***' AIRFLOW_CTX_DAG_ID='example_complex' AIRFLOW_CTX_TASK_ID='create_entry_group' AIRFLOW_CTX_EXECUTION_DATE='2024-12-20T05:47:38.270017+00:00' AIRFLOW_CTX_TRY_NUMBER='1' AIRFLOW_CTX_DAG_RUN_ID='manual__2024-12-20T05:47:38.270017+00:00'
[2024-12-20T05:47:47.328+0000] {logging_mixin.py:190} INFO - Task instance is in running state
[2024-12-20T05:47:47.330+0000] {logging_mixin.py:190} INFO -  Previous state of the Task instance: queued
[2024-12-20T05:47:47.335+0000] {logging_mixin.py:190} INFO - Current task name:create_entry_group state:running start_date:2024-12-20 05:47:45.723659+00:00
[2024-12-20T05:47:47.338+0000] {logging_mixin.py:190} INFO - Dag name:example_complex and current dag run status:running
[2024-12-20T05:47:47.341+0000] {taskinstance.py:731} INFO - ::endgroup::
[2024-12-20T05:47:47.346+0000] {subprocess.py:78} INFO - Tmp dir root location: /tmp
[2024-12-20T05:47:47.354+0000] {subprocess.py:88} INFO - Running command: ['/usr/bin/bash', '-c', 'echo create_entry_group']
[2024-12-20T05:47:47.509+0000] {subprocess.py:99} INFO - Output:
[2024-12-20T05:47:47.590+0000] {subprocess.py:106} INFO - create_entry_group
[2024-12-20T05:47:47.593+0000] {subprocess.py:110} INFO - Command exited with return code 0
[2024-12-20T05:47:47.850+0000] {taskinstance.py:340} INFO - ::group::Post task execution logs
[2024-12-20T05:47:47.854+0000] {taskinstance.py:352} INFO - Marking task as SUCCESS. dag_id=example_complex, task_id=create_entry_group, run_id=manual__2024-12-20T05:47:38.270017+00:00, execution_date=20241220T054738, start_date=20241220T054745, end_date=20241220T054747
[2024-12-20T05:47:47.920+0000] {logging_mixin.py:190} INFO - Task instance in success state
[2024-12-20T05:47:47.922+0000] {logging_mixin.py:190} INFO -  Previous state of the Task instance: running
[2024-12-20T05:47:47.924+0000] {logging_mixin.py:190} INFO - Dag name:example_complex queued_at:2024-12-20 05:47:38.368647+00:00
[2024-12-20T05:47:47.926+0000] {logging_mixin.py:190} INFO - Task hostname:87cacb862745 operator:BashOperator
[2024-12-20T05:47:48.008+0000] {local_task_job_runner.py:266} INFO - Task exited with return code 0
[2024-12-20T05:47:48.068+0000] {local_task_job_runner.py:245} INFO - ::endgroup::
