[2024-12-20T05:48:02.762+0000] {local_task_job_runner.py:123} INFO - ::group::Pre task execution logs
[2024-12-20T05:48:02.916+0000] {taskinstance.py:2613} INFO - Dependencies all met for dep_context=non-requeueable deps ti=<TaskInstance: example_complex.create_entry_gcs manual__2024-12-20T05:47:38.270017+00:00 [queued]>
[2024-12-20T05:48:03.015+0000] {taskinstance.py:2613} INFO - Dependencies all met for dep_context=requeueable deps ti=<TaskInstance: example_complex.create_entry_gcs manual__2024-12-20T05:47:38.270017+00:00 [queued]>
[2024-12-20T05:48:03.019+0000] {taskinstance.py:2866} INFO - Starting attempt 1 of 1
[2024-12-20T05:48:03.224+0000] {taskinstance.py:2889} INFO - Executing <Task(BashOperator): create_entry_gcs> on 2024-12-20 05:47:38.270017+00:00
[2024-12-20T05:48:03.270+0000] {warnings.py:112} WARNING - /home/***/.local/lib/python3.12/site-packages/***/task/task_runner/standard_task_runner.py:70: DeprecationWarning: This process (pid=1505) is multi-threaded, use of fork() may lead to deadlocks in the child.
  pid = os.fork()

[2024-12-20T05:48:03.289+0000] {standard_task_runner.py:104} INFO - Running: ['***', 'tasks', 'run', 'example_complex', 'create_entry_gcs', 'manual__2024-12-20T05:47:38.270017+00:00', '--job-id', '22', '--raw', '--subdir', '/home/***/.local/lib/python3.12/site-packages/***/example_dags/example_complex.py', '--cfg-path', '/tmp/tmp1udxhp4s']
[2024-12-20T05:48:03.299+0000] {standard_task_runner.py:105} INFO - Job 22: Subtask create_entry_gcs
[2024-12-20T05:48:03.292+0000] {standard_task_runner.py:72} INFO - Started process 1520 to run task
[2024-12-20T05:48:05.882+0000] {task_command.py:467} INFO - Running <TaskInstance: example_complex.create_entry_gcs manual__2024-12-20T05:47:38.270017+00:00 [running]> on host 87cacb862745
[2024-12-20T05:48:06.994+0000] {taskinstance.py:3132} INFO - Exporting env vars: AIRFLOW_CTX_DAG_OWNER='***' AIRFLOW_CTX_DAG_ID='example_complex' AIRFLOW_CTX_TASK_ID='create_entry_gcs' AIRFLOW_CTX_EXECUTION_DATE='2024-12-20T05:47:38.270017+00:00' AIRFLOW_CTX_TRY_NUMBER='1' AIRFLOW_CTX_DAG_RUN_ID='manual__2024-12-20T05:47:38.270017+00:00'
[2024-12-20T05:48:07.037+0000] {logging_mixin.py:190} INFO - Task instance is in running state
[2024-12-20T05:48:07.041+0000] {logging_mixin.py:190} INFO -  Previous state of the Task instance: queued
[2024-12-20T05:48:07.050+0000] {logging_mixin.py:190} INFO - Current task name:create_entry_gcs state:running start_date:2024-12-20 05:48:02.927420+00:00
[2024-12-20T05:48:07.056+0000] {logging_mixin.py:190} INFO - Dag name:example_complex and current dag run status:running
[2024-12-20T05:48:07.063+0000] {taskinstance.py:731} INFO - ::endgroup::
[2024-12-20T05:48:07.124+0000] {subprocess.py:78} INFO - Tmp dir root location: /tmp
[2024-12-20T05:48:07.185+0000] {subprocess.py:88} INFO - Running command: ['/usr/bin/bash', '-c', 'echo create_entry_gcs']
[2024-12-20T05:48:07.291+0000] {subprocess.py:99} INFO - Output:
[2024-12-20T05:48:07.368+0000] {subprocess.py:106} INFO - create_entry_gcs
[2024-12-20T05:48:07.381+0000] {subprocess.py:110} INFO - Command exited with return code 0
[2024-12-20T05:48:07.946+0000] {taskinstance.py:340} INFO - ::group::Post task execution logs
[2024-12-20T05:48:07.955+0000] {taskinstance.py:352} INFO - Marking task as SUCCESS. dag_id=example_complex, task_id=create_entry_gcs, run_id=manual__2024-12-20T05:47:38.270017+00:00, execution_date=20241220T054738, start_date=20241220T054802, end_date=20241220T054807
[2024-12-20T05:48:08.129+0000] {logging_mixin.py:190} INFO - Task instance in success state
[2024-12-20T05:48:08.137+0000] {logging_mixin.py:190} INFO -  Previous state of the Task instance: running
[2024-12-20T05:48:08.158+0000] {logging_mixin.py:190} INFO - Dag name:example_complex queued_at:2024-12-20 05:47:38.368647+00:00
[2024-12-20T05:48:08.167+0000] {logging_mixin.py:190} INFO - Task hostname:87cacb862745 operator:BashOperator
[2024-12-20T05:48:09.988+0000] {local_task_job_runner.py:266} INFO - Task exited with return code 0
[2024-12-20T05:48:10.495+0000] {taskinstance.py:3895} INFO - 0 downstream tasks scheduled from follow-on schedule check
[2024-12-20T05:48:10.542+0000] {local_task_job_runner.py:245} INFO - ::endgroup::
