[2024-12-20T05:29:11.066+0000] {processor.py:186} INFO - Started process (PID=12549) to work on /home/airflow/.local/lib/python3.12/site-packages/airflow/example_dags/example_latest_only_with_trigger.py
[2024-12-20T05:29:11.071+0000] {processor.py:914} INFO - Processing file /home/airflow/.local/lib/python3.12/site-packages/airflow/example_dags/example_latest_only_with_trigger.py for tasks to queue
[2024-12-20T05:29:11.094+0000] {logging_mixin.py:190} INFO - [2024-12-20T05:29:11.092+0000] {dagbag.py:588} INFO - Filling up the DagBag from /home/airflow/.local/lib/python3.12/site-packages/airflow/example_dags/example_latest_only_with_trigger.py
[2024-12-20T05:29:11.162+0000] {processor.py:925} INFO - DAG(s) 'latest_only_with_trigger' retrieved from /home/airflow/.local/lib/python3.12/site-packages/airflow/example_dags/example_latest_only_with_trigger.py
[2024-12-20T05:29:11.271+0000] {logging_mixin.py:190} INFO - [2024-12-20T05:29:11.270+0000] {dag.py:3239} INFO - Sync 1 DAGs
[2024-12-20T05:29:11.458+0000] {logging_mixin.py:190} INFO - [2024-12-20T05:29:11.457+0000] {dag.py:4180} INFO - Setting next_dagrun for latest_only_with_trigger to 2024-12-20 00:00:00+00:00, run_after=2024-12-20 04:00:00+00:00
[2024-12-20T05:29:11.560+0000] {processor.py:208} INFO - Processing /home/airflow/.local/lib/python3.12/site-packages/airflow/example_dags/example_latest_only_with_trigger.py took 0.535 seconds
[2024-12-20T05:29:43.581+0000] {processor.py:186} INFO - Started process (PID=12614) to work on /home/airflow/.local/lib/python3.12/site-packages/airflow/example_dags/example_latest_only_with_trigger.py
[2024-12-20T05:29:43.585+0000] {processor.py:914} INFO - Processing file /home/airflow/.local/lib/python3.12/site-packages/airflow/example_dags/example_latest_only_with_trigger.py for tasks to queue
[2024-12-20T05:29:43.595+0000] {logging_mixin.py:190} INFO - [2024-12-20T05:29:43.593+0000] {dagbag.py:588} INFO - Filling up the DagBag from /home/airflow/.local/lib/python3.12/site-packages/airflow/example_dags/example_latest_only_with_trigger.py
[2024-12-20T05:29:43.620+0000] {processor.py:925} INFO - DAG(s) 'latest_only_with_trigger' retrieved from /home/airflow/.local/lib/python3.12/site-packages/airflow/example_dags/example_latest_only_with_trigger.py
[2024-12-20T05:29:43.695+0000] {logging_mixin.py:190} INFO - [2024-12-20T05:29:43.694+0000] {dag.py:3239} INFO - Sync 1 DAGs
[2024-12-20T05:29:43.786+0000] {logging_mixin.py:190} INFO - [2024-12-20T05:29:43.786+0000] {dag.py:4180} INFO - Setting next_dagrun for latest_only_with_trigger to 2024-12-20 00:00:00+00:00, run_after=2024-12-20 04:00:00+00:00
[2024-12-20T05:29:43.858+0000] {processor.py:208} INFO - Processing /home/airflow/.local/lib/python3.12/site-packages/airflow/example_dags/example_latest_only_with_trigger.py took 0.300 seconds
[2024-12-20T05:30:14.373+0000] {processor.py:186} INFO - Started process (PID=12680) to work on /home/airflow/.local/lib/python3.12/site-packages/airflow/example_dags/example_latest_only_with_trigger.py
[2024-12-20T05:30:14.375+0000] {processor.py:914} INFO - Processing file /home/airflow/.local/lib/python3.12/site-packages/airflow/example_dags/example_latest_only_with_trigger.py for tasks to queue
[2024-12-20T05:30:14.384+0000] {logging_mixin.py:190} INFO - [2024-12-20T05:30:14.383+0000] {dagbag.py:588} INFO - Filling up the DagBag from /home/airflow/.local/lib/python3.12/site-packages/airflow/example_dags/example_latest_only_with_trigger.py
[2024-12-20T05:30:14.415+0000] {processor.py:925} INFO - DAG(s) 'latest_only_with_trigger' retrieved from /home/airflow/.local/lib/python3.12/site-packages/airflow/example_dags/example_latest_only_with_trigger.py
[2024-12-20T05:30:14.480+0000] {logging_mixin.py:190} INFO - [2024-12-20T05:30:14.479+0000] {dag.py:3239} INFO - Sync 1 DAGs
[2024-12-20T05:30:14.565+0000] {logging_mixin.py:190} INFO - [2024-12-20T05:30:14.565+0000] {dag.py:4180} INFO - Setting next_dagrun for latest_only_with_trigger to 2024-12-20 00:00:00+00:00, run_after=2024-12-20 04:00:00+00:00
[2024-12-20T05:30:14.628+0000] {processor.py:208} INFO - Processing /home/airflow/.local/lib/python3.12/site-packages/airflow/example_dags/example_latest_only_with_trigger.py took 0.277 seconds
[2024-12-20T05:30:46.344+0000] {processor.py:186} INFO - Started process (PID=12745) to work on /home/airflow/.local/lib/python3.12/site-packages/airflow/example_dags/example_latest_only_with_trigger.py
[2024-12-20T05:30:46.347+0000] {processor.py:914} INFO - Processing file /home/airflow/.local/lib/python3.12/site-packages/airflow/example_dags/example_latest_only_with_trigger.py for tasks to queue
[2024-12-20T05:30:46.354+0000] {logging_mixin.py:190} INFO - [2024-12-20T05:30:46.353+0000] {dagbag.py:588} INFO - Filling up the DagBag from /home/airflow/.local/lib/python3.12/site-packages/airflow/example_dags/example_latest_only_with_trigger.py
[2024-12-20T05:30:46.376+0000] {processor.py:925} INFO - DAG(s) 'latest_only_with_trigger' retrieved from /home/airflow/.local/lib/python3.12/site-packages/airflow/example_dags/example_latest_only_with_trigger.py
[2024-12-20T05:30:46.432+0000] {logging_mixin.py:190} INFO - [2024-12-20T05:30:46.431+0000] {dag.py:3239} INFO - Sync 1 DAGs
[2024-12-20T05:30:46.497+0000] {logging_mixin.py:190} INFO - [2024-12-20T05:30:46.497+0000] {dag.py:4180} INFO - Setting next_dagrun for latest_only_with_trigger to 2024-12-20 00:00:00+00:00, run_after=2024-12-20 04:00:00+00:00
[2024-12-20T05:30:46.550+0000] {processor.py:208} INFO - Processing /home/airflow/.local/lib/python3.12/site-packages/airflow/example_dags/example_latest_only_with_trigger.py took 0.222 seconds
[2024-12-20T05:31:18.553+0000] {processor.py:186} INFO - Started process (PID=12810) to work on /home/airflow/.local/lib/python3.12/site-packages/airflow/example_dags/example_latest_only_with_trigger.py
[2024-12-20T05:31:18.558+0000] {processor.py:914} INFO - Processing file /home/airflow/.local/lib/python3.12/site-packages/airflow/example_dags/example_latest_only_with_trigger.py for tasks to queue
[2024-12-20T05:31:18.570+0000] {logging_mixin.py:190} INFO - [2024-12-20T05:31:18.569+0000] {dagbag.py:588} INFO - Filling up the DagBag from /home/airflow/.local/lib/python3.12/site-packages/airflow/example_dags/example_latest_only_with_trigger.py
[2024-12-20T05:31:18.608+0000] {processor.py:925} INFO - DAG(s) 'latest_only_with_trigger' retrieved from /home/airflow/.local/lib/python3.12/site-packages/airflow/example_dags/example_latest_only_with_trigger.py
[2024-12-20T05:31:18.732+0000] {logging_mixin.py:190} INFO - [2024-12-20T05:31:18.731+0000] {dag.py:3239} INFO - Sync 1 DAGs
[2024-12-20T05:31:18.940+0000] {logging_mixin.py:190} INFO - [2024-12-20T05:31:18.939+0000] {dag.py:4180} INFO - Setting next_dagrun for latest_only_with_trigger to 2024-12-20 00:00:00+00:00, run_after=2024-12-20 04:00:00+00:00
[2024-12-20T05:31:19.070+0000] {processor.py:208} INFO - Processing /home/airflow/.local/lib/python3.12/site-packages/airflow/example_dags/example_latest_only_with_trigger.py took 0.544 seconds
[2024-12-20T05:31:49.839+0000] {processor.py:186} INFO - Started process (PID=12875) to work on /home/airflow/.local/lib/python3.12/site-packages/airflow/example_dags/example_latest_only_with_trigger.py
[2024-12-20T05:31:49.842+0000] {processor.py:914} INFO - Processing file /home/airflow/.local/lib/python3.12/site-packages/airflow/example_dags/example_latest_only_with_trigger.py for tasks to queue
[2024-12-20T05:31:49.847+0000] {logging_mixin.py:190} INFO - [2024-12-20T05:31:49.846+0000] {dagbag.py:588} INFO - Filling up the DagBag from /home/airflow/.local/lib/python3.12/site-packages/airflow/example_dags/example_latest_only_with_trigger.py
[2024-12-20T05:31:49.865+0000] {processor.py:925} INFO - DAG(s) 'latest_only_with_trigger' retrieved from /home/airflow/.local/lib/python3.12/site-packages/airflow/example_dags/example_latest_only_with_trigger.py
[2024-12-20T05:31:49.910+0000] {logging_mixin.py:190} INFO - [2024-12-20T05:31:49.910+0000] {dag.py:3239} INFO - Sync 1 DAGs
[2024-12-20T05:31:49.960+0000] {logging_mixin.py:190} INFO - [2024-12-20T05:31:49.960+0000] {dag.py:4180} INFO - Setting next_dagrun for latest_only_with_trigger to 2024-12-20 00:00:00+00:00, run_after=2024-12-20 04:00:00+00:00
[2024-12-20T05:31:50.035+0000] {processor.py:208} INFO - Processing /home/airflow/.local/lib/python3.12/site-packages/airflow/example_dags/example_latest_only_with_trigger.py took 0.212 seconds
[2024-12-20T05:32:25.096+0000] {processor.py:186} INFO - Started process (PID=12940) to work on /home/airflow/.local/lib/python3.12/site-packages/airflow/example_dags/example_latest_only_with_trigger.py
[2024-12-20T05:32:25.100+0000] {processor.py:914} INFO - Processing file /home/airflow/.local/lib/python3.12/site-packages/airflow/example_dags/example_latest_only_with_trigger.py for tasks to queue
[2024-12-20T05:32:25.114+0000] {logging_mixin.py:190} INFO - [2024-12-20T05:32:25.111+0000] {dagbag.py:588} INFO - Filling up the DagBag from /home/airflow/.local/lib/python3.12/site-packages/airflow/example_dags/example_latest_only_with_trigger.py
[2024-12-20T05:32:25.148+0000] {processor.py:925} INFO - DAG(s) 'latest_only_with_trigger' retrieved from /home/airflow/.local/lib/python3.12/site-packages/airflow/example_dags/example_latest_only_with_trigger.py
[2024-12-20T05:32:25.206+0000] {logging_mixin.py:190} INFO - [2024-12-20T05:32:25.205+0000] {dag.py:3239} INFO - Sync 1 DAGs
[2024-12-20T05:32:25.276+0000] {logging_mixin.py:190} INFO - [2024-12-20T05:32:25.275+0000] {dag.py:4180} INFO - Setting next_dagrun for latest_only_with_trigger to 2024-12-20 00:00:00+00:00, run_after=2024-12-20 04:00:00+00:00
[2024-12-20T05:32:25.327+0000] {processor.py:208} INFO - Processing /home/airflow/.local/lib/python3.12/site-packages/airflow/example_dags/example_latest_only_with_trigger.py took 0.256 seconds
[2024-12-20T05:32:56.054+0000] {processor.py:186} INFO - Started process (PID=13005) to work on /home/airflow/.local/lib/python3.12/site-packages/airflow/example_dags/example_latest_only_with_trigger.py
[2024-12-20T05:32:56.056+0000] {processor.py:914} INFO - Processing file /home/airflow/.local/lib/python3.12/site-packages/airflow/example_dags/example_latest_only_with_trigger.py for tasks to queue
[2024-12-20T05:32:56.062+0000] {logging_mixin.py:190} INFO - [2024-12-20T05:32:56.061+0000] {dagbag.py:588} INFO - Filling up the DagBag from /home/airflow/.local/lib/python3.12/site-packages/airflow/example_dags/example_latest_only_with_trigger.py
[2024-12-20T05:32:56.078+0000] {processor.py:925} INFO - DAG(s) 'latest_only_with_trigger' retrieved from /home/airflow/.local/lib/python3.12/site-packages/airflow/example_dags/example_latest_only_with_trigger.py
[2024-12-20T05:32:56.126+0000] {logging_mixin.py:190} INFO - [2024-12-20T05:32:56.125+0000] {dag.py:3239} INFO - Sync 1 DAGs
[2024-12-20T05:32:56.191+0000] {logging_mixin.py:190} INFO - [2024-12-20T05:32:56.191+0000] {dag.py:4180} INFO - Setting next_dagrun for latest_only_with_trigger to 2024-12-20 00:00:00+00:00, run_after=2024-12-20 04:00:00+00:00
[2024-12-20T05:32:56.254+0000] {processor.py:208} INFO - Processing /home/airflow/.local/lib/python3.12/site-packages/airflow/example_dags/example_latest_only_with_trigger.py took 0.213 seconds
[2024-12-20T05:33:28.118+0000] {processor.py:186} INFO - Started process (PID=13070) to work on /home/airflow/.local/lib/python3.12/site-packages/airflow/example_dags/example_latest_only_with_trigger.py
[2024-12-20T05:33:28.120+0000] {processor.py:914} INFO - Processing file /home/airflow/.local/lib/python3.12/site-packages/airflow/example_dags/example_latest_only_with_trigger.py for tasks to queue
[2024-12-20T05:33:28.126+0000] {logging_mixin.py:190} INFO - [2024-12-20T05:33:28.126+0000] {dagbag.py:588} INFO - Filling up the DagBag from /home/airflow/.local/lib/python3.12/site-packages/airflow/example_dags/example_latest_only_with_trigger.py
[2024-12-20T05:33:28.143+0000] {processor.py:925} INFO - DAG(s) 'latest_only_with_trigger' retrieved from /home/airflow/.local/lib/python3.12/site-packages/airflow/example_dags/example_latest_only_with_trigger.py
[2024-12-20T05:33:28.186+0000] {logging_mixin.py:190} INFO - [2024-12-20T05:33:28.186+0000] {dag.py:3239} INFO - Sync 1 DAGs
[2024-12-20T05:33:28.235+0000] {logging_mixin.py:190} INFO - [2024-12-20T05:33:28.234+0000] {dag.py:4180} INFO - Setting next_dagrun for latest_only_with_trigger to 2024-12-20 00:00:00+00:00, run_after=2024-12-20 04:00:00+00:00
[2024-12-20T05:33:28.273+0000] {processor.py:208} INFO - Processing /home/airflow/.local/lib/python3.12/site-packages/airflow/example_dags/example_latest_only_with_trigger.py took 0.169 seconds
[2024-12-20T05:34:04.594+0000] {processor.py:186} INFO - Started process (PID=13142) to work on /home/airflow/.local/lib/python3.12/site-packages/airflow/example_dags/example_latest_only_with_trigger.py
[2024-12-20T05:34:04.607+0000] {processor.py:914} INFO - Processing file /home/airflow/.local/lib/python3.12/site-packages/airflow/example_dags/example_latest_only_with_trigger.py for tasks to queue
[2024-12-20T05:34:04.627+0000] {logging_mixin.py:190} INFO - [2024-12-20T05:34:04.626+0000] {dagbag.py:588} INFO - Filling up the DagBag from /home/airflow/.local/lib/python3.12/site-packages/airflow/example_dags/example_latest_only_with_trigger.py
[2024-12-20T05:34:04.676+0000] {processor.py:925} INFO - DAG(s) 'latest_only_with_trigger' retrieved from /home/airflow/.local/lib/python3.12/site-packages/airflow/example_dags/example_latest_only_with_trigger.py
[2024-12-20T05:34:04.787+0000] {logging_mixin.py:190} INFO - [2024-12-20T05:34:04.785+0000] {dag.py:3239} INFO - Sync 1 DAGs
[2024-12-20T05:34:04.910+0000] {logging_mixin.py:190} INFO - [2024-12-20T05:34:04.909+0000] {dag.py:4180} INFO - Setting next_dagrun for latest_only_with_trigger to 2024-12-20 00:00:00+00:00, run_after=2024-12-20 04:00:00+00:00
[2024-12-20T05:34:04.982+0000] {processor.py:208} INFO - Processing /home/airflow/.local/lib/python3.12/site-packages/airflow/example_dags/example_latest_only_with_trigger.py took 0.454 seconds
[2024-12-20T05:34:35.859+0000] {processor.py:186} INFO - Started process (PID=13207) to work on /home/airflow/.local/lib/python3.12/site-packages/airflow/example_dags/example_latest_only_with_trigger.py
[2024-12-20T05:34:35.863+0000] {processor.py:914} INFO - Processing file /home/airflow/.local/lib/python3.12/site-packages/airflow/example_dags/example_latest_only_with_trigger.py for tasks to queue
[2024-12-20T05:34:35.880+0000] {logging_mixin.py:190} INFO - [2024-12-20T05:34:35.879+0000] {dagbag.py:588} INFO - Filling up the DagBag from /home/airflow/.local/lib/python3.12/site-packages/airflow/example_dags/example_latest_only_with_trigger.py
[2024-12-20T05:34:35.959+0000] {processor.py:925} INFO - DAG(s) 'latest_only_with_trigger' retrieved from /home/airflow/.local/lib/python3.12/site-packages/airflow/example_dags/example_latest_only_with_trigger.py
[2024-12-20T05:34:36.126+0000] {logging_mixin.py:190} INFO - [2024-12-20T05:34:36.125+0000] {dag.py:3239} INFO - Sync 1 DAGs
[2024-12-20T05:34:36.221+0000] {logging_mixin.py:190} INFO - [2024-12-20T05:34:36.221+0000] {dag.py:4180} INFO - Setting next_dagrun for latest_only_with_trigger to 2024-12-20 00:00:00+00:00, run_after=2024-12-20 04:00:00+00:00
[2024-12-20T05:34:36.286+0000] {processor.py:208} INFO - Processing /home/airflow/.local/lib/python3.12/site-packages/airflow/example_dags/example_latest_only_with_trigger.py took 0.469 seconds
[2024-12-20T05:35:08.693+0000] {processor.py:186} INFO - Started process (PID=13274) to work on /home/airflow/.local/lib/python3.12/site-packages/airflow/example_dags/example_latest_only_with_trigger.py
[2024-12-20T05:35:08.696+0000] {processor.py:914} INFO - Processing file /home/airflow/.local/lib/python3.12/site-packages/airflow/example_dags/example_latest_only_with_trigger.py for tasks to queue
[2024-12-20T05:35:08.706+0000] {logging_mixin.py:190} INFO - [2024-12-20T05:35:08.705+0000] {dagbag.py:588} INFO - Filling up the DagBag from /home/airflow/.local/lib/python3.12/site-packages/airflow/example_dags/example_latest_only_with_trigger.py
[2024-12-20T05:35:08.740+0000] {processor.py:925} INFO - DAG(s) 'latest_only_with_trigger' retrieved from /home/airflow/.local/lib/python3.12/site-packages/airflow/example_dags/example_latest_only_with_trigger.py
[2024-12-20T05:35:08.802+0000] {logging_mixin.py:190} INFO - [2024-12-20T05:35:08.801+0000] {dag.py:3239} INFO - Sync 1 DAGs
[2024-12-20T05:35:08.884+0000] {logging_mixin.py:190} INFO - [2024-12-20T05:35:08.883+0000] {dag.py:4180} INFO - Setting next_dagrun for latest_only_with_trigger to 2024-12-20 00:00:00+00:00, run_after=2024-12-20 04:00:00+00:00
[2024-12-20T05:35:08.978+0000] {processor.py:208} INFO - Processing /home/airflow/.local/lib/python3.12/site-packages/airflow/example_dags/example_latest_only_with_trigger.py took 0.312 seconds
[2024-12-20T05:35:40.053+0000] {processor.py:186} INFO - Started process (PID=13339) to work on /home/airflow/.local/lib/python3.12/site-packages/airflow/example_dags/example_latest_only_with_trigger.py
[2024-12-20T05:35:40.056+0000] {processor.py:914} INFO - Processing file /home/airflow/.local/lib/python3.12/site-packages/airflow/example_dags/example_latest_only_with_trigger.py for tasks to queue
[2024-12-20T05:35:40.065+0000] {logging_mixin.py:190} INFO - [2024-12-20T05:35:40.064+0000] {dagbag.py:588} INFO - Filling up the DagBag from /home/airflow/.local/lib/python3.12/site-packages/airflow/example_dags/example_latest_only_with_trigger.py
[2024-12-20T05:35:40.095+0000] {processor.py:925} INFO - DAG(s) 'latest_only_with_trigger' retrieved from /home/airflow/.local/lib/python3.12/site-packages/airflow/example_dags/example_latest_only_with_trigger.py
[2024-12-20T05:35:40.190+0000] {logging_mixin.py:190} INFO - [2024-12-20T05:35:40.189+0000] {dag.py:3239} INFO - Sync 1 DAGs
[2024-12-20T05:35:40.334+0000] {logging_mixin.py:190} INFO - [2024-12-20T05:35:40.334+0000] {dag.py:4180} INFO - Setting next_dagrun for latest_only_with_trigger to 2024-12-20 00:00:00+00:00, run_after=2024-12-20 04:00:00+00:00
[2024-12-20T05:35:40.441+0000] {processor.py:208} INFO - Processing /home/airflow/.local/lib/python3.12/site-packages/airflow/example_dags/example_latest_only_with_trigger.py took 0.408 seconds
[2024-12-20T05:36:12.514+0000] {processor.py:186} INFO - Started process (PID=13404) to work on /home/airflow/.local/lib/python3.12/site-packages/airflow/example_dags/example_latest_only_with_trigger.py
[2024-12-20T05:36:12.517+0000] {processor.py:914} INFO - Processing file /home/airflow/.local/lib/python3.12/site-packages/airflow/example_dags/example_latest_only_with_trigger.py for tasks to queue
[2024-12-20T05:36:12.526+0000] {logging_mixin.py:190} INFO - [2024-12-20T05:36:12.525+0000] {dagbag.py:588} INFO - Filling up the DagBag from /home/airflow/.local/lib/python3.12/site-packages/airflow/example_dags/example_latest_only_with_trigger.py
[2024-12-20T05:36:12.552+0000] {processor.py:925} INFO - DAG(s) 'latest_only_with_trigger' retrieved from /home/airflow/.local/lib/python3.12/site-packages/airflow/example_dags/example_latest_only_with_trigger.py
[2024-12-20T05:36:12.613+0000] {logging_mixin.py:190} INFO - [2024-12-20T05:36:12.613+0000] {dag.py:3239} INFO - Sync 1 DAGs
[2024-12-20T05:36:12.693+0000] {logging_mixin.py:190} INFO - [2024-12-20T05:36:12.692+0000] {dag.py:4180} INFO - Setting next_dagrun for latest_only_with_trigger to 2024-12-20 00:00:00+00:00, run_after=2024-12-20 04:00:00+00:00
[2024-12-20T05:36:12.749+0000] {processor.py:208} INFO - Processing /home/airflow/.local/lib/python3.12/site-packages/airflow/example_dags/example_latest_only_with_trigger.py took 0.256 seconds
[2024-12-20T05:36:43.407+0000] {processor.py:186} INFO - Started process (PID=13469) to work on /home/airflow/.local/lib/python3.12/site-packages/airflow/example_dags/example_latest_only_with_trigger.py
[2024-12-20T05:36:43.410+0000] {processor.py:914} INFO - Processing file /home/airflow/.local/lib/python3.12/site-packages/airflow/example_dags/example_latest_only_with_trigger.py for tasks to queue
[2024-12-20T05:36:43.419+0000] {logging_mixin.py:190} INFO - [2024-12-20T05:36:43.417+0000] {dagbag.py:588} INFO - Filling up the DagBag from /home/airflow/.local/lib/python3.12/site-packages/airflow/example_dags/example_latest_only_with_trigger.py
[2024-12-20T05:36:43.454+0000] {processor.py:925} INFO - DAG(s) 'latest_only_with_trigger' retrieved from /home/airflow/.local/lib/python3.12/site-packages/airflow/example_dags/example_latest_only_with_trigger.py
[2024-12-20T05:36:43.537+0000] {logging_mixin.py:190} INFO - [2024-12-20T05:36:43.536+0000] {dag.py:3239} INFO - Sync 1 DAGs
[2024-12-20T05:36:43.629+0000] {logging_mixin.py:190} INFO - [2024-12-20T05:36:43.629+0000] {dag.py:4180} INFO - Setting next_dagrun for latest_only_with_trigger to 2024-12-20 00:00:00+00:00, run_after=2024-12-20 04:00:00+00:00
[2024-12-20T05:36:43.694+0000] {processor.py:208} INFO - Processing /home/airflow/.local/lib/python3.12/site-packages/airflow/example_dags/example_latest_only_with_trigger.py took 0.310 seconds
[2024-12-20T05:37:17.057+0000] {processor.py:186} INFO - Started process (PID=13535) to work on /home/airflow/.local/lib/python3.12/site-packages/airflow/example_dags/example_latest_only_with_trigger.py
[2024-12-20T05:37:17.059+0000] {processor.py:914} INFO - Processing file /home/airflow/.local/lib/python3.12/site-packages/airflow/example_dags/example_latest_only_with_trigger.py for tasks to queue
[2024-12-20T05:37:17.065+0000] {logging_mixin.py:190} INFO - [2024-12-20T05:37:17.065+0000] {dagbag.py:588} INFO - Filling up the DagBag from /home/airflow/.local/lib/python3.12/site-packages/airflow/example_dags/example_latest_only_with_trigger.py
[2024-12-20T05:37:17.085+0000] {processor.py:925} INFO - DAG(s) 'latest_only_with_trigger' retrieved from /home/airflow/.local/lib/python3.12/site-packages/airflow/example_dags/example_latest_only_with_trigger.py
[2024-12-20T05:37:17.134+0000] {logging_mixin.py:190} INFO - [2024-12-20T05:37:17.133+0000] {dag.py:3239} INFO - Sync 1 DAGs
[2024-12-20T05:37:17.192+0000] {logging_mixin.py:190} INFO - [2024-12-20T05:37:17.192+0000] {dag.py:4180} INFO - Setting next_dagrun for latest_only_with_trigger to 2024-12-20 00:00:00+00:00, run_after=2024-12-20 04:00:00+00:00
[2024-12-20T05:37:17.238+0000] {processor.py:208} INFO - Processing /home/airflow/.local/lib/python3.12/site-packages/airflow/example_dags/example_latest_only_with_trigger.py took 0.198 seconds
[2024-12-20T05:37:48.319+0000] {processor.py:186} INFO - Started process (PID=13600) to work on /home/airflow/.local/lib/python3.12/site-packages/airflow/example_dags/example_latest_only_with_trigger.py
[2024-12-20T05:37:48.323+0000] {processor.py:914} INFO - Processing file /home/airflow/.local/lib/python3.12/site-packages/airflow/example_dags/example_latest_only_with_trigger.py for tasks to queue
[2024-12-20T05:37:48.330+0000] {logging_mixin.py:190} INFO - [2024-12-20T05:37:48.329+0000] {dagbag.py:588} INFO - Filling up the DagBag from /home/airflow/.local/lib/python3.12/site-packages/airflow/example_dags/example_latest_only_with_trigger.py
[2024-12-20T05:37:48.361+0000] {processor.py:925} INFO - DAG(s) 'latest_only_with_trigger' retrieved from /home/airflow/.local/lib/python3.12/site-packages/airflow/example_dags/example_latest_only_with_trigger.py
[2024-12-20T05:37:48.426+0000] {logging_mixin.py:190} INFO - [2024-12-20T05:37:48.426+0000] {dag.py:3239} INFO - Sync 1 DAGs
[2024-12-20T05:37:48.518+0000] {logging_mixin.py:190} INFO - [2024-12-20T05:37:48.517+0000] {dag.py:4180} INFO - Setting next_dagrun for latest_only_with_trigger to 2024-12-20 00:00:00+00:00, run_after=2024-12-20 04:00:00+00:00
[2024-12-20T05:37:48.617+0000] {processor.py:208} INFO - Processing /home/airflow/.local/lib/python3.12/site-packages/airflow/example_dags/example_latest_only_with_trigger.py took 0.322 seconds
[2024-12-20T05:38:21.688+0000] {processor.py:186} INFO - Started process (PID=13666) to work on /home/airflow/.local/lib/python3.12/site-packages/airflow/example_dags/example_latest_only_with_trigger.py
[2024-12-20T05:38:21.691+0000] {processor.py:914} INFO - Processing file /home/airflow/.local/lib/python3.12/site-packages/airflow/example_dags/example_latest_only_with_trigger.py for tasks to queue
[2024-12-20T05:38:21.699+0000] {logging_mixin.py:190} INFO - [2024-12-20T05:38:21.698+0000] {dagbag.py:588} INFO - Filling up the DagBag from /home/airflow/.local/lib/python3.12/site-packages/airflow/example_dags/example_latest_only_with_trigger.py
[2024-12-20T05:38:21.727+0000] {processor.py:925} INFO - DAG(s) 'latest_only_with_trigger' retrieved from /home/airflow/.local/lib/python3.12/site-packages/airflow/example_dags/example_latest_only_with_trigger.py
[2024-12-20T05:38:21.803+0000] {logging_mixin.py:190} INFO - [2024-12-20T05:38:21.802+0000] {dag.py:3239} INFO - Sync 1 DAGs
[2024-12-20T05:38:21.921+0000] {logging_mixin.py:190} INFO - [2024-12-20T05:38:21.920+0000] {dag.py:4180} INFO - Setting next_dagrun for latest_only_with_trigger to 2024-12-20 00:00:00+00:00, run_after=2024-12-20 04:00:00+00:00
[2024-12-20T05:38:22.031+0000] {processor.py:208} INFO - Processing /home/airflow/.local/lib/python3.12/site-packages/airflow/example_dags/example_latest_only_with_trigger.py took 0.366 seconds
[2024-12-20T05:38:52.432+0000] {processor.py:186} INFO - Started process (PID=13731) to work on /home/airflow/.local/lib/python3.12/site-packages/airflow/example_dags/example_latest_only_with_trigger.py
[2024-12-20T05:38:52.435+0000] {processor.py:914} INFO - Processing file /home/airflow/.local/lib/python3.12/site-packages/airflow/example_dags/example_latest_only_with_trigger.py for tasks to queue
[2024-12-20T05:38:52.443+0000] {logging_mixin.py:190} INFO - [2024-12-20T05:38:52.441+0000] {dagbag.py:588} INFO - Filling up the DagBag from /home/airflow/.local/lib/python3.12/site-packages/airflow/example_dags/example_latest_only_with_trigger.py
[2024-12-20T05:38:52.472+0000] {processor.py:925} INFO - DAG(s) 'latest_only_with_trigger' retrieved from /home/airflow/.local/lib/python3.12/site-packages/airflow/example_dags/example_latest_only_with_trigger.py
[2024-12-20T05:38:52.538+0000] {logging_mixin.py:190} INFO - [2024-12-20T05:38:52.537+0000] {dag.py:3239} INFO - Sync 1 DAGs
[2024-12-20T05:38:52.608+0000] {logging_mixin.py:190} INFO - [2024-12-20T05:38:52.608+0000] {dag.py:4180} INFO - Setting next_dagrun for latest_only_with_trigger to 2024-12-20 00:00:00+00:00, run_after=2024-12-20 04:00:00+00:00
[2024-12-20T05:38:52.689+0000] {processor.py:208} INFO - Processing /home/airflow/.local/lib/python3.12/site-packages/airflow/example_dags/example_latest_only_with_trigger.py took 0.288 seconds
[2024-12-20T05:39:24.842+0000] {processor.py:186} INFO - Started process (PID=13798) to work on /home/airflow/.local/lib/python3.12/site-packages/airflow/example_dags/example_latest_only_with_trigger.py
[2024-12-20T05:39:24.844+0000] {processor.py:914} INFO - Processing file /home/airflow/.local/lib/python3.12/site-packages/airflow/example_dags/example_latest_only_with_trigger.py for tasks to queue
[2024-12-20T05:39:24.849+0000] {logging_mixin.py:190} INFO - [2024-12-20T05:39:24.848+0000] {dagbag.py:588} INFO - Filling up the DagBag from /home/airflow/.local/lib/python3.12/site-packages/airflow/example_dags/example_latest_only_with_trigger.py
[2024-12-20T05:39:24.867+0000] {processor.py:925} INFO - DAG(s) 'latest_only_with_trigger' retrieved from /home/airflow/.local/lib/python3.12/site-packages/airflow/example_dags/example_latest_only_with_trigger.py
[2024-12-20T05:39:24.916+0000] {logging_mixin.py:190} INFO - [2024-12-20T05:39:24.915+0000] {dag.py:3239} INFO - Sync 1 DAGs
[2024-12-20T05:39:24.972+0000] {logging_mixin.py:190} INFO - [2024-12-20T05:39:24.971+0000] {dag.py:4180} INFO - Setting next_dagrun for latest_only_with_trigger to 2024-12-20 00:00:00+00:00, run_after=2024-12-20 04:00:00+00:00
[2024-12-20T05:39:25.014+0000] {processor.py:208} INFO - Processing /home/airflow/.local/lib/python3.12/site-packages/airflow/example_dags/example_latest_only_with_trigger.py took 0.187 seconds
[2024-12-20T05:39:57.680+0000] {processor.py:186} INFO - Started process (PID=13865) to work on /home/airflow/.local/lib/python3.12/site-packages/airflow/example_dags/example_latest_only_with_trigger.py
[2024-12-20T05:39:57.684+0000] {processor.py:914} INFO - Processing file /home/airflow/.local/lib/python3.12/site-packages/airflow/example_dags/example_latest_only_with_trigger.py for tasks to queue
[2024-12-20T05:39:57.694+0000] {logging_mixin.py:190} INFO - [2024-12-20T05:39:57.693+0000] {dagbag.py:588} INFO - Filling up the DagBag from /home/airflow/.local/lib/python3.12/site-packages/airflow/example_dags/example_latest_only_with_trigger.py
[2024-12-20T05:39:57.720+0000] {processor.py:925} INFO - DAG(s) 'latest_only_with_trigger' retrieved from /home/airflow/.local/lib/python3.12/site-packages/airflow/example_dags/example_latest_only_with_trigger.py
[2024-12-20T05:39:57.783+0000] {logging_mixin.py:190} INFO - [2024-12-20T05:39:57.783+0000] {dag.py:3239} INFO - Sync 1 DAGs
[2024-12-20T05:39:57.873+0000] {logging_mixin.py:190} INFO - [2024-12-20T05:39:57.873+0000] {dag.py:4180} INFO - Setting next_dagrun for latest_only_with_trigger to 2024-12-20 00:00:00+00:00, run_after=2024-12-20 04:00:00+00:00
[2024-12-20T05:39:57.960+0000] {processor.py:208} INFO - Processing /home/airflow/.local/lib/python3.12/site-packages/airflow/example_dags/example_latest_only_with_trigger.py took 0.304 seconds
[2024-12-20T05:40:29.257+0000] {processor.py:186} INFO - Started process (PID=13932) to work on /home/airflow/.local/lib/python3.12/site-packages/airflow/example_dags/example_latest_only_with_trigger.py
[2024-12-20T05:40:29.260+0000] {processor.py:914} INFO - Processing file /home/airflow/.local/lib/python3.12/site-packages/airflow/example_dags/example_latest_only_with_trigger.py for tasks to queue
[2024-12-20T05:40:29.265+0000] {logging_mixin.py:190} INFO - [2024-12-20T05:40:29.264+0000] {dagbag.py:588} INFO - Filling up the DagBag from /home/airflow/.local/lib/python3.12/site-packages/airflow/example_dags/example_latest_only_with_trigger.py
[2024-12-20T05:40:29.283+0000] {processor.py:925} INFO - DAG(s) 'latest_only_with_trigger' retrieved from /home/airflow/.local/lib/python3.12/site-packages/airflow/example_dags/example_latest_only_with_trigger.py
[2024-12-20T05:40:29.324+0000] {logging_mixin.py:190} INFO - [2024-12-20T05:40:29.324+0000] {dag.py:3239} INFO - Sync 1 DAGs
[2024-12-20T05:40:29.378+0000] {logging_mixin.py:190} INFO - [2024-12-20T05:40:29.378+0000] {dag.py:4180} INFO - Setting next_dagrun for latest_only_with_trigger to 2024-12-20 00:00:00+00:00, run_after=2024-12-20 04:00:00+00:00
[2024-12-20T05:40:29.434+0000] {processor.py:208} INFO - Processing /home/airflow/.local/lib/python3.12/site-packages/airflow/example_dags/example_latest_only_with_trigger.py took 0.189 seconds
[2024-12-20T05:41:03.351+0000] {processor.py:186} INFO - Started process (PID=13997) to work on /home/airflow/.local/lib/python3.12/site-packages/airflow/example_dags/example_latest_only_with_trigger.py
[2024-12-20T05:41:03.354+0000] {processor.py:914} INFO - Processing file /home/airflow/.local/lib/python3.12/site-packages/airflow/example_dags/example_latest_only_with_trigger.py for tasks to queue
[2024-12-20T05:41:03.363+0000] {logging_mixin.py:190} INFO - [2024-12-20T05:41:03.362+0000] {dagbag.py:588} INFO - Filling up the DagBag from /home/airflow/.local/lib/python3.12/site-packages/airflow/example_dags/example_latest_only_with_trigger.py
[2024-12-20T05:41:03.388+0000] {processor.py:925} INFO - DAG(s) 'latest_only_with_trigger' retrieved from /home/airflow/.local/lib/python3.12/site-packages/airflow/example_dags/example_latest_only_with_trigger.py
[2024-12-20T05:41:03.453+0000] {logging_mixin.py:190} INFO - [2024-12-20T05:41:03.453+0000] {dag.py:3239} INFO - Sync 1 DAGs
[2024-12-20T05:41:03.556+0000] {logging_mixin.py:190} INFO - [2024-12-20T05:41:03.555+0000] {dag.py:4180} INFO - Setting next_dagrun for latest_only_with_trigger to 2024-12-20 00:00:00+00:00, run_after=2024-12-20 04:00:00+00:00
[2024-12-20T05:41:03.603+0000] {processor.py:208} INFO - Processing /home/airflow/.local/lib/python3.12/site-packages/airflow/example_dags/example_latest_only_with_trigger.py took 0.278 seconds
[2024-12-20T05:41:35.631+0000] {processor.py:186} INFO - Started process (PID=14072) to work on /home/airflow/.local/lib/python3.12/site-packages/airflow/example_dags/example_latest_only_with_trigger.py
[2024-12-20T05:41:35.634+0000] {processor.py:914} INFO - Processing file /home/airflow/.local/lib/python3.12/site-packages/airflow/example_dags/example_latest_only_with_trigger.py for tasks to queue
[2024-12-20T05:41:35.644+0000] {logging_mixin.py:190} INFO - [2024-12-20T05:41:35.643+0000] {dagbag.py:588} INFO - Filling up the DagBag from /home/airflow/.local/lib/python3.12/site-packages/airflow/example_dags/example_latest_only_with_trigger.py
[2024-12-20T05:41:35.677+0000] {processor.py:925} INFO - DAG(s) 'latest_only_with_trigger' retrieved from /home/airflow/.local/lib/python3.12/site-packages/airflow/example_dags/example_latest_only_with_trigger.py
[2024-12-20T05:41:35.754+0000] {logging_mixin.py:190} INFO - [2024-12-20T05:41:35.753+0000] {dag.py:3239} INFO - Sync 1 DAGs
[2024-12-20T05:41:35.848+0000] {logging_mixin.py:190} INFO - [2024-12-20T05:41:35.847+0000] {dag.py:4180} INFO - Setting next_dagrun for latest_only_with_trigger to 2024-12-20 00:00:00+00:00, run_after=2024-12-20 04:00:00+00:00
[2024-12-20T05:41:35.915+0000] {processor.py:208} INFO - Processing /home/airflow/.local/lib/python3.12/site-packages/airflow/example_dags/example_latest_only_with_trigger.py took 0.307 seconds
[2024-12-20T05:42:09.019+0000] {processor.py:186} INFO - Started process (PID=14143) to work on /home/airflow/.local/lib/python3.12/site-packages/airflow/example_dags/example_latest_only_with_trigger.py
[2024-12-20T05:42:09.024+0000] {processor.py:914} INFO - Processing file /home/airflow/.local/lib/python3.12/site-packages/airflow/example_dags/example_latest_only_with_trigger.py for tasks to queue
[2024-12-20T05:42:09.033+0000] {logging_mixin.py:190} INFO - [2024-12-20T05:42:09.032+0000] {dagbag.py:588} INFO - Filling up the DagBag from /home/airflow/.local/lib/python3.12/site-packages/airflow/example_dags/example_latest_only_with_trigger.py
[2024-12-20T05:42:09.064+0000] {processor.py:925} INFO - DAG(s) 'latest_only_with_trigger' retrieved from /home/airflow/.local/lib/python3.12/site-packages/airflow/example_dags/example_latest_only_with_trigger.py
[2024-12-20T05:42:09.140+0000] {logging_mixin.py:190} INFO - [2024-12-20T05:42:09.140+0000] {dag.py:3239} INFO - Sync 1 DAGs
[2024-12-20T05:42:09.227+0000] {logging_mixin.py:190} INFO - [2024-12-20T05:42:09.226+0000] {dag.py:4180} INFO - Setting next_dagrun for latest_only_with_trigger to 2024-12-20 00:00:00+00:00, run_after=2024-12-20 04:00:00+00:00
[2024-12-20T05:42:09.302+0000] {processor.py:208} INFO - Processing /home/airflow/.local/lib/python3.12/site-packages/airflow/example_dags/example_latest_only_with_trigger.py took 0.308 seconds
[2024-12-20T05:42:41.074+0000] {processor.py:186} INFO - Started process (PID=14210) to work on /home/airflow/.local/lib/python3.12/site-packages/airflow/example_dags/example_latest_only_with_trigger.py
[2024-12-20T05:42:41.078+0000] {processor.py:914} INFO - Processing file /home/airflow/.local/lib/python3.12/site-packages/airflow/example_dags/example_latest_only_with_trigger.py for tasks to queue
[2024-12-20T05:42:41.088+0000] {logging_mixin.py:190} INFO - [2024-12-20T05:42:41.085+0000] {dagbag.py:588} INFO - Filling up the DagBag from /home/airflow/.local/lib/python3.12/site-packages/airflow/example_dags/example_latest_only_with_trigger.py
[2024-12-20T05:42:41.114+0000] {processor.py:925} INFO - DAG(s) 'latest_only_with_trigger' retrieved from /home/airflow/.local/lib/python3.12/site-packages/airflow/example_dags/example_latest_only_with_trigger.py
[2024-12-20T05:42:41.184+0000] {logging_mixin.py:190} INFO - [2024-12-20T05:42:41.184+0000] {dag.py:3239} INFO - Sync 1 DAGs
[2024-12-20T05:42:41.257+0000] {logging_mixin.py:190} INFO - [2024-12-20T05:42:41.256+0000] {dag.py:4180} INFO - Setting next_dagrun for latest_only_with_trigger to 2024-12-20 00:00:00+00:00, run_after=2024-12-20 04:00:00+00:00
[2024-12-20T05:42:41.305+0000] {processor.py:208} INFO - Processing /home/airflow/.local/lib/python3.12/site-packages/airflow/example_dags/example_latest_only_with_trigger.py took 0.253 seconds
[2024-12-20T05:43:14.969+0000] {processor.py:186} INFO - Started process (PID=14284) to work on /home/airflow/.local/lib/python3.12/site-packages/airflow/example_dags/example_latest_only_with_trigger.py
[2024-12-20T05:43:14.972+0000] {processor.py:914} INFO - Processing file /home/airflow/.local/lib/python3.12/site-packages/airflow/example_dags/example_latest_only_with_trigger.py for tasks to queue
[2024-12-20T05:43:14.978+0000] {logging_mixin.py:190} INFO - [2024-12-20T05:43:14.977+0000] {dagbag.py:588} INFO - Filling up the DagBag from /home/airflow/.local/lib/python3.12/site-packages/airflow/example_dags/example_latest_only_with_trigger.py
[2024-12-20T05:43:15.002+0000] {processor.py:925} INFO - DAG(s) 'latest_only_with_trigger' retrieved from /home/airflow/.local/lib/python3.12/site-packages/airflow/example_dags/example_latest_only_with_trigger.py
[2024-12-20T05:43:15.062+0000] {logging_mixin.py:190} INFO - [2024-12-20T05:43:15.061+0000] {dag.py:3239} INFO - Sync 1 DAGs
[2024-12-20T05:43:15.156+0000] {logging_mixin.py:190} INFO - [2024-12-20T05:43:15.156+0000] {dag.py:4180} INFO - Setting next_dagrun for latest_only_with_trigger to 2024-12-20 00:00:00+00:00, run_after=2024-12-20 04:00:00+00:00
[2024-12-20T05:43:15.215+0000] {processor.py:208} INFO - Processing /home/airflow/.local/lib/python3.12/site-packages/airflow/example_dags/example_latest_only_with_trigger.py took 0.263 seconds
[2024-12-20T05:43:47.625+0000] {processor.py:186} INFO - Started process (PID=14352) to work on /home/airflow/.local/lib/python3.12/site-packages/airflow/example_dags/example_latest_only_with_trigger.py
[2024-12-20T05:43:47.628+0000] {processor.py:914} INFO - Processing file /home/airflow/.local/lib/python3.12/site-packages/airflow/example_dags/example_latest_only_with_trigger.py for tasks to queue
[2024-12-20T05:43:47.639+0000] {logging_mixin.py:190} INFO - [2024-12-20T05:43:47.637+0000] {dagbag.py:588} INFO - Filling up the DagBag from /home/airflow/.local/lib/python3.12/site-packages/airflow/example_dags/example_latest_only_with_trigger.py
[2024-12-20T05:43:47.667+0000] {processor.py:925} INFO - DAG(s) 'latest_only_with_trigger' retrieved from /home/airflow/.local/lib/python3.12/site-packages/airflow/example_dags/example_latest_only_with_trigger.py
[2024-12-20T05:43:47.745+0000] {logging_mixin.py:190} INFO - [2024-12-20T05:43:47.745+0000] {dag.py:3239} INFO - Sync 1 DAGs
[2024-12-20T05:43:47.855+0000] {logging_mixin.py:190} INFO - [2024-12-20T05:43:47.854+0000] {dag.py:4180} INFO - Setting next_dagrun for latest_only_with_trigger to 2024-12-20 00:00:00+00:00, run_after=2024-12-20 04:00:00+00:00
[2024-12-20T05:43:48.003+0000] {processor.py:208} INFO - Processing /home/airflow/.local/lib/python3.12/site-packages/airflow/example_dags/example_latest_only_with_trigger.py took 0.399 seconds
[2024-12-20T05:44:23.515+0000] {processor.py:186} INFO - Started process (PID=14418) to work on /home/airflow/.local/lib/python3.12/site-packages/airflow/example_dags/example_latest_only_with_trigger.py
[2024-12-20T05:44:23.519+0000] {processor.py:914} INFO - Processing file /home/airflow/.local/lib/python3.12/site-packages/airflow/example_dags/example_latest_only_with_trigger.py for tasks to queue
[2024-12-20T05:44:23.533+0000] {logging_mixin.py:190} INFO - [2024-12-20T05:44:23.531+0000] {dagbag.py:588} INFO - Filling up the DagBag from /home/airflow/.local/lib/python3.12/site-packages/airflow/example_dags/example_latest_only_with_trigger.py
[2024-12-20T05:44:23.562+0000] {processor.py:925} INFO - DAG(s) 'latest_only_with_trigger' retrieved from /home/airflow/.local/lib/python3.12/site-packages/airflow/example_dags/example_latest_only_with_trigger.py
[2024-12-20T05:44:23.628+0000] {logging_mixin.py:190} INFO - [2024-12-20T05:44:23.627+0000] {dag.py:3239} INFO - Sync 1 DAGs
[2024-12-20T05:44:23.709+0000] {logging_mixin.py:190} INFO - [2024-12-20T05:44:23.708+0000] {dag.py:4180} INFO - Setting next_dagrun for latest_only_with_trigger to 2024-12-20 00:00:00+00:00, run_after=2024-12-20 04:00:00+00:00
[2024-12-20T05:44:23.769+0000] {processor.py:208} INFO - Processing /home/airflow/.local/lib/python3.12/site-packages/airflow/example_dags/example_latest_only_with_trigger.py took 0.275 seconds
[2024-12-20T05:44:53.974+0000] {processor.py:186} INFO - Started process (PID=14482) to work on /home/airflow/.local/lib/python3.12/site-packages/airflow/example_dags/example_latest_only_with_trigger.py
[2024-12-20T05:44:53.976+0000] {processor.py:914} INFO - Processing file /home/airflow/.local/lib/python3.12/site-packages/airflow/example_dags/example_latest_only_with_trigger.py for tasks to queue
[2024-12-20T05:44:53.982+0000] {logging_mixin.py:190} INFO - [2024-12-20T05:44:53.982+0000] {dagbag.py:588} INFO - Filling up the DagBag from /home/airflow/.local/lib/python3.12/site-packages/airflow/example_dags/example_latest_only_with_trigger.py
[2024-12-20T05:44:54.002+0000] {processor.py:925} INFO - DAG(s) 'latest_only_with_trigger' retrieved from /home/airflow/.local/lib/python3.12/site-packages/airflow/example_dags/example_latest_only_with_trigger.py
[2024-12-20T05:44:54.036+0000] {logging_mixin.py:190} INFO - [2024-12-20T05:44:54.036+0000] {dag.py:3239} INFO - Sync 1 DAGs
[2024-12-20T05:44:54.074+0000] {logging_mixin.py:190} INFO - [2024-12-20T05:44:54.073+0000] {dag.py:4180} INFO - Setting next_dagrun for latest_only_with_trigger to 2024-12-20 00:00:00+00:00, run_after=2024-12-20 04:00:00+00:00
[2024-12-20T05:44:54.108+0000] {processor.py:208} INFO - Processing /home/airflow/.local/lib/python3.12/site-packages/airflow/example_dags/example_latest_only_with_trigger.py took 0.148 seconds
[2024-12-20T05:45:24.250+0000] {processor.py:186} INFO - Started process (PID=14547) to work on /home/airflow/.local/lib/python3.12/site-packages/airflow/example_dags/example_latest_only_with_trigger.py
[2024-12-20T05:45:24.253+0000] {processor.py:914} INFO - Processing file /home/airflow/.local/lib/python3.12/site-packages/airflow/example_dags/example_latest_only_with_trigger.py for tasks to queue
[2024-12-20T05:45:24.260+0000] {logging_mixin.py:190} INFO - [2024-12-20T05:45:24.259+0000] {dagbag.py:588} INFO - Filling up the DagBag from /home/airflow/.local/lib/python3.12/site-packages/airflow/example_dags/example_latest_only_with_trigger.py
[2024-12-20T05:45:24.282+0000] {processor.py:925} INFO - DAG(s) 'latest_only_with_trigger' retrieved from /home/airflow/.local/lib/python3.12/site-packages/airflow/example_dags/example_latest_only_with_trigger.py
[2024-12-20T05:45:24.333+0000] {logging_mixin.py:190} INFO - [2024-12-20T05:45:24.333+0000] {dag.py:3239} INFO - Sync 1 DAGs
[2024-12-20T05:45:24.395+0000] {logging_mixin.py:190} INFO - [2024-12-20T05:45:24.395+0000] {dag.py:4180} INFO - Setting next_dagrun for latest_only_with_trigger to 2024-12-20 00:00:00+00:00, run_after=2024-12-20 04:00:00+00:00
[2024-12-20T05:45:24.445+0000] {processor.py:208} INFO - Processing /home/airflow/.local/lib/python3.12/site-packages/airflow/example_dags/example_latest_only_with_trigger.py took 0.211 seconds
[2024-12-20T05:45:56.153+0000] {processor.py:186} INFO - Started process (PID=14612) to work on /home/airflow/.local/lib/python3.12/site-packages/airflow/example_dags/example_latest_only_with_trigger.py
[2024-12-20T05:45:56.157+0000] {processor.py:914} INFO - Processing file /home/airflow/.local/lib/python3.12/site-packages/airflow/example_dags/example_latest_only_with_trigger.py for tasks to queue
[2024-12-20T05:45:56.171+0000] {logging_mixin.py:190} INFO - [2024-12-20T05:45:56.170+0000] {dagbag.py:588} INFO - Filling up the DagBag from /home/airflow/.local/lib/python3.12/site-packages/airflow/example_dags/example_latest_only_with_trigger.py
[2024-12-20T05:45:56.204+0000] {processor.py:925} INFO - DAG(s) 'latest_only_with_trigger' retrieved from /home/airflow/.local/lib/python3.12/site-packages/airflow/example_dags/example_latest_only_with_trigger.py
[2024-12-20T05:45:56.291+0000] {logging_mixin.py:190} INFO - [2024-12-20T05:45:56.291+0000] {dag.py:3239} INFO - Sync 1 DAGs
[2024-12-20T05:45:56.419+0000] {logging_mixin.py:190} INFO - [2024-12-20T05:45:56.419+0000] {dag.py:4180} INFO - Setting next_dagrun for latest_only_with_trigger to 2024-12-20 00:00:00+00:00, run_after=2024-12-20 04:00:00+00:00
[2024-12-20T05:45:56.522+0000] {processor.py:208} INFO - Processing /home/airflow/.local/lib/python3.12/site-packages/airflow/example_dags/example_latest_only_with_trigger.py took 0.407 seconds
[2024-12-20T05:46:27.354+0000] {processor.py:186} INFO - Started process (PID=14677) to work on /home/airflow/.local/lib/python3.12/site-packages/airflow/example_dags/example_latest_only_with_trigger.py
[2024-12-20T05:46:27.356+0000] {processor.py:914} INFO - Processing file /home/airflow/.local/lib/python3.12/site-packages/airflow/example_dags/example_latest_only_with_trigger.py for tasks to queue
[2024-12-20T05:46:27.361+0000] {logging_mixin.py:190} INFO - [2024-12-20T05:46:27.360+0000] {dagbag.py:588} INFO - Filling up the DagBag from /home/airflow/.local/lib/python3.12/site-packages/airflow/example_dags/example_latest_only_with_trigger.py
[2024-12-20T05:46:27.376+0000] {processor.py:925} INFO - DAG(s) 'latest_only_with_trigger' retrieved from /home/airflow/.local/lib/python3.12/site-packages/airflow/example_dags/example_latest_only_with_trigger.py
[2024-12-20T05:46:27.411+0000] {logging_mixin.py:190} INFO - [2024-12-20T05:46:27.411+0000] {dag.py:3239} INFO - Sync 1 DAGs
[2024-12-20T05:46:27.456+0000] {logging_mixin.py:190} INFO - [2024-12-20T05:46:27.455+0000] {dag.py:4180} INFO - Setting next_dagrun for latest_only_with_trigger to 2024-12-20 00:00:00+00:00, run_after=2024-12-20 04:00:00+00:00
[2024-12-20T05:46:27.516+0000] {processor.py:208} INFO - Processing /home/airflow/.local/lib/python3.12/site-packages/airflow/example_dags/example_latest_only_with_trigger.py took 0.180 seconds
[2024-12-20T05:46:57.624+0000] {processor.py:186} INFO - Started process (PID=14742) to work on /home/airflow/.local/lib/python3.12/site-packages/airflow/example_dags/example_latest_only_with_trigger.py
[2024-12-20T05:46:57.626+0000] {processor.py:914} INFO - Processing file /home/airflow/.local/lib/python3.12/site-packages/airflow/example_dags/example_latest_only_with_trigger.py for tasks to queue
[2024-12-20T05:46:57.633+0000] {logging_mixin.py:190} INFO - [2024-12-20T05:46:57.632+0000] {dagbag.py:588} INFO - Filling up the DagBag from /home/airflow/.local/lib/python3.12/site-packages/airflow/example_dags/example_latest_only_with_trigger.py
[2024-12-20T05:46:57.651+0000] {processor.py:925} INFO - DAG(s) 'latest_only_with_trigger' retrieved from /home/airflow/.local/lib/python3.12/site-packages/airflow/example_dags/example_latest_only_with_trigger.py
[2024-12-20T05:46:57.695+0000] {logging_mixin.py:190} INFO - [2024-12-20T05:46:57.694+0000] {dag.py:3239} INFO - Sync 1 DAGs
[2024-12-20T05:46:57.753+0000] {logging_mixin.py:190} INFO - [2024-12-20T05:46:57.752+0000] {dag.py:4180} INFO - Setting next_dagrun for latest_only_with_trigger to 2024-12-20 00:00:00+00:00, run_after=2024-12-20 04:00:00+00:00
[2024-12-20T05:46:57.803+0000] {processor.py:208} INFO - Processing /home/airflow/.local/lib/python3.12/site-packages/airflow/example_dags/example_latest_only_with_trigger.py took 0.194 seconds
[2024-12-20T05:47:28.403+0000] {processor.py:186} INFO - Started process (PID=14807) to work on /home/airflow/.local/lib/python3.12/site-packages/airflow/example_dags/example_latest_only_with_trigger.py
[2024-12-20T05:47:28.404+0000] {processor.py:914} INFO - Processing file /home/airflow/.local/lib/python3.12/site-packages/airflow/example_dags/example_latest_only_with_trigger.py for tasks to queue
[2024-12-20T05:47:28.410+0000] {logging_mixin.py:190} INFO - [2024-12-20T05:47:28.409+0000] {dagbag.py:588} INFO - Filling up the DagBag from /home/airflow/.local/lib/python3.12/site-packages/airflow/example_dags/example_latest_only_with_trigger.py
[2024-12-20T05:47:28.424+0000] {processor.py:925} INFO - DAG(s) 'latest_only_with_trigger' retrieved from /home/airflow/.local/lib/python3.12/site-packages/airflow/example_dags/example_latest_only_with_trigger.py
[2024-12-20T05:47:28.461+0000] {logging_mixin.py:190} INFO - [2024-12-20T05:47:28.461+0000] {dag.py:3239} INFO - Sync 1 DAGs
[2024-12-20T05:47:28.496+0000] {logging_mixin.py:190} INFO - [2024-12-20T05:47:28.495+0000] {dag.py:4180} INFO - Setting next_dagrun for latest_only_with_trigger to 2024-12-20 00:00:00+00:00, run_after=2024-12-20 04:00:00+00:00
[2024-12-20T05:47:28.523+0000] {processor.py:208} INFO - Processing /home/airflow/.local/lib/python3.12/site-packages/airflow/example_dags/example_latest_only_with_trigger.py took 0.130 seconds
[2024-12-20T05:48:26.291+0000] {processor.py:186} INFO - Started process (PID=14895) to work on /home/airflow/.local/lib/python3.12/site-packages/airflow/example_dags/example_latest_only_with_trigger.py
[2024-12-20T05:48:26.294+0000] {processor.py:914} INFO - Processing file /home/airflow/.local/lib/python3.12/site-packages/airflow/example_dags/example_latest_only_with_trigger.py for tasks to queue
[2024-12-20T05:48:26.310+0000] {logging_mixin.py:190} INFO - [2024-12-20T05:48:26.309+0000] {dagbag.py:588} INFO - Filling up the DagBag from /home/airflow/.local/lib/python3.12/site-packages/airflow/example_dags/example_latest_only_with_trigger.py
[2024-12-20T05:48:26.348+0000] {processor.py:925} INFO - DAG(s) 'latest_only_with_trigger' retrieved from /home/airflow/.local/lib/python3.12/site-packages/airflow/example_dags/example_latest_only_with_trigger.py
[2024-12-20T05:48:26.502+0000] {logging_mixin.py:190} INFO - [2024-12-20T05:48:26.499+0000] {dag.py:3239} INFO - Sync 1 DAGs
[2024-12-20T05:48:26.731+0000] {logging_mixin.py:190} INFO - [2024-12-20T05:48:26.730+0000] {dag.py:4180} INFO - Setting next_dagrun for latest_only_with_trigger to 2024-12-20 00:00:00+00:00, run_after=2024-12-20 04:00:00+00:00
[2024-12-20T05:48:26.878+0000] {processor.py:208} INFO - Processing /home/airflow/.local/lib/python3.12/site-packages/airflow/example_dags/example_latest_only_with_trigger.py took 0.618 seconds
[2024-12-20T09:19:00.861+0000] {processor.py:186} INFO - Started process (PID=112) to work on /home/airflow/.local/lib/python3.12/site-packages/airflow/example_dags/example_latest_only_with_trigger.py
[2024-12-20T09:19:00.865+0000] {processor.py:914} INFO - Processing file /home/airflow/.local/lib/python3.12/site-packages/airflow/example_dags/example_latest_only_with_trigger.py for tasks to queue
[2024-12-20T09:19:00.879+0000] {logging_mixin.py:190} INFO - [2024-12-20T09:19:00.876+0000] {dagbag.py:588} INFO - Filling up the DagBag from /home/airflow/.local/lib/python3.12/site-packages/airflow/example_dags/example_latest_only_with_trigger.py
[2024-12-20T09:19:00.920+0000] {processor.py:925} INFO - DAG(s) 'latest_only_with_trigger' retrieved from /home/airflow/.local/lib/python3.12/site-packages/airflow/example_dags/example_latest_only_with_trigger.py
[2024-12-20T09:19:01.022+0000] {logging_mixin.py:190} INFO - [2024-12-20T09:19:01.020+0000] {dag.py:3239} INFO - Sync 1 DAGs
[2024-12-20T09:19:01.133+0000] {logging_mixin.py:190} INFO - [2024-12-20T09:19:01.132+0000] {dag.py:4180} INFO - Setting next_dagrun for latest_only_with_trigger to 2024-12-20 04:00:00+00:00, run_after=2024-12-20 08:00:00+00:00
[2024-12-20T09:19:01.224+0000] {processor.py:208} INFO - Processing /home/airflow/.local/lib/python3.12/site-packages/airflow/example_dags/example_latest_only_with_trigger.py took 0.394 seconds
[2024-12-20T09:19:31.498+0000] {processor.py:186} INFO - Started process (PID=177) to work on /home/airflow/.local/lib/python3.12/site-packages/airflow/example_dags/example_latest_only_with_trigger.py
[2024-12-20T09:19:31.502+0000] {processor.py:914} INFO - Processing file /home/airflow/.local/lib/python3.12/site-packages/airflow/example_dags/example_latest_only_with_trigger.py for tasks to queue
[2024-12-20T09:19:31.505+0000] {logging_mixin.py:190} INFO - [2024-12-20T09:19:31.504+0000] {dagbag.py:588} INFO - Filling up the DagBag from /home/airflow/.local/lib/python3.12/site-packages/airflow/example_dags/example_latest_only_with_trigger.py
[2024-12-20T09:19:31.568+0000] {processor.py:925} INFO - DAG(s) 'latest_only_with_trigger' retrieved from /home/airflow/.local/lib/python3.12/site-packages/airflow/example_dags/example_latest_only_with_trigger.py
[2024-12-20T09:19:31.665+0000] {logging_mixin.py:190} INFO - [2024-12-20T09:19:31.664+0000] {dag.py:3239} INFO - Sync 1 DAGs
[2024-12-20T09:19:31.802+0000] {logging_mixin.py:190} INFO - [2024-12-20T09:19:31.802+0000] {dag.py:4180} INFO - Setting next_dagrun for latest_only_with_trigger to 2024-12-20 04:00:00+00:00, run_after=2024-12-20 08:00:00+00:00
[2024-12-20T09:19:31.927+0000] {processor.py:208} INFO - Processing /home/airflow/.local/lib/python3.12/site-packages/airflow/example_dags/example_latest_only_with_trigger.py took 0.448 seconds
[2024-12-20T09:20:16.866+0000] {processor.py:186} INFO - Started process (PID=241) to work on /home/airflow/.local/lib/python3.12/site-packages/airflow/example_dags/example_latest_only_with_trigger.py
[2024-12-20T09:20:16.869+0000] {processor.py:914} INFO - Processing file /home/airflow/.local/lib/python3.12/site-packages/airflow/example_dags/example_latest_only_with_trigger.py for tasks to queue
[2024-12-20T09:20:16.875+0000] {logging_mixin.py:190} INFO - [2024-12-20T09:20:16.873+0000] {dagbag.py:588} INFO - Filling up the DagBag from /home/airflow/.local/lib/python3.12/site-packages/airflow/example_dags/example_latest_only_with_trigger.py
[2024-12-20T09:20:16.955+0000] {processor.py:925} INFO - DAG(s) 'latest_only_with_trigger' retrieved from /home/airflow/.local/lib/python3.12/site-packages/airflow/example_dags/example_latest_only_with_trigger.py
[2024-12-20T09:20:17.097+0000] {logging_mixin.py:190} INFO - [2024-12-20T09:20:17.095+0000] {dag.py:3239} INFO - Sync 1 DAGs
[2024-12-20T09:20:17.243+0000] {logging_mixin.py:190} INFO - [2024-12-20T09:20:17.242+0000] {dag.py:4180} INFO - Setting next_dagrun for latest_only_with_trigger to 2024-12-20 04:00:00+00:00, run_after=2024-12-20 08:00:00+00:00
[2024-12-20T09:20:17.363+0000] {processor.py:208} INFO - Processing /home/airflow/.local/lib/python3.12/site-packages/airflow/example_dags/example_latest_only_with_trigger.py took 0.528 seconds
[2024-12-20T09:21:05.669+0000] {processor.py:186} INFO - Started process (PID=327) to work on /home/airflow/.local/lib/python3.12/site-packages/airflow/example_dags/example_latest_only_with_trigger.py
[2024-12-20T09:21:05.681+0000] {processor.py:914} INFO - Processing file /home/airflow/.local/lib/python3.12/site-packages/airflow/example_dags/example_latest_only_with_trigger.py for tasks to queue
[2024-12-20T09:21:05.691+0000] {logging_mixin.py:190} INFO - [2024-12-20T09:21:05.690+0000] {dagbag.py:588} INFO - Filling up the DagBag from /home/airflow/.local/lib/python3.12/site-packages/airflow/example_dags/example_latest_only_with_trigger.py
[2024-12-20T09:21:05.805+0000] {processor.py:925} INFO - DAG(s) 'latest_only_with_trigger' retrieved from /home/airflow/.local/lib/python3.12/site-packages/airflow/example_dags/example_latest_only_with_trigger.py
[2024-12-20T09:21:05.921+0000] {logging_mixin.py:190} INFO - [2024-12-20T09:21:05.919+0000] {dag.py:3239} INFO - Sync 1 DAGs
[2024-12-20T09:21:06.086+0000] {logging_mixin.py:190} INFO - [2024-12-20T09:21:06.086+0000] {dag.py:4180} INFO - Setting next_dagrun for latest_only_with_trigger to 2024-12-20 04:00:00+00:00, run_after=2024-12-20 08:00:00+00:00
[2024-12-20T09:21:06.214+0000] {processor.py:208} INFO - Processing /home/airflow/.local/lib/python3.12/site-packages/airflow/example_dags/example_latest_only_with_trigger.py took 0.621 seconds
[2024-12-20T09:21:50.570+0000] {processor.py:186} INFO - Started process (PID=406) to work on /home/airflow/.local/lib/python3.12/site-packages/airflow/example_dags/example_latest_only_with_trigger.py
[2024-12-20T09:21:50.584+0000] {processor.py:914} INFO - Processing file /home/airflow/.local/lib/python3.12/site-packages/airflow/example_dags/example_latest_only_with_trigger.py for tasks to queue
[2024-12-20T09:21:50.611+0000] {logging_mixin.py:190} INFO - [2024-12-20T09:21:50.610+0000] {dagbag.py:588} INFO - Filling up the DagBag from /home/airflow/.local/lib/python3.12/site-packages/airflow/example_dags/example_latest_only_with_trigger.py
[2024-12-20T09:21:50.779+0000] {processor.py:925} INFO - DAG(s) 'latest_only_with_trigger' retrieved from /home/airflow/.local/lib/python3.12/site-packages/airflow/example_dags/example_latest_only_with_trigger.py
[2024-12-20T09:21:50.895+0000] {logging_mixin.py:190} INFO - [2024-12-20T09:21:50.894+0000] {dag.py:3239} INFO - Sync 1 DAGs
[2024-12-20T09:21:51.033+0000] {logging_mixin.py:190} INFO - [2024-12-20T09:21:51.032+0000] {dag.py:4180} INFO - Setting next_dagrun for latest_only_with_trigger to 2024-12-20 04:00:00+00:00, run_after=2024-12-20 08:00:00+00:00
[2024-12-20T09:21:51.178+0000] {processor.py:208} INFO - Processing /home/airflow/.local/lib/python3.12/site-packages/airflow/example_dags/example_latest_only_with_trigger.py took 0.692 seconds
[2024-12-20T09:22:59.237+0000] {processor.py:186} INFO - Started process (PID=484) to work on /home/airflow/.local/lib/python3.12/site-packages/airflow/example_dags/example_latest_only_with_trigger.py
[2024-12-20T09:22:59.250+0000] {processor.py:914} INFO - Processing file /home/airflow/.local/lib/python3.12/site-packages/airflow/example_dags/example_latest_only_with_trigger.py for tasks to queue
[2024-12-20T09:22:59.260+0000] {logging_mixin.py:190} INFO - [2024-12-20T09:22:59.254+0000] {dagbag.py:588} INFO - Filling up the DagBag from /home/airflow/.local/lib/python3.12/site-packages/airflow/example_dags/example_latest_only_with_trigger.py
[2024-12-20T09:22:59.319+0000] {processor.py:925} INFO - DAG(s) 'latest_only_with_trigger' retrieved from /home/airflow/.local/lib/python3.12/site-packages/airflow/example_dags/example_latest_only_with_trigger.py
[2024-12-20T09:22:59.472+0000] {logging_mixin.py:190} INFO - [2024-12-20T09:22:59.471+0000] {dag.py:3239} INFO - Sync 1 DAGs
[2024-12-20T09:22:59.613+0000] {logging_mixin.py:190} INFO - [2024-12-20T09:22:59.612+0000] {dag.py:4180} INFO - Setting next_dagrun for latest_only_with_trigger to 2024-12-20 04:00:00+00:00, run_after=2024-12-20 08:00:00+00:00
[2024-12-20T09:22:59.683+0000] {processor.py:208} INFO - Processing /home/airflow/.local/lib/python3.12/site-packages/airflow/example_dags/example_latest_only_with_trigger.py took 0.537 seconds
[2024-12-20T09:23:32.249+0000] {processor.py:186} INFO - Started process (PID=557) to work on /home/airflow/.local/lib/python3.12/site-packages/airflow/example_dags/example_latest_only_with_trigger.py
[2024-12-20T09:23:32.253+0000] {processor.py:914} INFO - Processing file /home/airflow/.local/lib/python3.12/site-packages/airflow/example_dags/example_latest_only_with_trigger.py for tasks to queue
[2024-12-20T09:23:32.259+0000] {logging_mixin.py:190} INFO - [2024-12-20T09:23:32.257+0000] {dagbag.py:588} INFO - Filling up the DagBag from /home/airflow/.local/lib/python3.12/site-packages/airflow/example_dags/example_latest_only_with_trigger.py
[2024-12-20T09:23:32.297+0000] {processor.py:925} INFO - DAG(s) 'latest_only_with_trigger' retrieved from /home/airflow/.local/lib/python3.12/site-packages/airflow/example_dags/example_latest_only_with_trigger.py
[2024-12-20T09:23:32.393+0000] {logging_mixin.py:190} INFO - [2024-12-20T09:23:32.392+0000] {dag.py:3239} INFO - Sync 1 DAGs
[2024-12-20T09:23:32.526+0000] {logging_mixin.py:190} INFO - [2024-12-20T09:23:32.525+0000] {dag.py:4180} INFO - Setting next_dagrun for latest_only_with_trigger to 2024-12-20 04:00:00+00:00, run_after=2024-12-20 08:00:00+00:00
[2024-12-20T09:23:32.597+0000] {processor.py:208} INFO - Processing /home/airflow/.local/lib/python3.12/site-packages/airflow/example_dags/example_latest_only_with_trigger.py took 0.383 seconds
[2024-12-20T09:24:02.736+0000] {processor.py:186} INFO - Started process (PID=623) to work on /home/airflow/.local/lib/python3.12/site-packages/airflow/example_dags/example_latest_only_with_trigger.py
[2024-12-20T09:24:02.737+0000] {processor.py:914} INFO - Processing file /home/airflow/.local/lib/python3.12/site-packages/airflow/example_dags/example_latest_only_with_trigger.py for tasks to queue
[2024-12-20T09:24:02.739+0000] {logging_mixin.py:190} INFO - [2024-12-20T09:24:02.739+0000] {dagbag.py:588} INFO - Filling up the DagBag from /home/airflow/.local/lib/python3.12/site-packages/airflow/example_dags/example_latest_only_with_trigger.py
[2024-12-20T09:24:02.752+0000] {processor.py:925} INFO - DAG(s) 'latest_only_with_trigger' retrieved from /home/airflow/.local/lib/python3.12/site-packages/airflow/example_dags/example_latest_only_with_trigger.py
[2024-12-20T09:24:02.780+0000] {logging_mixin.py:190} INFO - [2024-12-20T09:24:02.780+0000] {dag.py:3239} INFO - Sync 1 DAGs
[2024-12-20T09:24:02.832+0000] {logging_mixin.py:190} INFO - [2024-12-20T09:24:02.832+0000] {dag.py:4180} INFO - Setting next_dagrun for latest_only_with_trigger to 2024-12-20 04:00:00+00:00, run_after=2024-12-20 08:00:00+00:00
[2024-12-20T09:24:02.860+0000] {processor.py:208} INFO - Processing /home/airflow/.local/lib/python3.12/site-packages/airflow/example_dags/example_latest_only_with_trigger.py took 0.132 seconds
[2024-12-20T09:24:33.536+0000] {processor.py:186} INFO - Started process (PID=688) to work on /home/airflow/.local/lib/python3.12/site-packages/airflow/example_dags/example_latest_only_with_trigger.py
[2024-12-20T09:24:33.539+0000] {processor.py:914} INFO - Processing file /home/airflow/.local/lib/python3.12/site-packages/airflow/example_dags/example_latest_only_with_trigger.py for tasks to queue
[2024-12-20T09:24:33.542+0000] {logging_mixin.py:190} INFO - [2024-12-20T09:24:33.541+0000] {dagbag.py:588} INFO - Filling up the DagBag from /home/airflow/.local/lib/python3.12/site-packages/airflow/example_dags/example_latest_only_with_trigger.py
[2024-12-20T09:24:33.565+0000] {processor.py:925} INFO - DAG(s) 'latest_only_with_trigger' retrieved from /home/airflow/.local/lib/python3.12/site-packages/airflow/example_dags/example_latest_only_with_trigger.py
[2024-12-20T09:24:33.611+0000] {logging_mixin.py:190} INFO - [2024-12-20T09:24:33.610+0000] {dag.py:3239} INFO - Sync 1 DAGs
[2024-12-20T09:24:33.702+0000] {logging_mixin.py:190} INFO - [2024-12-20T09:24:33.701+0000] {dag.py:4180} INFO - Setting next_dagrun for latest_only_with_trigger to 2024-12-20 04:00:00+00:00, run_after=2024-12-20 08:00:00+00:00
[2024-12-20T09:24:33.785+0000] {processor.py:208} INFO - Processing /home/airflow/.local/lib/python3.12/site-packages/airflow/example_dags/example_latest_only_with_trigger.py took 0.261 seconds
[2024-12-20T09:25:04.274+0000] {processor.py:186} INFO - Started process (PID=753) to work on /home/airflow/.local/lib/python3.12/site-packages/airflow/example_dags/example_latest_only_with_trigger.py
[2024-12-20T09:25:04.277+0000] {processor.py:914} INFO - Processing file /home/airflow/.local/lib/python3.12/site-packages/airflow/example_dags/example_latest_only_with_trigger.py for tasks to queue
[2024-12-20T09:25:04.282+0000] {logging_mixin.py:190} INFO - [2024-12-20T09:25:04.280+0000] {dagbag.py:588} INFO - Filling up the DagBag from /home/airflow/.local/lib/python3.12/site-packages/airflow/example_dags/example_latest_only_with_trigger.py
[2024-12-20T09:25:04.311+0000] {processor.py:925} INFO - DAG(s) 'latest_only_with_trigger' retrieved from /home/airflow/.local/lib/python3.12/site-packages/airflow/example_dags/example_latest_only_with_trigger.py
[2024-12-20T09:25:04.396+0000] {logging_mixin.py:190} INFO - [2024-12-20T09:25:04.395+0000] {dag.py:3239} INFO - Sync 1 DAGs
[2024-12-20T09:25:04.619+0000] {logging_mixin.py:190} INFO - [2024-12-20T09:25:04.618+0000] {dag.py:4180} INFO - Setting next_dagrun for latest_only_with_trigger to 2024-12-20 04:00:00+00:00, run_after=2024-12-20 08:00:00+00:00
[2024-12-20T09:25:04.846+0000] {processor.py:208} INFO - Processing /home/airflow/.local/lib/python3.12/site-packages/airflow/example_dags/example_latest_only_with_trigger.py took 0.590 seconds
