[2024-12-20T05:28:48.578+0000] {processor.py:186} INFO - Started process (PID=12516) to work on /home/airflow/.local/lib/python3.12/site-packages/airflow/example_dags/example_external_task_marker_dag.py
[2024-12-20T05:28:48.582+0000] {processor.py:914} INFO - Processing file /home/airflow/.local/lib/python3.12/site-packages/airflow/example_dags/example_external_task_marker_dag.py for tasks to queue
[2024-12-20T05:28:48.602+0000] {logging_mixin.py:190} INFO - [2024-12-20T05:28:48.600+0000] {dagbag.py:588} INFO - Filling up the DagBag from /home/airflow/.local/lib/python3.12/site-packages/airflow/example_dags/example_external_task_marker_dag.py
[2024-12-20T05:28:48.670+0000] {processor.py:925} INFO - DAG(s) 'example_external_task_marker_child', 'example_external_task_marker_parent' retrieved from /home/airflow/.local/lib/python3.12/site-packages/airflow/example_dags/example_external_task_marker_dag.py
[2024-12-20T05:28:48.861+0000] {logging_mixin.py:190} INFO - [2024-12-20T05:28:48.857+0000] {dag.py:3239} INFO - Sync 2 DAGs
[2024-12-20T05:28:49.018+0000] {logging_mixin.py:190} INFO - [2024-12-20T05:28:49.017+0000] {dag.py:4180} INFO - Setting next_dagrun for example_external_task_marker_child to None, run_after=None
[2024-12-20T05:28:49.050+0000] {logging_mixin.py:190} INFO - [2024-12-20T05:28:49.049+0000] {dag.py:4180} INFO - Setting next_dagrun for example_external_task_marker_parent to None, run_after=None
[2024-12-20T05:28:49.178+0000] {processor.py:208} INFO - Processing /home/airflow/.local/lib/python3.12/site-packages/airflow/example_dags/example_external_task_marker_dag.py took 0.687 seconds
[2024-12-20T05:29:23.789+0000] {processor.py:186} INFO - Started process (PID=12580) to work on /home/airflow/.local/lib/python3.12/site-packages/airflow/example_dags/example_external_task_marker_dag.py
[2024-12-20T05:29:23.792+0000] {processor.py:914} INFO - Processing file /home/airflow/.local/lib/python3.12/site-packages/airflow/example_dags/example_external_task_marker_dag.py for tasks to queue
[2024-12-20T05:29:23.800+0000] {logging_mixin.py:190} INFO - [2024-12-20T05:29:23.799+0000] {dagbag.py:588} INFO - Filling up the DagBag from /home/airflow/.local/lib/python3.12/site-packages/airflow/example_dags/example_external_task_marker_dag.py
[2024-12-20T05:29:23.828+0000] {processor.py:925} INFO - DAG(s) 'example_external_task_marker_parent', 'example_external_task_marker_child' retrieved from /home/airflow/.local/lib/python3.12/site-packages/airflow/example_dags/example_external_task_marker_dag.py
[2024-12-20T05:29:23.908+0000] {logging_mixin.py:190} INFO - [2024-12-20T05:29:23.908+0000] {dag.py:3239} INFO - Sync 2 DAGs
[2024-12-20T05:29:23.962+0000] {logging_mixin.py:190} INFO - [2024-12-20T05:29:23.961+0000] {dag.py:4180} INFO - Setting next_dagrun for example_external_task_marker_child to None, run_after=None
[2024-12-20T05:29:23.974+0000] {logging_mixin.py:190} INFO - [2024-12-20T05:29:23.973+0000] {dag.py:4180} INFO - Setting next_dagrun for example_external_task_marker_parent to None, run_after=None
[2024-12-20T05:29:24.036+0000] {processor.py:208} INFO - Processing /home/airflow/.local/lib/python3.12/site-packages/airflow/example_dags/example_external_task_marker_dag.py took 0.266 seconds
[2024-12-20T05:29:54.777+0000] {processor.py:186} INFO - Started process (PID=12645) to work on /home/airflow/.local/lib/python3.12/site-packages/airflow/example_dags/example_external_task_marker_dag.py
[2024-12-20T05:29:54.781+0000] {processor.py:914} INFO - Processing file /home/airflow/.local/lib/python3.12/site-packages/airflow/example_dags/example_external_task_marker_dag.py for tasks to queue
[2024-12-20T05:29:54.788+0000] {logging_mixin.py:190} INFO - [2024-12-20T05:29:54.787+0000] {dagbag.py:588} INFO - Filling up the DagBag from /home/airflow/.local/lib/python3.12/site-packages/airflow/example_dags/example_external_task_marker_dag.py
[2024-12-20T05:29:54.814+0000] {processor.py:925} INFO - DAG(s) 'example_external_task_marker_parent', 'example_external_task_marker_child' retrieved from /home/airflow/.local/lib/python3.12/site-packages/airflow/example_dags/example_external_task_marker_dag.py
[2024-12-20T05:29:54.906+0000] {logging_mixin.py:190} INFO - [2024-12-20T05:29:54.905+0000] {dag.py:3239} INFO - Sync 2 DAGs
[2024-12-20T05:29:54.965+0000] {logging_mixin.py:190} INFO - [2024-12-20T05:29:54.964+0000] {dag.py:4180} INFO - Setting next_dagrun for example_external_task_marker_child to None, run_after=None
[2024-12-20T05:29:54.981+0000] {logging_mixin.py:190} INFO - [2024-12-20T05:29:54.980+0000] {dag.py:4180} INFO - Setting next_dagrun for example_external_task_marker_parent to None, run_after=None
[2024-12-20T05:29:55.037+0000] {processor.py:208} INFO - Processing /home/airflow/.local/lib/python3.12/site-packages/airflow/example_dags/example_external_task_marker_dag.py took 0.278 seconds
[2024-12-20T05:30:25.586+0000] {processor.py:186} INFO - Started process (PID=12711) to work on /home/airflow/.local/lib/python3.12/site-packages/airflow/example_dags/example_external_task_marker_dag.py
[2024-12-20T05:30:25.588+0000] {processor.py:914} INFO - Processing file /home/airflow/.local/lib/python3.12/site-packages/airflow/example_dags/example_external_task_marker_dag.py for tasks to queue
[2024-12-20T05:30:25.594+0000] {logging_mixin.py:190} INFO - [2024-12-20T05:30:25.593+0000] {dagbag.py:588} INFO - Filling up the DagBag from /home/airflow/.local/lib/python3.12/site-packages/airflow/example_dags/example_external_task_marker_dag.py
[2024-12-20T05:30:25.616+0000] {processor.py:925} INFO - DAG(s) 'example_external_task_marker_parent', 'example_external_task_marker_child' retrieved from /home/airflow/.local/lib/python3.12/site-packages/airflow/example_dags/example_external_task_marker_dag.py
[2024-12-20T05:30:25.670+0000] {logging_mixin.py:190} INFO - [2024-12-20T05:30:25.669+0000] {dag.py:3239} INFO - Sync 2 DAGs
[2024-12-20T05:30:25.706+0000] {logging_mixin.py:190} INFO - [2024-12-20T05:30:25.705+0000] {dag.py:4180} INFO - Setting next_dagrun for example_external_task_marker_child to None, run_after=None
[2024-12-20T05:30:25.715+0000] {logging_mixin.py:190} INFO - [2024-12-20T05:30:25.714+0000] {dag.py:4180} INFO - Setting next_dagrun for example_external_task_marker_parent to None, run_after=None
[2024-12-20T05:30:25.787+0000] {processor.py:208} INFO - Processing /home/airflow/.local/lib/python3.12/site-packages/airflow/example_dags/example_external_task_marker_dag.py took 0.217 seconds
[2024-12-20T05:30:58.458+0000] {processor.py:186} INFO - Started process (PID=12778) to work on /home/airflow/.local/lib/python3.12/site-packages/airflow/example_dags/example_external_task_marker_dag.py
[2024-12-20T05:30:58.461+0000] {processor.py:914} INFO - Processing file /home/airflow/.local/lib/python3.12/site-packages/airflow/example_dags/example_external_task_marker_dag.py for tasks to queue
[2024-12-20T05:30:58.470+0000] {logging_mixin.py:190} INFO - [2024-12-20T05:30:58.469+0000] {dagbag.py:588} INFO - Filling up the DagBag from /home/airflow/.local/lib/python3.12/site-packages/airflow/example_dags/example_external_task_marker_dag.py
[2024-12-20T05:30:58.503+0000] {processor.py:925} INFO - DAG(s) 'example_external_task_marker_parent', 'example_external_task_marker_child' retrieved from /home/airflow/.local/lib/python3.12/site-packages/airflow/example_dags/example_external_task_marker_dag.py
[2024-12-20T05:30:58.571+0000] {logging_mixin.py:190} INFO - [2024-12-20T05:30:58.571+0000] {dag.py:3239} INFO - Sync 2 DAGs
[2024-12-20T05:30:58.623+0000] {logging_mixin.py:190} INFO - [2024-12-20T05:30:58.622+0000] {dag.py:4180} INFO - Setting next_dagrun for example_external_task_marker_child to None, run_after=None
[2024-12-20T05:30:58.634+0000] {logging_mixin.py:190} INFO - [2024-12-20T05:30:58.634+0000] {dag.py:4180} INFO - Setting next_dagrun for example_external_task_marker_parent to None, run_after=None
[2024-12-20T05:30:58.716+0000] {processor.py:208} INFO - Processing /home/airflow/.local/lib/python3.12/site-packages/airflow/example_dags/example_external_task_marker_dag.py took 0.274 seconds
[2024-12-20T05:31:33.713+0000] {processor.py:186} INFO - Started process (PID=12854) to work on /home/airflow/.local/lib/python3.12/site-packages/airflow/example_dags/example_external_task_marker_dag.py
[2024-12-20T05:31:33.717+0000] {processor.py:914} INFO - Processing file /home/airflow/.local/lib/python3.12/site-packages/airflow/example_dags/example_external_task_marker_dag.py for tasks to queue
[2024-12-20T05:31:33.727+0000] {logging_mixin.py:190} INFO - [2024-12-20T05:31:33.725+0000] {dagbag.py:588} INFO - Filling up the DagBag from /home/airflow/.local/lib/python3.12/site-packages/airflow/example_dags/example_external_task_marker_dag.py
[2024-12-20T05:31:33.772+0000] {processor.py:925} INFO - DAG(s) 'example_external_task_marker_parent', 'example_external_task_marker_child' retrieved from /home/airflow/.local/lib/python3.12/site-packages/airflow/example_dags/example_external_task_marker_dag.py
[2024-12-20T05:31:33.872+0000] {logging_mixin.py:190} INFO - [2024-12-20T05:31:33.871+0000] {dag.py:3239} INFO - Sync 2 DAGs
[2024-12-20T05:31:33.967+0000] {logging_mixin.py:190} INFO - [2024-12-20T05:31:33.966+0000] {dag.py:4180} INFO - Setting next_dagrun for example_external_task_marker_child to None, run_after=None
[2024-12-20T05:31:33.988+0000] {logging_mixin.py:190} INFO - [2024-12-20T05:31:33.987+0000] {dag.py:4180} INFO - Setting next_dagrun for example_external_task_marker_parent to None, run_after=None
[2024-12-20T05:31:34.079+0000] {processor.py:208} INFO - Processing /home/airflow/.local/lib/python3.12/site-packages/airflow/example_dags/example_external_task_marker_dag.py took 0.391 seconds
[2024-12-20T05:32:04.461+0000] {processor.py:186} INFO - Started process (PID=12919) to work on /home/airflow/.local/lib/python3.12/site-packages/airflow/example_dags/example_external_task_marker_dag.py
[2024-12-20T05:32:04.463+0000] {processor.py:914} INFO - Processing file /home/airflow/.local/lib/python3.12/site-packages/airflow/example_dags/example_external_task_marker_dag.py for tasks to queue
[2024-12-20T05:32:04.471+0000] {logging_mixin.py:190} INFO - [2024-12-20T05:32:04.469+0000] {dagbag.py:588} INFO - Filling up the DagBag from /home/airflow/.local/lib/python3.12/site-packages/airflow/example_dags/example_external_task_marker_dag.py
[2024-12-20T05:32:04.495+0000] {processor.py:925} INFO - DAG(s) 'example_external_task_marker_parent', 'example_external_task_marker_child' retrieved from /home/airflow/.local/lib/python3.12/site-packages/airflow/example_dags/example_external_task_marker_dag.py
[2024-12-20T05:32:04.564+0000] {logging_mixin.py:190} INFO - [2024-12-20T05:32:04.563+0000] {dag.py:3239} INFO - Sync 2 DAGs
[2024-12-20T05:32:04.603+0000] {logging_mixin.py:190} INFO - [2024-12-20T05:32:04.602+0000] {dag.py:4180} INFO - Setting next_dagrun for example_external_task_marker_child to None, run_after=None
[2024-12-20T05:32:04.612+0000] {logging_mixin.py:190} INFO - [2024-12-20T05:32:04.612+0000] {dag.py:4180} INFO - Setting next_dagrun for example_external_task_marker_parent to None, run_after=None
[2024-12-20T05:32:04.651+0000] {processor.py:208} INFO - Processing /home/airflow/.local/lib/python3.12/site-packages/airflow/example_dags/example_external_task_marker_dag.py took 0.204 seconds
[2024-12-20T05:32:37.771+0000] {processor.py:186} INFO - Started process (PID=12984) to work on /home/airflow/.local/lib/python3.12/site-packages/airflow/example_dags/example_external_task_marker_dag.py
[2024-12-20T05:32:37.785+0000] {processor.py:914} INFO - Processing file /home/airflow/.local/lib/python3.12/site-packages/airflow/example_dags/example_external_task_marker_dag.py for tasks to queue
[2024-12-20T05:32:37.807+0000] {logging_mixin.py:190} INFO - [2024-12-20T05:32:37.805+0000] {dagbag.py:588} INFO - Filling up the DagBag from /home/airflow/.local/lib/python3.12/site-packages/airflow/example_dags/example_external_task_marker_dag.py
[2024-12-20T05:32:37.878+0000] {processor.py:925} INFO - DAG(s) 'example_external_task_marker_child', 'example_external_task_marker_parent' retrieved from /home/airflow/.local/lib/python3.12/site-packages/airflow/example_dags/example_external_task_marker_dag.py
[2024-12-20T05:32:38.075+0000] {logging_mixin.py:190} INFO - [2024-12-20T05:32:38.074+0000] {dag.py:3239} INFO - Sync 2 DAGs
[2024-12-20T05:32:38.228+0000] {logging_mixin.py:190} INFO - [2024-12-20T05:32:38.227+0000] {dag.py:4180} INFO - Setting next_dagrun for example_external_task_marker_child to None, run_after=None
[2024-12-20T05:32:38.279+0000] {logging_mixin.py:190} INFO - [2024-12-20T05:32:38.278+0000] {dag.py:4180} INFO - Setting next_dagrun for example_external_task_marker_parent to None, run_after=None
[2024-12-20T05:32:38.438+0000] {processor.py:208} INFO - Processing /home/airflow/.local/lib/python3.12/site-packages/airflow/example_dags/example_external_task_marker_dag.py took 0.724 seconds
[2024-12-20T05:33:09.901+0000] {processor.py:186} INFO - Started process (PID=13049) to work on /home/airflow/.local/lib/python3.12/site-packages/airflow/example_dags/example_external_task_marker_dag.py
[2024-12-20T05:33:09.908+0000] {processor.py:914} INFO - Processing file /home/airflow/.local/lib/python3.12/site-packages/airflow/example_dags/example_external_task_marker_dag.py for tasks to queue
[2024-12-20T05:33:09.933+0000] {logging_mixin.py:190} INFO - [2024-12-20T05:33:09.926+0000] {dagbag.py:588} INFO - Filling up the DagBag from /home/airflow/.local/lib/python3.12/site-packages/airflow/example_dags/example_external_task_marker_dag.py
[2024-12-20T05:33:09.985+0000] {processor.py:925} INFO - DAG(s) 'example_external_task_marker_child', 'example_external_task_marker_parent' retrieved from /home/airflow/.local/lib/python3.12/site-packages/airflow/example_dags/example_external_task_marker_dag.py
[2024-12-20T05:33:10.107+0000] {logging_mixin.py:190} INFO - [2024-12-20T05:33:10.106+0000] {dag.py:3239} INFO - Sync 2 DAGs
[2024-12-20T05:33:10.211+0000] {logging_mixin.py:190} INFO - [2024-12-20T05:33:10.209+0000] {dag.py:4180} INFO - Setting next_dagrun for example_external_task_marker_child to None, run_after=None
[2024-12-20T05:33:10.239+0000] {logging_mixin.py:190} INFO - [2024-12-20T05:33:10.238+0000] {dag.py:4180} INFO - Setting next_dagrun for example_external_task_marker_parent to None, run_after=None
[2024-12-20T05:33:10.379+0000] {processor.py:208} INFO - Processing /home/airflow/.local/lib/python3.12/site-packages/airflow/example_dags/example_external_task_marker_dag.py took 0.528 seconds
[2024-12-20T05:33:41.279+0000] {processor.py:186} INFO - Started process (PID=13113) to work on /home/airflow/.local/lib/python3.12/site-packages/airflow/example_dags/example_external_task_marker_dag.py
[2024-12-20T05:33:41.281+0000] {processor.py:914} INFO - Processing file /home/airflow/.local/lib/python3.12/site-packages/airflow/example_dags/example_external_task_marker_dag.py for tasks to queue
[2024-12-20T05:33:41.285+0000] {logging_mixin.py:190} INFO - [2024-12-20T05:33:41.285+0000] {dagbag.py:588} INFO - Filling up the DagBag from /home/airflow/.local/lib/python3.12/site-packages/airflow/example_dags/example_external_task_marker_dag.py
[2024-12-20T05:33:41.300+0000] {processor.py:925} INFO - DAG(s) 'example_external_task_marker_parent', 'example_external_task_marker_child' retrieved from /home/airflow/.local/lib/python3.12/site-packages/airflow/example_dags/example_external_task_marker_dag.py
[2024-12-20T05:33:41.339+0000] {logging_mixin.py:190} INFO - [2024-12-20T05:33:41.339+0000] {dag.py:3239} INFO - Sync 2 DAGs
[2024-12-20T05:33:41.365+0000] {logging_mixin.py:190} INFO - [2024-12-20T05:33:41.364+0000] {dag.py:4180} INFO - Setting next_dagrun for example_external_task_marker_child to None, run_after=None
[2024-12-20T05:33:41.372+0000] {logging_mixin.py:190} INFO - [2024-12-20T05:33:41.372+0000] {dag.py:4180} INFO - Setting next_dagrun for example_external_task_marker_parent to None, run_after=None
[2024-12-20T05:33:41.399+0000] {processor.py:208} INFO - Processing /home/airflow/.local/lib/python3.12/site-packages/airflow/example_dags/example_external_task_marker_dag.py took 0.133 seconds
[2024-12-20T05:34:17.164+0000] {processor.py:186} INFO - Started process (PID=13179) to work on /home/airflow/.local/lib/python3.12/site-packages/airflow/example_dags/example_external_task_marker_dag.py
[2024-12-20T05:34:17.167+0000] {processor.py:914} INFO - Processing file /home/airflow/.local/lib/python3.12/site-packages/airflow/example_dags/example_external_task_marker_dag.py for tasks to queue
[2024-12-20T05:34:17.175+0000] {logging_mixin.py:190} INFO - [2024-12-20T05:34:17.174+0000] {dagbag.py:588} INFO - Filling up the DagBag from /home/airflow/.local/lib/python3.12/site-packages/airflow/example_dags/example_external_task_marker_dag.py
[2024-12-20T05:34:17.205+0000] {processor.py:925} INFO - DAG(s) 'example_external_task_marker_parent', 'example_external_task_marker_child' retrieved from /home/airflow/.local/lib/python3.12/site-packages/airflow/example_dags/example_external_task_marker_dag.py
[2024-12-20T05:34:17.267+0000] {logging_mixin.py:190} INFO - [2024-12-20T05:34:17.266+0000] {dag.py:3239} INFO - Sync 2 DAGs
[2024-12-20T05:34:17.339+0000] {logging_mixin.py:190} INFO - [2024-12-20T05:34:17.339+0000] {dag.py:4180} INFO - Setting next_dagrun for example_external_task_marker_child to None, run_after=None
[2024-12-20T05:34:17.356+0000] {logging_mixin.py:190} INFO - [2024-12-20T05:34:17.355+0000] {dag.py:4180} INFO - Setting next_dagrun for example_external_task_marker_parent to None, run_after=None
[2024-12-20T05:34:17.410+0000] {processor.py:208} INFO - Processing /home/airflow/.local/lib/python3.12/site-packages/airflow/example_dags/example_external_task_marker_dag.py took 0.265 seconds
[2024-12-20T05:34:48.654+0000] {processor.py:186} INFO - Started process (PID=13244) to work on /home/airflow/.local/lib/python3.12/site-packages/airflow/example_dags/example_external_task_marker_dag.py
[2024-12-20T05:34:48.657+0000] {processor.py:914} INFO - Processing file /home/airflow/.local/lib/python3.12/site-packages/airflow/example_dags/example_external_task_marker_dag.py for tasks to queue
[2024-12-20T05:34:48.665+0000] {logging_mixin.py:190} INFO - [2024-12-20T05:34:48.664+0000] {dagbag.py:588} INFO - Filling up the DagBag from /home/airflow/.local/lib/python3.12/site-packages/airflow/example_dags/example_external_task_marker_dag.py
[2024-12-20T05:34:48.694+0000] {processor.py:925} INFO - DAG(s) 'example_external_task_marker_parent', 'example_external_task_marker_child' retrieved from /home/airflow/.local/lib/python3.12/site-packages/airflow/example_dags/example_external_task_marker_dag.py
[2024-12-20T05:34:48.757+0000] {logging_mixin.py:190} INFO - [2024-12-20T05:34:48.756+0000] {dag.py:3239} INFO - Sync 2 DAGs
[2024-12-20T05:34:48.805+0000] {logging_mixin.py:190} INFO - [2024-12-20T05:34:48.804+0000] {dag.py:4180} INFO - Setting next_dagrun for example_external_task_marker_child to None, run_after=None
[2024-12-20T05:34:48.817+0000] {logging_mixin.py:190} INFO - [2024-12-20T05:34:48.816+0000] {dag.py:4180} INFO - Setting next_dagrun for example_external_task_marker_parent to None, run_after=None
[2024-12-20T05:34:48.864+0000] {processor.py:208} INFO - Processing /home/airflow/.local/lib/python3.12/site-packages/airflow/example_dags/example_external_task_marker_dag.py took 0.229 seconds
[2024-12-20T05:35:21.410+0000] {processor.py:186} INFO - Started process (PID=13309) to work on /home/airflow/.local/lib/python3.12/site-packages/airflow/example_dags/example_external_task_marker_dag.py
[2024-12-20T05:35:21.413+0000] {processor.py:914} INFO - Processing file /home/airflow/.local/lib/python3.12/site-packages/airflow/example_dags/example_external_task_marker_dag.py for tasks to queue
[2024-12-20T05:35:21.420+0000] {logging_mixin.py:190} INFO - [2024-12-20T05:35:21.419+0000] {dagbag.py:588} INFO - Filling up the DagBag from /home/airflow/.local/lib/python3.12/site-packages/airflow/example_dags/example_external_task_marker_dag.py
[2024-12-20T05:35:21.447+0000] {processor.py:925} INFO - DAG(s) 'example_external_task_marker_child', 'example_external_task_marker_parent' retrieved from /home/airflow/.local/lib/python3.12/site-packages/airflow/example_dags/example_external_task_marker_dag.py
[2024-12-20T05:35:21.516+0000] {logging_mixin.py:190} INFO - [2024-12-20T05:35:21.516+0000] {dag.py:3239} INFO - Sync 2 DAGs
[2024-12-20T05:35:21.557+0000] {logging_mixin.py:190} INFO - [2024-12-20T05:35:21.557+0000] {dag.py:4180} INFO - Setting next_dagrun for example_external_task_marker_child to None, run_after=None
[2024-12-20T05:35:21.571+0000] {logging_mixin.py:190} INFO - [2024-12-20T05:35:21.570+0000] {dag.py:4180} INFO - Setting next_dagrun for example_external_task_marker_parent to None, run_after=None
[2024-12-20T05:35:21.635+0000] {processor.py:208} INFO - Processing /home/airflow/.local/lib/python3.12/site-packages/airflow/example_dags/example_external_task_marker_dag.py took 0.242 seconds
[2024-12-20T05:35:53.972+0000] {processor.py:186} INFO - Started process (PID=13374) to work on /home/airflow/.local/lib/python3.12/site-packages/airflow/example_dags/example_external_task_marker_dag.py
[2024-12-20T05:35:53.974+0000] {processor.py:914} INFO - Processing file /home/airflow/.local/lib/python3.12/site-packages/airflow/example_dags/example_external_task_marker_dag.py for tasks to queue
[2024-12-20T05:35:53.982+0000] {logging_mixin.py:190} INFO - [2024-12-20T05:35:53.980+0000] {dagbag.py:588} INFO - Filling up the DagBag from /home/airflow/.local/lib/python3.12/site-packages/airflow/example_dags/example_external_task_marker_dag.py
[2024-12-20T05:35:54.011+0000] {processor.py:925} INFO - DAG(s) 'example_external_task_marker_child', 'example_external_task_marker_parent' retrieved from /home/airflow/.local/lib/python3.12/site-packages/airflow/example_dags/example_external_task_marker_dag.py
[2024-12-20T05:35:54.076+0000] {logging_mixin.py:190} INFO - [2024-12-20T05:35:54.076+0000] {dag.py:3239} INFO - Sync 2 DAGs
[2024-12-20T05:35:54.121+0000] {logging_mixin.py:190} INFO - [2024-12-20T05:35:54.120+0000] {dag.py:4180} INFO - Setting next_dagrun for example_external_task_marker_child to None, run_after=None
[2024-12-20T05:35:54.132+0000] {logging_mixin.py:190} INFO - [2024-12-20T05:35:54.131+0000] {dag.py:4180} INFO - Setting next_dagrun for example_external_task_marker_parent to None, run_after=None
[2024-12-20T05:35:54.211+0000] {processor.py:208} INFO - Processing /home/airflow/.local/lib/python3.12/site-packages/airflow/example_dags/example_external_task_marker_dag.py took 0.258 seconds
[2024-12-20T05:36:29.685+0000] {processor.py:186} INFO - Started process (PID=13440) to work on /home/airflow/.local/lib/python3.12/site-packages/airflow/example_dags/example_external_task_marker_dag.py
[2024-12-20T05:36:29.688+0000] {processor.py:914} INFO - Processing file /home/airflow/.local/lib/python3.12/site-packages/airflow/example_dags/example_external_task_marker_dag.py for tasks to queue
[2024-12-20T05:36:29.698+0000] {logging_mixin.py:190} INFO - [2024-12-20T05:36:29.696+0000] {dagbag.py:588} INFO - Filling up the DagBag from /home/airflow/.local/lib/python3.12/site-packages/airflow/example_dags/example_external_task_marker_dag.py
[2024-12-20T05:36:29.719+0000] {processor.py:925} INFO - DAG(s) 'example_external_task_marker_child', 'example_external_task_marker_parent' retrieved from /home/airflow/.local/lib/python3.12/site-packages/airflow/example_dags/example_external_task_marker_dag.py
[2024-12-20T05:36:29.786+0000] {logging_mixin.py:190} INFO - [2024-12-20T05:36:29.785+0000] {dag.py:3239} INFO - Sync 2 DAGs
[2024-12-20T05:36:29.830+0000] {logging_mixin.py:190} INFO - [2024-12-20T05:36:29.829+0000] {dag.py:4180} INFO - Setting next_dagrun for example_external_task_marker_child to None, run_after=None
[2024-12-20T05:36:29.843+0000] {logging_mixin.py:190} INFO - [2024-12-20T05:36:29.843+0000] {dag.py:4180} INFO - Setting next_dagrun for example_external_task_marker_parent to None, run_after=None
[2024-12-20T05:36:29.897+0000] {processor.py:208} INFO - Processing /home/airflow/.local/lib/python3.12/site-packages/airflow/example_dags/example_external_task_marker_dag.py took 0.242 seconds
[2024-12-20T05:37:00.802+0000] {processor.py:186} INFO - Started process (PID=13505) to work on /home/airflow/.local/lib/python3.12/site-packages/airflow/example_dags/example_external_task_marker_dag.py
[2024-12-20T05:37:00.804+0000] {processor.py:914} INFO - Processing file /home/airflow/.local/lib/python3.12/site-packages/airflow/example_dags/example_external_task_marker_dag.py for tasks to queue
[2024-12-20T05:37:00.811+0000] {logging_mixin.py:190} INFO - [2024-12-20T05:37:00.810+0000] {dagbag.py:588} INFO - Filling up the DagBag from /home/airflow/.local/lib/python3.12/site-packages/airflow/example_dags/example_external_task_marker_dag.py
[2024-12-20T05:37:00.829+0000] {processor.py:925} INFO - DAG(s) 'example_external_task_marker_child', 'example_external_task_marker_parent' retrieved from /home/airflow/.local/lib/python3.12/site-packages/airflow/example_dags/example_external_task_marker_dag.py
[2024-12-20T05:37:00.887+0000] {logging_mixin.py:190} INFO - [2024-12-20T05:37:00.886+0000] {dag.py:3239} INFO - Sync 2 DAGs
[2024-12-20T05:37:00.927+0000] {logging_mixin.py:190} INFO - [2024-12-20T05:37:00.926+0000] {dag.py:4180} INFO - Setting next_dagrun for example_external_task_marker_child to None, run_after=None
[2024-12-20T05:37:00.935+0000] {logging_mixin.py:190} INFO - [2024-12-20T05:37:00.935+0000] {dag.py:4180} INFO - Setting next_dagrun for example_external_task_marker_parent to None, run_after=None
[2024-12-20T05:37:01.009+0000] {processor.py:208} INFO - Processing /home/airflow/.local/lib/python3.12/site-packages/airflow/example_dags/example_external_task_marker_dag.py took 0.223 seconds
[2024-12-20T05:37:31.490+0000] {processor.py:186} INFO - Started process (PID=13570) to work on /home/airflow/.local/lib/python3.12/site-packages/airflow/example_dags/example_external_task_marker_dag.py
[2024-12-20T05:37:31.492+0000] {processor.py:914} INFO - Processing file /home/airflow/.local/lib/python3.12/site-packages/airflow/example_dags/example_external_task_marker_dag.py for tasks to queue
[2024-12-20T05:37:31.497+0000] {logging_mixin.py:190} INFO - [2024-12-20T05:37:31.497+0000] {dagbag.py:588} INFO - Filling up the DagBag from /home/airflow/.local/lib/python3.12/site-packages/airflow/example_dags/example_external_task_marker_dag.py
[2024-12-20T05:37:31.518+0000] {processor.py:925} INFO - DAG(s) 'example_external_task_marker_child', 'example_external_task_marker_parent' retrieved from /home/airflow/.local/lib/python3.12/site-packages/airflow/example_dags/example_external_task_marker_dag.py
[2024-12-20T05:37:31.574+0000] {logging_mixin.py:190} INFO - [2024-12-20T05:37:31.573+0000] {dag.py:3239} INFO - Sync 2 DAGs
[2024-12-20T05:37:31.634+0000] {logging_mixin.py:190} INFO - [2024-12-20T05:37:31.633+0000] {dag.py:4180} INFO - Setting next_dagrun for example_external_task_marker_child to None, run_after=None
[2024-12-20T05:37:31.650+0000] {logging_mixin.py:190} INFO - [2024-12-20T05:37:31.649+0000] {dag.py:4180} INFO - Setting next_dagrun for example_external_task_marker_parent to None, run_after=None
[2024-12-20T05:37:31.715+0000] {processor.py:208} INFO - Processing /home/airflow/.local/lib/python3.12/site-packages/airflow/example_dags/example_external_task_marker_dag.py took 0.241 seconds
[2024-12-20T05:38:02.041+0000] {processor.py:186} INFO - Started process (PID=13634) to work on /home/airflow/.local/lib/python3.12/site-packages/airflow/example_dags/example_external_task_marker_dag.py
[2024-12-20T05:38:02.044+0000] {processor.py:914} INFO - Processing file /home/airflow/.local/lib/python3.12/site-packages/airflow/example_dags/example_external_task_marker_dag.py for tasks to queue
[2024-12-20T05:38:02.050+0000] {logging_mixin.py:190} INFO - [2024-12-20T05:38:02.049+0000] {dagbag.py:588} INFO - Filling up the DagBag from /home/airflow/.local/lib/python3.12/site-packages/airflow/example_dags/example_external_task_marker_dag.py
[2024-12-20T05:38:02.070+0000] {processor.py:925} INFO - DAG(s) 'example_external_task_marker_child', 'example_external_task_marker_parent' retrieved from /home/airflow/.local/lib/python3.12/site-packages/airflow/example_dags/example_external_task_marker_dag.py
[2024-12-20T05:38:02.122+0000] {logging_mixin.py:190} INFO - [2024-12-20T05:38:02.122+0000] {dag.py:3239} INFO - Sync 2 DAGs
[2024-12-20T05:38:02.162+0000] {logging_mixin.py:190} INFO - [2024-12-20T05:38:02.161+0000] {dag.py:4180} INFO - Setting next_dagrun for example_external_task_marker_child to None, run_after=None
[2024-12-20T05:38:02.175+0000] {logging_mixin.py:190} INFO - [2024-12-20T05:38:02.174+0000] {dag.py:4180} INFO - Setting next_dagrun for example_external_task_marker_parent to None, run_after=None
[2024-12-20T05:38:02.214+0000] {processor.py:208} INFO - Processing /home/airflow/.local/lib/python3.12/site-packages/airflow/example_dags/example_external_task_marker_dag.py took 0.188 seconds
[2024-12-20T05:38:33.812+0000] {processor.py:186} INFO - Started process (PID=13706) to work on /home/airflow/.local/lib/python3.12/site-packages/airflow/example_dags/example_external_task_marker_dag.py
[2024-12-20T05:38:33.816+0000] {processor.py:914} INFO - Processing file /home/airflow/.local/lib/python3.12/site-packages/airflow/example_dags/example_external_task_marker_dag.py for tasks to queue
[2024-12-20T05:38:33.827+0000] {logging_mixin.py:190} INFO - [2024-12-20T05:38:33.825+0000] {dagbag.py:588} INFO - Filling up the DagBag from /home/airflow/.local/lib/python3.12/site-packages/airflow/example_dags/example_external_task_marker_dag.py
[2024-12-20T05:38:33.869+0000] {processor.py:925} INFO - DAG(s) 'example_external_task_marker_child', 'example_external_task_marker_parent' retrieved from /home/airflow/.local/lib/python3.12/site-packages/airflow/example_dags/example_external_task_marker_dag.py
[2024-12-20T05:38:33.929+0000] {logging_mixin.py:190} INFO - [2024-12-20T05:38:33.928+0000] {dag.py:3239} INFO - Sync 2 DAGs
[2024-12-20T05:38:33.972+0000] {logging_mixin.py:190} INFO - [2024-12-20T05:38:33.971+0000] {dag.py:4180} INFO - Setting next_dagrun for example_external_task_marker_child to None, run_after=None
[2024-12-20T05:38:33.983+0000] {logging_mixin.py:190} INFO - [2024-12-20T05:38:33.982+0000] {dag.py:4180} INFO - Setting next_dagrun for example_external_task_marker_parent to None, run_after=None
[2024-12-20T05:38:34.064+0000] {processor.py:208} INFO - Processing /home/airflow/.local/lib/python3.12/site-packages/airflow/example_dags/example_external_task_marker_dag.py took 0.277 seconds
[2024-12-20T05:39:05.646+0000] {processor.py:186} INFO - Started process (PID=13771) to work on /home/airflow/.local/lib/python3.12/site-packages/airflow/example_dags/example_external_task_marker_dag.py
[2024-12-20T05:39:05.649+0000] {processor.py:914} INFO - Processing file /home/airflow/.local/lib/python3.12/site-packages/airflow/example_dags/example_external_task_marker_dag.py for tasks to queue
[2024-12-20T05:39:05.658+0000] {logging_mixin.py:190} INFO - [2024-12-20T05:39:05.657+0000] {dagbag.py:588} INFO - Filling up the DagBag from /home/airflow/.local/lib/python3.12/site-packages/airflow/example_dags/example_external_task_marker_dag.py
[2024-12-20T05:39:05.686+0000] {processor.py:925} INFO - DAG(s) 'example_external_task_marker_child', 'example_external_task_marker_parent' retrieved from /home/airflow/.local/lib/python3.12/site-packages/airflow/example_dags/example_external_task_marker_dag.py
[2024-12-20T05:39:05.758+0000] {logging_mixin.py:190} INFO - [2024-12-20T05:39:05.757+0000] {dag.py:3239} INFO - Sync 2 DAGs
[2024-12-20T05:39:05.812+0000] {logging_mixin.py:190} INFO - [2024-12-20T05:39:05.811+0000] {dag.py:4180} INFO - Setting next_dagrun for example_external_task_marker_child to None, run_after=None
[2024-12-20T05:39:05.827+0000] {logging_mixin.py:190} INFO - [2024-12-20T05:39:05.826+0000] {dag.py:4180} INFO - Setting next_dagrun for example_external_task_marker_parent to None, run_after=None
[2024-12-20T05:39:05.913+0000] {processor.py:208} INFO - Processing /home/airflow/.local/lib/python3.12/site-packages/airflow/example_dags/example_external_task_marker_dag.py took 0.289 seconds
[2024-12-20T05:39:37.269+0000] {processor.py:186} INFO - Started process (PID=13836) to work on /home/airflow/.local/lib/python3.12/site-packages/airflow/example_dags/example_external_task_marker_dag.py
[2024-12-20T05:39:37.272+0000] {processor.py:914} INFO - Processing file /home/airflow/.local/lib/python3.12/site-packages/airflow/example_dags/example_external_task_marker_dag.py for tasks to queue
[2024-12-20T05:39:37.281+0000] {logging_mixin.py:190} INFO - [2024-12-20T05:39:37.279+0000] {dagbag.py:588} INFO - Filling up the DagBag from /home/airflow/.local/lib/python3.12/site-packages/airflow/example_dags/example_external_task_marker_dag.py
[2024-12-20T05:39:37.326+0000] {processor.py:925} INFO - DAG(s) 'example_external_task_marker_child', 'example_external_task_marker_parent' retrieved from /home/airflow/.local/lib/python3.12/site-packages/airflow/example_dags/example_external_task_marker_dag.py
[2024-12-20T05:39:37.416+0000] {logging_mixin.py:190} INFO - [2024-12-20T05:39:37.415+0000] {dag.py:3239} INFO - Sync 2 DAGs
[2024-12-20T05:39:37.503+0000] {logging_mixin.py:190} INFO - [2024-12-20T05:39:37.500+0000] {dag.py:4180} INFO - Setting next_dagrun for example_external_task_marker_child to None, run_after=None
[2024-12-20T05:39:37.517+0000] {logging_mixin.py:190} INFO - [2024-12-20T05:39:37.517+0000] {dag.py:4180} INFO - Setting next_dagrun for example_external_task_marker_parent to None, run_after=None
[2024-12-20T05:39:37.610+0000] {processor.py:208} INFO - Processing /home/airflow/.local/lib/python3.12/site-packages/airflow/example_dags/example_external_task_marker_dag.py took 0.373 seconds
[2024-12-20T05:40:08.806+0000] {processor.py:186} INFO - Started process (PID=13901) to work on /home/airflow/.local/lib/python3.12/site-packages/airflow/example_dags/example_external_task_marker_dag.py
[2024-12-20T05:40:08.808+0000] {processor.py:914} INFO - Processing file /home/airflow/.local/lib/python3.12/site-packages/airflow/example_dags/example_external_task_marker_dag.py for tasks to queue
[2024-12-20T05:40:08.817+0000] {logging_mixin.py:190} INFO - [2024-12-20T05:40:08.816+0000] {dagbag.py:588} INFO - Filling up the DagBag from /home/airflow/.local/lib/python3.12/site-packages/airflow/example_dags/example_external_task_marker_dag.py
[2024-12-20T05:40:08.845+0000] {processor.py:925} INFO - DAG(s) 'example_external_task_marker_child', 'example_external_task_marker_parent' retrieved from /home/airflow/.local/lib/python3.12/site-packages/airflow/example_dags/example_external_task_marker_dag.py
[2024-12-20T05:40:08.902+0000] {logging_mixin.py:190} INFO - [2024-12-20T05:40:08.902+0000] {dag.py:3239} INFO - Sync 2 DAGs
[2024-12-20T05:40:08.960+0000] {logging_mixin.py:190} INFO - [2024-12-20T05:40:08.959+0000] {dag.py:4180} INFO - Setting next_dagrun for example_external_task_marker_child to None, run_after=None
[2024-12-20T05:40:08.969+0000] {logging_mixin.py:190} INFO - [2024-12-20T05:40:08.968+0000] {dag.py:4180} INFO - Setting next_dagrun for example_external_task_marker_parent to None, run_after=None
[2024-12-20T05:40:09.050+0000] {processor.py:208} INFO - Processing /home/airflow/.local/lib/python3.12/site-packages/airflow/example_dags/example_external_task_marker_dag.py took 0.260 seconds
[2024-12-20T05:40:39.293+0000] {processor.py:186} INFO - Started process (PID=13966) to work on /home/airflow/.local/lib/python3.12/site-packages/airflow/example_dags/example_external_task_marker_dag.py
[2024-12-20T05:40:39.295+0000] {processor.py:914} INFO - Processing file /home/airflow/.local/lib/python3.12/site-packages/airflow/example_dags/example_external_task_marker_dag.py for tasks to queue
[2024-12-20T05:40:39.299+0000] {logging_mixin.py:190} INFO - [2024-12-20T05:40:39.299+0000] {dagbag.py:588} INFO - Filling up the DagBag from /home/airflow/.local/lib/python3.12/site-packages/airflow/example_dags/example_external_task_marker_dag.py
[2024-12-20T05:40:39.313+0000] {processor.py:925} INFO - DAG(s) 'example_external_task_marker_child', 'example_external_task_marker_parent' retrieved from /home/airflow/.local/lib/python3.12/site-packages/airflow/example_dags/example_external_task_marker_dag.py
[2024-12-20T05:40:39.351+0000] {logging_mixin.py:190} INFO - [2024-12-20T05:40:39.351+0000] {dag.py:3239} INFO - Sync 2 DAGs
[2024-12-20T05:40:39.376+0000] {logging_mixin.py:190} INFO - [2024-12-20T05:40:39.376+0000] {dag.py:4180} INFO - Setting next_dagrun for example_external_task_marker_child to None, run_after=None
[2024-12-20T05:40:39.383+0000] {logging_mixin.py:190} INFO - [2024-12-20T05:40:39.383+0000] {dag.py:4180} INFO - Setting next_dagrun for example_external_task_marker_parent to None, run_after=None
[2024-12-20T05:40:39.446+0000] {processor.py:208} INFO - Processing /home/airflow/.local/lib/python3.12/site-packages/airflow/example_dags/example_external_task_marker_dag.py took 0.163 seconds
[2024-12-20T05:41:10.216+0000] {processor.py:186} INFO - Started process (PID=14030) to work on /home/airflow/.local/lib/python3.12/site-packages/airflow/example_dags/example_external_task_marker_dag.py
[2024-12-20T05:41:10.219+0000] {processor.py:914} INFO - Processing file /home/airflow/.local/lib/python3.12/site-packages/airflow/example_dags/example_external_task_marker_dag.py for tasks to queue
[2024-12-20T05:41:10.226+0000] {logging_mixin.py:190} INFO - [2024-12-20T05:41:10.225+0000] {dagbag.py:588} INFO - Filling up the DagBag from /home/airflow/.local/lib/python3.12/site-packages/airflow/example_dags/example_external_task_marker_dag.py
[2024-12-20T05:41:10.251+0000] {processor.py:925} INFO - DAG(s) 'example_external_task_marker_child', 'example_external_task_marker_parent' retrieved from /home/airflow/.local/lib/python3.12/site-packages/airflow/example_dags/example_external_task_marker_dag.py
[2024-12-20T05:41:10.302+0000] {logging_mixin.py:190} INFO - [2024-12-20T05:41:10.301+0000] {dag.py:3239} INFO - Sync 2 DAGs
[2024-12-20T05:41:10.337+0000] {logging_mixin.py:190} INFO - [2024-12-20T05:41:10.336+0000] {dag.py:4180} INFO - Setting next_dagrun for example_external_task_marker_child to None, run_after=None
[2024-12-20T05:41:10.346+0000] {logging_mixin.py:190} INFO - [2024-12-20T05:41:10.345+0000] {dag.py:4180} INFO - Setting next_dagrun for example_external_task_marker_parent to None, run_after=None
[2024-12-20T05:41:10.436+0000] {processor.py:208} INFO - Processing /home/airflow/.local/lib/python3.12/site-packages/airflow/example_dags/example_external_task_marker_dag.py took 0.242 seconds
[2024-12-20T05:41:41.529+0000] {processor.py:186} INFO - Started process (PID=14096) to work on /home/airflow/.local/lib/python3.12/site-packages/airflow/example_dags/example_external_task_marker_dag.py
[2024-12-20T05:41:41.531+0000] {processor.py:914} INFO - Processing file /home/airflow/.local/lib/python3.12/site-packages/airflow/example_dags/example_external_task_marker_dag.py for tasks to queue
[2024-12-20T05:41:41.538+0000] {logging_mixin.py:190} INFO - [2024-12-20T05:41:41.538+0000] {dagbag.py:588} INFO - Filling up the DagBag from /home/airflow/.local/lib/python3.12/site-packages/airflow/example_dags/example_external_task_marker_dag.py
[2024-12-20T05:41:41.559+0000] {processor.py:925} INFO - DAG(s) 'example_external_task_marker_parent', 'example_external_task_marker_child' retrieved from /home/airflow/.local/lib/python3.12/site-packages/airflow/example_dags/example_external_task_marker_dag.py
[2024-12-20T05:41:41.620+0000] {logging_mixin.py:190} INFO - [2024-12-20T05:41:41.620+0000] {dag.py:3239} INFO - Sync 2 DAGs
[2024-12-20T05:41:41.667+0000] {logging_mixin.py:190} INFO - [2024-12-20T05:41:41.667+0000] {dag.py:4180} INFO - Setting next_dagrun for example_external_task_marker_child to None, run_after=None
[2024-12-20T05:41:41.679+0000] {logging_mixin.py:190} INFO - [2024-12-20T05:41:41.678+0000] {dag.py:4180} INFO - Setting next_dagrun for example_external_task_marker_parent to None, run_after=None
[2024-12-20T05:41:41.768+0000] {processor.py:208} INFO - Processing /home/airflow/.local/lib/python3.12/site-packages/airflow/example_dags/example_external_task_marker_dag.py took 0.256 seconds
[2024-12-20T05:42:13.926+0000] {processor.py:186} INFO - Started process (PID=14161) to work on /home/airflow/.local/lib/python3.12/site-packages/airflow/example_dags/example_external_task_marker_dag.py
[2024-12-20T05:42:13.934+0000] {processor.py:914} INFO - Processing file /home/airflow/.local/lib/python3.12/site-packages/airflow/example_dags/example_external_task_marker_dag.py for tasks to queue
[2024-12-20T05:42:13.953+0000] {logging_mixin.py:190} INFO - [2024-12-20T05:42:13.951+0000] {dagbag.py:588} INFO - Filling up the DagBag from /home/airflow/.local/lib/python3.12/site-packages/airflow/example_dags/example_external_task_marker_dag.py
[2024-12-20T05:42:14.015+0000] {processor.py:925} INFO - DAG(s) 'example_external_task_marker_parent', 'example_external_task_marker_child' retrieved from /home/airflow/.local/lib/python3.12/site-packages/airflow/example_dags/example_external_task_marker_dag.py
[2024-12-20T05:42:14.107+0000] {logging_mixin.py:190} INFO - [2024-12-20T05:42:14.106+0000] {dag.py:3239} INFO - Sync 2 DAGs
[2024-12-20T05:42:14.176+0000] {logging_mixin.py:190} INFO - [2024-12-20T05:42:14.176+0000] {dag.py:4180} INFO - Setting next_dagrun for example_external_task_marker_child to None, run_after=None
[2024-12-20T05:42:14.197+0000] {logging_mixin.py:190} INFO - [2024-12-20T05:42:14.196+0000] {dag.py:4180} INFO - Setting next_dagrun for example_external_task_marker_parent to None, run_after=None
[2024-12-20T05:42:14.246+0000] {processor.py:208} INFO - Processing /home/airflow/.local/lib/python3.12/site-packages/airflow/example_dags/example_external_task_marker_dag.py took 0.345 seconds
[2024-12-20T05:42:45.117+0000] {processor.py:186} INFO - Started process (PID=14226) to work on /home/airflow/.local/lib/python3.12/site-packages/airflow/example_dags/example_external_task_marker_dag.py
[2024-12-20T05:42:45.136+0000] {processor.py:914} INFO - Processing file /home/airflow/.local/lib/python3.12/site-packages/airflow/example_dags/example_external_task_marker_dag.py for tasks to queue
[2024-12-20T05:42:45.155+0000] {logging_mixin.py:190} INFO - [2024-12-20T05:42:45.154+0000] {dagbag.py:588} INFO - Filling up the DagBag from /home/airflow/.local/lib/python3.12/site-packages/airflow/example_dags/example_external_task_marker_dag.py
[2024-12-20T05:42:45.247+0000] {processor.py:925} INFO - DAG(s) 'example_external_task_marker_child', 'example_external_task_marker_parent' retrieved from /home/airflow/.local/lib/python3.12/site-packages/airflow/example_dags/example_external_task_marker_dag.py
[2024-12-20T05:42:45.458+0000] {logging_mixin.py:190} INFO - [2024-12-20T05:42:45.457+0000] {dag.py:3239} INFO - Sync 2 DAGs
[2024-12-20T05:42:45.586+0000] {logging_mixin.py:190} INFO - [2024-12-20T05:42:45.585+0000] {dag.py:4180} INFO - Setting next_dagrun for example_external_task_marker_child to None, run_after=None
[2024-12-20T05:42:45.613+0000] {logging_mixin.py:190} INFO - [2024-12-20T05:42:45.612+0000] {dag.py:4180} INFO - Setting next_dagrun for example_external_task_marker_parent to None, run_after=None
[2024-12-20T05:42:45.790+0000] {processor.py:208} INFO - Processing /home/airflow/.local/lib/python3.12/site-packages/airflow/example_dags/example_external_task_marker_dag.py took 0.703 seconds
[2024-12-20T05:43:16.178+0000] {processor.py:186} INFO - Started process (PID=14291) to work on /home/airflow/.local/lib/python3.12/site-packages/airflow/example_dags/example_external_task_marker_dag.py
[2024-12-20T05:43:16.180+0000] {processor.py:914} INFO - Processing file /home/airflow/.local/lib/python3.12/site-packages/airflow/example_dags/example_external_task_marker_dag.py for tasks to queue
[2024-12-20T05:43:16.187+0000] {logging_mixin.py:190} INFO - [2024-12-20T05:43:16.186+0000] {dagbag.py:588} INFO - Filling up the DagBag from /home/airflow/.local/lib/python3.12/site-packages/airflow/example_dags/example_external_task_marker_dag.py
[2024-12-20T05:43:16.215+0000] {processor.py:925} INFO - DAG(s) 'example_external_task_marker_parent', 'example_external_task_marker_child' retrieved from /home/airflow/.local/lib/python3.12/site-packages/airflow/example_dags/example_external_task_marker_dag.py
[2024-12-20T05:43:16.283+0000] {logging_mixin.py:190} INFO - [2024-12-20T05:43:16.282+0000] {dag.py:3239} INFO - Sync 2 DAGs
[2024-12-20T05:43:16.347+0000] {logging_mixin.py:190} INFO - [2024-12-20T05:43:16.347+0000] {dag.py:4180} INFO - Setting next_dagrun for example_external_task_marker_child to None, run_after=None
[2024-12-20T05:43:16.364+0000] {logging_mixin.py:190} INFO - [2024-12-20T05:43:16.363+0000] {dag.py:4180} INFO - Setting next_dagrun for example_external_task_marker_parent to None, run_after=None
[2024-12-20T05:43:16.411+0000] {processor.py:208} INFO - Processing /home/airflow/.local/lib/python3.12/site-packages/airflow/example_dags/example_external_task_marker_dag.py took 0.249 seconds
[2024-12-20T05:43:48.390+0000] {processor.py:186} INFO - Started process (PID=14356) to work on /home/airflow/.local/lib/python3.12/site-packages/airflow/example_dags/example_external_task_marker_dag.py
[2024-12-20T05:43:48.393+0000] {processor.py:914} INFO - Processing file /home/airflow/.local/lib/python3.12/site-packages/airflow/example_dags/example_external_task_marker_dag.py for tasks to queue
[2024-12-20T05:43:48.400+0000] {logging_mixin.py:190} INFO - [2024-12-20T05:43:48.399+0000] {dagbag.py:588} INFO - Filling up the DagBag from /home/airflow/.local/lib/python3.12/site-packages/airflow/example_dags/example_external_task_marker_dag.py
[2024-12-20T05:43:48.427+0000] {processor.py:925} INFO - DAG(s) 'example_external_task_marker_child', 'example_external_task_marker_parent' retrieved from /home/airflow/.local/lib/python3.12/site-packages/airflow/example_dags/example_external_task_marker_dag.py
[2024-12-20T05:43:48.492+0000] {logging_mixin.py:190} INFO - [2024-12-20T05:43:48.491+0000] {dag.py:3239} INFO - Sync 2 DAGs
[2024-12-20T05:43:48.546+0000] {logging_mixin.py:190} INFO - [2024-12-20T05:43:48.546+0000] {dag.py:4180} INFO - Setting next_dagrun for example_external_task_marker_child to None, run_after=None
[2024-12-20T05:43:48.560+0000] {logging_mixin.py:190} INFO - [2024-12-20T05:43:48.560+0000] {dag.py:4180} INFO - Setting next_dagrun for example_external_task_marker_parent to None, run_after=None
[2024-12-20T05:43:48.661+0000] {processor.py:208} INFO - Processing /home/airflow/.local/lib/python3.12/site-packages/airflow/example_dags/example_external_task_marker_dag.py took 0.289 seconds
[2024-12-20T05:44:26.446+0000] {processor.py:186} INFO - Started process (PID=14422) to work on /home/airflow/.local/lib/python3.12/site-packages/airflow/example_dags/example_external_task_marker_dag.py
[2024-12-20T05:44:26.451+0000] {processor.py:914} INFO - Processing file /home/airflow/.local/lib/python3.12/site-packages/airflow/example_dags/example_external_task_marker_dag.py for tasks to queue
[2024-12-20T05:44:26.467+0000] {logging_mixin.py:190} INFO - [2024-12-20T05:44:26.460+0000] {dagbag.py:588} INFO - Filling up the DagBag from /home/airflow/.local/lib/python3.12/site-packages/airflow/example_dags/example_external_task_marker_dag.py
[2024-12-20T05:44:26.528+0000] {processor.py:925} INFO - DAG(s) 'example_external_task_marker_child', 'example_external_task_marker_parent' retrieved from /home/airflow/.local/lib/python3.12/site-packages/airflow/example_dags/example_external_task_marker_dag.py
[2024-12-20T05:44:26.629+0000] {logging_mixin.py:190} INFO - [2024-12-20T05:44:26.628+0000] {dag.py:3239} INFO - Sync 2 DAGs
[2024-12-20T05:44:26.721+0000] {logging_mixin.py:190} INFO - [2024-12-20T05:44:26.720+0000] {dag.py:4180} INFO - Setting next_dagrun for example_external_task_marker_child to None, run_after=None
[2024-12-20T05:44:26.749+0000] {logging_mixin.py:190} INFO - [2024-12-20T05:44:26.748+0000] {dag.py:4180} INFO - Setting next_dagrun for example_external_task_marker_parent to None, run_after=None
[2024-12-20T05:44:26.871+0000] {processor.py:208} INFO - Processing /home/airflow/.local/lib/python3.12/site-packages/airflow/example_dags/example_external_task_marker_dag.py took 0.486 seconds
[2024-12-20T05:44:57.517+0000] {processor.py:186} INFO - Started process (PID=14487) to work on /home/airflow/.local/lib/python3.12/site-packages/airflow/example_dags/example_external_task_marker_dag.py
[2024-12-20T05:44:57.519+0000] {processor.py:914} INFO - Processing file /home/airflow/.local/lib/python3.12/site-packages/airflow/example_dags/example_external_task_marker_dag.py for tasks to queue
[2024-12-20T05:44:57.522+0000] {logging_mixin.py:190} INFO - [2024-12-20T05:44:57.522+0000] {dagbag.py:588} INFO - Filling up the DagBag from /home/airflow/.local/lib/python3.12/site-packages/airflow/example_dags/example_external_task_marker_dag.py
[2024-12-20T05:44:57.532+0000] {processor.py:925} INFO - DAG(s) 'example_external_task_marker_parent', 'example_external_task_marker_child' retrieved from /home/airflow/.local/lib/python3.12/site-packages/airflow/example_dags/example_external_task_marker_dag.py
[2024-12-20T05:44:57.560+0000] {logging_mixin.py:190} INFO - [2024-12-20T05:44:57.559+0000] {dag.py:3239} INFO - Sync 2 DAGs
[2024-12-20T05:44:57.580+0000] {logging_mixin.py:190} INFO - [2024-12-20T05:44:57.580+0000] {dag.py:4180} INFO - Setting next_dagrun for example_external_task_marker_child to None, run_after=None
[2024-12-20T05:44:57.585+0000] {logging_mixin.py:190} INFO - [2024-12-20T05:44:57.585+0000] {dag.py:4180} INFO - Setting next_dagrun for example_external_task_marker_parent to None, run_after=None
[2024-12-20T05:44:57.642+0000] {processor.py:208} INFO - Processing /home/airflow/.local/lib/python3.12/site-packages/airflow/example_dags/example_external_task_marker_dag.py took 0.131 seconds
[2024-12-20T05:45:27.967+0000] {processor.py:186} INFO - Started process (PID=14551) to work on /home/airflow/.local/lib/python3.12/site-packages/airflow/example_dags/example_external_task_marker_dag.py
[2024-12-20T05:45:27.968+0000] {processor.py:914} INFO - Processing file /home/airflow/.local/lib/python3.12/site-packages/airflow/example_dags/example_external_task_marker_dag.py for tasks to queue
[2024-12-20T05:45:27.972+0000] {logging_mixin.py:190} INFO - [2024-12-20T05:45:27.971+0000] {dagbag.py:588} INFO - Filling up the DagBag from /home/airflow/.local/lib/python3.12/site-packages/airflow/example_dags/example_external_task_marker_dag.py
[2024-12-20T05:45:27.985+0000] {processor.py:925} INFO - DAG(s) 'example_external_task_marker_child', 'example_external_task_marker_parent' retrieved from /home/airflow/.local/lib/python3.12/site-packages/airflow/example_dags/example_external_task_marker_dag.py
[2024-12-20T05:45:28.026+0000] {logging_mixin.py:190} INFO - [2024-12-20T05:45:28.025+0000] {dag.py:3239} INFO - Sync 2 DAGs
[2024-12-20T05:45:28.078+0000] {logging_mixin.py:190} INFO - [2024-12-20T05:45:28.078+0000] {dag.py:4180} INFO - Setting next_dagrun for example_external_task_marker_child to None, run_after=None
[2024-12-20T05:45:28.087+0000] {logging_mixin.py:190} INFO - [2024-12-20T05:45:28.087+0000] {dag.py:4180} INFO - Setting next_dagrun for example_external_task_marker_parent to None, run_after=None
[2024-12-20T05:45:28.161+0000] {processor.py:208} INFO - Processing /home/airflow/.local/lib/python3.12/site-packages/airflow/example_dags/example_external_task_marker_dag.py took 0.202 seconds
[2024-12-20T05:45:59.064+0000] {processor.py:186} INFO - Started process (PID=14616) to work on /home/airflow/.local/lib/python3.12/site-packages/airflow/example_dags/example_external_task_marker_dag.py
[2024-12-20T05:45:59.070+0000] {processor.py:914} INFO - Processing file /home/airflow/.local/lib/python3.12/site-packages/airflow/example_dags/example_external_task_marker_dag.py for tasks to queue
[2024-12-20T05:45:59.085+0000] {logging_mixin.py:190} INFO - [2024-12-20T05:45:59.083+0000] {dagbag.py:588} INFO - Filling up the DagBag from /home/airflow/.local/lib/python3.12/site-packages/airflow/example_dags/example_external_task_marker_dag.py
[2024-12-20T05:45:59.134+0000] {processor.py:925} INFO - DAG(s) 'example_external_task_marker_child', 'example_external_task_marker_parent' retrieved from /home/airflow/.local/lib/python3.12/site-packages/airflow/example_dags/example_external_task_marker_dag.py
[2024-12-20T05:45:59.268+0000] {logging_mixin.py:190} INFO - [2024-12-20T05:45:59.267+0000] {dag.py:3239} INFO - Sync 2 DAGs
[2024-12-20T05:45:59.339+0000] {logging_mixin.py:190} INFO - [2024-12-20T05:45:59.338+0000] {dag.py:4180} INFO - Setting next_dagrun for example_external_task_marker_child to None, run_after=None
[2024-12-20T05:45:59.356+0000] {logging_mixin.py:190} INFO - [2024-12-20T05:45:59.356+0000] {dag.py:4180} INFO - Setting next_dagrun for example_external_task_marker_parent to None, run_after=None
[2024-12-20T05:45:59.461+0000] {processor.py:208} INFO - Processing /home/airflow/.local/lib/python3.12/site-packages/airflow/example_dags/example_external_task_marker_dag.py took 0.453 seconds
[2024-12-20T05:46:29.693+0000] {processor.py:186} INFO - Started process (PID=14681) to work on /home/airflow/.local/lib/python3.12/site-packages/airflow/example_dags/example_external_task_marker_dag.py
[2024-12-20T05:46:29.695+0000] {processor.py:914} INFO - Processing file /home/airflow/.local/lib/python3.12/site-packages/airflow/example_dags/example_external_task_marker_dag.py for tasks to queue
[2024-12-20T05:46:29.699+0000] {logging_mixin.py:190} INFO - [2024-12-20T05:46:29.698+0000] {dagbag.py:588} INFO - Filling up the DagBag from /home/airflow/.local/lib/python3.12/site-packages/airflow/example_dags/example_external_task_marker_dag.py
[2024-12-20T05:46:29.714+0000] {processor.py:925} INFO - DAG(s) 'example_external_task_marker_child', 'example_external_task_marker_parent' retrieved from /home/airflow/.local/lib/python3.12/site-packages/airflow/example_dags/example_external_task_marker_dag.py
[2024-12-20T05:46:29.754+0000] {logging_mixin.py:190} INFO - [2024-12-20T05:46:29.753+0000] {dag.py:3239} INFO - Sync 2 DAGs
[2024-12-20T05:46:29.782+0000] {logging_mixin.py:190} INFO - [2024-12-20T05:46:29.782+0000] {dag.py:4180} INFO - Setting next_dagrun for example_external_task_marker_child to None, run_after=None
[2024-12-20T05:46:29.792+0000] {logging_mixin.py:190} INFO - [2024-12-20T05:46:29.791+0000] {dag.py:4180} INFO - Setting next_dagrun for example_external_task_marker_parent to None, run_after=None
[2024-12-20T05:46:29.854+0000] {processor.py:208} INFO - Processing /home/airflow/.local/lib/python3.12/site-packages/airflow/example_dags/example_external_task_marker_dag.py took 0.176 seconds
[2024-12-20T05:47:00.076+0000] {processor.py:186} INFO - Started process (PID=14746) to work on /home/airflow/.local/lib/python3.12/site-packages/airflow/example_dags/example_external_task_marker_dag.py
[2024-12-20T05:47:00.078+0000] {processor.py:914} INFO - Processing file /home/airflow/.local/lib/python3.12/site-packages/airflow/example_dags/example_external_task_marker_dag.py for tasks to queue
[2024-12-20T05:47:00.081+0000] {logging_mixin.py:190} INFO - [2024-12-20T05:47:00.081+0000] {dagbag.py:588} INFO - Filling up the DagBag from /home/airflow/.local/lib/python3.12/site-packages/airflow/example_dags/example_external_task_marker_dag.py
[2024-12-20T05:47:00.091+0000] {processor.py:925} INFO - DAG(s) 'example_external_task_marker_parent', 'example_external_task_marker_child' retrieved from /home/airflow/.local/lib/python3.12/site-packages/airflow/example_dags/example_external_task_marker_dag.py
[2024-12-20T05:47:00.120+0000] {logging_mixin.py:190} INFO - [2024-12-20T05:47:00.120+0000] {dag.py:3239} INFO - Sync 2 DAGs
[2024-12-20T05:47:00.139+0000] {logging_mixin.py:190} INFO - [2024-12-20T05:47:00.139+0000] {dag.py:4180} INFO - Setting next_dagrun for example_external_task_marker_child to None, run_after=None
[2024-12-20T05:47:00.145+0000] {logging_mixin.py:190} INFO - [2024-12-20T05:47:00.144+0000] {dag.py:4180} INFO - Setting next_dagrun for example_external_task_marker_parent to None, run_after=None
[2024-12-20T05:47:00.187+0000] {processor.py:208} INFO - Processing /home/airflow/.local/lib/python3.12/site-packages/airflow/example_dags/example_external_task_marker_dag.py took 0.118 seconds
[2024-12-20T05:47:30.903+0000] {processor.py:186} INFO - Started process (PID=14811) to work on /home/airflow/.local/lib/python3.12/site-packages/airflow/example_dags/example_external_task_marker_dag.py
[2024-12-20T05:47:30.904+0000] {processor.py:914} INFO - Processing file /home/airflow/.local/lib/python3.12/site-packages/airflow/example_dags/example_external_task_marker_dag.py for tasks to queue
[2024-12-20T05:47:30.908+0000] {logging_mixin.py:190} INFO - [2024-12-20T05:47:30.907+0000] {dagbag.py:588} INFO - Filling up the DagBag from /home/airflow/.local/lib/python3.12/site-packages/airflow/example_dags/example_external_task_marker_dag.py
[2024-12-20T05:47:30.921+0000] {processor.py:925} INFO - DAG(s) 'example_external_task_marker_child', 'example_external_task_marker_parent' retrieved from /home/airflow/.local/lib/python3.12/site-packages/airflow/example_dags/example_external_task_marker_dag.py
[2024-12-20T05:47:30.955+0000] {logging_mixin.py:190} INFO - [2024-12-20T05:47:30.954+0000] {dag.py:3239} INFO - Sync 2 DAGs
[2024-12-20T05:47:30.976+0000] {logging_mixin.py:190} INFO - [2024-12-20T05:47:30.975+0000] {dag.py:4180} INFO - Setting next_dagrun for example_external_task_marker_child to None, run_after=None
[2024-12-20T05:47:30.982+0000] {logging_mixin.py:190} INFO - [2024-12-20T05:47:30.982+0000] {dag.py:4180} INFO - Setting next_dagrun for example_external_task_marker_parent to None, run_after=None
[2024-12-20T05:47:31.009+0000] {processor.py:208} INFO - Processing /home/airflow/.local/lib/python3.12/site-packages/airflow/example_dags/example_external_task_marker_dag.py took 0.115 seconds
[2024-12-20T05:48:28.420+0000] {processor.py:186} INFO - Started process (PID=14899) to work on /home/airflow/.local/lib/python3.12/site-packages/airflow/example_dags/example_external_task_marker_dag.py
[2024-12-20T05:48:28.426+0000] {processor.py:914} INFO - Processing file /home/airflow/.local/lib/python3.12/site-packages/airflow/example_dags/example_external_task_marker_dag.py for tasks to queue
[2024-12-20T05:48:28.440+0000] {logging_mixin.py:190} INFO - [2024-12-20T05:48:28.439+0000] {dagbag.py:588} INFO - Filling up the DagBag from /home/airflow/.local/lib/python3.12/site-packages/airflow/example_dags/example_external_task_marker_dag.py
[2024-12-20T05:48:28.485+0000] {processor.py:925} INFO - DAG(s) 'example_external_task_marker_child', 'example_external_task_marker_parent' retrieved from /home/airflow/.local/lib/python3.12/site-packages/airflow/example_dags/example_external_task_marker_dag.py
[2024-12-20T05:48:28.658+0000] {logging_mixin.py:190} INFO - [2024-12-20T05:48:28.657+0000] {dag.py:3239} INFO - Sync 2 DAGs
[2024-12-20T05:48:28.749+0000] {logging_mixin.py:190} INFO - [2024-12-20T05:48:28.747+0000] {dag.py:4180} INFO - Setting next_dagrun for example_external_task_marker_child to None, run_after=None
[2024-12-20T05:48:28.771+0000] {logging_mixin.py:190} INFO - [2024-12-20T05:48:28.771+0000] {dag.py:4180} INFO - Setting next_dagrun for example_external_task_marker_parent to None, run_after=None
[2024-12-20T05:48:28.847+0000] {processor.py:208} INFO - Processing /home/airflow/.local/lib/python3.12/site-packages/airflow/example_dags/example_external_task_marker_dag.py took 0.469 seconds
[2024-12-20T09:19:02.100+0000] {processor.py:186} INFO - Started process (PID=116) to work on /home/airflow/.local/lib/python3.12/site-packages/airflow/example_dags/example_external_task_marker_dag.py
[2024-12-20T09:19:02.105+0000] {processor.py:914} INFO - Processing file /home/airflow/.local/lib/python3.12/site-packages/airflow/example_dags/example_external_task_marker_dag.py for tasks to queue
[2024-12-20T09:19:02.115+0000] {logging_mixin.py:190} INFO - [2024-12-20T09:19:02.114+0000] {dagbag.py:588} INFO - Filling up the DagBag from /home/airflow/.local/lib/python3.12/site-packages/airflow/example_dags/example_external_task_marker_dag.py
[2024-12-20T09:19:02.152+0000] {processor.py:925} INFO - DAG(s) 'example_external_task_marker_child', 'example_external_task_marker_parent' retrieved from /home/airflow/.local/lib/python3.12/site-packages/airflow/example_dags/example_external_task_marker_dag.py
[2024-12-20T09:19:02.251+0000] {logging_mixin.py:190} INFO - [2024-12-20T09:19:02.250+0000] {dag.py:3239} INFO - Sync 2 DAGs
[2024-12-20T09:19:02.330+0000] {logging_mixin.py:190} INFO - [2024-12-20T09:19:02.330+0000] {dag.py:4180} INFO - Setting next_dagrun for example_external_task_marker_child to None, run_after=None
[2024-12-20T09:19:02.347+0000] {logging_mixin.py:190} INFO - [2024-12-20T09:19:02.346+0000] {dag.py:4180} INFO - Setting next_dagrun for example_external_task_marker_parent to None, run_after=None
[2024-12-20T09:19:02.483+0000] {processor.py:208} INFO - Processing /home/airflow/.local/lib/python3.12/site-packages/airflow/example_dags/example_external_task_marker_dag.py took 0.407 seconds
[2024-12-20T09:19:33.024+0000] {processor.py:186} INFO - Started process (PID=181) to work on /home/airflow/.local/lib/python3.12/site-packages/airflow/example_dags/example_external_task_marker_dag.py
[2024-12-20T09:19:33.027+0000] {processor.py:914} INFO - Processing file /home/airflow/.local/lib/python3.12/site-packages/airflow/example_dags/example_external_task_marker_dag.py for tasks to queue
[2024-12-20T09:19:33.033+0000] {logging_mixin.py:190} INFO - [2024-12-20T09:19:33.032+0000] {dagbag.py:588} INFO - Filling up the DagBag from /home/airflow/.local/lib/python3.12/site-packages/airflow/example_dags/example_external_task_marker_dag.py
[2024-12-20T09:19:33.080+0000] {processor.py:925} INFO - DAG(s) 'example_external_task_marker_parent', 'example_external_task_marker_child' retrieved from /home/airflow/.local/lib/python3.12/site-packages/airflow/example_dags/example_external_task_marker_dag.py
[2024-12-20T09:19:33.220+0000] {logging_mixin.py:190} INFO - [2024-12-20T09:19:33.219+0000] {dag.py:3239} INFO - Sync 2 DAGs
[2024-12-20T09:19:33.309+0000] {logging_mixin.py:190} INFO - [2024-12-20T09:19:33.308+0000] {dag.py:4180} INFO - Setting next_dagrun for example_external_task_marker_child to None, run_after=None
[2024-12-20T09:19:33.339+0000] {logging_mixin.py:190} INFO - [2024-12-20T09:19:33.338+0000] {dag.py:4180} INFO - Setting next_dagrun for example_external_task_marker_parent to None, run_after=None
[2024-12-20T09:19:33.442+0000] {processor.py:208} INFO - Processing /home/airflow/.local/lib/python3.12/site-packages/airflow/example_dags/example_external_task_marker_dag.py took 0.449 seconds
[2024-12-20T09:20:22.646+0000] {processor.py:186} INFO - Started process (PID=260) to work on /home/airflow/.local/lib/python3.12/site-packages/airflow/example_dags/example_external_task_marker_dag.py
[2024-12-20T09:20:22.660+0000] {processor.py:914} INFO - Processing file /home/airflow/.local/lib/python3.12/site-packages/airflow/example_dags/example_external_task_marker_dag.py for tasks to queue
[2024-12-20T09:20:22.669+0000] {logging_mixin.py:190} INFO - [2024-12-20T09:20:22.666+0000] {dagbag.py:588} INFO - Filling up the DagBag from /home/airflow/.local/lib/python3.12/site-packages/airflow/example_dags/example_external_task_marker_dag.py
[2024-12-20T09:20:22.754+0000] {processor.py:925} INFO - DAG(s) 'example_external_task_marker_child', 'example_external_task_marker_parent' retrieved from /home/airflow/.local/lib/python3.12/site-packages/airflow/example_dags/example_external_task_marker_dag.py
[2024-12-20T09:20:22.899+0000] {logging_mixin.py:190} INFO - [2024-12-20T09:20:22.898+0000] {dag.py:3239} INFO - Sync 2 DAGs
[2024-12-20T09:20:23.035+0000] {logging_mixin.py:190} INFO - [2024-12-20T09:20:23.034+0000] {dag.py:4180} INFO - Setting next_dagrun for example_external_task_marker_child to None, run_after=None
[2024-12-20T09:20:23.077+0000] {logging_mixin.py:190} INFO - [2024-12-20T09:20:23.076+0000] {dag.py:4180} INFO - Setting next_dagrun for example_external_task_marker_parent to None, run_after=None
[2024-12-20T09:20:23.246+0000] {processor.py:208} INFO - Processing /home/airflow/.local/lib/python3.12/site-packages/airflow/example_dags/example_external_task_marker_dag.py took 0.735 seconds
[2024-12-20T09:21:08.341+0000] {processor.py:186} INFO - Started process (PID=331) to work on /home/airflow/.local/lib/python3.12/site-packages/airflow/example_dags/example_external_task_marker_dag.py
[2024-12-20T09:21:08.360+0000] {processor.py:914} INFO - Processing file /home/airflow/.local/lib/python3.12/site-packages/airflow/example_dags/example_external_task_marker_dag.py for tasks to queue
[2024-12-20T09:21:08.374+0000] {logging_mixin.py:190} INFO - [2024-12-20T09:21:08.371+0000] {dagbag.py:588} INFO - Filling up the DagBag from /home/airflow/.local/lib/python3.12/site-packages/airflow/example_dags/example_external_task_marker_dag.py
[2024-12-20T09:21:08.446+0000] {processor.py:925} INFO - DAG(s) 'example_external_task_marker_parent', 'example_external_task_marker_child' retrieved from /home/airflow/.local/lib/python3.12/site-packages/airflow/example_dags/example_external_task_marker_dag.py
[2024-12-20T09:21:08.876+0000] {logging_mixin.py:190} INFO - [2024-12-20T09:21:08.875+0000] {dag.py:3239} INFO - Sync 2 DAGs
[2024-12-20T09:21:09.094+0000] {logging_mixin.py:190} INFO - [2024-12-20T09:21:09.093+0000] {dag.py:4180} INFO - Setting next_dagrun for example_external_task_marker_child to None, run_after=None
[2024-12-20T09:21:09.144+0000] {logging_mixin.py:190} INFO - [2024-12-20T09:21:09.143+0000] {dag.py:4180} INFO - Setting next_dagrun for example_external_task_marker_parent to None, run_after=None
[2024-12-20T09:21:09.268+0000] {processor.py:208} INFO - Processing /home/airflow/.local/lib/python3.12/site-packages/airflow/example_dags/example_external_task_marker_dag.py took 0.994 seconds
[2024-12-20T09:21:52.287+0000] {processor.py:186} INFO - Started process (PID=410) to work on /home/airflow/.local/lib/python3.12/site-packages/airflow/example_dags/example_external_task_marker_dag.py
[2024-12-20T09:21:52.293+0000] {processor.py:914} INFO - Processing file /home/airflow/.local/lib/python3.12/site-packages/airflow/example_dags/example_external_task_marker_dag.py for tasks to queue
[2024-12-20T09:21:52.300+0000] {logging_mixin.py:190} INFO - [2024-12-20T09:21:52.298+0000] {dagbag.py:588} INFO - Filling up the DagBag from /home/airflow/.local/lib/python3.12/site-packages/airflow/example_dags/example_external_task_marker_dag.py
[2024-12-20T09:21:52.368+0000] {processor.py:925} INFO - DAG(s) 'example_external_task_marker_parent', 'example_external_task_marker_child' retrieved from /home/airflow/.local/lib/python3.12/site-packages/airflow/example_dags/example_external_task_marker_dag.py
[2024-12-20T09:21:52.635+0000] {logging_mixin.py:190} INFO - [2024-12-20T09:21:52.634+0000] {dag.py:3239} INFO - Sync 2 DAGs
[2024-12-20T09:21:53.064+0000] {logging_mixin.py:190} INFO - [2024-12-20T09:21:53.021+0000] {dag.py:4180} INFO - Setting next_dagrun for example_external_task_marker_child to None, run_after=None
[2024-12-20T09:21:53.212+0000] {logging_mixin.py:190} INFO - [2024-12-20T09:21:53.211+0000] {dag.py:4180} INFO - Setting next_dagrun for example_external_task_marker_parent to None, run_after=None
[2024-12-20T09:21:53.532+0000] {processor.py:208} INFO - Processing /home/airflow/.local/lib/python3.12/site-packages/airflow/example_dags/example_external_task_marker_dag.py took 1.318 seconds
[2024-12-20T09:23:12.978+0000] {processor.py:186} INFO - Started process (PID=513) to work on /home/airflow/.local/lib/python3.12/site-packages/airflow/example_dags/example_external_task_marker_dag.py
[2024-12-20T09:23:12.981+0000] {processor.py:914} INFO - Processing file /home/airflow/.local/lib/python3.12/site-packages/airflow/example_dags/example_external_task_marker_dag.py for tasks to queue
[2024-12-20T09:23:12.985+0000] {logging_mixin.py:190} INFO - [2024-12-20T09:23:12.984+0000] {dagbag.py:588} INFO - Filling up the DagBag from /home/airflow/.local/lib/python3.12/site-packages/airflow/example_dags/example_external_task_marker_dag.py
[2024-12-20T09:23:13.019+0000] {processor.py:925} INFO - DAG(s) 'example_external_task_marker_parent', 'example_external_task_marker_child' retrieved from /home/airflow/.local/lib/python3.12/site-packages/airflow/example_dags/example_external_task_marker_dag.py
[2024-12-20T09:23:13.105+0000] {logging_mixin.py:190} INFO - [2024-12-20T09:23:13.104+0000] {dag.py:3239} INFO - Sync 2 DAGs
[2024-12-20T09:23:13.174+0000] {logging_mixin.py:190} INFO - [2024-12-20T09:23:13.174+0000] {dag.py:4180} INFO - Setting next_dagrun for example_external_task_marker_child to None, run_after=None
[2024-12-20T09:23:13.194+0000] {logging_mixin.py:190} INFO - [2024-12-20T09:23:13.193+0000] {dag.py:4180} INFO - Setting next_dagrun for example_external_task_marker_parent to None, run_after=None
[2024-12-20T09:23:13.309+0000] {processor.py:208} INFO - Processing /home/airflow/.local/lib/python3.12/site-packages/airflow/example_dags/example_external_task_marker_dag.py took 0.356 seconds
[2024-12-20T09:23:45.321+0000] {processor.py:186} INFO - Started process (PID=579) to work on /home/airflow/.local/lib/python3.12/site-packages/airflow/example_dags/example_external_task_marker_dag.py
[2024-12-20T09:23:45.325+0000] {processor.py:914} INFO - Processing file /home/airflow/.local/lib/python3.12/site-packages/airflow/example_dags/example_external_task_marker_dag.py for tasks to queue
[2024-12-20T09:23:45.331+0000] {logging_mixin.py:190} INFO - [2024-12-20T09:23:45.329+0000] {dagbag.py:588} INFO - Filling up the DagBag from /home/airflow/.local/lib/python3.12/site-packages/airflow/example_dags/example_external_task_marker_dag.py
[2024-12-20T09:23:45.403+0000] {processor.py:925} INFO - DAG(s) 'example_external_task_marker_parent', 'example_external_task_marker_child' retrieved from /home/airflow/.local/lib/python3.12/site-packages/airflow/example_dags/example_external_task_marker_dag.py
[2024-12-20T09:23:45.522+0000] {logging_mixin.py:190} INFO - [2024-12-20T09:23:45.522+0000] {dag.py:3239} INFO - Sync 2 DAGs
[2024-12-20T09:23:45.582+0000] {logging_mixin.py:190} INFO - [2024-12-20T09:23:45.581+0000] {dag.py:4180} INFO - Setting next_dagrun for example_external_task_marker_child to None, run_after=None
[2024-12-20T09:23:45.599+0000] {logging_mixin.py:190} INFO - [2024-12-20T09:23:45.598+0000] {dag.py:4180} INFO - Setting next_dagrun for example_external_task_marker_parent to None, run_after=None
[2024-12-20T09:23:45.687+0000] {processor.py:208} INFO - Processing /home/airflow/.local/lib/python3.12/site-packages/airflow/example_dags/example_external_task_marker_dag.py took 0.391 seconds
[2024-12-20T09:24:16.039+0000] {processor.py:186} INFO - Started process (PID=645) to work on /home/airflow/.local/lib/python3.12/site-packages/airflow/example_dags/example_external_task_marker_dag.py
[2024-12-20T09:24:16.043+0000] {processor.py:914} INFO - Processing file /home/airflow/.local/lib/python3.12/site-packages/airflow/example_dags/example_external_task_marker_dag.py for tasks to queue
[2024-12-20T09:24:16.048+0000] {logging_mixin.py:190} INFO - [2024-12-20T09:24:16.046+0000] {dagbag.py:588} INFO - Filling up the DagBag from /home/airflow/.local/lib/python3.12/site-packages/airflow/example_dags/example_external_task_marker_dag.py
[2024-12-20T09:24:16.090+0000] {processor.py:925} INFO - DAG(s) 'example_external_task_marker_child', 'example_external_task_marker_parent' retrieved from /home/airflow/.local/lib/python3.12/site-packages/airflow/example_dags/example_external_task_marker_dag.py
[2024-12-20T09:24:16.152+0000] {logging_mixin.py:190} INFO - [2024-12-20T09:24:16.151+0000] {dag.py:3239} INFO - Sync 2 DAGs
[2024-12-20T09:24:16.194+0000] {logging_mixin.py:190} INFO - [2024-12-20T09:24:16.193+0000] {dag.py:4180} INFO - Setting next_dagrun for example_external_task_marker_child to None, run_after=None
[2024-12-20T09:24:16.203+0000] {logging_mixin.py:190} INFO - [2024-12-20T09:24:16.202+0000] {dag.py:4180} INFO - Setting next_dagrun for example_external_task_marker_parent to None, run_after=None
[2024-12-20T09:24:16.279+0000] {processor.py:208} INFO - Processing /home/airflow/.local/lib/python3.12/site-packages/airflow/example_dags/example_external_task_marker_dag.py took 0.264 seconds
[2024-12-20T09:24:48.131+0000] {processor.py:186} INFO - Started process (PID=710) to work on /home/airflow/.local/lib/python3.12/site-packages/airflow/example_dags/example_external_task_marker_dag.py
[2024-12-20T09:24:48.151+0000] {processor.py:914} INFO - Processing file /home/airflow/.local/lib/python3.12/site-packages/airflow/example_dags/example_external_task_marker_dag.py for tasks to queue
[2024-12-20T09:24:48.172+0000] {logging_mixin.py:190} INFO - [2024-12-20T09:24:48.170+0000] {dagbag.py:588} INFO - Filling up the DagBag from /home/airflow/.local/lib/python3.12/site-packages/airflow/example_dags/example_external_task_marker_dag.py
[2024-12-20T09:24:48.248+0000] {processor.py:925} INFO - DAG(s) 'example_external_task_marker_parent', 'example_external_task_marker_child' retrieved from /home/airflow/.local/lib/python3.12/site-packages/airflow/example_dags/example_external_task_marker_dag.py
[2024-12-20T09:24:48.544+0000] {logging_mixin.py:190} INFO - [2024-12-20T09:24:48.543+0000] {dag.py:3239} INFO - Sync 2 DAGs
[2024-12-20T09:24:48.787+0000] {logging_mixin.py:190} INFO - [2024-12-20T09:24:48.786+0000] {dag.py:4180} INFO - Setting next_dagrun for example_external_task_marker_child to None, run_after=None
[2024-12-20T09:24:48.825+0000] {logging_mixin.py:190} INFO - [2024-12-20T09:24:48.824+0000] {dag.py:4180} INFO - Setting next_dagrun for example_external_task_marker_parent to None, run_after=None
[2024-12-20T09:24:48.955+0000] {processor.py:208} INFO - Processing /home/airflow/.local/lib/python3.12/site-packages/airflow/example_dags/example_external_task_marker_dag.py took 0.851 seconds
