[2024-12-20T05:28:41.773+0000] {processor.py:186} INFO - Started process (PID=12506) to work on /home/airflow/.local/lib/python3.12/site-packages/airflow/example_dags/example_branch_operator.py
[2024-12-20T05:28:41.785+0000] {processor.py:914} INFO - Processing file /home/airflow/.local/lib/python3.12/site-packages/airflow/example_dags/example_branch_operator.py for tasks to queue
[2024-12-20T05:28:41.809+0000] {logging_mixin.py:190} INFO - [2024-12-20T05:28:41.808+0000] {dagbag.py:588} INFO - Filling up the DagBag from /home/airflow/.local/lib/python3.12/site-packages/airflow/example_dags/example_branch_operator.py
[2024-12-20T05:28:42.065+0000] {processor.py:925} INFO - DAG(s) 'example_branch_operator' retrieved from /home/airflow/.local/lib/python3.12/site-packages/airflow/example_dags/example_branch_operator.py
[2024-12-20T05:28:42.316+0000] {logging_mixin.py:190} INFO - [2024-12-20T05:28:42.312+0000] {dag.py:3239} INFO - Sync 1 DAGs
[2024-12-20T05:28:42.529+0000] {logging_mixin.py:190} INFO - [2024-12-20T05:28:42.520+0000] {dag.py:4180} INFO - Setting next_dagrun for example_branch_operator to 2024-12-19 00:00:00+00:00, run_after=2024-12-20 00:00:00+00:00
[2024-12-20T05:28:42.697+0000] {processor.py:208} INFO - Processing /home/airflow/.local/lib/python3.12/site-packages/airflow/example_dags/example_branch_operator.py took 0.967 seconds
[2024-12-20T05:29:20.953+0000] {processor.py:186} INFO - Started process (PID=12570) to work on /home/airflow/.local/lib/python3.12/site-packages/airflow/example_dags/example_branch_operator.py
[2024-12-20T05:29:20.957+0000] {processor.py:914} INFO - Processing file /home/airflow/.local/lib/python3.12/site-packages/airflow/example_dags/example_branch_operator.py for tasks to queue
[2024-12-20T05:29:20.977+0000] {logging_mixin.py:190} INFO - [2024-12-20T05:29:20.975+0000] {dagbag.py:588} INFO - Filling up the DagBag from /home/airflow/.local/lib/python3.12/site-packages/airflow/example_dags/example_branch_operator.py
[2024-12-20T05:29:21.084+0000] {processor.py:925} INFO - DAG(s) 'example_branch_operator' retrieved from /home/airflow/.local/lib/python3.12/site-packages/airflow/example_dags/example_branch_operator.py
[2024-12-20T05:29:21.196+0000] {logging_mixin.py:190} INFO - [2024-12-20T05:29:21.195+0000] {dag.py:3239} INFO - Sync 1 DAGs
[2024-12-20T05:29:21.295+0000] {logging_mixin.py:190} INFO - [2024-12-20T05:29:21.294+0000] {dag.py:4180} INFO - Setting next_dagrun for example_branch_operator to 2024-12-19 00:00:00+00:00, run_after=2024-12-20 00:00:00+00:00
[2024-12-20T05:29:21.412+0000] {processor.py:208} INFO - Processing /home/airflow/.local/lib/python3.12/site-packages/airflow/example_dags/example_branch_operator.py took 0.490 seconds
[2024-12-20T05:29:52.431+0000] {processor.py:186} INFO - Started process (PID=12635) to work on /home/airflow/.local/lib/python3.12/site-packages/airflow/example_dags/example_branch_operator.py
[2024-12-20T05:29:52.434+0000] {processor.py:914} INFO - Processing file /home/airflow/.local/lib/python3.12/site-packages/airflow/example_dags/example_branch_operator.py for tasks to queue
[2024-12-20T05:29:52.439+0000] {logging_mixin.py:190} INFO - [2024-12-20T05:29:52.438+0000] {dagbag.py:588} INFO - Filling up the DagBag from /home/airflow/.local/lib/python3.12/site-packages/airflow/example_dags/example_branch_operator.py
[2024-12-20T05:29:52.494+0000] {processor.py:925} INFO - DAG(s) 'example_branch_operator' retrieved from /home/airflow/.local/lib/python3.12/site-packages/airflow/example_dags/example_branch_operator.py
[2024-12-20T05:29:52.568+0000] {logging_mixin.py:190} INFO - [2024-12-20T05:29:52.568+0000] {dag.py:3239} INFO - Sync 1 DAGs
[2024-12-20T05:29:52.638+0000] {logging_mixin.py:190} INFO - [2024-12-20T05:29:52.638+0000] {dag.py:4180} INFO - Setting next_dagrun for example_branch_operator to 2024-12-19 00:00:00+00:00, run_after=2024-12-20 00:00:00+00:00
[2024-12-20T05:29:52.688+0000] {processor.py:208} INFO - Processing /home/airflow/.local/lib/python3.12/site-packages/airflow/example_dags/example_branch_operator.py took 0.272 seconds
[2024-12-20T05:30:24.097+0000] {processor.py:186} INFO - Started process (PID=12701) to work on /home/airflow/.local/lib/python3.12/site-packages/airflow/example_dags/example_branch_operator.py
[2024-12-20T05:30:24.099+0000] {processor.py:914} INFO - Processing file /home/airflow/.local/lib/python3.12/site-packages/airflow/example_dags/example_branch_operator.py for tasks to queue
[2024-12-20T05:30:24.104+0000] {logging_mixin.py:190} INFO - [2024-12-20T05:30:24.103+0000] {dagbag.py:588} INFO - Filling up the DagBag from /home/airflow/.local/lib/python3.12/site-packages/airflow/example_dags/example_branch_operator.py
[2024-12-20T05:30:24.140+0000] {processor.py:925} INFO - DAG(s) 'example_branch_operator' retrieved from /home/airflow/.local/lib/python3.12/site-packages/airflow/example_dags/example_branch_operator.py
[2024-12-20T05:30:24.195+0000] {logging_mixin.py:190} INFO - [2024-12-20T05:30:24.195+0000] {dag.py:3239} INFO - Sync 1 DAGs
[2024-12-20T05:30:24.239+0000] {logging_mixin.py:190} INFO - [2024-12-20T05:30:24.239+0000] {dag.py:4180} INFO - Setting next_dagrun for example_branch_operator to 2024-12-19 00:00:00+00:00, run_after=2024-12-20 00:00:00+00:00
[2024-12-20T05:30:24.314+0000] {processor.py:208} INFO - Processing /home/airflow/.local/lib/python3.12/site-packages/airflow/example_dags/example_branch_operator.py took 0.229 seconds
[2024-12-20T05:30:56.285+0000] {processor.py:186} INFO - Started process (PID=12766) to work on /home/airflow/.local/lib/python3.12/site-packages/airflow/example_dags/example_branch_operator.py
[2024-12-20T05:30:56.288+0000] {processor.py:914} INFO - Processing file /home/airflow/.local/lib/python3.12/site-packages/airflow/example_dags/example_branch_operator.py for tasks to queue
[2024-12-20T05:30:56.293+0000] {logging_mixin.py:190} INFO - [2024-12-20T05:30:56.293+0000] {dagbag.py:588} INFO - Filling up the DagBag from /home/airflow/.local/lib/python3.12/site-packages/airflow/example_dags/example_branch_operator.py
[2024-12-20T05:30:56.336+0000] {processor.py:925} INFO - DAG(s) 'example_branch_operator' retrieved from /home/airflow/.local/lib/python3.12/site-packages/airflow/example_dags/example_branch_operator.py
[2024-12-20T05:30:56.395+0000] {logging_mixin.py:190} INFO - [2024-12-20T05:30:56.395+0000] {dag.py:3239} INFO - Sync 1 DAGs
[2024-12-20T05:30:56.444+0000] {logging_mixin.py:190} INFO - [2024-12-20T05:30:56.444+0000] {dag.py:4180} INFO - Setting next_dagrun for example_branch_operator to 2024-12-19 00:00:00+00:00, run_after=2024-12-20 00:00:00+00:00
[2024-12-20T05:30:56.486+0000] {processor.py:208} INFO - Processing /home/airflow/.local/lib/python3.12/site-packages/airflow/example_dags/example_branch_operator.py took 0.214 seconds
[2024-12-20T05:31:27.251+0000] {processor.py:186} INFO - Started process (PID=12831) to work on /home/airflow/.local/lib/python3.12/site-packages/airflow/example_dags/example_branch_operator.py
[2024-12-20T05:31:27.259+0000] {processor.py:914} INFO - Processing file /home/airflow/.local/lib/python3.12/site-packages/airflow/example_dags/example_branch_operator.py for tasks to queue
[2024-12-20T05:31:27.278+0000] {logging_mixin.py:190} INFO - [2024-12-20T05:31:27.277+0000] {dagbag.py:588} INFO - Filling up the DagBag from /home/airflow/.local/lib/python3.12/site-packages/airflow/example_dags/example_branch_operator.py
[2024-12-20T05:31:27.475+0000] {processor.py:925} INFO - DAG(s) 'example_branch_operator' retrieved from /home/airflow/.local/lib/python3.12/site-packages/airflow/example_dags/example_branch_operator.py
[2024-12-20T05:31:27.672+0000] {logging_mixin.py:190} INFO - [2024-12-20T05:31:27.672+0000] {dag.py:3239} INFO - Sync 1 DAGs
[2024-12-20T05:31:27.830+0000] {logging_mixin.py:190} INFO - [2024-12-20T05:31:27.829+0000] {dag.py:4180} INFO - Setting next_dagrun for example_branch_operator to 2024-12-19 00:00:00+00:00, run_after=2024-12-20 00:00:00+00:00
[2024-12-20T05:31:27.923+0000] {processor.py:208} INFO - Processing /home/airflow/.local/lib/python3.12/site-packages/airflow/example_dags/example_branch_operator.py took 0.706 seconds
[2024-12-20T05:31:59.724+0000] {processor.py:186} INFO - Started process (PID=12896) to work on /home/airflow/.local/lib/python3.12/site-packages/airflow/example_dags/example_branch_operator.py
[2024-12-20T05:31:59.726+0000] {processor.py:914} INFO - Processing file /home/airflow/.local/lib/python3.12/site-packages/airflow/example_dags/example_branch_operator.py for tasks to queue
[2024-12-20T05:31:59.730+0000] {logging_mixin.py:190} INFO - [2024-12-20T05:31:59.729+0000] {dagbag.py:588} INFO - Filling up the DagBag from /home/airflow/.local/lib/python3.12/site-packages/airflow/example_dags/example_branch_operator.py
[2024-12-20T05:31:59.782+0000] {processor.py:925} INFO - DAG(s) 'example_branch_operator' retrieved from /home/airflow/.local/lib/python3.12/site-packages/airflow/example_dags/example_branch_operator.py
[2024-12-20T05:31:59.885+0000] {logging_mixin.py:190} INFO - [2024-12-20T05:31:59.884+0000] {dag.py:3239} INFO - Sync 1 DAGs
[2024-12-20T05:31:59.963+0000] {logging_mixin.py:190} INFO - [2024-12-20T05:31:59.963+0000] {dag.py:4180} INFO - Setting next_dagrun for example_branch_operator to 2024-12-19 00:00:00+00:00, run_after=2024-12-20 00:00:00+00:00
[2024-12-20T05:32:00.003+0000] {processor.py:208} INFO - Processing /home/airflow/.local/lib/python3.12/site-packages/airflow/example_dags/example_branch_operator.py took 0.289 seconds
[2024-12-20T05:32:31.641+0000] {processor.py:186} INFO - Started process (PID=12968) to work on /home/airflow/.local/lib/python3.12/site-packages/airflow/example_dags/example_branch_operator.py
[2024-12-20T05:32:31.644+0000] {processor.py:914} INFO - Processing file /home/airflow/.local/lib/python3.12/site-packages/airflow/example_dags/example_branch_operator.py for tasks to queue
[2024-12-20T05:32:31.652+0000] {logging_mixin.py:190} INFO - [2024-12-20T05:32:31.650+0000] {dagbag.py:588} INFO - Filling up the DagBag from /home/airflow/.local/lib/python3.12/site-packages/airflow/example_dags/example_branch_operator.py
[2024-12-20T05:32:31.721+0000] {processor.py:925} INFO - DAG(s) 'example_branch_operator' retrieved from /home/airflow/.local/lib/python3.12/site-packages/airflow/example_dags/example_branch_operator.py
[2024-12-20T05:32:31.823+0000] {logging_mixin.py:190} INFO - [2024-12-20T05:32:31.822+0000] {dag.py:3239} INFO - Sync 1 DAGs
[2024-12-20T05:32:31.918+0000] {logging_mixin.py:190} INFO - [2024-12-20T05:32:31.917+0000] {dag.py:4180} INFO - Setting next_dagrun for example_branch_operator to 2024-12-19 00:00:00+00:00, run_after=2024-12-20 00:00:00+00:00
[2024-12-20T05:32:31.967+0000] {processor.py:208} INFO - Processing /home/airflow/.local/lib/python3.12/site-packages/airflow/example_dags/example_branch_operator.py took 0.345 seconds
[2024-12-20T05:33:06.736+0000] {processor.py:186} INFO - Started process (PID=13035) to work on /home/airflow/.local/lib/python3.12/site-packages/airflow/example_dags/example_branch_operator.py
[2024-12-20T05:33:06.738+0000] {processor.py:914} INFO - Processing file /home/airflow/.local/lib/python3.12/site-packages/airflow/example_dags/example_branch_operator.py for tasks to queue
[2024-12-20T05:33:06.744+0000] {logging_mixin.py:190} INFO - [2024-12-20T05:33:06.743+0000] {dagbag.py:588} INFO - Filling up the DagBag from /home/airflow/.local/lib/python3.12/site-packages/airflow/example_dags/example_branch_operator.py
[2024-12-20T05:33:06.790+0000] {processor.py:925} INFO - DAG(s) 'example_branch_operator' retrieved from /home/airflow/.local/lib/python3.12/site-packages/airflow/example_dags/example_branch_operator.py
[2024-12-20T05:33:06.854+0000] {logging_mixin.py:190} INFO - [2024-12-20T05:33:06.853+0000] {dag.py:3239} INFO - Sync 1 DAGs
[2024-12-20T05:33:06.912+0000] {logging_mixin.py:190} INFO - [2024-12-20T05:33:06.911+0000] {dag.py:4180} INFO - Setting next_dagrun for example_branch_operator to 2024-12-19 00:00:00+00:00, run_after=2024-12-20 00:00:00+00:00
[2024-12-20T05:33:06.961+0000] {processor.py:208} INFO - Processing /home/airflow/.local/lib/python3.12/site-packages/airflow/example_dags/example_branch_operator.py took 0.237 seconds
[2024-12-20T05:33:37.313+0000] {processor.py:186} INFO - Started process (PID=13100) to work on /home/airflow/.local/lib/python3.12/site-packages/airflow/example_dags/example_branch_operator.py
[2024-12-20T05:33:37.317+0000] {processor.py:914} INFO - Processing file /home/airflow/.local/lib/python3.12/site-packages/airflow/example_dags/example_branch_operator.py for tasks to queue
[2024-12-20T05:33:37.326+0000] {logging_mixin.py:190} INFO - [2024-12-20T05:33:37.325+0000] {dagbag.py:588} INFO - Filling up the DagBag from /home/airflow/.local/lib/python3.12/site-packages/airflow/example_dags/example_branch_operator.py
[2024-12-20T05:33:37.396+0000] {processor.py:925} INFO - DAG(s) 'example_branch_operator' retrieved from /home/airflow/.local/lib/python3.12/site-packages/airflow/example_dags/example_branch_operator.py
[2024-12-20T05:33:37.498+0000] {logging_mixin.py:190} INFO - [2024-12-20T05:33:37.497+0000] {dag.py:3239} INFO - Sync 1 DAGs
[2024-12-20T05:33:37.588+0000] {logging_mixin.py:190} INFO - [2024-12-20T05:33:37.587+0000] {dag.py:4180} INFO - Setting next_dagrun for example_branch_operator to 2024-12-19 00:00:00+00:00, run_after=2024-12-20 00:00:00+00:00
[2024-12-20T05:33:37.656+0000] {processor.py:208} INFO - Processing /home/airflow/.local/lib/python3.12/site-packages/airflow/example_dags/example_branch_operator.py took 0.369 seconds
[2024-12-20T05:34:15.471+0000] {processor.py:186} INFO - Started process (PID=13169) to work on /home/airflow/.local/lib/python3.12/site-packages/airflow/example_dags/example_branch_operator.py
[2024-12-20T05:34:15.473+0000] {processor.py:914} INFO - Processing file /home/airflow/.local/lib/python3.12/site-packages/airflow/example_dags/example_branch_operator.py for tasks to queue
[2024-12-20T05:34:15.478+0000] {logging_mixin.py:190} INFO - [2024-12-20T05:34:15.478+0000] {dagbag.py:588} INFO - Filling up the DagBag from /home/airflow/.local/lib/python3.12/site-packages/airflow/example_dags/example_branch_operator.py
[2024-12-20T05:34:15.520+0000] {processor.py:925} INFO - DAG(s) 'example_branch_operator' retrieved from /home/airflow/.local/lib/python3.12/site-packages/airflow/example_dags/example_branch_operator.py
[2024-12-20T05:34:15.586+0000] {logging_mixin.py:190} INFO - [2024-12-20T05:34:15.586+0000] {dag.py:3239} INFO - Sync 1 DAGs
[2024-12-20T05:34:15.645+0000] {logging_mixin.py:190} INFO - [2024-12-20T05:34:15.644+0000] {dag.py:4180} INFO - Setting next_dagrun for example_branch_operator to 2024-12-19 00:00:00+00:00, run_after=2024-12-20 00:00:00+00:00
[2024-12-20T05:34:15.684+0000] {processor.py:208} INFO - Processing /home/airflow/.local/lib/python3.12/site-packages/airflow/example_dags/example_branch_operator.py took 0.232 seconds
[2024-12-20T05:34:46.312+0000] {processor.py:186} INFO - Started process (PID=13234) to work on /home/airflow/.local/lib/python3.12/site-packages/airflow/example_dags/example_branch_operator.py
[2024-12-20T05:34:46.315+0000] {processor.py:914} INFO - Processing file /home/airflow/.local/lib/python3.12/site-packages/airflow/example_dags/example_branch_operator.py for tasks to queue
[2024-12-20T05:34:46.324+0000] {logging_mixin.py:190} INFO - [2024-12-20T05:34:46.323+0000] {dagbag.py:588} INFO - Filling up the DagBag from /home/airflow/.local/lib/python3.12/site-packages/airflow/example_dags/example_branch_operator.py
[2024-12-20T05:34:46.393+0000] {processor.py:925} INFO - DAG(s) 'example_branch_operator' retrieved from /home/airflow/.local/lib/python3.12/site-packages/airflow/example_dags/example_branch_operator.py
[2024-12-20T05:34:46.492+0000] {logging_mixin.py:190} INFO - [2024-12-20T05:34:46.491+0000] {dag.py:3239} INFO - Sync 1 DAGs
[2024-12-20T05:34:46.572+0000] {logging_mixin.py:190} INFO - [2024-12-20T05:34:46.571+0000] {dag.py:4180} INFO - Setting next_dagrun for example_branch_operator to 2024-12-19 00:00:00+00:00, run_after=2024-12-20 00:00:00+00:00
[2024-12-20T05:34:46.623+0000] {processor.py:208} INFO - Processing /home/airflow/.local/lib/python3.12/site-packages/airflow/example_dags/example_branch_operator.py took 0.332 seconds
[2024-12-20T05:35:18.965+0000] {processor.py:186} INFO - Started process (PID=13299) to work on /home/airflow/.local/lib/python3.12/site-packages/airflow/example_dags/example_branch_operator.py
[2024-12-20T05:35:18.967+0000] {processor.py:914} INFO - Processing file /home/airflow/.local/lib/python3.12/site-packages/airflow/example_dags/example_branch_operator.py for tasks to queue
[2024-12-20T05:35:18.975+0000] {logging_mixin.py:190} INFO - [2024-12-20T05:35:18.974+0000] {dagbag.py:588} INFO - Filling up the DagBag from /home/airflow/.local/lib/python3.12/site-packages/airflow/example_dags/example_branch_operator.py
[2024-12-20T05:35:19.053+0000] {processor.py:925} INFO - DAG(s) 'example_branch_operator' retrieved from /home/airflow/.local/lib/python3.12/site-packages/airflow/example_dags/example_branch_operator.py
[2024-12-20T05:35:19.182+0000] {logging_mixin.py:190} INFO - [2024-12-20T05:35:19.180+0000] {dag.py:3239} INFO - Sync 1 DAGs
[2024-12-20T05:35:19.326+0000] {logging_mixin.py:190} INFO - [2024-12-20T05:35:19.324+0000] {dag.py:4180} INFO - Setting next_dagrun for example_branch_operator to 2024-12-19 00:00:00+00:00, run_after=2024-12-20 00:00:00+00:00
[2024-12-20T05:35:19.444+0000] {processor.py:208} INFO - Processing /home/airflow/.local/lib/python3.12/site-packages/airflow/example_dags/example_branch_operator.py took 0.499 seconds
[2024-12-20T05:35:52.006+0000] {processor.py:186} INFO - Started process (PID=13364) to work on /home/airflow/.local/lib/python3.12/site-packages/airflow/example_dags/example_branch_operator.py
[2024-12-20T05:35:52.009+0000] {processor.py:914} INFO - Processing file /home/airflow/.local/lib/python3.12/site-packages/airflow/example_dags/example_branch_operator.py for tasks to queue
[2024-12-20T05:35:52.018+0000] {logging_mixin.py:190} INFO - [2024-12-20T05:35:52.016+0000] {dagbag.py:588} INFO - Filling up the DagBag from /home/airflow/.local/lib/python3.12/site-packages/airflow/example_dags/example_branch_operator.py
[2024-12-20T05:35:52.078+0000] {processor.py:925} INFO - DAG(s) 'example_branch_operator' retrieved from /home/airflow/.local/lib/python3.12/site-packages/airflow/example_dags/example_branch_operator.py
[2024-12-20T05:35:52.155+0000] {logging_mixin.py:190} INFO - [2024-12-20T05:35:52.155+0000] {dag.py:3239} INFO - Sync 1 DAGs
[2024-12-20T05:35:52.227+0000] {logging_mixin.py:190} INFO - [2024-12-20T05:35:52.227+0000] {dag.py:4180} INFO - Setting next_dagrun for example_branch_operator to 2024-12-19 00:00:00+00:00, run_after=2024-12-20 00:00:00+00:00
[2024-12-20T05:35:52.277+0000] {processor.py:208} INFO - Processing /home/airflow/.local/lib/python3.12/site-packages/airflow/example_dags/example_branch_operator.py took 0.290 seconds
[2024-12-20T05:36:26.130+0000] {processor.py:186} INFO - Started process (PID=13429) to work on /home/airflow/.local/lib/python3.12/site-packages/airflow/example_dags/example_branch_operator.py
[2024-12-20T05:36:26.132+0000] {processor.py:914} INFO - Processing file /home/airflow/.local/lib/python3.12/site-packages/airflow/example_dags/example_branch_operator.py for tasks to queue
[2024-12-20T05:36:26.140+0000] {logging_mixin.py:190} INFO - [2024-12-20T05:36:26.139+0000] {dagbag.py:588} INFO - Filling up the DagBag from /home/airflow/.local/lib/python3.12/site-packages/airflow/example_dags/example_branch_operator.py
[2024-12-20T05:36:26.196+0000] {processor.py:925} INFO - DAG(s) 'example_branch_operator' retrieved from /home/airflow/.local/lib/python3.12/site-packages/airflow/example_dags/example_branch_operator.py
[2024-12-20T05:36:26.280+0000] {logging_mixin.py:190} INFO - [2024-12-20T05:36:26.280+0000] {dag.py:3239} INFO - Sync 1 DAGs
[2024-12-20T05:36:26.353+0000] {logging_mixin.py:190} INFO - [2024-12-20T05:36:26.352+0000] {dag.py:4180} INFO - Setting next_dagrun for example_branch_operator to 2024-12-19 00:00:00+00:00, run_after=2024-12-20 00:00:00+00:00
[2024-12-20T05:36:26.406+0000] {processor.py:208} INFO - Processing /home/airflow/.local/lib/python3.12/site-packages/airflow/example_dags/example_branch_operator.py took 0.292 seconds
[2024-12-20T05:36:56.733+0000] {processor.py:186} INFO - Started process (PID=13494) to work on /home/airflow/.local/lib/python3.12/site-packages/airflow/example_dags/example_branch_operator.py
[2024-12-20T05:36:56.735+0000] {processor.py:914} INFO - Processing file /home/airflow/.local/lib/python3.12/site-packages/airflow/example_dags/example_branch_operator.py for tasks to queue
[2024-12-20T05:36:56.746+0000] {logging_mixin.py:190} INFO - [2024-12-20T05:36:56.744+0000] {dagbag.py:588} INFO - Filling up the DagBag from /home/airflow/.local/lib/python3.12/site-packages/airflow/example_dags/example_branch_operator.py
[2024-12-20T05:36:56.799+0000] {processor.py:925} INFO - DAG(s) 'example_branch_operator' retrieved from /home/airflow/.local/lib/python3.12/site-packages/airflow/example_dags/example_branch_operator.py
[2024-12-20T05:36:56.873+0000] {logging_mixin.py:190} INFO - [2024-12-20T05:36:56.872+0000] {dag.py:3239} INFO - Sync 1 DAGs
[2024-12-20T05:36:56.937+0000] {logging_mixin.py:190} INFO - [2024-12-20T05:36:56.937+0000] {dag.py:4180} INFO - Setting next_dagrun for example_branch_operator to 2024-12-19 00:00:00+00:00, run_after=2024-12-20 00:00:00+00:00
[2024-12-20T05:36:56.989+0000] {processor.py:208} INFO - Processing /home/airflow/.local/lib/python3.12/site-packages/airflow/example_dags/example_branch_operator.py took 0.274 seconds
[2024-12-20T05:37:29.052+0000] {processor.py:186} INFO - Started process (PID=13560) to work on /home/airflow/.local/lib/python3.12/site-packages/airflow/example_dags/example_branch_operator.py
[2024-12-20T05:37:29.055+0000] {processor.py:914} INFO - Processing file /home/airflow/.local/lib/python3.12/site-packages/airflow/example_dags/example_branch_operator.py for tasks to queue
[2024-12-20T05:37:29.064+0000] {logging_mixin.py:190} INFO - [2024-12-20T05:37:29.063+0000] {dagbag.py:588} INFO - Filling up the DagBag from /home/airflow/.local/lib/python3.12/site-packages/airflow/example_dags/example_branch_operator.py
[2024-12-20T05:37:29.126+0000] {processor.py:925} INFO - DAG(s) 'example_branch_operator' retrieved from /home/airflow/.local/lib/python3.12/site-packages/airflow/example_dags/example_branch_operator.py
[2024-12-20T05:37:29.218+0000] {logging_mixin.py:190} INFO - [2024-12-20T05:37:29.218+0000] {dag.py:3239} INFO - Sync 1 DAGs
[2024-12-20T05:37:29.293+0000] {logging_mixin.py:190} INFO - [2024-12-20T05:37:29.293+0000] {dag.py:4180} INFO - Setting next_dagrun for example_branch_operator to 2024-12-19 00:00:00+00:00, run_after=2024-12-20 00:00:00+00:00
[2024-12-20T05:37:29.351+0000] {processor.py:208} INFO - Processing /home/airflow/.local/lib/python3.12/site-packages/airflow/example_dags/example_branch_operator.py took 0.318 seconds
[2024-12-20T05:38:00.482+0000] {processor.py:186} INFO - Started process (PID=13625) to work on /home/airflow/.local/lib/python3.12/site-packages/airflow/example_dags/example_branch_operator.py
[2024-12-20T05:38:00.484+0000] {processor.py:914} INFO - Processing file /home/airflow/.local/lib/python3.12/site-packages/airflow/example_dags/example_branch_operator.py for tasks to queue
[2024-12-20T05:38:00.495+0000] {logging_mixin.py:190} INFO - [2024-12-20T05:38:00.493+0000] {dagbag.py:588} INFO - Filling up the DagBag from /home/airflow/.local/lib/python3.12/site-packages/airflow/example_dags/example_branch_operator.py
[2024-12-20T05:38:00.569+0000] {processor.py:925} INFO - DAG(s) 'example_branch_operator' retrieved from /home/airflow/.local/lib/python3.12/site-packages/airflow/example_dags/example_branch_operator.py
[2024-12-20T05:38:00.659+0000] {logging_mixin.py:190} INFO - [2024-12-20T05:38:00.659+0000] {dag.py:3239} INFO - Sync 1 DAGs
[2024-12-20T05:38:00.735+0000] {logging_mixin.py:190} INFO - [2024-12-20T05:38:00.734+0000] {dag.py:4180} INFO - Setting next_dagrun for example_branch_operator to 2024-12-19 00:00:00+00:00, run_after=2024-12-20 00:00:00+00:00
[2024-12-20T05:38:00.824+0000] {processor.py:208} INFO - Processing /home/airflow/.local/lib/python3.12/site-packages/airflow/example_dags/example_branch_operator.py took 0.367 seconds
[2024-12-20T05:38:31.801+0000] {processor.py:186} INFO - Started process (PID=13690) to work on /home/airflow/.local/lib/python3.12/site-packages/airflow/example_dags/example_branch_operator.py
[2024-12-20T05:38:31.804+0000] {processor.py:914} INFO - Processing file /home/airflow/.local/lib/python3.12/site-packages/airflow/example_dags/example_branch_operator.py for tasks to queue
[2024-12-20T05:38:31.812+0000] {logging_mixin.py:190} INFO - [2024-12-20T05:38:31.811+0000] {dagbag.py:588} INFO - Filling up the DagBag from /home/airflow/.local/lib/python3.12/site-packages/airflow/example_dags/example_branch_operator.py
[2024-12-20T05:38:31.887+0000] {processor.py:925} INFO - DAG(s) 'example_branch_operator' retrieved from /home/airflow/.local/lib/python3.12/site-packages/airflow/example_dags/example_branch_operator.py
[2024-12-20T05:38:31.969+0000] {logging_mixin.py:190} INFO - [2024-12-20T05:38:31.968+0000] {dag.py:3239} INFO - Sync 1 DAGs
[2024-12-20T05:38:32.037+0000] {logging_mixin.py:190} INFO - [2024-12-20T05:38:32.036+0000] {dag.py:4180} INFO - Setting next_dagrun for example_branch_operator to 2024-12-19 00:00:00+00:00, run_after=2024-12-20 00:00:00+00:00
[2024-12-20T05:38:32.122+0000] {processor.py:208} INFO - Processing /home/airflow/.local/lib/python3.12/site-packages/airflow/example_dags/example_branch_operator.py took 0.344 seconds
[2024-12-20T05:39:02.344+0000] {processor.py:186} INFO - Started process (PID=13755) to work on /home/airflow/.local/lib/python3.12/site-packages/airflow/example_dags/example_branch_operator.py
[2024-12-20T05:39:02.346+0000] {processor.py:914} INFO - Processing file /home/airflow/.local/lib/python3.12/site-packages/airflow/example_dags/example_branch_operator.py for tasks to queue
[2024-12-20T05:39:02.353+0000] {logging_mixin.py:190} INFO - [2024-12-20T05:39:02.352+0000] {dagbag.py:588} INFO - Filling up the DagBag from /home/airflow/.local/lib/python3.12/site-packages/airflow/example_dags/example_branch_operator.py
[2024-12-20T05:39:02.411+0000] {processor.py:925} INFO - DAG(s) 'example_branch_operator' retrieved from /home/airflow/.local/lib/python3.12/site-packages/airflow/example_dags/example_branch_operator.py
[2024-12-20T05:39:02.516+0000] {logging_mixin.py:190} INFO - [2024-12-20T05:39:02.515+0000] {dag.py:3239} INFO - Sync 1 DAGs
[2024-12-20T05:39:02.591+0000] {logging_mixin.py:190} INFO - [2024-12-20T05:39:02.590+0000] {dag.py:4180} INFO - Setting next_dagrun for example_branch_operator to 2024-12-19 00:00:00+00:00, run_after=2024-12-20 00:00:00+00:00
[2024-12-20T05:39:02.672+0000] {processor.py:208} INFO - Processing /home/airflow/.local/lib/python3.12/site-packages/airflow/example_dags/example_branch_operator.py took 0.345 seconds
[2024-12-20T05:39:33.079+0000] {processor.py:186} INFO - Started process (PID=13819) to work on /home/airflow/.local/lib/python3.12/site-packages/airflow/example_dags/example_branch_operator.py
[2024-12-20T05:39:33.083+0000] {processor.py:914} INFO - Processing file /home/airflow/.local/lib/python3.12/site-packages/airflow/example_dags/example_branch_operator.py for tasks to queue
[2024-12-20T05:39:33.092+0000] {logging_mixin.py:190} INFO - [2024-12-20T05:39:33.090+0000] {dagbag.py:588} INFO - Filling up the DagBag from /home/airflow/.local/lib/python3.12/site-packages/airflow/example_dags/example_branch_operator.py
[2024-12-20T05:39:33.216+0000] {processor.py:925} INFO - DAG(s) 'example_branch_operator' retrieved from /home/airflow/.local/lib/python3.12/site-packages/airflow/example_dags/example_branch_operator.py
[2024-12-20T05:39:33.394+0000] {logging_mixin.py:190} INFO - [2024-12-20T05:39:33.393+0000] {dag.py:3239} INFO - Sync 1 DAGs
[2024-12-20T05:39:33.488+0000] {logging_mixin.py:190} INFO - [2024-12-20T05:39:33.487+0000] {dag.py:4180} INFO - Setting next_dagrun for example_branch_operator to 2024-12-19 00:00:00+00:00, run_after=2024-12-20 00:00:00+00:00
[2024-12-20T05:39:33.579+0000] {processor.py:208} INFO - Processing /home/airflow/.local/lib/python3.12/site-packages/airflow/example_dags/example_branch_operator.py took 0.523 seconds
[2024-12-20T05:40:03.807+0000] {processor.py:186} INFO - Started process (PID=13884) to work on /home/airflow/.local/lib/python3.12/site-packages/airflow/example_dags/example_branch_operator.py
[2024-12-20T05:40:03.809+0000] {processor.py:914} INFO - Processing file /home/airflow/.local/lib/python3.12/site-packages/airflow/example_dags/example_branch_operator.py for tasks to queue
[2024-12-20T05:40:03.817+0000] {logging_mixin.py:190} INFO - [2024-12-20T05:40:03.816+0000] {dagbag.py:588} INFO - Filling up the DagBag from /home/airflow/.local/lib/python3.12/site-packages/airflow/example_dags/example_branch_operator.py
[2024-12-20T05:40:03.876+0000] {processor.py:925} INFO - DAG(s) 'example_branch_operator' retrieved from /home/airflow/.local/lib/python3.12/site-packages/airflow/example_dags/example_branch_operator.py
[2024-12-20T05:40:03.954+0000] {logging_mixin.py:190} INFO - [2024-12-20T05:40:03.953+0000] {dag.py:3239} INFO - Sync 1 DAGs
[2024-12-20T05:40:04.019+0000] {logging_mixin.py:190} INFO - [2024-12-20T05:40:04.018+0000] {dag.py:4180} INFO - Setting next_dagrun for example_branch_operator to 2024-12-19 00:00:00+00:00, run_after=2024-12-20 00:00:00+00:00
[2024-12-20T05:40:04.112+0000] {processor.py:208} INFO - Processing /home/airflow/.local/lib/python3.12/site-packages/airflow/example_dags/example_branch_operator.py took 0.323 seconds
[2024-12-20T05:40:34.816+0000] {processor.py:186} INFO - Started process (PID=13955) to work on /home/airflow/.local/lib/python3.12/site-packages/airflow/example_dags/example_branch_operator.py
[2024-12-20T05:40:34.818+0000] {processor.py:914} INFO - Processing file /home/airflow/.local/lib/python3.12/site-packages/airflow/example_dags/example_branch_operator.py for tasks to queue
[2024-12-20T05:40:34.824+0000] {logging_mixin.py:190} INFO - [2024-12-20T05:40:34.823+0000] {dagbag.py:588} INFO - Filling up the DagBag from /home/airflow/.local/lib/python3.12/site-packages/airflow/example_dags/example_branch_operator.py
[2024-12-20T05:40:34.863+0000] {processor.py:925} INFO - DAG(s) 'example_branch_operator' retrieved from /home/airflow/.local/lib/python3.12/site-packages/airflow/example_dags/example_branch_operator.py
[2024-12-20T05:40:34.931+0000] {logging_mixin.py:190} INFO - [2024-12-20T05:40:34.930+0000] {dag.py:3239} INFO - Sync 1 DAGs
[2024-12-20T05:40:34.982+0000] {logging_mixin.py:190} INFO - [2024-12-20T05:40:34.981+0000] {dag.py:4180} INFO - Setting next_dagrun for example_branch_operator to 2024-12-19 00:00:00+00:00, run_after=2024-12-20 00:00:00+00:00
[2024-12-20T05:40:35.023+0000] {processor.py:208} INFO - Processing /home/airflow/.local/lib/python3.12/site-packages/airflow/example_dags/example_branch_operator.py took 0.218 seconds
[2024-12-20T05:41:07.358+0000] {processor.py:186} INFO - Started process (PID=14020) to work on /home/airflow/.local/lib/python3.12/site-packages/airflow/example_dags/example_branch_operator.py
[2024-12-20T05:41:07.361+0000] {processor.py:914} INFO - Processing file /home/airflow/.local/lib/python3.12/site-packages/airflow/example_dags/example_branch_operator.py for tasks to queue
[2024-12-20T05:41:07.367+0000] {logging_mixin.py:190} INFO - [2024-12-20T05:41:07.366+0000] {dagbag.py:588} INFO - Filling up the DagBag from /home/airflow/.local/lib/python3.12/site-packages/airflow/example_dags/example_branch_operator.py
[2024-12-20T05:41:07.415+0000] {processor.py:925} INFO - DAG(s) 'example_branch_operator' retrieved from /home/airflow/.local/lib/python3.12/site-packages/airflow/example_dags/example_branch_operator.py
[2024-12-20T05:41:07.483+0000] {logging_mixin.py:190} INFO - [2024-12-20T05:41:07.482+0000] {dag.py:3239} INFO - Sync 1 DAGs
[2024-12-20T05:41:07.545+0000] {logging_mixin.py:190} INFO - [2024-12-20T05:41:07.545+0000] {dag.py:4180} INFO - Setting next_dagrun for example_branch_operator to 2024-12-19 00:00:00+00:00, run_after=2024-12-20 00:00:00+00:00
[2024-12-20T05:41:07.591+0000] {processor.py:208} INFO - Processing /home/airflow/.local/lib/python3.12/site-packages/airflow/example_dags/example_branch_operator.py took 0.249 seconds
[2024-12-20T05:41:38.633+0000] {processor.py:186} INFO - Started process (PID=14086) to work on /home/airflow/.local/lib/python3.12/site-packages/airflow/example_dags/example_branch_operator.py
[2024-12-20T05:41:38.635+0000] {processor.py:914} INFO - Processing file /home/airflow/.local/lib/python3.12/site-packages/airflow/example_dags/example_branch_operator.py for tasks to queue
[2024-12-20T05:41:38.640+0000] {logging_mixin.py:190} INFO - [2024-12-20T05:41:38.640+0000] {dagbag.py:588} INFO - Filling up the DagBag from /home/airflow/.local/lib/python3.12/site-packages/airflow/example_dags/example_branch_operator.py
[2024-12-20T05:41:38.686+0000] {processor.py:925} INFO - DAG(s) 'example_branch_operator' retrieved from /home/airflow/.local/lib/python3.12/site-packages/airflow/example_dags/example_branch_operator.py
[2024-12-20T05:41:38.746+0000] {logging_mixin.py:190} INFO - [2024-12-20T05:41:38.746+0000] {dag.py:3239} INFO - Sync 1 DAGs
[2024-12-20T05:41:38.795+0000] {logging_mixin.py:190} INFO - [2024-12-20T05:41:38.794+0000] {dag.py:4180} INFO - Setting next_dagrun for example_branch_operator to 2024-12-19 00:00:00+00:00, run_after=2024-12-20 00:00:00+00:00
[2024-12-20T05:41:38.867+0000] {processor.py:208} INFO - Processing /home/airflow/.local/lib/python3.12/site-packages/airflow/example_dags/example_branch_operator.py took 0.247 seconds
[2024-12-20T05:42:10.394+0000] {processor.py:186} INFO - Started process (PID=14150) to work on /home/airflow/.local/lib/python3.12/site-packages/airflow/example_dags/example_branch_operator.py
[2024-12-20T05:42:10.398+0000] {processor.py:914} INFO - Processing file /home/airflow/.local/lib/python3.12/site-packages/airflow/example_dags/example_branch_operator.py for tasks to queue
[2024-12-20T05:42:10.404+0000] {logging_mixin.py:190} INFO - [2024-12-20T05:42:10.403+0000] {dagbag.py:588} INFO - Filling up the DagBag from /home/airflow/.local/lib/python3.12/site-packages/airflow/example_dags/example_branch_operator.py
[2024-12-20T05:42:10.463+0000] {processor.py:925} INFO - DAG(s) 'example_branch_operator' retrieved from /home/airflow/.local/lib/python3.12/site-packages/airflow/example_dags/example_branch_operator.py
[2024-12-20T05:42:10.555+0000] {logging_mixin.py:190} INFO - [2024-12-20T05:42:10.554+0000] {dag.py:3239} INFO - Sync 1 DAGs
[2024-12-20T05:42:10.633+0000] {logging_mixin.py:190} INFO - [2024-12-20T05:42:10.633+0000] {dag.py:4180} INFO - Setting next_dagrun for example_branch_operator to 2024-12-19 00:00:00+00:00, run_after=2024-12-20 00:00:00+00:00
[2024-12-20T05:42:10.678+0000] {processor.py:208} INFO - Processing /home/airflow/.local/lib/python3.12/site-packages/airflow/example_dags/example_branch_operator.py took 0.300 seconds
[2024-12-20T05:42:42.018+0000] {processor.py:186} INFO - Started process (PID=14215) to work on /home/airflow/.local/lib/python3.12/site-packages/airflow/example_dags/example_branch_operator.py
[2024-12-20T05:42:42.020+0000] {processor.py:914} INFO - Processing file /home/airflow/.local/lib/python3.12/site-packages/airflow/example_dags/example_branch_operator.py for tasks to queue
[2024-12-20T05:42:42.027+0000] {logging_mixin.py:190} INFO - [2024-12-20T05:42:42.026+0000] {dagbag.py:588} INFO - Filling up the DagBag from /home/airflow/.local/lib/python3.12/site-packages/airflow/example_dags/example_branch_operator.py
[2024-12-20T05:42:42.079+0000] {processor.py:925} INFO - DAG(s) 'example_branch_operator' retrieved from /home/airflow/.local/lib/python3.12/site-packages/airflow/example_dags/example_branch_operator.py
[2024-12-20T05:42:42.156+0000] {logging_mixin.py:190} INFO - [2024-12-20T05:42:42.156+0000] {dag.py:3239} INFO - Sync 1 DAGs
[2024-12-20T05:42:42.215+0000] {logging_mixin.py:190} INFO - [2024-12-20T05:42:42.214+0000] {dag.py:4180} INFO - Setting next_dagrun for example_branch_operator to 2024-12-19 00:00:00+00:00, run_after=2024-12-20 00:00:00+00:00
[2024-12-20T05:42:42.275+0000] {processor.py:208} INFO - Processing /home/airflow/.local/lib/python3.12/site-packages/airflow/example_dags/example_branch_operator.py took 0.272 seconds
[2024-12-20T05:43:14.012+0000] {processor.py:186} INFO - Started process (PID=14279) to work on /home/airflow/.local/lib/python3.12/site-packages/airflow/example_dags/example_branch_operator.py
[2024-12-20T05:43:14.016+0000] {processor.py:914} INFO - Processing file /home/airflow/.local/lib/python3.12/site-packages/airflow/example_dags/example_branch_operator.py for tasks to queue
[2024-12-20T05:43:14.026+0000] {logging_mixin.py:190} INFO - [2024-12-20T05:43:14.025+0000] {dagbag.py:588} INFO - Filling up the DagBag from /home/airflow/.local/lib/python3.12/site-packages/airflow/example_dags/example_branch_operator.py
[2024-12-20T05:43:14.118+0000] {processor.py:925} INFO - DAG(s) 'example_branch_operator' retrieved from /home/airflow/.local/lib/python3.12/site-packages/airflow/example_dags/example_branch_operator.py
[2024-12-20T05:43:14.229+0000] {logging_mixin.py:190} INFO - [2024-12-20T05:43:14.228+0000] {dag.py:3239} INFO - Sync 1 DAGs
[2024-12-20T05:43:14.311+0000] {logging_mixin.py:190} INFO - [2024-12-20T05:43:14.310+0000] {dag.py:4180} INFO - Setting next_dagrun for example_branch_operator to 2024-12-19 00:00:00+00:00, run_after=2024-12-20 00:00:00+00:00
[2024-12-20T05:43:14.372+0000] {processor.py:208} INFO - Processing /home/airflow/.local/lib/python3.12/site-packages/airflow/example_dags/example_branch_operator.py took 0.388 seconds
[2024-12-20T05:43:45.946+0000] {processor.py:186} INFO - Started process (PID=14342) to work on /home/airflow/.local/lib/python3.12/site-packages/airflow/example_dags/example_branch_operator.py
[2024-12-20T05:43:45.949+0000] {processor.py:914} INFO - Processing file /home/airflow/.local/lib/python3.12/site-packages/airflow/example_dags/example_branch_operator.py for tasks to queue
[2024-12-20T05:43:45.955+0000] {logging_mixin.py:190} INFO - [2024-12-20T05:43:45.954+0000] {dagbag.py:588} INFO - Filling up the DagBag from /home/airflow/.local/lib/python3.12/site-packages/airflow/example_dags/example_branch_operator.py
[2024-12-20T05:43:46.007+0000] {processor.py:925} INFO - DAG(s) 'example_branch_operator' retrieved from /home/airflow/.local/lib/python3.12/site-packages/airflow/example_dags/example_branch_operator.py
[2024-12-20T05:43:46.075+0000] {logging_mixin.py:190} INFO - [2024-12-20T05:43:46.075+0000] {dag.py:3239} INFO - Sync 1 DAGs
[2024-12-20T05:43:46.163+0000] {logging_mixin.py:190} INFO - [2024-12-20T05:43:46.162+0000] {dag.py:4180} INFO - Setting next_dagrun for example_branch_operator to 2024-12-19 00:00:00+00:00, run_after=2024-12-20 00:00:00+00:00
[2024-12-20T05:43:46.238+0000] {processor.py:208} INFO - Processing /home/airflow/.local/lib/python3.12/site-packages/airflow/example_dags/example_branch_operator.py took 0.307 seconds
[2024-12-20T05:44:18.906+0000] {processor.py:186} INFO - Started process (PID=14407) to work on /home/airflow/.local/lib/python3.12/site-packages/airflow/example_dags/example_branch_operator.py
[2024-12-20T05:44:18.917+0000] {processor.py:914} INFO - Processing file /home/airflow/.local/lib/python3.12/site-packages/airflow/example_dags/example_branch_operator.py for tasks to queue
[2024-12-20T05:44:18.939+0000] {logging_mixin.py:190} INFO - [2024-12-20T05:44:18.937+0000] {dagbag.py:588} INFO - Filling up the DagBag from /home/airflow/.local/lib/python3.12/site-packages/airflow/example_dags/example_branch_operator.py
[2024-12-20T05:44:19.085+0000] {processor.py:925} INFO - DAG(s) 'example_branch_operator' retrieved from /home/airflow/.local/lib/python3.12/site-packages/airflow/example_dags/example_branch_operator.py
[2024-12-20T05:44:19.249+0000] {logging_mixin.py:190} INFO - [2024-12-20T05:44:19.248+0000] {dag.py:3239} INFO - Sync 1 DAGs
[2024-12-20T05:44:19.367+0000] {logging_mixin.py:190} INFO - [2024-12-20T05:44:19.366+0000] {dag.py:4180} INFO - Setting next_dagrun for example_branch_operator to 2024-12-19 00:00:00+00:00, run_after=2024-12-20 00:00:00+00:00
[2024-12-20T05:44:19.475+0000] {processor.py:208} INFO - Processing /home/airflow/.local/lib/python3.12/site-packages/airflow/example_dags/example_branch_operator.py took 0.615 seconds
[2024-12-20T05:44:49.955+0000] {processor.py:186} INFO - Started process (PID=14472) to work on /home/airflow/.local/lib/python3.12/site-packages/airflow/example_dags/example_branch_operator.py
[2024-12-20T05:44:49.958+0000] {processor.py:914} INFO - Processing file /home/airflow/.local/lib/python3.12/site-packages/airflow/example_dags/example_branch_operator.py for tasks to queue
[2024-12-20T05:44:49.963+0000] {logging_mixin.py:190} INFO - [2024-12-20T05:44:49.963+0000] {dagbag.py:588} INFO - Filling up the DagBag from /home/airflow/.local/lib/python3.12/site-packages/airflow/example_dags/example_branch_operator.py
[2024-12-20T05:44:50.007+0000] {processor.py:925} INFO - DAG(s) 'example_branch_operator' retrieved from /home/airflow/.local/lib/python3.12/site-packages/airflow/example_dags/example_branch_operator.py
[2024-12-20T05:44:50.075+0000] {logging_mixin.py:190} INFO - [2024-12-20T05:44:50.075+0000] {dag.py:3239} INFO - Sync 1 DAGs
[2024-12-20T05:44:50.162+0000] {logging_mixin.py:190} INFO - [2024-12-20T05:44:50.161+0000] {dag.py:4180} INFO - Setting next_dagrun for example_branch_operator to 2024-12-19 00:00:00+00:00, run_after=2024-12-20 00:00:00+00:00
[2024-12-20T05:44:50.245+0000] {processor.py:208} INFO - Processing /home/airflow/.local/lib/python3.12/site-packages/airflow/example_dags/example_branch_operator.py took 0.305 seconds
[2024-12-20T05:45:20.638+0000] {processor.py:186} INFO - Started process (PID=14537) to work on /home/airflow/.local/lib/python3.12/site-packages/airflow/example_dags/example_branch_operator.py
[2024-12-20T05:45:20.641+0000] {processor.py:914} INFO - Processing file /home/airflow/.local/lib/python3.12/site-packages/airflow/example_dags/example_branch_operator.py for tasks to queue
[2024-12-20T05:45:20.647+0000] {logging_mixin.py:190} INFO - [2024-12-20T05:45:20.646+0000] {dagbag.py:588} INFO - Filling up the DagBag from /home/airflow/.local/lib/python3.12/site-packages/airflow/example_dags/example_branch_operator.py
[2024-12-20T05:45:20.701+0000] {processor.py:925} INFO - DAG(s) 'example_branch_operator' retrieved from /home/airflow/.local/lib/python3.12/site-packages/airflow/example_dags/example_branch_operator.py
[2024-12-20T05:45:20.769+0000] {logging_mixin.py:190} INFO - [2024-12-20T05:45:20.768+0000] {dag.py:3239} INFO - Sync 1 DAGs
[2024-12-20T05:45:20.820+0000] {logging_mixin.py:190} INFO - [2024-12-20T05:45:20.820+0000] {dag.py:4180} INFO - Setting next_dagrun for example_branch_operator to 2024-12-19 00:00:00+00:00, run_after=2024-12-20 00:00:00+00:00
[2024-12-20T05:45:20.915+0000] {processor.py:208} INFO - Processing /home/airflow/.local/lib/python3.12/site-packages/airflow/example_dags/example_branch_operator.py took 0.291 seconds
[2024-12-20T05:45:51.857+0000] {processor.py:186} INFO - Started process (PID=14602) to work on /home/airflow/.local/lib/python3.12/site-packages/airflow/example_dags/example_branch_operator.py
[2024-12-20T05:45:51.860+0000] {processor.py:914} INFO - Processing file /home/airflow/.local/lib/python3.12/site-packages/airflow/example_dags/example_branch_operator.py for tasks to queue
[2024-12-20T05:45:51.871+0000] {logging_mixin.py:190} INFO - [2024-12-20T05:45:51.869+0000] {dagbag.py:588} INFO - Filling up the DagBag from /home/airflow/.local/lib/python3.12/site-packages/airflow/example_dags/example_branch_operator.py
[2024-12-20T05:45:51.957+0000] {processor.py:925} INFO - DAG(s) 'example_branch_operator' retrieved from /home/airflow/.local/lib/python3.12/site-packages/airflow/example_dags/example_branch_operator.py
[2024-12-20T05:45:52.067+0000] {logging_mixin.py:190} INFO - [2024-12-20T05:45:52.067+0000] {dag.py:3239} INFO - Sync 1 DAGs
[2024-12-20T05:45:52.169+0000] {logging_mixin.py:190} INFO - [2024-12-20T05:45:52.169+0000] {dag.py:4180} INFO - Setting next_dagrun for example_branch_operator to 2024-12-19 00:00:00+00:00, run_after=2024-12-20 00:00:00+00:00
[2024-12-20T05:45:52.240+0000] {processor.py:208} INFO - Processing /home/airflow/.local/lib/python3.12/site-packages/airflow/example_dags/example_branch_operator.py took 0.405 seconds
[2024-12-20T05:46:22.984+0000] {processor.py:186} INFO - Started process (PID=14667) to work on /home/airflow/.local/lib/python3.12/site-packages/airflow/example_dags/example_branch_operator.py
[2024-12-20T05:46:22.986+0000] {processor.py:914} INFO - Processing file /home/airflow/.local/lib/python3.12/site-packages/airflow/example_dags/example_branch_operator.py for tasks to queue
[2024-12-20T05:46:22.990+0000] {logging_mixin.py:190} INFO - [2024-12-20T05:46:22.989+0000] {dagbag.py:588} INFO - Filling up the DagBag from /home/airflow/.local/lib/python3.12/site-packages/airflow/example_dags/example_branch_operator.py
[2024-12-20T05:46:23.020+0000] {processor.py:925} INFO - DAG(s) 'example_branch_operator' retrieved from /home/airflow/.local/lib/python3.12/site-packages/airflow/example_dags/example_branch_operator.py
[2024-12-20T05:46:23.067+0000] {logging_mixin.py:190} INFO - [2024-12-20T05:46:23.067+0000] {dag.py:3239} INFO - Sync 1 DAGs
[2024-12-20T05:46:23.108+0000] {logging_mixin.py:190} INFO - [2024-12-20T05:46:23.108+0000] {dag.py:4180} INFO - Setting next_dagrun for example_branch_operator to 2024-12-19 00:00:00+00:00, run_after=2024-12-20 00:00:00+00:00
[2024-12-20T05:46:23.174+0000] {processor.py:208} INFO - Processing /home/airflow/.local/lib/python3.12/site-packages/airflow/example_dags/example_branch_operator.py took 0.200 seconds
[2024-12-20T05:46:53.401+0000] {processor.py:186} INFO - Started process (PID=14731) to work on /home/airflow/.local/lib/python3.12/site-packages/airflow/example_dags/example_branch_operator.py
[2024-12-20T05:46:53.403+0000] {processor.py:914} INFO - Processing file /home/airflow/.local/lib/python3.12/site-packages/airflow/example_dags/example_branch_operator.py for tasks to queue
[2024-12-20T05:46:53.408+0000] {logging_mixin.py:190} INFO - [2024-12-20T05:46:53.407+0000] {dagbag.py:588} INFO - Filling up the DagBag from /home/airflow/.local/lib/python3.12/site-packages/airflow/example_dags/example_branch_operator.py
[2024-12-20T05:46:53.471+0000] {processor.py:925} INFO - DAG(s) 'example_branch_operator' retrieved from /home/airflow/.local/lib/python3.12/site-packages/airflow/example_dags/example_branch_operator.py
[2024-12-20T05:46:53.593+0000] {logging_mixin.py:190} INFO - [2024-12-20T05:46:53.592+0000] {dag.py:3239} INFO - Sync 1 DAGs
[2024-12-20T05:46:53.699+0000] {logging_mixin.py:190} INFO - [2024-12-20T05:46:53.698+0000] {dag.py:4180} INFO - Setting next_dagrun for example_branch_operator to 2024-12-19 00:00:00+00:00, run_after=2024-12-20 00:00:00+00:00
[2024-12-20T05:46:53.792+0000] {processor.py:208} INFO - Processing /home/airflow/.local/lib/python3.12/site-packages/airflow/example_dags/example_branch_operator.py took 0.403 seconds
[2024-12-20T05:47:24.410+0000] {processor.py:186} INFO - Started process (PID=14796) to work on /home/airflow/.local/lib/python3.12/site-packages/airflow/example_dags/example_branch_operator.py
[2024-12-20T05:47:24.413+0000] {processor.py:914} INFO - Processing file /home/airflow/.local/lib/python3.12/site-packages/airflow/example_dags/example_branch_operator.py for tasks to queue
[2024-12-20T05:47:24.420+0000] {logging_mixin.py:190} INFO - [2024-12-20T05:47:24.419+0000] {dagbag.py:588} INFO - Filling up the DagBag from /home/airflow/.local/lib/python3.12/site-packages/airflow/example_dags/example_branch_operator.py
[2024-12-20T05:47:24.479+0000] {processor.py:925} INFO - DAG(s) 'example_branch_operator' retrieved from /home/airflow/.local/lib/python3.12/site-packages/airflow/example_dags/example_branch_operator.py
[2024-12-20T05:47:24.548+0000] {logging_mixin.py:190} INFO - [2024-12-20T05:47:24.548+0000] {dag.py:3239} INFO - Sync 1 DAGs
[2024-12-20T05:47:24.590+0000] {logging_mixin.py:190} INFO - [2024-12-20T05:47:24.590+0000] {dag.py:4180} INFO - Setting next_dagrun for example_branch_operator to 2024-12-19 00:00:00+00:00, run_after=2024-12-20 00:00:00+00:00
[2024-12-20T05:47:24.638+0000] {processor.py:208} INFO - Processing /home/airflow/.local/lib/python3.12/site-packages/airflow/example_dags/example_branch_operator.py took 0.246 seconds
[2024-12-20T05:48:21.120+0000] {processor.py:186} INFO - Started process (PID=14885) to work on /home/airflow/.local/lib/python3.12/site-packages/airflow/example_dags/example_branch_operator.py
[2024-12-20T05:48:21.135+0000] {processor.py:914} INFO - Processing file /home/airflow/.local/lib/python3.12/site-packages/airflow/example_dags/example_branch_operator.py for tasks to queue
[2024-12-20T05:48:21.152+0000] {logging_mixin.py:190} INFO - [2024-12-20T05:48:21.151+0000] {dagbag.py:588} INFO - Filling up the DagBag from /home/airflow/.local/lib/python3.12/site-packages/airflow/example_dags/example_branch_operator.py
[2024-12-20T05:48:21.269+0000] {processor.py:925} INFO - DAG(s) 'example_branch_operator' retrieved from /home/airflow/.local/lib/python3.12/site-packages/airflow/example_dags/example_branch_operator.py
[2024-12-20T05:48:21.478+0000] {logging_mixin.py:190} INFO - [2024-12-20T05:48:21.477+0000] {dag.py:3239} INFO - Sync 1 DAGs
[2024-12-20T05:48:21.812+0000] {logging_mixin.py:190} INFO - [2024-12-20T05:48:21.811+0000] {dag.py:4180} INFO - Setting next_dagrun for example_branch_operator to 2024-12-19 00:00:00+00:00, run_after=2024-12-20 00:00:00+00:00
[2024-12-20T05:48:22.050+0000] {processor.py:208} INFO - Processing /home/airflow/.local/lib/python3.12/site-packages/airflow/example_dags/example_branch_operator.py took 0.981 seconds
[2024-12-20T09:18:56.478+0000] {processor.py:186} INFO - Started process (PID=102) to work on /home/airflow/.local/lib/python3.12/site-packages/airflow/example_dags/example_branch_operator.py
[2024-12-20T09:18:56.483+0000] {processor.py:914} INFO - Processing file /home/airflow/.local/lib/python3.12/site-packages/airflow/example_dags/example_branch_operator.py for tasks to queue
[2024-12-20T09:18:56.505+0000] {logging_mixin.py:190} INFO - [2024-12-20T09:18:56.503+0000] {dagbag.py:588} INFO - Filling up the DagBag from /home/airflow/.local/lib/python3.12/site-packages/airflow/example_dags/example_branch_operator.py
[2024-12-20T09:18:56.636+0000] {processor.py:925} INFO - DAG(s) 'example_branch_operator' retrieved from /home/airflow/.local/lib/python3.12/site-packages/airflow/example_dags/example_branch_operator.py
[2024-12-20T09:18:57.435+0000] {logging_mixin.py:190} INFO - [2024-12-20T09:18:57.433+0000] {dag.py:3239} INFO - Sync 1 DAGs
[2024-12-20T09:18:57.556+0000] {logging_mixin.py:190} INFO - [2024-12-20T09:18:57.555+0000] {dag.py:4180} INFO - Setting next_dagrun for example_branch_operator to 2024-12-19 00:00:00+00:00, run_after=2024-12-20 00:00:00+00:00
[2024-12-20T09:18:57.646+0000] {processor.py:208} INFO - Processing /home/airflow/.local/lib/python3.12/site-packages/airflow/example_dags/example_branch_operator.py took 1.217 seconds
[2024-12-20T09:19:29.433+0000] {processor.py:186} INFO - Started process (PID=168) to work on /home/airflow/.local/lib/python3.12/site-packages/airflow/example_dags/example_branch_operator.py
[2024-12-20T09:19:29.440+0000] {processor.py:914} INFO - Processing file /home/airflow/.local/lib/python3.12/site-packages/airflow/example_dags/example_branch_operator.py for tasks to queue
[2024-12-20T09:19:29.448+0000] {logging_mixin.py:190} INFO - [2024-12-20T09:19:29.445+0000] {dagbag.py:588} INFO - Filling up the DagBag from /home/airflow/.local/lib/python3.12/site-packages/airflow/example_dags/example_branch_operator.py
[2024-12-20T09:19:29.592+0000] {processor.py:925} INFO - DAG(s) 'example_branch_operator' retrieved from /home/airflow/.local/lib/python3.12/site-packages/airflow/example_dags/example_branch_operator.py
[2024-12-20T09:19:29.759+0000] {logging_mixin.py:190} INFO - [2024-12-20T09:19:29.758+0000] {dag.py:3239} INFO - Sync 1 DAGs
[2024-12-20T09:19:29.925+0000] {logging_mixin.py:190} INFO - [2024-12-20T09:19:29.925+0000] {dag.py:4180} INFO - Setting next_dagrun for example_branch_operator to 2024-12-19 00:00:00+00:00, run_after=2024-12-20 00:00:00+00:00
[2024-12-20T09:19:30.015+0000] {processor.py:208} INFO - Processing /home/airflow/.local/lib/python3.12/site-packages/airflow/example_dags/example_branch_operator.py took 0.623 seconds
[2024-12-20T09:20:12.138+0000] {processor.py:186} INFO - Started process (PID=231) to work on /home/airflow/.local/lib/python3.12/site-packages/airflow/example_dags/example_branch_operator.py
[2024-12-20T09:20:12.162+0000] {processor.py:914} INFO - Processing file /home/airflow/.local/lib/python3.12/site-packages/airflow/example_dags/example_branch_operator.py for tasks to queue
[2024-12-20T09:20:12.184+0000] {logging_mixin.py:190} INFO - [2024-12-20T09:20:12.178+0000] {dagbag.py:588} INFO - Filling up the DagBag from /home/airflow/.local/lib/python3.12/site-packages/airflow/example_dags/example_branch_operator.py
[2024-12-20T09:20:12.278+0000] {processor.py:925} INFO - DAG(s) 'example_branch_operator' retrieved from /home/airflow/.local/lib/python3.12/site-packages/airflow/example_dags/example_branch_operator.py
[2024-12-20T09:20:12.420+0000] {logging_mixin.py:190} INFO - [2024-12-20T09:20:12.420+0000] {dag.py:3239} INFO - Sync 1 DAGs
[2024-12-20T09:20:12.545+0000] {logging_mixin.py:190} INFO - [2024-12-20T09:20:12.544+0000] {dag.py:4180} INFO - Setting next_dagrun for example_branch_operator to 2024-12-19 00:00:00+00:00, run_after=2024-12-20 00:00:00+00:00
[2024-12-20T09:20:12.619+0000] {processor.py:208} INFO - Processing /home/airflow/.local/lib/python3.12/site-packages/airflow/example_dags/example_branch_operator.py took 0.521 seconds
[2024-12-20T09:20:55.702+0000] {processor.py:186} INFO - Started process (PID=304) to work on /home/airflow/.local/lib/python3.12/site-packages/airflow/example_dags/example_branch_operator.py
[2024-12-20T09:20:55.720+0000] {processor.py:914} INFO - Processing file /home/airflow/.local/lib/python3.12/site-packages/airflow/example_dags/example_branch_operator.py for tasks to queue
[2024-12-20T09:20:55.726+0000] {logging_mixin.py:190} INFO - [2024-12-20T09:20:55.725+0000] {dagbag.py:588} INFO - Filling up the DagBag from /home/airflow/.local/lib/python3.12/site-packages/airflow/example_dags/example_branch_operator.py
[2024-12-20T09:20:55.932+0000] {processor.py:925} INFO - DAG(s) 'example_branch_operator' retrieved from /home/airflow/.local/lib/python3.12/site-packages/airflow/example_dags/example_branch_operator.py
[2024-12-20T09:20:56.134+0000] {logging_mixin.py:190} INFO - [2024-12-20T09:20:56.133+0000] {dag.py:3239} INFO - Sync 1 DAGs
[2024-12-20T09:20:56.298+0000] {logging_mixin.py:190} INFO - [2024-12-20T09:20:56.296+0000] {dag.py:4180} INFO - Setting next_dagrun for example_branch_operator to 2024-12-19 00:00:00+00:00, run_after=2024-12-20 00:00:00+00:00
[2024-12-20T09:20:56.422+0000] {processor.py:208} INFO - Processing /home/airflow/.local/lib/python3.12/site-packages/airflow/example_dags/example_branch_operator.py took 0.797 seconds
[2024-12-20T09:21:46.253+0000] {processor.py:186} INFO - Started process (PID=396) to work on /home/airflow/.local/lib/python3.12/site-packages/airflow/example_dags/example_branch_operator.py
[2024-12-20T09:21:46.257+0000] {processor.py:914} INFO - Processing file /home/airflow/.local/lib/python3.12/site-packages/airflow/example_dags/example_branch_operator.py for tasks to queue
[2024-12-20T09:21:46.263+0000] {logging_mixin.py:190} INFO - [2024-12-20T09:21:46.261+0000] {dagbag.py:588} INFO - Filling up the DagBag from /home/airflow/.local/lib/python3.12/site-packages/airflow/example_dags/example_branch_operator.py
[2024-12-20T09:21:46.416+0000] {processor.py:925} INFO - DAG(s) 'example_branch_operator' retrieved from /home/airflow/.local/lib/python3.12/site-packages/airflow/example_dags/example_branch_operator.py
[2024-12-20T09:21:46.618+0000] {logging_mixin.py:190} INFO - [2024-12-20T09:21:46.618+0000] {dag.py:3239} INFO - Sync 1 DAGs
[2024-12-20T09:21:46.749+0000] {logging_mixin.py:190} INFO - [2024-12-20T09:21:46.748+0000] {dag.py:4180} INFO - Setting next_dagrun for example_branch_operator to 2024-12-19 00:00:00+00:00, run_after=2024-12-20 00:00:00+00:00
[2024-12-20T09:21:46.835+0000] {processor.py:208} INFO - Processing /home/airflow/.local/lib/python3.12/site-packages/airflow/example_dags/example_branch_operator.py took 0.627 seconds
[2024-12-20T09:22:52.446+0000] {processor.py:186} INFO - Started process (PID=474) to work on /home/airflow/.local/lib/python3.12/site-packages/airflow/example_dags/example_branch_operator.py
[2024-12-20T09:22:52.453+0000] {processor.py:914} INFO - Processing file /home/airflow/.local/lib/python3.12/site-packages/airflow/example_dags/example_branch_operator.py for tasks to queue
[2024-12-20T09:22:52.459+0000] {logging_mixin.py:190} INFO - [2024-12-20T09:22:52.458+0000] {dagbag.py:588} INFO - Filling up the DagBag from /home/airflow/.local/lib/python3.12/site-packages/airflow/example_dags/example_branch_operator.py
[2024-12-20T09:22:52.715+0000] {processor.py:925} INFO - DAG(s) 'example_branch_operator' retrieved from /home/airflow/.local/lib/python3.12/site-packages/airflow/example_dags/example_branch_operator.py
[2024-12-20T09:22:53.123+0000] {logging_mixin.py:190} INFO - [2024-12-20T09:22:53.118+0000] {dag.py:3239} INFO - Sync 1 DAGs
[2024-12-20T09:22:53.838+0000] {logging_mixin.py:190} INFO - [2024-12-20T09:22:53.825+0000] {dag.py:4180} INFO - Setting next_dagrun for example_branch_operator to 2024-12-19 00:00:00+00:00, run_after=2024-12-20 00:00:00+00:00
[2024-12-20T09:22:54.168+0000] {processor.py:208} INFO - Processing /home/airflow/.local/lib/python3.12/site-packages/airflow/example_dags/example_branch_operator.py took 1.782 seconds
[2024-12-20T09:23:28.335+0000] {processor.py:186} INFO - Started process (PID=540) to work on /home/airflow/.local/lib/python3.12/site-packages/airflow/example_dags/example_branch_operator.py
[2024-12-20T09:23:28.337+0000] {processor.py:914} INFO - Processing file /home/airflow/.local/lib/python3.12/site-packages/airflow/example_dags/example_branch_operator.py for tasks to queue
[2024-12-20T09:23:28.342+0000] {logging_mixin.py:190} INFO - [2024-12-20T09:23:28.341+0000] {dagbag.py:588} INFO - Filling up the DagBag from /home/airflow/.local/lib/python3.12/site-packages/airflow/example_dags/example_branch_operator.py
[2024-12-20T09:23:28.439+0000] {processor.py:925} INFO - DAG(s) 'example_branch_operator' retrieved from /home/airflow/.local/lib/python3.12/site-packages/airflow/example_dags/example_branch_operator.py
[2024-12-20T09:23:28.559+0000] {logging_mixin.py:190} INFO - [2024-12-20T09:23:28.558+0000] {dag.py:3239} INFO - Sync 1 DAGs
[2024-12-20T09:23:28.806+0000] {logging_mixin.py:190} INFO - [2024-12-20T09:23:28.805+0000] {dag.py:4180} INFO - Setting next_dagrun for example_branch_operator to 2024-12-19 00:00:00+00:00, run_after=2024-12-20 00:00:00+00:00
[2024-12-20T09:23:28.978+0000] {processor.py:208} INFO - Processing /home/airflow/.local/lib/python3.12/site-packages/airflow/example_dags/example_branch_operator.py took 0.673 seconds
[2024-12-20T09:23:59.669+0000] {processor.py:186} INFO - Started process (PID=606) to work on /home/airflow/.local/lib/python3.12/site-packages/airflow/example_dags/example_branch_operator.py
[2024-12-20T09:23:59.672+0000] {processor.py:914} INFO - Processing file /home/airflow/.local/lib/python3.12/site-packages/airflow/example_dags/example_branch_operator.py for tasks to queue
[2024-12-20T09:23:59.675+0000] {logging_mixin.py:190} INFO - [2024-12-20T09:23:59.674+0000] {dagbag.py:588} INFO - Filling up the DagBag from /home/airflow/.local/lib/python3.12/site-packages/airflow/example_dags/example_branch_operator.py
[2024-12-20T09:23:59.766+0000] {processor.py:925} INFO - DAG(s) 'example_branch_operator' retrieved from /home/airflow/.local/lib/python3.12/site-packages/airflow/example_dags/example_branch_operator.py
[2024-12-20T09:23:59.862+0000] {logging_mixin.py:190} INFO - [2024-12-20T09:23:59.861+0000] {dag.py:3239} INFO - Sync 1 DAGs
[2024-12-20T09:23:59.956+0000] {logging_mixin.py:190} INFO - [2024-12-20T09:23:59.955+0000] {dag.py:4180} INFO - Setting next_dagrun for example_branch_operator to 2024-12-19 00:00:00+00:00, run_after=2024-12-20 00:00:00+00:00
[2024-12-20T09:24:00.016+0000] {processor.py:208} INFO - Processing /home/airflow/.local/lib/python3.12/site-packages/airflow/example_dags/example_branch_operator.py took 0.370 seconds
[2024-12-20T09:24:30.426+0000] {processor.py:186} INFO - Started process (PID=672) to work on /home/airflow/.local/lib/python3.12/site-packages/airflow/example_dags/example_branch_operator.py
[2024-12-20T09:24:30.428+0000] {processor.py:914} INFO - Processing file /home/airflow/.local/lib/python3.12/site-packages/airflow/example_dags/example_branch_operator.py for tasks to queue
[2024-12-20T09:24:30.432+0000] {logging_mixin.py:190} INFO - [2024-12-20T09:24:30.431+0000] {dagbag.py:588} INFO - Filling up the DagBag from /home/airflow/.local/lib/python3.12/site-packages/airflow/example_dags/example_branch_operator.py
[2024-12-20T09:24:30.479+0000] {processor.py:925} INFO - DAG(s) 'example_branch_operator' retrieved from /home/airflow/.local/lib/python3.12/site-packages/airflow/example_dags/example_branch_operator.py
[2024-12-20T09:24:30.528+0000] {logging_mixin.py:190} INFO - [2024-12-20T09:24:30.527+0000] {dag.py:3239} INFO - Sync 1 DAGs
[2024-12-20T09:24:30.571+0000] {logging_mixin.py:190} INFO - [2024-12-20T09:24:30.571+0000] {dag.py:4180} INFO - Setting next_dagrun for example_branch_operator to 2024-12-19 00:00:00+00:00, run_after=2024-12-20 00:00:00+00:00
[2024-12-20T09:24:30.617+0000] {processor.py:208} INFO - Processing /home/airflow/.local/lib/python3.12/site-packages/airflow/example_dags/example_branch_operator.py took 0.206 seconds
[2024-12-20T09:25:00.767+0000] {processor.py:186} INFO - Started process (PID=737) to work on /home/airflow/.local/lib/python3.12/site-packages/airflow/example_dags/example_branch_operator.py
[2024-12-20T09:25:00.769+0000] {processor.py:914} INFO - Processing file /home/airflow/.local/lib/python3.12/site-packages/airflow/example_dags/example_branch_operator.py for tasks to queue
[2024-12-20T09:25:00.772+0000] {logging_mixin.py:190} INFO - [2024-12-20T09:25:00.771+0000] {dagbag.py:588} INFO - Filling up the DagBag from /home/airflow/.local/lib/python3.12/site-packages/airflow/example_dags/example_branch_operator.py
[2024-12-20T09:25:00.827+0000] {processor.py:925} INFO - DAG(s) 'example_branch_operator' retrieved from /home/airflow/.local/lib/python3.12/site-packages/airflow/example_dags/example_branch_operator.py
[2024-12-20T09:25:00.927+0000] {logging_mixin.py:190} INFO - [2024-12-20T09:25:00.927+0000] {dag.py:3239} INFO - Sync 1 DAGs
[2024-12-20T09:25:01.010+0000] {logging_mixin.py:190} INFO - [2024-12-20T09:25:01.010+0000] {dag.py:4180} INFO - Setting next_dagrun for example_branch_operator to 2024-12-19 00:00:00+00:00, run_after=2024-12-20 00:00:00+00:00
[2024-12-20T09:25:01.061+0000] {processor.py:208} INFO - Processing /home/airflow/.local/lib/python3.12/site-packages/airflow/example_dags/example_branch_operator.py took 0.310 seconds
