[2024-12-20T05:28:42.055+0000] {processor.py:186} INFO - Started process (PID=12507) to work on /home/airflow/.local/lib/python3.12/site-packages/airflow/example_dags/example_nested_branch_dag.py
[2024-12-20T05:28:42.068+0000] {processor.py:914} INFO - Processing file /home/airflow/.local/lib/python3.12/site-packages/airflow/example_dags/example_nested_branch_dag.py for tasks to queue
[2024-12-20T05:28:42.094+0000] {logging_mixin.py:190} INFO - [2024-12-20T05:28:42.092+0000] {dagbag.py:588} INFO - Filling up the DagBag from /home/airflow/.local/lib/python3.12/site-packages/airflow/example_dags/example_nested_branch_dag.py
[2024-12-20T05:28:42.199+0000] {processor.py:925} INFO - DAG(s) 'example_nested_branch_dag' retrieved from /home/airflow/.local/lib/python3.12/site-packages/airflow/example_dags/example_nested_branch_dag.py
[2024-12-20T05:28:42.352+0000] {logging_mixin.py:190} INFO - [2024-12-20T05:28:42.351+0000] {dag.py:3239} INFO - Sync 1 DAGs
[2024-12-20T05:28:42.574+0000] {logging_mixin.py:190} INFO - [2024-12-20T05:28:42.573+0000] {dag.py:4180} INFO - Setting next_dagrun for example_nested_branch_dag to 2024-12-19 00:00:00+00:00, run_after=2024-12-20 00:00:00+00:00
[2024-12-20T05:28:42.725+0000] {processor.py:208} INFO - Processing /home/airflow/.local/lib/python3.12/site-packages/airflow/example_dags/example_nested_branch_dag.py took 0.726 seconds
[2024-12-20T05:29:21.291+0000] {processor.py:186} INFO - Started process (PID=12571) to work on /home/airflow/.local/lib/python3.12/site-packages/airflow/example_dags/example_nested_branch_dag.py
[2024-12-20T05:29:21.294+0000] {processor.py:914} INFO - Processing file /home/airflow/.local/lib/python3.12/site-packages/airflow/example_dags/example_nested_branch_dag.py for tasks to queue
[2024-12-20T05:29:21.305+0000] {logging_mixin.py:190} INFO - [2024-12-20T05:29:21.303+0000] {dagbag.py:588} INFO - Filling up the DagBag from /home/airflow/.local/lib/python3.12/site-packages/airflow/example_dags/example_nested_branch_dag.py
[2024-12-20T05:29:21.363+0000] {processor.py:925} INFO - DAG(s) 'example_nested_branch_dag' retrieved from /home/airflow/.local/lib/python3.12/site-packages/airflow/example_dags/example_nested_branch_dag.py
[2024-12-20T05:29:21.525+0000] {logging_mixin.py:190} INFO - [2024-12-20T05:29:21.524+0000] {dag.py:3239} INFO - Sync 1 DAGs
[2024-12-20T05:29:21.703+0000] {logging_mixin.py:190} INFO - [2024-12-20T05:29:21.702+0000] {dag.py:4180} INFO - Setting next_dagrun for example_nested_branch_dag to 2024-12-19 00:00:00+00:00, run_after=2024-12-20 00:00:00+00:00
[2024-12-20T05:29:21.815+0000] {processor.py:208} INFO - Processing /home/airflow/.local/lib/python3.12/site-packages/airflow/example_dags/example_nested_branch_dag.py took 0.549 seconds
[2024-12-20T05:29:52.475+0000] {processor.py:186} INFO - Started process (PID=12636) to work on /home/airflow/.local/lib/python3.12/site-packages/airflow/example_dags/example_nested_branch_dag.py
[2024-12-20T05:29:52.478+0000] {processor.py:914} INFO - Processing file /home/airflow/.local/lib/python3.12/site-packages/airflow/example_dags/example_nested_branch_dag.py for tasks to queue
[2024-12-20T05:29:52.485+0000] {logging_mixin.py:190} INFO - [2024-12-20T05:29:52.484+0000] {dagbag.py:588} INFO - Filling up the DagBag from /home/airflow/.local/lib/python3.12/site-packages/airflow/example_dags/example_nested_branch_dag.py
[2024-12-20T05:29:52.520+0000] {processor.py:925} INFO - DAG(s) 'example_nested_branch_dag' retrieved from /home/airflow/.local/lib/python3.12/site-packages/airflow/example_dags/example_nested_branch_dag.py
[2024-12-20T05:29:52.576+0000] {logging_mixin.py:190} INFO - [2024-12-20T05:29:52.575+0000] {dag.py:3239} INFO - Sync 1 DAGs
[2024-12-20T05:29:52.643+0000] {logging_mixin.py:190} INFO - [2024-12-20T05:29:52.642+0000] {dag.py:4180} INFO - Setting next_dagrun for example_nested_branch_dag to 2024-12-19 00:00:00+00:00, run_after=2024-12-20 00:00:00+00:00
[2024-12-20T05:29:52.691+0000] {processor.py:208} INFO - Processing /home/airflow/.local/lib/python3.12/site-packages/airflow/example_dags/example_nested_branch_dag.py took 0.231 seconds
[2024-12-20T05:30:24.397+0000] {processor.py:186} INFO - Started process (PID=12702) to work on /home/airflow/.local/lib/python3.12/site-packages/airflow/example_dags/example_nested_branch_dag.py
[2024-12-20T05:30:24.399+0000] {processor.py:914} INFO - Processing file /home/airflow/.local/lib/python3.12/site-packages/airflow/example_dags/example_nested_branch_dag.py for tasks to queue
[2024-12-20T05:30:24.406+0000] {logging_mixin.py:190} INFO - [2024-12-20T05:30:24.405+0000] {dagbag.py:588} INFO - Filling up the DagBag from /home/airflow/.local/lib/python3.12/site-packages/airflow/example_dags/example_nested_branch_dag.py
[2024-12-20T05:30:24.441+0000] {processor.py:925} INFO - DAG(s) 'example_nested_branch_dag' retrieved from /home/airflow/.local/lib/python3.12/site-packages/airflow/example_dags/example_nested_branch_dag.py
[2024-12-20T05:30:24.495+0000] {logging_mixin.py:190} INFO - [2024-12-20T05:30:24.495+0000] {dag.py:3239} INFO - Sync 1 DAGs
[2024-12-20T05:30:24.551+0000] {logging_mixin.py:190} INFO - [2024-12-20T05:30:24.551+0000] {dag.py:4180} INFO - Setting next_dagrun for example_nested_branch_dag to 2024-12-19 00:00:00+00:00, run_after=2024-12-20 00:00:00+00:00
[2024-12-20T05:30:24.593+0000] {processor.py:208} INFO - Processing /home/airflow/.local/lib/python3.12/site-packages/airflow/example_dags/example_nested_branch_dag.py took 0.212 seconds
[2024-12-20T05:30:56.551+0000] {processor.py:186} INFO - Started process (PID=12767) to work on /home/airflow/.local/lib/python3.12/site-packages/airflow/example_dags/example_nested_branch_dag.py
[2024-12-20T05:30:56.554+0000] {processor.py:914} INFO - Processing file /home/airflow/.local/lib/python3.12/site-packages/airflow/example_dags/example_nested_branch_dag.py for tasks to queue
[2024-12-20T05:30:56.559+0000] {logging_mixin.py:190} INFO - [2024-12-20T05:30:56.558+0000] {dagbag.py:588} INFO - Filling up the DagBag from /home/airflow/.local/lib/python3.12/site-packages/airflow/example_dags/example_nested_branch_dag.py
[2024-12-20T05:30:56.587+0000] {processor.py:925} INFO - DAG(s) 'example_nested_branch_dag' retrieved from /home/airflow/.local/lib/python3.12/site-packages/airflow/example_dags/example_nested_branch_dag.py
[2024-12-20T05:30:56.628+0000] {logging_mixin.py:190} INFO - [2024-12-20T05:30:56.628+0000] {dag.py:3239} INFO - Sync 1 DAGs
[2024-12-20T05:30:56.678+0000] {logging_mixin.py:190} INFO - [2024-12-20T05:30:56.678+0000] {dag.py:4180} INFO - Setting next_dagrun for example_nested_branch_dag to 2024-12-19 00:00:00+00:00, run_after=2024-12-20 00:00:00+00:00
[2024-12-20T05:30:56.715+0000] {processor.py:208} INFO - Processing /home/airflow/.local/lib/python3.12/site-packages/airflow/example_dags/example_nested_branch_dag.py took 0.177 seconds
[2024-12-20T05:31:29.404+0000] {processor.py:186} INFO - Started process (PID=12834) to work on /home/airflow/.local/lib/python3.12/site-packages/airflow/example_dags/example_nested_branch_dag.py
[2024-12-20T05:31:29.407+0000] {processor.py:914} INFO - Processing file /home/airflow/.local/lib/python3.12/site-packages/airflow/example_dags/example_nested_branch_dag.py for tasks to queue
[2024-12-20T05:31:29.424+0000] {logging_mixin.py:190} INFO - [2024-12-20T05:31:29.423+0000] {dagbag.py:588} INFO - Filling up the DagBag from /home/airflow/.local/lib/python3.12/site-packages/airflow/example_dags/example_nested_branch_dag.py
[2024-12-20T05:31:29.542+0000] {processor.py:925} INFO - DAG(s) 'example_nested_branch_dag' retrieved from /home/airflow/.local/lib/python3.12/site-packages/airflow/example_dags/example_nested_branch_dag.py
[2024-12-20T05:31:29.688+0000] {logging_mixin.py:190} INFO - [2024-12-20T05:31:29.687+0000] {dag.py:3239} INFO - Sync 1 DAGs
[2024-12-20T05:31:29.833+0000] {logging_mixin.py:190} INFO - [2024-12-20T05:31:29.832+0000] {dag.py:4180} INFO - Setting next_dagrun for example_nested_branch_dag to 2024-12-19 00:00:00+00:00, run_after=2024-12-20 00:00:00+00:00
[2024-12-20T05:31:29.961+0000] {processor.py:208} INFO - Processing /home/airflow/.local/lib/python3.12/site-packages/airflow/example_dags/example_nested_branch_dag.py took 0.597 seconds
[2024-12-20T05:32:00.097+0000] {processor.py:186} INFO - Started process (PID=12898) to work on /home/airflow/.local/lib/python3.12/site-packages/airflow/example_dags/example_nested_branch_dag.py
[2024-12-20T05:32:00.099+0000] {processor.py:914} INFO - Processing file /home/airflow/.local/lib/python3.12/site-packages/airflow/example_dags/example_nested_branch_dag.py for tasks to queue
[2024-12-20T05:32:00.105+0000] {logging_mixin.py:190} INFO - [2024-12-20T05:32:00.104+0000] {dagbag.py:588} INFO - Filling up the DagBag from /home/airflow/.local/lib/python3.12/site-packages/airflow/example_dags/example_nested_branch_dag.py
[2024-12-20T05:32:00.127+0000] {processor.py:925} INFO - DAG(s) 'example_nested_branch_dag' retrieved from /home/airflow/.local/lib/python3.12/site-packages/airflow/example_dags/example_nested_branch_dag.py
[2024-12-20T05:32:00.167+0000] {logging_mixin.py:190} INFO - [2024-12-20T05:32:00.167+0000] {dag.py:3239} INFO - Sync 1 DAGs
[2024-12-20T05:32:00.212+0000] {logging_mixin.py:190} INFO - [2024-12-20T05:32:00.211+0000] {dag.py:4180} INFO - Setting next_dagrun for example_nested_branch_dag to 2024-12-19 00:00:00+00:00, run_after=2024-12-20 00:00:00+00:00
[2024-12-20T05:32:00.247+0000] {processor.py:208} INFO - Processing /home/airflow/.local/lib/python3.12/site-packages/airflow/example_dags/example_nested_branch_dag.py took 0.162 seconds
[2024-12-20T05:32:31.713+0000] {processor.py:186} INFO - Started process (PID=12969) to work on /home/airflow/.local/lib/python3.12/site-packages/airflow/example_dags/example_nested_branch_dag.py
[2024-12-20T05:32:31.716+0000] {processor.py:914} INFO - Processing file /home/airflow/.local/lib/python3.12/site-packages/airflow/example_dags/example_nested_branch_dag.py for tasks to queue
[2024-12-20T05:32:31.723+0000] {logging_mixin.py:190} INFO - [2024-12-20T05:32:31.722+0000] {dagbag.py:588} INFO - Filling up the DagBag from /home/airflow/.local/lib/python3.12/site-packages/airflow/example_dags/example_nested_branch_dag.py
[2024-12-20T05:32:31.762+0000] {processor.py:925} INFO - DAG(s) 'example_nested_branch_dag' retrieved from /home/airflow/.local/lib/python3.12/site-packages/airflow/example_dags/example_nested_branch_dag.py
[2024-12-20T05:32:31.841+0000] {logging_mixin.py:190} INFO - [2024-12-20T05:32:31.840+0000] {dag.py:3239} INFO - Sync 1 DAGs
[2024-12-20T05:32:31.941+0000] {logging_mixin.py:190} INFO - [2024-12-20T05:32:31.940+0000] {dag.py:4180} INFO - Setting next_dagrun for example_nested_branch_dag to 2024-12-19 00:00:00+00:00, run_after=2024-12-20 00:00:00+00:00
[2024-12-20T05:32:31.990+0000] {processor.py:208} INFO - Processing /home/airflow/.local/lib/python3.12/site-packages/airflow/example_dags/example_nested_branch_dag.py took 0.294 seconds
[2024-12-20T05:33:06.740+0000] {processor.py:186} INFO - Started process (PID=13036) to work on /home/airflow/.local/lib/python3.12/site-packages/airflow/example_dags/example_nested_branch_dag.py
[2024-12-20T05:33:06.742+0000] {processor.py:914} INFO - Processing file /home/airflow/.local/lib/python3.12/site-packages/airflow/example_dags/example_nested_branch_dag.py for tasks to queue
[2024-12-20T05:33:06.747+0000] {logging_mixin.py:190} INFO - [2024-12-20T05:33:06.747+0000] {dagbag.py:588} INFO - Filling up the DagBag from /home/airflow/.local/lib/python3.12/site-packages/airflow/example_dags/example_nested_branch_dag.py
[2024-12-20T05:33:06.776+0000] {processor.py:925} INFO - DAG(s) 'example_nested_branch_dag' retrieved from /home/airflow/.local/lib/python3.12/site-packages/airflow/example_dags/example_nested_branch_dag.py
[2024-12-20T05:33:06.827+0000] {logging_mixin.py:190} INFO - [2024-12-20T05:33:06.827+0000] {dag.py:3239} INFO - Sync 1 DAGs
[2024-12-20T05:33:06.885+0000] {logging_mixin.py:190} INFO - [2024-12-20T05:33:06.885+0000] {dag.py:4180} INFO - Setting next_dagrun for example_nested_branch_dag to 2024-12-19 00:00:00+00:00, run_after=2024-12-20 00:00:00+00:00
[2024-12-20T05:33:06.960+0000] {processor.py:208} INFO - Processing /home/airflow/.local/lib/python3.12/site-packages/airflow/example_dags/example_nested_branch_dag.py took 0.233 seconds
[2024-12-20T05:33:37.772+0000] {processor.py:186} INFO - Started process (PID=13101) to work on /home/airflow/.local/lib/python3.12/site-packages/airflow/example_dags/example_nested_branch_dag.py
[2024-12-20T05:33:37.774+0000] {processor.py:914} INFO - Processing file /home/airflow/.local/lib/python3.12/site-packages/airflow/example_dags/example_nested_branch_dag.py for tasks to queue
[2024-12-20T05:33:37.782+0000] {logging_mixin.py:190} INFO - [2024-12-20T05:33:37.780+0000] {dagbag.py:588} INFO - Filling up the DagBag from /home/airflow/.local/lib/python3.12/site-packages/airflow/example_dags/example_nested_branch_dag.py
[2024-12-20T05:33:37.818+0000] {processor.py:925} INFO - DAG(s) 'example_nested_branch_dag' retrieved from /home/airflow/.local/lib/python3.12/site-packages/airflow/example_dags/example_nested_branch_dag.py
[2024-12-20T05:33:37.876+0000] {logging_mixin.py:190} INFO - [2024-12-20T05:33:37.876+0000] {dag.py:3239} INFO - Sync 1 DAGs
[2024-12-20T05:33:37.952+0000] {logging_mixin.py:190} INFO - [2024-12-20T05:33:37.951+0000] {dag.py:4180} INFO - Setting next_dagrun for example_nested_branch_dag to 2024-12-19 00:00:00+00:00, run_after=2024-12-20 00:00:00+00:00
[2024-12-20T05:33:38.038+0000] {processor.py:208} INFO - Processing /home/airflow/.local/lib/python3.12/site-packages/airflow/example_dags/example_nested_branch_dag.py took 0.284 seconds
[2024-12-20T05:34:15.471+0000] {processor.py:186} INFO - Started process (PID=13170) to work on /home/airflow/.local/lib/python3.12/site-packages/airflow/example_dags/example_nested_branch_dag.py
[2024-12-20T05:34:15.473+0000] {processor.py:914} INFO - Processing file /home/airflow/.local/lib/python3.12/site-packages/airflow/example_dags/example_nested_branch_dag.py for tasks to queue
[2024-12-20T05:34:15.478+0000] {logging_mixin.py:190} INFO - [2024-12-20T05:34:15.478+0000] {dagbag.py:588} INFO - Filling up the DagBag from /home/airflow/.local/lib/python3.12/site-packages/airflow/example_dags/example_nested_branch_dag.py
[2024-12-20T05:34:15.504+0000] {processor.py:925} INFO - DAG(s) 'example_nested_branch_dag' retrieved from /home/airflow/.local/lib/python3.12/site-packages/airflow/example_dags/example_nested_branch_dag.py
[2024-12-20T05:34:15.552+0000] {logging_mixin.py:190} INFO - [2024-12-20T05:34:15.551+0000] {dag.py:3239} INFO - Sync 1 DAGs
[2024-12-20T05:34:15.609+0000] {logging_mixin.py:190} INFO - [2024-12-20T05:34:15.608+0000] {dag.py:4180} INFO - Setting next_dagrun for example_nested_branch_dag to 2024-12-19 00:00:00+00:00, run_after=2024-12-20 00:00:00+00:00
[2024-12-20T05:34:15.654+0000] {processor.py:208} INFO - Processing /home/airflow/.local/lib/python3.12/site-packages/airflow/example_dags/example_nested_branch_dag.py took 0.201 seconds
[2024-12-20T05:34:46.404+0000] {processor.py:186} INFO - Started process (PID=13235) to work on /home/airflow/.local/lib/python3.12/site-packages/airflow/example_dags/example_nested_branch_dag.py
[2024-12-20T05:34:46.407+0000] {processor.py:914} INFO - Processing file /home/airflow/.local/lib/python3.12/site-packages/airflow/example_dags/example_nested_branch_dag.py for tasks to queue
[2024-12-20T05:34:46.418+0000] {logging_mixin.py:190} INFO - [2024-12-20T05:34:46.417+0000] {dagbag.py:588} INFO - Filling up the DagBag from /home/airflow/.local/lib/python3.12/site-packages/airflow/example_dags/example_nested_branch_dag.py
[2024-12-20T05:34:46.463+0000] {processor.py:925} INFO - DAG(s) 'example_nested_branch_dag' retrieved from /home/airflow/.local/lib/python3.12/site-packages/airflow/example_dags/example_nested_branch_dag.py
[2024-12-20T05:34:46.528+0000] {logging_mixin.py:190} INFO - [2024-12-20T05:34:46.527+0000] {dag.py:3239} INFO - Sync 1 DAGs
[2024-12-20T05:34:46.602+0000] {logging_mixin.py:190} INFO - [2024-12-20T05:34:46.600+0000] {dag.py:4180} INFO - Setting next_dagrun for example_nested_branch_dag to 2024-12-19 00:00:00+00:00, run_after=2024-12-20 00:00:00+00:00
[2024-12-20T05:34:46.651+0000] {processor.py:208} INFO - Processing /home/airflow/.local/lib/python3.12/site-packages/airflow/example_dags/example_nested_branch_dag.py took 0.268 seconds
[2024-12-20T05:35:19.288+0000] {processor.py:186} INFO - Started process (PID=13300) to work on /home/airflow/.local/lib/python3.12/site-packages/airflow/example_dags/example_nested_branch_dag.py
[2024-12-20T05:35:19.293+0000] {processor.py:914} INFO - Processing file /home/airflow/.local/lib/python3.12/site-packages/airflow/example_dags/example_nested_branch_dag.py for tasks to queue
[2024-12-20T05:35:19.307+0000] {logging_mixin.py:190} INFO - [2024-12-20T05:35:19.304+0000] {dagbag.py:588} INFO - Filling up the DagBag from /home/airflow/.local/lib/python3.12/site-packages/airflow/example_dags/example_nested_branch_dag.py
[2024-12-20T05:35:19.379+0000] {processor.py:925} INFO - DAG(s) 'example_nested_branch_dag' retrieved from /home/airflow/.local/lib/python3.12/site-packages/airflow/example_dags/example_nested_branch_dag.py
[2024-12-20T05:35:19.507+0000] {logging_mixin.py:190} INFO - [2024-12-20T05:35:19.506+0000] {dag.py:3239} INFO - Sync 1 DAGs
[2024-12-20T05:35:19.642+0000] {logging_mixin.py:190} INFO - [2024-12-20T05:35:19.641+0000] {dag.py:4180} INFO - Setting next_dagrun for example_nested_branch_dag to 2024-12-19 00:00:00+00:00, run_after=2024-12-20 00:00:00+00:00
[2024-12-20T05:35:19.788+0000] {processor.py:208} INFO - Processing /home/airflow/.local/lib/python3.12/site-packages/airflow/example_dags/example_nested_branch_dag.py took 0.539 seconds
[2024-12-20T05:35:52.004+0000] {processor.py:186} INFO - Started process (PID=13365) to work on /home/airflow/.local/lib/python3.12/site-packages/airflow/example_dags/example_nested_branch_dag.py
[2024-12-20T05:35:52.006+0000] {processor.py:914} INFO - Processing file /home/airflow/.local/lib/python3.12/site-packages/airflow/example_dags/example_nested_branch_dag.py for tasks to queue
[2024-12-20T05:35:52.013+0000] {logging_mixin.py:190} INFO - [2024-12-20T05:35:52.012+0000] {dagbag.py:588} INFO - Filling up the DagBag from /home/airflow/.local/lib/python3.12/site-packages/airflow/example_dags/example_nested_branch_dag.py
[2024-12-20T05:35:52.050+0000] {processor.py:925} INFO - DAG(s) 'example_nested_branch_dag' retrieved from /home/airflow/.local/lib/python3.12/site-packages/airflow/example_dags/example_nested_branch_dag.py
[2024-12-20T05:35:52.109+0000] {logging_mixin.py:190} INFO - [2024-12-20T05:35:52.108+0000] {dag.py:3239} INFO - Sync 1 DAGs
[2024-12-20T05:35:52.181+0000] {logging_mixin.py:190} INFO - [2024-12-20T05:35:52.180+0000] {dag.py:4180} INFO - Setting next_dagrun for example_nested_branch_dag to 2024-12-19 00:00:00+00:00, run_after=2024-12-20 00:00:00+00:00
[2024-12-20T05:35:52.233+0000] {processor.py:208} INFO - Processing /home/airflow/.local/lib/python3.12/site-packages/airflow/example_dags/example_nested_branch_dag.py took 0.245 seconds
[2024-12-20T05:36:26.155+0000] {processor.py:186} INFO - Started process (PID=13430) to work on /home/airflow/.local/lib/python3.12/site-packages/airflow/example_dags/example_nested_branch_dag.py
[2024-12-20T05:36:26.158+0000] {processor.py:914} INFO - Processing file /home/airflow/.local/lib/python3.12/site-packages/airflow/example_dags/example_nested_branch_dag.py for tasks to queue
[2024-12-20T05:36:26.165+0000] {logging_mixin.py:190} INFO - [2024-12-20T05:36:26.164+0000] {dagbag.py:588} INFO - Filling up the DagBag from /home/airflow/.local/lib/python3.12/site-packages/airflow/example_dags/example_nested_branch_dag.py
[2024-12-20T05:36:26.198+0000] {processor.py:925} INFO - DAG(s) 'example_nested_branch_dag' retrieved from /home/airflow/.local/lib/python3.12/site-packages/airflow/example_dags/example_nested_branch_dag.py
[2024-12-20T05:36:26.253+0000] {logging_mixin.py:190} INFO - [2024-12-20T05:36:26.252+0000] {dag.py:3239} INFO - Sync 1 DAGs
[2024-12-20T05:36:26.322+0000] {logging_mixin.py:190} INFO - [2024-12-20T05:36:26.321+0000] {dag.py:4180} INFO - Setting next_dagrun for example_nested_branch_dag to 2024-12-19 00:00:00+00:00, run_after=2024-12-20 00:00:00+00:00
[2024-12-20T05:36:26.406+0000] {processor.py:208} INFO - Processing /home/airflow/.local/lib/python3.12/site-packages/airflow/example_dags/example_nested_branch_dag.py took 0.266 seconds
[2024-12-20T05:36:56.742+0000] {processor.py:186} INFO - Started process (PID=13495) to work on /home/airflow/.local/lib/python3.12/site-packages/airflow/example_dags/example_nested_branch_dag.py
[2024-12-20T05:36:56.746+0000] {processor.py:914} INFO - Processing file /home/airflow/.local/lib/python3.12/site-packages/airflow/example_dags/example_nested_branch_dag.py for tasks to queue
[2024-12-20T05:36:56.755+0000] {logging_mixin.py:190} INFO - [2024-12-20T05:36:56.754+0000] {dagbag.py:588} INFO - Filling up the DagBag from /home/airflow/.local/lib/python3.12/site-packages/airflow/example_dags/example_nested_branch_dag.py
[2024-12-20T05:36:56.793+0000] {processor.py:925} INFO - DAG(s) 'example_nested_branch_dag' retrieved from /home/airflow/.local/lib/python3.12/site-packages/airflow/example_dags/example_nested_branch_dag.py
[2024-12-20T05:36:56.845+0000] {logging_mixin.py:190} INFO - [2024-12-20T05:36:56.845+0000] {dag.py:3239} INFO - Sync 1 DAGs
[2024-12-20T05:36:56.910+0000] {logging_mixin.py:190} INFO - [2024-12-20T05:36:56.909+0000] {dag.py:4180} INFO - Setting next_dagrun for example_nested_branch_dag to 2024-12-19 00:00:00+00:00, run_after=2024-12-20 00:00:00+00:00
[2024-12-20T05:36:56.989+0000] {processor.py:208} INFO - Processing /home/airflow/.local/lib/python3.12/site-packages/airflow/example_dags/example_nested_branch_dag.py took 0.273 seconds
[2024-12-20T05:37:29.164+0000] {processor.py:186} INFO - Started process (PID=13561) to work on /home/airflow/.local/lib/python3.12/site-packages/airflow/example_dags/example_nested_branch_dag.py
[2024-12-20T05:37:29.166+0000] {processor.py:914} INFO - Processing file /home/airflow/.local/lib/python3.12/site-packages/airflow/example_dags/example_nested_branch_dag.py for tasks to queue
[2024-12-20T05:37:29.174+0000] {logging_mixin.py:190} INFO - [2024-12-20T05:37:29.173+0000] {dagbag.py:588} INFO - Filling up the DagBag from /home/airflow/.local/lib/python3.12/site-packages/airflow/example_dags/example_nested_branch_dag.py
[2024-12-20T05:37:29.219+0000] {processor.py:925} INFO - DAG(s) 'example_nested_branch_dag' retrieved from /home/airflow/.local/lib/python3.12/site-packages/airflow/example_dags/example_nested_branch_dag.py
[2024-12-20T05:37:29.281+0000] {logging_mixin.py:190} INFO - [2024-12-20T05:37:29.281+0000] {dag.py:3239} INFO - Sync 1 DAGs
[2024-12-20T05:37:29.363+0000] {logging_mixin.py:190} INFO - [2024-12-20T05:37:29.362+0000] {dag.py:4180} INFO - Setting next_dagrun for example_nested_branch_dag to 2024-12-19 00:00:00+00:00, run_after=2024-12-20 00:00:00+00:00
[2024-12-20T05:37:29.425+0000] {processor.py:208} INFO - Processing /home/airflow/.local/lib/python3.12/site-packages/airflow/example_dags/example_nested_branch_dag.py took 0.282 seconds
[2024-12-20T05:38:00.658+0000] {processor.py:186} INFO - Started process (PID=13626) to work on /home/airflow/.local/lib/python3.12/site-packages/airflow/example_dags/example_nested_branch_dag.py
[2024-12-20T05:38:00.661+0000] {processor.py:914} INFO - Processing file /home/airflow/.local/lib/python3.12/site-packages/airflow/example_dags/example_nested_branch_dag.py for tasks to queue
[2024-12-20T05:38:00.669+0000] {logging_mixin.py:190} INFO - [2024-12-20T05:38:00.668+0000] {dagbag.py:588} INFO - Filling up the DagBag from /home/airflow/.local/lib/python3.12/site-packages/airflow/example_dags/example_nested_branch_dag.py
[2024-12-20T05:38:00.706+0000] {processor.py:925} INFO - DAG(s) 'example_nested_branch_dag' retrieved from /home/airflow/.local/lib/python3.12/site-packages/airflow/example_dags/example_nested_branch_dag.py
[2024-12-20T05:38:00.776+0000] {logging_mixin.py:190} INFO - [2024-12-20T05:38:00.775+0000] {dag.py:3239} INFO - Sync 1 DAGs
[2024-12-20T05:38:00.887+0000] {logging_mixin.py:190} INFO - [2024-12-20T05:38:00.886+0000] {dag.py:4180} INFO - Setting next_dagrun for example_nested_branch_dag to 2024-12-19 00:00:00+00:00, run_after=2024-12-20 00:00:00+00:00
[2024-12-20T05:38:00.974+0000] {processor.py:208} INFO - Processing /home/airflow/.local/lib/python3.12/site-packages/airflow/example_dags/example_nested_branch_dag.py took 0.334 seconds
[2024-12-20T05:38:31.906+0000] {processor.py:186} INFO - Started process (PID=13691) to work on /home/airflow/.local/lib/python3.12/site-packages/airflow/example_dags/example_nested_branch_dag.py
[2024-12-20T05:38:31.909+0000] {processor.py:914} INFO - Processing file /home/airflow/.local/lib/python3.12/site-packages/airflow/example_dags/example_nested_branch_dag.py for tasks to queue
[2024-12-20T05:38:31.919+0000] {logging_mixin.py:190} INFO - [2024-12-20T05:38:31.917+0000] {dagbag.py:588} INFO - Filling up the DagBag from /home/airflow/.local/lib/python3.12/site-packages/airflow/example_dags/example_nested_branch_dag.py
[2024-12-20T05:38:31.963+0000] {processor.py:925} INFO - DAG(s) 'example_nested_branch_dag' retrieved from /home/airflow/.local/lib/python3.12/site-packages/airflow/example_dags/example_nested_branch_dag.py
[2024-12-20T05:38:32.027+0000] {logging_mixin.py:190} INFO - [2024-12-20T05:38:32.026+0000] {dag.py:3239} INFO - Sync 1 DAGs
[2024-12-20T05:38:32.093+0000] {logging_mixin.py:190} INFO - [2024-12-20T05:38:32.092+0000] {dag.py:4180} INFO - Setting next_dagrun for example_nested_branch_dag to 2024-12-19 00:00:00+00:00, run_after=2024-12-20 00:00:00+00:00
[2024-12-20T05:38:32.140+0000] {processor.py:208} INFO - Processing /home/airflow/.local/lib/python3.12/site-packages/airflow/example_dags/example_nested_branch_dag.py took 0.263 seconds
[2024-12-20T05:39:02.760+0000] {processor.py:186} INFO - Started process (PID=13756) to work on /home/airflow/.local/lib/python3.12/site-packages/airflow/example_dags/example_nested_branch_dag.py
[2024-12-20T05:39:02.763+0000] {processor.py:914} INFO - Processing file /home/airflow/.local/lib/python3.12/site-packages/airflow/example_dags/example_nested_branch_dag.py for tasks to queue
[2024-12-20T05:39:02.768+0000] {logging_mixin.py:190} INFO - [2024-12-20T05:39:02.767+0000] {dagbag.py:588} INFO - Filling up the DagBag from /home/airflow/.local/lib/python3.12/site-packages/airflow/example_dags/example_nested_branch_dag.py
[2024-12-20T05:39:02.802+0000] {processor.py:925} INFO - DAG(s) 'example_nested_branch_dag' retrieved from /home/airflow/.local/lib/python3.12/site-packages/airflow/example_dags/example_nested_branch_dag.py
[2024-12-20T05:39:02.865+0000] {logging_mixin.py:190} INFO - [2024-12-20T05:39:02.865+0000] {dag.py:3239} INFO - Sync 1 DAGs
[2024-12-20T05:39:02.931+0000] {logging_mixin.py:190} INFO - [2024-12-20T05:39:02.930+0000] {dag.py:4180} INFO - Setting next_dagrun for example_nested_branch_dag to 2024-12-19 00:00:00+00:00, run_after=2024-12-20 00:00:00+00:00
[2024-12-20T05:39:02.977+0000] {processor.py:208} INFO - Processing /home/airflow/.local/lib/python3.12/site-packages/airflow/example_dags/example_nested_branch_dag.py took 0.238 seconds
[2024-12-20T05:39:33.678+0000] {processor.py:186} INFO - Started process (PID=13820) to work on /home/airflow/.local/lib/python3.12/site-packages/airflow/example_dags/example_nested_branch_dag.py
[2024-12-20T05:39:33.681+0000] {processor.py:914} INFO - Processing file /home/airflow/.local/lib/python3.12/site-packages/airflow/example_dags/example_nested_branch_dag.py for tasks to queue
[2024-12-20T05:39:33.687+0000] {logging_mixin.py:190} INFO - [2024-12-20T05:39:33.686+0000] {dagbag.py:588} INFO - Filling up the DagBag from /home/airflow/.local/lib/python3.12/site-packages/airflow/example_dags/example_nested_branch_dag.py
[2024-12-20T05:39:33.725+0000] {processor.py:925} INFO - DAG(s) 'example_nested_branch_dag' retrieved from /home/airflow/.local/lib/python3.12/site-packages/airflow/example_dags/example_nested_branch_dag.py
[2024-12-20T05:39:33.777+0000] {logging_mixin.py:190} INFO - [2024-12-20T05:39:33.777+0000] {dag.py:3239} INFO - Sync 1 DAGs
[2024-12-20T05:39:33.845+0000] {logging_mixin.py:190} INFO - [2024-12-20T05:39:33.844+0000] {dag.py:4180} INFO - Setting next_dagrun for example_nested_branch_dag to 2024-12-19 00:00:00+00:00, run_after=2024-12-20 00:00:00+00:00
[2024-12-20T05:39:33.893+0000] {processor.py:208} INFO - Processing /home/airflow/.local/lib/python3.12/site-packages/airflow/example_dags/example_nested_branch_dag.py took 0.231 seconds
[2024-12-20T05:40:04.243+0000] {processor.py:186} INFO - Started process (PID=13885) to work on /home/airflow/.local/lib/python3.12/site-packages/airflow/example_dags/example_nested_branch_dag.py
[2024-12-20T05:40:04.246+0000] {processor.py:914} INFO - Processing file /home/airflow/.local/lib/python3.12/site-packages/airflow/example_dags/example_nested_branch_dag.py for tasks to queue
[2024-12-20T05:40:04.256+0000] {logging_mixin.py:190} INFO - [2024-12-20T05:40:04.255+0000] {dagbag.py:588} INFO - Filling up the DagBag from /home/airflow/.local/lib/python3.12/site-packages/airflow/example_dags/example_nested_branch_dag.py
[2024-12-20T05:40:04.325+0000] {processor.py:925} INFO - DAG(s) 'example_nested_branch_dag' retrieved from /home/airflow/.local/lib/python3.12/site-packages/airflow/example_dags/example_nested_branch_dag.py
[2024-12-20T05:40:04.406+0000] {logging_mixin.py:190} INFO - [2024-12-20T05:40:04.405+0000] {dag.py:3239} INFO - Sync 1 DAGs
[2024-12-20T05:40:04.509+0000] {logging_mixin.py:190} INFO - [2024-12-20T05:40:04.508+0000] {dag.py:4180} INFO - Setting next_dagrun for example_nested_branch_dag to 2024-12-19 00:00:00+00:00, run_after=2024-12-20 00:00:00+00:00
[2024-12-20T05:40:04.565+0000] {processor.py:208} INFO - Processing /home/airflow/.local/lib/python3.12/site-packages/airflow/example_dags/example_nested_branch_dag.py took 0.343 seconds
[2024-12-20T05:40:34.833+0000] {processor.py:186} INFO - Started process (PID=13956) to work on /home/airflow/.local/lib/python3.12/site-packages/airflow/example_dags/example_nested_branch_dag.py
[2024-12-20T05:40:34.835+0000] {processor.py:914} INFO - Processing file /home/airflow/.local/lib/python3.12/site-packages/airflow/example_dags/example_nested_branch_dag.py for tasks to queue
[2024-12-20T05:40:34.842+0000] {logging_mixin.py:190} INFO - [2024-12-20T05:40:34.841+0000] {dagbag.py:588} INFO - Filling up the DagBag from /home/airflow/.local/lib/python3.12/site-packages/airflow/example_dags/example_nested_branch_dag.py
[2024-12-20T05:40:34.872+0000] {processor.py:925} INFO - DAG(s) 'example_nested_branch_dag' retrieved from /home/airflow/.local/lib/python3.12/site-packages/airflow/example_dags/example_nested_branch_dag.py
[2024-12-20T05:40:34.922+0000] {logging_mixin.py:190} INFO - [2024-12-20T05:40:34.922+0000] {dag.py:3239} INFO - Sync 1 DAGs
[2024-12-20T05:40:34.974+0000] {logging_mixin.py:190} INFO - [2024-12-20T05:40:34.973+0000] {dag.py:4180} INFO - Setting next_dagrun for example_nested_branch_dag to 2024-12-19 00:00:00+00:00, run_after=2024-12-20 00:00:00+00:00
[2024-12-20T05:40:35.014+0000] {processor.py:208} INFO - Processing /home/airflow/.local/lib/python3.12/site-packages/airflow/example_dags/example_nested_branch_dag.py took 0.192 seconds
[2024-12-20T05:41:07.683+0000] {processor.py:186} INFO - Started process (PID=14021) to work on /home/airflow/.local/lib/python3.12/site-packages/airflow/example_dags/example_nested_branch_dag.py
[2024-12-20T05:41:07.686+0000] {processor.py:914} INFO - Processing file /home/airflow/.local/lib/python3.12/site-packages/airflow/example_dags/example_nested_branch_dag.py for tasks to queue
[2024-12-20T05:41:07.692+0000] {logging_mixin.py:190} INFO - [2024-12-20T05:41:07.691+0000] {dagbag.py:588} INFO - Filling up the DagBag from /home/airflow/.local/lib/python3.12/site-packages/airflow/example_dags/example_nested_branch_dag.py
[2024-12-20T05:41:07.719+0000] {processor.py:925} INFO - DAG(s) 'example_nested_branch_dag' retrieved from /home/airflow/.local/lib/python3.12/site-packages/airflow/example_dags/example_nested_branch_dag.py
[2024-12-20T05:41:07.777+0000] {logging_mixin.py:190} INFO - [2024-12-20T05:41:07.776+0000] {dag.py:3239} INFO - Sync 1 DAGs
[2024-12-20T05:41:07.849+0000] {logging_mixin.py:190} INFO - [2024-12-20T05:41:07.848+0000] {dag.py:4180} INFO - Setting next_dagrun for example_nested_branch_dag to 2024-12-19 00:00:00+00:00, run_after=2024-12-20 00:00:00+00:00
[2024-12-20T05:41:07.900+0000] {processor.py:208} INFO - Processing /home/airflow/.local/lib/python3.12/site-packages/airflow/example_dags/example_nested_branch_dag.py took 0.231 seconds
[2024-12-20T05:41:38.942+0000] {processor.py:186} INFO - Started process (PID=14087) to work on /home/airflow/.local/lib/python3.12/site-packages/airflow/example_dags/example_nested_branch_dag.py
[2024-12-20T05:41:38.945+0000] {processor.py:914} INFO - Processing file /home/airflow/.local/lib/python3.12/site-packages/airflow/example_dags/example_nested_branch_dag.py for tasks to queue
[2024-12-20T05:41:38.952+0000] {logging_mixin.py:190} INFO - [2024-12-20T05:41:38.951+0000] {dagbag.py:588} INFO - Filling up the DagBag from /home/airflow/.local/lib/python3.12/site-packages/airflow/example_dags/example_nested_branch_dag.py
[2024-12-20T05:41:38.986+0000] {processor.py:925} INFO - DAG(s) 'example_nested_branch_dag' retrieved from /home/airflow/.local/lib/python3.12/site-packages/airflow/example_dags/example_nested_branch_dag.py
[2024-12-20T05:41:39.050+0000] {logging_mixin.py:190} INFO - [2024-12-20T05:41:39.049+0000] {dag.py:3239} INFO - Sync 1 DAGs
[2024-12-20T05:41:39.121+0000] {logging_mixin.py:190} INFO - [2024-12-20T05:41:39.120+0000] {dag.py:4180} INFO - Setting next_dagrun for example_nested_branch_dag to 2024-12-19 00:00:00+00:00, run_after=2024-12-20 00:00:00+00:00
[2024-12-20T05:41:39.169+0000] {processor.py:208} INFO - Processing /home/airflow/.local/lib/python3.12/site-packages/airflow/example_dags/example_nested_branch_dag.py took 0.244 seconds
[2024-12-20T05:42:10.568+0000] {processor.py:186} INFO - Started process (PID=14151) to work on /home/airflow/.local/lib/python3.12/site-packages/airflow/example_dags/example_nested_branch_dag.py
[2024-12-20T05:42:10.571+0000] {processor.py:914} INFO - Processing file /home/airflow/.local/lib/python3.12/site-packages/airflow/example_dags/example_nested_branch_dag.py for tasks to queue
[2024-12-20T05:42:10.578+0000] {logging_mixin.py:190} INFO - [2024-12-20T05:42:10.577+0000] {dagbag.py:588} INFO - Filling up the DagBag from /home/airflow/.local/lib/python3.12/site-packages/airflow/example_dags/example_nested_branch_dag.py
[2024-12-20T05:42:10.617+0000] {processor.py:925} INFO - DAG(s) 'example_nested_branch_dag' retrieved from /home/airflow/.local/lib/python3.12/site-packages/airflow/example_dags/example_nested_branch_dag.py
[2024-12-20T05:42:10.671+0000] {logging_mixin.py:190} INFO - [2024-12-20T05:42:10.670+0000] {dag.py:3239} INFO - Sync 1 DAGs
[2024-12-20T05:42:10.736+0000] {logging_mixin.py:190} INFO - [2024-12-20T05:42:10.735+0000] {dag.py:4180} INFO - Setting next_dagrun for example_nested_branch_dag to 2024-12-19 00:00:00+00:00, run_after=2024-12-20 00:00:00+00:00
[2024-12-20T05:42:10.795+0000] {processor.py:208} INFO - Processing /home/airflow/.local/lib/python3.12/site-packages/airflow/example_dags/example_nested_branch_dag.py took 0.246 seconds
[2024-12-20T05:42:42.363+0000] {processor.py:186} INFO - Started process (PID=14216) to work on /home/airflow/.local/lib/python3.12/site-packages/airflow/example_dags/example_nested_branch_dag.py
[2024-12-20T05:42:42.365+0000] {processor.py:914} INFO - Processing file /home/airflow/.local/lib/python3.12/site-packages/airflow/example_dags/example_nested_branch_dag.py for tasks to queue
[2024-12-20T05:42:42.371+0000] {logging_mixin.py:190} INFO - [2024-12-20T05:42:42.370+0000] {dagbag.py:588} INFO - Filling up the DagBag from /home/airflow/.local/lib/python3.12/site-packages/airflow/example_dags/example_nested_branch_dag.py
[2024-12-20T05:42:42.402+0000] {processor.py:925} INFO - DAG(s) 'example_nested_branch_dag' retrieved from /home/airflow/.local/lib/python3.12/site-packages/airflow/example_dags/example_nested_branch_dag.py
[2024-12-20T05:42:42.458+0000] {logging_mixin.py:190} INFO - [2024-12-20T05:42:42.458+0000] {dag.py:3239} INFO - Sync 1 DAGs
[2024-12-20T05:42:42.561+0000] {logging_mixin.py:190} INFO - [2024-12-20T05:42:42.561+0000] {dag.py:4180} INFO - Setting next_dagrun for example_nested_branch_dag to 2024-12-19 00:00:00+00:00, run_after=2024-12-20 00:00:00+00:00
[2024-12-20T05:42:42.638+0000] {processor.py:208} INFO - Processing /home/airflow/.local/lib/python3.12/site-packages/airflow/example_dags/example_nested_branch_dag.py took 0.291 seconds
[2024-12-20T05:43:14.248+0000] {processor.py:186} INFO - Started process (PID=14280) to work on /home/airflow/.local/lib/python3.12/site-packages/airflow/example_dags/example_nested_branch_dag.py
[2024-12-20T05:43:14.251+0000] {processor.py:914} INFO - Processing file /home/airflow/.local/lib/python3.12/site-packages/airflow/example_dags/example_nested_branch_dag.py for tasks to queue
[2024-12-20T05:43:14.259+0000] {logging_mixin.py:190} INFO - [2024-12-20T05:43:14.257+0000] {dagbag.py:588} INFO - Filling up the DagBag from /home/airflow/.local/lib/python3.12/site-packages/airflow/example_dags/example_nested_branch_dag.py
[2024-12-20T05:43:14.304+0000] {processor.py:925} INFO - DAG(s) 'example_nested_branch_dag' retrieved from /home/airflow/.local/lib/python3.12/site-packages/airflow/example_dags/example_nested_branch_dag.py
[2024-12-20T05:43:14.374+0000] {logging_mixin.py:190} INFO - [2024-12-20T05:43:14.373+0000] {dag.py:3239} INFO - Sync 1 DAGs
[2024-12-20T05:43:14.458+0000] {logging_mixin.py:190} INFO - [2024-12-20T05:43:14.457+0000] {dag.py:4180} INFO - Setting next_dagrun for example_nested_branch_dag to 2024-12-19 00:00:00+00:00, run_after=2024-12-20 00:00:00+00:00
[2024-12-20T05:43:14.525+0000] {processor.py:208} INFO - Processing /home/airflow/.local/lib/python3.12/site-packages/airflow/example_dags/example_nested_branch_dag.py took 0.296 seconds
[2024-12-20T05:43:46.177+0000] {processor.py:186} INFO - Started process (PID=14343) to work on /home/airflow/.local/lib/python3.12/site-packages/airflow/example_dags/example_nested_branch_dag.py
[2024-12-20T05:43:46.181+0000] {processor.py:914} INFO - Processing file /home/airflow/.local/lib/python3.12/site-packages/airflow/example_dags/example_nested_branch_dag.py for tasks to queue
[2024-12-20T05:43:46.193+0000] {logging_mixin.py:190} INFO - [2024-12-20T05:43:46.192+0000] {dagbag.py:588} INFO - Filling up the DagBag from /home/airflow/.local/lib/python3.12/site-packages/airflow/example_dags/example_nested_branch_dag.py
[2024-12-20T05:43:46.249+0000] {processor.py:925} INFO - DAG(s) 'example_nested_branch_dag' retrieved from /home/airflow/.local/lib/python3.12/site-packages/airflow/example_dags/example_nested_branch_dag.py
[2024-12-20T05:43:46.319+0000] {logging_mixin.py:190} INFO - [2024-12-20T05:43:46.318+0000] {dag.py:3239} INFO - Sync 1 DAGs
[2024-12-20T05:43:46.407+0000] {logging_mixin.py:190} INFO - [2024-12-20T05:43:46.406+0000] {dag.py:4180} INFO - Setting next_dagrun for example_nested_branch_dag to 2024-12-19 00:00:00+00:00, run_after=2024-12-20 00:00:00+00:00
[2024-12-20T05:43:46.460+0000] {processor.py:208} INFO - Processing /home/airflow/.local/lib/python3.12/site-packages/airflow/example_dags/example_nested_branch_dag.py took 0.310 seconds
[2024-12-20T05:44:19.391+0000] {processor.py:186} INFO - Started process (PID=14408) to work on /home/airflow/.local/lib/python3.12/site-packages/airflow/example_dags/example_nested_branch_dag.py
[2024-12-20T05:44:19.395+0000] {processor.py:914} INFO - Processing file /home/airflow/.local/lib/python3.12/site-packages/airflow/example_dags/example_nested_branch_dag.py for tasks to queue
[2024-12-20T05:44:19.403+0000] {logging_mixin.py:190} INFO - [2024-12-20T05:44:19.401+0000] {dagbag.py:588} INFO - Filling up the DagBag from /home/airflow/.local/lib/python3.12/site-packages/airflow/example_dags/example_nested_branch_dag.py
[2024-12-20T05:44:19.447+0000] {processor.py:925} INFO - DAG(s) 'example_nested_branch_dag' retrieved from /home/airflow/.local/lib/python3.12/site-packages/airflow/example_dags/example_nested_branch_dag.py
[2024-12-20T05:44:19.534+0000] {logging_mixin.py:190} INFO - [2024-12-20T05:44:19.532+0000] {dag.py:3239} INFO - Sync 1 DAGs
[2024-12-20T05:44:19.643+0000] {logging_mixin.py:190} INFO - [2024-12-20T05:44:19.642+0000] {dag.py:4180} INFO - Setting next_dagrun for example_nested_branch_dag to 2024-12-19 00:00:00+00:00, run_after=2024-12-20 00:00:00+00:00
[2024-12-20T05:44:19.727+0000] {processor.py:208} INFO - Processing /home/airflow/.local/lib/python3.12/site-packages/airflow/example_dags/example_nested_branch_dag.py took 0.361 seconds
[2024-12-20T05:44:50.291+0000] {processor.py:186} INFO - Started process (PID=14473) to work on /home/airflow/.local/lib/python3.12/site-packages/airflow/example_dags/example_nested_branch_dag.py
[2024-12-20T05:44:50.297+0000] {processor.py:914} INFO - Processing file /home/airflow/.local/lib/python3.12/site-packages/airflow/example_dags/example_nested_branch_dag.py for tasks to queue
[2024-12-20T05:44:50.306+0000] {logging_mixin.py:190} INFO - [2024-12-20T05:44:50.305+0000] {dagbag.py:588} INFO - Filling up the DagBag from /home/airflow/.local/lib/python3.12/site-packages/airflow/example_dags/example_nested_branch_dag.py
[2024-12-20T05:44:50.356+0000] {processor.py:925} INFO - DAG(s) 'example_nested_branch_dag' retrieved from /home/airflow/.local/lib/python3.12/site-packages/airflow/example_dags/example_nested_branch_dag.py
[2024-12-20T05:44:50.436+0000] {logging_mixin.py:190} INFO - [2024-12-20T05:44:50.436+0000] {dag.py:3239} INFO - Sync 1 DAGs
[2024-12-20T05:44:50.531+0000] {logging_mixin.py:190} INFO - [2024-12-20T05:44:50.531+0000] {dag.py:4180} INFO - Setting next_dagrun for example_nested_branch_dag to 2024-12-19 00:00:00+00:00, run_after=2024-12-20 00:00:00+00:00
[2024-12-20T05:44:50.580+0000] {processor.py:208} INFO - Processing /home/airflow/.local/lib/python3.12/site-packages/airflow/example_dags/example_nested_branch_dag.py took 0.318 seconds
[2024-12-20T05:45:21.053+0000] {processor.py:186} INFO - Started process (PID=14538) to work on /home/airflow/.local/lib/python3.12/site-packages/airflow/example_dags/example_nested_branch_dag.py
[2024-12-20T05:45:21.055+0000] {processor.py:914} INFO - Processing file /home/airflow/.local/lib/python3.12/site-packages/airflow/example_dags/example_nested_branch_dag.py for tasks to queue
[2024-12-20T05:45:21.063+0000] {logging_mixin.py:190} INFO - [2024-12-20T05:45:21.062+0000] {dagbag.py:588} INFO - Filling up the DagBag from /home/airflow/.local/lib/python3.12/site-packages/airflow/example_dags/example_nested_branch_dag.py
[2024-12-20T05:45:21.125+0000] {processor.py:925} INFO - DAG(s) 'example_nested_branch_dag' retrieved from /home/airflow/.local/lib/python3.12/site-packages/airflow/example_dags/example_nested_branch_dag.py
[2024-12-20T05:45:21.182+0000] {logging_mixin.py:190} INFO - [2024-12-20T05:45:21.182+0000] {dag.py:3239} INFO - Sync 1 DAGs
[2024-12-20T05:45:21.262+0000] {logging_mixin.py:190} INFO - [2024-12-20T05:45:21.261+0000] {dag.py:4180} INFO - Setting next_dagrun for example_nested_branch_dag to 2024-12-19 00:00:00+00:00, run_after=2024-12-20 00:00:00+00:00
[2024-12-20T05:45:21.315+0000] {processor.py:208} INFO - Processing /home/airflow/.local/lib/python3.12/site-packages/airflow/example_dags/example_nested_branch_dag.py took 0.281 seconds
[2024-12-20T05:45:52.354+0000] {processor.py:186} INFO - Started process (PID=14603) to work on /home/airflow/.local/lib/python3.12/site-packages/airflow/example_dags/example_nested_branch_dag.py
[2024-12-20T05:45:52.357+0000] {processor.py:914} INFO - Processing file /home/airflow/.local/lib/python3.12/site-packages/airflow/example_dags/example_nested_branch_dag.py for tasks to queue
[2024-12-20T05:45:52.370+0000] {logging_mixin.py:190} INFO - [2024-12-20T05:45:52.367+0000] {dagbag.py:588} INFO - Filling up the DagBag from /home/airflow/.local/lib/python3.12/site-packages/airflow/example_dags/example_nested_branch_dag.py
[2024-12-20T05:45:52.453+0000] {processor.py:925} INFO - DAG(s) 'example_nested_branch_dag' retrieved from /home/airflow/.local/lib/python3.12/site-packages/airflow/example_dags/example_nested_branch_dag.py
[2024-12-20T05:45:52.572+0000] {logging_mixin.py:190} INFO - [2024-12-20T05:45:52.571+0000] {dag.py:3239} INFO - Sync 1 DAGs
[2024-12-20T05:45:52.709+0000] {logging_mixin.py:190} INFO - [2024-12-20T05:45:52.708+0000] {dag.py:4180} INFO - Setting next_dagrun for example_nested_branch_dag to 2024-12-19 00:00:00+00:00, run_after=2024-12-20 00:00:00+00:00
[2024-12-20T05:45:52.838+0000] {processor.py:208} INFO - Processing /home/airflow/.local/lib/python3.12/site-packages/airflow/example_dags/example_nested_branch_dag.py took 0.507 seconds
[2024-12-20T05:46:23.230+0000] {processor.py:186} INFO - Started process (PID=14668) to work on /home/airflow/.local/lib/python3.12/site-packages/airflow/example_dags/example_nested_branch_dag.py
[2024-12-20T05:46:23.232+0000] {processor.py:914} INFO - Processing file /home/airflow/.local/lib/python3.12/site-packages/airflow/example_dags/example_nested_branch_dag.py for tasks to queue
[2024-12-20T05:46:23.236+0000] {logging_mixin.py:190} INFO - [2024-12-20T05:46:23.235+0000] {dagbag.py:588} INFO - Filling up the DagBag from /home/airflow/.local/lib/python3.12/site-packages/airflow/example_dags/example_nested_branch_dag.py
[2024-12-20T05:46:23.256+0000] {processor.py:925} INFO - DAG(s) 'example_nested_branch_dag' retrieved from /home/airflow/.local/lib/python3.12/site-packages/airflow/example_dags/example_nested_branch_dag.py
[2024-12-20T05:46:23.291+0000] {logging_mixin.py:190} INFO - [2024-12-20T05:46:23.290+0000] {dag.py:3239} INFO - Sync 1 DAGs
[2024-12-20T05:46:23.334+0000] {logging_mixin.py:190} INFO - [2024-12-20T05:46:23.334+0000] {dag.py:4180} INFO - Setting next_dagrun for example_nested_branch_dag to 2024-12-19 00:00:00+00:00, run_after=2024-12-20 00:00:00+00:00
[2024-12-20T05:46:23.368+0000] {processor.py:208} INFO - Processing /home/airflow/.local/lib/python3.12/site-packages/airflow/example_dags/example_nested_branch_dag.py took 0.148 seconds
[2024-12-20T05:46:53.754+0000] {processor.py:186} INFO - Started process (PID=14732) to work on /home/airflow/.local/lib/python3.12/site-packages/airflow/example_dags/example_nested_branch_dag.py
[2024-12-20T05:46:53.757+0000] {processor.py:914} INFO - Processing file /home/airflow/.local/lib/python3.12/site-packages/airflow/example_dags/example_nested_branch_dag.py for tasks to queue
[2024-12-20T05:46:53.764+0000] {logging_mixin.py:190} INFO - [2024-12-20T05:46:53.764+0000] {dagbag.py:588} INFO - Filling up the DagBag from /home/airflow/.local/lib/python3.12/site-packages/airflow/example_dags/example_nested_branch_dag.py
[2024-12-20T05:46:53.787+0000] {processor.py:925} INFO - DAG(s) 'example_nested_branch_dag' retrieved from /home/airflow/.local/lib/python3.12/site-packages/airflow/example_dags/example_nested_branch_dag.py
[2024-12-20T05:46:53.832+0000] {logging_mixin.py:190} INFO - [2024-12-20T05:46:53.831+0000] {dag.py:3239} INFO - Sync 1 DAGs
[2024-12-20T05:46:53.882+0000] {logging_mixin.py:190} INFO - [2024-12-20T05:46:53.882+0000] {dag.py:4180} INFO - Setting next_dagrun for example_nested_branch_dag to 2024-12-19 00:00:00+00:00, run_after=2024-12-20 00:00:00+00:00
[2024-12-20T05:46:53.921+0000] {processor.py:208} INFO - Processing /home/airflow/.local/lib/python3.12/site-packages/airflow/example_dags/example_nested_branch_dag.py took 0.198 seconds
[2024-12-20T05:47:24.410+0000] {processor.py:186} INFO - Started process (PID=14797) to work on /home/airflow/.local/lib/python3.12/site-packages/airflow/example_dags/example_nested_branch_dag.py
[2024-12-20T05:47:24.413+0000] {processor.py:914} INFO - Processing file /home/airflow/.local/lib/python3.12/site-packages/airflow/example_dags/example_nested_branch_dag.py for tasks to queue
[2024-12-20T05:47:24.420+0000] {logging_mixin.py:190} INFO - [2024-12-20T05:47:24.420+0000] {dagbag.py:588} INFO - Filling up the DagBag from /home/airflow/.local/lib/python3.12/site-packages/airflow/example_dags/example_nested_branch_dag.py
[2024-12-20T05:47:24.457+0000] {processor.py:925} INFO - DAG(s) 'example_nested_branch_dag' retrieved from /home/airflow/.local/lib/python3.12/site-packages/airflow/example_dags/example_nested_branch_dag.py
[2024-12-20T05:47:24.520+0000] {logging_mixin.py:190} INFO - [2024-12-20T05:47:24.519+0000] {dag.py:3239} INFO - Sync 1 DAGs
[2024-12-20T05:47:24.570+0000] {logging_mixin.py:190} INFO - [2024-12-20T05:47:24.570+0000] {dag.py:4180} INFO - Setting next_dagrun for example_nested_branch_dag to 2024-12-19 00:00:00+00:00, run_after=2024-12-20 00:00:00+00:00
[2024-12-20T05:47:24.636+0000] {processor.py:208} INFO - Processing /home/airflow/.local/lib/python3.12/site-packages/airflow/example_dags/example_nested_branch_dag.py took 0.242 seconds
[2024-12-20T05:48:21.621+0000] {processor.py:186} INFO - Started process (PID=14886) to work on /home/airflow/.local/lib/python3.12/site-packages/airflow/example_dags/example_nested_branch_dag.py
[2024-12-20T05:48:21.639+0000] {processor.py:914} INFO - Processing file /home/airflow/.local/lib/python3.12/site-packages/airflow/example_dags/example_nested_branch_dag.py for tasks to queue
[2024-12-20T05:48:21.670+0000] {logging_mixin.py:190} INFO - [2024-12-20T05:48:21.667+0000] {dagbag.py:588} INFO - Filling up the DagBag from /home/airflow/.local/lib/python3.12/site-packages/airflow/example_dags/example_nested_branch_dag.py
[2024-12-20T05:48:21.805+0000] {processor.py:925} INFO - DAG(s) 'example_nested_branch_dag' retrieved from /home/airflow/.local/lib/python3.12/site-packages/airflow/example_dags/example_nested_branch_dag.py
[2024-12-20T05:48:22.082+0000] {logging_mixin.py:190} INFO - [2024-12-20T05:48:22.078+0000] {dag.py:3239} INFO - Sync 1 DAGs
[2024-12-20T05:48:22.505+0000] {logging_mixin.py:190} INFO - [2024-12-20T05:48:22.504+0000] {dag.py:4180} INFO - Setting next_dagrun for example_nested_branch_dag to 2024-12-19 00:00:00+00:00, run_after=2024-12-20 00:00:00+00:00
[2024-12-20T05:48:22.608+0000] {processor.py:208} INFO - Processing /home/airflow/.local/lib/python3.12/site-packages/airflow/example_dags/example_nested_branch_dag.py took 1.079 seconds
