[2024-12-20T05:28:00.456+0000] {processor.py:186} INFO - Started process (PID=12466) to work on /home/airflow/.local/lib/python3.12/site-packages/airflow/example_dags/example_workday_timetable.py
[2024-12-20T05:28:00.458+0000] {processor.py:914} INFO - Processing file /home/airflow/.local/lib/python3.12/site-packages/airflow/example_dags/example_workday_timetable.py for tasks to queue
[2024-12-20T05:28:00.465+0000] {logging_mixin.py:190} INFO - [2024-12-20T05:28:00.463+0000] {dagbag.py:588} INFO - Filling up the DagBag from /home/airflow/.local/lib/python3.12/site-packages/airflow/example_dags/example_workday_timetable.py
[2024-12-20T05:28:00.485+0000] {processor.py:925} INFO - DAG(s) 'example_workday_timetable' retrieved from /home/airflow/.local/lib/python3.12/site-packages/airflow/example_dags/example_workday_timetable.py
[2024-12-20T05:28:00.562+0000] {logging_mixin.py:190} INFO - [2024-12-20T05:28:00.561+0000] {dag.py:3239} INFO - Sync 1 DAGs
[2024-12-20T05:28:00.829+0000] {logging_mixin.py:190} INFO - [2024-12-20T05:28:00.829+0000] {dag.py:4180} INFO - Setting next_dagrun for example_workday_timetable to 2021-01-04 00:00:00+00:00, run_after=2021-01-05 00:00:00+00:00
[2024-12-20T05:28:00.968+0000] {processor.py:208} INFO - Processing /home/airflow/.local/lib/python3.12/site-packages/airflow/example_dags/example_workday_timetable.py took 0.530 seconds
[2024-12-20T05:28:53.752+0000] {processor.py:186} INFO - Started process (PID=12527) to work on /home/airflow/.local/lib/python3.12/site-packages/airflow/example_dags/example_workday_timetable.py
[2024-12-20T05:28:53.766+0000] {processor.py:914} INFO - Processing file /home/airflow/.local/lib/python3.12/site-packages/airflow/example_dags/example_workday_timetable.py for tasks to queue
[2024-12-20T05:28:53.817+0000] {logging_mixin.py:190} INFO - [2024-12-20T05:28:53.815+0000] {dagbag.py:588} INFO - Filling up the DagBag from /home/airflow/.local/lib/python3.12/site-packages/airflow/example_dags/example_workday_timetable.py
[2024-12-20T05:28:53.896+0000] {processor.py:925} INFO - DAG(s) 'example_workday_timetable' retrieved from /home/airflow/.local/lib/python3.12/site-packages/airflow/example_dags/example_workday_timetable.py
[2024-12-20T05:28:54.131+0000] {logging_mixin.py:190} INFO - [2024-12-20T05:28:54.130+0000] {dag.py:3239} INFO - Sync 1 DAGs
[2024-12-20T05:28:54.823+0000] {logging_mixin.py:190} INFO - [2024-12-20T05:28:54.822+0000] {dag.py:4180} INFO - Setting next_dagrun for example_workday_timetable to 2021-01-04 00:00:00+00:00, run_after=2021-01-05 00:00:00+00:00
[2024-12-20T05:28:54.953+0000] {processor.py:208} INFO - Processing /home/airflow/.local/lib/python3.12/site-packages/airflow/example_dags/example_workday_timetable.py took 1.263 seconds
[2024-12-20T05:29:26.131+0000] {processor.py:186} INFO - Started process (PID=12591) to work on /home/airflow/.local/lib/python3.12/site-packages/airflow/example_dags/example_workday_timetable.py
[2024-12-20T05:29:26.137+0000] {processor.py:914} INFO - Processing file /home/airflow/.local/lib/python3.12/site-packages/airflow/example_dags/example_workday_timetable.py for tasks to queue
[2024-12-20T05:29:26.151+0000] {logging_mixin.py:190} INFO - [2024-12-20T05:29:26.149+0000] {dagbag.py:588} INFO - Filling up the DagBag from /home/airflow/.local/lib/python3.12/site-packages/airflow/example_dags/example_workday_timetable.py
[2024-12-20T05:29:26.180+0000] {processor.py:925} INFO - DAG(s) 'example_workday_timetable' retrieved from /home/airflow/.local/lib/python3.12/site-packages/airflow/example_dags/example_workday_timetable.py
[2024-12-20T05:29:26.284+0000] {logging_mixin.py:190} INFO - [2024-12-20T05:29:26.283+0000] {dag.py:3239} INFO - Sync 1 DAGs
[2024-12-20T05:29:26.791+0000] {logging_mixin.py:190} INFO - [2024-12-20T05:29:26.788+0000] {dag.py:4180} INFO - Setting next_dagrun for example_workday_timetable to 2021-01-04 00:00:00+00:00, run_after=2021-01-05 00:00:00+00:00
[2024-12-20T05:29:26.958+0000] {processor.py:208} INFO - Processing /home/airflow/.local/lib/python3.12/site-packages/airflow/example_dags/example_workday_timetable.py took 0.874 seconds
[2024-12-20T05:29:57.499+0000] {processor.py:186} INFO - Started process (PID=12656) to work on /home/airflow/.local/lib/python3.12/site-packages/airflow/example_dags/example_workday_timetable.py
[2024-12-20T05:29:57.503+0000] {processor.py:914} INFO - Processing file /home/airflow/.local/lib/python3.12/site-packages/airflow/example_dags/example_workday_timetable.py for tasks to queue
[2024-12-20T05:29:57.510+0000] {logging_mixin.py:190} INFO - [2024-12-20T05:29:57.509+0000] {dagbag.py:588} INFO - Filling up the DagBag from /home/airflow/.local/lib/python3.12/site-packages/airflow/example_dags/example_workday_timetable.py
[2024-12-20T05:29:57.530+0000] {processor.py:925} INFO - DAG(s) 'example_workday_timetable' retrieved from /home/airflow/.local/lib/python3.12/site-packages/airflow/example_dags/example_workday_timetable.py
[2024-12-20T05:29:57.608+0000] {logging_mixin.py:190} INFO - [2024-12-20T05:29:57.607+0000] {dag.py:3239} INFO - Sync 1 DAGs
[2024-12-20T05:29:57.878+0000] {logging_mixin.py:190} INFO - [2024-12-20T05:29:57.877+0000] {dag.py:4180} INFO - Setting next_dagrun for example_workday_timetable to 2021-01-04 00:00:00+00:00, run_after=2021-01-05 00:00:00+00:00
[2024-12-20T05:29:57.972+0000] {processor.py:208} INFO - Processing /home/airflow/.local/lib/python3.12/site-packages/airflow/example_dags/example_workday_timetable.py took 0.501 seconds
[2024-12-20T05:30:28.252+0000] {processor.py:186} INFO - Started process (PID=12722) to work on /home/airflow/.local/lib/python3.12/site-packages/airflow/example_dags/example_workday_timetable.py
[2024-12-20T05:30:28.256+0000] {processor.py:914} INFO - Processing file /home/airflow/.local/lib/python3.12/site-packages/airflow/example_dags/example_workday_timetable.py for tasks to queue
[2024-12-20T05:30:28.262+0000] {logging_mixin.py:190} INFO - [2024-12-20T05:30:28.261+0000] {dagbag.py:588} INFO - Filling up the DagBag from /home/airflow/.local/lib/python3.12/site-packages/airflow/example_dags/example_workday_timetable.py
[2024-12-20T05:30:28.278+0000] {processor.py:925} INFO - DAG(s) 'example_workday_timetable' retrieved from /home/airflow/.local/lib/python3.12/site-packages/airflow/example_dags/example_workday_timetable.py
[2024-12-20T05:30:28.339+0000] {logging_mixin.py:190} INFO - [2024-12-20T05:30:28.338+0000] {dag.py:3239} INFO - Sync 1 DAGs
[2024-12-20T05:30:28.449+0000] {logging_mixin.py:190} INFO - [2024-12-20T05:30:28.449+0000] {dag.py:4180} INFO - Setting next_dagrun for example_workday_timetable to 2021-01-04 00:00:00+00:00, run_after=2021-01-05 00:00:00+00:00
[2024-12-20T05:30:28.477+0000] {processor.py:208} INFO - Processing /home/airflow/.local/lib/python3.12/site-packages/airflow/example_dags/example_workday_timetable.py took 0.242 seconds
[2024-12-20T05:30:59.527+0000] {processor.py:186} INFO - Started process (PID=12786) to work on /home/airflow/.local/lib/python3.12/site-packages/airflow/example_dags/example_workday_timetable.py
[2024-12-20T05:30:59.529+0000] {processor.py:914} INFO - Processing file /home/airflow/.local/lib/python3.12/site-packages/airflow/example_dags/example_workday_timetable.py for tasks to queue
[2024-12-20T05:30:59.536+0000] {logging_mixin.py:190} INFO - [2024-12-20T05:30:59.535+0000] {dagbag.py:588} INFO - Filling up the DagBag from /home/airflow/.local/lib/python3.12/site-packages/airflow/example_dags/example_workday_timetable.py
[2024-12-20T05:30:59.553+0000] {processor.py:925} INFO - DAG(s) 'example_workday_timetable' retrieved from /home/airflow/.local/lib/python3.12/site-packages/airflow/example_dags/example_workday_timetable.py
[2024-12-20T05:30:59.607+0000] {logging_mixin.py:190} INFO - [2024-12-20T05:30:59.605+0000] {dag.py:3239} INFO - Sync 1 DAGs
[2024-12-20T05:30:59.804+0000] {logging_mixin.py:190} INFO - [2024-12-20T05:30:59.804+0000] {dag.py:4180} INFO - Setting next_dagrun for example_workday_timetable to 2021-01-04 00:00:00+00:00, run_after=2021-01-05 00:00:00+00:00
[2024-12-20T05:30:59.851+0000] {processor.py:208} INFO - Processing /home/airflow/.local/lib/python3.12/site-packages/airflow/example_dags/example_workday_timetable.py took 0.344 seconds
[2024-12-20T05:31:32.523+0000] {processor.py:186} INFO - Started process (PID=12849) to work on /home/airflow/.local/lib/python3.12/site-packages/airflow/example_dags/example_workday_timetable.py
[2024-12-20T05:31:32.526+0000] {processor.py:914} INFO - Processing file /home/airflow/.local/lib/python3.12/site-packages/airflow/example_dags/example_workday_timetable.py for tasks to queue
[2024-12-20T05:31:32.534+0000] {logging_mixin.py:190} INFO - [2024-12-20T05:31:32.533+0000] {dagbag.py:588} INFO - Filling up the DagBag from /home/airflow/.local/lib/python3.12/site-packages/airflow/example_dags/example_workday_timetable.py
[2024-12-20T05:31:32.558+0000] {processor.py:925} INFO - DAG(s) 'example_workday_timetable' retrieved from /home/airflow/.local/lib/python3.12/site-packages/airflow/example_dags/example_workday_timetable.py
[2024-12-20T05:31:32.625+0000] {logging_mixin.py:190} INFO - [2024-12-20T05:31:32.625+0000] {dag.py:3239} INFO - Sync 1 DAGs
[2024-12-20T05:31:32.845+0000] {logging_mixin.py:190} INFO - [2024-12-20T05:31:32.844+0000] {dag.py:4180} INFO - Setting next_dagrun for example_workday_timetable to 2021-01-04 00:00:00+00:00, run_after=2021-01-05 00:00:00+00:00
[2024-12-20T05:31:32.896+0000] {processor.py:208} INFO - Processing /home/airflow/.local/lib/python3.12/site-packages/airflow/example_dags/example_workday_timetable.py took 0.398 seconds
[2024-12-20T05:32:03.475+0000] {processor.py:186} INFO - Started process (PID=12914) to work on /home/airflow/.local/lib/python3.12/site-packages/airflow/example_dags/example_workday_timetable.py
[2024-12-20T05:32:03.477+0000] {processor.py:914} INFO - Processing file /home/airflow/.local/lib/python3.12/site-packages/airflow/example_dags/example_workday_timetable.py for tasks to queue
[2024-12-20T05:32:03.485+0000] {logging_mixin.py:190} INFO - [2024-12-20T05:32:03.484+0000] {dagbag.py:588} INFO - Filling up the DagBag from /home/airflow/.local/lib/python3.12/site-packages/airflow/example_dags/example_workday_timetable.py
[2024-12-20T05:32:03.498+0000] {processor.py:925} INFO - DAG(s) 'example_workday_timetable' retrieved from /home/airflow/.local/lib/python3.12/site-packages/airflow/example_dags/example_workday_timetable.py
[2024-12-20T05:32:03.546+0000] {logging_mixin.py:190} INFO - [2024-12-20T05:32:03.545+0000] {dag.py:3239} INFO - Sync 1 DAGs
[2024-12-20T05:32:03.686+0000] {logging_mixin.py:190} INFO - [2024-12-20T05:32:03.685+0000] {dag.py:4180} INFO - Setting next_dagrun for example_workday_timetable to 2021-01-04 00:00:00+00:00, run_after=2021-01-05 00:00:00+00:00
[2024-12-20T05:32:03.722+0000] {processor.py:208} INFO - Processing /home/airflow/.local/lib/python3.12/site-packages/airflow/example_dags/example_workday_timetable.py took 0.260 seconds
[2024-12-20T05:32:35.532+0000] {processor.py:186} INFO - Started process (PID=12979) to work on /home/airflow/.local/lib/python3.12/site-packages/airflow/example_dags/example_workday_timetable.py
[2024-12-20T05:32:35.536+0000] {processor.py:914} INFO - Processing file /home/airflow/.local/lib/python3.12/site-packages/airflow/example_dags/example_workday_timetable.py for tasks to queue
[2024-12-20T05:32:35.550+0000] {logging_mixin.py:190} INFO - [2024-12-20T05:32:35.545+0000] {dagbag.py:588} INFO - Filling up the DagBag from /home/airflow/.local/lib/python3.12/site-packages/airflow/example_dags/example_workday_timetable.py
[2024-12-20T05:32:35.603+0000] {processor.py:925} INFO - DAG(s) 'example_workday_timetable' retrieved from /home/airflow/.local/lib/python3.12/site-packages/airflow/example_dags/example_workday_timetable.py
[2024-12-20T05:32:35.741+0000] {logging_mixin.py:190} INFO - [2024-12-20T05:32:35.740+0000] {dag.py:3239} INFO - Sync 1 DAGs
[2024-12-20T05:32:36.017+0000] {logging_mixin.py:190} INFO - [2024-12-20T05:32:36.016+0000] {dag.py:4180} INFO - Setting next_dagrun for example_workday_timetable to 2021-01-04 00:00:00+00:00, run_after=2021-01-05 00:00:00+00:00
[2024-12-20T05:32:36.075+0000] {processor.py:208} INFO - Processing /home/airflow/.local/lib/python3.12/site-packages/airflow/example_dags/example_workday_timetable.py took 0.584 seconds
[2024-12-20T05:33:08.094+0000] {processor.py:186} INFO - Started process (PID=13043) to work on /home/airflow/.local/lib/python3.12/site-packages/airflow/example_dags/example_workday_timetable.py
[2024-12-20T05:33:08.097+0000] {processor.py:914} INFO - Processing file /home/airflow/.local/lib/python3.12/site-packages/airflow/example_dags/example_workday_timetable.py for tasks to queue
[2024-12-20T05:33:08.104+0000] {logging_mixin.py:190} INFO - [2024-12-20T05:33:08.103+0000] {dagbag.py:588} INFO - Filling up the DagBag from /home/airflow/.local/lib/python3.12/site-packages/airflow/example_dags/example_workday_timetable.py
[2024-12-20T05:33:08.122+0000] {processor.py:925} INFO - DAG(s) 'example_workday_timetable' retrieved from /home/airflow/.local/lib/python3.12/site-packages/airflow/example_dags/example_workday_timetable.py
[2024-12-20T05:33:08.176+0000] {logging_mixin.py:190} INFO - [2024-12-20T05:33:08.175+0000] {dag.py:3239} INFO - Sync 1 DAGs
[2024-12-20T05:33:08.354+0000] {logging_mixin.py:190} INFO - [2024-12-20T05:33:08.353+0000] {dag.py:4180} INFO - Setting next_dagrun for example_workday_timetable to 2021-01-04 00:00:00+00:00, run_after=2021-01-05 00:00:00+00:00
[2024-12-20T05:33:08.405+0000] {processor.py:208} INFO - Processing /home/airflow/.local/lib/python3.12/site-packages/airflow/example_dags/example_workday_timetable.py took 0.326 seconds
[2024-12-20T05:33:39.701+0000] {processor.py:186} INFO - Started process (PID=13108) to work on /home/airflow/.local/lib/python3.12/site-packages/airflow/example_dags/example_workday_timetable.py
[2024-12-20T05:33:39.703+0000] {processor.py:914} INFO - Processing file /home/airflow/.local/lib/python3.12/site-packages/airflow/example_dags/example_workday_timetable.py for tasks to queue
[2024-12-20T05:33:39.708+0000] {logging_mixin.py:190} INFO - [2024-12-20T05:33:39.708+0000] {dagbag.py:588} INFO - Filling up the DagBag from /home/airflow/.local/lib/python3.12/site-packages/airflow/example_dags/example_workday_timetable.py
[2024-12-20T05:33:39.722+0000] {processor.py:925} INFO - DAG(s) 'example_workday_timetable' retrieved from /home/airflow/.local/lib/python3.12/site-packages/airflow/example_dags/example_workday_timetable.py
[2024-12-20T05:33:39.764+0000] {logging_mixin.py:190} INFO - [2024-12-20T05:33:39.763+0000] {dag.py:3239} INFO - Sync 1 DAGs
[2024-12-20T05:33:39.912+0000] {logging_mixin.py:190} INFO - [2024-12-20T05:33:39.911+0000] {dag.py:4180} INFO - Setting next_dagrun for example_workday_timetable to 2021-01-04 00:00:00+00:00, run_after=2021-01-05 00:00:00+00:00
[2024-12-20T05:33:39.951+0000] {processor.py:208} INFO - Processing /home/airflow/.local/lib/python3.12/site-packages/airflow/example_dags/example_workday_timetable.py took 0.263 seconds
[2024-12-20T05:34:12.476+0000] {processor.py:186} INFO - Started process (PID=13157) to work on /home/airflow/.local/lib/python3.12/site-packages/airflow/example_dags/example_workday_timetable.py
[2024-12-20T05:34:12.480+0000] {processor.py:914} INFO - Processing file /home/airflow/.local/lib/python3.12/site-packages/airflow/example_dags/example_workday_timetable.py for tasks to queue
[2024-12-20T05:34:12.489+0000] {logging_mixin.py:190} INFO - [2024-12-20T05:34:12.487+0000] {dagbag.py:588} INFO - Filling up the DagBag from /home/airflow/.local/lib/python3.12/site-packages/airflow/example_dags/example_workday_timetable.py
[2024-12-20T05:34:12.513+0000] {processor.py:925} INFO - DAG(s) 'example_workday_timetable' retrieved from /home/airflow/.local/lib/python3.12/site-packages/airflow/example_dags/example_workday_timetable.py
[2024-12-20T05:34:12.598+0000] {logging_mixin.py:190} INFO - [2024-12-20T05:34:12.597+0000] {dag.py:3239} INFO - Sync 1 DAGs
[2024-12-20T05:34:12.958+0000] {logging_mixin.py:190} INFO - [2024-12-20T05:34:12.957+0000] {dag.py:4180} INFO - Setting next_dagrun for example_workday_timetable to 2021-01-04 00:00:00+00:00, run_after=2021-01-05 00:00:00+00:00
[2024-12-20T05:34:13.090+0000] {processor.py:208} INFO - Processing /home/airflow/.local/lib/python3.12/site-packages/airflow/example_dags/example_workday_timetable.py took 0.643 seconds
[2024-12-20T05:34:44.524+0000] {processor.py:186} INFO - Started process (PID=13222) to work on /home/airflow/.local/lib/python3.12/site-packages/airflow/example_dags/example_workday_timetable.py
[2024-12-20T05:34:44.526+0000] {processor.py:914} INFO - Processing file /home/airflow/.local/lib/python3.12/site-packages/airflow/example_dags/example_workday_timetable.py for tasks to queue
[2024-12-20T05:34:44.531+0000] {logging_mixin.py:190} INFO - [2024-12-20T05:34:44.531+0000] {dagbag.py:588} INFO - Filling up the DagBag from /home/airflow/.local/lib/python3.12/site-packages/airflow/example_dags/example_workday_timetable.py
[2024-12-20T05:34:44.545+0000] {processor.py:925} INFO - DAG(s) 'example_workday_timetable' retrieved from /home/airflow/.local/lib/python3.12/site-packages/airflow/example_dags/example_workday_timetable.py
[2024-12-20T05:34:44.590+0000] {logging_mixin.py:190} INFO - [2024-12-20T05:34:44.589+0000] {dag.py:3239} INFO - Sync 1 DAGs
[2024-12-20T05:34:44.763+0000] {logging_mixin.py:190} INFO - [2024-12-20T05:34:44.763+0000] {dag.py:4180} INFO - Setting next_dagrun for example_workday_timetable to 2021-01-04 00:00:00+00:00, run_after=2021-01-05 00:00:00+00:00
[2024-12-20T05:34:44.814+0000] {processor.py:208} INFO - Processing /home/airflow/.local/lib/python3.12/site-packages/airflow/example_dags/example_workday_timetable.py took 0.302 seconds
[2024-12-20T05:35:15.520+0000] {processor.py:186} INFO - Started process (PID=13282) to work on /home/airflow/.local/lib/python3.12/site-packages/airflow/example_dags/example_workday_timetable.py
[2024-12-20T05:35:15.523+0000] {processor.py:914} INFO - Processing file /home/airflow/.local/lib/python3.12/site-packages/airflow/example_dags/example_workday_timetable.py for tasks to queue
[2024-12-20T05:35:15.531+0000] {logging_mixin.py:190} INFO - [2024-12-20T05:35:15.530+0000] {dagbag.py:588} INFO - Filling up the DagBag from /home/airflow/.local/lib/python3.12/site-packages/airflow/example_dags/example_workday_timetable.py
[2024-12-20T05:35:15.557+0000] {processor.py:925} INFO - DAG(s) 'example_workday_timetable' retrieved from /home/airflow/.local/lib/python3.12/site-packages/airflow/example_dags/example_workday_timetable.py
[2024-12-20T05:35:15.627+0000] {logging_mixin.py:190} INFO - [2024-12-20T05:35:15.626+0000] {dag.py:3239} INFO - Sync 1 DAGs
[2024-12-20T05:35:15.964+0000] {logging_mixin.py:190} INFO - [2024-12-20T05:35:15.963+0000] {dag.py:4180} INFO - Setting next_dagrun for example_workday_timetable to 2021-01-04 00:00:00+00:00, run_after=2021-01-05 00:00:00+00:00
[2024-12-20T05:35:16.083+0000] {processor.py:208} INFO - Processing /home/airflow/.local/lib/python3.12/site-packages/airflow/example_dags/example_workday_timetable.py took 0.586 seconds
[2024-12-20T05:35:48.291+0000] {processor.py:186} INFO - Started process (PID=13347) to work on /home/airflow/.local/lib/python3.12/site-packages/airflow/example_dags/example_workday_timetable.py
[2024-12-20T05:35:48.294+0000] {processor.py:914} INFO - Processing file /home/airflow/.local/lib/python3.12/site-packages/airflow/example_dags/example_workday_timetable.py for tasks to queue
[2024-12-20T05:35:48.301+0000] {logging_mixin.py:190} INFO - [2024-12-20T05:35:48.300+0000] {dagbag.py:588} INFO - Filling up the DagBag from /home/airflow/.local/lib/python3.12/site-packages/airflow/example_dags/example_workday_timetable.py
[2024-12-20T05:35:48.321+0000] {processor.py:925} INFO - DAG(s) 'example_workday_timetable' retrieved from /home/airflow/.local/lib/python3.12/site-packages/airflow/example_dags/example_workday_timetable.py
[2024-12-20T05:35:48.380+0000] {logging_mixin.py:190} INFO - [2024-12-20T05:35:48.379+0000] {dag.py:3239} INFO - Sync 1 DAGs
[2024-12-20T05:35:48.564+0000] {logging_mixin.py:190} INFO - [2024-12-20T05:35:48.563+0000] {dag.py:4180} INFO - Setting next_dagrun for example_workday_timetable to 2021-01-04 00:00:00+00:00, run_after=2021-01-05 00:00:00+00:00
[2024-12-20T05:35:48.613+0000] {processor.py:208} INFO - Processing /home/airflow/.local/lib/python3.12/site-packages/airflow/example_dags/example_workday_timetable.py took 0.345 seconds
[2024-12-20T05:36:21.009+0000] {processor.py:186} INFO - Started process (PID=13411) to work on /home/airflow/.local/lib/python3.12/site-packages/airflow/example_dags/example_workday_timetable.py
[2024-12-20T05:36:21.012+0000] {processor.py:914} INFO - Processing file /home/airflow/.local/lib/python3.12/site-packages/airflow/example_dags/example_workday_timetable.py for tasks to queue
[2024-12-20T05:36:21.024+0000] {logging_mixin.py:190} INFO - [2024-12-20T05:36:21.022+0000] {dagbag.py:588} INFO - Filling up the DagBag from /home/airflow/.local/lib/python3.12/site-packages/airflow/example_dags/example_workday_timetable.py
[2024-12-20T05:36:21.056+0000] {processor.py:925} INFO - DAG(s) 'example_workday_timetable' retrieved from /home/airflow/.local/lib/python3.12/site-packages/airflow/example_dags/example_workday_timetable.py
[2024-12-20T05:36:21.130+0000] {logging_mixin.py:190} INFO - [2024-12-20T05:36:21.129+0000] {dag.py:3239} INFO - Sync 1 DAGs
[2024-12-20T05:36:21.378+0000] {logging_mixin.py:190} INFO - [2024-12-20T05:36:21.378+0000] {dag.py:4180} INFO - Setting next_dagrun for example_workday_timetable to 2021-01-04 00:00:00+00:00, run_after=2021-01-05 00:00:00+00:00
[2024-12-20T05:36:21.473+0000] {processor.py:208} INFO - Processing /home/airflow/.local/lib/python3.12/site-packages/airflow/example_dags/example_workday_timetable.py took 0.491 seconds
[2024-12-20T05:36:51.926+0000] {processor.py:186} INFO - Started process (PID=13475) to work on /home/airflow/.local/lib/python3.12/site-packages/airflow/example_dags/example_workday_timetable.py
[2024-12-20T05:36:51.928+0000] {processor.py:914} INFO - Processing file /home/airflow/.local/lib/python3.12/site-packages/airflow/example_dags/example_workday_timetable.py for tasks to queue
[2024-12-20T05:36:51.936+0000] {logging_mixin.py:190} INFO - [2024-12-20T05:36:51.935+0000] {dagbag.py:588} INFO - Filling up the DagBag from /home/airflow/.local/lib/python3.12/site-packages/airflow/example_dags/example_workday_timetable.py
[2024-12-20T05:36:51.955+0000] {processor.py:925} INFO - DAG(s) 'example_workday_timetable' retrieved from /home/airflow/.local/lib/python3.12/site-packages/airflow/example_dags/example_workday_timetable.py
[2024-12-20T05:36:52.031+0000] {logging_mixin.py:190} INFO - [2024-12-20T05:36:52.030+0000] {dag.py:3239} INFO - Sync 1 DAGs
[2024-12-20T05:36:52.225+0000] {logging_mixin.py:190} INFO - [2024-12-20T05:36:52.224+0000] {dag.py:4180} INFO - Setting next_dagrun for example_workday_timetable to 2021-01-04 00:00:00+00:00, run_after=2021-01-05 00:00:00+00:00
[2024-12-20T05:36:52.276+0000] {processor.py:208} INFO - Processing /home/airflow/.local/lib/python3.12/site-packages/airflow/example_dags/example_workday_timetable.py took 0.367 seconds
[2024-12-20T05:37:23.083+0000] {processor.py:186} INFO - Started process (PID=13541) to work on /home/airflow/.local/lib/python3.12/site-packages/airflow/example_dags/example_workday_timetable.py
[2024-12-20T05:37:23.086+0000] {processor.py:914} INFO - Processing file /home/airflow/.local/lib/python3.12/site-packages/airflow/example_dags/example_workday_timetable.py for tasks to queue
[2024-12-20T05:37:23.097+0000] {logging_mixin.py:190} INFO - [2024-12-20T05:37:23.095+0000] {dagbag.py:588} INFO - Filling up the DagBag from /home/airflow/.local/lib/python3.12/site-packages/airflow/example_dags/example_workday_timetable.py
[2024-12-20T05:37:23.128+0000] {processor.py:925} INFO - DAG(s) 'example_workday_timetable' retrieved from /home/airflow/.local/lib/python3.12/site-packages/airflow/example_dags/example_workday_timetable.py
[2024-12-20T05:37:23.209+0000] {logging_mixin.py:190} INFO - [2024-12-20T05:37:23.209+0000] {dag.py:3239} INFO - Sync 1 DAGs
[2024-12-20T05:37:23.548+0000] {logging_mixin.py:190} INFO - [2024-12-20T05:37:23.547+0000] {dag.py:4180} INFO - Setting next_dagrun for example_workday_timetable to 2021-01-04 00:00:00+00:00, run_after=2021-01-05 00:00:00+00:00
[2024-12-20T05:37:23.623+0000] {processor.py:208} INFO - Processing /home/airflow/.local/lib/python3.12/site-packages/airflow/example_dags/example_workday_timetable.py took 0.566 seconds
[2024-12-20T05:37:53.867+0000] {processor.py:186} INFO - Started process (PID=13605) to work on /home/airflow/.local/lib/python3.12/site-packages/airflow/example_dags/example_workday_timetable.py
[2024-12-20T05:37:53.869+0000] {processor.py:914} INFO - Processing file /home/airflow/.local/lib/python3.12/site-packages/airflow/example_dags/example_workday_timetable.py for tasks to queue
[2024-12-20T05:37:53.875+0000] {logging_mixin.py:190} INFO - [2024-12-20T05:37:53.874+0000] {dagbag.py:588} INFO - Filling up the DagBag from /home/airflow/.local/lib/python3.12/site-packages/airflow/example_dags/example_workday_timetable.py
[2024-12-20T05:37:53.891+0000] {processor.py:925} INFO - DAG(s) 'example_workday_timetable' retrieved from /home/airflow/.local/lib/python3.12/site-packages/airflow/example_dags/example_workday_timetable.py
[2024-12-20T05:37:53.933+0000] {logging_mixin.py:190} INFO - [2024-12-20T05:37:53.933+0000] {dag.py:3239} INFO - Sync 1 DAGs
[2024-12-20T05:37:54.066+0000] {logging_mixin.py:190} INFO - [2024-12-20T05:37:54.065+0000] {dag.py:4180} INFO - Setting next_dagrun for example_workday_timetable to 2021-01-04 00:00:00+00:00, run_after=2021-01-05 00:00:00+00:00
[2024-12-20T05:37:54.099+0000] {processor.py:208} INFO - Processing /home/airflow/.local/lib/python3.12/site-packages/airflow/example_dags/example_workday_timetable.py took 0.245 seconds
[2024-12-20T05:38:24.286+0000] {processor.py:186} INFO - Started process (PID=13670) to work on /home/airflow/.local/lib/python3.12/site-packages/airflow/example_dags/example_workday_timetable.py
[2024-12-20T05:38:24.288+0000] {processor.py:914} INFO - Processing file /home/airflow/.local/lib/python3.12/site-packages/airflow/example_dags/example_workday_timetable.py for tasks to queue
[2024-12-20T05:38:24.294+0000] {logging_mixin.py:190} INFO - [2024-12-20T05:38:24.293+0000] {dagbag.py:588} INFO - Filling up the DagBag from /home/airflow/.local/lib/python3.12/site-packages/airflow/example_dags/example_workday_timetable.py
[2024-12-20T05:38:24.311+0000] {processor.py:925} INFO - DAG(s) 'example_workday_timetable' retrieved from /home/airflow/.local/lib/python3.12/site-packages/airflow/example_dags/example_workday_timetable.py
[2024-12-20T05:38:24.353+0000] {logging_mixin.py:190} INFO - [2024-12-20T05:38:24.353+0000] {dag.py:3239} INFO - Sync 1 DAGs
[2024-12-20T05:38:24.540+0000] {logging_mixin.py:190} INFO - [2024-12-20T05:38:24.539+0000] {dag.py:4180} INFO - Setting next_dagrun for example_workday_timetable to 2021-01-04 00:00:00+00:00, run_after=2021-01-05 00:00:00+00:00
[2024-12-20T05:38:24.618+0000] {processor.py:208} INFO - Processing /home/airflow/.local/lib/python3.12/site-packages/airflow/example_dags/example_workday_timetable.py took 0.349 seconds
[2024-12-20T05:38:55.098+0000] {processor.py:186} INFO - Started process (PID=13735) to work on /home/airflow/.local/lib/python3.12/site-packages/airflow/example_dags/example_workday_timetable.py
[2024-12-20T05:38:55.100+0000] {processor.py:914} INFO - Processing file /home/airflow/.local/lib/python3.12/site-packages/airflow/example_dags/example_workday_timetable.py for tasks to queue
[2024-12-20T05:38:55.107+0000] {logging_mixin.py:190} INFO - [2024-12-20T05:38:55.106+0000] {dagbag.py:588} INFO - Filling up the DagBag from /home/airflow/.local/lib/python3.12/site-packages/airflow/example_dags/example_workday_timetable.py
[2024-12-20T05:38:55.126+0000] {processor.py:925} INFO - DAG(s) 'example_workday_timetable' retrieved from /home/airflow/.local/lib/python3.12/site-packages/airflow/example_dags/example_workday_timetable.py
[2024-12-20T05:38:55.173+0000] {logging_mixin.py:190} INFO - [2024-12-20T05:38:55.172+0000] {dag.py:3239} INFO - Sync 1 DAGs
[2024-12-20T05:38:55.346+0000] {logging_mixin.py:190} INFO - [2024-12-20T05:38:55.346+0000] {dag.py:4180} INFO - Setting next_dagrun for example_workday_timetable to 2021-01-04 00:00:00+00:00, run_after=2021-01-05 00:00:00+00:00
[2024-12-20T05:38:55.393+0000] {processor.py:208} INFO - Processing /home/airflow/.local/lib/python3.12/site-packages/airflow/example_dags/example_workday_timetable.py took 0.314 seconds
[2024-12-20T05:39:26.156+0000] {processor.py:186} INFO - Started process (PID=13800) to work on /home/airflow/.local/lib/python3.12/site-packages/airflow/example_dags/example_workday_timetable.py
[2024-12-20T05:39:26.159+0000] {processor.py:914} INFO - Processing file /home/airflow/.local/lib/python3.12/site-packages/airflow/example_dags/example_workday_timetable.py for tasks to queue
[2024-12-20T05:39:26.166+0000] {logging_mixin.py:190} INFO - [2024-12-20T05:39:26.165+0000] {dagbag.py:588} INFO - Filling up the DagBag from /home/airflow/.local/lib/python3.12/site-packages/airflow/example_dags/example_workday_timetable.py
[2024-12-20T05:39:26.183+0000] {processor.py:925} INFO - DAG(s) 'example_workday_timetable' retrieved from /home/airflow/.local/lib/python3.12/site-packages/airflow/example_dags/example_workday_timetable.py
[2024-12-20T05:39:26.233+0000] {logging_mixin.py:190} INFO - [2024-12-20T05:39:26.232+0000] {dag.py:3239} INFO - Sync 1 DAGs
[2024-12-20T05:39:26.351+0000] {logging_mixin.py:190} INFO - [2024-12-20T05:39:26.350+0000] {dag.py:4180} INFO - Setting next_dagrun for example_workday_timetable to 2021-01-04 00:00:00+00:00, run_after=2021-01-05 00:00:00+00:00
[2024-12-20T05:39:26.377+0000] {processor.py:208} INFO - Processing /home/airflow/.local/lib/python3.12/site-packages/airflow/example_dags/example_workday_timetable.py took 0.236 seconds
[2024-12-20T05:39:56.877+0000] {processor.py:186} INFO - Started process (PID=13862) to work on /home/airflow/.local/lib/python3.12/site-packages/airflow/example_dags/example_workday_timetable.py
[2024-12-20T05:39:56.881+0000] {processor.py:914} INFO - Processing file /home/airflow/.local/lib/python3.12/site-packages/airflow/example_dags/example_workday_timetable.py for tasks to queue
[2024-12-20T05:39:56.887+0000] {logging_mixin.py:190} INFO - [2024-12-20T05:39:56.887+0000] {dagbag.py:588} INFO - Filling up the DagBag from /home/airflow/.local/lib/python3.12/site-packages/airflow/example_dags/example_workday_timetable.py
[2024-12-20T05:39:56.904+0000] {processor.py:925} INFO - DAG(s) 'example_workday_timetable' retrieved from /home/airflow/.local/lib/python3.12/site-packages/airflow/example_dags/example_workday_timetable.py
[2024-12-20T05:39:56.964+0000] {logging_mixin.py:190} INFO - [2024-12-20T05:39:56.964+0000] {dag.py:3239} INFO - Sync 1 DAGs
[2024-12-20T05:39:57.189+0000] {logging_mixin.py:190} INFO - [2024-12-20T05:39:57.188+0000] {dag.py:4180} INFO - Setting next_dagrun for example_workday_timetable to 2021-01-04 00:00:00+00:00, run_after=2021-01-05 00:00:00+00:00
[2024-12-20T05:39:57.262+0000] {processor.py:208} INFO - Processing /home/airflow/.local/lib/python3.12/site-packages/airflow/example_dags/example_workday_timetable.py took 0.404 seconds
[2024-12-20T05:40:27.928+0000] {processor.py:186} INFO - Started process (PID=13924) to work on /home/airflow/.local/lib/python3.12/site-packages/airflow/example_dags/example_workday_timetable.py
[2024-12-20T05:40:27.931+0000] {processor.py:914} INFO - Processing file /home/airflow/.local/lib/python3.12/site-packages/airflow/example_dags/example_workday_timetable.py for tasks to queue
[2024-12-20T05:40:27.941+0000] {logging_mixin.py:190} INFO - [2024-12-20T05:40:27.940+0000] {dagbag.py:588} INFO - Filling up the DagBag from /home/airflow/.local/lib/python3.12/site-packages/airflow/example_dags/example_workday_timetable.py
[2024-12-20T05:40:27.962+0000] {processor.py:925} INFO - DAG(s) 'example_workday_timetable' retrieved from /home/airflow/.local/lib/python3.12/site-packages/airflow/example_dags/example_workday_timetable.py
[2024-12-20T05:40:28.022+0000] {logging_mixin.py:190} INFO - [2024-12-20T05:40:28.021+0000] {dag.py:3239} INFO - Sync 1 DAGs
[2024-12-20T05:40:28.242+0000] {logging_mixin.py:190} INFO - [2024-12-20T05:40:28.241+0000] {dag.py:4180} INFO - Setting next_dagrun for example_workday_timetable to 2021-01-04 00:00:00+00:00, run_after=2021-01-05 00:00:00+00:00
[2024-12-20T05:40:28.298+0000] {processor.py:208} INFO - Processing /home/airflow/.local/lib/python3.12/site-packages/airflow/example_dags/example_workday_timetable.py took 0.390 seconds
[2024-12-20T05:41:00.115+0000] {processor.py:186} INFO - Started process (PID=13983) to work on /home/airflow/.local/lib/python3.12/site-packages/airflow/example_dags/example_workday_timetable.py
[2024-12-20T05:41:00.118+0000] {processor.py:914} INFO - Processing file /home/airflow/.local/lib/python3.12/site-packages/airflow/example_dags/example_workday_timetable.py for tasks to queue
[2024-12-20T05:41:00.129+0000] {logging_mixin.py:190} INFO - [2024-12-20T05:41:00.128+0000] {dagbag.py:588} INFO - Filling up the DagBag from /home/airflow/.local/lib/python3.12/site-packages/airflow/example_dags/example_workday_timetable.py
[2024-12-20T05:41:00.152+0000] {processor.py:925} INFO - DAG(s) 'example_workday_timetable' retrieved from /home/airflow/.local/lib/python3.12/site-packages/airflow/example_dags/example_workday_timetable.py
[2024-12-20T05:41:00.241+0000] {logging_mixin.py:190} INFO - [2024-12-20T05:41:00.240+0000] {dag.py:3239} INFO - Sync 1 DAGs
[2024-12-20T05:41:00.667+0000] {logging_mixin.py:190} INFO - [2024-12-20T05:41:00.666+0000] {dag.py:4180} INFO - Setting next_dagrun for example_workday_timetable to 2021-01-04 00:00:00+00:00, run_after=2021-01-05 00:00:00+00:00
[2024-12-20T05:41:00.767+0000] {processor.py:208} INFO - Processing /home/airflow/.local/lib/python3.12/site-packages/airflow/example_dags/example_workday_timetable.py took 0.673 seconds
[2024-12-20T05:41:31.872+0000] {processor.py:186} INFO - Started process (PID=14048) to work on /home/airflow/.local/lib/python3.12/site-packages/airflow/example_dags/example_workday_timetable.py
[2024-12-20T05:41:31.874+0000] {processor.py:914} INFO - Processing file /home/airflow/.local/lib/python3.12/site-packages/airflow/example_dags/example_workday_timetable.py for tasks to queue
[2024-12-20T05:41:31.879+0000] {logging_mixin.py:190} INFO - [2024-12-20T05:41:31.878+0000] {dagbag.py:588} INFO - Filling up the DagBag from /home/airflow/.local/lib/python3.12/site-packages/airflow/example_dags/example_workday_timetable.py
[2024-12-20T05:41:31.892+0000] {processor.py:925} INFO - DAG(s) 'example_workday_timetable' retrieved from /home/airflow/.local/lib/python3.12/site-packages/airflow/example_dags/example_workday_timetable.py
[2024-12-20T05:41:31.935+0000] {logging_mixin.py:190} INFO - [2024-12-20T05:41:31.935+0000] {dag.py:3239} INFO - Sync 1 DAGs
[2024-12-20T05:41:32.105+0000] {logging_mixin.py:190} INFO - [2024-12-20T05:41:32.105+0000] {dag.py:4180} INFO - Setting next_dagrun for example_workday_timetable to 2021-01-04 00:00:00+00:00, run_after=2021-01-05 00:00:00+00:00
[2024-12-20T05:41:32.202+0000] {processor.py:208} INFO - Processing /home/airflow/.local/lib/python3.12/site-packages/airflow/example_dags/example_workday_timetable.py took 0.342 seconds
[2024-12-20T05:42:02.507+0000] {processor.py:186} INFO - Started process (PID=14113) to work on /home/airflow/.local/lib/python3.12/site-packages/airflow/example_dags/example_workday_timetable.py
[2024-12-20T05:42:02.509+0000] {processor.py:914} INFO - Processing file /home/airflow/.local/lib/python3.12/site-packages/airflow/example_dags/example_workday_timetable.py for tasks to queue
[2024-12-20T05:42:02.516+0000] {logging_mixin.py:190} INFO - [2024-12-20T05:42:02.515+0000] {dagbag.py:588} INFO - Filling up the DagBag from /home/airflow/.local/lib/python3.12/site-packages/airflow/example_dags/example_workday_timetable.py
[2024-12-20T05:42:02.532+0000] {processor.py:925} INFO - DAG(s) 'example_workday_timetable' retrieved from /home/airflow/.local/lib/python3.12/site-packages/airflow/example_dags/example_workday_timetable.py
[2024-12-20T05:42:02.580+0000] {logging_mixin.py:190} INFO - [2024-12-20T05:42:02.580+0000] {dag.py:3239} INFO - Sync 1 DAGs
[2024-12-20T05:42:02.748+0000] {logging_mixin.py:190} INFO - [2024-12-20T05:42:02.748+0000] {dag.py:4180} INFO - Setting next_dagrun for example_workday_timetable to 2021-01-04 00:00:00+00:00, run_after=2021-01-05 00:00:00+00:00
[2024-12-20T05:42:02.800+0000] {processor.py:208} INFO - Processing /home/airflow/.local/lib/python3.12/site-packages/airflow/example_dags/example_workday_timetable.py took 0.307 seconds
[2024-12-20T05:42:33.130+0000] {processor.py:186} INFO - Started process (PID=14178) to work on /home/airflow/.local/lib/python3.12/site-packages/airflow/example_dags/example_workday_timetable.py
[2024-12-20T05:42:33.131+0000] {processor.py:914} INFO - Processing file /home/airflow/.local/lib/python3.12/site-packages/airflow/example_dags/example_workday_timetable.py for tasks to queue
[2024-12-20T05:42:33.135+0000] {logging_mixin.py:190} INFO - [2024-12-20T05:42:33.135+0000] {dagbag.py:588} INFO - Filling up the DagBag from /home/airflow/.local/lib/python3.12/site-packages/airflow/example_dags/example_workday_timetable.py
[2024-12-20T05:42:33.145+0000] {processor.py:925} INFO - DAG(s) 'example_workday_timetable' retrieved from /home/airflow/.local/lib/python3.12/site-packages/airflow/example_dags/example_workday_timetable.py
[2024-12-20T05:42:33.173+0000] {logging_mixin.py:190} INFO - [2024-12-20T05:42:33.173+0000] {dag.py:3239} INFO - Sync 1 DAGs
[2024-12-20T05:42:33.263+0000] {logging_mixin.py:190} INFO - [2024-12-20T05:42:33.262+0000] {dag.py:4180} INFO - Setting next_dagrun for example_workday_timetable to 2021-01-04 00:00:00+00:00, run_after=2021-01-05 00:00:00+00:00
[2024-12-20T05:42:33.312+0000] {processor.py:208} INFO - Processing /home/airflow/.local/lib/python3.12/site-packages/airflow/example_dags/example_workday_timetable.py took 0.191 seconds
[2024-12-20T05:43:04.061+0000] {processor.py:186} INFO - Started process (PID=14241) to work on /home/airflow/.local/lib/python3.12/site-packages/airflow/example_dags/example_workday_timetable.py
[2024-12-20T05:43:04.067+0000] {processor.py:914} INFO - Processing file /home/airflow/.local/lib/python3.12/site-packages/airflow/example_dags/example_workday_timetable.py for tasks to queue
[2024-12-20T05:43:04.098+0000] {logging_mixin.py:190} INFO - [2024-12-20T05:43:04.087+0000] {dagbag.py:588} INFO - Filling up the DagBag from /home/airflow/.local/lib/python3.12/site-packages/airflow/example_dags/example_workday_timetable.py
[2024-12-20T05:43:04.145+0000] {processor.py:925} INFO - DAG(s) 'example_workday_timetable' retrieved from /home/airflow/.local/lib/python3.12/site-packages/airflow/example_dags/example_workday_timetable.py
[2024-12-20T05:43:04.300+0000] {logging_mixin.py:190} INFO - [2024-12-20T05:43:04.298+0000] {dag.py:3239} INFO - Sync 1 DAGs
[2024-12-20T05:43:05.157+0000] {logging_mixin.py:190} INFO - [2024-12-20T05:43:05.156+0000] {dag.py:4180} INFO - Setting next_dagrun for example_workday_timetable to 2021-01-04 00:00:00+00:00, run_after=2021-01-05 00:00:00+00:00
[2024-12-20T05:43:05.308+0000] {processor.py:208} INFO - Processing /home/airflow/.local/lib/python3.12/site-packages/airflow/example_dags/example_workday_timetable.py took 1.317 seconds
[2024-12-20T05:43:35.467+0000] {processor.py:186} INFO - Started process (PID=14306) to work on /home/airflow/.local/lib/python3.12/site-packages/airflow/example_dags/example_workday_timetable.py
[2024-12-20T05:43:35.469+0000] {processor.py:914} INFO - Processing file /home/airflow/.local/lib/python3.12/site-packages/airflow/example_dags/example_workday_timetable.py for tasks to queue
[2024-12-20T05:43:35.475+0000] {logging_mixin.py:190} INFO - [2024-12-20T05:43:35.474+0000] {dagbag.py:588} INFO - Filling up the DagBag from /home/airflow/.local/lib/python3.12/site-packages/airflow/example_dags/example_workday_timetable.py
[2024-12-20T05:43:35.488+0000] {processor.py:925} INFO - DAG(s) 'example_workday_timetable' retrieved from /home/airflow/.local/lib/python3.12/site-packages/airflow/example_dags/example_workday_timetable.py
[2024-12-20T05:43:35.523+0000] {logging_mixin.py:190} INFO - [2024-12-20T05:43:35.522+0000] {dag.py:3239} INFO - Sync 1 DAGs
[2024-12-20T05:43:35.738+0000] {logging_mixin.py:190} INFO - [2024-12-20T05:43:35.737+0000] {dag.py:4180} INFO - Setting next_dagrun for example_workday_timetable to 2021-01-04 00:00:00+00:00, run_after=2021-01-05 00:00:00+00:00
[2024-12-20T05:43:35.785+0000] {processor.py:208} INFO - Processing /home/airflow/.local/lib/python3.12/site-packages/airflow/example_dags/example_workday_timetable.py took 0.333 seconds
[2024-12-20T05:44:06.268+0000] {processor.py:186} INFO - Started process (PID=14377) to work on /home/airflow/.local/lib/python3.12/site-packages/airflow/example_dags/example_workday_timetable.py
[2024-12-20T05:44:06.269+0000] {processor.py:914} INFO - Processing file /home/airflow/.local/lib/python3.12/site-packages/airflow/example_dags/example_workday_timetable.py for tasks to queue
[2024-12-20T05:44:06.277+0000] {logging_mixin.py:190} INFO - [2024-12-20T05:44:06.276+0000] {dagbag.py:588} INFO - Filling up the DagBag from /home/airflow/.local/lib/python3.12/site-packages/airflow/example_dags/example_workday_timetable.py
[2024-12-20T05:44:06.290+0000] {processor.py:925} INFO - DAG(s) 'example_workday_timetable' retrieved from /home/airflow/.local/lib/python3.12/site-packages/airflow/example_dags/example_workday_timetable.py
[2024-12-20T05:44:06.329+0000] {logging_mixin.py:190} INFO - [2024-12-20T05:44:06.328+0000] {dag.py:3239} INFO - Sync 1 DAGs
[2024-12-20T05:44:06.520+0000] {logging_mixin.py:190} INFO - [2024-12-20T05:44:06.520+0000] {dag.py:4180} INFO - Setting next_dagrun for example_workday_timetable to 2021-01-04 00:00:00+00:00, run_after=2021-01-05 00:00:00+00:00
[2024-12-20T05:44:06.571+0000] {processor.py:208} INFO - Processing /home/airflow/.local/lib/python3.12/site-packages/airflow/example_dags/example_workday_timetable.py took 0.318 seconds
[2024-12-20T05:44:37.270+0000] {processor.py:186} INFO - Started process (PID=14442) to work on /home/airflow/.local/lib/python3.12/site-packages/airflow/example_dags/example_workday_timetable.py
[2024-12-20T05:44:37.273+0000] {processor.py:914} INFO - Processing file /home/airflow/.local/lib/python3.12/site-packages/airflow/example_dags/example_workday_timetable.py for tasks to queue
[2024-12-20T05:44:37.279+0000] {logging_mixin.py:190} INFO - [2024-12-20T05:44:37.278+0000] {dagbag.py:588} INFO - Filling up the DagBag from /home/airflow/.local/lib/python3.12/site-packages/airflow/example_dags/example_workday_timetable.py
[2024-12-20T05:44:37.300+0000] {processor.py:925} INFO - DAG(s) 'example_workday_timetable' retrieved from /home/airflow/.local/lib/python3.12/site-packages/airflow/example_dags/example_workday_timetable.py
[2024-12-20T05:44:37.372+0000] {logging_mixin.py:190} INFO - [2024-12-20T05:44:37.371+0000] {dag.py:3239} INFO - Sync 1 DAGs
[2024-12-20T05:44:37.681+0000] {logging_mixin.py:190} INFO - [2024-12-20T05:44:37.680+0000] {dag.py:4180} INFO - Setting next_dagrun for example_workday_timetable to 2021-01-04 00:00:00+00:00, run_after=2021-01-05 00:00:00+00:00
[2024-12-20T05:44:37.748+0000] {processor.py:208} INFO - Processing /home/airflow/.local/lib/python3.12/site-packages/airflow/example_dags/example_workday_timetable.py took 0.495 seconds
[2024-12-20T05:45:07.896+0000] {processor.py:186} INFO - Started process (PID=14507) to work on /home/airflow/.local/lib/python3.12/site-packages/airflow/example_dags/example_workday_timetable.py
[2024-12-20T05:45:07.898+0000] {processor.py:914} INFO - Processing file /home/airflow/.local/lib/python3.12/site-packages/airflow/example_dags/example_workday_timetable.py for tasks to queue
[2024-12-20T05:45:07.903+0000] {logging_mixin.py:190} INFO - [2024-12-20T05:45:07.902+0000] {dagbag.py:588} INFO - Filling up the DagBag from /home/airflow/.local/lib/python3.12/site-packages/airflow/example_dags/example_workday_timetable.py
[2024-12-20T05:45:07.917+0000] {processor.py:925} INFO - DAG(s) 'example_workday_timetable' retrieved from /home/airflow/.local/lib/python3.12/site-packages/airflow/example_dags/example_workday_timetable.py
[2024-12-20T05:45:07.943+0000] {logging_mixin.py:190} INFO - [2024-12-20T05:45:07.942+0000] {dag.py:3239} INFO - Sync 1 DAGs
[2024-12-20T05:45:08.030+0000] {logging_mixin.py:190} INFO - [2024-12-20T05:45:08.029+0000] {dag.py:4180} INFO - Setting next_dagrun for example_workday_timetable to 2021-01-04 00:00:00+00:00, run_after=2021-01-05 00:00:00+00:00
[2024-12-20T05:45:08.055+0000] {processor.py:208} INFO - Processing /home/airflow/.local/lib/python3.12/site-packages/airflow/example_dags/example_workday_timetable.py took 0.171 seconds
[2024-12-20T05:45:38.295+0000] {processor.py:186} INFO - Started process (PID=14572) to work on /home/airflow/.local/lib/python3.12/site-packages/airflow/example_dags/example_workday_timetable.py
[2024-12-20T05:45:38.297+0000] {processor.py:914} INFO - Processing file /home/airflow/.local/lib/python3.12/site-packages/airflow/example_dags/example_workday_timetable.py for tasks to queue
[2024-12-20T05:45:38.303+0000] {logging_mixin.py:190} INFO - [2024-12-20T05:45:38.302+0000] {dagbag.py:588} INFO - Filling up the DagBag from /home/airflow/.local/lib/python3.12/site-packages/airflow/example_dags/example_workday_timetable.py
[2024-12-20T05:45:38.314+0000] {processor.py:925} INFO - DAG(s) 'example_workday_timetable' retrieved from /home/airflow/.local/lib/python3.12/site-packages/airflow/example_dags/example_workday_timetable.py
[2024-12-20T05:45:38.340+0000] {logging_mixin.py:190} INFO - [2024-12-20T05:45:38.340+0000] {dag.py:3239} INFO - Sync 1 DAGs
[2024-12-20T05:45:38.417+0000] {logging_mixin.py:190} INFO - [2024-12-20T05:45:38.417+0000] {dag.py:4180} INFO - Setting next_dagrun for example_workday_timetable to 2021-01-04 00:00:00+00:00, run_after=2021-01-05 00:00:00+00:00
[2024-12-20T05:45:38.441+0000] {processor.py:208} INFO - Processing /home/airflow/.local/lib/python3.12/site-packages/airflow/example_dags/example_workday_timetable.py took 0.168 seconds
[2024-12-20T05:46:11.442+0000] {processor.py:186} INFO - Started process (PID=14637) to work on /home/airflow/.local/lib/python3.12/site-packages/airflow/example_dags/example_workday_timetable.py
[2024-12-20T05:46:11.444+0000] {processor.py:914} INFO - Processing file /home/airflow/.local/lib/python3.12/site-packages/airflow/example_dags/example_workday_timetable.py for tasks to queue
[2024-12-20T05:46:11.450+0000] {logging_mixin.py:190} INFO - [2024-12-20T05:46:11.449+0000] {dagbag.py:588} INFO - Filling up the DagBag from /home/airflow/.local/lib/python3.12/site-packages/airflow/example_dags/example_workday_timetable.py
[2024-12-20T05:46:11.465+0000] {processor.py:925} INFO - DAG(s) 'example_workday_timetable' retrieved from /home/airflow/.local/lib/python3.12/site-packages/airflow/example_dags/example_workday_timetable.py
[2024-12-20T05:46:11.508+0000] {logging_mixin.py:190} INFO - [2024-12-20T05:46:11.507+0000] {dag.py:3239} INFO - Sync 1 DAGs
[2024-12-20T05:46:11.658+0000] {logging_mixin.py:190} INFO - [2024-12-20T05:46:11.657+0000] {dag.py:4180} INFO - Setting next_dagrun for example_workday_timetable to 2021-01-04 00:00:00+00:00, run_after=2021-01-05 00:00:00+00:00
[2024-12-20T05:46:11.744+0000] {processor.py:208} INFO - Processing /home/airflow/.local/lib/python3.12/site-packages/airflow/example_dags/example_workday_timetable.py took 0.318 seconds
[2024-12-20T05:46:43.281+0000] {processor.py:186} INFO - Started process (PID=14701) to work on /home/airflow/.local/lib/python3.12/site-packages/airflow/example_dags/example_workday_timetable.py
[2024-12-20T05:46:43.284+0000] {processor.py:914} INFO - Processing file /home/airflow/.local/lib/python3.12/site-packages/airflow/example_dags/example_workday_timetable.py for tasks to queue
[2024-12-20T05:46:43.289+0000] {logging_mixin.py:190} INFO - [2024-12-20T05:46:43.288+0000] {dagbag.py:588} INFO - Filling up the DagBag from /home/airflow/.local/lib/python3.12/site-packages/airflow/example_dags/example_workday_timetable.py
[2024-12-20T05:46:43.302+0000] {processor.py:925} INFO - DAG(s) 'example_workday_timetable' retrieved from /home/airflow/.local/lib/python3.12/site-packages/airflow/example_dags/example_workday_timetable.py
[2024-12-20T05:46:43.345+0000] {logging_mixin.py:190} INFO - [2024-12-20T05:46:43.345+0000] {dag.py:3239} INFO - Sync 1 DAGs
[2024-12-20T05:46:43.529+0000] {logging_mixin.py:190} INFO - [2024-12-20T05:46:43.529+0000] {dag.py:4180} INFO - Setting next_dagrun for example_workday_timetable to 2021-01-04 00:00:00+00:00, run_after=2021-01-05 00:00:00+00:00
[2024-12-20T05:46:43.630+0000] {processor.py:208} INFO - Processing /home/airflow/.local/lib/python3.12/site-packages/airflow/example_dags/example_workday_timetable.py took 0.365 seconds
[2024-12-20T05:47:15.372+0000] {processor.py:186} INFO - Started process (PID=14766) to work on /home/airflow/.local/lib/python3.12/site-packages/airflow/example_dags/example_workday_timetable.py
[2024-12-20T05:47:15.376+0000] {processor.py:914} INFO - Processing file /home/airflow/.local/lib/python3.12/site-packages/airflow/example_dags/example_workday_timetable.py for tasks to queue
[2024-12-20T05:47:15.383+0000] {logging_mixin.py:190} INFO - [2024-12-20T05:47:15.382+0000] {dagbag.py:588} INFO - Filling up the DagBag from /home/airflow/.local/lib/python3.12/site-packages/airflow/example_dags/example_workday_timetable.py
[2024-12-20T05:47:15.399+0000] {processor.py:925} INFO - DAG(s) 'example_workday_timetable' retrieved from /home/airflow/.local/lib/python3.12/site-packages/airflow/example_dags/example_workday_timetable.py
[2024-12-20T05:47:15.451+0000] {logging_mixin.py:190} INFO - [2024-12-20T05:47:15.450+0000] {dag.py:3239} INFO - Sync 1 DAGs
[2024-12-20T05:47:15.607+0000] {logging_mixin.py:190} INFO - [2024-12-20T05:47:15.606+0000] {dag.py:4180} INFO - Setting next_dagrun for example_workday_timetable to 2021-01-04 00:00:00+00:00, run_after=2021-01-05 00:00:00+00:00
[2024-12-20T05:47:15.687+0000] {processor.py:208} INFO - Processing /home/airflow/.local/lib/python3.12/site-packages/airflow/example_dags/example_workday_timetable.py took 0.333 seconds
[2024-12-20T05:47:49.937+0000] {processor.py:186} INFO - Started process (PID=14837) to work on /home/airflow/.local/lib/python3.12/site-packages/airflow/example_dags/example_workday_timetable.py
[2024-12-20T05:47:49.942+0000] {processor.py:914} INFO - Processing file /home/airflow/.local/lib/python3.12/site-packages/airflow/example_dags/example_workday_timetable.py for tasks to queue
[2024-12-20T05:47:49.960+0000] {logging_mixin.py:190} INFO - [2024-12-20T05:47:49.959+0000] {dagbag.py:588} INFO - Filling up the DagBag from /home/airflow/.local/lib/python3.12/site-packages/airflow/example_dags/example_workday_timetable.py
[2024-12-20T05:47:50.033+0000] {processor.py:925} INFO - DAG(s) 'example_workday_timetable' retrieved from /home/airflow/.local/lib/python3.12/site-packages/airflow/example_dags/example_workday_timetable.py
[2024-12-20T05:47:50.256+0000] {logging_mixin.py:190} INFO - [2024-12-20T05:47:50.255+0000] {dag.py:3239} INFO - Sync 1 DAGs
[2024-12-20T05:47:51.211+0000] {logging_mixin.py:190} INFO - [2024-12-20T05:47:51.208+0000] {dag.py:4180} INFO - Setting next_dagrun for example_workday_timetable to 2021-01-04 00:00:00+00:00, run_after=2021-01-05 00:00:00+00:00
[2024-12-20T05:47:51.342+0000] {processor.py:208} INFO - Processing /home/airflow/.local/lib/python3.12/site-packages/airflow/example_dags/example_workday_timetable.py took 1.440 seconds
[2024-12-20T05:48:30.953+0000] {processor.py:186} INFO - Started process (PID=14907) to work on /home/airflow/.local/lib/python3.12/site-packages/airflow/example_dags/example_workday_timetable.py
[2024-12-20T05:48:30.970+0000] {processor.py:914} INFO - Processing file /home/airflow/.local/lib/python3.12/site-packages/airflow/example_dags/example_workday_timetable.py for tasks to queue
[2024-12-20T05:48:30.998+0000] {logging_mixin.py:190} INFO - [2024-12-20T05:48:30.996+0000] {dagbag.py:588} INFO - Filling up the DagBag from /home/airflow/.local/lib/python3.12/site-packages/airflow/example_dags/example_workday_timetable.py
[2024-12-20T05:48:31.062+0000] {processor.py:925} INFO - DAG(s) 'example_workday_timetable' retrieved from /home/airflow/.local/lib/python3.12/site-packages/airflow/example_dags/example_workday_timetable.py
[2024-12-20T05:48:31.277+0000] {logging_mixin.py:190} INFO - [2024-12-20T05:48:31.276+0000] {dag.py:3239} INFO - Sync 1 DAGs
[2024-12-20T05:48:32.171+0000] {logging_mixin.py:190} INFO - [2024-12-20T05:48:32.170+0000] {dag.py:4180} INFO - Setting next_dagrun for example_workday_timetable to 2021-01-04 00:00:00+00:00, run_after=2021-01-05 00:00:00+00:00
[2024-12-20T05:48:32.305+0000] {processor.py:208} INFO - Processing /home/airflow/.local/lib/python3.12/site-packages/airflow/example_dags/example_workday_timetable.py took 1.398 seconds
