[2024-12-20T05:28:40.950+0000] {processor.py:186} INFO - Started process (PID=12505) to work on /home/airflow/.local/lib/python3.12/site-packages/airflow/example_dags/example_sla_dag.py
[2024-12-20T05:28:40.966+0000] {processor.py:914} INFO - Processing file /home/airflow/.local/lib/python3.12/site-packages/airflow/example_dags/example_sla_dag.py for tasks to queue
[2024-12-20T05:28:40.996+0000] {logging_mixin.py:190} INFO - [2024-12-20T05:28:40.995+0000] {dagbag.py:588} INFO - Filling up the DagBag from /home/airflow/.local/lib/python3.12/site-packages/airflow/example_dags/example_sla_dag.py
[2024-12-20T05:28:41.158+0000] {processor.py:925} INFO - DAG(s) 'example_sla_dag' retrieved from /home/airflow/.local/lib/python3.12/site-packages/airflow/example_dags/example_sla_dag.py
[2024-12-20T05:28:41.363+0000] {logging_mixin.py:190} INFO - [2024-12-20T05:28:41.362+0000] {dag.py:3239} INFO - Sync 1 DAGs
[2024-12-20T05:28:41.625+0000] {logging_mixin.py:190} INFO - [2024-12-20T05:28:41.624+0000] {dag.py:4180} INFO - Setting next_dagrun for example_sla_dag to 2024-12-20 05:26:00+00:00, run_after=2024-12-20 05:28:00+00:00
[2024-12-20T05:28:41.779+0000] {processor.py:208} INFO - Processing /home/airflow/.local/lib/python3.12/site-packages/airflow/example_dags/example_sla_dag.py took 0.937 seconds
[2024-12-20T05:29:20.824+0000] {processor.py:186} INFO - Started process (PID=12569) to work on /home/airflow/.local/lib/python3.12/site-packages/airflow/example_dags/example_sla_dag.py
[2024-12-20T05:29:20.828+0000] {processor.py:914} INFO - Processing file /home/airflow/.local/lib/python3.12/site-packages/airflow/example_dags/example_sla_dag.py for tasks to queue
[2024-12-20T05:29:20.841+0000] {logging_mixin.py:190} INFO - [2024-12-20T05:29:20.839+0000] {dagbag.py:588} INFO - Filling up the DagBag from /home/airflow/.local/lib/python3.12/site-packages/airflow/example_dags/example_sla_dag.py
[2024-12-20T05:29:20.896+0000] {processor.py:925} INFO - DAG(s) 'example_sla_dag' retrieved from /home/airflow/.local/lib/python3.12/site-packages/airflow/example_dags/example_sla_dag.py
[2024-12-20T05:29:20.989+0000] {logging_mixin.py:190} INFO - [2024-12-20T05:29:20.989+0000] {dag.py:3239} INFO - Sync 1 DAGs
[2024-12-20T05:29:21.113+0000] {logging_mixin.py:190} INFO - [2024-12-20T05:29:21.113+0000] {dag.py:4180} INFO - Setting next_dagrun for example_sla_dag to 2024-12-20 05:26:00+00:00, run_after=2024-12-20 05:28:00+00:00
[2024-12-20T05:29:21.182+0000] {processor.py:208} INFO - Processing /home/airflow/.local/lib/python3.12/site-packages/airflow/example_dags/example_sla_dag.py took 0.385 seconds
[2024-12-20T05:29:52.178+0000] {processor.py:186} INFO - Started process (PID=12634) to work on /home/airflow/.local/lib/python3.12/site-packages/airflow/example_dags/example_sla_dag.py
[2024-12-20T05:29:52.180+0000] {processor.py:914} INFO - Processing file /home/airflow/.local/lib/python3.12/site-packages/airflow/example_dags/example_sla_dag.py for tasks to queue
[2024-12-20T05:29:52.186+0000] {logging_mixin.py:190} INFO - [2024-12-20T05:29:52.185+0000] {dagbag.py:588} INFO - Filling up the DagBag from /home/airflow/.local/lib/python3.12/site-packages/airflow/example_dags/example_sla_dag.py
[2024-12-20T05:29:52.214+0000] {processor.py:925} INFO - DAG(s) 'example_sla_dag' retrieved from /home/airflow/.local/lib/python3.12/site-packages/airflow/example_dags/example_sla_dag.py
[2024-12-20T05:29:52.267+0000] {logging_mixin.py:190} INFO - [2024-12-20T05:29:52.267+0000] {dag.py:3239} INFO - Sync 1 DAGs
[2024-12-20T05:29:52.347+0000] {logging_mixin.py:190} INFO - [2024-12-20T05:29:52.346+0000] {dag.py:4180} INFO - Setting next_dagrun for example_sla_dag to 2024-12-20 05:26:00+00:00, run_after=2024-12-20 05:28:00+00:00
[2024-12-20T05:29:52.386+0000] {processor.py:208} INFO - Processing /home/airflow/.local/lib/python3.12/site-packages/airflow/example_dags/example_sla_dag.py took 0.225 seconds
[2024-12-20T05:30:23.826+0000] {processor.py:186} INFO - Started process (PID=12700) to work on /home/airflow/.local/lib/python3.12/site-packages/airflow/example_dags/example_sla_dag.py
[2024-12-20T05:30:23.829+0000] {processor.py:914} INFO - Processing file /home/airflow/.local/lib/python3.12/site-packages/airflow/example_dags/example_sla_dag.py for tasks to queue
[2024-12-20T05:30:23.834+0000] {logging_mixin.py:190} INFO - [2024-12-20T05:30:23.833+0000] {dagbag.py:588} INFO - Filling up the DagBag from /home/airflow/.local/lib/python3.12/site-packages/airflow/example_dags/example_sla_dag.py
[2024-12-20T05:30:23.858+0000] {processor.py:925} INFO - DAG(s) 'example_sla_dag' retrieved from /home/airflow/.local/lib/python3.12/site-packages/airflow/example_dags/example_sla_dag.py
[2024-12-20T05:30:23.895+0000] {logging_mixin.py:190} INFO - [2024-12-20T05:30:23.895+0000] {dag.py:3239} INFO - Sync 1 DAGs
[2024-12-20T05:30:23.945+0000] {logging_mixin.py:190} INFO - [2024-12-20T05:30:23.944+0000] {dag.py:4180} INFO - Setting next_dagrun for example_sla_dag to 2024-12-20 05:28:00+00:00, run_after=2024-12-20 05:30:00+00:00
[2024-12-20T05:30:24.018+0000] {processor.py:208} INFO - Processing /home/airflow/.local/lib/python3.12/site-packages/airflow/example_dags/example_sla_dag.py took 0.205 seconds
[2024-12-20T05:30:55.970+0000] {processor.py:186} INFO - Started process (PID=12765) to work on /home/airflow/.local/lib/python3.12/site-packages/airflow/example_dags/example_sla_dag.py
[2024-12-20T05:30:55.973+0000] {processor.py:914} INFO - Processing file /home/airflow/.local/lib/python3.12/site-packages/airflow/example_dags/example_sla_dag.py for tasks to queue
[2024-12-20T05:30:55.980+0000] {logging_mixin.py:190} INFO - [2024-12-20T05:30:55.979+0000] {dagbag.py:588} INFO - Filling up the DagBag from /home/airflow/.local/lib/python3.12/site-packages/airflow/example_dags/example_sla_dag.py
[2024-12-20T05:30:56.011+0000] {processor.py:925} INFO - DAG(s) 'example_sla_dag' retrieved from /home/airflow/.local/lib/python3.12/site-packages/airflow/example_dags/example_sla_dag.py
[2024-12-20T05:30:56.082+0000] {logging_mixin.py:190} INFO - [2024-12-20T05:30:56.081+0000] {dag.py:3239} INFO - Sync 1 DAGs
[2024-12-20T05:30:56.161+0000] {logging_mixin.py:190} INFO - [2024-12-20T05:30:56.161+0000] {dag.py:4180} INFO - Setting next_dagrun for example_sla_dag to 2024-12-20 05:28:00+00:00, run_after=2024-12-20 05:30:00+00:00
[2024-12-20T05:30:56.205+0000] {processor.py:208} INFO - Processing /home/airflow/.local/lib/python3.12/site-packages/airflow/example_dags/example_sla_dag.py took 0.255 seconds
[2024-12-20T05:31:26.720+0000] {processor.py:186} INFO - Started process (PID=12830) to work on /home/airflow/.local/lib/python3.12/site-packages/airflow/example_dags/example_sla_dag.py
[2024-12-20T05:31:26.723+0000] {processor.py:914} INFO - Processing file /home/airflow/.local/lib/python3.12/site-packages/airflow/example_dags/example_sla_dag.py for tasks to queue
[2024-12-20T05:31:26.734+0000] {logging_mixin.py:190} INFO - [2024-12-20T05:31:26.731+0000] {dagbag.py:588} INFO - Filling up the DagBag from /home/airflow/.local/lib/python3.12/site-packages/airflow/example_dags/example_sla_dag.py
[2024-12-20T05:31:26.796+0000] {processor.py:925} INFO - DAG(s) 'example_sla_dag' retrieved from /home/airflow/.local/lib/python3.12/site-packages/airflow/example_dags/example_sla_dag.py
[2024-12-20T05:31:26.879+0000] {logging_mixin.py:190} INFO - [2024-12-20T05:31:26.878+0000] {dag.py:3239} INFO - Sync 1 DAGs
[2024-12-20T05:31:27.037+0000] {logging_mixin.py:190} INFO - [2024-12-20T05:31:27.035+0000] {dag.py:4180} INFO - Setting next_dagrun for example_sla_dag to 2024-12-20 05:28:00+00:00, run_after=2024-12-20 05:30:00+00:00
[2024-12-20T05:31:27.115+0000] {processor.py:208} INFO - Processing /home/airflow/.local/lib/python3.12/site-packages/airflow/example_dags/example_sla_dag.py took 0.416 seconds
[2024-12-20T05:31:59.478+0000] {processor.py:186} INFO - Started process (PID=12895) to work on /home/airflow/.local/lib/python3.12/site-packages/airflow/example_dags/example_sla_dag.py
[2024-12-20T05:31:59.480+0000] {processor.py:914} INFO - Processing file /home/airflow/.local/lib/python3.12/site-packages/airflow/example_dags/example_sla_dag.py for tasks to queue
[2024-12-20T05:31:59.485+0000] {logging_mixin.py:190} INFO - [2024-12-20T05:31:59.485+0000] {dagbag.py:588} INFO - Filling up the DagBag from /home/airflow/.local/lib/python3.12/site-packages/airflow/example_dags/example_sla_dag.py
[2024-12-20T05:31:59.506+0000] {processor.py:925} INFO - DAG(s) 'example_sla_dag' retrieved from /home/airflow/.local/lib/python3.12/site-packages/airflow/example_dags/example_sla_dag.py
[2024-12-20T05:31:59.540+0000] {logging_mixin.py:190} INFO - [2024-12-20T05:31:59.539+0000] {dag.py:3239} INFO - Sync 1 DAGs
[2024-12-20T05:31:59.586+0000] {logging_mixin.py:190} INFO - [2024-12-20T05:31:59.586+0000] {dag.py:4180} INFO - Setting next_dagrun for example_sla_dag to 2024-12-20 05:28:00+00:00, run_after=2024-12-20 05:30:00+00:00
[2024-12-20T05:31:59.656+0000] {processor.py:208} INFO - Processing /home/airflow/.local/lib/python3.12/site-packages/airflow/example_dags/example_sla_dag.py took 0.191 seconds
[2024-12-20T05:32:31.422+0000] {processor.py:186} INFO - Started process (PID=12967) to work on /home/airflow/.local/lib/python3.12/site-packages/airflow/example_dags/example_sla_dag.py
[2024-12-20T05:32:31.425+0000] {processor.py:914} INFO - Processing file /home/airflow/.local/lib/python3.12/site-packages/airflow/example_dags/example_sla_dag.py for tasks to queue
[2024-12-20T05:32:31.433+0000] {logging_mixin.py:190} INFO - [2024-12-20T05:32:31.431+0000] {dagbag.py:588} INFO - Filling up the DagBag from /home/airflow/.local/lib/python3.12/site-packages/airflow/example_dags/example_sla_dag.py
[2024-12-20T05:32:31.462+0000] {processor.py:925} INFO - DAG(s) 'example_sla_dag' retrieved from /home/airflow/.local/lib/python3.12/site-packages/airflow/example_dags/example_sla_dag.py
[2024-12-20T05:32:31.508+0000] {logging_mixin.py:190} INFO - [2024-12-20T05:32:31.508+0000] {dag.py:3239} INFO - Sync 1 DAGs
[2024-12-20T05:32:31.573+0000] {logging_mixin.py:190} INFO - [2024-12-20T05:32:31.572+0000] {dag.py:4180} INFO - Setting next_dagrun for example_sla_dag to 2024-12-20 05:30:00+00:00, run_after=2024-12-20 05:32:00+00:00
[2024-12-20T05:32:31.616+0000] {processor.py:208} INFO - Processing /home/airflow/.local/lib/python3.12/site-packages/airflow/example_dags/example_sla_dag.py took 0.220 seconds
[2024-12-20T05:33:06.078+0000] {processor.py:186} INFO - Started process (PID=13032) to work on /home/airflow/.local/lib/python3.12/site-packages/airflow/example_dags/example_sla_dag.py
[2024-12-20T05:33:06.081+0000] {processor.py:914} INFO - Processing file /home/airflow/.local/lib/python3.12/site-packages/airflow/example_dags/example_sla_dag.py for tasks to queue
[2024-12-20T05:33:06.088+0000] {logging_mixin.py:190} INFO - [2024-12-20T05:33:06.087+0000] {dagbag.py:588} INFO - Filling up the DagBag from /home/airflow/.local/lib/python3.12/site-packages/airflow/example_dags/example_sla_dag.py
[2024-12-20T05:33:06.120+0000] {processor.py:925} INFO - DAG(s) 'example_sla_dag' retrieved from /home/airflow/.local/lib/python3.12/site-packages/airflow/example_dags/example_sla_dag.py
[2024-12-20T05:33:06.171+0000] {logging_mixin.py:190} INFO - [2024-12-20T05:33:06.171+0000] {dag.py:3239} INFO - Sync 1 DAGs
[2024-12-20T05:33:06.247+0000] {logging_mixin.py:190} INFO - [2024-12-20T05:33:06.246+0000] {dag.py:4180} INFO - Setting next_dagrun for example_sla_dag to 2024-12-20 05:30:00+00:00, run_after=2024-12-20 05:32:00+00:00
[2024-12-20T05:33:06.329+0000] {processor.py:208} INFO - Processing /home/airflow/.local/lib/python3.12/site-packages/airflow/example_dags/example_sla_dag.py took 0.270 seconds
[2024-12-20T05:33:36.856+0000] {processor.py:186} INFO - Started process (PID=13098) to work on /home/airflow/.local/lib/python3.12/site-packages/airflow/example_dags/example_sla_dag.py
[2024-12-20T05:33:36.860+0000] {processor.py:914} INFO - Processing file /home/airflow/.local/lib/python3.12/site-packages/airflow/example_dags/example_sla_dag.py for tasks to queue
[2024-12-20T05:33:36.873+0000] {logging_mixin.py:190} INFO - [2024-12-20T05:33:36.871+0000] {dagbag.py:588} INFO - Filling up the DagBag from /home/airflow/.local/lib/python3.12/site-packages/airflow/example_dags/example_sla_dag.py
[2024-12-20T05:33:36.921+0000] {processor.py:925} INFO - DAG(s) 'example_sla_dag' retrieved from /home/airflow/.local/lib/python3.12/site-packages/airflow/example_dags/example_sla_dag.py
[2024-12-20T05:33:36.986+0000] {logging_mixin.py:190} INFO - [2024-12-20T05:33:36.985+0000] {dag.py:3239} INFO - Sync 1 DAGs
[2024-12-20T05:33:37.099+0000] {logging_mixin.py:190} INFO - [2024-12-20T05:33:37.098+0000] {dag.py:4180} INFO - Setting next_dagrun for example_sla_dag to 2024-12-20 05:30:00+00:00, run_after=2024-12-20 05:32:00+00:00
[2024-12-20T05:33:37.186+0000] {processor.py:208} INFO - Processing /home/airflow/.local/lib/python3.12/site-packages/airflow/example_dags/example_sla_dag.py took 0.360 seconds
[2024-12-20T05:34:15.171+0000] {processor.py:186} INFO - Started process (PID=13168) to work on /home/airflow/.local/lib/python3.12/site-packages/airflow/example_dags/example_sla_dag.py
[2024-12-20T05:34:15.173+0000] {processor.py:914} INFO - Processing file /home/airflow/.local/lib/python3.12/site-packages/airflow/example_dags/example_sla_dag.py for tasks to queue
[2024-12-20T05:34:15.179+0000] {logging_mixin.py:190} INFO - [2024-12-20T05:34:15.178+0000] {dagbag.py:588} INFO - Filling up the DagBag from /home/airflow/.local/lib/python3.12/site-packages/airflow/example_dags/example_sla_dag.py
[2024-12-20T05:34:15.204+0000] {processor.py:925} INFO - DAG(s) 'example_sla_dag' retrieved from /home/airflow/.local/lib/python3.12/site-packages/airflow/example_dags/example_sla_dag.py
[2024-12-20T05:34:15.248+0000] {logging_mixin.py:190} INFO - [2024-12-20T05:34:15.248+0000] {dag.py:3239} INFO - Sync 1 DAGs
[2024-12-20T05:34:15.305+0000] {logging_mixin.py:190} INFO - [2024-12-20T05:34:15.305+0000] {dag.py:4180} INFO - Setting next_dagrun for example_sla_dag to 2024-12-20 05:32:00+00:00, run_after=2024-12-20 05:34:00+00:00
[2024-12-20T05:34:15.382+0000] {processor.py:208} INFO - Processing /home/airflow/.local/lib/python3.12/site-packages/airflow/example_dags/example_sla_dag.py took 0.226 seconds
[2024-12-20T05:34:46.049+0000] {processor.py:186} INFO - Started process (PID=13233) to work on /home/airflow/.local/lib/python3.12/site-packages/airflow/example_dags/example_sla_dag.py
[2024-12-20T05:34:46.052+0000] {processor.py:914} INFO - Processing file /home/airflow/.local/lib/python3.12/site-packages/airflow/example_dags/example_sla_dag.py for tasks to queue
[2024-12-20T05:34:46.059+0000] {logging_mixin.py:190} INFO - [2024-12-20T05:34:46.058+0000] {dagbag.py:588} INFO - Filling up the DagBag from /home/airflow/.local/lib/python3.12/site-packages/airflow/example_dags/example_sla_dag.py
[2024-12-20T05:34:46.096+0000] {processor.py:925} INFO - DAG(s) 'example_sla_dag' retrieved from /home/airflow/.local/lib/python3.12/site-packages/airflow/example_dags/example_sla_dag.py
[2024-12-20T05:34:46.150+0000] {logging_mixin.py:190} INFO - [2024-12-20T05:34:46.150+0000] {dag.py:3239} INFO - Sync 1 DAGs
[2024-12-20T05:34:46.244+0000] {logging_mixin.py:190} INFO - [2024-12-20T05:34:46.244+0000] {dag.py:4180} INFO - Setting next_dagrun for example_sla_dag to 2024-12-20 05:32:00+00:00, run_after=2024-12-20 05:34:00+00:00
[2024-12-20T05:34:46.305+0000] {processor.py:208} INFO - Processing /home/airflow/.local/lib/python3.12/site-packages/airflow/example_dags/example_sla_dag.py took 0.275 seconds
[2024-12-20T05:35:18.848+0000] {processor.py:186} INFO - Started process (PID=13298) to work on /home/airflow/.local/lib/python3.12/site-packages/airflow/example_dags/example_sla_dag.py
[2024-12-20T05:35:18.851+0000] {processor.py:914} INFO - Processing file /home/airflow/.local/lib/python3.12/site-packages/airflow/example_dags/example_sla_dag.py for tasks to queue
[2024-12-20T05:35:18.857+0000] {logging_mixin.py:190} INFO - [2024-12-20T05:35:18.856+0000] {dagbag.py:588} INFO - Filling up the DagBag from /home/airflow/.local/lib/python3.12/site-packages/airflow/example_dags/example_sla_dag.py
[2024-12-20T05:35:18.892+0000] {processor.py:925} INFO - DAG(s) 'example_sla_dag' retrieved from /home/airflow/.local/lib/python3.12/site-packages/airflow/example_dags/example_sla_dag.py
[2024-12-20T05:35:18.947+0000] {logging_mixin.py:190} INFO - [2024-12-20T05:35:18.946+0000] {dag.py:3239} INFO - Sync 1 DAGs
[2024-12-20T05:35:19.033+0000] {logging_mixin.py:190} INFO - [2024-12-20T05:35:19.032+0000] {dag.py:4180} INFO - Setting next_dagrun for example_sla_dag to 2024-12-20 05:32:00+00:00, run_after=2024-12-20 05:34:00+00:00
[2024-12-20T05:35:19.141+0000] {processor.py:208} INFO - Processing /home/airflow/.local/lib/python3.12/site-packages/airflow/example_dags/example_sla_dag.py took 0.312 seconds
[2024-12-20T05:35:51.683+0000] {processor.py:186} INFO - Started process (PID=13363) to work on /home/airflow/.local/lib/python3.12/site-packages/airflow/example_dags/example_sla_dag.py
[2024-12-20T05:35:51.686+0000] {processor.py:914} INFO - Processing file /home/airflow/.local/lib/python3.12/site-packages/airflow/example_dags/example_sla_dag.py for tasks to queue
[2024-12-20T05:35:51.695+0000] {logging_mixin.py:190} INFO - [2024-12-20T05:35:51.694+0000] {dagbag.py:588} INFO - Filling up the DagBag from /home/airflow/.local/lib/python3.12/site-packages/airflow/example_dags/example_sla_dag.py
[2024-12-20T05:35:51.728+0000] {processor.py:925} INFO - DAG(s) 'example_sla_dag' retrieved from /home/airflow/.local/lib/python3.12/site-packages/airflow/example_dags/example_sla_dag.py
[2024-12-20T05:35:51.783+0000] {logging_mixin.py:190} INFO - [2024-12-20T05:35:51.783+0000] {dag.py:3239} INFO - Sync 1 DAGs
[2024-12-20T05:35:51.852+0000] {logging_mixin.py:190} INFO - [2024-12-20T05:35:51.852+0000] {dag.py:4180} INFO - Setting next_dagrun for example_sla_dag to 2024-12-20 05:32:00+00:00, run_after=2024-12-20 05:34:00+00:00
[2024-12-20T05:35:51.903+0000] {processor.py:208} INFO - Processing /home/airflow/.local/lib/python3.12/site-packages/airflow/example_dags/example_sla_dag.py took 0.247 seconds
[2024-12-20T05:36:25.808+0000] {processor.py:186} INFO - Started process (PID=13428) to work on /home/airflow/.local/lib/python3.12/site-packages/airflow/example_dags/example_sla_dag.py
[2024-12-20T05:36:25.811+0000] {processor.py:914} INFO - Processing file /home/airflow/.local/lib/python3.12/site-packages/airflow/example_dags/example_sla_dag.py for tasks to queue
[2024-12-20T05:36:25.818+0000] {logging_mixin.py:190} INFO - [2024-12-20T05:36:25.817+0000] {dagbag.py:588} INFO - Filling up the DagBag from /home/airflow/.local/lib/python3.12/site-packages/airflow/example_dags/example_sla_dag.py
[2024-12-20T05:36:25.853+0000] {processor.py:925} INFO - DAG(s) 'example_sla_dag' retrieved from /home/airflow/.local/lib/python3.12/site-packages/airflow/example_dags/example_sla_dag.py
[2024-12-20T05:36:25.906+0000] {logging_mixin.py:190} INFO - [2024-12-20T05:36:25.905+0000] {dag.py:3239} INFO - Sync 1 DAGs
[2024-12-20T05:36:25.978+0000] {logging_mixin.py:190} INFO - [2024-12-20T05:36:25.978+0000] {dag.py:4180} INFO - Setting next_dagrun for example_sla_dag to 2024-12-20 05:34:00+00:00, run_after=2024-12-20 05:36:00+00:00
[2024-12-20T05:36:26.037+0000] {processor.py:208} INFO - Processing /home/airflow/.local/lib/python3.12/site-packages/airflow/example_dags/example_sla_dag.py took 0.244 seconds
[2024-12-20T05:36:56.419+0000] {processor.py:186} INFO - Started process (PID=13493) to work on /home/airflow/.local/lib/python3.12/site-packages/airflow/example_dags/example_sla_dag.py
[2024-12-20T05:36:56.422+0000] {processor.py:914} INFO - Processing file /home/airflow/.local/lib/python3.12/site-packages/airflow/example_dags/example_sla_dag.py for tasks to queue
[2024-12-20T05:36:56.428+0000] {logging_mixin.py:190} INFO - [2024-12-20T05:36:56.427+0000] {dagbag.py:588} INFO - Filling up the DagBag from /home/airflow/.local/lib/python3.12/site-packages/airflow/example_dags/example_sla_dag.py
[2024-12-20T05:36:56.457+0000] {processor.py:925} INFO - DAG(s) 'example_sla_dag' retrieved from /home/airflow/.local/lib/python3.12/site-packages/airflow/example_dags/example_sla_dag.py
[2024-12-20T05:36:56.509+0000] {logging_mixin.py:190} INFO - [2024-12-20T05:36:56.508+0000] {dag.py:3239} INFO - Sync 1 DAGs
[2024-12-20T05:36:56.580+0000] {logging_mixin.py:190} INFO - [2024-12-20T05:36:56.580+0000] {dag.py:4180} INFO - Setting next_dagrun for example_sla_dag to 2024-12-20 05:34:00+00:00, run_after=2024-12-20 05:36:00+00:00
[2024-12-20T05:36:56.629+0000] {processor.py:208} INFO - Processing /home/airflow/.local/lib/python3.12/site-packages/airflow/example_dags/example_sla_dag.py took 0.228 seconds
[2024-12-20T05:37:28.769+0000] {processor.py:186} INFO - Started process (PID=13559) to work on /home/airflow/.local/lib/python3.12/site-packages/airflow/example_dags/example_sla_dag.py
[2024-12-20T05:37:28.783+0000] {processor.py:914} INFO - Processing file /home/airflow/.local/lib/python3.12/site-packages/airflow/example_dags/example_sla_dag.py for tasks to queue
[2024-12-20T05:37:28.794+0000] {logging_mixin.py:190} INFO - [2024-12-20T05:37:28.793+0000] {dagbag.py:588} INFO - Filling up the DagBag from /home/airflow/.local/lib/python3.12/site-packages/airflow/example_dags/example_sla_dag.py
[2024-12-20T05:37:28.842+0000] {processor.py:925} INFO - DAG(s) 'example_sla_dag' retrieved from /home/airflow/.local/lib/python3.12/site-packages/airflow/example_dags/example_sla_dag.py
[2024-12-20T05:37:28.913+0000] {logging_mixin.py:190} INFO - [2024-12-20T05:37:28.912+0000] {dag.py:3239} INFO - Sync 1 DAGs
[2024-12-20T05:37:29.012+0000] {logging_mixin.py:190} INFO - [2024-12-20T05:37:29.011+0000] {dag.py:4180} INFO - Setting next_dagrun for example_sla_dag to 2024-12-20 05:34:00+00:00, run_after=2024-12-20 05:36:00+00:00
[2024-12-20T05:37:29.068+0000] {processor.py:208} INFO - Processing /home/airflow/.local/lib/python3.12/site-packages/airflow/example_dags/example_sla_dag.py took 0.343 seconds
[2024-12-20T05:38:00.192+0000] {processor.py:186} INFO - Started process (PID=13624) to work on /home/airflow/.local/lib/python3.12/site-packages/airflow/example_dags/example_sla_dag.py
[2024-12-20T05:38:00.195+0000] {processor.py:914} INFO - Processing file /home/airflow/.local/lib/python3.12/site-packages/airflow/example_dags/example_sla_dag.py for tasks to queue
[2024-12-20T05:38:00.215+0000] {logging_mixin.py:190} INFO - [2024-12-20T05:38:00.214+0000] {dagbag.py:588} INFO - Filling up the DagBag from /home/airflow/.local/lib/python3.12/site-packages/airflow/example_dags/example_sla_dag.py
[2024-12-20T05:38:00.289+0000] {processor.py:925} INFO - DAG(s) 'example_sla_dag' retrieved from /home/airflow/.local/lib/python3.12/site-packages/airflow/example_dags/example_sla_dag.py
[2024-12-20T05:38:00.366+0000] {logging_mixin.py:190} INFO - [2024-12-20T05:38:00.366+0000] {dag.py:3239} INFO - Sync 1 DAGs
[2024-12-20T05:38:00.498+0000] {logging_mixin.py:190} INFO - [2024-12-20T05:38:00.498+0000] {dag.py:4180} INFO - Setting next_dagrun for example_sla_dag to 2024-12-20 05:36:00+00:00, run_after=2024-12-20 05:38:00+00:00
[2024-12-20T05:38:00.561+0000] {processor.py:208} INFO - Processing /home/airflow/.local/lib/python3.12/site-packages/airflow/example_dags/example_sla_dag.py took 0.405 seconds
[2024-12-20T05:38:31.414+0000] {processor.py:186} INFO - Started process (PID=13689) to work on /home/airflow/.local/lib/python3.12/site-packages/airflow/example_dags/example_sla_dag.py
[2024-12-20T05:38:31.417+0000] {processor.py:914} INFO - Processing file /home/airflow/.local/lib/python3.12/site-packages/airflow/example_dags/example_sla_dag.py for tasks to queue
[2024-12-20T05:38:31.426+0000] {logging_mixin.py:190} INFO - [2024-12-20T05:38:31.425+0000] {dagbag.py:588} INFO - Filling up the DagBag from /home/airflow/.local/lib/python3.12/site-packages/airflow/example_dags/example_sla_dag.py
[2024-12-20T05:38:31.469+0000] {processor.py:925} INFO - DAG(s) 'example_sla_dag' retrieved from /home/airflow/.local/lib/python3.12/site-packages/airflow/example_dags/example_sla_dag.py
[2024-12-20T05:38:31.528+0000] {logging_mixin.py:190} INFO - [2024-12-20T05:38:31.527+0000] {dag.py:3239} INFO - Sync 1 DAGs
[2024-12-20T05:38:31.617+0000] {logging_mixin.py:190} INFO - [2024-12-20T05:38:31.616+0000] {dag.py:4180} INFO - Setting next_dagrun for example_sla_dag to 2024-12-20 05:36:00+00:00, run_after=2024-12-20 05:38:00+00:00
[2024-12-20T05:38:31.707+0000] {processor.py:208} INFO - Processing /home/airflow/.local/lib/python3.12/site-packages/airflow/example_dags/example_sla_dag.py took 0.315 seconds
[2024-12-20T05:39:01.978+0000] {processor.py:186} INFO - Started process (PID=13754) to work on /home/airflow/.local/lib/python3.12/site-packages/airflow/example_dags/example_sla_dag.py
[2024-12-20T05:39:01.981+0000] {processor.py:914} INFO - Processing file /home/airflow/.local/lib/python3.12/site-packages/airflow/example_dags/example_sla_dag.py for tasks to queue
[2024-12-20T05:39:01.993+0000] {logging_mixin.py:190} INFO - [2024-12-20T05:39:01.991+0000] {dagbag.py:588} INFO - Filling up the DagBag from /home/airflow/.local/lib/python3.12/site-packages/airflow/example_dags/example_sla_dag.py
[2024-12-20T05:39:02.033+0000] {processor.py:925} INFO - DAG(s) 'example_sla_dag' retrieved from /home/airflow/.local/lib/python3.12/site-packages/airflow/example_dags/example_sla_dag.py
[2024-12-20T05:39:02.094+0000] {logging_mixin.py:190} INFO - [2024-12-20T05:39:02.093+0000] {dag.py:3239} INFO - Sync 1 DAGs
[2024-12-20T05:39:02.171+0000] {logging_mixin.py:190} INFO - [2024-12-20T05:39:02.171+0000] {dag.py:4180} INFO - Setting next_dagrun for example_sla_dag to 2024-12-20 05:36:00+00:00, run_after=2024-12-20 05:38:00+00:00
[2024-12-20T05:39:02.254+0000] {processor.py:208} INFO - Processing /home/airflow/.local/lib/python3.12/site-packages/airflow/example_dags/example_sla_dag.py took 0.299 seconds
[2024-12-20T05:39:32.693+0000] {processor.py:186} INFO - Started process (PID=13818) to work on /home/airflow/.local/lib/python3.12/site-packages/airflow/example_dags/example_sla_dag.py
[2024-12-20T05:39:32.697+0000] {processor.py:914} INFO - Processing file /home/airflow/.local/lib/python3.12/site-packages/airflow/example_dags/example_sla_dag.py for tasks to queue
[2024-12-20T05:39:32.707+0000] {logging_mixin.py:190} INFO - [2024-12-20T05:39:32.706+0000] {dagbag.py:588} INFO - Filling up the DagBag from /home/airflow/.local/lib/python3.12/site-packages/airflow/example_dags/example_sla_dag.py
[2024-12-20T05:39:32.742+0000] {processor.py:925} INFO - DAG(s) 'example_sla_dag' retrieved from /home/airflow/.local/lib/python3.12/site-packages/airflow/example_dags/example_sla_dag.py
[2024-12-20T05:39:32.812+0000] {logging_mixin.py:190} INFO - [2024-12-20T05:39:32.812+0000] {dag.py:3239} INFO - Sync 1 DAGs
[2024-12-20T05:39:32.895+0000] {logging_mixin.py:190} INFO - [2024-12-20T05:39:32.894+0000] {dag.py:4180} INFO - Setting next_dagrun for example_sla_dag to 2024-12-20 05:36:00+00:00, run_after=2024-12-20 05:38:00+00:00
[2024-12-20T05:39:32.967+0000] {processor.py:208} INFO - Processing /home/airflow/.local/lib/python3.12/site-packages/airflow/example_dags/example_sla_dag.py took 0.297 seconds
[2024-12-20T05:40:03.339+0000] {processor.py:186} INFO - Started process (PID=13883) to work on /home/airflow/.local/lib/python3.12/site-packages/airflow/example_dags/example_sla_dag.py
[2024-12-20T05:40:03.348+0000] {processor.py:914} INFO - Processing file /home/airflow/.local/lib/python3.12/site-packages/airflow/example_dags/example_sla_dag.py for tasks to queue
[2024-12-20T05:40:03.370+0000] {logging_mixin.py:190} INFO - [2024-12-20T05:40:03.368+0000] {dagbag.py:588} INFO - Filling up the DagBag from /home/airflow/.local/lib/python3.12/site-packages/airflow/example_dags/example_sla_dag.py
[2024-12-20T05:40:03.443+0000] {processor.py:925} INFO - DAG(s) 'example_sla_dag' retrieved from /home/airflow/.local/lib/python3.12/site-packages/airflow/example_dags/example_sla_dag.py
[2024-12-20T05:40:03.520+0000] {logging_mixin.py:190} INFO - [2024-12-20T05:40:03.519+0000] {dag.py:3239} INFO - Sync 1 DAGs
[2024-12-20T05:40:03.627+0000] {logging_mixin.py:190} INFO - [2024-12-20T05:40:03.626+0000] {dag.py:4180} INFO - Setting next_dagrun for example_sla_dag to 2024-12-20 05:38:00+00:00, run_after=2024-12-20 05:40:00+00:00
[2024-12-20T05:40:03.695+0000] {processor.py:208} INFO - Processing /home/airflow/.local/lib/python3.12/site-packages/airflow/example_dags/example_sla_dag.py took 0.394 seconds
[2024-12-20T05:40:34.603+0000] {processor.py:186} INFO - Started process (PID=13954) to work on /home/airflow/.local/lib/python3.12/site-packages/airflow/example_dags/example_sla_dag.py
[2024-12-20T05:40:34.606+0000] {processor.py:914} INFO - Processing file /home/airflow/.local/lib/python3.12/site-packages/airflow/example_dags/example_sla_dag.py for tasks to queue
[2024-12-20T05:40:34.611+0000] {logging_mixin.py:190} INFO - [2024-12-20T05:40:34.610+0000] {dagbag.py:588} INFO - Filling up the DagBag from /home/airflow/.local/lib/python3.12/site-packages/airflow/example_dags/example_sla_dag.py
[2024-12-20T05:40:34.632+0000] {processor.py:925} INFO - DAG(s) 'example_sla_dag' retrieved from /home/airflow/.local/lib/python3.12/site-packages/airflow/example_dags/example_sla_dag.py
[2024-12-20T05:40:34.670+0000] {logging_mixin.py:190} INFO - [2024-12-20T05:40:34.670+0000] {dag.py:3239} INFO - Sync 1 DAGs
[2024-12-20T05:40:34.722+0000] {logging_mixin.py:190} INFO - [2024-12-20T05:40:34.721+0000] {dag.py:4180} INFO - Setting next_dagrun for example_sla_dag to 2024-12-20 05:38:00+00:00, run_after=2024-12-20 05:40:00+00:00
[2024-12-20T05:40:34.760+0000] {processor.py:208} INFO - Processing /home/airflow/.local/lib/python3.12/site-packages/airflow/example_dags/example_sla_dag.py took 0.169 seconds
[2024-12-20T05:41:07.070+0000] {processor.py:186} INFO - Started process (PID=14019) to work on /home/airflow/.local/lib/python3.12/site-packages/airflow/example_dags/example_sla_dag.py
[2024-12-20T05:41:07.072+0000] {processor.py:914} INFO - Processing file /home/airflow/.local/lib/python3.12/site-packages/airflow/example_dags/example_sla_dag.py for tasks to queue
[2024-12-20T05:41:07.080+0000] {logging_mixin.py:190} INFO - [2024-12-20T05:41:07.079+0000] {dagbag.py:588} INFO - Filling up the DagBag from /home/airflow/.local/lib/python3.12/site-packages/airflow/example_dags/example_sla_dag.py
[2024-12-20T05:41:07.114+0000] {processor.py:925} INFO - DAG(s) 'example_sla_dag' retrieved from /home/airflow/.local/lib/python3.12/site-packages/airflow/example_dags/example_sla_dag.py
[2024-12-20T05:41:07.167+0000] {logging_mixin.py:190} INFO - [2024-12-20T05:41:07.167+0000] {dag.py:3239} INFO - Sync 1 DAGs
[2024-12-20T05:41:07.235+0000] {logging_mixin.py:190} INFO - [2024-12-20T05:41:07.235+0000] {dag.py:4180} INFO - Setting next_dagrun for example_sla_dag to 2024-12-20 05:38:00+00:00, run_after=2024-12-20 05:40:00+00:00
[2024-12-20T05:41:07.284+0000] {processor.py:208} INFO - Processing /home/airflow/.local/lib/python3.12/site-packages/airflow/example_dags/example_sla_dag.py took 0.230 seconds
[2024-12-20T05:41:38.344+0000] {processor.py:186} INFO - Started process (PID=14084) to work on /home/airflow/.local/lib/python3.12/site-packages/airflow/example_dags/example_sla_dag.py
[2024-12-20T05:41:38.346+0000] {processor.py:914} INFO - Processing file /home/airflow/.local/lib/python3.12/site-packages/airflow/example_dags/example_sla_dag.py for tasks to queue
[2024-12-20T05:41:38.352+0000] {logging_mixin.py:190} INFO - [2024-12-20T05:41:38.351+0000] {dagbag.py:588} INFO - Filling up the DagBag from /home/airflow/.local/lib/python3.12/site-packages/airflow/example_dags/example_sla_dag.py
[2024-12-20T05:41:38.379+0000] {processor.py:925} INFO - DAG(s) 'example_sla_dag' retrieved from /home/airflow/.local/lib/python3.12/site-packages/airflow/example_dags/example_sla_dag.py
[2024-12-20T05:41:38.420+0000] {logging_mixin.py:190} INFO - [2024-12-20T05:41:38.419+0000] {dag.py:3239} INFO - Sync 1 DAGs
[2024-12-20T05:41:38.473+0000] {logging_mixin.py:190} INFO - [2024-12-20T05:41:38.473+0000] {dag.py:4180} INFO - Setting next_dagrun for example_sla_dag to 2024-12-20 05:38:00+00:00, run_after=2024-12-20 05:40:00+00:00
[2024-12-20T05:41:38.545+0000] {processor.py:208} INFO - Processing /home/airflow/.local/lib/python3.12/site-packages/airflow/example_dags/example_sla_dag.py took 0.216 seconds
[2024-12-20T05:42:10.205+0000] {processor.py:186} INFO - Started process (PID=14149) to work on /home/airflow/.local/lib/python3.12/site-packages/airflow/example_dags/example_sla_dag.py
[2024-12-20T05:42:10.208+0000] {processor.py:914} INFO - Processing file /home/airflow/.local/lib/python3.12/site-packages/airflow/example_dags/example_sla_dag.py for tasks to queue
[2024-12-20T05:42:10.217+0000] {logging_mixin.py:190} INFO - [2024-12-20T05:42:10.216+0000] {dagbag.py:588} INFO - Filling up the DagBag from /home/airflow/.local/lib/python3.12/site-packages/airflow/example_dags/example_sla_dag.py
[2024-12-20T05:42:10.251+0000] {processor.py:925} INFO - DAG(s) 'example_sla_dag' retrieved from /home/airflow/.local/lib/python3.12/site-packages/airflow/example_dags/example_sla_dag.py
[2024-12-20T05:42:10.309+0000] {logging_mixin.py:190} INFO - [2024-12-20T05:42:10.308+0000] {dag.py:3239} INFO - Sync 1 DAGs
[2024-12-20T05:42:10.390+0000] {logging_mixin.py:190} INFO - [2024-12-20T05:42:10.390+0000] {dag.py:4180} INFO - Setting next_dagrun for example_sla_dag to 2024-12-20 05:40:00+00:00, run_after=2024-12-20 05:42:00+00:00
[2024-12-20T05:42:10.479+0000] {processor.py:208} INFO - Processing /home/airflow/.local/lib/python3.12/site-packages/airflow/example_dags/example_sla_dag.py took 0.295 seconds
[2024-12-20T05:42:41.732+0000] {processor.py:186} INFO - Started process (PID=14214) to work on /home/airflow/.local/lib/python3.12/site-packages/airflow/example_dags/example_sla_dag.py
[2024-12-20T05:42:41.734+0000] {processor.py:914} INFO - Processing file /home/airflow/.local/lib/python3.12/site-packages/airflow/example_dags/example_sla_dag.py for tasks to queue
[2024-12-20T05:42:41.742+0000] {logging_mixin.py:190} INFO - [2024-12-20T05:42:41.741+0000] {dagbag.py:588} INFO - Filling up the DagBag from /home/airflow/.local/lib/python3.12/site-packages/airflow/example_dags/example_sla_dag.py
[2024-12-20T05:42:41.776+0000] {processor.py:925} INFO - DAG(s) 'example_sla_dag' retrieved from /home/airflow/.local/lib/python3.12/site-packages/airflow/example_dags/example_sla_dag.py
[2024-12-20T05:42:41.823+0000] {logging_mixin.py:190} INFO - [2024-12-20T05:42:41.822+0000] {dag.py:3239} INFO - Sync 1 DAGs
[2024-12-20T05:42:41.895+0000] {logging_mixin.py:190} INFO - [2024-12-20T05:42:41.894+0000] {dag.py:4180} INFO - Setting next_dagrun for example_sla_dag to 2024-12-20 05:40:00+00:00, run_after=2024-12-20 05:42:00+00:00
[2024-12-20T05:42:41.944+0000] {processor.py:208} INFO - Processing /home/airflow/.local/lib/python3.12/site-packages/airflow/example_dags/example_sla_dag.py took 0.231 seconds
[2024-12-20T05:43:13.815+0000] {processor.py:186} INFO - Started process (PID=14278) to work on /home/airflow/.local/lib/python3.12/site-packages/airflow/example_dags/example_sla_dag.py
[2024-12-20T05:43:13.818+0000] {processor.py:914} INFO - Processing file /home/airflow/.local/lib/python3.12/site-packages/airflow/example_dags/example_sla_dag.py for tasks to queue
[2024-12-20T05:43:13.829+0000] {logging_mixin.py:190} INFO - [2024-12-20T05:43:13.827+0000] {dagbag.py:588} INFO - Filling up the DagBag from /home/airflow/.local/lib/python3.12/site-packages/airflow/example_dags/example_sla_dag.py
[2024-12-20T05:43:13.872+0000] {processor.py:925} INFO - DAG(s) 'example_sla_dag' retrieved from /home/airflow/.local/lib/python3.12/site-packages/airflow/example_dags/example_sla_dag.py
[2024-12-20T05:43:13.950+0000] {logging_mixin.py:190} INFO - [2024-12-20T05:43:13.949+0000] {dag.py:3239} INFO - Sync 1 DAGs
[2024-12-20T05:43:14.067+0000] {logging_mixin.py:190} INFO - [2024-12-20T05:43:14.066+0000] {dag.py:4180} INFO - Setting next_dagrun for example_sla_dag to 2024-12-20 05:40:00+00:00, run_after=2024-12-20 05:42:00+00:00
[2024-12-20T05:43:14.140+0000] {processor.py:208} INFO - Processing /home/airflow/.local/lib/python3.12/site-packages/airflow/example_dags/example_sla_dag.py took 0.345 seconds
[2024-12-20T05:43:45.874+0000] {processor.py:186} INFO - Started process (PID=14341) to work on /home/airflow/.local/lib/python3.12/site-packages/airflow/example_dags/example_sla_dag.py
[2024-12-20T05:43:45.877+0000] {processor.py:914} INFO - Processing file /home/airflow/.local/lib/python3.12/site-packages/airflow/example_dags/example_sla_dag.py for tasks to queue
[2024-12-20T05:43:45.885+0000] {logging_mixin.py:190} INFO - [2024-12-20T05:43:45.884+0000] {dagbag.py:588} INFO - Filling up the DagBag from /home/airflow/.local/lib/python3.12/site-packages/airflow/example_dags/example_sla_dag.py
[2024-12-20T05:43:45.915+0000] {processor.py:925} INFO - DAG(s) 'example_sla_dag' retrieved from /home/airflow/.local/lib/python3.12/site-packages/airflow/example_dags/example_sla_dag.py
[2024-12-20T05:43:45.961+0000] {logging_mixin.py:190} INFO - [2024-12-20T05:43:45.960+0000] {dag.py:3239} INFO - Sync 1 DAGs
[2024-12-20T05:43:46.030+0000] {logging_mixin.py:190} INFO - [2024-12-20T05:43:46.030+0000] {dag.py:4180} INFO - Setting next_dagrun for example_sla_dag to 2024-12-20 05:40:00+00:00, run_after=2024-12-20 05:42:00+00:00
[2024-12-20T05:43:46.075+0000] {processor.py:208} INFO - Processing /home/airflow/.local/lib/python3.12/site-packages/airflow/example_dags/example_sla_dag.py took 0.222 seconds
[2024-12-20T05:44:18.691+0000] {processor.py:186} INFO - Started process (PID=14406) to work on /home/airflow/.local/lib/python3.12/site-packages/airflow/example_dags/example_sla_dag.py
[2024-12-20T05:44:18.705+0000] {processor.py:914} INFO - Processing file /home/airflow/.local/lib/python3.12/site-packages/airflow/example_dags/example_sla_dag.py for tasks to queue
[2024-12-20T05:44:18.733+0000] {logging_mixin.py:190} INFO - [2024-12-20T05:44:18.731+0000] {dagbag.py:588} INFO - Filling up the DagBag from /home/airflow/.local/lib/python3.12/site-packages/airflow/example_dags/example_sla_dag.py
[2024-12-20T05:44:18.881+0000] {processor.py:925} INFO - DAG(s) 'example_sla_dag' retrieved from /home/airflow/.local/lib/python3.12/site-packages/airflow/example_dags/example_sla_dag.py
[2024-12-20T05:44:19.030+0000] {logging_mixin.py:190} INFO - [2024-12-20T05:44:19.030+0000] {dag.py:3239} INFO - Sync 1 DAGs
[2024-12-20T05:44:19.204+0000] {logging_mixin.py:190} INFO - [2024-12-20T05:44:19.203+0000] {dag.py:4180} INFO - Setting next_dagrun for example_sla_dag to 2024-12-20 05:42:00+00:00, run_after=2024-12-20 05:44:00+00:00
[2024-12-20T05:44:19.277+0000] {processor.py:208} INFO - Processing /home/airflow/.local/lib/python3.12/site-packages/airflow/example_dags/example_sla_dag.py took 0.698 seconds
[2024-12-20T05:44:49.955+0000] {processor.py:186} INFO - Started process (PID=14471) to work on /home/airflow/.local/lib/python3.12/site-packages/airflow/example_dags/example_sla_dag.py
[2024-12-20T05:44:49.957+0000] {processor.py:914} INFO - Processing file /home/airflow/.local/lib/python3.12/site-packages/airflow/example_dags/example_sla_dag.py for tasks to queue
[2024-12-20T05:44:49.963+0000] {logging_mixin.py:190} INFO - [2024-12-20T05:44:49.962+0000] {dagbag.py:588} INFO - Filling up the DagBag from /home/airflow/.local/lib/python3.12/site-packages/airflow/example_dags/example_sla_dag.py
[2024-12-20T05:44:49.986+0000] {processor.py:925} INFO - DAG(s) 'example_sla_dag' retrieved from /home/airflow/.local/lib/python3.12/site-packages/airflow/example_dags/example_sla_dag.py
[2024-12-20T05:44:50.038+0000] {logging_mixin.py:190} INFO - [2024-12-20T05:44:50.038+0000] {dag.py:3239} INFO - Sync 1 DAGs
[2024-12-20T05:44:50.113+0000] {logging_mixin.py:190} INFO - [2024-12-20T05:44:50.112+0000] {dag.py:4180} INFO - Setting next_dagrun for example_sla_dag to 2024-12-20 05:42:00+00:00, run_after=2024-12-20 05:44:00+00:00
[2024-12-20T05:44:50.174+0000] {processor.py:208} INFO - Processing /home/airflow/.local/lib/python3.12/site-packages/airflow/example_dags/example_sla_dag.py took 0.235 seconds
[2024-12-20T05:45:20.316+0000] {processor.py:186} INFO - Started process (PID=14536) to work on /home/airflow/.local/lib/python3.12/site-packages/airflow/example_dags/example_sla_dag.py
[2024-12-20T05:45:20.318+0000] {processor.py:914} INFO - Processing file /home/airflow/.local/lib/python3.12/site-packages/airflow/example_dags/example_sla_dag.py for tasks to queue
[2024-12-20T05:45:20.323+0000] {logging_mixin.py:190} INFO - [2024-12-20T05:45:20.322+0000] {dagbag.py:588} INFO - Filling up the DagBag from /home/airflow/.local/lib/python3.12/site-packages/airflow/example_dags/example_sla_dag.py
[2024-12-20T05:45:20.346+0000] {processor.py:925} INFO - DAG(s) 'example_sla_dag' retrieved from /home/airflow/.local/lib/python3.12/site-packages/airflow/example_dags/example_sla_dag.py
[2024-12-20T05:45:20.389+0000] {logging_mixin.py:190} INFO - [2024-12-20T05:45:20.389+0000] {dag.py:3239} INFO - Sync 1 DAGs
[2024-12-20T05:45:20.445+0000] {logging_mixin.py:190} INFO - [2024-12-20T05:45:20.444+0000] {dag.py:4180} INFO - Setting next_dagrun for example_sla_dag to 2024-12-20 05:42:00+00:00, run_after=2024-12-20 05:44:00+00:00
[2024-12-20T05:45:20.512+0000] {processor.py:208} INFO - Processing /home/airflow/.local/lib/python3.12/site-packages/airflow/example_dags/example_sla_dag.py took 0.208 seconds
[2024-12-20T05:45:51.348+0000] {processor.py:186} INFO - Started process (PID=14601) to work on /home/airflow/.local/lib/python3.12/site-packages/airflow/example_dags/example_sla_dag.py
[2024-12-20T05:45:51.360+0000] {processor.py:914} INFO - Processing file /home/airflow/.local/lib/python3.12/site-packages/airflow/example_dags/example_sla_dag.py for tasks to queue
[2024-12-20T05:45:51.373+0000] {logging_mixin.py:190} INFO - [2024-12-20T05:45:51.368+0000] {dagbag.py:588} INFO - Filling up the DagBag from /home/airflow/.local/lib/python3.12/site-packages/airflow/example_dags/example_sla_dag.py
[2024-12-20T05:45:51.426+0000] {processor.py:925} INFO - DAG(s) 'example_sla_dag' retrieved from /home/airflow/.local/lib/python3.12/site-packages/airflow/example_dags/example_sla_dag.py
[2024-12-20T05:45:51.506+0000] {logging_mixin.py:190} INFO - [2024-12-20T05:45:51.502+0000] {dag.py:3239} INFO - Sync 1 DAGs
[2024-12-20T05:45:51.641+0000] {logging_mixin.py:190} INFO - [2024-12-20T05:45:51.640+0000] {dag.py:4180} INFO - Setting next_dagrun for example_sla_dag to 2024-12-20 05:42:00+00:00, run_after=2024-12-20 05:44:00+00:00
[2024-12-20T05:45:51.725+0000] {processor.py:208} INFO - Processing /home/airflow/.local/lib/python3.12/site-packages/airflow/example_dags/example_sla_dag.py took 0.399 seconds
[2024-12-20T05:46:21.970+0000] {processor.py:186} INFO - Started process (PID=14665) to work on /home/airflow/.local/lib/python3.12/site-packages/airflow/example_dags/example_sla_dag.py
[2024-12-20T05:46:21.972+0000] {processor.py:914} INFO - Processing file /home/airflow/.local/lib/python3.12/site-packages/airflow/example_dags/example_sla_dag.py for tasks to queue
[2024-12-20T05:46:21.978+0000] {logging_mixin.py:190} INFO - [2024-12-20T05:46:21.977+0000] {dagbag.py:588} INFO - Filling up the DagBag from /home/airflow/.local/lib/python3.12/site-packages/airflow/example_dags/example_sla_dag.py
[2024-12-20T05:46:22.001+0000] {processor.py:925} INFO - DAG(s) 'example_sla_dag' retrieved from /home/airflow/.local/lib/python3.12/site-packages/airflow/example_dags/example_sla_dag.py
[2024-12-20T05:46:22.040+0000] {logging_mixin.py:190} INFO - [2024-12-20T05:46:22.040+0000] {dag.py:3239} INFO - Sync 1 DAGs
[2024-12-20T05:46:22.099+0000] {logging_mixin.py:190} INFO - [2024-12-20T05:46:22.099+0000] {dag.py:4180} INFO - Setting next_dagrun for example_sla_dag to 2024-12-20 05:44:00+00:00, run_after=2024-12-20 05:46:00+00:00
[2024-12-20T05:46:22.162+0000] {processor.py:208} INFO - Processing /home/airflow/.local/lib/python3.12/site-packages/airflow/example_dags/example_sla_dag.py took 0.205 seconds
[2024-12-20T05:46:52.382+0000] {processor.py:186} INFO - Started process (PID=14730) to work on /home/airflow/.local/lib/python3.12/site-packages/airflow/example_dags/example_sla_dag.py
[2024-12-20T05:46:52.384+0000] {processor.py:914} INFO - Processing file /home/airflow/.local/lib/python3.12/site-packages/airflow/example_dags/example_sla_dag.py for tasks to queue
[2024-12-20T05:46:52.390+0000] {logging_mixin.py:190} INFO - [2024-12-20T05:46:52.389+0000] {dagbag.py:588} INFO - Filling up the DagBag from /home/airflow/.local/lib/python3.12/site-packages/airflow/example_dags/example_sla_dag.py
[2024-12-20T05:46:52.415+0000] {processor.py:925} INFO - DAG(s) 'example_sla_dag' retrieved from /home/airflow/.local/lib/python3.12/site-packages/airflow/example_dags/example_sla_dag.py
[2024-12-20T05:46:52.458+0000] {logging_mixin.py:190} INFO - [2024-12-20T05:46:52.458+0000] {dag.py:3239} INFO - Sync 1 DAGs
[2024-12-20T05:46:52.519+0000] {logging_mixin.py:190} INFO - [2024-12-20T05:46:52.519+0000] {dag.py:4180} INFO - Setting next_dagrun for example_sla_dag to 2024-12-20 05:44:00+00:00, run_after=2024-12-20 05:46:00+00:00
[2024-12-20T05:46:52.605+0000] {processor.py:208} INFO - Processing /home/airflow/.local/lib/python3.12/site-packages/airflow/example_dags/example_sla_dag.py took 0.236 seconds
[2024-12-20T05:47:23.086+0000] {processor.py:186} INFO - Started process (PID=14795) to work on /home/airflow/.local/lib/python3.12/site-packages/airflow/example_dags/example_sla_dag.py
[2024-12-20T05:47:23.088+0000] {processor.py:914} INFO - Processing file /home/airflow/.local/lib/python3.12/site-packages/airflow/example_dags/example_sla_dag.py for tasks to queue
[2024-12-20T05:47:23.095+0000] {logging_mixin.py:190} INFO - [2024-12-20T05:47:23.094+0000] {dagbag.py:588} INFO - Filling up the DagBag from /home/airflow/.local/lib/python3.12/site-packages/airflow/example_dags/example_sla_dag.py
[2024-12-20T05:47:23.126+0000] {processor.py:925} INFO - DAG(s) 'example_sla_dag' retrieved from /home/airflow/.local/lib/python3.12/site-packages/airflow/example_dags/example_sla_dag.py
[2024-12-20T05:47:23.172+0000] {logging_mixin.py:190} INFO - [2024-12-20T05:47:23.172+0000] {dag.py:3239} INFO - Sync 1 DAGs
[2024-12-20T05:47:23.237+0000] {logging_mixin.py:190} INFO - [2024-12-20T05:47:23.236+0000] {dag.py:4180} INFO - Setting next_dagrun for example_sla_dag to 2024-12-20 05:44:00+00:00, run_after=2024-12-20 05:46:00+00:00
[2024-12-20T05:47:23.290+0000] {processor.py:208} INFO - Processing /home/airflow/.local/lib/python3.12/site-packages/airflow/example_dags/example_sla_dag.py took 0.217 seconds
[2024-12-20T05:48:20.839+0000] {processor.py:186} INFO - Started process (PID=14884) to work on /home/airflow/.local/lib/python3.12/site-packages/airflow/example_dags/example_sla_dag.py
[2024-12-20T05:48:20.851+0000] {processor.py:914} INFO - Processing file /home/airflow/.local/lib/python3.12/site-packages/airflow/example_dags/example_sla_dag.py for tasks to queue
[2024-12-20T05:48:20.872+0000] {logging_mixin.py:190} INFO - [2024-12-20T05:48:20.871+0000] {dagbag.py:588} INFO - Filling up the DagBag from /home/airflow/.local/lib/python3.12/site-packages/airflow/example_dags/example_sla_dag.py
[2024-12-20T05:48:20.937+0000] {processor.py:925} INFO - DAG(s) 'example_sla_dag' retrieved from /home/airflow/.local/lib/python3.12/site-packages/airflow/example_dags/example_sla_dag.py
[2024-12-20T05:48:21.050+0000] {logging_mixin.py:190} INFO - [2024-12-20T05:48:21.049+0000] {dag.py:3239} INFO - Sync 1 DAGs
[2024-12-20T05:48:21.219+0000] {logging_mixin.py:190} INFO - [2024-12-20T05:48:21.218+0000] {dag.py:4180} INFO - Setting next_dagrun for example_sla_dag to 2024-12-20 05:46:00+00:00, run_after=2024-12-20 05:48:00+00:00
[2024-12-20T05:48:21.340+0000] {processor.py:208} INFO - Processing /home/airflow/.local/lib/python3.12/site-packages/airflow/example_dags/example_sla_dag.py took 0.536 seconds
[2024-12-20T09:18:55.630+0000] {processor.py:186} INFO - Started process (PID=95) to work on /home/airflow/.local/lib/python3.12/site-packages/airflow/example_dags/example_sla_dag.py
[2024-12-20T09:18:55.643+0000] {processor.py:914} INFO - Processing file /home/airflow/.local/lib/python3.12/site-packages/airflow/example_dags/example_sla_dag.py for tasks to queue
[2024-12-20T09:18:55.656+0000] {logging_mixin.py:190} INFO - [2024-12-20T09:18:55.655+0000] {dagbag.py:588} INFO - Filling up the DagBag from /home/airflow/.local/lib/python3.12/site-packages/airflow/example_dags/example_sla_dag.py
[2024-12-20T09:18:55.829+0000] {processor.py:925} INFO - DAG(s) 'example_sla_dag' retrieved from /home/airflow/.local/lib/python3.12/site-packages/airflow/example_dags/example_sla_dag.py
[2024-12-20T09:18:56.005+0000] {logging_mixin.py:190} INFO - [2024-12-20T09:18:56.004+0000] {dag.py:3239} INFO - Sync 1 DAGs
[2024-12-20T09:18:56.168+0000] {logging_mixin.py:190} INFO - [2024-12-20T09:18:56.167+0000] {dag.py:4180} INFO - Setting next_dagrun for example_sla_dag to 2024-12-20 09:16:00+00:00, run_after=2024-12-20 09:18:00+00:00
[2024-12-20T09:18:56.266+0000] {processor.py:208} INFO - Processing /home/airflow/.local/lib/python3.12/site-packages/airflow/example_dags/example_sla_dag.py took 0.668 seconds
[2024-12-20T09:19:28.528+0000] {processor.py:186} INFO - Started process (PID=166) to work on /home/airflow/.local/lib/python3.12/site-packages/airflow/example_dags/example_sla_dag.py
[2024-12-20T09:19:28.531+0000] {processor.py:914} INFO - Processing file /home/airflow/.local/lib/python3.12/site-packages/airflow/example_dags/example_sla_dag.py for tasks to queue
[2024-12-20T09:19:28.537+0000] {logging_mixin.py:190} INFO - [2024-12-20T09:19:28.535+0000] {dagbag.py:588} INFO - Filling up the DagBag from /home/airflow/.local/lib/python3.12/site-packages/airflow/example_dags/example_sla_dag.py
[2024-12-20T09:19:28.579+0000] {processor.py:925} INFO - DAG(s) 'example_sla_dag' retrieved from /home/airflow/.local/lib/python3.12/site-packages/airflow/example_dags/example_sla_dag.py
[2024-12-20T09:19:28.674+0000] {logging_mixin.py:190} INFO - [2024-12-20T09:19:28.672+0000] {dag.py:3239} INFO - Sync 1 DAGs
[2024-12-20T09:19:28.969+0000] {logging_mixin.py:190} INFO - [2024-12-20T09:19:28.968+0000] {dag.py:4180} INFO - Setting next_dagrun for example_sla_dag to 2024-12-20 09:16:00+00:00, run_after=2024-12-20 09:18:00+00:00
[2024-12-20T09:19:29.199+0000] {processor.py:208} INFO - Processing /home/airflow/.local/lib/python3.12/site-packages/airflow/example_dags/example_sla_dag.py took 0.692 seconds
[2024-12-20T09:20:11.879+0000] {processor.py:186} INFO - Started process (PID=230) to work on /home/airflow/.local/lib/python3.12/site-packages/airflow/example_dags/example_sla_dag.py
[2024-12-20T09:20:11.884+0000] {processor.py:914} INFO - Processing file /home/airflow/.local/lib/python3.12/site-packages/airflow/example_dags/example_sla_dag.py for tasks to queue
[2024-12-20T09:20:11.893+0000] {logging_mixin.py:190} INFO - [2024-12-20T09:20:11.891+0000] {dagbag.py:588} INFO - Filling up the DagBag from /home/airflow/.local/lib/python3.12/site-packages/airflow/example_dags/example_sla_dag.py
[2024-12-20T09:20:11.984+0000] {processor.py:925} INFO - DAG(s) 'example_sla_dag' retrieved from /home/airflow/.local/lib/python3.12/site-packages/airflow/example_dags/example_sla_dag.py
[2024-12-20T09:20:12.078+0000] {logging_mixin.py:190} INFO - [2024-12-20T09:20:12.077+0000] {dag.py:3239} INFO - Sync 1 DAGs
[2024-12-20T09:20:12.254+0000] {logging_mixin.py:190} INFO - [2024-12-20T09:20:12.252+0000] {dag.py:4180} INFO - Setting next_dagrun for example_sla_dag to 2024-12-20 09:18:00+00:00, run_after=2024-12-20 09:20:00+00:00
[2024-12-20T09:20:12.334+0000] {processor.py:208} INFO - Processing /home/airflow/.local/lib/python3.12/site-packages/airflow/example_dags/example_sla_dag.py took 0.490 seconds
[2024-12-20T09:20:55.071+0000] {processor.py:186} INFO - Started process (PID=303) to work on /home/airflow/.local/lib/python3.12/site-packages/airflow/example_dags/example_sla_dag.py
[2024-12-20T09:20:55.079+0000] {processor.py:914} INFO - Processing file /home/airflow/.local/lib/python3.12/site-packages/airflow/example_dags/example_sla_dag.py for tasks to queue
[2024-12-20T09:20:55.087+0000] {logging_mixin.py:190} INFO - [2024-12-20T09:20:55.085+0000] {dagbag.py:588} INFO - Filling up the DagBag from /home/airflow/.local/lib/python3.12/site-packages/airflow/example_dags/example_sla_dag.py
[2024-12-20T09:20:55.182+0000] {processor.py:925} INFO - DAG(s) 'example_sla_dag' retrieved from /home/airflow/.local/lib/python3.12/site-packages/airflow/example_dags/example_sla_dag.py
[2024-12-20T09:20:55.353+0000] {logging_mixin.py:190} INFO - [2024-12-20T09:20:55.352+0000] {dag.py:3239} INFO - Sync 1 DAGs
[2024-12-20T09:20:55.645+0000] {logging_mixin.py:190} INFO - [2024-12-20T09:20:55.644+0000] {dag.py:4180} INFO - Setting next_dagrun for example_sla_dag to 2024-12-20 09:18:00+00:00, run_after=2024-12-20 09:20:00+00:00
[2024-12-20T09:20:55.791+0000] {processor.py:208} INFO - Processing /home/airflow/.local/lib/python3.12/site-packages/airflow/example_dags/example_sla_dag.py took 0.761 seconds
[2024-12-20T09:21:45.363+0000] {processor.py:186} INFO - Started process (PID=395) to work on /home/airflow/.local/lib/python3.12/site-packages/airflow/example_dags/example_sla_dag.py
[2024-12-20T09:21:45.371+0000] {processor.py:914} INFO - Processing file /home/airflow/.local/lib/python3.12/site-packages/airflow/example_dags/example_sla_dag.py for tasks to queue
[2024-12-20T09:21:45.383+0000] {logging_mixin.py:190} INFO - [2024-12-20T09:21:45.381+0000] {dagbag.py:588} INFO - Filling up the DagBag from /home/airflow/.local/lib/python3.12/site-packages/airflow/example_dags/example_sla_dag.py
[2024-12-20T09:21:45.472+0000] {processor.py:925} INFO - DAG(s) 'example_sla_dag' retrieved from /home/airflow/.local/lib/python3.12/site-packages/airflow/example_dags/example_sla_dag.py
[2024-12-20T09:21:45.686+0000] {logging_mixin.py:190} INFO - [2024-12-20T09:21:45.685+0000] {dag.py:3239} INFO - Sync 1 DAGs
[2024-12-20T09:21:45.935+0000] {logging_mixin.py:190} INFO - [2024-12-20T09:21:45.934+0000] {dag.py:4180} INFO - Setting next_dagrun for example_sla_dag to 2024-12-20 09:18:00+00:00, run_after=2024-12-20 09:20:00+00:00
[2024-12-20T09:21:46.028+0000] {processor.py:208} INFO - Processing /home/airflow/.local/lib/python3.12/site-packages/airflow/example_dags/example_sla_dag.py took 0.777 seconds
[2024-12-20T09:22:51.400+0000] {processor.py:186} INFO - Started process (PID=473) to work on /home/airflow/.local/lib/python3.12/site-packages/airflow/example_dags/example_sla_dag.py
[2024-12-20T09:22:51.415+0000] {processor.py:914} INFO - Processing file /home/airflow/.local/lib/python3.12/site-packages/airflow/example_dags/example_sla_dag.py for tasks to queue
[2024-12-20T09:22:51.434+0000] {logging_mixin.py:190} INFO - [2024-12-20T09:22:51.425+0000] {dagbag.py:588} INFO - Filling up the DagBag from /home/airflow/.local/lib/python3.12/site-packages/airflow/example_dags/example_sla_dag.py
[2024-12-20T09:22:51.688+0000] {processor.py:925} INFO - DAG(s) 'example_sla_dag' retrieved from /home/airflow/.local/lib/python3.12/site-packages/airflow/example_dags/example_sla_dag.py
[2024-12-20T09:22:51.997+0000] {logging_mixin.py:190} INFO - [2024-12-20T09:22:51.996+0000] {dag.py:3239} INFO - Sync 1 DAGs
[2024-12-20T09:22:52.320+0000] {logging_mixin.py:190} INFO - [2024-12-20T09:22:52.319+0000] {dag.py:4180} INFO - Setting next_dagrun for example_sla_dag to 2024-12-20 09:20:00+00:00, run_after=2024-12-20 09:22:00+00:00
[2024-12-20T09:22:52.481+0000] {processor.py:208} INFO - Processing /home/airflow/.local/lib/python3.12/site-packages/airflow/example_dags/example_sla_dag.py took 1.176 seconds
[2024-12-20T09:23:27.776+0000] {processor.py:186} INFO - Started process (PID=539) to work on /home/airflow/.local/lib/python3.12/site-packages/airflow/example_dags/example_sla_dag.py
[2024-12-20T09:23:27.782+0000] {processor.py:914} INFO - Processing file /home/airflow/.local/lib/python3.12/site-packages/airflow/example_dags/example_sla_dag.py for tasks to queue
[2024-12-20T09:23:27.793+0000] {logging_mixin.py:190} INFO - [2024-12-20T09:23:27.792+0000] {dagbag.py:588} INFO - Filling up the DagBag from /home/airflow/.local/lib/python3.12/site-packages/airflow/example_dags/example_sla_dag.py
[2024-12-20T09:23:27.880+0000] {processor.py:925} INFO - DAG(s) 'example_sla_dag' retrieved from /home/airflow/.local/lib/python3.12/site-packages/airflow/example_dags/example_sla_dag.py
[2024-12-20T09:23:28.057+0000] {logging_mixin.py:190} INFO - [2024-12-20T09:23:28.054+0000] {dag.py:3239} INFO - Sync 1 DAGs
[2024-12-20T09:23:28.195+0000] {logging_mixin.py:190} INFO - [2024-12-20T09:23:28.195+0000] {dag.py:4180} INFO - Setting next_dagrun for example_sla_dag to 2024-12-20 09:20:00+00:00, run_after=2024-12-20 09:22:00+00:00
[2024-12-20T09:23:28.274+0000] {processor.py:208} INFO - Processing /home/airflow/.local/lib/python3.12/site-packages/airflow/example_dags/example_sla_dag.py took 0.534 seconds
[2024-12-20T09:23:58.546+0000] {processor.py:186} INFO - Started process (PID=605) to work on /home/airflow/.local/lib/python3.12/site-packages/airflow/example_dags/example_sla_dag.py
[2024-12-20T09:23:58.549+0000] {processor.py:914} INFO - Processing file /home/airflow/.local/lib/python3.12/site-packages/airflow/example_dags/example_sla_dag.py for tasks to queue
[2024-12-20T09:23:58.552+0000] {logging_mixin.py:190} INFO - [2024-12-20T09:23:58.551+0000] {dagbag.py:588} INFO - Filling up the DagBag from /home/airflow/.local/lib/python3.12/site-packages/airflow/example_dags/example_sla_dag.py
[2024-12-20T09:23:58.574+0000] {processor.py:925} INFO - DAG(s) 'example_sla_dag' retrieved from /home/airflow/.local/lib/python3.12/site-packages/airflow/example_dags/example_sla_dag.py
[2024-12-20T09:23:58.635+0000] {logging_mixin.py:190} INFO - [2024-12-20T09:23:58.634+0000] {dag.py:3239} INFO - Sync 1 DAGs
[2024-12-20T09:23:58.715+0000] {logging_mixin.py:190} INFO - [2024-12-20T09:23:58.714+0000] {dag.py:4180} INFO - Setting next_dagrun for example_sla_dag to 2024-12-20 09:20:00+00:00, run_after=2024-12-20 09:22:00+00:00
[2024-12-20T09:23:58.768+0000] {processor.py:208} INFO - Processing /home/airflow/.local/lib/python3.12/site-packages/airflow/example_dags/example_sla_dag.py took 0.235 seconds
[2024-12-20T09:24:29.098+0000] {processor.py:186} INFO - Started process (PID=671) to work on /home/airflow/.local/lib/python3.12/site-packages/airflow/example_dags/example_sla_dag.py
[2024-12-20T09:24:29.101+0000] {processor.py:914} INFO - Processing file /home/airflow/.local/lib/python3.12/site-packages/airflow/example_dags/example_sla_dag.py for tasks to queue
[2024-12-20T09:24:29.104+0000] {logging_mixin.py:190} INFO - [2024-12-20T09:24:29.103+0000] {dagbag.py:588} INFO - Filling up the DagBag from /home/airflow/.local/lib/python3.12/site-packages/airflow/example_dags/example_sla_dag.py
[2024-12-20T09:24:29.130+0000] {processor.py:925} INFO - DAG(s) 'example_sla_dag' retrieved from /home/airflow/.local/lib/python3.12/site-packages/airflow/example_dags/example_sla_dag.py
[2024-12-20T09:24:29.176+0000] {logging_mixin.py:190} INFO - [2024-12-20T09:24:29.175+0000] {dag.py:3239} INFO - Sync 1 DAGs
[2024-12-20T09:24:29.242+0000] {logging_mixin.py:190} INFO - [2024-12-20T09:24:29.242+0000] {dag.py:4180} INFO - Setting next_dagrun for example_sla_dag to 2024-12-20 09:22:00+00:00, run_after=2024-12-20 09:24:00+00:00
[2024-12-20T09:24:29.320+0000] {processor.py:208} INFO - Processing /home/airflow/.local/lib/python3.12/site-packages/airflow/example_dags/example_sla_dag.py took 0.241 seconds
[2024-12-20T09:24:59.501+0000] {processor.py:186} INFO - Started process (PID=735) to work on /home/airflow/.local/lib/python3.12/site-packages/airflow/example_dags/example_sla_dag.py
[2024-12-20T09:24:59.503+0000] {processor.py:914} INFO - Processing file /home/airflow/.local/lib/python3.12/site-packages/airflow/example_dags/example_sla_dag.py for tasks to queue
[2024-12-20T09:24:59.506+0000] {logging_mixin.py:190} INFO - [2024-12-20T09:24:59.505+0000] {dagbag.py:588} INFO - Filling up the DagBag from /home/airflow/.local/lib/python3.12/site-packages/airflow/example_dags/example_sla_dag.py
[2024-12-20T09:24:59.528+0000] {processor.py:925} INFO - DAG(s) 'example_sla_dag' retrieved from /home/airflow/.local/lib/python3.12/site-packages/airflow/example_dags/example_sla_dag.py
[2024-12-20T09:24:59.576+0000] {logging_mixin.py:190} INFO - [2024-12-20T09:24:59.576+0000] {dag.py:3239} INFO - Sync 1 DAGs
[2024-12-20T09:24:59.632+0000] {logging_mixin.py:190} INFO - [2024-12-20T09:24:59.631+0000] {dag.py:4180} INFO - Setting next_dagrun for example_sla_dag to 2024-12-20 09:22:00+00:00, run_after=2024-12-20 09:24:00+00:00
[2024-12-20T09:24:59.667+0000] {processor.py:208} INFO - Processing /home/airflow/.local/lib/python3.12/site-packages/airflow/example_dags/example_sla_dag.py took 0.178 seconds
