[2024-12-20T05:28:09.533+0000] {processor.py:186} INFO - Started process (PID=12473) to work on /home/airflow/.local/lib/python3.12/site-packages/airflow/example_dags/example_branch_labels.py
[2024-12-20T05:28:09.598+0000] {processor.py:914} INFO - Processing file /home/airflow/.local/lib/python3.12/site-packages/airflow/example_dags/example_branch_labels.py for tasks to queue
[2024-12-20T05:28:09.659+0000] {logging_mixin.py:190} INFO - [2024-12-20T05:28:09.657+0000] {dagbag.py:588} INFO - Filling up the DagBag from /home/airflow/.local/lib/python3.12/site-packages/airflow/example_dags/example_branch_labels.py
[2024-12-20T05:28:09.770+0000] {processor.py:925} INFO - DAG(s) 'example_branch_labels' retrieved from /home/airflow/.local/lib/python3.12/site-packages/airflow/example_dags/example_branch_labels.py
[2024-12-20T05:28:10.003+0000] {logging_mixin.py:190} INFO - [2024-12-20T05:28:10.002+0000] {dag.py:3239} INFO - Sync 1 DAGs
[2024-12-20T05:28:10.310+0000] {logging_mixin.py:190} INFO - [2024-12-20T05:28:10.309+0000] {dag.py:4180} INFO - Setting next_dagrun for example_branch_labels to 2024-12-19 00:00:00+00:00, run_after=2024-12-20 00:00:00+00:00
[2024-12-20T05:28:10.483+0000] {processor.py:208} INFO - Processing /home/airflow/.local/lib/python3.12/site-packages/airflow/example_dags/example_branch_labels.py took 0.954 seconds
[2024-12-20T05:29:06.707+0000] {processor.py:186} INFO - Started process (PID=12539) to work on /home/airflow/.local/lib/python3.12/site-packages/airflow/example_dags/example_branch_labels.py
[2024-12-20T05:29:06.720+0000] {processor.py:914} INFO - Processing file /home/airflow/.local/lib/python3.12/site-packages/airflow/example_dags/example_branch_labels.py for tasks to queue
[2024-12-20T05:29:06.736+0000] {logging_mixin.py:190} INFO - [2024-12-20T05:29:06.733+0000] {dagbag.py:588} INFO - Filling up the DagBag from /home/airflow/.local/lib/python3.12/site-packages/airflow/example_dags/example_branch_labels.py
[2024-12-20T05:29:06.820+0000] {processor.py:925} INFO - DAG(s) 'example_branch_labels' retrieved from /home/airflow/.local/lib/python3.12/site-packages/airflow/example_dags/example_branch_labels.py
[2024-12-20T05:29:06.984+0000] {logging_mixin.py:190} INFO - [2024-12-20T05:29:06.983+0000] {dag.py:3239} INFO - Sync 1 DAGs
[2024-12-20T05:29:07.196+0000] {logging_mixin.py:190} INFO - [2024-12-20T05:29:07.191+0000] {dag.py:4180} INFO - Setting next_dagrun for example_branch_labels to 2024-12-19 00:00:00+00:00, run_after=2024-12-20 00:00:00+00:00
[2024-12-20T05:29:07.331+0000] {processor.py:208} INFO - Processing /home/airflow/.local/lib/python3.12/site-packages/airflow/example_dags/example_branch_labels.py took 0.678 seconds
[2024-12-20T05:29:39.324+0000] {processor.py:186} INFO - Started process (PID=12604) to work on /home/airflow/.local/lib/python3.12/site-packages/airflow/example_dags/example_branch_labels.py
[2024-12-20T05:29:39.328+0000] {processor.py:914} INFO - Processing file /home/airflow/.local/lib/python3.12/site-packages/airflow/example_dags/example_branch_labels.py for tasks to queue
[2024-12-20T05:29:39.340+0000] {logging_mixin.py:190} INFO - [2024-12-20T05:29:39.338+0000] {dagbag.py:588} INFO - Filling up the DagBag from /home/airflow/.local/lib/python3.12/site-packages/airflow/example_dags/example_branch_labels.py
[2024-12-20T05:29:39.403+0000] {processor.py:925} INFO - DAG(s) 'example_branch_labels' retrieved from /home/airflow/.local/lib/python3.12/site-packages/airflow/example_dags/example_branch_labels.py
[2024-12-20T05:29:39.513+0000] {logging_mixin.py:190} INFO - [2024-12-20T05:29:39.512+0000] {dag.py:3239} INFO - Sync 1 DAGs
[2024-12-20T05:29:39.702+0000] {logging_mixin.py:190} INFO - [2024-12-20T05:29:39.700+0000] {dag.py:4180} INFO - Setting next_dagrun for example_branch_labels to 2024-12-19 00:00:00+00:00, run_after=2024-12-20 00:00:00+00:00
[2024-12-20T05:29:39.866+0000] {processor.py:208} INFO - Processing /home/airflow/.local/lib/python3.12/site-packages/airflow/example_dags/example_branch_labels.py took 0.582 seconds
[2024-12-20T05:30:11.950+0000] {processor.py:186} INFO - Started process (PID=12670) to work on /home/airflow/.local/lib/python3.12/site-packages/airflow/example_dags/example_branch_labels.py
[2024-12-20T05:30:11.953+0000] {processor.py:914} INFO - Processing file /home/airflow/.local/lib/python3.12/site-packages/airflow/example_dags/example_branch_labels.py for tasks to queue
[2024-12-20T05:30:11.959+0000] {logging_mixin.py:190} INFO - [2024-12-20T05:30:11.958+0000] {dagbag.py:588} INFO - Filling up the DagBag from /home/airflow/.local/lib/python3.12/site-packages/airflow/example_dags/example_branch_labels.py
[2024-12-20T05:30:11.986+0000] {processor.py:925} INFO - DAG(s) 'example_branch_labels' retrieved from /home/airflow/.local/lib/python3.12/site-packages/airflow/example_dags/example_branch_labels.py
[2024-12-20T05:30:12.035+0000] {logging_mixin.py:190} INFO - [2024-12-20T05:30:12.034+0000] {dag.py:3239} INFO - Sync 1 DAGs
[2024-12-20T05:30:12.096+0000] {logging_mixin.py:190} INFO - [2024-12-20T05:30:12.096+0000] {dag.py:4180} INFO - Setting next_dagrun for example_branch_labels to 2024-12-19 00:00:00+00:00, run_after=2024-12-20 00:00:00+00:00
[2024-12-20T05:30:12.140+0000] {processor.py:208} INFO - Processing /home/airflow/.local/lib/python3.12/site-packages/airflow/example_dags/example_branch_labels.py took 0.207 seconds
[2024-12-20T05:30:44.391+0000] {processor.py:186} INFO - Started process (PID=12735) to work on /home/airflow/.local/lib/python3.12/site-packages/airflow/example_dags/example_branch_labels.py
[2024-12-20T05:30:44.393+0000] {processor.py:914} INFO - Processing file /home/airflow/.local/lib/python3.12/site-packages/airflow/example_dags/example_branch_labels.py for tasks to queue
[2024-12-20T05:30:44.401+0000] {logging_mixin.py:190} INFO - [2024-12-20T05:30:44.400+0000] {dagbag.py:588} INFO - Filling up the DagBag from /home/airflow/.local/lib/python3.12/site-packages/airflow/example_dags/example_branch_labels.py
[2024-12-20T05:30:44.441+0000] {processor.py:925} INFO - DAG(s) 'example_branch_labels' retrieved from /home/airflow/.local/lib/python3.12/site-packages/airflow/example_dags/example_branch_labels.py
[2024-12-20T05:30:44.503+0000] {logging_mixin.py:190} INFO - [2024-12-20T05:30:44.503+0000] {dag.py:3239} INFO - Sync 1 DAGs
[2024-12-20T05:30:44.593+0000] {logging_mixin.py:190} INFO - [2024-12-20T05:30:44.592+0000] {dag.py:4180} INFO - Setting next_dagrun for example_branch_labels to 2024-12-19 00:00:00+00:00, run_after=2024-12-20 00:00:00+00:00
[2024-12-20T05:30:44.688+0000] {processor.py:208} INFO - Processing /home/airflow/.local/lib/python3.12/site-packages/airflow/example_dags/example_branch_labels.py took 0.318 seconds
[2024-12-20T05:31:16.557+0000] {processor.py:186} INFO - Started process (PID=12800) to work on /home/airflow/.local/lib/python3.12/site-packages/airflow/example_dags/example_branch_labels.py
[2024-12-20T05:31:16.560+0000] {processor.py:914} INFO - Processing file /home/airflow/.local/lib/python3.12/site-packages/airflow/example_dags/example_branch_labels.py for tasks to queue
[2024-12-20T05:31:16.569+0000] {logging_mixin.py:190} INFO - [2024-12-20T05:31:16.568+0000] {dagbag.py:588} INFO - Filling up the DagBag from /home/airflow/.local/lib/python3.12/site-packages/airflow/example_dags/example_branch_labels.py
[2024-12-20T05:31:16.604+0000] {processor.py:925} INFO - DAG(s) 'example_branch_labels' retrieved from /home/airflow/.local/lib/python3.12/site-packages/airflow/example_dags/example_branch_labels.py
[2024-12-20T05:31:16.662+0000] {logging_mixin.py:190} INFO - [2024-12-20T05:31:16.661+0000] {dag.py:3239} INFO - Sync 1 DAGs
[2024-12-20T05:31:16.750+0000] {logging_mixin.py:190} INFO - [2024-12-20T05:31:16.749+0000] {dag.py:4180} INFO - Setting next_dagrun for example_branch_labels to 2024-12-19 00:00:00+00:00, run_after=2024-12-20 00:00:00+00:00
[2024-12-20T05:31:16.831+0000] {processor.py:208} INFO - Processing /home/airflow/.local/lib/python3.12/site-packages/airflow/example_dags/example_branch_labels.py took 0.292 seconds
[2024-12-20T05:31:47.368+0000] {processor.py:186} INFO - Started process (PID=12865) to work on /home/airflow/.local/lib/python3.12/site-packages/airflow/example_dags/example_branch_labels.py
[2024-12-20T05:31:47.370+0000] {processor.py:914} INFO - Processing file /home/airflow/.local/lib/python3.12/site-packages/airflow/example_dags/example_branch_labels.py for tasks to queue
[2024-12-20T05:31:47.376+0000] {logging_mixin.py:190} INFO - [2024-12-20T05:31:47.376+0000] {dagbag.py:588} INFO - Filling up the DagBag from /home/airflow/.local/lib/python3.12/site-packages/airflow/example_dags/example_branch_labels.py
[2024-12-20T05:31:47.398+0000] {processor.py:925} INFO - DAG(s) 'example_branch_labels' retrieved from /home/airflow/.local/lib/python3.12/site-packages/airflow/example_dags/example_branch_labels.py
[2024-12-20T05:31:47.441+0000] {logging_mixin.py:190} INFO - [2024-12-20T05:31:47.441+0000] {dag.py:3239} INFO - Sync 1 DAGs
[2024-12-20T05:31:47.494+0000] {logging_mixin.py:190} INFO - [2024-12-20T05:31:47.494+0000] {dag.py:4180} INFO - Setting next_dagrun for example_branch_labels to 2024-12-19 00:00:00+00:00, run_after=2024-12-20 00:00:00+00:00
[2024-12-20T05:31:47.533+0000] {processor.py:208} INFO - Processing /home/airflow/.local/lib/python3.12/site-packages/airflow/example_dags/example_branch_labels.py took 0.177 seconds
[2024-12-20T05:32:21.872+0000] {processor.py:186} INFO - Started process (PID=12930) to work on /home/airflow/.local/lib/python3.12/site-packages/airflow/example_dags/example_branch_labels.py
[2024-12-20T05:32:21.879+0000] {processor.py:914} INFO - Processing file /home/airflow/.local/lib/python3.12/site-packages/airflow/example_dags/example_branch_labels.py for tasks to queue
[2024-12-20T05:32:21.899+0000] {logging_mixin.py:190} INFO - [2024-12-20T05:32:21.897+0000] {dagbag.py:588} INFO - Filling up the DagBag from /home/airflow/.local/lib/python3.12/site-packages/airflow/example_dags/example_branch_labels.py
[2024-12-20T05:32:21.986+0000] {processor.py:925} INFO - DAG(s) 'example_branch_labels' retrieved from /home/airflow/.local/lib/python3.12/site-packages/airflow/example_dags/example_branch_labels.py
[2024-12-20T05:32:22.108+0000] {logging_mixin.py:190} INFO - [2024-12-20T05:32:22.107+0000] {dag.py:3239} INFO - Sync 1 DAGs
[2024-12-20T05:32:22.305+0000] {logging_mixin.py:190} INFO - [2024-12-20T05:32:22.304+0000] {dag.py:4180} INFO - Setting next_dagrun for example_branch_labels to 2024-12-19 00:00:00+00:00, run_after=2024-12-20 00:00:00+00:00
[2024-12-20T05:32:22.476+0000] {processor.py:208} INFO - Processing /home/airflow/.local/lib/python3.12/site-packages/airflow/example_dags/example_branch_labels.py took 0.638 seconds
[2024-12-20T05:32:53.738+0000] {processor.py:186} INFO - Started process (PID=12995) to work on /home/airflow/.local/lib/python3.12/site-packages/airflow/example_dags/example_branch_labels.py
[2024-12-20T05:32:53.743+0000] {processor.py:914} INFO - Processing file /home/airflow/.local/lib/python3.12/site-packages/airflow/example_dags/example_branch_labels.py for tasks to queue
[2024-12-20T05:32:53.753+0000] {logging_mixin.py:190} INFO - [2024-12-20T05:32:53.752+0000] {dagbag.py:588} INFO - Filling up the DagBag from /home/airflow/.local/lib/python3.12/site-packages/airflow/example_dags/example_branch_labels.py
[2024-12-20T05:32:53.787+0000] {processor.py:925} INFO - DAG(s) 'example_branch_labels' retrieved from /home/airflow/.local/lib/python3.12/site-packages/airflow/example_dags/example_branch_labels.py
[2024-12-20T05:32:53.854+0000] {logging_mixin.py:190} INFO - [2024-12-20T05:32:53.853+0000] {dag.py:3239} INFO - Sync 1 DAGs
[2024-12-20T05:32:53.923+0000] {logging_mixin.py:190} INFO - [2024-12-20T05:32:53.922+0000] {dag.py:4180} INFO - Setting next_dagrun for example_branch_labels to 2024-12-19 00:00:00+00:00, run_after=2024-12-20 00:00:00+00:00
[2024-12-20T05:32:54.010+0000] {processor.py:208} INFO - Processing /home/airflow/.local/lib/python3.12/site-packages/airflow/example_dags/example_branch_labels.py took 0.290 seconds
[2024-12-20T05:33:26.119+0000] {processor.py:186} INFO - Started process (PID=13060) to work on /home/airflow/.local/lib/python3.12/site-packages/airflow/example_dags/example_branch_labels.py
[2024-12-20T05:33:26.121+0000] {processor.py:914} INFO - Processing file /home/airflow/.local/lib/python3.12/site-packages/airflow/example_dags/example_branch_labels.py for tasks to queue
[2024-12-20T05:33:26.133+0000] {logging_mixin.py:190} INFO - [2024-12-20T05:33:26.132+0000] {dagbag.py:588} INFO - Filling up the DagBag from /home/airflow/.local/lib/python3.12/site-packages/airflow/example_dags/example_branch_labels.py
[2024-12-20T05:33:26.174+0000] {processor.py:925} INFO - DAG(s) 'example_branch_labels' retrieved from /home/airflow/.local/lib/python3.12/site-packages/airflow/example_dags/example_branch_labels.py
[2024-12-20T05:33:26.234+0000] {logging_mixin.py:190} INFO - [2024-12-20T05:33:26.233+0000] {dag.py:3239} INFO - Sync 1 DAGs
[2024-12-20T05:33:26.330+0000] {logging_mixin.py:190} INFO - [2024-12-20T05:33:26.330+0000] {dag.py:4180} INFO - Setting next_dagrun for example_branch_labels to 2024-12-19 00:00:00+00:00, run_after=2024-12-20 00:00:00+00:00
[2024-12-20T05:33:26.399+0000] {processor.py:208} INFO - Processing /home/airflow/.local/lib/python3.12/site-packages/airflow/example_dags/example_branch_labels.py took 0.297 seconds
[2024-12-20T05:34:00.638+0000] {processor.py:186} INFO - Started process (PID=13125) to work on /home/airflow/.local/lib/python3.12/site-packages/airflow/example_dags/example_branch_labels.py
[2024-12-20T05:34:00.646+0000] {processor.py:914} INFO - Processing file /home/airflow/.local/lib/python3.12/site-packages/airflow/example_dags/example_branch_labels.py for tasks to queue
[2024-12-20T05:34:00.657+0000] {logging_mixin.py:190} INFO - [2024-12-20T05:34:00.655+0000] {dagbag.py:588} INFO - Filling up the DagBag from /home/airflow/.local/lib/python3.12/site-packages/airflow/example_dags/example_branch_labels.py
[2024-12-20T05:34:00.710+0000] {processor.py:925} INFO - DAG(s) 'example_branch_labels' retrieved from /home/airflow/.local/lib/python3.12/site-packages/airflow/example_dags/example_branch_labels.py
[2024-12-20T05:34:00.844+0000] {logging_mixin.py:190} INFO - [2024-12-20T05:34:00.843+0000] {dag.py:3239} INFO - Sync 1 DAGs
[2024-12-20T05:34:00.997+0000] {logging_mixin.py:190} INFO - [2024-12-20T05:34:00.996+0000] {dag.py:4180} INFO - Setting next_dagrun for example_branch_labels to 2024-12-19 00:00:00+00:00, run_after=2024-12-20 00:00:00+00:00
[2024-12-20T05:34:01.106+0000] {processor.py:208} INFO - Processing /home/airflow/.local/lib/python3.12/site-packages/airflow/example_dags/example_branch_labels.py took 0.494 seconds
[2024-12-20T05:34:32.472+0000] {processor.py:186} INFO - Started process (PID=13197) to work on /home/airflow/.local/lib/python3.12/site-packages/airflow/example_dags/example_branch_labels.py
[2024-12-20T05:34:32.476+0000] {processor.py:914} INFO - Processing file /home/airflow/.local/lib/python3.12/site-packages/airflow/example_dags/example_branch_labels.py for tasks to queue
[2024-12-20T05:34:32.486+0000] {logging_mixin.py:190} INFO - [2024-12-20T05:34:32.485+0000] {dagbag.py:588} INFO - Filling up the DagBag from /home/airflow/.local/lib/python3.12/site-packages/airflow/example_dags/example_branch_labels.py
[2024-12-20T05:34:32.526+0000] {processor.py:925} INFO - DAG(s) 'example_branch_labels' retrieved from /home/airflow/.local/lib/python3.12/site-packages/airflow/example_dags/example_branch_labels.py
[2024-12-20T05:34:32.583+0000] {logging_mixin.py:190} INFO - [2024-12-20T05:34:32.582+0000] {dag.py:3239} INFO - Sync 1 DAGs
[2024-12-20T05:34:32.666+0000] {logging_mixin.py:190} INFO - [2024-12-20T05:34:32.665+0000] {dag.py:4180} INFO - Setting next_dagrun for example_branch_labels to 2024-12-19 00:00:00+00:00, run_after=2024-12-20 00:00:00+00:00
[2024-12-20T05:34:32.730+0000] {processor.py:208} INFO - Processing /home/airflow/.local/lib/python3.12/site-packages/airflow/example_dags/example_branch_labels.py took 0.278 seconds
[2024-12-20T05:35:05.570+0000] {processor.py:186} INFO - Started process (PID=13262) to work on /home/airflow/.local/lib/python3.12/site-packages/airflow/example_dags/example_branch_labels.py
[2024-12-20T05:35:05.581+0000] {processor.py:914} INFO - Processing file /home/airflow/.local/lib/python3.12/site-packages/airflow/example_dags/example_branch_labels.py for tasks to queue
[2024-12-20T05:35:05.589+0000] {logging_mixin.py:190} INFO - [2024-12-20T05:35:05.587+0000] {dagbag.py:588} INFO - Filling up the DagBag from /home/airflow/.local/lib/python3.12/site-packages/airflow/example_dags/example_branch_labels.py
[2024-12-20T05:35:05.623+0000] {processor.py:925} INFO - DAG(s) 'example_branch_labels' retrieved from /home/airflow/.local/lib/python3.12/site-packages/airflow/example_dags/example_branch_labels.py
[2024-12-20T05:35:05.699+0000] {logging_mixin.py:190} INFO - [2024-12-20T05:35:05.698+0000] {dag.py:3239} INFO - Sync 1 DAGs
[2024-12-20T05:35:05.804+0000] {logging_mixin.py:190} INFO - [2024-12-20T05:35:05.803+0000] {dag.py:4180} INFO - Setting next_dagrun for example_branch_labels to 2024-12-19 00:00:00+00:00, run_after=2024-12-20 00:00:00+00:00
[2024-12-20T05:35:05.883+0000] {processor.py:208} INFO - Processing /home/airflow/.local/lib/python3.12/site-packages/airflow/example_dags/example_branch_labels.py took 0.330 seconds
[2024-12-20T05:35:37.518+0000] {processor.py:186} INFO - Started process (PID=13327) to work on /home/airflow/.local/lib/python3.12/site-packages/airflow/example_dags/example_branch_labels.py
[2024-12-20T05:35:37.521+0000] {processor.py:914} INFO - Processing file /home/airflow/.local/lib/python3.12/site-packages/airflow/example_dags/example_branch_labels.py for tasks to queue
[2024-12-20T05:35:37.526+0000] {logging_mixin.py:190} INFO - [2024-12-20T05:35:37.526+0000] {dagbag.py:588} INFO - Filling up the DagBag from /home/airflow/.local/lib/python3.12/site-packages/airflow/example_dags/example_branch_labels.py
[2024-12-20T05:35:37.555+0000] {processor.py:925} INFO - DAG(s) 'example_branch_labels' retrieved from /home/airflow/.local/lib/python3.12/site-packages/airflow/example_dags/example_branch_labels.py
[2024-12-20T05:35:37.603+0000] {logging_mixin.py:190} INFO - [2024-12-20T05:35:37.603+0000] {dag.py:3239} INFO - Sync 1 DAGs
[2024-12-20T05:35:37.661+0000] {logging_mixin.py:190} INFO - [2024-12-20T05:35:37.660+0000] {dag.py:4180} INFO - Setting next_dagrun for example_branch_labels to 2024-12-19 00:00:00+00:00, run_after=2024-12-20 00:00:00+00:00
[2024-12-20T05:35:37.742+0000] {processor.py:208} INFO - Processing /home/airflow/.local/lib/python3.12/site-packages/airflow/example_dags/example_branch_labels.py took 0.240 seconds
[2024-12-20T05:36:09.394+0000] {processor.py:186} INFO - Started process (PID=13392) to work on /home/airflow/.local/lib/python3.12/site-packages/airflow/example_dags/example_branch_labels.py
[2024-12-20T05:36:09.396+0000] {processor.py:914} INFO - Processing file /home/airflow/.local/lib/python3.12/site-packages/airflow/example_dags/example_branch_labels.py for tasks to queue
[2024-12-20T05:36:09.401+0000] {logging_mixin.py:190} INFO - [2024-12-20T05:36:09.400+0000] {dagbag.py:588} INFO - Filling up the DagBag from /home/airflow/.local/lib/python3.12/site-packages/airflow/example_dags/example_branch_labels.py
[2024-12-20T05:36:09.426+0000] {processor.py:925} INFO - DAG(s) 'example_branch_labels' retrieved from /home/airflow/.local/lib/python3.12/site-packages/airflow/example_dags/example_branch_labels.py
[2024-12-20T05:36:09.468+0000] {logging_mixin.py:190} INFO - [2024-12-20T05:36:09.467+0000] {dag.py:3239} INFO - Sync 1 DAGs
[2024-12-20T05:36:09.525+0000] {logging_mixin.py:190} INFO - [2024-12-20T05:36:09.524+0000] {dag.py:4180} INFO - Setting next_dagrun for example_branch_labels to 2024-12-19 00:00:00+00:00, run_after=2024-12-20 00:00:00+00:00
[2024-12-20T05:36:09.572+0000] {processor.py:208} INFO - Processing /home/airflow/.local/lib/python3.12/site-packages/airflow/example_dags/example_branch_labels.py took 0.190 seconds
[2024-12-20T05:36:41.628+0000] {processor.py:186} INFO - Started process (PID=13457) to work on /home/airflow/.local/lib/python3.12/site-packages/airflow/example_dags/example_branch_labels.py
[2024-12-20T05:36:41.630+0000] {processor.py:914} INFO - Processing file /home/airflow/.local/lib/python3.12/site-packages/airflow/example_dags/example_branch_labels.py for tasks to queue
[2024-12-20T05:36:41.635+0000] {logging_mixin.py:190} INFO - [2024-12-20T05:36:41.634+0000] {dagbag.py:588} INFO - Filling up the DagBag from /home/airflow/.local/lib/python3.12/site-packages/airflow/example_dags/example_branch_labels.py
[2024-12-20T05:36:41.656+0000] {processor.py:925} INFO - DAG(s) 'example_branch_labels' retrieved from /home/airflow/.local/lib/python3.12/site-packages/airflow/example_dags/example_branch_labels.py
[2024-12-20T05:36:41.697+0000] {logging_mixin.py:190} INFO - [2024-12-20T05:36:41.697+0000] {dag.py:3239} INFO - Sync 1 DAGs
[2024-12-20T05:36:41.749+0000] {logging_mixin.py:190} INFO - [2024-12-20T05:36:41.749+0000] {dag.py:4180} INFO - Setting next_dagrun for example_branch_labels to 2024-12-19 00:00:00+00:00, run_after=2024-12-20 00:00:00+00:00
[2024-12-20T05:36:41.788+0000] {processor.py:208} INFO - Processing /home/airflow/.local/lib/python3.12/site-packages/airflow/example_dags/example_branch_labels.py took 0.173 seconds
[2024-12-20T05:37:14.435+0000] {processor.py:186} INFO - Started process (PID=13525) to work on /home/airflow/.local/lib/python3.12/site-packages/airflow/example_dags/example_branch_labels.py
[2024-12-20T05:37:14.438+0000] {processor.py:914} INFO - Processing file /home/airflow/.local/lib/python3.12/site-packages/airflow/example_dags/example_branch_labels.py for tasks to queue
[2024-12-20T05:37:14.446+0000] {logging_mixin.py:190} INFO - [2024-12-20T05:37:14.445+0000] {dagbag.py:588} INFO - Filling up the DagBag from /home/airflow/.local/lib/python3.12/site-packages/airflow/example_dags/example_branch_labels.py
[2024-12-20T05:37:14.472+0000] {processor.py:925} INFO - DAG(s) 'example_branch_labels' retrieved from /home/airflow/.local/lib/python3.12/site-packages/airflow/example_dags/example_branch_labels.py
[2024-12-20T05:37:14.519+0000] {logging_mixin.py:190} INFO - [2024-12-20T05:37:14.518+0000] {dag.py:3239} INFO - Sync 1 DAGs
[2024-12-20T05:37:14.587+0000] {logging_mixin.py:190} INFO - [2024-12-20T05:37:14.586+0000] {dag.py:4180} INFO - Setting next_dagrun for example_branch_labels to 2024-12-19 00:00:00+00:00, run_after=2024-12-20 00:00:00+00:00
[2024-12-20T05:37:14.646+0000] {processor.py:208} INFO - Processing /home/airflow/.local/lib/python3.12/site-packages/airflow/example_dags/example_branch_labels.py took 0.233 seconds
[2024-12-20T05:37:46.425+0000] {processor.py:186} INFO - Started process (PID=13590) to work on /home/airflow/.local/lib/python3.12/site-packages/airflow/example_dags/example_branch_labels.py
[2024-12-20T05:37:46.427+0000] {processor.py:914} INFO - Processing file /home/airflow/.local/lib/python3.12/site-packages/airflow/example_dags/example_branch_labels.py for tasks to queue
[2024-12-20T05:37:46.434+0000] {logging_mixin.py:190} INFO - [2024-12-20T05:37:46.432+0000] {dagbag.py:588} INFO - Filling up the DagBag from /home/airflow/.local/lib/python3.12/site-packages/airflow/example_dags/example_branch_labels.py
[2024-12-20T05:37:46.460+0000] {processor.py:925} INFO - DAG(s) 'example_branch_labels' retrieved from /home/airflow/.local/lib/python3.12/site-packages/airflow/example_dags/example_branch_labels.py
[2024-12-20T05:37:46.508+0000] {logging_mixin.py:190} INFO - [2024-12-20T05:37:46.508+0000] {dag.py:3239} INFO - Sync 1 DAGs
[2024-12-20T05:37:46.562+0000] {logging_mixin.py:190} INFO - [2024-12-20T05:37:46.561+0000] {dag.py:4180} INFO - Setting next_dagrun for example_branch_labels to 2024-12-19 00:00:00+00:00, run_after=2024-12-20 00:00:00+00:00
[2024-12-20T05:37:46.623+0000] {processor.py:208} INFO - Processing /home/airflow/.local/lib/python3.12/site-packages/airflow/example_dags/example_branch_labels.py took 0.216 seconds
[2024-12-20T05:38:18.871+0000] {processor.py:186} INFO - Started process (PID=13655) to work on /home/airflow/.local/lib/python3.12/site-packages/airflow/example_dags/example_branch_labels.py
[2024-12-20T05:38:18.874+0000] {processor.py:914} INFO - Processing file /home/airflow/.local/lib/python3.12/site-packages/airflow/example_dags/example_branch_labels.py for tasks to queue
[2024-12-20T05:38:18.883+0000] {logging_mixin.py:190} INFO - [2024-12-20T05:38:18.882+0000] {dagbag.py:588} INFO - Filling up the DagBag from /home/airflow/.local/lib/python3.12/site-packages/airflow/example_dags/example_branch_labels.py
[2024-12-20T05:38:18.917+0000] {processor.py:925} INFO - DAG(s) 'example_branch_labels' retrieved from /home/airflow/.local/lib/python3.12/site-packages/airflow/example_dags/example_branch_labels.py
[2024-12-20T05:38:18.986+0000] {logging_mixin.py:190} INFO - [2024-12-20T05:38:18.985+0000] {dag.py:3239} INFO - Sync 1 DAGs
[2024-12-20T05:38:19.089+0000] {logging_mixin.py:190} INFO - [2024-12-20T05:38:19.088+0000] {dag.py:4180} INFO - Setting next_dagrun for example_branch_labels to 2024-12-19 00:00:00+00:00, run_after=2024-12-20 00:00:00+00:00
[2024-12-20T05:38:19.182+0000] {processor.py:208} INFO - Processing /home/airflow/.local/lib/python3.12/site-packages/airflow/example_dags/example_branch_labels.py took 0.330 seconds
[2024-12-20T05:38:50.406+0000] {processor.py:186} INFO - Started process (PID=13720) to work on /home/airflow/.local/lib/python3.12/site-packages/airflow/example_dags/example_branch_labels.py
[2024-12-20T05:38:50.408+0000] {processor.py:914} INFO - Processing file /home/airflow/.local/lib/python3.12/site-packages/airflow/example_dags/example_branch_labels.py for tasks to queue
[2024-12-20T05:38:50.412+0000] {logging_mixin.py:190} INFO - [2024-12-20T05:38:50.411+0000] {dagbag.py:588} INFO - Filling up the DagBag from /home/airflow/.local/lib/python3.12/site-packages/airflow/example_dags/example_branch_labels.py
[2024-12-20T05:38:50.428+0000] {processor.py:925} INFO - DAG(s) 'example_branch_labels' retrieved from /home/airflow/.local/lib/python3.12/site-packages/airflow/example_dags/example_branch_labels.py
[2024-12-20T05:38:50.461+0000] {logging_mixin.py:190} INFO - [2024-12-20T05:38:50.461+0000] {dag.py:3239} INFO - Sync 1 DAGs
[2024-12-20T05:38:50.503+0000] {logging_mixin.py:190} INFO - [2024-12-20T05:38:50.502+0000] {dag.py:4180} INFO - Setting next_dagrun for example_branch_labels to 2024-12-19 00:00:00+00:00, run_after=2024-12-20 00:00:00+00:00
[2024-12-20T05:38:50.530+0000] {processor.py:208} INFO - Processing /home/airflow/.local/lib/python3.12/site-packages/airflow/example_dags/example_branch_labels.py took 0.133 seconds
[2024-12-20T05:39:22.265+0000] {processor.py:186} INFO - Started process (PID=13785) to work on /home/airflow/.local/lib/python3.12/site-packages/airflow/example_dags/example_branch_labels.py
[2024-12-20T05:39:22.267+0000] {processor.py:914} INFO - Processing file /home/airflow/.local/lib/python3.12/site-packages/airflow/example_dags/example_branch_labels.py for tasks to queue
[2024-12-20T05:39:22.271+0000] {logging_mixin.py:190} INFO - [2024-12-20T05:39:22.270+0000] {dagbag.py:588} INFO - Filling up the DagBag from /home/airflow/.local/lib/python3.12/site-packages/airflow/example_dags/example_branch_labels.py
[2024-12-20T05:39:22.285+0000] {processor.py:925} INFO - DAG(s) 'example_branch_labels' retrieved from /home/airflow/.local/lib/python3.12/site-packages/airflow/example_dags/example_branch_labels.py
[2024-12-20T05:39:22.313+0000] {logging_mixin.py:190} INFO - [2024-12-20T05:39:22.312+0000] {dag.py:3239} INFO - Sync 1 DAGs
[2024-12-20T05:39:22.345+0000] {logging_mixin.py:190} INFO - [2024-12-20T05:39:22.344+0000] {dag.py:4180} INFO - Setting next_dagrun for example_branch_labels to 2024-12-19 00:00:00+00:00, run_after=2024-12-20 00:00:00+00:00
[2024-12-20T05:39:22.413+0000] {processor.py:208} INFO - Processing /home/airflow/.local/lib/python3.12/site-packages/airflow/example_dags/example_branch_labels.py took 0.156 seconds
[2024-12-20T05:39:54.375+0000] {processor.py:186} INFO - Started process (PID=13850) to work on /home/airflow/.local/lib/python3.12/site-packages/airflow/example_dags/example_branch_labels.py
[2024-12-20T05:39:54.377+0000] {processor.py:914} INFO - Processing file /home/airflow/.local/lib/python3.12/site-packages/airflow/example_dags/example_branch_labels.py for tasks to queue
[2024-12-20T05:39:54.385+0000] {logging_mixin.py:190} INFO - [2024-12-20T05:39:54.384+0000] {dagbag.py:588} INFO - Filling up the DagBag from /home/airflow/.local/lib/python3.12/site-packages/airflow/example_dags/example_branch_labels.py
[2024-12-20T05:39:54.410+0000] {processor.py:925} INFO - DAG(s) 'example_branch_labels' retrieved from /home/airflow/.local/lib/python3.12/site-packages/airflow/example_dags/example_branch_labels.py
[2024-12-20T05:39:54.453+0000] {logging_mixin.py:190} INFO - [2024-12-20T05:39:54.453+0000] {dag.py:3239} INFO - Sync 1 DAGs
[2024-12-20T05:39:54.504+0000] {logging_mixin.py:190} INFO - [2024-12-20T05:39:54.503+0000] {dag.py:4180} INFO - Setting next_dagrun for example_branch_labels to 2024-12-19 00:00:00+00:00, run_after=2024-12-20 00:00:00+00:00
[2024-12-20T05:39:54.578+0000] {processor.py:208} INFO - Processing /home/airflow/.local/lib/python3.12/site-packages/airflow/example_dags/example_branch_labels.py took 0.216 seconds
[2024-12-20T05:40:26.507+0000] {processor.py:186} INFO - Started process (PID=13916) to work on /home/airflow/.local/lib/python3.12/site-packages/airflow/example_dags/example_branch_labels.py
[2024-12-20T05:40:26.509+0000] {processor.py:914} INFO - Processing file /home/airflow/.local/lib/python3.12/site-packages/airflow/example_dags/example_branch_labels.py for tasks to queue
[2024-12-20T05:40:26.515+0000] {logging_mixin.py:190} INFO - [2024-12-20T05:40:26.514+0000] {dagbag.py:588} INFO - Filling up the DagBag from /home/airflow/.local/lib/python3.12/site-packages/airflow/example_dags/example_branch_labels.py
[2024-12-20T05:40:26.539+0000] {processor.py:925} INFO - DAG(s) 'example_branch_labels' retrieved from /home/airflow/.local/lib/python3.12/site-packages/airflow/example_dags/example_branch_labels.py
[2024-12-20T05:40:26.588+0000] {logging_mixin.py:190} INFO - [2024-12-20T05:40:26.587+0000] {dag.py:3239} INFO - Sync 1 DAGs
[2024-12-20T05:40:26.648+0000] {logging_mixin.py:190} INFO - [2024-12-20T05:40:26.648+0000] {dag.py:4180} INFO - Setting next_dagrun for example_branch_labels to 2024-12-19 00:00:00+00:00, run_after=2024-12-20 00:00:00+00:00
[2024-12-20T05:40:26.692+0000] {processor.py:208} INFO - Processing /home/airflow/.local/lib/python3.12/site-packages/airflow/example_dags/example_branch_labels.py took 0.199 seconds
[2024-12-20T05:40:59.711+0000] {processor.py:186} INFO - Started process (PID=13981) to work on /home/airflow/.local/lib/python3.12/site-packages/airflow/example_dags/example_branch_labels.py
[2024-12-20T05:40:59.714+0000] {processor.py:914} INFO - Processing file /home/airflow/.local/lib/python3.12/site-packages/airflow/example_dags/example_branch_labels.py for tasks to queue
[2024-12-20T05:40:59.721+0000] {logging_mixin.py:190} INFO - [2024-12-20T05:40:59.720+0000] {dagbag.py:588} INFO - Filling up the DagBag from /home/airflow/.local/lib/python3.12/site-packages/airflow/example_dags/example_branch_labels.py
[2024-12-20T05:40:59.757+0000] {processor.py:925} INFO - DAG(s) 'example_branch_labels' retrieved from /home/airflow/.local/lib/python3.12/site-packages/airflow/example_dags/example_branch_labels.py
[2024-12-20T05:40:59.826+0000] {logging_mixin.py:190} INFO - [2024-12-20T05:40:59.825+0000] {dag.py:3239} INFO - Sync 1 DAGs
[2024-12-20T05:40:59.924+0000] {logging_mixin.py:190} INFO - [2024-12-20T05:40:59.924+0000] {dag.py:4180} INFO - Setting next_dagrun for example_branch_labels to 2024-12-19 00:00:00+00:00, run_after=2024-12-20 00:00:00+00:00
[2024-12-20T05:40:59.980+0000] {processor.py:208} INFO - Processing /home/airflow/.local/lib/python3.12/site-packages/airflow/example_dags/example_branch_labels.py took 0.292 seconds
[2024-12-20T05:41:31.303+0000] {processor.py:186} INFO - Started process (PID=14046) to work on /home/airflow/.local/lib/python3.12/site-packages/airflow/example_dags/example_branch_labels.py
[2024-12-20T05:41:31.306+0000] {processor.py:914} INFO - Processing file /home/airflow/.local/lib/python3.12/site-packages/airflow/example_dags/example_branch_labels.py for tasks to queue
[2024-12-20T05:41:31.312+0000] {logging_mixin.py:190} INFO - [2024-12-20T05:41:31.311+0000] {dagbag.py:588} INFO - Filling up the DagBag from /home/airflow/.local/lib/python3.12/site-packages/airflow/example_dags/example_branch_labels.py
[2024-12-20T05:41:31.335+0000] {processor.py:925} INFO - DAG(s) 'example_branch_labels' retrieved from /home/airflow/.local/lib/python3.12/site-packages/airflow/example_dags/example_branch_labels.py
[2024-12-20T05:41:31.379+0000] {logging_mixin.py:190} INFO - [2024-12-20T05:41:31.378+0000] {dag.py:3239} INFO - Sync 1 DAGs
[2024-12-20T05:41:31.433+0000] {logging_mixin.py:190} INFO - [2024-12-20T05:41:31.432+0000] {dag.py:4180} INFO - Setting next_dagrun for example_branch_labels to 2024-12-19 00:00:00+00:00, run_after=2024-12-20 00:00:00+00:00
[2024-12-20T05:41:31.510+0000] {processor.py:208} INFO - Processing /home/airflow/.local/lib/python3.12/site-packages/airflow/example_dags/example_branch_labels.py took 0.222 seconds
[2024-12-20T05:42:02.248+0000] {processor.py:186} INFO - Started process (PID=14111) to work on /home/airflow/.local/lib/python3.12/site-packages/airflow/example_dags/example_branch_labels.py
[2024-12-20T05:42:02.251+0000] {processor.py:914} INFO - Processing file /home/airflow/.local/lib/python3.12/site-packages/airflow/example_dags/example_branch_labels.py for tasks to queue
[2024-12-20T05:42:02.258+0000] {logging_mixin.py:190} INFO - [2024-12-20T05:42:02.257+0000] {dagbag.py:588} INFO - Filling up the DagBag from /home/airflow/.local/lib/python3.12/site-packages/airflow/example_dags/example_branch_labels.py
[2024-12-20T05:42:02.282+0000] {processor.py:925} INFO - DAG(s) 'example_branch_labels' retrieved from /home/airflow/.local/lib/python3.12/site-packages/airflow/example_dags/example_branch_labels.py
[2024-12-20T05:42:02.330+0000] {logging_mixin.py:190} INFO - [2024-12-20T05:42:02.330+0000] {dag.py:3239} INFO - Sync 1 DAGs
[2024-12-20T05:42:02.393+0000] {logging_mixin.py:190} INFO - [2024-12-20T05:42:02.393+0000] {dag.py:4180} INFO - Setting next_dagrun for example_branch_labels to 2024-12-19 00:00:00+00:00, run_after=2024-12-20 00:00:00+00:00
[2024-12-20T05:42:02.434+0000] {processor.py:208} INFO - Processing /home/airflow/.local/lib/python3.12/site-packages/airflow/example_dags/example_branch_labels.py took 0.202 seconds
[2024-12-20T05:42:32.971+0000] {processor.py:186} INFO - Started process (PID=14177) to work on /home/airflow/.local/lib/python3.12/site-packages/airflow/example_dags/example_branch_labels.py
[2024-12-20T05:42:32.972+0000] {processor.py:914} INFO - Processing file /home/airflow/.local/lib/python3.12/site-packages/airflow/example_dags/example_branch_labels.py for tasks to queue
[2024-12-20T05:42:32.975+0000] {logging_mixin.py:190} INFO - [2024-12-20T05:42:32.975+0000] {dagbag.py:588} INFO - Filling up the DagBag from /home/airflow/.local/lib/python3.12/site-packages/airflow/example_dags/example_branch_labels.py
[2024-12-20T05:42:32.990+0000] {processor.py:925} INFO - DAG(s) 'example_branch_labels' retrieved from /home/airflow/.local/lib/python3.12/site-packages/airflow/example_dags/example_branch_labels.py
[2024-12-20T05:42:33.021+0000] {logging_mixin.py:190} INFO - [2024-12-20T05:42:33.021+0000] {dag.py:3239} INFO - Sync 1 DAGs
[2024-12-20T05:42:33.053+0000] {logging_mixin.py:190} INFO - [2024-12-20T05:42:33.052+0000] {dag.py:4180} INFO - Setting next_dagrun for example_branch_labels to 2024-12-19 00:00:00+00:00, run_after=2024-12-20 00:00:00+00:00
[2024-12-20T05:42:33.080+0000] {processor.py:208} INFO - Processing /home/airflow/.local/lib/python3.12/site-packages/airflow/example_dags/example_branch_labels.py took 0.117 seconds
[2024-12-20T05:43:05.746+0000] {processor.py:186} INFO - Started process (PID=14251) to work on /home/airflow/.local/lib/python3.12/site-packages/airflow/example_dags/example_branch_labels.py
[2024-12-20T05:43:05.753+0000] {processor.py:914} INFO - Processing file /home/airflow/.local/lib/python3.12/site-packages/airflow/example_dags/example_branch_labels.py for tasks to queue
[2024-12-20T05:43:05.771+0000] {logging_mixin.py:190} INFO - [2024-12-20T05:43:05.768+0000] {dagbag.py:588} INFO - Filling up the DagBag from /home/airflow/.local/lib/python3.12/site-packages/airflow/example_dags/example_branch_labels.py
[2024-12-20T05:43:05.823+0000] {processor.py:925} INFO - DAG(s) 'example_branch_labels' retrieved from /home/airflow/.local/lib/python3.12/site-packages/airflow/example_dags/example_branch_labels.py
[2024-12-20T05:43:05.961+0000] {logging_mixin.py:190} INFO - [2024-12-20T05:43:05.960+0000] {dag.py:3239} INFO - Sync 1 DAGs
[2024-12-20T05:43:06.069+0000] {logging_mixin.py:190} INFO - [2024-12-20T05:43:06.068+0000] {dag.py:4180} INFO - Setting next_dagrun for example_branch_labels to 2024-12-19 00:00:00+00:00, run_after=2024-12-20 00:00:00+00:00
[2024-12-20T05:43:06.138+0000] {processor.py:208} INFO - Processing /home/airflow/.local/lib/python3.12/site-packages/airflow/example_dags/example_branch_labels.py took 0.428 seconds
[2024-12-20T05:43:36.928+0000] {processor.py:186} INFO - Started process (PID=14316) to work on /home/airflow/.local/lib/python3.12/site-packages/airflow/example_dags/example_branch_labels.py
[2024-12-20T05:43:36.932+0000] {processor.py:914} INFO - Processing file /home/airflow/.local/lib/python3.12/site-packages/airflow/example_dags/example_branch_labels.py for tasks to queue
[2024-12-20T05:43:36.940+0000] {logging_mixin.py:190} INFO - [2024-12-20T05:43:36.939+0000] {dagbag.py:588} INFO - Filling up the DagBag from /home/airflow/.local/lib/python3.12/site-packages/airflow/example_dags/example_branch_labels.py
[2024-12-20T05:43:36.983+0000] {processor.py:925} INFO - DAG(s) 'example_branch_labels' retrieved from /home/airflow/.local/lib/python3.12/site-packages/airflow/example_dags/example_branch_labels.py
[2024-12-20T05:43:37.057+0000] {logging_mixin.py:190} INFO - [2024-12-20T05:43:37.057+0000] {dag.py:3239} INFO - Sync 1 DAGs
[2024-12-20T05:43:37.124+0000] {logging_mixin.py:190} INFO - [2024-12-20T05:43:37.123+0000] {dag.py:4180} INFO - Setting next_dagrun for example_branch_labels to 2024-12-19 00:00:00+00:00, run_after=2024-12-20 00:00:00+00:00
[2024-12-20T05:43:37.200+0000] {processor.py:208} INFO - Processing /home/airflow/.local/lib/python3.12/site-packages/airflow/example_dags/example_branch_labels.py took 0.297 seconds
[2024-12-20T05:44:07.686+0000] {processor.py:186} INFO - Started process (PID=14381) to work on /home/airflow/.local/lib/python3.12/site-packages/airflow/example_dags/example_branch_labels.py
[2024-12-20T05:44:07.687+0000] {processor.py:914} INFO - Processing file /home/airflow/.local/lib/python3.12/site-packages/airflow/example_dags/example_branch_labels.py for tasks to queue
[2024-12-20T05:44:07.693+0000] {logging_mixin.py:190} INFO - [2024-12-20T05:44:07.692+0000] {dagbag.py:588} INFO - Filling up the DagBag from /home/airflow/.local/lib/python3.12/site-packages/airflow/example_dags/example_branch_labels.py
[2024-12-20T05:44:07.716+0000] {processor.py:925} INFO - DAG(s) 'example_branch_labels' retrieved from /home/airflow/.local/lib/python3.12/site-packages/airflow/example_dags/example_branch_labels.py
[2024-12-20T05:44:07.763+0000] {logging_mixin.py:190} INFO - [2024-12-20T05:44:07.762+0000] {dag.py:3239} INFO - Sync 1 DAGs
[2024-12-20T05:44:07.822+0000] {logging_mixin.py:190} INFO - [2024-12-20T05:44:07.821+0000] {dag.py:4180} INFO - Setting next_dagrun for example_branch_labels to 2024-12-19 00:00:00+00:00, run_after=2024-12-20 00:00:00+00:00
[2024-12-20T05:44:07.864+0000] {processor.py:208} INFO - Processing /home/airflow/.local/lib/python3.12/site-packages/airflow/example_dags/example_branch_labels.py took 0.190 seconds
[2024-12-20T05:44:38.370+0000] {processor.py:186} INFO - Started process (PID=14446) to work on /home/airflow/.local/lib/python3.12/site-packages/airflow/example_dags/example_branch_labels.py
[2024-12-20T05:44:38.379+0000] {processor.py:914} INFO - Processing file /home/airflow/.local/lib/python3.12/site-packages/airflow/example_dags/example_branch_labels.py for tasks to queue
[2024-12-20T05:44:38.394+0000] {logging_mixin.py:190} INFO - [2024-12-20T05:44:38.392+0000] {dagbag.py:588} INFO - Filling up the DagBag from /home/airflow/.local/lib/python3.12/site-packages/airflow/example_dags/example_branch_labels.py
[2024-12-20T05:44:38.449+0000] {processor.py:925} INFO - DAG(s) 'example_branch_labels' retrieved from /home/airflow/.local/lib/python3.12/site-packages/airflow/example_dags/example_branch_labels.py
[2024-12-20T05:44:38.531+0000] {logging_mixin.py:190} INFO - [2024-12-20T05:44:38.530+0000] {dag.py:3239} INFO - Sync 1 DAGs
[2024-12-20T05:44:38.633+0000] {logging_mixin.py:190} INFO - [2024-12-20T05:44:38.632+0000] {dag.py:4180} INFO - Setting next_dagrun for example_branch_labels to 2024-12-19 00:00:00+00:00, run_after=2024-12-20 00:00:00+00:00
[2024-12-20T05:44:38.724+0000] {processor.py:208} INFO - Processing /home/airflow/.local/lib/python3.12/site-packages/airflow/example_dags/example_branch_labels.py took 0.397 seconds
[2024-12-20T05:45:09.281+0000] {processor.py:186} INFO - Started process (PID=14511) to work on /home/airflow/.local/lib/python3.12/site-packages/airflow/example_dags/example_branch_labels.py
[2024-12-20T05:45:09.283+0000] {processor.py:914} INFO - Processing file /home/airflow/.local/lib/python3.12/site-packages/airflow/example_dags/example_branch_labels.py for tasks to queue
[2024-12-20T05:45:09.287+0000] {logging_mixin.py:190} INFO - [2024-12-20T05:45:09.286+0000] {dagbag.py:588} INFO - Filling up the DagBag from /home/airflow/.local/lib/python3.12/site-packages/airflow/example_dags/example_branch_labels.py
[2024-12-20T05:45:09.305+0000] {processor.py:925} INFO - DAG(s) 'example_branch_labels' retrieved from /home/airflow/.local/lib/python3.12/site-packages/airflow/example_dags/example_branch_labels.py
[2024-12-20T05:45:09.338+0000] {logging_mixin.py:190} INFO - [2024-12-20T05:45:09.338+0000] {dag.py:3239} INFO - Sync 1 DAGs
[2024-12-20T05:45:09.385+0000] {logging_mixin.py:190} INFO - [2024-12-20T05:45:09.385+0000] {dag.py:4180} INFO - Setting next_dagrun for example_branch_labels to 2024-12-19 00:00:00+00:00, run_after=2024-12-20 00:00:00+00:00
[2024-12-20T05:45:09.460+0000] {processor.py:208} INFO - Processing /home/airflow/.local/lib/python3.12/site-packages/airflow/example_dags/example_branch_labels.py took 0.188 seconds
[2024-12-20T05:45:39.840+0000] {processor.py:186} INFO - Started process (PID=14576) to work on /home/airflow/.local/lib/python3.12/site-packages/airflow/example_dags/example_branch_labels.py
[2024-12-20T05:45:39.841+0000] {processor.py:914} INFO - Processing file /home/airflow/.local/lib/python3.12/site-packages/airflow/example_dags/example_branch_labels.py for tasks to queue
[2024-12-20T05:45:39.845+0000] {logging_mixin.py:190} INFO - [2024-12-20T05:45:39.845+0000] {dagbag.py:588} INFO - Filling up the DagBag from /home/airflow/.local/lib/python3.12/site-packages/airflow/example_dags/example_branch_labels.py
[2024-12-20T05:45:39.860+0000] {processor.py:925} INFO - DAG(s) 'example_branch_labels' retrieved from /home/airflow/.local/lib/python3.12/site-packages/airflow/example_dags/example_branch_labels.py
[2024-12-20T05:45:39.896+0000] {logging_mixin.py:190} INFO - [2024-12-20T05:45:39.895+0000] {dag.py:3239} INFO - Sync 1 DAGs
[2024-12-20T05:45:39.927+0000] {logging_mixin.py:190} INFO - [2024-12-20T05:45:39.927+0000] {dag.py:4180} INFO - Setting next_dagrun for example_branch_labels to 2024-12-19 00:00:00+00:00, run_after=2024-12-20 00:00:00+00:00
[2024-12-20T05:45:39.978+0000] {processor.py:208} INFO - Processing /home/airflow/.local/lib/python3.12/site-packages/airflow/example_dags/example_branch_labels.py took 0.148 seconds
[2024-12-20T05:46:12.421+0000] {processor.py:186} INFO - Started process (PID=14641) to work on /home/airflow/.local/lib/python3.12/site-packages/airflow/example_dags/example_branch_labels.py
[2024-12-20T05:46:12.425+0000] {processor.py:914} INFO - Processing file /home/airflow/.local/lib/python3.12/site-packages/airflow/example_dags/example_branch_labels.py for tasks to queue
[2024-12-20T05:46:12.432+0000] {logging_mixin.py:190} INFO - [2024-12-20T05:46:12.431+0000] {dagbag.py:588} INFO - Filling up the DagBag from /home/airflow/.local/lib/python3.12/site-packages/airflow/example_dags/example_branch_labels.py
[2024-12-20T05:46:12.461+0000] {processor.py:925} INFO - DAG(s) 'example_branch_labels' retrieved from /home/airflow/.local/lib/python3.12/site-packages/airflow/example_dags/example_branch_labels.py
[2024-12-20T05:46:12.516+0000] {logging_mixin.py:190} INFO - [2024-12-20T05:46:12.515+0000] {dag.py:3239} INFO - Sync 1 DAGs
[2024-12-20T05:46:12.635+0000] {logging_mixin.py:190} INFO - [2024-12-20T05:46:12.634+0000] {dag.py:4180} INFO - Setting next_dagrun for example_branch_labels to 2024-12-19 00:00:00+00:00, run_after=2024-12-20 00:00:00+00:00
[2024-12-20T05:46:12.756+0000] {processor.py:208} INFO - Processing /home/airflow/.local/lib/python3.12/site-packages/airflow/example_dags/example_branch_labels.py took 0.363 seconds
[2024-12-20T05:46:44.416+0000] {processor.py:186} INFO - Started process (PID=14706) to work on /home/airflow/.local/lib/python3.12/site-packages/airflow/example_dags/example_branch_labels.py
[2024-12-20T05:46:44.418+0000] {processor.py:914} INFO - Processing file /home/airflow/.local/lib/python3.12/site-packages/airflow/example_dags/example_branch_labels.py for tasks to queue
[2024-12-20T05:46:44.424+0000] {logging_mixin.py:190} INFO - [2024-12-20T05:46:44.423+0000] {dagbag.py:588} INFO - Filling up the DagBag from /home/airflow/.local/lib/python3.12/site-packages/airflow/example_dags/example_branch_labels.py
[2024-12-20T05:46:44.448+0000] {processor.py:925} INFO - DAG(s) 'example_branch_labels' retrieved from /home/airflow/.local/lib/python3.12/site-packages/airflow/example_dags/example_branch_labels.py
[2024-12-20T05:46:44.492+0000] {logging_mixin.py:190} INFO - [2024-12-20T05:46:44.492+0000] {dag.py:3239} INFO - Sync 1 DAGs
[2024-12-20T05:46:44.545+0000] {logging_mixin.py:190} INFO - [2024-12-20T05:46:44.545+0000] {dag.py:4180} INFO - Setting next_dagrun for example_branch_labels to 2024-12-19 00:00:00+00:00, run_after=2024-12-20 00:00:00+00:00
[2024-12-20T05:46:44.595+0000] {processor.py:208} INFO - Processing /home/airflow/.local/lib/python3.12/site-packages/airflow/example_dags/example_branch_labels.py took 0.192 seconds
[2024-12-20T05:47:16.149+0000] {processor.py:186} INFO - Started process (PID=14771) to work on /home/airflow/.local/lib/python3.12/site-packages/airflow/example_dags/example_branch_labels.py
[2024-12-20T05:47:16.152+0000] {processor.py:914} INFO - Processing file /home/airflow/.local/lib/python3.12/site-packages/airflow/example_dags/example_branch_labels.py for tasks to queue
[2024-12-20T05:47:16.161+0000] {logging_mixin.py:190} INFO - [2024-12-20T05:47:16.160+0000] {dagbag.py:588} INFO - Filling up the DagBag from /home/airflow/.local/lib/python3.12/site-packages/airflow/example_dags/example_branch_labels.py
[2024-12-20T05:47:16.208+0000] {processor.py:925} INFO - DAG(s) 'example_branch_labels' retrieved from /home/airflow/.local/lib/python3.12/site-packages/airflow/example_dags/example_branch_labels.py
[2024-12-20T05:47:16.284+0000] {logging_mixin.py:190} INFO - [2024-12-20T05:47:16.283+0000] {dag.py:3239} INFO - Sync 1 DAGs
[2024-12-20T05:47:16.380+0000] {logging_mixin.py:190} INFO - [2024-12-20T05:47:16.379+0000] {dag.py:4180} INFO - Setting next_dagrun for example_branch_labels to 2024-12-19 00:00:00+00:00, run_after=2024-12-20 00:00:00+00:00
[2024-12-20T05:47:16.486+0000] {processor.py:208} INFO - Processing /home/airflow/.local/lib/python3.12/site-packages/airflow/example_dags/example_branch_labels.py took 0.367 seconds
[2024-12-20T05:47:52.465+0000] {processor.py:186} INFO - Started process (PID=14842) to work on /home/airflow/.local/lib/python3.12/site-packages/airflow/example_dags/example_branch_labels.py
[2024-12-20T05:47:52.472+0000] {processor.py:914} INFO - Processing file /home/airflow/.local/lib/python3.12/site-packages/airflow/example_dags/example_branch_labels.py for tasks to queue
[2024-12-20T05:47:52.498+0000] {logging_mixin.py:190} INFO - [2024-12-20T05:47:52.496+0000] {dagbag.py:588} INFO - Filling up the DagBag from /home/airflow/.local/lib/python3.12/site-packages/airflow/example_dags/example_branch_labels.py
[2024-12-20T05:47:52.607+0000] {processor.py:925} INFO - DAG(s) 'example_branch_labels' retrieved from /home/airflow/.local/lib/python3.12/site-packages/airflow/example_dags/example_branch_labels.py
[2024-12-20T05:47:52.821+0000] {logging_mixin.py:190} INFO - [2024-12-20T05:47:52.811+0000] {dag.py:3239} INFO - Sync 1 DAGs
[2024-12-20T05:47:53.023+0000] {logging_mixin.py:190} INFO - [2024-12-20T05:47:53.022+0000] {dag.py:4180} INFO - Setting next_dagrun for example_branch_labels to 2024-12-19 00:00:00+00:00, run_after=2024-12-20 00:00:00+00:00
[2024-12-20T05:47:53.353+0000] {processor.py:208} INFO - Processing /home/airflow/.local/lib/python3.12/site-packages/airflow/example_dags/example_branch_labels.py took 0.943 seconds
[2024-12-20T05:48:36.451+0000] {processor.py:186} INFO - Started process (PID=14912) to work on /home/airflow/.local/lib/python3.12/site-packages/airflow/example_dags/example_branch_labels.py
[2024-12-20T05:48:36.463+0000] {processor.py:914} INFO - Processing file /home/airflow/.local/lib/python3.12/site-packages/airflow/example_dags/example_branch_labels.py for tasks to queue
[2024-12-20T05:48:36.538+0000] {logging_mixin.py:190} INFO - [2024-12-20T05:48:36.513+0000] {dagbag.py:588} INFO - Filling up the DagBag from /home/airflow/.local/lib/python3.12/site-packages/airflow/example_dags/example_branch_labels.py
[2024-12-20T05:48:36.920+0000] {processor.py:925} INFO - DAG(s) 'example_branch_labels' retrieved from /home/airflow/.local/lib/python3.12/site-packages/airflow/example_dags/example_branch_labels.py
[2024-12-20T05:48:37.403+0000] {logging_mixin.py:190} INFO - [2024-12-20T05:48:37.398+0000] {dag.py:3239} INFO - Sync 1 DAGs
[2024-12-20T05:48:37.878+0000] {logging_mixin.py:190} INFO - [2024-12-20T05:48:37.876+0000] {dag.py:4180} INFO - Setting next_dagrun for example_branch_labels to 2024-12-19 00:00:00+00:00, run_after=2024-12-20 00:00:00+00:00
