[2024-12-20T05:28:49.102+0000] {processor.py:186} INFO - Started process (PID=12517) to work on /home/airflow/.local/lib/python3.12/site-packages/airflow/example_dags/example_xcomargs.py
[2024-12-20T05:28:49.106+0000] {processor.py:914} INFO - Processing file /home/airflow/.local/lib/python3.12/site-packages/airflow/example_dags/example_xcomargs.py for tasks to queue
[2024-12-20T05:28:49.126+0000] {logging_mixin.py:190} INFO - [2024-12-20T05:28:49.124+0000] {dagbag.py:588} INFO - Filling up the DagBag from /home/airflow/.local/lib/python3.12/site-packages/airflow/example_dags/example_xcomargs.py
[2024-12-20T05:28:49.288+0000] {processor.py:925} INFO - DAG(s) 'example_xcom_args', 'example_xcom_args_with_operators' retrieved from /home/airflow/.local/lib/python3.12/site-packages/airflow/example_dags/example_xcomargs.py
[2024-12-20T05:28:49.466+0000] {logging_mixin.py:190} INFO - [2024-12-20T05:28:49.466+0000] {dag.py:3239} INFO - Sync 2 DAGs
[2024-12-20T05:28:49.653+0000] {logging_mixin.py:190} INFO - [2024-12-20T05:28:49.653+0000] {dag.py:4180} INFO - Setting next_dagrun for example_xcom_args to None, run_after=None
[2024-12-20T05:28:49.696+0000] {logging_mixin.py:190} INFO - [2024-12-20T05:28:49.695+0000] {dag.py:4180} INFO - Setting next_dagrun for example_xcom_args_with_operators to None, run_after=None
[2024-12-20T05:28:49.888+0000] {processor.py:208} INFO - Processing /home/airflow/.local/lib/python3.12/site-packages/airflow/example_dags/example_xcomargs.py took 0.865 seconds
[2024-12-20T05:29:24.072+0000] {processor.py:186} INFO - Started process (PID=12581) to work on /home/airflow/.local/lib/python3.12/site-packages/airflow/example_dags/example_xcomargs.py
[2024-12-20T05:29:24.075+0000] {processor.py:914} INFO - Processing file /home/airflow/.local/lib/python3.12/site-packages/airflow/example_dags/example_xcomargs.py for tasks to queue
[2024-12-20T05:29:24.083+0000] {logging_mixin.py:190} INFO - [2024-12-20T05:29:24.082+0000] {dagbag.py:588} INFO - Filling up the DagBag from /home/airflow/.local/lib/python3.12/site-packages/airflow/example_dags/example_xcomargs.py
[2024-12-20T05:29:24.125+0000] {processor.py:925} INFO - DAG(s) 'example_xcom_args_with_operators', 'example_xcom_args' retrieved from /home/airflow/.local/lib/python3.12/site-packages/airflow/example_dags/example_xcomargs.py
[2024-12-20T05:29:24.209+0000] {logging_mixin.py:190} INFO - [2024-12-20T05:29:24.208+0000] {dag.py:3239} INFO - Sync 2 DAGs
[2024-12-20T05:29:24.263+0000] {logging_mixin.py:190} INFO - [2024-12-20T05:29:24.263+0000] {dag.py:4180} INFO - Setting next_dagrun for example_xcom_args to None, run_after=None
[2024-12-20T05:29:24.278+0000] {logging_mixin.py:190} INFO - [2024-12-20T05:29:24.277+0000] {dag.py:4180} INFO - Setting next_dagrun for example_xcom_args_with_operators to None, run_after=None
[2024-12-20T05:29:24.345+0000] {processor.py:208} INFO - Processing /home/airflow/.local/lib/python3.12/site-packages/airflow/example_dags/example_xcomargs.py took 0.297 seconds
[2024-12-20T05:29:54.945+0000] {processor.py:186} INFO - Started process (PID=12647) to work on /home/airflow/.local/lib/python3.12/site-packages/airflow/example_dags/example_xcomargs.py
[2024-12-20T05:29:54.948+0000] {processor.py:914} INFO - Processing file /home/airflow/.local/lib/python3.12/site-packages/airflow/example_dags/example_xcomargs.py for tasks to queue
[2024-12-20T05:29:54.965+0000] {logging_mixin.py:190} INFO - [2024-12-20T05:29:54.963+0000] {dagbag.py:588} INFO - Filling up the DagBag from /home/airflow/.local/lib/python3.12/site-packages/airflow/example_dags/example_xcomargs.py
[2024-12-20T05:29:55.005+0000] {processor.py:925} INFO - DAG(s) 'example_xcom_args', 'example_xcom_args_with_operators' retrieved from /home/airflow/.local/lib/python3.12/site-packages/airflow/example_dags/example_xcomargs.py
[2024-12-20T05:29:55.084+0000] {logging_mixin.py:190} INFO - [2024-12-20T05:29:55.083+0000] {dag.py:3239} INFO - Sync 2 DAGs
[2024-12-20T05:29:55.133+0000] {logging_mixin.py:190} INFO - [2024-12-20T05:29:55.133+0000] {dag.py:4180} INFO - Setting next_dagrun for example_xcom_args to None, run_after=None
[2024-12-20T05:29:55.145+0000] {logging_mixin.py:190} INFO - [2024-12-20T05:29:55.144+0000] {dag.py:4180} INFO - Setting next_dagrun for example_xcom_args_with_operators to None, run_after=None
[2024-12-20T05:29:55.228+0000] {processor.py:208} INFO - Processing /home/airflow/.local/lib/python3.12/site-packages/airflow/example_dags/example_xcomargs.py took 0.303 seconds
[2024-12-20T05:30:25.874+0000] {processor.py:186} INFO - Started process (PID=12712) to work on /home/airflow/.local/lib/python3.12/site-packages/airflow/example_dags/example_xcomargs.py
[2024-12-20T05:30:25.876+0000] {processor.py:914} INFO - Processing file /home/airflow/.local/lib/python3.12/site-packages/airflow/example_dags/example_xcomargs.py for tasks to queue
[2024-12-20T05:30:25.883+0000] {logging_mixin.py:190} INFO - [2024-12-20T05:30:25.882+0000] {dagbag.py:588} INFO - Filling up the DagBag from /home/airflow/.local/lib/python3.12/site-packages/airflow/example_dags/example_xcomargs.py
[2024-12-20T05:30:25.916+0000] {processor.py:925} INFO - DAG(s) 'example_xcom_args', 'example_xcom_args_with_operators' retrieved from /home/airflow/.local/lib/python3.12/site-packages/airflow/example_dags/example_xcomargs.py
[2024-12-20T05:30:25.989+0000] {logging_mixin.py:190} INFO - [2024-12-20T05:30:25.988+0000] {dag.py:3239} INFO - Sync 2 DAGs
[2024-12-20T05:30:26.035+0000] {logging_mixin.py:190} INFO - [2024-12-20T05:30:26.035+0000] {dag.py:4180} INFO - Setting next_dagrun for example_xcom_args to None, run_after=None
[2024-12-20T05:30:26.045+0000] {logging_mixin.py:190} INFO - [2024-12-20T05:30:26.045+0000] {dag.py:4180} INFO - Setting next_dagrun for example_xcom_args_with_operators to None, run_after=None
[2024-12-20T05:30:26.123+0000] {processor.py:208} INFO - Processing /home/airflow/.local/lib/python3.12/site-packages/airflow/example_dags/example_xcomargs.py took 0.262 seconds
[2024-12-20T05:30:58.554+0000] {processor.py:186} INFO - Started process (PID=12779) to work on /home/airflow/.local/lib/python3.12/site-packages/airflow/example_dags/example_xcomargs.py
[2024-12-20T05:30:58.557+0000] {processor.py:914} INFO - Processing file /home/airflow/.local/lib/python3.12/site-packages/airflow/example_dags/example_xcomargs.py for tasks to queue
[2024-12-20T05:30:58.564+0000] {logging_mixin.py:190} INFO - [2024-12-20T05:30:58.563+0000] {dagbag.py:588} INFO - Filling up the DagBag from /home/airflow/.local/lib/python3.12/site-packages/airflow/example_dags/example_xcomargs.py
[2024-12-20T05:30:58.602+0000] {processor.py:925} INFO - DAG(s) 'example_xcom_args', 'example_xcom_args_with_operators' retrieved from /home/airflow/.local/lib/python3.12/site-packages/airflow/example_dags/example_xcomargs.py
[2024-12-20T05:30:58.673+0000] {logging_mixin.py:190} INFO - [2024-12-20T05:30:58.672+0000] {dag.py:3239} INFO - Sync 2 DAGs
[2024-12-20T05:30:58.715+0000] {logging_mixin.py:190} INFO - [2024-12-20T05:30:58.715+0000] {dag.py:4180} INFO - Setting next_dagrun for example_xcom_args to None, run_after=None
[2024-12-20T05:30:58.726+0000] {logging_mixin.py:190} INFO - [2024-12-20T05:30:58.726+0000] {dag.py:4180} INFO - Setting next_dagrun for example_xcom_args_with_operators to None, run_after=None
[2024-12-20T05:30:58.775+0000] {processor.py:208} INFO - Processing /home/airflow/.local/lib/python3.12/site-packages/airflow/example_dags/example_xcomargs.py took 0.238 seconds
[2024-12-20T05:31:34.193+0000] {processor.py:186} INFO - Started process (PID=12855) to work on /home/airflow/.local/lib/python3.12/site-packages/airflow/example_dags/example_xcomargs.py
[2024-12-20T05:31:34.197+0000] {processor.py:914} INFO - Processing file /home/airflow/.local/lib/python3.12/site-packages/airflow/example_dags/example_xcomargs.py for tasks to queue
[2024-12-20T05:31:34.207+0000] {logging_mixin.py:190} INFO - [2024-12-20T05:31:34.206+0000] {dagbag.py:588} INFO - Filling up the DagBag from /home/airflow/.local/lib/python3.12/site-packages/airflow/example_dags/example_xcomargs.py
[2024-12-20T05:31:34.278+0000] {processor.py:925} INFO - DAG(s) 'example_xcom_args_with_operators', 'example_xcom_args' retrieved from /home/airflow/.local/lib/python3.12/site-packages/airflow/example_dags/example_xcomargs.py
[2024-12-20T05:31:34.419+0000] {logging_mixin.py:190} INFO - [2024-12-20T05:31:34.417+0000] {dag.py:3239} INFO - Sync 2 DAGs
[2024-12-20T05:31:34.515+0000] {logging_mixin.py:190} INFO - [2024-12-20T05:31:34.514+0000] {dag.py:4180} INFO - Setting next_dagrun for example_xcom_args to None, run_after=None
[2024-12-20T05:31:34.532+0000] {logging_mixin.py:190} INFO - [2024-12-20T05:31:34.531+0000] {dag.py:4180} INFO - Setting next_dagrun for example_xcom_args_with_operators to None, run_after=None
[2024-12-20T05:31:34.602+0000] {processor.py:208} INFO - Processing /home/airflow/.local/lib/python3.12/site-packages/airflow/example_dags/example_xcomargs.py took 0.462 seconds
[2024-12-20T05:32:04.747+0000] {processor.py:186} INFO - Started process (PID=12920) to work on /home/airflow/.local/lib/python3.12/site-packages/airflow/example_dags/example_xcomargs.py
[2024-12-20T05:32:04.749+0000] {processor.py:914} INFO - Processing file /home/airflow/.local/lib/python3.12/site-packages/airflow/example_dags/example_xcomargs.py for tasks to queue
[2024-12-20T05:32:04.756+0000] {logging_mixin.py:190} INFO - [2024-12-20T05:32:04.755+0000] {dagbag.py:588} INFO - Filling up the DagBag from /home/airflow/.local/lib/python3.12/site-packages/airflow/example_dags/example_xcomargs.py
[2024-12-20T05:32:04.783+0000] {processor.py:925} INFO - DAG(s) 'example_xcom_args', 'example_xcom_args_with_operators' retrieved from /home/airflow/.local/lib/python3.12/site-packages/airflow/example_dags/example_xcomargs.py
[2024-12-20T05:32:04.845+0000] {logging_mixin.py:190} INFO - [2024-12-20T05:32:04.844+0000] {dag.py:3239} INFO - Sync 2 DAGs
[2024-12-20T05:32:04.880+0000] {logging_mixin.py:190} INFO - [2024-12-20T05:32:04.880+0000] {dag.py:4180} INFO - Setting next_dagrun for example_xcom_args to None, run_after=None
[2024-12-20T05:32:04.890+0000] {logging_mixin.py:190} INFO - [2024-12-20T05:32:04.890+0000] {dag.py:4180} INFO - Setting next_dagrun for example_xcom_args_with_operators to None, run_after=None
[2024-12-20T05:32:04.928+0000] {processor.py:208} INFO - Processing /home/airflow/.local/lib/python3.12/site-packages/airflow/example_dags/example_xcomargs.py took 0.195 seconds
[2024-12-20T05:32:38.775+0000] {processor.py:186} INFO - Started process (PID=12985) to work on /home/airflow/.local/lib/python3.12/site-packages/airflow/example_dags/example_xcomargs.py
[2024-12-20T05:32:38.790+0000] {processor.py:914} INFO - Processing file /home/airflow/.local/lib/python3.12/site-packages/airflow/example_dags/example_xcomargs.py for tasks to queue
[2024-12-20T05:32:38.806+0000] {logging_mixin.py:190} INFO - [2024-12-20T05:32:38.804+0000] {dagbag.py:588} INFO - Filling up the DagBag from /home/airflow/.local/lib/python3.12/site-packages/airflow/example_dags/example_xcomargs.py
[2024-12-20T05:32:38.914+0000] {processor.py:925} INFO - DAG(s) 'example_xcom_args_with_operators', 'example_xcom_args' retrieved from /home/airflow/.local/lib/python3.12/site-packages/airflow/example_dags/example_xcomargs.py
[2024-12-20T05:32:39.047+0000] {logging_mixin.py:190} INFO - [2024-12-20T05:32:39.046+0000] {dag.py:3239} INFO - Sync 2 DAGs
[2024-12-20T05:32:39.125+0000] {logging_mixin.py:190} INFO - [2024-12-20T05:32:39.124+0000] {dag.py:4180} INFO - Setting next_dagrun for example_xcom_args to None, run_after=None
[2024-12-20T05:32:39.145+0000] {logging_mixin.py:190} INFO - [2024-12-20T05:32:39.144+0000] {dag.py:4180} INFO - Setting next_dagrun for example_xcom_args_with_operators to None, run_after=None
[2024-12-20T05:32:39.257+0000] {processor.py:208} INFO - Processing /home/airflow/.local/lib/python3.12/site-packages/airflow/example_dags/example_xcomargs.py took 0.541 seconds
[2024-12-20T05:33:10.531+0000] {processor.py:186} INFO - Started process (PID=13050) to work on /home/airflow/.local/lib/python3.12/site-packages/airflow/example_dags/example_xcomargs.py
[2024-12-20T05:33:10.535+0000] {processor.py:914} INFO - Processing file /home/airflow/.local/lib/python3.12/site-packages/airflow/example_dags/example_xcomargs.py for tasks to queue
[2024-12-20T05:33:10.545+0000] {logging_mixin.py:190} INFO - [2024-12-20T05:33:10.544+0000] {dagbag.py:588} INFO - Filling up the DagBag from /home/airflow/.local/lib/python3.12/site-packages/airflow/example_dags/example_xcomargs.py
[2024-12-20T05:33:10.585+0000] {processor.py:925} INFO - DAG(s) 'example_xcom_args', 'example_xcom_args_with_operators' retrieved from /home/airflow/.local/lib/python3.12/site-packages/airflow/example_dags/example_xcomargs.py
[2024-12-20T05:33:10.675+0000] {logging_mixin.py:190} INFO - [2024-12-20T05:33:10.674+0000] {dag.py:3239} INFO - Sync 2 DAGs
[2024-12-20T05:33:10.735+0000] {logging_mixin.py:190} INFO - [2024-12-20T05:33:10.734+0000] {dag.py:4180} INFO - Setting next_dagrun for example_xcom_args to None, run_after=None
[2024-12-20T05:33:10.762+0000] {logging_mixin.py:190} INFO - [2024-12-20T05:33:10.761+0000] {dag.py:4180} INFO - Setting next_dagrun for example_xcom_args_with_operators to None, run_after=None
[2024-12-20T05:33:10.849+0000] {processor.py:208} INFO - Processing /home/airflow/.local/lib/python3.12/site-packages/airflow/example_dags/example_xcomargs.py took 0.350 seconds
[2024-12-20T05:33:41.283+0000] {processor.py:186} INFO - Started process (PID=13114) to work on /home/airflow/.local/lib/python3.12/site-packages/airflow/example_dags/example_xcomargs.py
[2024-12-20T05:33:41.285+0000] {processor.py:914} INFO - Processing file /home/airflow/.local/lib/python3.12/site-packages/airflow/example_dags/example_xcomargs.py for tasks to queue
[2024-12-20T05:33:41.289+0000] {logging_mixin.py:190} INFO - [2024-12-20T05:33:41.289+0000] {dagbag.py:588} INFO - Filling up the DagBag from /home/airflow/.local/lib/python3.12/site-packages/airflow/example_dags/example_xcomargs.py
[2024-12-20T05:33:41.309+0000] {processor.py:925} INFO - DAG(s) 'example_xcom_args', 'example_xcom_args_with_operators' retrieved from /home/airflow/.local/lib/python3.12/site-packages/airflow/example_dags/example_xcomargs.py
[2024-12-20T05:33:41.348+0000] {logging_mixin.py:190} INFO - [2024-12-20T05:33:41.348+0000] {dag.py:3239} INFO - Sync 2 DAGs
[2024-12-20T05:33:41.373+0000] {logging_mixin.py:190} INFO - [2024-12-20T05:33:41.373+0000] {dag.py:4180} INFO - Setting next_dagrun for example_xcom_args to None, run_after=None
[2024-12-20T05:33:41.380+0000] {logging_mixin.py:190} INFO - [2024-12-20T05:33:41.380+0000] {dag.py:4180} INFO - Setting next_dagrun for example_xcom_args_with_operators to None, run_after=None
[2024-12-20T05:33:41.408+0000] {processor.py:208} INFO - Processing /home/airflow/.local/lib/python3.12/site-packages/airflow/example_dags/example_xcomargs.py took 0.141 seconds
[2024-12-20T05:34:17.401+0000] {processor.py:186} INFO - Started process (PID=13180) to work on /home/airflow/.local/lib/python3.12/site-packages/airflow/example_dags/example_xcomargs.py
[2024-12-20T05:34:17.404+0000] {processor.py:914} INFO - Processing file /home/airflow/.local/lib/python3.12/site-packages/airflow/example_dags/example_xcomargs.py for tasks to queue
[2024-12-20T05:34:17.413+0000] {logging_mixin.py:190} INFO - [2024-12-20T05:34:17.412+0000] {dagbag.py:588} INFO - Filling up the DagBag from /home/airflow/.local/lib/python3.12/site-packages/airflow/example_dags/example_xcomargs.py
[2024-12-20T05:34:17.467+0000] {processor.py:925} INFO - DAG(s) 'example_xcom_args', 'example_xcom_args_with_operators' retrieved from /home/airflow/.local/lib/python3.12/site-packages/airflow/example_dags/example_xcomargs.py
[2024-12-20T05:34:17.537+0000] {logging_mixin.py:190} INFO - [2024-12-20T05:34:17.536+0000] {dag.py:3239} INFO - Sync 2 DAGs
[2024-12-20T05:34:17.578+0000] {logging_mixin.py:190} INFO - [2024-12-20T05:34:17.577+0000] {dag.py:4180} INFO - Setting next_dagrun for example_xcom_args to None, run_after=None
[2024-12-20T05:34:17.589+0000] {logging_mixin.py:190} INFO - [2024-12-20T05:34:17.589+0000] {dag.py:4180} INFO - Setting next_dagrun for example_xcom_args_with_operators to None, run_after=None
[2024-12-20T05:34:17.635+0000] {processor.py:208} INFO - Processing /home/airflow/.local/lib/python3.12/site-packages/airflow/example_dags/example_xcomargs.py took 0.252 seconds
[2024-12-20T05:34:48.660+0000] {processor.py:186} INFO - Started process (PID=13245) to work on /home/airflow/.local/lib/python3.12/site-packages/airflow/example_dags/example_xcomargs.py
[2024-12-20T05:34:48.663+0000] {processor.py:914} INFO - Processing file /home/airflow/.local/lib/python3.12/site-packages/airflow/example_dags/example_xcomargs.py for tasks to queue
[2024-12-20T05:34:48.672+0000] {logging_mixin.py:190} INFO - [2024-12-20T05:34:48.671+0000] {dagbag.py:588} INFO - Filling up the DagBag from /home/airflow/.local/lib/python3.12/site-packages/airflow/example_dags/example_xcomargs.py
[2024-12-20T05:34:48.705+0000] {processor.py:925} INFO - DAG(s) 'example_xcom_args_with_operators', 'example_xcom_args' retrieved from /home/airflow/.local/lib/python3.12/site-packages/airflow/example_dags/example_xcomargs.py
[2024-12-20T05:34:48.771+0000] {logging_mixin.py:190} INFO - [2024-12-20T05:34:48.770+0000] {dag.py:3239} INFO - Sync 2 DAGs
[2024-12-20T05:34:48.814+0000] {logging_mixin.py:190} INFO - [2024-12-20T05:34:48.813+0000] {dag.py:4180} INFO - Setting next_dagrun for example_xcom_args to None, run_after=None
[2024-12-20T05:34:48.825+0000] {logging_mixin.py:190} INFO - [2024-12-20T05:34:48.825+0000] {dag.py:4180} INFO - Setting next_dagrun for example_xcom_args_with_operators to None, run_after=None
[2024-12-20T05:34:48.871+0000] {processor.py:208} INFO - Processing /home/airflow/.local/lib/python3.12/site-packages/airflow/example_dags/example_xcomargs.py took 0.234 seconds
[2024-12-20T05:35:21.683+0000] {processor.py:186} INFO - Started process (PID=13310) to work on /home/airflow/.local/lib/python3.12/site-packages/airflow/example_dags/example_xcomargs.py
[2024-12-20T05:35:21.690+0000] {processor.py:914} INFO - Processing file /home/airflow/.local/lib/python3.12/site-packages/airflow/example_dags/example_xcomargs.py for tasks to queue
[2024-12-20T05:35:21.703+0000] {logging_mixin.py:190} INFO - [2024-12-20T05:35:21.701+0000] {dagbag.py:588} INFO - Filling up the DagBag from /home/airflow/.local/lib/python3.12/site-packages/airflow/example_dags/example_xcomargs.py
[2024-12-20T05:35:21.753+0000] {processor.py:925} INFO - DAG(s) 'example_xcom_args_with_operators', 'example_xcom_args' retrieved from /home/airflow/.local/lib/python3.12/site-packages/airflow/example_dags/example_xcomargs.py
[2024-12-20T05:35:21.843+0000] {logging_mixin.py:190} INFO - [2024-12-20T05:35:21.842+0000] {dag.py:3239} INFO - Sync 2 DAGs
[2024-12-20T05:35:21.945+0000] {logging_mixin.py:190} INFO - [2024-12-20T05:35:21.940+0000] {dag.py:4180} INFO - Setting next_dagrun for example_xcom_args to None, run_after=None
[2024-12-20T05:35:21.977+0000] {logging_mixin.py:190} INFO - [2024-12-20T05:35:21.976+0000] {dag.py:4180} INFO - Setting next_dagrun for example_xcom_args_with_operators to None, run_after=None
[2024-12-20T05:35:22.087+0000] {processor.py:208} INFO - Processing /home/airflow/.local/lib/python3.12/site-packages/airflow/example_dags/example_xcomargs.py took 0.435 seconds
[2024-12-20T05:35:54.129+0000] {processor.py:186} INFO - Started process (PID=13375) to work on /home/airflow/.local/lib/python3.12/site-packages/airflow/example_dags/example_xcomargs.py
[2024-12-20T05:35:54.132+0000] {processor.py:914} INFO - Processing file /home/airflow/.local/lib/python3.12/site-packages/airflow/example_dags/example_xcomargs.py for tasks to queue
[2024-12-20T05:35:54.139+0000] {logging_mixin.py:190} INFO - [2024-12-20T05:35:54.138+0000] {dagbag.py:588} INFO - Filling up the DagBag from /home/airflow/.local/lib/python3.12/site-packages/airflow/example_dags/example_xcomargs.py
[2024-12-20T05:35:54.175+0000] {processor.py:925} INFO - DAG(s) 'example_xcom_args_with_operators', 'example_xcom_args' retrieved from /home/airflow/.local/lib/python3.12/site-packages/airflow/example_dags/example_xcomargs.py
[2024-12-20T05:35:54.242+0000] {logging_mixin.py:190} INFO - [2024-12-20T05:35:54.241+0000] {dag.py:3239} INFO - Sync 2 DAGs
[2024-12-20T05:35:54.292+0000] {logging_mixin.py:190} INFO - [2024-12-20T05:35:54.291+0000] {dag.py:4180} INFO - Setting next_dagrun for example_xcom_args to None, run_after=None
[2024-12-20T05:35:54.302+0000] {logging_mixin.py:190} INFO - [2024-12-20T05:35:54.302+0000] {dag.py:4180} INFO - Setting next_dagrun for example_xcom_args_with_operators to None, run_after=None
[2024-12-20T05:35:54.386+0000] {processor.py:208} INFO - Processing /home/airflow/.local/lib/python3.12/site-packages/airflow/example_dags/example_xcomargs.py took 0.274 seconds
[2024-12-20T05:36:30.016+0000] {processor.py:186} INFO - Started process (PID=13441) to work on /home/airflow/.local/lib/python3.12/site-packages/airflow/example_dags/example_xcomargs.py
[2024-12-20T05:36:30.020+0000] {processor.py:914} INFO - Processing file /home/airflow/.local/lib/python3.12/site-packages/airflow/example_dags/example_xcomargs.py for tasks to queue
[2024-12-20T05:36:30.029+0000] {logging_mixin.py:190} INFO - [2024-12-20T05:36:30.028+0000] {dagbag.py:588} INFO - Filling up the DagBag from /home/airflow/.local/lib/python3.12/site-packages/airflow/example_dags/example_xcomargs.py
[2024-12-20T05:36:30.084+0000] {processor.py:925} INFO - DAG(s) 'example_xcom_args_with_operators', 'example_xcom_args' retrieved from /home/airflow/.local/lib/python3.12/site-packages/airflow/example_dags/example_xcomargs.py
[2024-12-20T05:36:30.164+0000] {logging_mixin.py:190} INFO - [2024-12-20T05:36:30.162+0000] {dag.py:3239} INFO - Sync 2 DAGs
[2024-12-20T05:36:30.267+0000] {logging_mixin.py:190} INFO - [2024-12-20T05:36:30.266+0000] {dag.py:4180} INFO - Setting next_dagrun for example_xcom_args to None, run_after=None
[2024-12-20T05:36:30.279+0000] {logging_mixin.py:190} INFO - [2024-12-20T05:36:30.279+0000] {dag.py:4180} INFO - Setting next_dagrun for example_xcom_args_with_operators to None, run_after=None
[2024-12-20T05:36:30.369+0000] {processor.py:208} INFO - Processing /home/airflow/.local/lib/python3.12/site-packages/airflow/example_dags/example_xcomargs.py took 0.378 seconds
[2024-12-20T05:37:01.085+0000] {processor.py:186} INFO - Started process (PID=13506) to work on /home/airflow/.local/lib/python3.12/site-packages/airflow/example_dags/example_xcomargs.py
[2024-12-20T05:37:01.087+0000] {processor.py:914} INFO - Processing file /home/airflow/.local/lib/python3.12/site-packages/airflow/example_dags/example_xcomargs.py for tasks to queue
[2024-12-20T05:37:01.094+0000] {logging_mixin.py:190} INFO - [2024-12-20T05:37:01.093+0000] {dagbag.py:588} INFO - Filling up the DagBag from /home/airflow/.local/lib/python3.12/site-packages/airflow/example_dags/example_xcomargs.py
[2024-12-20T05:37:01.128+0000] {processor.py:925} INFO - DAG(s) 'example_xcom_args_with_operators', 'example_xcom_args' retrieved from /home/airflow/.local/lib/python3.12/site-packages/airflow/example_dags/example_xcomargs.py
[2024-12-20T05:37:01.216+0000] {logging_mixin.py:190} INFO - [2024-12-20T05:37:01.215+0000] {dag.py:3239} INFO - Sync 2 DAGs
[2024-12-20T05:37:01.289+0000] {logging_mixin.py:190} INFO - [2024-12-20T05:37:01.288+0000] {dag.py:4180} INFO - Setting next_dagrun for example_xcom_args to None, run_after=None
[2024-12-20T05:37:01.306+0000] {logging_mixin.py:190} INFO - [2024-12-20T05:37:01.306+0000] {dag.py:4180} INFO - Setting next_dagrun for example_xcom_args_with_operators to None, run_after=None
[2024-12-20T05:37:01.369+0000] {processor.py:208} INFO - Processing /home/airflow/.local/lib/python3.12/site-packages/airflow/example_dags/example_xcomargs.py took 0.301 seconds
[2024-12-20T05:37:31.822+0000] {processor.py:186} INFO - Started process (PID=13571) to work on /home/airflow/.local/lib/python3.12/site-packages/airflow/example_dags/example_xcomargs.py
[2024-12-20T05:37:31.825+0000] {processor.py:914} INFO - Processing file /home/airflow/.local/lib/python3.12/site-packages/airflow/example_dags/example_xcomargs.py for tasks to queue
[2024-12-20T05:37:31.835+0000] {logging_mixin.py:190} INFO - [2024-12-20T05:37:31.834+0000] {dagbag.py:588} INFO - Filling up the DagBag from /home/airflow/.local/lib/python3.12/site-packages/airflow/example_dags/example_xcomargs.py
[2024-12-20T05:37:31.880+0000] {processor.py:925} INFO - DAG(s) 'example_xcom_args', 'example_xcom_args_with_operators' retrieved from /home/airflow/.local/lib/python3.12/site-packages/airflow/example_dags/example_xcomargs.py
[2024-12-20T05:37:31.969+0000] {logging_mixin.py:190} INFO - [2024-12-20T05:37:31.968+0000] {dag.py:3239} INFO - Sync 2 DAGs
[2024-12-20T05:37:32.040+0000] {logging_mixin.py:190} INFO - [2024-12-20T05:37:32.039+0000] {dag.py:4180} INFO - Setting next_dagrun for example_xcom_args to None, run_after=None
[2024-12-20T05:37:32.058+0000] {logging_mixin.py:190} INFO - [2024-12-20T05:37:32.057+0000] {dag.py:4180} INFO - Setting next_dagrun for example_xcom_args_with_operators to None, run_after=None
[2024-12-20T05:37:32.126+0000] {processor.py:208} INFO - Processing /home/airflow/.local/lib/python3.12/site-packages/airflow/example_dags/example_xcomargs.py took 0.325 seconds
[2024-12-20T05:38:02.291+0000] {processor.py:186} INFO - Started process (PID=13636) to work on /home/airflow/.local/lib/python3.12/site-packages/airflow/example_dags/example_xcomargs.py
[2024-12-20T05:38:02.293+0000] {processor.py:914} INFO - Processing file /home/airflow/.local/lib/python3.12/site-packages/airflow/example_dags/example_xcomargs.py for tasks to queue
[2024-12-20T05:38:02.299+0000] {logging_mixin.py:190} INFO - [2024-12-20T05:38:02.298+0000] {dagbag.py:588} INFO - Filling up the DagBag from /home/airflow/.local/lib/python3.12/site-packages/airflow/example_dags/example_xcomargs.py
[2024-12-20T05:38:02.321+0000] {processor.py:925} INFO - DAG(s) 'example_xcom_args', 'example_xcom_args_with_operators' retrieved from /home/airflow/.local/lib/python3.12/site-packages/airflow/example_dags/example_xcomargs.py
[2024-12-20T05:38:02.370+0000] {logging_mixin.py:190} INFO - [2024-12-20T05:38:02.370+0000] {dag.py:3239} INFO - Sync 2 DAGs
[2024-12-20T05:38:02.404+0000] {logging_mixin.py:190} INFO - [2024-12-20T05:38:02.404+0000] {dag.py:4180} INFO - Setting next_dagrun for example_xcom_args to None, run_after=None
[2024-12-20T05:38:02.413+0000] {logging_mixin.py:190} INFO - [2024-12-20T05:38:02.412+0000] {dag.py:4180} INFO - Setting next_dagrun for example_xcom_args_with_operators to None, run_after=None
[2024-12-20T05:38:02.481+0000] {processor.py:208} INFO - Processing /home/airflow/.local/lib/python3.12/site-packages/airflow/example_dags/example_xcomargs.py took 0.205 seconds
[2024-12-20T05:38:34.138+0000] {processor.py:186} INFO - Started process (PID=13707) to work on /home/airflow/.local/lib/python3.12/site-packages/airflow/example_dags/example_xcomargs.py
[2024-12-20T05:38:34.140+0000] {processor.py:914} INFO - Processing file /home/airflow/.local/lib/python3.12/site-packages/airflow/example_dags/example_xcomargs.py for tasks to queue
[2024-12-20T05:38:34.146+0000] {logging_mixin.py:190} INFO - [2024-12-20T05:38:34.145+0000] {dagbag.py:588} INFO - Filling up the DagBag from /home/airflow/.local/lib/python3.12/site-packages/airflow/example_dags/example_xcomargs.py
[2024-12-20T05:38:34.170+0000] {processor.py:925} INFO - DAG(s) 'example_xcom_args_with_operators', 'example_xcom_args' retrieved from /home/airflow/.local/lib/python3.12/site-packages/airflow/example_dags/example_xcomargs.py
[2024-12-20T05:38:34.214+0000] {logging_mixin.py:190} INFO - [2024-12-20T05:38:34.214+0000] {dag.py:3239} INFO - Sync 2 DAGs
[2024-12-20T05:38:34.246+0000] {logging_mixin.py:190} INFO - [2024-12-20T05:38:34.245+0000] {dag.py:4180} INFO - Setting next_dagrun for example_xcom_args to None, run_after=None
[2024-12-20T05:38:34.255+0000] {logging_mixin.py:190} INFO - [2024-12-20T05:38:34.254+0000] {dag.py:4180} INFO - Setting next_dagrun for example_xcom_args_with_operators to None, run_after=None
[2024-12-20T05:38:34.324+0000] {processor.py:208} INFO - Processing /home/airflow/.local/lib/python3.12/site-packages/airflow/example_dags/example_xcomargs.py took 0.200 seconds
[2024-12-20T05:39:06.034+0000] {processor.py:186} INFO - Started process (PID=13772) to work on /home/airflow/.local/lib/python3.12/site-packages/airflow/example_dags/example_xcomargs.py
[2024-12-20T05:39:06.037+0000] {processor.py:914} INFO - Processing file /home/airflow/.local/lib/python3.12/site-packages/airflow/example_dags/example_xcomargs.py for tasks to queue
[2024-12-20T05:39:06.047+0000] {logging_mixin.py:190} INFO - [2024-12-20T05:39:06.045+0000] {dagbag.py:588} INFO - Filling up the DagBag from /home/airflow/.local/lib/python3.12/site-packages/airflow/example_dags/example_xcomargs.py
[2024-12-20T05:39:06.090+0000] {processor.py:925} INFO - DAG(s) 'example_xcom_args_with_operators', 'example_xcom_args' retrieved from /home/airflow/.local/lib/python3.12/site-packages/airflow/example_dags/example_xcomargs.py
[2024-12-20T05:39:06.161+0000] {logging_mixin.py:190} INFO - [2024-12-20T05:39:06.160+0000] {dag.py:3239} INFO - Sync 2 DAGs
[2024-12-20T05:39:06.215+0000] {logging_mixin.py:190} INFO - [2024-12-20T05:39:06.214+0000] {dag.py:4180} INFO - Setting next_dagrun for example_xcom_args to None, run_after=None
[2024-12-20T05:39:06.224+0000] {logging_mixin.py:190} INFO - [2024-12-20T05:39:06.224+0000] {dag.py:4180} INFO - Setting next_dagrun for example_xcom_args_with_operators to None, run_after=None
[2024-12-20T05:39:06.270+0000] {processor.py:208} INFO - Processing /home/airflow/.local/lib/python3.12/site-packages/airflow/example_dags/example_xcomargs.py took 0.258 seconds
[2024-12-20T05:39:37.713+0000] {processor.py:186} INFO - Started process (PID=13837) to work on /home/airflow/.local/lib/python3.12/site-packages/airflow/example_dags/example_xcomargs.py
[2024-12-20T05:39:37.716+0000] {processor.py:914} INFO - Processing file /home/airflow/.local/lib/python3.12/site-packages/airflow/example_dags/example_xcomargs.py for tasks to queue
[2024-12-20T05:39:37.722+0000] {logging_mixin.py:190} INFO - [2024-12-20T05:39:37.721+0000] {dagbag.py:588} INFO - Filling up the DagBag from /home/airflow/.local/lib/python3.12/site-packages/airflow/example_dags/example_xcomargs.py
[2024-12-20T05:39:37.752+0000] {processor.py:925} INFO - DAG(s) 'example_xcom_args', 'example_xcom_args_with_operators' retrieved from /home/airflow/.local/lib/python3.12/site-packages/airflow/example_dags/example_xcomargs.py
[2024-12-20T05:39:37.813+0000] {logging_mixin.py:190} INFO - [2024-12-20T05:39:37.813+0000] {dag.py:3239} INFO - Sync 2 DAGs
[2024-12-20T05:39:37.856+0000] {logging_mixin.py:190} INFO - [2024-12-20T05:39:37.855+0000] {dag.py:4180} INFO - Setting next_dagrun for example_xcom_args to None, run_after=None
[2024-12-20T05:39:37.865+0000] {logging_mixin.py:190} INFO - [2024-12-20T05:39:37.865+0000] {dag.py:4180} INFO - Setting next_dagrun for example_xcom_args_with_operators to None, run_after=None
[2024-12-20T05:39:37.925+0000] {processor.py:208} INFO - Processing /home/airflow/.local/lib/python3.12/site-packages/airflow/example_dags/example_xcomargs.py took 0.230 seconds
[2024-12-20T05:40:08.964+0000] {processor.py:186} INFO - Started process (PID=13902) to work on /home/airflow/.local/lib/python3.12/site-packages/airflow/example_dags/example_xcomargs.py
[2024-12-20T05:40:08.966+0000] {processor.py:914} INFO - Processing file /home/airflow/.local/lib/python3.12/site-packages/airflow/example_dags/example_xcomargs.py for tasks to queue
[2024-12-20T05:40:08.973+0000] {logging_mixin.py:190} INFO - [2024-12-20T05:40:08.972+0000] {dagbag.py:588} INFO - Filling up the DagBag from /home/airflow/.local/lib/python3.12/site-packages/airflow/example_dags/example_xcomargs.py
[2024-12-20T05:40:09.001+0000] {processor.py:925} INFO - DAG(s) 'example_xcom_args_with_operators', 'example_xcom_args' retrieved from /home/airflow/.local/lib/python3.12/site-packages/airflow/example_dags/example_xcomargs.py
[2024-12-20T05:40:09.070+0000] {logging_mixin.py:190} INFO - [2024-12-20T05:40:09.069+0000] {dag.py:3239} INFO - Sync 2 DAGs
[2024-12-20T05:40:09.116+0000] {logging_mixin.py:190} INFO - [2024-12-20T05:40:09.116+0000] {dag.py:4180} INFO - Setting next_dagrun for example_xcom_args to None, run_after=None
[2024-12-20T05:40:09.126+0000] {logging_mixin.py:190} INFO - [2024-12-20T05:40:09.125+0000] {dag.py:4180} INFO - Setting next_dagrun for example_xcom_args_with_operators to None, run_after=None
[2024-12-20T05:40:09.171+0000] {processor.py:208} INFO - Processing /home/airflow/.local/lib/python3.12/site-packages/airflow/example_dags/example_xcomargs.py took 0.224 seconds
[2024-12-20T05:40:39.503+0000] {processor.py:186} INFO - Started process (PID=13967) to work on /home/airflow/.local/lib/python3.12/site-packages/airflow/example_dags/example_xcomargs.py
[2024-12-20T05:40:39.505+0000] {processor.py:914} INFO - Processing file /home/airflow/.local/lib/python3.12/site-packages/airflow/example_dags/example_xcomargs.py for tasks to queue
[2024-12-20T05:40:39.509+0000] {logging_mixin.py:190} INFO - [2024-12-20T05:40:39.509+0000] {dagbag.py:588} INFO - Filling up the DagBag from /home/airflow/.local/lib/python3.12/site-packages/airflow/example_dags/example_xcomargs.py
[2024-12-20T05:40:39.528+0000] {processor.py:925} INFO - DAG(s) 'example_xcom_args_with_operators', 'example_xcom_args' retrieved from /home/airflow/.local/lib/python3.12/site-packages/airflow/example_dags/example_xcomargs.py
[2024-12-20T05:40:39.569+0000] {logging_mixin.py:190} INFO - [2024-12-20T05:40:39.568+0000] {dag.py:3239} INFO - Sync 2 DAGs
[2024-12-20T05:40:39.601+0000] {logging_mixin.py:190} INFO - [2024-12-20T05:40:39.601+0000] {dag.py:4180} INFO - Setting next_dagrun for example_xcom_args to None, run_after=None
[2024-12-20T05:40:39.608+0000] {logging_mixin.py:190} INFO - [2024-12-20T05:40:39.608+0000] {dag.py:4180} INFO - Setting next_dagrun for example_xcom_args_with_operators to None, run_after=None
[2024-12-20T05:40:39.677+0000] {processor.py:208} INFO - Processing /home/airflow/.local/lib/python3.12/site-packages/airflow/example_dags/example_xcomargs.py took 0.185 seconds
[2024-12-20T05:41:10.605+0000] {processor.py:186} INFO - Started process (PID=14031) to work on /home/airflow/.local/lib/python3.12/site-packages/airflow/example_dags/example_xcomargs.py
[2024-12-20T05:41:10.607+0000] {processor.py:914} INFO - Processing file /home/airflow/.local/lib/python3.12/site-packages/airflow/example_dags/example_xcomargs.py for tasks to queue
[2024-12-20T05:41:10.618+0000] {logging_mixin.py:190} INFO - [2024-12-20T05:41:10.617+0000] {dagbag.py:588} INFO - Filling up the DagBag from /home/airflow/.local/lib/python3.12/site-packages/airflow/example_dags/example_xcomargs.py
[2024-12-20T05:41:10.654+0000] {processor.py:925} INFO - DAG(s) 'example_xcom_args_with_operators', 'example_xcom_args' retrieved from /home/airflow/.local/lib/python3.12/site-packages/airflow/example_dags/example_xcomargs.py
[2024-12-20T05:41:10.731+0000] {logging_mixin.py:190} INFO - [2024-12-20T05:41:10.731+0000] {dag.py:3239} INFO - Sync 2 DAGs
[2024-12-20T05:41:10.798+0000] {logging_mixin.py:190} INFO - [2024-12-20T05:41:10.798+0000] {dag.py:4180} INFO - Setting next_dagrun for example_xcom_args to None, run_after=None
[2024-12-20T05:41:10.821+0000] {logging_mixin.py:190} INFO - [2024-12-20T05:41:10.821+0000] {dag.py:4180} INFO - Setting next_dagrun for example_xcom_args_with_operators to None, run_after=None
[2024-12-20T05:41:10.878+0000] {processor.py:208} INFO - Processing /home/airflow/.local/lib/python3.12/site-packages/airflow/example_dags/example_xcomargs.py took 0.299 seconds
[2024-12-20T05:41:41.688+0000] {processor.py:186} INFO - Started process (PID=14097) to work on /home/airflow/.local/lib/python3.12/site-packages/airflow/example_dags/example_xcomargs.py
[2024-12-20T05:41:41.691+0000] {processor.py:914} INFO - Processing file /home/airflow/.local/lib/python3.12/site-packages/airflow/example_dags/example_xcomargs.py for tasks to queue
[2024-12-20T05:41:41.699+0000] {logging_mixin.py:190} INFO - [2024-12-20T05:41:41.698+0000] {dagbag.py:588} INFO - Filling up the DagBag from /home/airflow/.local/lib/python3.12/site-packages/airflow/example_dags/example_xcomargs.py
[2024-12-20T05:41:41.730+0000] {processor.py:925} INFO - DAG(s) 'example_xcom_args', 'example_xcom_args_with_operators' retrieved from /home/airflow/.local/lib/python3.12/site-packages/airflow/example_dags/example_xcomargs.py
[2024-12-20T05:41:41.811+0000] {logging_mixin.py:190} INFO - [2024-12-20T05:41:41.810+0000] {dag.py:3239} INFO - Sync 2 DAGs
[2024-12-20T05:41:41.870+0000] {logging_mixin.py:190} INFO - [2024-12-20T05:41:41.869+0000] {dag.py:4180} INFO - Setting next_dagrun for example_xcom_args to None, run_after=None
[2024-12-20T05:41:41.884+0000] {logging_mixin.py:190} INFO - [2024-12-20T05:41:41.883+0000] {dag.py:4180} INFO - Setting next_dagrun for example_xcom_args_with_operators to None, run_after=None
[2024-12-20T05:41:41.972+0000] {processor.py:208} INFO - Processing /home/airflow/.local/lib/python3.12/site-packages/airflow/example_dags/example_xcomargs.py took 0.301 seconds
[2024-12-20T05:42:13.973+0000] {processor.py:186} INFO - Started process (PID=14162) to work on /home/airflow/.local/lib/python3.12/site-packages/airflow/example_dags/example_xcomargs.py
[2024-12-20T05:42:13.982+0000] {processor.py:914} INFO - Processing file /home/airflow/.local/lib/python3.12/site-packages/airflow/example_dags/example_xcomargs.py for tasks to queue
[2024-12-20T05:42:14.001+0000] {logging_mixin.py:190} INFO - [2024-12-20T05:42:13.992+0000] {dagbag.py:588} INFO - Filling up the DagBag from /home/airflow/.local/lib/python3.12/site-packages/airflow/example_dags/example_xcomargs.py
[2024-12-20T05:42:14.051+0000] {processor.py:925} INFO - DAG(s) 'example_xcom_args', 'example_xcom_args_with_operators' retrieved from /home/airflow/.local/lib/python3.12/site-packages/airflow/example_dags/example_xcomargs.py
[2024-12-20T05:42:14.151+0000] {logging_mixin.py:190} INFO - [2024-12-20T05:42:14.151+0000] {dag.py:3239} INFO - Sync 2 DAGs
[2024-12-20T05:42:14.213+0000] {logging_mixin.py:190} INFO - [2024-12-20T05:42:14.213+0000] {dag.py:4180} INFO - Setting next_dagrun for example_xcom_args to None, run_after=None
[2024-12-20T05:42:14.231+0000] {logging_mixin.py:190} INFO - [2024-12-20T05:42:14.230+0000] {dag.py:4180} INFO - Setting next_dagrun for example_xcom_args_with_operators to None, run_after=None
[2024-12-20T05:42:14.288+0000] {processor.py:208} INFO - Processing /home/airflow/.local/lib/python3.12/site-packages/airflow/example_dags/example_xcomargs.py took 0.345 seconds
[2024-12-20T05:42:45.973+0000] {processor.py:186} INFO - Started process (PID=14227) to work on /home/airflow/.local/lib/python3.12/site-packages/airflow/example_dags/example_xcomargs.py
[2024-12-20T05:42:45.977+0000] {processor.py:914} INFO - Processing file /home/airflow/.local/lib/python3.12/site-packages/airflow/example_dags/example_xcomargs.py for tasks to queue
[2024-12-20T05:42:45.996+0000] {logging_mixin.py:190} INFO - [2024-12-20T05:42:45.995+0000] {dagbag.py:588} INFO - Filling up the DagBag from /home/airflow/.local/lib/python3.12/site-packages/airflow/example_dags/example_xcomargs.py
[2024-12-20T05:42:46.054+0000] {processor.py:925} INFO - DAG(s) 'example_xcom_args_with_operators', 'example_xcom_args' retrieved from /home/airflow/.local/lib/python3.12/site-packages/airflow/example_dags/example_xcomargs.py
[2024-12-20T05:42:46.205+0000] {logging_mixin.py:190} INFO - [2024-12-20T05:42:46.203+0000] {dag.py:3239} INFO - Sync 2 DAGs
[2024-12-20T05:42:46.268+0000] {logging_mixin.py:190} INFO - [2024-12-20T05:42:46.267+0000] {dag.py:4180} INFO - Setting next_dagrun for example_xcom_args to None, run_after=None
[2024-12-20T05:42:46.283+0000] {logging_mixin.py:190} INFO - [2024-12-20T05:42:46.282+0000] {dag.py:4180} INFO - Setting next_dagrun for example_xcom_args_with_operators to None, run_after=None
[2024-12-20T05:42:46.337+0000] {processor.py:208} INFO - Processing /home/airflow/.local/lib/python3.12/site-packages/airflow/example_dags/example_xcomargs.py took 0.399 seconds
[2024-12-20T05:43:16.512+0000] {processor.py:186} INFO - Started process (PID=14292) to work on /home/airflow/.local/lib/python3.12/site-packages/airflow/example_dags/example_xcomargs.py
[2024-12-20T05:43:16.515+0000] {processor.py:914} INFO - Processing file /home/airflow/.local/lib/python3.12/site-packages/airflow/example_dags/example_xcomargs.py for tasks to queue
[2024-12-20T05:43:16.523+0000] {logging_mixin.py:190} INFO - [2024-12-20T05:43:16.521+0000] {dagbag.py:588} INFO - Filling up the DagBag from /home/airflow/.local/lib/python3.12/site-packages/airflow/example_dags/example_xcomargs.py
[2024-12-20T05:43:16.554+0000] {processor.py:925} INFO - DAG(s) 'example_xcom_args', 'example_xcom_args_with_operators' retrieved from /home/airflow/.local/lib/python3.12/site-packages/airflow/example_dags/example_xcomargs.py
[2024-12-20T05:43:16.619+0000] {logging_mixin.py:190} INFO - [2024-12-20T05:43:16.618+0000] {dag.py:3239} INFO - Sync 2 DAGs
[2024-12-20T05:43:16.661+0000] {logging_mixin.py:190} INFO - [2024-12-20T05:43:16.660+0000] {dag.py:4180} INFO - Setting next_dagrun for example_xcom_args to None, run_after=None
[2024-12-20T05:43:16.675+0000] {logging_mixin.py:190} INFO - [2024-12-20T05:43:16.675+0000] {dag.py:4180} INFO - Setting next_dagrun for example_xcom_args_with_operators to None, run_after=None
[2024-12-20T05:43:16.736+0000] {processor.py:208} INFO - Processing /home/airflow/.local/lib/python3.12/site-packages/airflow/example_dags/example_xcomargs.py took 0.242 seconds
[2024-12-20T05:43:48.796+0000] {processor.py:186} INFO - Started process (PID=14357) to work on /home/airflow/.local/lib/python3.12/site-packages/airflow/example_dags/example_xcomargs.py
[2024-12-20T05:43:48.800+0000] {processor.py:914} INFO - Processing file /home/airflow/.local/lib/python3.12/site-packages/airflow/example_dags/example_xcomargs.py for tasks to queue
[2024-12-20T05:43:48.809+0000] {logging_mixin.py:190} INFO - [2024-12-20T05:43:48.808+0000] {dagbag.py:588} INFO - Filling up the DagBag from /home/airflow/.local/lib/python3.12/site-packages/airflow/example_dags/example_xcomargs.py
[2024-12-20T05:43:48.844+0000] {processor.py:925} INFO - DAG(s) 'example_xcom_args', 'example_xcom_args_with_operators' retrieved from /home/airflow/.local/lib/python3.12/site-packages/airflow/example_dags/example_xcomargs.py
[2024-12-20T05:43:48.924+0000] {logging_mixin.py:190} INFO - [2024-12-20T05:43:48.923+0000] {dag.py:3239} INFO - Sync 2 DAGs
[2024-12-20T05:43:48.978+0000] {logging_mixin.py:190} INFO - [2024-12-20T05:43:48.978+0000] {dag.py:4180} INFO - Setting next_dagrun for example_xcom_args to None, run_after=None
[2024-12-20T05:43:48.995+0000] {logging_mixin.py:190} INFO - [2024-12-20T05:43:48.994+0000] {dag.py:4180} INFO - Setting next_dagrun for example_xcom_args_with_operators to None, run_after=None
[2024-12-20T05:43:49.102+0000] {processor.py:208} INFO - Processing /home/airflow/.local/lib/python3.12/site-packages/airflow/example_dags/example_xcomargs.py took 0.326 seconds
[2024-12-20T05:44:27.094+0000] {processor.py:186} INFO - Started process (PID=14423) to work on /home/airflow/.local/lib/python3.12/site-packages/airflow/example_dags/example_xcomargs.py
[2024-12-20T05:44:27.100+0000] {processor.py:914} INFO - Processing file /home/airflow/.local/lib/python3.12/site-packages/airflow/example_dags/example_xcomargs.py for tasks to queue
[2024-12-20T05:44:27.110+0000] {logging_mixin.py:190} INFO - [2024-12-20T05:44:27.108+0000] {dagbag.py:588} INFO - Filling up the DagBag from /home/airflow/.local/lib/python3.12/site-packages/airflow/example_dags/example_xcomargs.py
[2024-12-20T05:44:27.160+0000] {processor.py:925} INFO - DAG(s) 'example_xcom_args_with_operators', 'example_xcom_args' retrieved from /home/airflow/.local/lib/python3.12/site-packages/airflow/example_dags/example_xcomargs.py
[2024-12-20T05:44:27.254+0000] {logging_mixin.py:190} INFO - [2024-12-20T05:44:27.253+0000] {dag.py:3239} INFO - Sync 2 DAGs
[2024-12-20T05:44:27.336+0000] {logging_mixin.py:190} INFO - [2024-12-20T05:44:27.335+0000] {dag.py:4180} INFO - Setting next_dagrun for example_xcom_args to None, run_after=None
[2024-12-20T05:44:27.356+0000] {logging_mixin.py:190} INFO - [2024-12-20T05:44:27.356+0000] {dag.py:4180} INFO - Setting next_dagrun for example_xcom_args_with_operators to None, run_after=None
[2024-12-20T05:44:27.441+0000] {processor.py:208} INFO - Processing /home/airflow/.local/lib/python3.12/site-packages/airflow/example_dags/example_xcomargs.py took 0.403 seconds
[2024-12-20T05:44:57.684+0000] {processor.py:186} INFO - Started process (PID=14488) to work on /home/airflow/.local/lib/python3.12/site-packages/airflow/example_dags/example_xcomargs.py
[2024-12-20T05:44:57.685+0000] {processor.py:914} INFO - Processing file /home/airflow/.local/lib/python3.12/site-packages/airflow/example_dags/example_xcomargs.py for tasks to queue
[2024-12-20T05:44:57.688+0000] {logging_mixin.py:190} INFO - [2024-12-20T05:44:57.688+0000] {dagbag.py:588} INFO - Filling up the DagBag from /home/airflow/.local/lib/python3.12/site-packages/airflow/example_dags/example_xcomargs.py
[2024-12-20T05:44:57.701+0000] {processor.py:925} INFO - DAG(s) 'example_xcom_args', 'example_xcom_args_with_operators' retrieved from /home/airflow/.local/lib/python3.12/site-packages/airflow/example_dags/example_xcomargs.py
[2024-12-20T05:44:57.737+0000] {logging_mixin.py:190} INFO - [2024-12-20T05:44:57.736+0000] {dag.py:3239} INFO - Sync 2 DAGs
[2024-12-20T05:44:57.758+0000] {logging_mixin.py:190} INFO - [2024-12-20T05:44:57.757+0000] {dag.py:4180} INFO - Setting next_dagrun for example_xcom_args to None, run_after=None
[2024-12-20T05:44:57.764+0000] {logging_mixin.py:190} INFO - [2024-12-20T05:44:57.764+0000] {dag.py:4180} INFO - Setting next_dagrun for example_xcom_args_with_operators to None, run_after=None
[2024-12-20T05:44:57.800+0000] {processor.py:208} INFO - Processing /home/airflow/.local/lib/python3.12/site-packages/airflow/example_dags/example_xcomargs.py took 0.123 seconds
[2024-12-20T05:45:27.969+0000] {processor.py:186} INFO - Started process (PID=14552) to work on /home/airflow/.local/lib/python3.12/site-packages/airflow/example_dags/example_xcomargs.py
[2024-12-20T05:45:27.971+0000] {processor.py:914} INFO - Processing file /home/airflow/.local/lib/python3.12/site-packages/airflow/example_dags/example_xcomargs.py for tasks to queue
[2024-12-20T05:45:27.975+0000] {logging_mixin.py:190} INFO - [2024-12-20T05:45:27.974+0000] {dagbag.py:588} INFO - Filling up the DagBag from /home/airflow/.local/lib/python3.12/site-packages/airflow/example_dags/example_xcomargs.py
[2024-12-20T05:45:27.992+0000] {processor.py:925} INFO - DAG(s) 'example_xcom_args_with_operators', 'example_xcom_args' retrieved from /home/airflow/.local/lib/python3.12/site-packages/airflow/example_dags/example_xcomargs.py
[2024-12-20T05:45:28.034+0000] {logging_mixin.py:190} INFO - [2024-12-20T05:45:28.033+0000] {dag.py:3239} INFO - Sync 2 DAGs
[2024-12-20T05:45:28.082+0000] {logging_mixin.py:190} INFO - [2024-12-20T05:45:28.082+0000] {dag.py:4180} INFO - Setting next_dagrun for example_xcom_args to None, run_after=None
[2024-12-20T05:45:28.091+0000] {logging_mixin.py:190} INFO - [2024-12-20T05:45:28.090+0000] {dag.py:4180} INFO - Setting next_dagrun for example_xcom_args_with_operators to None, run_after=None
[2024-12-20T05:45:28.160+0000] {processor.py:208} INFO - Processing /home/airflow/.local/lib/python3.12/site-packages/airflow/example_dags/example_xcomargs.py took 0.199 seconds
[2024-12-20T05:45:59.585+0000] {processor.py:186} INFO - Started process (PID=14617) to work on /home/airflow/.local/lib/python3.12/site-packages/airflow/example_dags/example_xcomargs.py
[2024-12-20T05:45:59.588+0000] {processor.py:914} INFO - Processing file /home/airflow/.local/lib/python3.12/site-packages/airflow/example_dags/example_xcomargs.py for tasks to queue
[2024-12-20T05:45:59.599+0000] {logging_mixin.py:190} INFO - [2024-12-20T05:45:59.597+0000] {dagbag.py:588} INFO - Filling up the DagBag from /home/airflow/.local/lib/python3.12/site-packages/airflow/example_dags/example_xcomargs.py
[2024-12-20T05:45:59.648+0000] {processor.py:925} INFO - DAG(s) 'example_xcom_args_with_operators', 'example_xcom_args' retrieved from /home/airflow/.local/lib/python3.12/site-packages/airflow/example_dags/example_xcomargs.py
[2024-12-20T05:45:59.774+0000] {logging_mixin.py:190} INFO - [2024-12-20T05:45:59.772+0000] {dag.py:3239} INFO - Sync 2 DAGs
[2024-12-20T05:45:59.898+0000] {logging_mixin.py:190} INFO - [2024-12-20T05:45:59.897+0000] {dag.py:4180} INFO - Setting next_dagrun for example_xcom_args to None, run_after=None
[2024-12-20T05:45:59.918+0000] {logging_mixin.py:190} INFO - [2024-12-20T05:45:59.917+0000] {dag.py:4180} INFO - Setting next_dagrun for example_xcom_args_with_operators to None, run_after=None
[2024-12-20T05:46:00.021+0000] {processor.py:208} INFO - Processing /home/airflow/.local/lib/python3.12/site-packages/airflow/example_dags/example_xcomargs.py took 0.465 seconds
[2024-12-20T05:46:31.013+0000] {processor.py:186} INFO - Started process (PID=14683) to work on /home/airflow/.local/lib/python3.12/site-packages/airflow/example_dags/example_xcomargs.py
[2024-12-20T05:46:31.016+0000] {processor.py:914} INFO - Processing file /home/airflow/.local/lib/python3.12/site-packages/airflow/example_dags/example_xcomargs.py for tasks to queue
[2024-12-20T05:46:31.022+0000] {logging_mixin.py:190} INFO - [2024-12-20T05:46:31.021+0000] {dagbag.py:588} INFO - Filling up the DagBag from /home/airflow/.local/lib/python3.12/site-packages/airflow/example_dags/example_xcomargs.py
[2024-12-20T05:46:31.049+0000] {processor.py:925} INFO - DAG(s) 'example_xcom_args', 'example_xcom_args_with_operators' retrieved from /home/airflow/.local/lib/python3.12/site-packages/airflow/example_dags/example_xcomargs.py
[2024-12-20T05:46:31.111+0000] {logging_mixin.py:190} INFO - [2024-12-20T05:46:31.111+0000] {dag.py:3239} INFO - Sync 2 DAGs
[2024-12-20T05:46:31.145+0000] {logging_mixin.py:190} INFO - [2024-12-20T05:46:31.144+0000] {dag.py:4180} INFO - Setting next_dagrun for example_xcom_args to None, run_after=None
[2024-12-20T05:46:31.152+0000] {logging_mixin.py:190} INFO - [2024-12-20T05:46:31.152+0000] {dag.py:4180} INFO - Setting next_dagrun for example_xcom_args_with_operators to None, run_after=None
[2024-12-20T05:46:31.219+0000] {processor.py:208} INFO - Processing /home/airflow/.local/lib/python3.12/site-packages/airflow/example_dags/example_xcomargs.py took 0.237 seconds
[2024-12-20T05:47:01.370+0000] {processor.py:186} INFO - Started process (PID=14748) to work on /home/airflow/.local/lib/python3.12/site-packages/airflow/example_dags/example_xcomargs.py
[2024-12-20T05:47:01.374+0000] {processor.py:914} INFO - Processing file /home/airflow/.local/lib/python3.12/site-packages/airflow/example_dags/example_xcomargs.py for tasks to queue
[2024-12-20T05:47:01.381+0000] {logging_mixin.py:190} INFO - [2024-12-20T05:47:01.380+0000] {dagbag.py:588} INFO - Filling up the DagBag from /home/airflow/.local/lib/python3.12/site-packages/airflow/example_dags/example_xcomargs.py
[2024-12-20T05:47:01.409+0000] {processor.py:925} INFO - DAG(s) 'example_xcom_args_with_operators', 'example_xcom_args' retrieved from /home/airflow/.local/lib/python3.12/site-packages/airflow/example_dags/example_xcomargs.py
[2024-12-20T05:47:01.447+0000] {logging_mixin.py:190} INFO - [2024-12-20T05:47:01.447+0000] {dag.py:3239} INFO - Sync 2 DAGs
[2024-12-20T05:47:01.471+0000] {logging_mixin.py:190} INFO - [2024-12-20T05:47:01.471+0000] {dag.py:4180} INFO - Setting next_dagrun for example_xcom_args to None, run_after=None
[2024-12-20T05:47:01.478+0000] {logging_mixin.py:190} INFO - [2024-12-20T05:47:01.477+0000] {dag.py:4180} INFO - Setting next_dagrun for example_xcom_args_with_operators to None, run_after=None
[2024-12-20T05:47:01.538+0000] {processor.py:208} INFO - Processing /home/airflow/.local/lib/python3.12/site-packages/airflow/example_dags/example_xcomargs.py took 0.195 seconds
[2024-12-20T05:47:32.163+0000] {processor.py:186} INFO - Started process (PID=14813) to work on /home/airflow/.local/lib/python3.12/site-packages/airflow/example_dags/example_xcomargs.py
[2024-12-20T05:47:32.166+0000] {processor.py:914} INFO - Processing file /home/airflow/.local/lib/python3.12/site-packages/airflow/example_dags/example_xcomargs.py for tasks to queue
[2024-12-20T05:47:32.173+0000] {logging_mixin.py:190} INFO - [2024-12-20T05:47:32.172+0000] {dagbag.py:588} INFO - Filling up the DagBag from /home/airflow/.local/lib/python3.12/site-packages/airflow/example_dags/example_xcomargs.py
[2024-12-20T05:47:32.199+0000] {processor.py:925} INFO - DAG(s) 'example_xcom_args', 'example_xcom_args_with_operators' retrieved from /home/airflow/.local/lib/python3.12/site-packages/airflow/example_dags/example_xcomargs.py
[2024-12-20T05:47:32.235+0000] {logging_mixin.py:190} INFO - [2024-12-20T05:47:32.235+0000] {dag.py:3239} INFO - Sync 2 DAGs
[2024-12-20T05:47:32.256+0000] {logging_mixin.py:190} INFO - [2024-12-20T05:47:32.256+0000] {dag.py:4180} INFO - Setting next_dagrun for example_xcom_args to None, run_after=None
[2024-12-20T05:47:32.261+0000] {logging_mixin.py:190} INFO - [2024-12-20T05:47:32.261+0000] {dag.py:4180} INFO - Setting next_dagrun for example_xcom_args_with_operators to None, run_after=None
[2024-12-20T05:47:32.287+0000] {processor.py:208} INFO - Processing /home/airflow/.local/lib/python3.12/site-packages/airflow/example_dags/example_xcomargs.py took 0.143 seconds
[2024-12-20T05:48:28.999+0000] {processor.py:186} INFO - Started process (PID=14900) to work on /home/airflow/.local/lib/python3.12/site-packages/airflow/example_dags/example_xcomargs.py
[2024-12-20T05:48:29.012+0000] {processor.py:914} INFO - Processing file /home/airflow/.local/lib/python3.12/site-packages/airflow/example_dags/example_xcomargs.py for tasks to queue
[2024-12-20T05:48:29.031+0000] {logging_mixin.py:190} INFO - [2024-12-20T05:48:29.030+0000] {dagbag.py:588} INFO - Filling up the DagBag from /home/airflow/.local/lib/python3.12/site-packages/airflow/example_dags/example_xcomargs.py
[2024-12-20T05:48:29.113+0000] {processor.py:925} INFO - DAG(s) 'example_xcom_args_with_operators', 'example_xcom_args' retrieved from /home/airflow/.local/lib/python3.12/site-packages/airflow/example_dags/example_xcomargs.py
[2024-12-20T05:48:29.275+0000] {logging_mixin.py:190} INFO - [2024-12-20T05:48:29.272+0000] {dag.py:3239} INFO - Sync 2 DAGs
[2024-12-20T05:48:29.388+0000] {logging_mixin.py:190} INFO - [2024-12-20T05:48:29.388+0000] {dag.py:4180} INFO - Setting next_dagrun for example_xcom_args to None, run_after=None
[2024-12-20T05:48:29.416+0000] {logging_mixin.py:190} INFO - [2024-12-20T05:48:29.415+0000] {dag.py:4180} INFO - Setting next_dagrun for example_xcom_args_with_operators to None, run_after=None
[2024-12-20T05:48:29.550+0000] {processor.py:208} INFO - Processing /home/airflow/.local/lib/python3.12/site-packages/airflow/example_dags/example_xcomargs.py took 0.597 seconds
[2024-12-20T09:19:02.316+0000] {processor.py:186} INFO - Started process (PID=117) to work on /home/airflow/.local/lib/python3.12/site-packages/airflow/example_dags/example_xcomargs.py
[2024-12-20T09:19:02.321+0000] {processor.py:914} INFO - Processing file /home/airflow/.local/lib/python3.12/site-packages/airflow/example_dags/example_xcomargs.py for tasks to queue
[2024-12-20T09:19:02.333+0000] {logging_mixin.py:190} INFO - [2024-12-20T09:19:02.332+0000] {dagbag.py:588} INFO - Filling up the DagBag from /home/airflow/.local/lib/python3.12/site-packages/airflow/example_dags/example_xcomargs.py
[2024-12-20T09:19:02.404+0000] {processor.py:925} INFO - DAG(s) 'example_xcom_args_with_operators', 'example_xcom_args' retrieved from /home/airflow/.local/lib/python3.12/site-packages/airflow/example_dags/example_xcomargs.py
[2024-12-20T09:19:02.639+0000] {logging_mixin.py:190} INFO - [2024-12-20T09:19:02.638+0000] {dag.py:3239} INFO - Sync 2 DAGs
[2024-12-20T09:19:02.766+0000] {logging_mixin.py:190} INFO - [2024-12-20T09:19:02.765+0000] {dag.py:4180} INFO - Setting next_dagrun for example_xcom_args to None, run_after=None
[2024-12-20T09:19:02.813+0000] {logging_mixin.py:190} INFO - [2024-12-20T09:19:02.812+0000] {dag.py:4180} INFO - Setting next_dagrun for example_xcom_args_with_operators to None, run_after=None
[2024-12-20T09:19:02.913+0000] {processor.py:208} INFO - Processing /home/airflow/.local/lib/python3.12/site-packages/airflow/example_dags/example_xcomargs.py took 0.624 seconds
[2024-12-20T09:19:33.175+0000] {processor.py:186} INFO - Started process (PID=182) to work on /home/airflow/.local/lib/python3.12/site-packages/airflow/example_dags/example_xcomargs.py
[2024-12-20T09:19:33.179+0000] {processor.py:914} INFO - Processing file /home/airflow/.local/lib/python3.12/site-packages/airflow/example_dags/example_xcomargs.py for tasks to queue
[2024-12-20T09:19:33.186+0000] {logging_mixin.py:190} INFO - [2024-12-20T09:19:33.184+0000] {dagbag.py:588} INFO - Filling up the DagBag from /home/airflow/.local/lib/python3.12/site-packages/airflow/example_dags/example_xcomargs.py
[2024-12-20T09:19:33.251+0000] {processor.py:925} INFO - DAG(s) 'example_xcom_args', 'example_xcom_args_with_operators' retrieved from /home/airflow/.local/lib/python3.12/site-packages/airflow/example_dags/example_xcomargs.py
[2024-12-20T09:19:33.378+0000] {logging_mixin.py:190} INFO - [2024-12-20T09:19:33.378+0000] {dag.py:3239} INFO - Sync 2 DAGs
[2024-12-20T09:19:33.509+0000] {logging_mixin.py:190} INFO - [2024-12-20T09:19:33.508+0000] {dag.py:4180} INFO - Setting next_dagrun for example_xcom_args to None, run_after=None
[2024-12-20T09:19:33.539+0000] {logging_mixin.py:190} INFO - [2024-12-20T09:19:33.538+0000] {dag.py:4180} INFO - Setting next_dagrun for example_xcom_args_with_operators to None, run_after=None
[2024-12-20T09:19:33.632+0000] {processor.py:208} INFO - Processing /home/airflow/.local/lib/python3.12/site-packages/airflow/example_dags/example_xcomargs.py took 0.519 seconds
[2024-12-20T09:20:23.361+0000] {processor.py:186} INFO - Started process (PID=261) to work on /home/airflow/.local/lib/python3.12/site-packages/airflow/example_dags/example_xcomargs.py
[2024-12-20T09:20:23.365+0000] {processor.py:914} INFO - Processing file /home/airflow/.local/lib/python3.12/site-packages/airflow/example_dags/example_xcomargs.py for tasks to queue
[2024-12-20T09:20:23.374+0000] {logging_mixin.py:190} INFO - [2024-12-20T09:20:23.371+0000] {dagbag.py:588} INFO - Filling up the DagBag from /home/airflow/.local/lib/python3.12/site-packages/airflow/example_dags/example_xcomargs.py
[2024-12-20T09:20:23.510+0000] {processor.py:925} INFO - DAG(s) 'example_xcom_args_with_operators', 'example_xcom_args' retrieved from /home/airflow/.local/lib/python3.12/site-packages/airflow/example_dags/example_xcomargs.py
[2024-12-20T09:20:23.672+0000] {logging_mixin.py:190} INFO - [2024-12-20T09:20:23.671+0000] {dag.py:3239} INFO - Sync 2 DAGs
[2024-12-20T09:20:23.787+0000] {logging_mixin.py:190} INFO - [2024-12-20T09:20:23.786+0000] {dag.py:4180} INFO - Setting next_dagrun for example_xcom_args to None, run_after=None
[2024-12-20T09:20:23.806+0000] {logging_mixin.py:190} INFO - [2024-12-20T09:20:23.805+0000] {dag.py:4180} INFO - Setting next_dagrun for example_xcom_args_with_operators to None, run_after=None
[2024-12-20T09:20:23.911+0000] {processor.py:208} INFO - Processing /home/airflow/.local/lib/python3.12/site-packages/airflow/example_dags/example_xcomargs.py took 0.600 seconds
[2024-12-20T09:21:09.517+0000] {processor.py:186} INFO - Started process (PID=332) to work on /home/airflow/.local/lib/python3.12/site-packages/airflow/example_dags/example_xcomargs.py
[2024-12-20T09:21:09.521+0000] {processor.py:914} INFO - Processing file /home/airflow/.local/lib/python3.12/site-packages/airflow/example_dags/example_xcomargs.py for tasks to queue
[2024-12-20T09:21:09.526+0000] {logging_mixin.py:190} INFO - [2024-12-20T09:21:09.525+0000] {dagbag.py:588} INFO - Filling up the DagBag from /home/airflow/.local/lib/python3.12/site-packages/airflow/example_dags/example_xcomargs.py
[2024-12-20T09:21:09.576+0000] {processor.py:925} INFO - DAG(s) 'example_xcom_args_with_operators', 'example_xcom_args' retrieved from /home/airflow/.local/lib/python3.12/site-packages/airflow/example_dags/example_xcomargs.py
[2024-12-20T09:21:09.664+0000] {logging_mixin.py:190} INFO - [2024-12-20T09:21:09.664+0000] {dag.py:3239} INFO - Sync 2 DAGs
[2024-12-20T09:21:09.733+0000] {logging_mixin.py:190} INFO - [2024-12-20T09:21:09.732+0000] {dag.py:4180} INFO - Setting next_dagrun for example_xcom_args to None, run_after=None
[2024-12-20T09:21:09.758+0000] {logging_mixin.py:190} INFO - [2024-12-20T09:21:09.757+0000] {dag.py:4180} INFO - Setting next_dagrun for example_xcom_args_with_operators to None, run_after=None
[2024-12-20T09:21:09.880+0000] {processor.py:208} INFO - Processing /home/airflow/.local/lib/python3.12/site-packages/airflow/example_dags/example_xcomargs.py took 0.396 seconds
[2024-12-20T09:21:52.605+0000] {processor.py:186} INFO - Started process (PID=411) to work on /home/airflow/.local/lib/python3.12/site-packages/airflow/example_dags/example_xcomargs.py
[2024-12-20T09:21:52.620+0000] {processor.py:914} INFO - Processing file /home/airflow/.local/lib/python3.12/site-packages/airflow/example_dags/example_xcomargs.py for tasks to queue
[2024-12-20T09:21:52.635+0000] {logging_mixin.py:190} INFO - [2024-12-20T09:21:52.633+0000] {dagbag.py:588} INFO - Filling up the DagBag from /home/airflow/.local/lib/python3.12/site-packages/airflow/example_dags/example_xcomargs.py
[2024-12-20T09:21:52.835+0000] {processor.py:925} INFO - DAG(s) 'example_xcom_args', 'example_xcom_args_with_operators' retrieved from /home/airflow/.local/lib/python3.12/site-packages/airflow/example_dags/example_xcomargs.py
[2024-12-20T09:21:53.715+0000] {logging_mixin.py:190} INFO - [2024-12-20T09:21:53.712+0000] {dag.py:3239} INFO - Sync 2 DAGs
[2024-12-20T09:21:54.178+0000] {logging_mixin.py:190} INFO - [2024-12-20T09:21:54.175+0000] {dag.py:4180} INFO - Setting next_dagrun for example_xcom_args to None, run_after=None
[2024-12-20T09:21:54.227+0000] {logging_mixin.py:190} INFO - [2024-12-20T09:21:54.220+0000] {dag.py:4180} INFO - Setting next_dagrun for example_xcom_args_with_operators to None, run_after=None
[2024-12-20T09:21:54.576+0000] {processor.py:208} INFO - Processing /home/airflow/.local/lib/python3.12/site-packages/airflow/example_dags/example_xcomargs.py took 2.034 seconds
[2024-12-20T09:23:13.035+0000] {processor.py:186} INFO - Started process (PID=514) to work on /home/airflow/.local/lib/python3.12/site-packages/airflow/example_dags/example_xcomargs.py
[2024-12-20T09:23:13.038+0000] {processor.py:914} INFO - Processing file /home/airflow/.local/lib/python3.12/site-packages/airflow/example_dags/example_xcomargs.py for tasks to queue
[2024-12-20T09:23:13.043+0000] {logging_mixin.py:190} INFO - [2024-12-20T09:23:13.042+0000] {dagbag.py:588} INFO - Filling up the DagBag from /home/airflow/.local/lib/python3.12/site-packages/airflow/example_dags/example_xcomargs.py
[2024-12-20T09:23:13.093+0000] {processor.py:925} INFO - DAG(s) 'example_xcom_args_with_operators', 'example_xcom_args' retrieved from /home/airflow/.local/lib/python3.12/site-packages/airflow/example_dags/example_xcomargs.py
[2024-12-20T09:23:13.202+0000] {logging_mixin.py:190} INFO - [2024-12-20T09:23:13.201+0000] {dag.py:3239} INFO - Sync 2 DAGs
[2024-12-20T09:23:13.326+0000] {logging_mixin.py:190} INFO - [2024-12-20T09:23:13.325+0000] {dag.py:4180} INFO - Setting next_dagrun for example_xcom_args to None, run_after=None
[2024-12-20T09:23:13.357+0000] {logging_mixin.py:190} INFO - [2024-12-20T09:23:13.356+0000] {dag.py:4180} INFO - Setting next_dagrun for example_xcom_args_with_operators to None, run_after=None
[2024-12-20T09:23:13.489+0000] {processor.py:208} INFO - Processing /home/airflow/.local/lib/python3.12/site-packages/airflow/example_dags/example_xcomargs.py took 0.475 seconds
[2024-12-20T09:23:45.800+0000] {processor.py:186} INFO - Started process (PID=580) to work on /home/airflow/.local/lib/python3.12/site-packages/airflow/example_dags/example_xcomargs.py
[2024-12-20T09:23:45.804+0000] {processor.py:914} INFO - Processing file /home/airflow/.local/lib/python3.12/site-packages/airflow/example_dags/example_xcomargs.py for tasks to queue
[2024-12-20T09:23:45.810+0000] {logging_mixin.py:190} INFO - [2024-12-20T09:23:45.808+0000] {dagbag.py:588} INFO - Filling up the DagBag from /home/airflow/.local/lib/python3.12/site-packages/airflow/example_dags/example_xcomargs.py
[2024-12-20T09:23:45.869+0000] {processor.py:925} INFO - DAG(s) 'example_xcom_args_with_operators', 'example_xcom_args' retrieved from /home/airflow/.local/lib/python3.12/site-packages/airflow/example_dags/example_xcomargs.py
[2024-12-20T09:23:45.971+0000] {logging_mixin.py:190} INFO - [2024-12-20T09:23:45.971+0000] {dag.py:3239} INFO - Sync 2 DAGs
[2024-12-20T09:23:46.054+0000] {logging_mixin.py:190} INFO - [2024-12-20T09:23:46.053+0000] {dag.py:4180} INFO - Setting next_dagrun for example_xcom_args to None, run_after=None
[2024-12-20T09:23:46.071+0000] {logging_mixin.py:190} INFO - [2024-12-20T09:23:46.070+0000] {dag.py:4180} INFO - Setting next_dagrun for example_xcom_args_with_operators to None, run_after=None
[2024-12-20T09:23:46.151+0000] {processor.py:208} INFO - Processing /home/airflow/.local/lib/python3.12/site-packages/airflow/example_dags/example_xcomargs.py took 0.376 seconds
[2024-12-20T09:24:16.373+0000] {processor.py:186} INFO - Started process (PID=646) to work on /home/airflow/.local/lib/python3.12/site-packages/airflow/example_dags/example_xcomargs.py
[2024-12-20T09:24:16.376+0000] {processor.py:914} INFO - Processing file /home/airflow/.local/lib/python3.12/site-packages/airflow/example_dags/example_xcomargs.py for tasks to queue
[2024-12-20T09:24:16.380+0000] {logging_mixin.py:190} INFO - [2024-12-20T09:24:16.379+0000] {dagbag.py:588} INFO - Filling up the DagBag from /home/airflow/.local/lib/python3.12/site-packages/airflow/example_dags/example_xcomargs.py
[2024-12-20T09:24:16.405+0000] {processor.py:925} INFO - DAG(s) 'example_xcom_args', 'example_xcom_args_with_operators' retrieved from /home/airflow/.local/lib/python3.12/site-packages/airflow/example_dags/example_xcomargs.py
[2024-12-20T09:24:16.458+0000] {logging_mixin.py:190} INFO - [2024-12-20T09:24:16.458+0000] {dag.py:3239} INFO - Sync 2 DAGs
[2024-12-20T09:24:16.510+0000] {logging_mixin.py:190} INFO - [2024-12-20T09:24:16.509+0000] {dag.py:4180} INFO - Setting next_dagrun for example_xcom_args to None, run_after=None
[2024-12-20T09:24:16.519+0000] {logging_mixin.py:190} INFO - [2024-12-20T09:24:16.519+0000] {dag.py:4180} INFO - Setting next_dagrun for example_xcom_args_with_operators to None, run_after=None
[2024-12-20T09:24:16.558+0000] {processor.py:208} INFO - Processing /home/airflow/.local/lib/python3.12/site-packages/airflow/example_dags/example_xcomargs.py took 0.203 seconds
[2024-12-20T09:24:48.805+0000] {processor.py:186} INFO - Started process (PID=711) to work on /home/airflow/.local/lib/python3.12/site-packages/airflow/example_dags/example_xcomargs.py
[2024-12-20T09:24:48.810+0000] {processor.py:914} INFO - Processing file /home/airflow/.local/lib/python3.12/site-packages/airflow/example_dags/example_xcomargs.py for tasks to queue
[2024-12-20T09:24:48.825+0000] {logging_mixin.py:190} INFO - [2024-12-20T09:24:48.823+0000] {dagbag.py:588} INFO - Filling up the DagBag from /home/airflow/.local/lib/python3.12/site-packages/airflow/example_dags/example_xcomargs.py
[2024-12-20T09:24:48.911+0000] {processor.py:925} INFO - DAG(s) 'example_xcom_args_with_operators', 'example_xcom_args' retrieved from /home/airflow/.local/lib/python3.12/site-packages/airflow/example_dags/example_xcomargs.py
[2024-12-20T09:24:49.025+0000] {logging_mixin.py:190} INFO - [2024-12-20T09:24:49.024+0000] {dag.py:3239} INFO - Sync 2 DAGs
[2024-12-20T09:24:49.113+0000] {logging_mixin.py:190} INFO - [2024-12-20T09:24:49.112+0000] {dag.py:4180} INFO - Setting next_dagrun for example_xcom_args to None, run_after=None
[2024-12-20T09:24:49.132+0000] {logging_mixin.py:190} INFO - [2024-12-20T09:24:49.131+0000] {dag.py:4180} INFO - Setting next_dagrun for example_xcom_args_with_operators to None, run_after=None
[2024-12-20T09:24:49.243+0000] {processor.py:208} INFO - Processing /home/airflow/.local/lib/python3.12/site-packages/airflow/example_dags/example_xcomargs.py took 0.511 seconds
