[2024-12-20T05:28:18.189+0000] {processor.py:186} INFO - Started process (PID=12479) to work on /home/airflow/.local/lib/python3.12/site-packages/airflow/example_dags/example_bash_decorator.py
[2024-12-20T05:28:18.236+0000] {processor.py:914} INFO - Processing file /home/airflow/.local/lib/python3.12/site-packages/airflow/example_dags/example_bash_decorator.py for tasks to queue
[2024-12-20T05:28:18.260+0000] {logging_mixin.py:190} INFO - [2024-12-20T05:28:18.256+0000] {dagbag.py:588} INFO - Filling up the DagBag from /home/airflow/.local/lib/python3.12/site-packages/airflow/example_dags/example_bash_decorator.py
[2024-12-20T05:28:18.378+0000] {processor.py:925} INFO - DAG(s) 'example_bash_decorator' retrieved from /home/airflow/.local/lib/python3.12/site-packages/airflow/example_dags/example_bash_decorator.py
[2024-12-20T05:28:18.550+0000] {logging_mixin.py:190} INFO - [2024-12-20T05:28:18.549+0000] {dag.py:3239} INFO - Sync 1 DAGs
[2024-12-20T05:28:18.665+0000] {logging_mixin.py:190} INFO - [2024-12-20T05:28:18.664+0000] {dag.py:4180} INFO - Setting next_dagrun for example_bash_decorator to None, run_after=None
[2024-12-20T05:28:18.807+0000] {processor.py:208} INFO - Processing /home/airflow/.local/lib/python3.12/site-packages/airflow/example_dags/example_bash_decorator.py took 0.662 seconds
[2024-12-20T05:29:09.355+0000] {processor.py:186} INFO - Started process (PID=12545) to work on /home/airflow/.local/lib/python3.12/site-packages/airflow/example_dags/example_bash_decorator.py
[2024-12-20T05:29:09.359+0000] {processor.py:914} INFO - Processing file /home/airflow/.local/lib/python3.12/site-packages/airflow/example_dags/example_bash_decorator.py for tasks to queue
[2024-12-20T05:29:09.372+0000] {logging_mixin.py:190} INFO - [2024-12-20T05:29:09.369+0000] {dagbag.py:588} INFO - Filling up the DagBag from /home/airflow/.local/lib/python3.12/site-packages/airflow/example_dags/example_bash_decorator.py
[2024-12-20T05:29:09.491+0000] {processor.py:925} INFO - DAG(s) 'example_bash_decorator' retrieved from /home/airflow/.local/lib/python3.12/site-packages/airflow/example_dags/example_bash_decorator.py
[2024-12-20T05:29:09.700+0000] {logging_mixin.py:190} INFO - [2024-12-20T05:29:09.691+0000] {dag.py:3239} INFO - Sync 1 DAGs
[2024-12-20T05:29:09.828+0000] {logging_mixin.py:190} INFO - [2024-12-20T05:29:09.827+0000] {dag.py:4180} INFO - Setting next_dagrun for example_bash_decorator to None, run_after=None
[2024-12-20T05:29:09.993+0000] {processor.py:208} INFO - Processing /home/airflow/.local/lib/python3.12/site-packages/airflow/example_dags/example_bash_decorator.py took 0.665 seconds
[2024-12-20T05:29:41.654+0000] {processor.py:186} INFO - Started process (PID=12610) to work on /home/airflow/.local/lib/python3.12/site-packages/airflow/example_dags/example_bash_decorator.py
[2024-12-20T05:29:41.658+0000] {processor.py:914} INFO - Processing file /home/airflow/.local/lib/python3.12/site-packages/airflow/example_dags/example_bash_decorator.py for tasks to queue
[2024-12-20T05:29:41.670+0000] {logging_mixin.py:190} INFO - [2024-12-20T05:29:41.668+0000] {dagbag.py:588} INFO - Filling up the DagBag from /home/airflow/.local/lib/python3.12/site-packages/airflow/example_dags/example_bash_decorator.py
[2024-12-20T05:29:41.741+0000] {processor.py:925} INFO - DAG(s) 'example_bash_decorator' retrieved from /home/airflow/.local/lib/python3.12/site-packages/airflow/example_dags/example_bash_decorator.py
[2024-12-20T05:29:41.883+0000] {logging_mixin.py:190} INFO - [2024-12-20T05:29:41.882+0000] {dag.py:3239} INFO - Sync 1 DAGs
[2024-12-20T05:29:41.987+0000] {logging_mixin.py:190} INFO - [2024-12-20T05:29:41.984+0000] {dag.py:4180} INFO - Setting next_dagrun for example_bash_decorator to None, run_after=None
[2024-12-20T05:29:42.145+0000] {processor.py:208} INFO - Processing /home/airflow/.local/lib/python3.12/site-packages/airflow/example_dags/example_bash_decorator.py took 0.516 seconds
[2024-12-20T05:30:13.445+0000] {processor.py:186} INFO - Started process (PID=12676) to work on /home/airflow/.local/lib/python3.12/site-packages/airflow/example_dags/example_bash_decorator.py
[2024-12-20T05:30:13.449+0000] {processor.py:914} INFO - Processing file /home/airflow/.local/lib/python3.12/site-packages/airflow/example_dags/example_bash_decorator.py for tasks to queue
[2024-12-20T05:30:13.456+0000] {logging_mixin.py:190} INFO - [2024-12-20T05:30:13.455+0000] {dagbag.py:588} INFO - Filling up the DagBag from /home/airflow/.local/lib/python3.12/site-packages/airflow/example_dags/example_bash_decorator.py
[2024-12-20T05:30:13.511+0000] {processor.py:925} INFO - DAG(s) 'example_bash_decorator' retrieved from /home/airflow/.local/lib/python3.12/site-packages/airflow/example_dags/example_bash_decorator.py
[2024-12-20T05:30:13.598+0000] {logging_mixin.py:190} INFO - [2024-12-20T05:30:13.598+0000] {dag.py:3239} INFO - Sync 1 DAGs
[2024-12-20T05:30:13.656+0000] {logging_mixin.py:190} INFO - [2024-12-20T05:30:13.656+0000] {dag.py:4180} INFO - Setting next_dagrun for example_bash_decorator to None, run_after=None
[2024-12-20T05:30:13.732+0000] {processor.py:208} INFO - Processing /home/airflow/.local/lib/python3.12/site-packages/airflow/example_dags/example_bash_decorator.py took 0.310 seconds
[2024-12-20T05:30:45.685+0000] {processor.py:186} INFO - Started process (PID=12741) to work on /home/airflow/.local/lib/python3.12/site-packages/airflow/example_dags/example_bash_decorator.py
[2024-12-20T05:30:45.688+0000] {processor.py:914} INFO - Processing file /home/airflow/.local/lib/python3.12/site-packages/airflow/example_dags/example_bash_decorator.py for tasks to queue
[2024-12-20T05:30:45.696+0000] {logging_mixin.py:190} INFO - [2024-12-20T05:30:45.695+0000] {dagbag.py:588} INFO - Filling up the DagBag from /home/airflow/.local/lib/python3.12/site-packages/airflow/example_dags/example_bash_decorator.py
[2024-12-20T05:30:45.745+0000] {processor.py:925} INFO - DAG(s) 'example_bash_decorator' retrieved from /home/airflow/.local/lib/python3.12/site-packages/airflow/example_dags/example_bash_decorator.py
[2024-12-20T05:30:45.813+0000] {logging_mixin.py:190} INFO - [2024-12-20T05:30:45.812+0000] {dag.py:3239} INFO - Sync 1 DAGs
[2024-12-20T05:30:45.852+0000] {logging_mixin.py:190} INFO - [2024-12-20T05:30:45.851+0000] {dag.py:4180} INFO - Setting next_dagrun for example_bash_decorator to None, run_after=None
[2024-12-20T05:30:45.899+0000] {processor.py:208} INFO - Processing /home/airflow/.local/lib/python3.12/site-packages/airflow/example_dags/example_bash_decorator.py took 0.230 seconds
[2024-12-20T05:31:17.912+0000] {processor.py:186} INFO - Started process (PID=12806) to work on /home/airflow/.local/lib/python3.12/site-packages/airflow/example_dags/example_bash_decorator.py
[2024-12-20T05:31:17.914+0000] {processor.py:914} INFO - Processing file /home/airflow/.local/lib/python3.12/site-packages/airflow/example_dags/example_bash_decorator.py for tasks to queue
[2024-12-20T05:31:17.922+0000] {logging_mixin.py:190} INFO - [2024-12-20T05:31:17.921+0000] {dagbag.py:588} INFO - Filling up the DagBag from /home/airflow/.local/lib/python3.12/site-packages/airflow/example_dags/example_bash_decorator.py
[2024-12-20T05:31:17.972+0000] {processor.py:925} INFO - DAG(s) 'example_bash_decorator' retrieved from /home/airflow/.local/lib/python3.12/site-packages/airflow/example_dags/example_bash_decorator.py
[2024-12-20T05:31:18.045+0000] {logging_mixin.py:190} INFO - [2024-12-20T05:31:18.044+0000] {dag.py:3239} INFO - Sync 1 DAGs
[2024-12-20T05:31:18.086+0000] {logging_mixin.py:190} INFO - [2024-12-20T05:31:18.085+0000] {dag.py:4180} INFO - Setting next_dagrun for example_bash_decorator to None, run_after=None
[2024-12-20T05:31:18.136+0000] {processor.py:208} INFO - Processing /home/airflow/.local/lib/python3.12/site-packages/airflow/example_dags/example_bash_decorator.py took 0.243 seconds
[2024-12-20T05:31:49.113+0000] {processor.py:186} INFO - Started process (PID=12871) to work on /home/airflow/.local/lib/python3.12/site-packages/airflow/example_dags/example_bash_decorator.py
[2024-12-20T05:31:49.116+0000] {processor.py:914} INFO - Processing file /home/airflow/.local/lib/python3.12/site-packages/airflow/example_dags/example_bash_decorator.py for tasks to queue
[2024-12-20T05:31:49.122+0000] {logging_mixin.py:190} INFO - [2024-12-20T05:31:49.121+0000] {dagbag.py:588} INFO - Filling up the DagBag from /home/airflow/.local/lib/python3.12/site-packages/airflow/example_dags/example_bash_decorator.py
[2024-12-20T05:31:49.165+0000] {processor.py:925} INFO - DAG(s) 'example_bash_decorator' retrieved from /home/airflow/.local/lib/python3.12/site-packages/airflow/example_dags/example_bash_decorator.py
[2024-12-20T05:31:49.199+0000] {logging_mixin.py:190} INFO - [2024-12-20T05:31:49.198+0000] {dag.py:3239} INFO - Sync 1 DAGs
[2024-12-20T05:31:49.219+0000] {logging_mixin.py:190} INFO - [2024-12-20T05:31:49.218+0000] {dag.py:4180} INFO - Setting next_dagrun for example_bash_decorator to None, run_after=None
[2024-12-20T05:31:49.281+0000] {processor.py:208} INFO - Processing /home/airflow/.local/lib/python3.12/site-packages/airflow/example_dags/example_bash_decorator.py took 0.184 seconds
[2024-12-20T05:32:24.261+0000] {processor.py:186} INFO - Started process (PID=12936) to work on /home/airflow/.local/lib/python3.12/site-packages/airflow/example_dags/example_bash_decorator.py
[2024-12-20T05:32:24.264+0000] {processor.py:914} INFO - Processing file /home/airflow/.local/lib/python3.12/site-packages/airflow/example_dags/example_bash_decorator.py for tasks to queue
[2024-12-20T05:32:24.271+0000] {logging_mixin.py:190} INFO - [2024-12-20T05:32:24.270+0000] {dagbag.py:588} INFO - Filling up the DagBag from /home/airflow/.local/lib/python3.12/site-packages/airflow/example_dags/example_bash_decorator.py
[2024-12-20T05:32:24.316+0000] {processor.py:925} INFO - DAG(s) 'example_bash_decorator' retrieved from /home/airflow/.local/lib/python3.12/site-packages/airflow/example_dags/example_bash_decorator.py
[2024-12-20T05:32:24.386+0000] {logging_mixin.py:190} INFO - [2024-12-20T05:32:24.386+0000] {dag.py:3239} INFO - Sync 1 DAGs
[2024-12-20T05:32:24.438+0000] {logging_mixin.py:190} INFO - [2024-12-20T05:32:24.437+0000] {dag.py:4180} INFO - Setting next_dagrun for example_bash_decorator to None, run_after=None
[2024-12-20T05:32:24.488+0000] {processor.py:208} INFO - Processing /home/airflow/.local/lib/python3.12/site-packages/airflow/example_dags/example_bash_decorator.py took 0.245 seconds
[2024-12-20T05:32:55.397+0000] {processor.py:186} INFO - Started process (PID=13001) to work on /home/airflow/.local/lib/python3.12/site-packages/airflow/example_dags/example_bash_decorator.py
[2024-12-20T05:32:55.403+0000] {processor.py:914} INFO - Processing file /home/airflow/.local/lib/python3.12/site-packages/airflow/example_dags/example_bash_decorator.py for tasks to queue
[2024-12-20T05:32:55.410+0000] {logging_mixin.py:190} INFO - [2024-12-20T05:32:55.409+0000] {dagbag.py:588} INFO - Filling up the DagBag from /home/airflow/.local/lib/python3.12/site-packages/airflow/example_dags/example_bash_decorator.py
[2024-12-20T05:32:55.477+0000] {processor.py:925} INFO - DAG(s) 'example_bash_decorator' retrieved from /home/airflow/.local/lib/python3.12/site-packages/airflow/example_dags/example_bash_decorator.py
[2024-12-20T05:32:55.568+0000] {logging_mixin.py:190} INFO - [2024-12-20T05:32:55.567+0000] {dag.py:3239} INFO - Sync 1 DAGs
[2024-12-20T05:32:55.618+0000] {logging_mixin.py:190} INFO - [2024-12-20T05:32:55.617+0000] {dag.py:4180} INFO - Setting next_dagrun for example_bash_decorator to None, run_after=None
[2024-12-20T05:32:55.684+0000] {processor.py:208} INFO - Processing /home/airflow/.local/lib/python3.12/site-packages/airflow/example_dags/example_bash_decorator.py took 0.305 seconds
[2024-12-20T05:33:27.405+0000] {processor.py:186} INFO - Started process (PID=13066) to work on /home/airflow/.local/lib/python3.12/site-packages/airflow/example_dags/example_bash_decorator.py
[2024-12-20T05:33:27.407+0000] {processor.py:914} INFO - Processing file /home/airflow/.local/lib/python3.12/site-packages/airflow/example_dags/example_bash_decorator.py for tasks to queue
[2024-12-20T05:33:27.414+0000] {logging_mixin.py:190} INFO - [2024-12-20T05:33:27.413+0000] {dagbag.py:588} INFO - Filling up the DagBag from /home/airflow/.local/lib/python3.12/site-packages/airflow/example_dags/example_bash_decorator.py
[2024-12-20T05:33:27.454+0000] {processor.py:925} INFO - DAG(s) 'example_bash_decorator' retrieved from /home/airflow/.local/lib/python3.12/site-packages/airflow/example_dags/example_bash_decorator.py
[2024-12-20T05:33:27.512+0000] {logging_mixin.py:190} INFO - [2024-12-20T05:33:27.511+0000] {dag.py:3239} INFO - Sync 1 DAGs
[2024-12-20T05:33:27.552+0000] {logging_mixin.py:190} INFO - [2024-12-20T05:33:27.551+0000] {dag.py:4180} INFO - Setting next_dagrun for example_bash_decorator to None, run_after=None
[2024-12-20T05:33:27.629+0000] {processor.py:208} INFO - Processing /home/airflow/.local/lib/python3.12/site-packages/airflow/example_dags/example_bash_decorator.py took 0.241 seconds
[2024-12-20T05:34:03.257+0000] {processor.py:186} INFO - Started process (PID=13138) to work on /home/airflow/.local/lib/python3.12/site-packages/airflow/example_dags/example_bash_decorator.py
[2024-12-20T05:34:03.269+0000] {processor.py:914} INFO - Processing file /home/airflow/.local/lib/python3.12/site-packages/airflow/example_dags/example_bash_decorator.py for tasks to queue
[2024-12-20T05:34:03.290+0000] {logging_mixin.py:190} INFO - [2024-12-20T05:34:03.288+0000] {dagbag.py:588} INFO - Filling up the DagBag from /home/airflow/.local/lib/python3.12/site-packages/airflow/example_dags/example_bash_decorator.py
[2024-12-20T05:34:03.432+0000] {processor.py:925} INFO - DAG(s) 'example_bash_decorator' retrieved from /home/airflow/.local/lib/python3.12/site-packages/airflow/example_dags/example_bash_decorator.py
[2024-12-20T05:34:03.643+0000] {logging_mixin.py:190} INFO - [2024-12-20T05:34:03.633+0000] {dag.py:3239} INFO - Sync 1 DAGs
[2024-12-20T05:34:03.744+0000] {logging_mixin.py:190} INFO - [2024-12-20T05:34:03.743+0000] {dag.py:4180} INFO - Setting next_dagrun for example_bash_decorator to None, run_after=None
[2024-12-20T05:34:03.827+0000] {processor.py:208} INFO - Processing /home/airflow/.local/lib/python3.12/site-packages/airflow/example_dags/example_bash_decorator.py took 0.645 seconds
[2024-12-20T05:34:34.129+0000] {processor.py:186} INFO - Started process (PID=13203) to work on /home/airflow/.local/lib/python3.12/site-packages/airflow/example_dags/example_bash_decorator.py
[2024-12-20T05:34:34.132+0000] {processor.py:914} INFO - Processing file /home/airflow/.local/lib/python3.12/site-packages/airflow/example_dags/example_bash_decorator.py for tasks to queue
[2024-12-20T05:34:34.137+0000] {logging_mixin.py:190} INFO - [2024-12-20T05:34:34.136+0000] {dagbag.py:588} INFO - Filling up the DagBag from /home/airflow/.local/lib/python3.12/site-packages/airflow/example_dags/example_bash_decorator.py
[2024-12-20T05:34:34.172+0000] {processor.py:925} INFO - DAG(s) 'example_bash_decorator' retrieved from /home/airflow/.local/lib/python3.12/site-packages/airflow/example_dags/example_bash_decorator.py
[2024-12-20T05:34:34.227+0000] {logging_mixin.py:190} INFO - [2024-12-20T05:34:34.226+0000] {dag.py:3239} INFO - Sync 1 DAGs
[2024-12-20T05:34:34.258+0000] {logging_mixin.py:190} INFO - [2024-12-20T05:34:34.257+0000] {dag.py:4180} INFO - Setting next_dagrun for example_bash_decorator to None, run_after=None
[2024-12-20T05:34:34.301+0000] {processor.py:208} INFO - Processing /home/airflow/.local/lib/python3.12/site-packages/airflow/example_dags/example_bash_decorator.py took 0.189 seconds
[2024-12-20T05:35:06.900+0000] {processor.py:186} INFO - Started process (PID=13268) to work on /home/airflow/.local/lib/python3.12/site-packages/airflow/example_dags/example_bash_decorator.py
[2024-12-20T05:35:06.904+0000] {processor.py:914} INFO - Processing file /home/airflow/.local/lib/python3.12/site-packages/airflow/example_dags/example_bash_decorator.py for tasks to queue
[2024-12-20T05:35:06.912+0000] {logging_mixin.py:190} INFO - [2024-12-20T05:35:06.910+0000] {dagbag.py:588} INFO - Filling up the DagBag from /home/airflow/.local/lib/python3.12/site-packages/airflow/example_dags/example_bash_decorator.py
[2024-12-20T05:35:06.989+0000] {processor.py:925} INFO - DAG(s) 'example_bash_decorator' retrieved from /home/airflow/.local/lib/python3.12/site-packages/airflow/example_dags/example_bash_decorator.py
[2024-12-20T05:35:07.076+0000] {logging_mixin.py:190} INFO - [2024-12-20T05:35:07.075+0000] {dag.py:3239} INFO - Sync 1 DAGs
[2024-12-20T05:35:07.128+0000] {logging_mixin.py:190} INFO - [2024-12-20T05:35:07.127+0000] {dag.py:4180} INFO - Setting next_dagrun for example_bash_decorator to None, run_after=None
[2024-12-20T05:35:07.190+0000] {processor.py:208} INFO - Processing /home/airflow/.local/lib/python3.12/site-packages/airflow/example_dags/example_bash_decorator.py took 0.314 seconds
[2024-12-20T05:35:39.279+0000] {processor.py:186} INFO - Started process (PID=13335) to work on /home/airflow/.local/lib/python3.12/site-packages/airflow/example_dags/example_bash_decorator.py
[2024-12-20T05:35:39.282+0000] {processor.py:914} INFO - Processing file /home/airflow/.local/lib/python3.12/site-packages/airflow/example_dags/example_bash_decorator.py for tasks to queue
[2024-12-20T05:35:39.289+0000] {logging_mixin.py:190} INFO - [2024-12-20T05:35:39.289+0000] {dagbag.py:588} INFO - Filling up the DagBag from /home/airflow/.local/lib/python3.12/site-packages/airflow/example_dags/example_bash_decorator.py
[2024-12-20T05:35:39.345+0000] {processor.py:925} INFO - DAG(s) 'example_bash_decorator' retrieved from /home/airflow/.local/lib/python3.12/site-packages/airflow/example_dags/example_bash_decorator.py
[2024-12-20T05:35:39.418+0000] {logging_mixin.py:190} INFO - [2024-12-20T05:35:39.417+0000] {dag.py:3239} INFO - Sync 1 DAGs
[2024-12-20T05:35:39.479+0000] {logging_mixin.py:190} INFO - [2024-12-20T05:35:39.478+0000] {dag.py:4180} INFO - Setting next_dagrun for example_bash_decorator to None, run_after=None
[2024-12-20T05:35:39.548+0000] {processor.py:208} INFO - Processing /home/airflow/.local/lib/python3.12/site-packages/airflow/example_dags/example_bash_decorator.py took 0.288 seconds
[2024-12-20T05:36:11.412+0000] {processor.py:186} INFO - Started process (PID=13400) to work on /home/airflow/.local/lib/python3.12/site-packages/airflow/example_dags/example_bash_decorator.py
[2024-12-20T05:36:11.415+0000] {processor.py:914} INFO - Processing file /home/airflow/.local/lib/python3.12/site-packages/airflow/example_dags/example_bash_decorator.py for tasks to queue
[2024-12-20T05:36:11.422+0000] {logging_mixin.py:190} INFO - [2024-12-20T05:36:11.421+0000] {dagbag.py:588} INFO - Filling up the DagBag from /home/airflow/.local/lib/python3.12/site-packages/airflow/example_dags/example_bash_decorator.py
[2024-12-20T05:36:11.460+0000] {processor.py:925} INFO - DAG(s) 'example_bash_decorator' retrieved from /home/airflow/.local/lib/python3.12/site-packages/airflow/example_dags/example_bash_decorator.py
[2024-12-20T05:36:11.517+0000] {logging_mixin.py:190} INFO - [2024-12-20T05:36:11.517+0000] {dag.py:3239} INFO - Sync 1 DAGs
[2024-12-20T05:36:11.561+0000] {logging_mixin.py:190} INFO - [2024-12-20T05:36:11.561+0000] {dag.py:4180} INFO - Setting next_dagrun for example_bash_decorator to None, run_after=None
[2024-12-20T05:36:11.651+0000] {processor.py:208} INFO - Processing /home/airflow/.local/lib/python3.12/site-packages/airflow/example_dags/example_bash_decorator.py took 0.254 seconds
[2024-12-20T05:36:42.856+0000] {processor.py:186} INFO - Started process (PID=13465) to work on /home/airflow/.local/lib/python3.12/site-packages/airflow/example_dags/example_bash_decorator.py
[2024-12-20T05:36:42.858+0000] {processor.py:914} INFO - Processing file /home/airflow/.local/lib/python3.12/site-packages/airflow/example_dags/example_bash_decorator.py for tasks to queue
[2024-12-20T05:36:42.866+0000] {logging_mixin.py:190} INFO - [2024-12-20T05:36:42.865+0000] {dagbag.py:588} INFO - Filling up the DagBag from /home/airflow/.local/lib/python3.12/site-packages/airflow/example_dags/example_bash_decorator.py
[2024-12-20T05:36:42.905+0000] {processor.py:925} INFO - DAG(s) 'example_bash_decorator' retrieved from /home/airflow/.local/lib/python3.12/site-packages/airflow/example_dags/example_bash_decorator.py
[2024-12-20T05:36:42.958+0000] {logging_mixin.py:190} INFO - [2024-12-20T05:36:42.957+0000] {dag.py:3239} INFO - Sync 1 DAGs
[2024-12-20T05:36:42.992+0000] {logging_mixin.py:190} INFO - [2024-12-20T05:36:42.991+0000] {dag.py:4180} INFO - Setting next_dagrun for example_bash_decorator to None, run_after=None
[2024-12-20T05:36:43.036+0000] {processor.py:208} INFO - Processing /home/airflow/.local/lib/python3.12/site-packages/airflow/example_dags/example_bash_decorator.py took 0.195 seconds
[2024-12-20T05:37:15.821+0000] {processor.py:186} INFO - Started process (PID=13531) to work on /home/airflow/.local/lib/python3.12/site-packages/airflow/example_dags/example_bash_decorator.py
[2024-12-20T05:37:15.825+0000] {processor.py:914} INFO - Processing file /home/airflow/.local/lib/python3.12/site-packages/airflow/example_dags/example_bash_decorator.py for tasks to queue
[2024-12-20T05:37:15.841+0000] {logging_mixin.py:190} INFO - [2024-12-20T05:37:15.839+0000] {dagbag.py:588} INFO - Filling up the DagBag from /home/airflow/.local/lib/python3.12/site-packages/airflow/example_dags/example_bash_decorator.py
[2024-12-20T05:37:15.943+0000] {processor.py:925} INFO - DAG(s) 'example_bash_decorator' retrieved from /home/airflow/.local/lib/python3.12/site-packages/airflow/example_dags/example_bash_decorator.py
[2024-12-20T05:37:16.058+0000] {logging_mixin.py:190} INFO - [2024-12-20T05:37:16.057+0000] {dag.py:3239} INFO - Sync 1 DAGs
[2024-12-20T05:37:16.139+0000] {logging_mixin.py:190} INFO - [2024-12-20T05:37:16.138+0000] {dag.py:4180} INFO - Setting next_dagrun for example_bash_decorator to None, run_after=None
[2024-12-20T05:37:16.233+0000] {processor.py:208} INFO - Processing /home/airflow/.local/lib/python3.12/site-packages/airflow/example_dags/example_bash_decorator.py took 0.450 seconds
[2024-12-20T05:37:47.378+0000] {processor.py:186} INFO - Started process (PID=13596) to work on /home/airflow/.local/lib/python3.12/site-packages/airflow/example_dags/example_bash_decorator.py
[2024-12-20T05:37:47.380+0000] {processor.py:914} INFO - Processing file /home/airflow/.local/lib/python3.12/site-packages/airflow/example_dags/example_bash_decorator.py for tasks to queue
[2024-12-20T05:37:47.386+0000] {logging_mixin.py:190} INFO - [2024-12-20T05:37:47.385+0000] {dagbag.py:588} INFO - Filling up the DagBag from /home/airflow/.local/lib/python3.12/site-packages/airflow/example_dags/example_bash_decorator.py
[2024-12-20T05:37:47.433+0000] {processor.py:925} INFO - DAG(s) 'example_bash_decorator' retrieved from /home/airflow/.local/lib/python3.12/site-packages/airflow/example_dags/example_bash_decorator.py
[2024-12-20T05:37:47.490+0000] {logging_mixin.py:190} INFO - [2024-12-20T05:37:47.490+0000] {dag.py:3239} INFO - Sync 1 DAGs
[2024-12-20T05:37:47.532+0000] {logging_mixin.py:190} INFO - [2024-12-20T05:37:47.531+0000] {dag.py:4180} INFO - Setting next_dagrun for example_bash_decorator to None, run_after=None
[2024-12-20T05:37:47.586+0000] {processor.py:208} INFO - Processing /home/airflow/.local/lib/python3.12/site-packages/airflow/example_dags/example_bash_decorator.py took 0.224 seconds
[2024-12-20T05:38:20.597+0000] {processor.py:186} INFO - Started process (PID=13661) to work on /home/airflow/.local/lib/python3.12/site-packages/airflow/example_dags/example_bash_decorator.py
[2024-12-20T05:38:20.601+0000] {processor.py:914} INFO - Processing file /home/airflow/.local/lib/python3.12/site-packages/airflow/example_dags/example_bash_decorator.py for tasks to queue
[2024-12-20T05:38:20.611+0000] {logging_mixin.py:190} INFO - [2024-12-20T05:38:20.609+0000] {dagbag.py:588} INFO - Filling up the DagBag from /home/airflow/.local/lib/python3.12/site-packages/airflow/example_dags/example_bash_decorator.py
[2024-12-20T05:38:20.675+0000] {processor.py:925} INFO - DAG(s) 'example_bash_decorator' retrieved from /home/airflow/.local/lib/python3.12/site-packages/airflow/example_dags/example_bash_decorator.py
[2024-12-20T05:38:20.775+0000] {logging_mixin.py:190} INFO - [2024-12-20T05:38:20.774+0000] {dag.py:3239} INFO - Sync 1 DAGs
[2024-12-20T05:38:20.850+0000] {logging_mixin.py:190} INFO - [2024-12-20T05:38:20.847+0000] {dag.py:4180} INFO - Setting next_dagrun for example_bash_decorator to None, run_after=None
[2024-12-20T05:38:20.956+0000] {processor.py:208} INFO - Processing /home/airflow/.local/lib/python3.12/site-packages/airflow/example_dags/example_bash_decorator.py took 0.382 seconds
[2024-12-20T05:38:51.577+0000] {processor.py:186} INFO - Started process (PID=13726) to work on /home/airflow/.local/lib/python3.12/site-packages/airflow/example_dags/example_bash_decorator.py
[2024-12-20T05:38:51.578+0000] {processor.py:914} INFO - Processing file /home/airflow/.local/lib/python3.12/site-packages/airflow/example_dags/example_bash_decorator.py for tasks to queue
[2024-12-20T05:38:51.583+0000] {logging_mixin.py:190} INFO - [2024-12-20T05:38:51.582+0000] {dagbag.py:588} INFO - Filling up the DagBag from /home/airflow/.local/lib/python3.12/site-packages/airflow/example_dags/example_bash_decorator.py
[2024-12-20T05:38:51.606+0000] {processor.py:925} INFO - DAG(s) 'example_bash_decorator' retrieved from /home/airflow/.local/lib/python3.12/site-packages/airflow/example_dags/example_bash_decorator.py
[2024-12-20T05:38:51.643+0000] {logging_mixin.py:190} INFO - [2024-12-20T05:38:51.643+0000] {dag.py:3239} INFO - Sync 1 DAGs
[2024-12-20T05:38:51.667+0000] {logging_mixin.py:190} INFO - [2024-12-20T05:38:51.667+0000] {dag.py:4180} INFO - Setting next_dagrun for example_bash_decorator to None, run_after=None
[2024-12-20T05:38:51.696+0000] {processor.py:208} INFO - Processing /home/airflow/.local/lib/python3.12/site-packages/airflow/example_dags/example_bash_decorator.py took 0.128 seconds
[2024-12-20T05:39:23.594+0000] {processor.py:186} INFO - Started process (PID=13792) to work on /home/airflow/.local/lib/python3.12/site-packages/airflow/example_dags/example_bash_decorator.py
[2024-12-20T05:39:23.596+0000] {processor.py:914} INFO - Processing file /home/airflow/.local/lib/python3.12/site-packages/airflow/example_dags/example_bash_decorator.py for tasks to queue
[2024-12-20T05:39:23.602+0000] {logging_mixin.py:190} INFO - [2024-12-20T05:39:23.602+0000] {dagbag.py:588} INFO - Filling up the DagBag from /home/airflow/.local/lib/python3.12/site-packages/airflow/example_dags/example_bash_decorator.py
[2024-12-20T05:39:23.640+0000] {processor.py:925} INFO - DAG(s) 'example_bash_decorator' retrieved from /home/airflow/.local/lib/python3.12/site-packages/airflow/example_dags/example_bash_decorator.py
[2024-12-20T05:39:23.695+0000] {logging_mixin.py:190} INFO - [2024-12-20T05:39:23.694+0000] {dag.py:3239} INFO - Sync 1 DAGs
[2024-12-20T05:39:23.729+0000] {logging_mixin.py:190} INFO - [2024-12-20T05:39:23.729+0000] {dag.py:4180} INFO - Setting next_dagrun for example_bash_decorator to None, run_after=None
[2024-12-20T05:39:23.806+0000] {processor.py:208} INFO - Processing /home/airflow/.local/lib/python3.12/site-packages/airflow/example_dags/example_bash_decorator.py took 0.229 seconds
[2024-12-20T05:39:55.757+0000] {processor.py:186} INFO - Started process (PID=13857) to work on /home/airflow/.local/lib/python3.12/site-packages/airflow/example_dags/example_bash_decorator.py
[2024-12-20T05:39:55.759+0000] {processor.py:914} INFO - Processing file /home/airflow/.local/lib/python3.12/site-packages/airflow/example_dags/example_bash_decorator.py for tasks to queue
[2024-12-20T05:39:55.766+0000] {logging_mixin.py:190} INFO - [2024-12-20T05:39:55.765+0000] {dagbag.py:588} INFO - Filling up the DagBag from /home/airflow/.local/lib/python3.12/site-packages/airflow/example_dags/example_bash_decorator.py
[2024-12-20T05:39:55.800+0000] {processor.py:925} INFO - DAG(s) 'example_bash_decorator' retrieved from /home/airflow/.local/lib/python3.12/site-packages/airflow/example_dags/example_bash_decorator.py
[2024-12-20T05:39:55.854+0000] {logging_mixin.py:190} INFO - [2024-12-20T05:39:55.854+0000] {dag.py:3239} INFO - Sync 1 DAGs
[2024-12-20T05:39:55.885+0000] {logging_mixin.py:190} INFO - [2024-12-20T05:39:55.885+0000] {dag.py:4180} INFO - Setting next_dagrun for example_bash_decorator to None, run_after=None
[2024-12-20T05:39:55.937+0000] {processor.py:208} INFO - Processing /home/airflow/.local/lib/python3.12/site-packages/airflow/example_dags/example_bash_decorator.py took 0.196 seconds
[2024-12-20T05:40:27.583+0000] {processor.py:186} INFO - Started process (PID=13922) to work on /home/airflow/.local/lib/python3.12/site-packages/airflow/example_dags/example_bash_decorator.py
[2024-12-20T05:40:27.585+0000] {processor.py:914} INFO - Processing file /home/airflow/.local/lib/python3.12/site-packages/airflow/example_dags/example_bash_decorator.py for tasks to queue
[2024-12-20T05:40:27.593+0000] {logging_mixin.py:190} INFO - [2024-12-20T05:40:27.592+0000] {dagbag.py:588} INFO - Filling up the DagBag from /home/airflow/.local/lib/python3.12/site-packages/airflow/example_dags/example_bash_decorator.py
[2024-12-20T05:40:27.642+0000] {processor.py:925} INFO - DAG(s) 'example_bash_decorator' retrieved from /home/airflow/.local/lib/python3.12/site-packages/airflow/example_dags/example_bash_decorator.py
[2024-12-20T05:40:27.702+0000] {logging_mixin.py:190} INFO - [2024-12-20T05:40:27.701+0000] {dag.py:3239} INFO - Sync 1 DAGs
[2024-12-20T05:40:27.747+0000] {logging_mixin.py:190} INFO - [2024-12-20T05:40:27.746+0000] {dag.py:4180} INFO - Setting next_dagrun for example_bash_decorator to None, run_after=None
[2024-12-20T05:40:27.835+0000] {processor.py:208} INFO - Processing /home/airflow/.local/lib/python3.12/site-packages/airflow/example_dags/example_bash_decorator.py took 0.267 seconds
[2024-12-20T05:41:02.288+0000] {processor.py:186} INFO - Started process (PID=13991) to work on /home/airflow/.local/lib/python3.12/site-packages/airflow/example_dags/example_bash_decorator.py
[2024-12-20T05:41:02.290+0000] {processor.py:914} INFO - Processing file /home/airflow/.local/lib/python3.12/site-packages/airflow/example_dags/example_bash_decorator.py for tasks to queue
[2024-12-20T05:41:02.301+0000] {logging_mixin.py:190} INFO - [2024-12-20T05:41:02.300+0000] {dagbag.py:588} INFO - Filling up the DagBag from /home/airflow/.local/lib/python3.12/site-packages/airflow/example_dags/example_bash_decorator.py
[2024-12-20T05:41:02.353+0000] {processor.py:925} INFO - DAG(s) 'example_bash_decorator' retrieved from /home/airflow/.local/lib/python3.12/site-packages/airflow/example_dags/example_bash_decorator.py
[2024-12-20T05:41:02.424+0000] {logging_mixin.py:190} INFO - [2024-12-20T05:41:02.423+0000] {dag.py:3239} INFO - Sync 1 DAGs
[2024-12-20T05:41:02.466+0000] {logging_mixin.py:190} INFO - [2024-12-20T05:41:02.466+0000] {dag.py:4180} INFO - Setting next_dagrun for example_bash_decorator to None, run_after=None
[2024-12-20T05:41:02.511+0000] {processor.py:208} INFO - Processing /home/airflow/.local/lib/python3.12/site-packages/airflow/example_dags/example_bash_decorator.py took 0.245 seconds
[2024-12-20T05:41:33.257+0000] {processor.py:186} INFO - Started process (PID=14056) to work on /home/airflow/.local/lib/python3.12/site-packages/airflow/example_dags/example_bash_decorator.py
[2024-12-20T05:41:33.260+0000] {processor.py:914} INFO - Processing file /home/airflow/.local/lib/python3.12/site-packages/airflow/example_dags/example_bash_decorator.py for tasks to queue
[2024-12-20T05:41:33.267+0000] {logging_mixin.py:190} INFO - [2024-12-20T05:41:33.266+0000] {dagbag.py:588} INFO - Filling up the DagBag from /home/airflow/.local/lib/python3.12/site-packages/airflow/example_dags/example_bash_decorator.py
[2024-12-20T05:41:33.313+0000] {processor.py:925} INFO - DAG(s) 'example_bash_decorator' retrieved from /home/airflow/.local/lib/python3.12/site-packages/airflow/example_dags/example_bash_decorator.py
[2024-12-20T05:41:33.379+0000] {logging_mixin.py:190} INFO - [2024-12-20T05:41:33.378+0000] {dag.py:3239} INFO - Sync 1 DAGs
[2024-12-20T05:41:33.424+0000] {logging_mixin.py:190} INFO - [2024-12-20T05:41:33.424+0000] {dag.py:4180} INFO - Setting next_dagrun for example_bash_decorator to None, run_after=None
[2024-12-20T05:41:33.473+0000] {processor.py:208} INFO - Processing /home/airflow/.local/lib/python3.12/site-packages/airflow/example_dags/example_bash_decorator.py took 0.230 seconds
[2024-12-20T05:42:05.253+0000] {processor.py:186} INFO - Started process (PID=14127) to work on /home/airflow/.local/lib/python3.12/site-packages/airflow/example_dags/example_bash_decorator.py
[2024-12-20T05:42:05.255+0000] {processor.py:914} INFO - Processing file /home/airflow/.local/lib/python3.12/site-packages/airflow/example_dags/example_bash_decorator.py for tasks to queue
[2024-12-20T05:42:05.264+0000] {logging_mixin.py:190} INFO - [2024-12-20T05:42:05.262+0000] {dagbag.py:588} INFO - Filling up the DagBag from /home/airflow/.local/lib/python3.12/site-packages/airflow/example_dags/example_bash_decorator.py
[2024-12-20T05:42:05.317+0000] {processor.py:925} INFO - DAG(s) 'example_bash_decorator' retrieved from /home/airflow/.local/lib/python3.12/site-packages/airflow/example_dags/example_bash_decorator.py
[2024-12-20T05:42:05.382+0000] {logging_mixin.py:190} INFO - [2024-12-20T05:42:05.382+0000] {dag.py:3239} INFO - Sync 1 DAGs
[2024-12-20T05:42:05.435+0000] {logging_mixin.py:190} INFO - [2024-12-20T05:42:05.434+0000] {dag.py:4180} INFO - Setting next_dagrun for example_bash_decorator to None, run_after=None
[2024-12-20T05:42:05.525+0000] {processor.py:208} INFO - Processing /home/airflow/.local/lib/python3.12/site-packages/airflow/example_dags/example_bash_decorator.py took 0.291 seconds
[2024-12-20T05:42:36.150+0000] {processor.py:186} INFO - Started process (PID=14192) to work on /home/airflow/.local/lib/python3.12/site-packages/airflow/example_dags/example_bash_decorator.py
[2024-12-20T05:42:36.152+0000] {processor.py:914} INFO - Processing file /home/airflow/.local/lib/python3.12/site-packages/airflow/example_dags/example_bash_decorator.py for tasks to queue
[2024-12-20T05:42:36.158+0000] {logging_mixin.py:190} INFO - [2024-12-20T05:42:36.157+0000] {dagbag.py:588} INFO - Filling up the DagBag from /home/airflow/.local/lib/python3.12/site-packages/airflow/example_dags/example_bash_decorator.py
[2024-12-20T05:42:36.199+0000] {processor.py:925} INFO - DAG(s) 'example_bash_decorator' retrieved from /home/airflow/.local/lib/python3.12/site-packages/airflow/example_dags/example_bash_decorator.py
[2024-12-20T05:42:36.247+0000] {logging_mixin.py:190} INFO - [2024-12-20T05:42:36.246+0000] {dag.py:3239} INFO - Sync 1 DAGs
[2024-12-20T05:42:36.288+0000] {logging_mixin.py:190} INFO - [2024-12-20T05:42:36.287+0000] {dag.py:4180} INFO - Setting next_dagrun for example_bash_decorator to None, run_after=None
[2024-12-20T05:42:36.378+0000] {processor.py:208} INFO - Processing /home/airflow/.local/lib/python3.12/site-packages/airflow/example_dags/example_bash_decorator.py took 0.248 seconds
[2024-12-20T05:43:10.070+0000] {processor.py:186} INFO - Started process (PID=14259) to work on /home/airflow/.local/lib/python3.12/site-packages/airflow/example_dags/example_bash_decorator.py
[2024-12-20T05:43:10.074+0000] {processor.py:914} INFO - Processing file /home/airflow/.local/lib/python3.12/site-packages/airflow/example_dags/example_bash_decorator.py for tasks to queue
[2024-12-20T05:43:10.085+0000] {logging_mixin.py:190} INFO - [2024-12-20T05:43:10.082+0000] {dagbag.py:588} INFO - Filling up the DagBag from /home/airflow/.local/lib/python3.12/site-packages/airflow/example_dags/example_bash_decorator.py
[2024-12-20T05:43:10.165+0000] {processor.py:925} INFO - DAG(s) 'example_bash_decorator' retrieved from /home/airflow/.local/lib/python3.12/site-packages/airflow/example_dags/example_bash_decorator.py
[2024-12-20T05:43:10.265+0000] {logging_mixin.py:190} INFO - [2024-12-20T05:43:10.264+0000] {dag.py:3239} INFO - Sync 1 DAGs
[2024-12-20T05:43:10.329+0000] {logging_mixin.py:190} INFO - [2024-12-20T05:43:10.328+0000] {dag.py:4180} INFO - Setting next_dagrun for example_bash_decorator to None, run_after=None
[2024-12-20T05:43:10.394+0000] {processor.py:208} INFO - Processing /home/airflow/.local/lib/python3.12/site-packages/airflow/example_dags/example_bash_decorator.py took 0.348 seconds
[2024-12-20T05:43:41.429+0000] {processor.py:186} INFO - Started process (PID=14324) to work on /home/airflow/.local/lib/python3.12/site-packages/airflow/example_dags/example_bash_decorator.py
[2024-12-20T05:43:41.432+0000] {processor.py:914} INFO - Processing file /home/airflow/.local/lib/python3.12/site-packages/airflow/example_dags/example_bash_decorator.py for tasks to queue
[2024-12-20T05:43:41.439+0000] {logging_mixin.py:190} INFO - [2024-12-20T05:43:41.438+0000] {dagbag.py:588} INFO - Filling up the DagBag from /home/airflow/.local/lib/python3.12/site-packages/airflow/example_dags/example_bash_decorator.py
[2024-12-20T05:43:41.499+0000] {processor.py:925} INFO - DAG(s) 'example_bash_decorator' retrieved from /home/airflow/.local/lib/python3.12/site-packages/airflow/example_dags/example_bash_decorator.py
[2024-12-20T05:43:41.591+0000] {logging_mixin.py:190} INFO - [2024-12-20T05:43:41.591+0000] {dag.py:3239} INFO - Sync 1 DAGs
[2024-12-20T05:43:41.669+0000] {logging_mixin.py:190} INFO - [2024-12-20T05:43:41.668+0000] {dag.py:4180} INFO - Setting next_dagrun for example_bash_decorator to None, run_after=None
[2024-12-20T05:43:41.778+0000] {processor.py:208} INFO - Processing /home/airflow/.local/lib/python3.12/site-packages/airflow/example_dags/example_bash_decorator.py took 0.369 seconds
[2024-12-20T05:44:12.114+0000] {processor.py:186} INFO - Started process (PID=14388) to work on /home/airflow/.local/lib/python3.12/site-packages/airflow/example_dags/example_bash_decorator.py
[2024-12-20T05:44:12.116+0000] {processor.py:914} INFO - Processing file /home/airflow/.local/lib/python3.12/site-packages/airflow/example_dags/example_bash_decorator.py for tasks to queue
[2024-12-20T05:44:12.122+0000] {logging_mixin.py:190} INFO - [2024-12-20T05:44:12.121+0000] {dagbag.py:588} INFO - Filling up the DagBag from /home/airflow/.local/lib/python3.12/site-packages/airflow/example_dags/example_bash_decorator.py
[2024-12-20T05:44:12.164+0000] {processor.py:925} INFO - DAG(s) 'example_bash_decorator' retrieved from /home/airflow/.local/lib/python3.12/site-packages/airflow/example_dags/example_bash_decorator.py
[2024-12-20T05:44:12.224+0000] {logging_mixin.py:190} INFO - [2024-12-20T05:44:12.224+0000] {dag.py:3239} INFO - Sync 1 DAGs
[2024-12-20T05:44:12.261+0000] {logging_mixin.py:190} INFO - [2024-12-20T05:44:12.261+0000] {dag.py:4180} INFO - Setting next_dagrun for example_bash_decorator to None, run_after=None
[2024-12-20T05:44:12.346+0000] {processor.py:208} INFO - Processing /home/airflow/.local/lib/python3.12/site-packages/airflow/example_dags/example_bash_decorator.py took 0.253 seconds
[2024-12-20T05:44:42.769+0000] {processor.py:186} INFO - Started process (PID=14453) to work on /home/airflow/.local/lib/python3.12/site-packages/airflow/example_dags/example_bash_decorator.py
[2024-12-20T05:44:42.771+0000] {processor.py:914} INFO - Processing file /home/airflow/.local/lib/python3.12/site-packages/airflow/example_dags/example_bash_decorator.py for tasks to queue
[2024-12-20T05:44:42.777+0000] {logging_mixin.py:190} INFO - [2024-12-20T05:44:42.776+0000] {dagbag.py:588} INFO - Filling up the DagBag from /home/airflow/.local/lib/python3.12/site-packages/airflow/example_dags/example_bash_decorator.py
[2024-12-20T05:44:42.811+0000] {processor.py:925} INFO - DAG(s) 'example_bash_decorator' retrieved from /home/airflow/.local/lib/python3.12/site-packages/airflow/example_dags/example_bash_decorator.py
[2024-12-20T05:44:42.856+0000] {logging_mixin.py:190} INFO - [2024-12-20T05:44:42.856+0000] {dag.py:3239} INFO - Sync 1 DAGs
[2024-12-20T05:44:42.893+0000] {logging_mixin.py:190} INFO - [2024-12-20T05:44:42.892+0000] {dag.py:4180} INFO - Setting next_dagrun for example_bash_decorator to None, run_after=None
[2024-12-20T05:44:42.986+0000] {processor.py:208} INFO - Processing /home/airflow/.local/lib/python3.12/site-packages/airflow/example_dags/example_bash_decorator.py took 0.229 seconds
[2024-12-20T05:45:13.437+0000] {processor.py:186} INFO - Started process (PID=14517) to work on /home/airflow/.local/lib/python3.12/site-packages/airflow/example_dags/example_bash_decorator.py
[2024-12-20T05:45:13.439+0000] {processor.py:914} INFO - Processing file /home/airflow/.local/lib/python3.12/site-packages/airflow/example_dags/example_bash_decorator.py for tasks to queue
[2024-12-20T05:45:13.445+0000] {logging_mixin.py:190} INFO - [2024-12-20T05:45:13.444+0000] {dagbag.py:588} INFO - Filling up the DagBag from /home/airflow/.local/lib/python3.12/site-packages/airflow/example_dags/example_bash_decorator.py
[2024-12-20T05:45:13.479+0000] {processor.py:925} INFO - DAG(s) 'example_bash_decorator' retrieved from /home/airflow/.local/lib/python3.12/site-packages/airflow/example_dags/example_bash_decorator.py
[2024-12-20T05:45:13.534+0000] {logging_mixin.py:190} INFO - [2024-12-20T05:45:13.533+0000] {dag.py:3239} INFO - Sync 1 DAGs
[2024-12-20T05:45:13.568+0000] {logging_mixin.py:190} INFO - [2024-12-20T05:45:13.568+0000] {dag.py:4180} INFO - Setting next_dagrun for example_bash_decorator to None, run_after=None
[2024-12-20T05:45:13.648+0000] {processor.py:208} INFO - Processing /home/airflow/.local/lib/python3.12/site-packages/airflow/example_dags/example_bash_decorator.py took 0.225 seconds
[2024-12-20T05:45:44.162+0000] {processor.py:186} INFO - Started process (PID=14582) to work on /home/airflow/.local/lib/python3.12/site-packages/airflow/example_dags/example_bash_decorator.py
[2024-12-20T05:45:44.163+0000] {processor.py:914} INFO - Processing file /home/airflow/.local/lib/python3.12/site-packages/airflow/example_dags/example_bash_decorator.py for tasks to queue
[2024-12-20T05:45:44.166+0000] {logging_mixin.py:190} INFO - [2024-12-20T05:45:44.166+0000] {dagbag.py:588} INFO - Filling up the DagBag from /home/airflow/.local/lib/python3.12/site-packages/airflow/example_dags/example_bash_decorator.py
[2024-12-20T05:45:44.187+0000] {processor.py:925} INFO - DAG(s) 'example_bash_decorator' retrieved from /home/airflow/.local/lib/python3.12/site-packages/airflow/example_dags/example_bash_decorator.py
[2024-12-20T05:45:44.218+0000] {logging_mixin.py:190} INFO - [2024-12-20T05:45:44.217+0000] {dag.py:3239} INFO - Sync 1 DAGs
[2024-12-20T05:45:44.239+0000] {logging_mixin.py:190} INFO - [2024-12-20T05:45:44.239+0000] {dag.py:4180} INFO - Setting next_dagrun for example_bash_decorator to None, run_after=None
[2024-12-20T05:45:44.303+0000] {processor.py:208} INFO - Processing /home/airflow/.local/lib/python3.12/site-packages/airflow/example_dags/example_bash_decorator.py took 0.148 seconds
[2024-12-20T05:46:14.885+0000] {processor.py:186} INFO - Started process (PID=14647) to work on /home/airflow/.local/lib/python3.12/site-packages/airflow/example_dags/example_bash_decorator.py
[2024-12-20T05:46:14.888+0000] {processor.py:914} INFO - Processing file /home/airflow/.local/lib/python3.12/site-packages/airflow/example_dags/example_bash_decorator.py for tasks to queue
[2024-12-20T05:46:14.895+0000] {logging_mixin.py:190} INFO - [2024-12-20T05:46:14.894+0000] {dagbag.py:588} INFO - Filling up the DagBag from /home/airflow/.local/lib/python3.12/site-packages/airflow/example_dags/example_bash_decorator.py
[2024-12-20T05:46:14.952+0000] {processor.py:925} INFO - DAG(s) 'example_bash_decorator' retrieved from /home/airflow/.local/lib/python3.12/site-packages/airflow/example_dags/example_bash_decorator.py
[2024-12-20T05:46:15.024+0000] {logging_mixin.py:190} INFO - [2024-12-20T05:46:15.024+0000] {dag.py:3239} INFO - Sync 1 DAGs
[2024-12-20T05:46:15.064+0000] {logging_mixin.py:190} INFO - [2024-12-20T05:46:15.063+0000] {dag.py:4180} INFO - Setting next_dagrun for example_bash_decorator to None, run_after=None
[2024-12-20T05:46:15.119+0000] {processor.py:208} INFO - Processing /home/airflow/.local/lib/python3.12/site-packages/airflow/example_dags/example_bash_decorator.py took 0.253 seconds
[2024-12-20T05:46:45.263+0000] {processor.py:186} INFO - Started process (PID=14711) to work on /home/airflow/.local/lib/python3.12/site-packages/airflow/example_dags/example_bash_decorator.py
[2024-12-20T05:46:45.266+0000] {processor.py:914} INFO - Processing file /home/airflow/.local/lib/python3.12/site-packages/airflow/example_dags/example_bash_decorator.py for tasks to queue
[2024-12-20T05:46:45.273+0000] {logging_mixin.py:190} INFO - [2024-12-20T05:46:45.272+0000] {dagbag.py:588} INFO - Filling up the DagBag from /home/airflow/.local/lib/python3.12/site-packages/airflow/example_dags/example_bash_decorator.py
[2024-12-20T05:46:45.313+0000] {processor.py:925} INFO - DAG(s) 'example_bash_decorator' retrieved from /home/airflow/.local/lib/python3.12/site-packages/airflow/example_dags/example_bash_decorator.py
[2024-12-20T05:46:45.379+0000] {logging_mixin.py:190} INFO - [2024-12-20T05:46:45.378+0000] {dag.py:3239} INFO - Sync 1 DAGs
[2024-12-20T05:46:45.421+0000] {logging_mixin.py:190} INFO - [2024-12-20T05:46:45.421+0000] {dag.py:4180} INFO - Setting next_dagrun for example_bash_decorator to None, run_after=None
[2024-12-20T05:46:45.471+0000] {processor.py:208} INFO - Processing /home/airflow/.local/lib/python3.12/site-packages/airflow/example_dags/example_bash_decorator.py took 0.223 seconds
[2024-12-20T05:47:17.380+0000] {processor.py:186} INFO - Started process (PID=14777) to work on /home/airflow/.local/lib/python3.12/site-packages/airflow/example_dags/example_bash_decorator.py
[2024-12-20T05:47:17.384+0000] {processor.py:914} INFO - Processing file /home/airflow/.local/lib/python3.12/site-packages/airflow/example_dags/example_bash_decorator.py for tasks to queue
[2024-12-20T05:47:17.398+0000] {logging_mixin.py:190} INFO - [2024-12-20T05:47:17.397+0000] {dagbag.py:588} INFO - Filling up the DagBag from /home/airflow/.local/lib/python3.12/site-packages/airflow/example_dags/example_bash_decorator.py
[2024-12-20T05:47:17.457+0000] {processor.py:925} INFO - DAG(s) 'example_bash_decorator' retrieved from /home/airflow/.local/lib/python3.12/site-packages/airflow/example_dags/example_bash_decorator.py
[2024-12-20T05:47:17.534+0000] {logging_mixin.py:190} INFO - [2024-12-20T05:47:17.533+0000] {dag.py:3239} INFO - Sync 1 DAGs
[2024-12-20T05:47:17.585+0000] {logging_mixin.py:190} INFO - [2024-12-20T05:47:17.584+0000] {dag.py:4180} INFO - Setting next_dagrun for example_bash_decorator to None, run_after=None
[2024-12-20T05:47:17.637+0000] {processor.py:208} INFO - Processing /home/airflow/.local/lib/python3.12/site-packages/airflow/example_dags/example_bash_decorator.py took 0.288 seconds
[2024-12-20T05:47:55.608+0000] {processor.py:186} INFO - Started process (PID=14848) to work on /home/airflow/.local/lib/python3.12/site-packages/airflow/example_dags/example_bash_decorator.py
[2024-12-20T05:47:55.616+0000] {processor.py:914} INFO - Processing file /home/airflow/.local/lib/python3.12/site-packages/airflow/example_dags/example_bash_decorator.py for tasks to queue
[2024-12-20T05:47:55.630+0000] {logging_mixin.py:190} INFO - [2024-12-20T05:47:55.627+0000] {dagbag.py:588} INFO - Filling up the DagBag from /home/airflow/.local/lib/python3.12/site-packages/airflow/example_dags/example_bash_decorator.py
[2024-12-20T05:47:55.758+0000] {processor.py:925} INFO - DAG(s) 'example_bash_decorator' retrieved from /home/airflow/.local/lib/python3.12/site-packages/airflow/example_dags/example_bash_decorator.py
[2024-12-20T05:47:55.954+0000] {logging_mixin.py:190} INFO - [2024-12-20T05:47:55.952+0000] {dag.py:3239} INFO - Sync 1 DAGs
[2024-12-20T05:47:56.151+0000] {logging_mixin.py:190} INFO - [2024-12-20T05:47:56.150+0000] {dag.py:4180} INFO - Setting next_dagrun for example_bash_decorator to None, run_after=None
[2024-12-20T05:47:56.333+0000] {processor.py:208} INFO - Processing /home/airflow/.local/lib/python3.12/site-packages/airflow/example_dags/example_bash_decorator.py took 0.758 seconds
