[2024-12-20T05:28:01.713+0000] {processor.py:186} INFO - Started process (PID=12470) to work on /home/airflow/.local/lib/python3.12/site-packages/airflow/example_dags/example_inlet_event_extra.py
[2024-12-20T05:28:01.716+0000] {processor.py:914} INFO - Processing file /home/airflow/.local/lib/python3.12/site-packages/airflow/example_dags/example_inlet_event_extra.py for tasks to queue
[2024-12-20T05:28:01.734+0000] {logging_mixin.py:190} INFO - [2024-12-20T05:28:01.734+0000] {dagbag.py:588} INFO - Filling up the DagBag from /home/airflow/.local/lib/python3.12/site-packages/airflow/example_dags/example_inlet_event_extra.py
[2024-12-20T05:28:07.032+0000] {processor.py:925} INFO - DAG(s) 'read_dataset_event_from_classic', 'read_dataset_event' retrieved from /home/airflow/.local/lib/python3.12/site-packages/airflow/example_dags/example_inlet_event_extra.py
[2024-12-20T05:28:07.262+0000] {logging_mixin.py:190} INFO - [2024-12-20T05:28:07.261+0000] {dag.py:3239} INFO - Sync 2 DAGs
[2024-12-20T05:28:08.674+0000] {logging_mixin.py:190} INFO - [2024-12-20T05:28:08.673+0000] {dag.py:4180} INFO - Setting next_dagrun for read_dataset_event to 2024-12-19 00:00:00+00:00, run_after=2024-12-20 00:00:00+00:00
[2024-12-20T05:28:08.731+0000] {logging_mixin.py:190} INFO - [2024-12-20T05:28:08.721+0000] {dag.py:4180} INFO - Setting next_dagrun for read_dataset_event_from_classic to 2024-12-19 00:00:00+00:00, run_after=2024-12-20 00:00:00+00:00
[2024-12-20T05:28:08.896+0000] {processor.py:208} INFO - Processing /home/airflow/.local/lib/python3.12/site-packages/airflow/example_dags/example_inlet_event_extra.py took 7.206 seconds
[2024-12-20T05:28:56.323+0000] {processor.py:186} INFO - Started process (PID=12531) to work on /home/airflow/.local/lib/python3.12/site-packages/airflow/example_dags/example_inlet_event_extra.py
[2024-12-20T05:28:56.327+0000] {processor.py:914} INFO - Processing file /home/airflow/.local/lib/python3.12/site-packages/airflow/example_dags/example_inlet_event_extra.py for tasks to queue
[2024-12-20T05:28:56.344+0000] {logging_mixin.py:190} INFO - [2024-12-20T05:28:56.343+0000] {dagbag.py:588} INFO - Filling up the DagBag from /home/airflow/.local/lib/python3.12/site-packages/airflow/example_dags/example_inlet_event_extra.py
[2024-12-20T05:29:00.861+0000] {processor.py:925} INFO - DAG(s) 'read_dataset_event_from_classic', 'read_dataset_event' retrieved from /home/airflow/.local/lib/python3.12/site-packages/airflow/example_dags/example_inlet_event_extra.py
[2024-12-20T05:29:01.308+0000] {logging_mixin.py:190} INFO - [2024-12-20T05:29:01.307+0000] {dag.py:3239} INFO - Sync 2 DAGs
[2024-12-20T05:29:05.492+0000] {logging_mixin.py:190} INFO - [2024-12-20T05:29:05.491+0000] {dag.py:4180} INFO - Setting next_dagrun for read_dataset_event to 2024-12-19 00:00:00+00:00, run_after=2024-12-20 00:00:00+00:00
[2024-12-20T05:29:05.534+0000] {logging_mixin.py:190} INFO - [2024-12-20T05:29:05.531+0000] {dag.py:4180} INFO - Setting next_dagrun for read_dataset_event_from_classic to 2024-12-19 00:00:00+00:00, run_after=2024-12-20 00:00:00+00:00
[2024-12-20T05:29:05.631+0000] {processor.py:208} INFO - Processing /home/airflow/.local/lib/python3.12/site-packages/airflow/example_dags/example_inlet_event_extra.py took 9.372 seconds
[2024-12-20T05:29:36.283+0000] {processor.py:186} INFO - Started process (PID=12601) to work on /home/airflow/.local/lib/python3.12/site-packages/airflow/example_dags/example_inlet_event_extra.py
[2024-12-20T05:29:36.286+0000] {processor.py:914} INFO - Processing file /home/airflow/.local/lib/python3.12/site-packages/airflow/example_dags/example_inlet_event_extra.py for tasks to queue
[2024-12-20T05:29:36.294+0000] {logging_mixin.py:190} INFO - [2024-12-20T05:29:36.293+0000] {dagbag.py:588} INFO - Filling up the DagBag from /home/airflow/.local/lib/python3.12/site-packages/airflow/example_dags/example_inlet_event_extra.py
[2024-12-20T05:29:38.636+0000] {processor.py:925} INFO - DAG(s) 'read_dataset_event', 'read_dataset_event_from_classic' retrieved from /home/airflow/.local/lib/python3.12/site-packages/airflow/example_dags/example_inlet_event_extra.py
[2024-12-20T05:29:38.750+0000] {logging_mixin.py:190} INFO - [2024-12-20T05:29:38.749+0000] {dag.py:3239} INFO - Sync 2 DAGs
[2024-12-20T05:29:38.888+0000] {logging_mixin.py:190} INFO - [2024-12-20T05:29:38.887+0000] {dag.py:4180} INFO - Setting next_dagrun for read_dataset_event to 2024-12-19 00:00:00+00:00, run_after=2024-12-20 00:00:00+00:00
[2024-12-20T05:29:38.912+0000] {logging_mixin.py:190} INFO - [2024-12-20T05:29:38.911+0000] {dag.py:4180} INFO - Setting next_dagrun for read_dataset_event_from_classic to 2024-12-19 00:00:00+00:00, run_after=2024-12-20 00:00:00+00:00
[2024-12-20T05:29:38.987+0000] {processor.py:208} INFO - Processing /home/airflow/.local/lib/python3.12/site-packages/airflow/example_dags/example_inlet_event_extra.py took 2.726 seconds
[2024-12-20T05:30:09.305+0000] {processor.py:186} INFO - Started process (PID=12667) to work on /home/airflow/.local/lib/python3.12/site-packages/airflow/example_dags/example_inlet_event_extra.py
[2024-12-20T05:30:09.307+0000] {processor.py:914} INFO - Processing file /home/airflow/.local/lib/python3.12/site-packages/airflow/example_dags/example_inlet_event_extra.py for tasks to queue
[2024-12-20T05:30:09.314+0000] {logging_mixin.py:190} INFO - [2024-12-20T05:30:09.313+0000] {dagbag.py:588} INFO - Filling up the DagBag from /home/airflow/.local/lib/python3.12/site-packages/airflow/example_dags/example_inlet_event_extra.py
[2024-12-20T05:30:11.298+0000] {processor.py:925} INFO - DAG(s) 'read_dataset_event', 'read_dataset_event_from_classic' retrieved from /home/airflow/.local/lib/python3.12/site-packages/airflow/example_dags/example_inlet_event_extra.py
[2024-12-20T05:30:11.371+0000] {logging_mixin.py:190} INFO - [2024-12-20T05:30:11.370+0000] {dag.py:3239} INFO - Sync 2 DAGs
[2024-12-20T05:30:11.471+0000] {logging_mixin.py:190} INFO - [2024-12-20T05:30:11.471+0000] {dag.py:4180} INFO - Setting next_dagrun for read_dataset_event to 2024-12-19 00:00:00+00:00, run_after=2024-12-20 00:00:00+00:00
[2024-12-20T05:30:11.489+0000] {logging_mixin.py:190} INFO - [2024-12-20T05:30:11.488+0000] {dag.py:4180} INFO - Setting next_dagrun for read_dataset_event_from_classic to 2024-12-19 00:00:00+00:00, run_after=2024-12-20 00:00:00+00:00
[2024-12-20T05:30:11.546+0000] {processor.py:208} INFO - Processing /home/airflow/.local/lib/python3.12/site-packages/airflow/example_dags/example_inlet_event_extra.py took 2.258 seconds
[2024-12-20T05:30:41.825+0000] {processor.py:186} INFO - Started process (PID=12732) to work on /home/airflow/.local/lib/python3.12/site-packages/airflow/example_dags/example_inlet_event_extra.py
[2024-12-20T05:30:41.829+0000] {processor.py:914} INFO - Processing file /home/airflow/.local/lib/python3.12/site-packages/airflow/example_dags/example_inlet_event_extra.py for tasks to queue
[2024-12-20T05:30:41.836+0000] {logging_mixin.py:190} INFO - [2024-12-20T05:30:41.835+0000] {dagbag.py:588} INFO - Filling up the DagBag from /home/airflow/.local/lib/python3.12/site-packages/airflow/example_dags/example_inlet_event_extra.py
[2024-12-20T05:30:43.452+0000] {processor.py:925} INFO - DAG(s) 'read_dataset_event_from_classic', 'read_dataset_event' retrieved from /home/airflow/.local/lib/python3.12/site-packages/airflow/example_dags/example_inlet_event_extra.py
[2024-12-20T05:30:43.515+0000] {logging_mixin.py:190} INFO - [2024-12-20T05:30:43.514+0000] {dag.py:3239} INFO - Sync 2 DAGs
[2024-12-20T05:30:43.891+0000] {logging_mixin.py:190} INFO - [2024-12-20T05:30:43.891+0000] {dag.py:4180} INFO - Setting next_dagrun for read_dataset_event to 2024-12-19 00:00:00+00:00, run_after=2024-12-20 00:00:00+00:00
[2024-12-20T05:30:43.907+0000] {logging_mixin.py:190} INFO - [2024-12-20T05:30:43.906+0000] {dag.py:4180} INFO - Setting next_dagrun for read_dataset_event_from_classic to 2024-12-19 00:00:00+00:00, run_after=2024-12-20 00:00:00+00:00
[2024-12-20T05:30:43.951+0000] {processor.py:208} INFO - Processing /home/airflow/.local/lib/python3.12/site-packages/airflow/example_dags/example_inlet_event_extra.py took 2.146 seconds
[2024-12-20T05:31:14.396+0000] {processor.py:186} INFO - Started process (PID=12797) to work on /home/airflow/.local/lib/python3.12/site-packages/airflow/example_dags/example_inlet_event_extra.py
[2024-12-20T05:31:14.397+0000] {processor.py:914} INFO - Processing file /home/airflow/.local/lib/python3.12/site-packages/airflow/example_dags/example_inlet_event_extra.py for tasks to queue
[2024-12-20T05:31:14.401+0000] {logging_mixin.py:190} INFO - [2024-12-20T05:31:14.401+0000] {dagbag.py:588} INFO - Filling up the DagBag from /home/airflow/.local/lib/python3.12/site-packages/airflow/example_dags/example_inlet_event_extra.py
[2024-12-20T05:31:15.346+0000] {processor.py:925} INFO - DAG(s) 'read_dataset_event_from_classic', 'read_dataset_event' retrieved from /home/airflow/.local/lib/python3.12/site-packages/airflow/example_dags/example_inlet_event_extra.py
[2024-12-20T05:31:15.408+0000] {logging_mixin.py:190} INFO - [2024-12-20T05:31:15.408+0000] {dag.py:3239} INFO - Sync 2 DAGs
[2024-12-20T05:31:15.857+0000] {logging_mixin.py:190} INFO - [2024-12-20T05:31:15.856+0000] {dag.py:4180} INFO - Setting next_dagrun for read_dataset_event to 2024-12-19 00:00:00+00:00, run_after=2024-12-20 00:00:00+00:00
[2024-12-20T05:31:15.873+0000] {logging_mixin.py:190} INFO - [2024-12-20T05:31:15.872+0000] {dag.py:4180} INFO - Setting next_dagrun for read_dataset_event_from_classic to 2024-12-19 00:00:00+00:00, run_after=2024-12-20 00:00:00+00:00
[2024-12-20T05:31:15.956+0000] {processor.py:208} INFO - Processing /home/airflow/.local/lib/python3.12/site-packages/airflow/example_dags/example_inlet_event_extra.py took 1.569 seconds
[2024-12-20T05:31:46.228+0000] {processor.py:186} INFO - Started process (PID=12862) to work on /home/airflow/.local/lib/python3.12/site-packages/airflow/example_dags/example_inlet_event_extra.py
[2024-12-20T05:31:46.230+0000] {processor.py:914} INFO - Processing file /home/airflow/.local/lib/python3.12/site-packages/airflow/example_dags/example_inlet_event_extra.py for tasks to queue
[2024-12-20T05:31:46.233+0000] {logging_mixin.py:190} INFO - [2024-12-20T05:31:46.232+0000] {dagbag.py:588} INFO - Filling up the DagBag from /home/airflow/.local/lib/python3.12/site-packages/airflow/example_dags/example_inlet_event_extra.py
[2024-12-20T05:31:46.741+0000] {processor.py:925} INFO - DAG(s) 'read_dataset_event_from_classic', 'read_dataset_event' retrieved from /home/airflow/.local/lib/python3.12/site-packages/airflow/example_dags/example_inlet_event_extra.py
[2024-12-20T05:31:46.770+0000] {logging_mixin.py:190} INFO - [2024-12-20T05:31:46.770+0000] {dag.py:3239} INFO - Sync 2 DAGs
[2024-12-20T05:31:46.802+0000] {logging_mixin.py:190} INFO - [2024-12-20T05:31:46.802+0000] {dag.py:4180} INFO - Setting next_dagrun for read_dataset_event to 2024-12-19 00:00:00+00:00, run_after=2024-12-20 00:00:00+00:00
[2024-12-20T05:31:46.809+0000] {logging_mixin.py:190} INFO - [2024-12-20T05:31:46.809+0000] {dag.py:4180} INFO - Setting next_dagrun for read_dataset_event_from_classic to 2024-12-19 00:00:00+00:00, run_after=2024-12-20 00:00:00+00:00
[2024-12-20T05:31:46.872+0000] {processor.py:208} INFO - Processing /home/airflow/.local/lib/python3.12/site-packages/airflow/example_dags/example_inlet_event_extra.py took 0.653 seconds
[2024-12-20T05:32:17.625+0000] {processor.py:186} INFO - Started process (PID=12927) to work on /home/airflow/.local/lib/python3.12/site-packages/airflow/example_dags/example_inlet_event_extra.py
[2024-12-20T05:32:17.628+0000] {processor.py:914} INFO - Processing file /home/airflow/.local/lib/python3.12/site-packages/airflow/example_dags/example_inlet_event_extra.py for tasks to queue
[2024-12-20T05:32:17.641+0000] {logging_mixin.py:190} INFO - [2024-12-20T05:32:17.639+0000] {dagbag.py:588} INFO - Filling up the DagBag from /home/airflow/.local/lib/python3.12/site-packages/airflow/example_dags/example_inlet_event_extra.py
[2024-12-20T05:32:20.569+0000] {processor.py:925} INFO - DAG(s) 'read_dataset_event', 'read_dataset_event_from_classic' retrieved from /home/airflow/.local/lib/python3.12/site-packages/airflow/example_dags/example_inlet_event_extra.py
[2024-12-20T05:32:20.709+0000] {logging_mixin.py:190} INFO - [2024-12-20T05:32:20.708+0000] {dag.py:3239} INFO - Sync 2 DAGs
[2024-12-20T05:32:20.966+0000] {logging_mixin.py:190} INFO - [2024-12-20T05:32:20.964+0000] {dag.py:4180} INFO - Setting next_dagrun for read_dataset_event to 2024-12-19 00:00:00+00:00, run_after=2024-12-20 00:00:00+00:00
[2024-12-20T05:32:21.031+0000] {logging_mixin.py:190} INFO - [2024-12-20T05:32:21.030+0000] {dag.py:4180} INFO - Setting next_dagrun for read_dataset_event_from_classic to 2024-12-19 00:00:00+00:00, run_after=2024-12-20 00:00:00+00:00
[2024-12-20T05:32:21.177+0000] {processor.py:208} INFO - Processing /home/airflow/.local/lib/python3.12/site-packages/airflow/example_dags/example_inlet_event_extra.py took 3.575 seconds
[2024-12-20T05:32:51.905+0000] {processor.py:186} INFO - Started process (PID=12992) to work on /home/airflow/.local/lib/python3.12/site-packages/airflow/example_dags/example_inlet_event_extra.py
[2024-12-20T05:32:51.909+0000] {processor.py:914} INFO - Processing file /home/airflow/.local/lib/python3.12/site-packages/airflow/example_dags/example_inlet_event_extra.py for tasks to queue
[2024-12-20T05:32:51.917+0000] {logging_mixin.py:190} INFO - [2024-12-20T05:32:51.916+0000] {dagbag.py:588} INFO - Filling up the DagBag from /home/airflow/.local/lib/python3.12/site-packages/airflow/example_dags/example_inlet_event_extra.py
[2024-12-20T05:32:52.652+0000] {processor.py:925} INFO - DAG(s) 'read_dataset_event', 'read_dataset_event_from_classic' retrieved from /home/airflow/.local/lib/python3.12/site-packages/airflow/example_dags/example_inlet_event_extra.py
[2024-12-20T05:32:52.710+0000] {logging_mixin.py:190} INFO - [2024-12-20T05:32:52.709+0000] {dag.py:3239} INFO - Sync 2 DAGs
[2024-12-20T05:32:53.277+0000] {logging_mixin.py:190} INFO - [2024-12-20T05:32:53.276+0000] {dag.py:4180} INFO - Setting next_dagrun for read_dataset_event to 2024-12-19 00:00:00+00:00, run_after=2024-12-20 00:00:00+00:00
[2024-12-20T05:32:53.294+0000] {logging_mixin.py:190} INFO - [2024-12-20T05:32:53.293+0000] {dag.py:4180} INFO - Setting next_dagrun for read_dataset_event_from_classic to 2024-12-19 00:00:00+00:00, run_after=2024-12-20 00:00:00+00:00
[2024-12-20T05:32:53.335+0000] {processor.py:208} INFO - Processing /home/airflow/.local/lib/python3.12/site-packages/airflow/example_dags/example_inlet_event_extra.py took 1.448 seconds
[2024-12-20T05:33:24.054+0000] {processor.py:186} INFO - Started process (PID=13057) to work on /home/airflow/.local/lib/python3.12/site-packages/airflow/example_dags/example_inlet_event_extra.py
[2024-12-20T05:33:24.057+0000] {processor.py:914} INFO - Processing file /home/airflow/.local/lib/python3.12/site-packages/airflow/example_dags/example_inlet_event_extra.py for tasks to queue
[2024-12-20T05:33:24.065+0000] {logging_mixin.py:190} INFO - [2024-12-20T05:33:24.064+0000] {dagbag.py:588} INFO - Filling up the DagBag from /home/airflow/.local/lib/python3.12/site-packages/airflow/example_dags/example_inlet_event_extra.py
[2024-12-20T05:33:25.106+0000] {processor.py:925} INFO - DAG(s) 'read_dataset_event_from_classic', 'read_dataset_event' retrieved from /home/airflow/.local/lib/python3.12/site-packages/airflow/example_dags/example_inlet_event_extra.py
[2024-12-20T05:33:25.162+0000] {logging_mixin.py:190} INFO - [2024-12-20T05:33:25.161+0000] {dag.py:3239} INFO - Sync 2 DAGs
[2024-12-20T05:33:25.576+0000] {logging_mixin.py:190} INFO - [2024-12-20T05:33:25.575+0000] {dag.py:4180} INFO - Setting next_dagrun for read_dataset_event to 2024-12-19 00:00:00+00:00, run_after=2024-12-20 00:00:00+00:00
[2024-12-20T05:33:25.586+0000] {logging_mixin.py:190} INFO - [2024-12-20T05:33:25.586+0000] {dag.py:4180} INFO - Setting next_dagrun for read_dataset_event_from_classic to 2024-12-19 00:00:00+00:00, run_after=2024-12-20 00:00:00+00:00
[2024-12-20T05:33:25.658+0000] {processor.py:208} INFO - Processing /home/airflow/.local/lib/python3.12/site-packages/airflow/example_dags/example_inlet_event_extra.py took 1.620 seconds
[2024-12-20T05:33:56.280+0000] {processor.py:186} INFO - Started process (PID=13122) to work on /home/airflow/.local/lib/python3.12/site-packages/airflow/example_dags/example_inlet_event_extra.py
[2024-12-20T05:33:56.284+0000] {processor.py:914} INFO - Processing file /home/airflow/.local/lib/python3.12/site-packages/airflow/example_dags/example_inlet_event_extra.py for tasks to queue
[2024-12-20T05:33:56.297+0000] {logging_mixin.py:190} INFO - [2024-12-20T05:33:56.296+0000] {dagbag.py:588} INFO - Filling up the DagBag from /home/airflow/.local/lib/python3.12/site-packages/airflow/example_dags/example_inlet_event_extra.py
[2024-12-20T05:33:59.867+0000] {processor.py:925} INFO - DAG(s) 'read_dataset_event_from_classic', 'read_dataset_event' retrieved from /home/airflow/.local/lib/python3.12/site-packages/airflow/example_dags/example_inlet_event_extra.py
[2024-12-20T05:33:59.957+0000] {logging_mixin.py:190} INFO - [2024-12-20T05:33:59.956+0000] {dag.py:3239} INFO - Sync 2 DAGs
[2024-12-20T05:34:00.091+0000] {logging_mixin.py:190} INFO - [2024-12-20T05:34:00.090+0000] {dag.py:4180} INFO - Setting next_dagrun for read_dataset_event to 2024-12-19 00:00:00+00:00, run_after=2024-12-20 00:00:00+00:00
[2024-12-20T05:34:00.114+0000] {logging_mixin.py:190} INFO - [2024-12-20T05:34:00.114+0000] {dag.py:4180} INFO - Setting next_dagrun for read_dataset_event_from_classic to 2024-12-19 00:00:00+00:00, run_after=2024-12-20 00:00:00+00:00
[2024-12-20T05:34:00.169+0000] {processor.py:208} INFO - Processing /home/airflow/.local/lib/python3.12/site-packages/airflow/example_dags/example_inlet_event_extra.py took 3.926 seconds
[2024-12-20T05:34:30.329+0000] {processor.py:186} INFO - Started process (PID=13188) to work on /home/airflow/.local/lib/python3.12/site-packages/airflow/example_dags/example_inlet_event_extra.py
[2024-12-20T05:34:30.331+0000] {processor.py:914} INFO - Processing file /home/airflow/.local/lib/python3.12/site-packages/airflow/example_dags/example_inlet_event_extra.py for tasks to queue
[2024-12-20T05:34:30.335+0000] {logging_mixin.py:190} INFO - [2024-12-20T05:34:30.334+0000] {dagbag.py:588} INFO - Filling up the DagBag from /home/airflow/.local/lib/python3.12/site-packages/airflow/example_dags/example_inlet_event_extra.py
[2024-12-20T05:34:31.746+0000] {processor.py:925} INFO - DAG(s) 'read_dataset_event_from_classic', 'read_dataset_event' retrieved from /home/airflow/.local/lib/python3.12/site-packages/airflow/example_dags/example_inlet_event_extra.py
[2024-12-20T05:34:31.792+0000] {logging_mixin.py:190} INFO - [2024-12-20T05:34:31.792+0000] {dag.py:3239} INFO - Sync 2 DAGs
[2024-12-20T05:34:31.866+0000] {logging_mixin.py:190} INFO - [2024-12-20T05:34:31.865+0000] {dag.py:4180} INFO - Setting next_dagrun for read_dataset_event to 2024-12-19 00:00:00+00:00, run_after=2024-12-20 00:00:00+00:00
[2024-12-20T05:34:31.881+0000] {logging_mixin.py:190} INFO - [2024-12-20T05:34:31.881+0000] {dag.py:4180} INFO - Setting next_dagrun for read_dataset_event_from_classic to 2024-12-19 00:00:00+00:00, run_after=2024-12-20 00:00:00+00:00
[2024-12-20T05:34:31.925+0000] {processor.py:208} INFO - Processing /home/airflow/.local/lib/python3.12/site-packages/airflow/example_dags/example_inlet_event_extra.py took 1.608 seconds
[2024-12-20T05:35:02.638+0000] {processor.py:186} INFO - Started process (PID=13259) to work on /home/airflow/.local/lib/python3.12/site-packages/airflow/example_dags/example_inlet_event_extra.py
[2024-12-20T05:35:02.640+0000] {processor.py:914} INFO - Processing file /home/airflow/.local/lib/python3.12/site-packages/airflow/example_dags/example_inlet_event_extra.py for tasks to queue
[2024-12-20T05:35:02.647+0000] {logging_mixin.py:190} INFO - [2024-12-20T05:35:02.646+0000] {dagbag.py:588} INFO - Filling up the DagBag from /home/airflow/.local/lib/python3.12/site-packages/airflow/example_dags/example_inlet_event_extra.py
[2024-12-20T05:35:04.508+0000] {processor.py:925} INFO - DAG(s) 'read_dataset_event_from_classic', 'read_dataset_event' retrieved from /home/airflow/.local/lib/python3.12/site-packages/airflow/example_dags/example_inlet_event_extra.py
[2024-12-20T05:35:04.584+0000] {logging_mixin.py:190} INFO - [2024-12-20T05:35:04.583+0000] {dag.py:3239} INFO - Sync 2 DAGs
[2024-12-20T05:35:04.692+0000] {logging_mixin.py:190} INFO - [2024-12-20T05:35:04.690+0000] {dag.py:4180} INFO - Setting next_dagrun for read_dataset_event to 2024-12-19 00:00:00+00:00, run_after=2024-12-20 00:00:00+00:00
[2024-12-20T05:35:04.720+0000] {logging_mixin.py:190} INFO - [2024-12-20T05:35:04.720+0000] {dag.py:4180} INFO - Setting next_dagrun for read_dataset_event_from_classic to 2024-12-19 00:00:00+00:00, run_after=2024-12-20 00:00:00+00:00
[2024-12-20T05:35:04.780+0000] {processor.py:208} INFO - Processing /home/airflow/.local/lib/python3.12/site-packages/airflow/example_dags/example_inlet_event_extra.py took 2.157 seconds
[2024-12-20T05:35:35.540+0000] {processor.py:186} INFO - Started process (PID=13324) to work on /home/airflow/.local/lib/python3.12/site-packages/airflow/example_dags/example_inlet_event_extra.py
[2024-12-20T05:35:35.542+0000] {processor.py:914} INFO - Processing file /home/airflow/.local/lib/python3.12/site-packages/airflow/example_dags/example_inlet_event_extra.py for tasks to queue
[2024-12-20T05:35:35.546+0000] {logging_mixin.py:190} INFO - [2024-12-20T05:35:35.546+0000] {dagbag.py:588} INFO - Filling up the DagBag from /home/airflow/.local/lib/python3.12/site-packages/airflow/example_dags/example_inlet_event_extra.py
[2024-12-20T05:35:36.852+0000] {processor.py:925} INFO - DAG(s) 'read_dataset_event_from_classic', 'read_dataset_event' retrieved from /home/airflow/.local/lib/python3.12/site-packages/airflow/example_dags/example_inlet_event_extra.py
[2024-12-20T05:35:36.904+0000] {logging_mixin.py:190} INFO - [2024-12-20T05:35:36.903+0000] {dag.py:3239} INFO - Sync 2 DAGs
[2024-12-20T05:35:36.967+0000] {logging_mixin.py:190} INFO - [2024-12-20T05:35:36.966+0000] {dag.py:4180} INFO - Setting next_dagrun for read_dataset_event to 2024-12-19 00:00:00+00:00, run_after=2024-12-20 00:00:00+00:00
[2024-12-20T05:35:36.984+0000] {logging_mixin.py:190} INFO - [2024-12-20T05:35:36.984+0000] {dag.py:4180} INFO - Setting next_dagrun for read_dataset_event_from_classic to 2024-12-19 00:00:00+00:00, run_after=2024-12-20 00:00:00+00:00
[2024-12-20T05:35:37.066+0000] {processor.py:208} INFO - Processing /home/airflow/.local/lib/python3.12/site-packages/airflow/example_dags/example_inlet_event_extra.py took 1.540 seconds
[2024-12-20T05:36:08.057+0000] {processor.py:186} INFO - Started process (PID=13389) to work on /home/airflow/.local/lib/python3.12/site-packages/airflow/example_dags/example_inlet_event_extra.py
[2024-12-20T05:36:08.062+0000] {processor.py:914} INFO - Processing file /home/airflow/.local/lib/python3.12/site-packages/airflow/example_dags/example_inlet_event_extra.py for tasks to queue
[2024-12-20T05:36:08.075+0000] {logging_mixin.py:190} INFO - [2024-12-20T05:36:08.074+0000] {dagbag.py:588} INFO - Filling up the DagBag from /home/airflow/.local/lib/python3.12/site-packages/airflow/example_dags/example_inlet_event_extra.py
[2024-12-20T05:36:08.904+0000] {processor.py:925} INFO - DAG(s) 'read_dataset_event', 'read_dataset_event_from_classic' retrieved from /home/airflow/.local/lib/python3.12/site-packages/airflow/example_dags/example_inlet_event_extra.py
[2024-12-20T05:36:08.936+0000] {logging_mixin.py:190} INFO - [2024-12-20T05:36:08.936+0000] {dag.py:3239} INFO - Sync 2 DAGs
[2024-12-20T05:36:08.976+0000] {logging_mixin.py:190} INFO - [2024-12-20T05:36:08.976+0000] {dag.py:4180} INFO - Setting next_dagrun for read_dataset_event to 2024-12-19 00:00:00+00:00, run_after=2024-12-20 00:00:00+00:00
[2024-12-20T05:36:08.984+0000] {logging_mixin.py:190} INFO - [2024-12-20T05:36:08.984+0000] {dag.py:4180} INFO - Setting next_dagrun for read_dataset_event_from_classic to 2024-12-19 00:00:00+00:00, run_after=2024-12-20 00:00:00+00:00
[2024-12-20T05:36:09.048+0000] {processor.py:208} INFO - Processing /home/airflow/.local/lib/python3.12/site-packages/airflow/example_dags/example_inlet_event_extra.py took 1.017 seconds
[2024-12-20T05:36:39.976+0000] {processor.py:186} INFO - Started process (PID=13454) to work on /home/airflow/.local/lib/python3.12/site-packages/airflow/example_dags/example_inlet_event_extra.py
[2024-12-20T05:36:39.979+0000] {processor.py:914} INFO - Processing file /home/airflow/.local/lib/python3.12/site-packages/airflow/example_dags/example_inlet_event_extra.py for tasks to queue
[2024-12-20T05:36:39.986+0000] {logging_mixin.py:190} INFO - [2024-12-20T05:36:39.985+0000] {dagbag.py:588} INFO - Filling up the DagBag from /home/airflow/.local/lib/python3.12/site-packages/airflow/example_dags/example_inlet_event_extra.py
[2024-12-20T05:36:41.089+0000] {processor.py:925} INFO - DAG(s) 'read_dataset_event', 'read_dataset_event_from_classic' retrieved from /home/airflow/.local/lib/python3.12/site-packages/airflow/example_dags/example_inlet_event_extra.py
[2024-12-20T05:36:41.136+0000] {logging_mixin.py:190} INFO - [2024-12-20T05:36:41.135+0000] {dag.py:3239} INFO - Sync 2 DAGs
[2024-12-20T05:36:41.204+0000] {logging_mixin.py:190} INFO - [2024-12-20T05:36:41.204+0000] {dag.py:4180} INFO - Setting next_dagrun for read_dataset_event to 2024-12-19 00:00:00+00:00, run_after=2024-12-20 00:00:00+00:00
[2024-12-20T05:36:41.217+0000] {logging_mixin.py:190} INFO - [2024-12-20T05:36:41.216+0000] {dag.py:4180} INFO - Setting next_dagrun for read_dataset_event_from_classic to 2024-12-19 00:00:00+00:00, run_after=2024-12-20 00:00:00+00:00
[2024-12-20T05:36:41.252+0000] {processor.py:208} INFO - Processing /home/airflow/.local/lib/python3.12/site-packages/airflow/example_dags/example_inlet_event_extra.py took 1.289 seconds
[2024-12-20T05:37:11.490+0000] {processor.py:186} INFO - Started process (PID=13520) to work on /home/airflow/.local/lib/python3.12/site-packages/airflow/example_dags/example_inlet_event_extra.py
[2024-12-20T05:37:11.493+0000] {processor.py:914} INFO - Processing file /home/airflow/.local/lib/python3.12/site-packages/airflow/example_dags/example_inlet_event_extra.py for tasks to queue
[2024-12-20T05:37:11.500+0000] {logging_mixin.py:190} INFO - [2024-12-20T05:37:11.499+0000] {dagbag.py:588} INFO - Filling up the DagBag from /home/airflow/.local/lib/python3.12/site-packages/airflow/example_dags/example_inlet_event_extra.py
[2024-12-20T05:37:13.112+0000] {processor.py:925} INFO - DAG(s) 'read_dataset_event', 'read_dataset_event_from_classic' retrieved from /home/airflow/.local/lib/python3.12/site-packages/airflow/example_dags/example_inlet_event_extra.py
[2024-12-20T05:37:13.165+0000] {logging_mixin.py:190} INFO - [2024-12-20T05:37:13.165+0000] {dag.py:3239} INFO - Sync 2 DAGs
[2024-12-20T05:37:13.251+0000] {logging_mixin.py:190} INFO - [2024-12-20T05:37:13.250+0000] {dag.py:4180} INFO - Setting next_dagrun for read_dataset_event to 2024-12-19 00:00:00+00:00, run_after=2024-12-20 00:00:00+00:00
[2024-12-20T05:37:13.270+0000] {logging_mixin.py:190} INFO - [2024-12-20T05:37:13.269+0000] {dag.py:4180} INFO - Setting next_dagrun for read_dataset_event_from_classic to 2024-12-19 00:00:00+00:00, run_after=2024-12-20 00:00:00+00:00
[2024-12-20T05:37:13.341+0000] {processor.py:208} INFO - Processing /home/airflow/.local/lib/python3.12/site-packages/airflow/example_dags/example_inlet_event_extra.py took 1.869 seconds
[2024-12-20T05:37:43.791+0000] {processor.py:186} INFO - Started process (PID=13585) to work on /home/airflow/.local/lib/python3.12/site-packages/airflow/example_dags/example_inlet_event_extra.py
[2024-12-20T05:37:43.794+0000] {processor.py:914} INFO - Processing file /home/airflow/.local/lib/python3.12/site-packages/airflow/example_dags/example_inlet_event_extra.py for tasks to queue
[2024-12-20T05:37:43.800+0000] {logging_mixin.py:190} INFO - [2024-12-20T05:37:43.799+0000] {dagbag.py:588} INFO - Filling up the DagBag from /home/airflow/.local/lib/python3.12/site-packages/airflow/example_dags/example_inlet_event_extra.py
[2024-12-20T05:37:45.106+0000] {processor.py:925} INFO - DAG(s) 'read_dataset_event', 'read_dataset_event_from_classic' retrieved from /home/airflow/.local/lib/python3.12/site-packages/airflow/example_dags/example_inlet_event_extra.py
[2024-12-20T05:37:45.154+0000] {logging_mixin.py:190} INFO - [2024-12-20T05:37:45.153+0000] {dag.py:3239} INFO - Sync 2 DAGs
[2024-12-20T05:37:45.238+0000] {logging_mixin.py:190} INFO - [2024-12-20T05:37:45.237+0000] {dag.py:4180} INFO - Setting next_dagrun for read_dataset_event to 2024-12-19 00:00:00+00:00, run_after=2024-12-20 00:00:00+00:00
[2024-12-20T05:37:45.262+0000] {logging_mixin.py:190} INFO - [2024-12-20T05:37:45.260+0000] {dag.py:4180} INFO - Setting next_dagrun for read_dataset_event_from_classic to 2024-12-19 00:00:00+00:00, run_after=2024-12-20 00:00:00+00:00
[2024-12-20T05:37:45.364+0000] {processor.py:208} INFO - Processing /home/airflow/.local/lib/python3.12/site-packages/airflow/example_dags/example_inlet_event_extra.py took 1.595 seconds
[2024-12-20T05:38:15.902+0000] {processor.py:186} INFO - Started process (PID=13650) to work on /home/airflow/.local/lib/python3.12/site-packages/airflow/example_dags/example_inlet_event_extra.py
[2024-12-20T05:38:15.904+0000] {processor.py:914} INFO - Processing file /home/airflow/.local/lib/python3.12/site-packages/airflow/example_dags/example_inlet_event_extra.py for tasks to queue
[2024-12-20T05:38:15.910+0000] {logging_mixin.py:190} INFO - [2024-12-20T05:38:15.909+0000] {dagbag.py:588} INFO - Filling up the DagBag from /home/airflow/.local/lib/python3.12/site-packages/airflow/example_dags/example_inlet_event_extra.py
[2024-12-20T05:38:17.851+0000] {processor.py:925} INFO - DAG(s) 'read_dataset_event_from_classic', 'read_dataset_event' retrieved from /home/airflow/.local/lib/python3.12/site-packages/airflow/example_dags/example_inlet_event_extra.py
[2024-12-20T05:38:17.897+0000] {logging_mixin.py:190} INFO - [2024-12-20T05:38:17.897+0000] {dag.py:3239} INFO - Sync 2 DAGs
[2024-12-20T05:38:17.962+0000] {logging_mixin.py:190} INFO - [2024-12-20T05:38:17.962+0000] {dag.py:4180} INFO - Setting next_dagrun for read_dataset_event to 2024-12-19 00:00:00+00:00, run_after=2024-12-20 00:00:00+00:00
[2024-12-20T05:38:17.974+0000] {logging_mixin.py:190} INFO - [2024-12-20T05:38:17.973+0000] {dag.py:4180} INFO - Setting next_dagrun for read_dataset_event_from_classic to 2024-12-19 00:00:00+00:00, run_after=2024-12-20 00:00:00+00:00
[2024-12-20T05:38:18.047+0000] {processor.py:208} INFO - Processing /home/airflow/.local/lib/python3.12/site-packages/airflow/example_dags/example_inlet_event_extra.py took 2.165 seconds
[2024-12-20T05:38:49.165+0000] {processor.py:186} INFO - Started process (PID=13716) to work on /home/airflow/.local/lib/python3.12/site-packages/airflow/example_dags/example_inlet_event_extra.py
[2024-12-20T05:38:49.166+0000] {processor.py:914} INFO - Processing file /home/airflow/.local/lib/python3.12/site-packages/airflow/example_dags/example_inlet_event_extra.py for tasks to queue
[2024-12-20T05:38:49.170+0000] {logging_mixin.py:190} INFO - [2024-12-20T05:38:49.169+0000] {dagbag.py:588} INFO - Filling up the DagBag from /home/airflow/.local/lib/python3.12/site-packages/airflow/example_dags/example_inlet_event_extra.py
[2024-12-20T05:38:49.998+0000] {processor.py:925} INFO - DAG(s) 'read_dataset_event_from_classic', 'read_dataset_event' retrieved from /home/airflow/.local/lib/python3.12/site-packages/airflow/example_dags/example_inlet_event_extra.py
[2024-12-20T05:38:50.036+0000] {logging_mixin.py:190} INFO - [2024-12-20T05:38:50.035+0000] {dag.py:3239} INFO - Sync 2 DAGs
[2024-12-20T05:38:50.077+0000] {logging_mixin.py:190} INFO - [2024-12-20T05:38:50.077+0000] {dag.py:4180} INFO - Setting next_dagrun for read_dataset_event to 2024-12-19 00:00:00+00:00, run_after=2024-12-20 00:00:00+00:00
[2024-12-20T05:38:50.086+0000] {logging_mixin.py:190} INFO - [2024-12-20T05:38:50.086+0000] {dag.py:4180} INFO - Setting next_dagrun for read_dataset_event_from_classic to 2024-12-19 00:00:00+00:00, run_after=2024-12-20 00:00:00+00:00
[2024-12-20T05:38:50.114+0000] {processor.py:208} INFO - Processing /home/airflow/.local/lib/python3.12/site-packages/airflow/example_dags/example_inlet_event_extra.py took 0.956 seconds
[2024-12-20T05:39:21.061+0000] {processor.py:186} INFO - Started process (PID=13782) to work on /home/airflow/.local/lib/python3.12/site-packages/airflow/example_dags/example_inlet_event_extra.py
[2024-12-20T05:39:21.062+0000] {processor.py:914} INFO - Processing file /home/airflow/.local/lib/python3.12/site-packages/airflow/example_dags/example_inlet_event_extra.py for tasks to queue
[2024-12-20T05:39:21.066+0000] {logging_mixin.py:190} INFO - [2024-12-20T05:39:21.065+0000] {dagbag.py:588} INFO - Filling up the DagBag from /home/airflow/.local/lib/python3.12/site-packages/airflow/example_dags/example_inlet_event_extra.py
[2024-12-20T05:39:21.905+0000] {processor.py:925} INFO - DAG(s) 'read_dataset_event_from_classic', 'read_dataset_event' retrieved from /home/airflow/.local/lib/python3.12/site-packages/airflow/example_dags/example_inlet_event_extra.py
[2024-12-20T05:39:21.936+0000] {logging_mixin.py:190} INFO - [2024-12-20T05:39:21.935+0000] {dag.py:3239} INFO - Sync 2 DAGs
[2024-12-20T05:39:21.970+0000] {logging_mixin.py:190} INFO - [2024-12-20T05:39:21.969+0000] {dag.py:4180} INFO - Setting next_dagrun for read_dataset_event to 2024-12-19 00:00:00+00:00, run_after=2024-12-20 00:00:00+00:00
[2024-12-20T05:39:21.976+0000] {logging_mixin.py:190} INFO - [2024-12-20T05:39:21.976+0000] {dag.py:4180} INFO - Setting next_dagrun for read_dataset_event_from_classic to 2024-12-19 00:00:00+00:00, run_after=2024-12-20 00:00:00+00:00
[2024-12-20T05:39:21.997+0000] {processor.py:208} INFO - Processing /home/airflow/.local/lib/python3.12/site-packages/airflow/example_dags/example_inlet_event_extra.py took 0.946 seconds
[2024-12-20T05:39:52.666+0000] {processor.py:186} INFO - Started process (PID=13847) to work on /home/airflow/.local/lib/python3.12/site-packages/airflow/example_dags/example_inlet_event_extra.py
[2024-12-20T05:39:52.669+0000] {processor.py:914} INFO - Processing file /home/airflow/.local/lib/python3.12/site-packages/airflow/example_dags/example_inlet_event_extra.py for tasks to queue
[2024-12-20T05:39:52.676+0000] {logging_mixin.py:190} INFO - [2024-12-20T05:39:52.675+0000] {dagbag.py:588} INFO - Filling up the DagBag from /home/airflow/.local/lib/python3.12/site-packages/airflow/example_dags/example_inlet_event_extra.py
[2024-12-20T05:39:53.774+0000] {processor.py:925} INFO - DAG(s) 'read_dataset_event_from_classic', 'read_dataset_event' retrieved from /home/airflow/.local/lib/python3.12/site-packages/airflow/example_dags/example_inlet_event_extra.py
[2024-12-20T05:39:53.832+0000] {logging_mixin.py:190} INFO - [2024-12-20T05:39:53.832+0000] {dag.py:3239} INFO - Sync 2 DAGs
[2024-12-20T05:39:53.903+0000] {logging_mixin.py:190} INFO - [2024-12-20T05:39:53.902+0000] {dag.py:4180} INFO - Setting next_dagrun for read_dataset_event to 2024-12-19 00:00:00+00:00, run_after=2024-12-20 00:00:00+00:00
[2024-12-20T05:39:53.924+0000] {logging_mixin.py:190} INFO - [2024-12-20T05:39:53.923+0000] {dag.py:4180} INFO - Setting next_dagrun for read_dataset_event_from_classic to 2024-12-19 00:00:00+00:00, run_after=2024-12-20 00:00:00+00:00
[2024-12-20T05:39:54.007+0000] {processor.py:208} INFO - Processing /home/airflow/.local/lib/python3.12/site-packages/airflow/example_dags/example_inlet_event_extra.py took 1.359 seconds
[2024-12-20T05:40:24.714+0000] {processor.py:186} INFO - Started process (PID=13912) to work on /home/airflow/.local/lib/python3.12/site-packages/airflow/example_dags/example_inlet_event_extra.py
[2024-12-20T05:40:24.716+0000] {processor.py:914} INFO - Processing file /home/airflow/.local/lib/python3.12/site-packages/airflow/example_dags/example_inlet_event_extra.py for tasks to queue
[2024-12-20T05:40:24.724+0000] {logging_mixin.py:190} INFO - [2024-12-20T05:40:24.723+0000] {dagbag.py:588} INFO - Filling up the DagBag from /home/airflow/.local/lib/python3.12/site-packages/airflow/example_dags/example_inlet_event_extra.py
[2024-12-20T05:40:25.955+0000] {processor.py:925} INFO - DAG(s) 'read_dataset_event_from_classic', 'read_dataset_event' retrieved from /home/airflow/.local/lib/python3.12/site-packages/airflow/example_dags/example_inlet_event_extra.py
[2024-12-20T05:40:26.007+0000] {logging_mixin.py:190} INFO - [2024-12-20T05:40:26.006+0000] {dag.py:3239} INFO - Sync 2 DAGs
[2024-12-20T05:40:26.065+0000] {logging_mixin.py:190} INFO - [2024-12-20T05:40:26.064+0000] {dag.py:4180} INFO - Setting next_dagrun for read_dataset_event to 2024-12-19 00:00:00+00:00, run_after=2024-12-20 00:00:00+00:00
[2024-12-20T05:40:26.078+0000] {logging_mixin.py:190} INFO - [2024-12-20T05:40:26.078+0000] {dag.py:4180} INFO - Setting next_dagrun for read_dataset_event_from_classic to 2024-12-19 00:00:00+00:00, run_after=2024-12-20 00:00:00+00:00
[2024-12-20T05:40:26.114+0000] {processor.py:208} INFO - Processing /home/airflow/.local/lib/python3.12/site-packages/airflow/example_dags/example_inlet_event_extra.py took 1.436 seconds
[2024-12-20T05:40:57.396+0000] {processor.py:186} INFO - Started process (PID=13978) to work on /home/airflow/.local/lib/python3.12/site-packages/airflow/example_dags/example_inlet_event_extra.py
[2024-12-20T05:40:57.399+0000] {processor.py:914} INFO - Processing file /home/airflow/.local/lib/python3.12/site-packages/airflow/example_dags/example_inlet_event_extra.py for tasks to queue
[2024-12-20T05:40:57.407+0000] {logging_mixin.py:190} INFO - [2024-12-20T05:40:57.406+0000] {dagbag.py:588} INFO - Filling up the DagBag from /home/airflow/.local/lib/python3.12/site-packages/airflow/example_dags/example_inlet_event_extra.py
[2024-12-20T05:40:59.276+0000] {processor.py:925} INFO - DAG(s) 'read_dataset_event_from_classic', 'read_dataset_event' retrieved from /home/airflow/.local/lib/python3.12/site-packages/airflow/example_dags/example_inlet_event_extra.py
[2024-12-20T05:40:59.335+0000] {logging_mixin.py:190} INFO - [2024-12-20T05:40:59.334+0000] {dag.py:3239} INFO - Sync 2 DAGs
[2024-12-20T05:40:59.425+0000] {logging_mixin.py:190} INFO - [2024-12-20T05:40:59.424+0000] {dag.py:4180} INFO - Setting next_dagrun for read_dataset_event to 2024-12-19 00:00:00+00:00, run_after=2024-12-20 00:00:00+00:00
[2024-12-20T05:40:59.447+0000] {logging_mixin.py:190} INFO - [2024-12-20T05:40:59.446+0000] {dag.py:4180} INFO - Setting next_dagrun for read_dataset_event_from_classic to 2024-12-19 00:00:00+00:00, run_after=2024-12-20 00:00:00+00:00
[2024-12-20T05:40:59.495+0000] {processor.py:208} INFO - Processing /home/airflow/.local/lib/python3.12/site-packages/airflow/example_dags/example_inlet_event_extra.py took 2.115 seconds
[2024-12-20T05:41:30.218+0000] {processor.py:186} INFO - Started process (PID=14043) to work on /home/airflow/.local/lib/python3.12/site-packages/airflow/example_dags/example_inlet_event_extra.py
[2024-12-20T05:41:30.220+0000] {processor.py:914} INFO - Processing file /home/airflow/.local/lib/python3.12/site-packages/airflow/example_dags/example_inlet_event_extra.py for tasks to queue
[2024-12-20T05:41:30.226+0000] {logging_mixin.py:190} INFO - [2024-12-20T05:41:30.225+0000] {dagbag.py:588} INFO - Filling up the DagBag from /home/airflow/.local/lib/python3.12/site-packages/airflow/example_dags/example_inlet_event_extra.py
[2024-12-20T05:41:31.330+0000] {processor.py:925} INFO - DAG(s) 'read_dataset_event', 'read_dataset_event_from_classic' retrieved from /home/airflow/.local/lib/python3.12/site-packages/airflow/example_dags/example_inlet_event_extra.py
[2024-12-20T05:41:31.375+0000] {logging_mixin.py:190} INFO - [2024-12-20T05:41:31.375+0000] {dag.py:3239} INFO - Sync 2 DAGs
[2024-12-20T05:41:31.429+0000] {logging_mixin.py:190} INFO - [2024-12-20T05:41:31.428+0000] {dag.py:4180} INFO - Setting next_dagrun for read_dataset_event to 2024-12-19 00:00:00+00:00, run_after=2024-12-20 00:00:00+00:00
[2024-12-20T05:41:31.440+0000] {logging_mixin.py:190} INFO - [2024-12-20T05:41:31.439+0000] {dag.py:4180} INFO - Setting next_dagrun for read_dataset_event_from_classic to 2024-12-19 00:00:00+00:00, run_after=2024-12-20 00:00:00+00:00
[2024-12-20T05:41:31.508+0000] {processor.py:208} INFO - Processing /home/airflow/.local/lib/python3.12/site-packages/airflow/example_dags/example_inlet_event_extra.py took 1.301 seconds
[2024-12-20T05:42:02.903+0000] {processor.py:186} INFO - Started process (PID=14115) to work on /home/airflow/.local/lib/python3.12/site-packages/airflow/example_dags/example_inlet_event_extra.py
[2024-12-20T05:42:02.905+0000] {processor.py:914} INFO - Processing file /home/airflow/.local/lib/python3.12/site-packages/airflow/example_dags/example_inlet_event_extra.py for tasks to queue
[2024-12-20T05:42:02.912+0000] {logging_mixin.py:190} INFO - [2024-12-20T05:42:02.911+0000] {dagbag.py:588} INFO - Filling up the DagBag from /home/airflow/.local/lib/python3.12/site-packages/airflow/example_dags/example_inlet_event_extra.py
[2024-12-20T05:42:04.660+0000] {processor.py:925} INFO - DAG(s) 'read_dataset_event_from_classic', 'read_dataset_event' retrieved from /home/airflow/.local/lib/python3.12/site-packages/airflow/example_dags/example_inlet_event_extra.py
[2024-12-20T05:42:04.731+0000] {logging_mixin.py:190} INFO - [2024-12-20T05:42:04.730+0000] {dag.py:3239} INFO - Sync 2 DAGs
[2024-12-20T05:42:04.806+0000] {logging_mixin.py:190} INFO - [2024-12-20T05:42:04.806+0000] {dag.py:4180} INFO - Setting next_dagrun for read_dataset_event to 2024-12-19 00:00:00+00:00, run_after=2024-12-20 00:00:00+00:00
[2024-12-20T05:42:04.822+0000] {logging_mixin.py:190} INFO - [2024-12-20T05:42:04.821+0000] {dag.py:4180} INFO - Setting next_dagrun for read_dataset_event_from_classic to 2024-12-19 00:00:00+00:00, run_after=2024-12-20 00:00:00+00:00
[2024-12-20T05:42:04.872+0000] {processor.py:208} INFO - Processing /home/airflow/.local/lib/python3.12/site-packages/airflow/example_dags/example_inlet_event_extra.py took 1.989 seconds
[2024-12-20T05:42:35.573+0000] {processor.py:186} INFO - Started process (PID=14188) to work on /home/airflow/.local/lib/python3.12/site-packages/airflow/example_dags/example_inlet_event_extra.py
[2024-12-20T05:42:35.574+0000] {processor.py:914} INFO - Processing file /home/airflow/.local/lib/python3.12/site-packages/airflow/example_dags/example_inlet_event_extra.py for tasks to queue
[2024-12-20T05:42:35.579+0000] {logging_mixin.py:190} INFO - [2024-12-20T05:42:35.578+0000] {dagbag.py:588} INFO - Filling up the DagBag from /home/airflow/.local/lib/python3.12/site-packages/airflow/example_dags/example_inlet_event_extra.py
[2024-12-20T05:42:36.619+0000] {processor.py:925} INFO - DAG(s) 'read_dataset_event', 'read_dataset_event_from_classic' retrieved from /home/airflow/.local/lib/python3.12/site-packages/airflow/example_dags/example_inlet_event_extra.py
[2024-12-20T05:42:36.680+0000] {logging_mixin.py:190} INFO - [2024-12-20T05:42:36.679+0000] {dag.py:3239} INFO - Sync 2 DAGs
[2024-12-20T05:42:36.763+0000] {logging_mixin.py:190} INFO - [2024-12-20T05:42:36.762+0000] {dag.py:4180} INFO - Setting next_dagrun for read_dataset_event to 2024-12-19 00:00:00+00:00, run_after=2024-12-20 00:00:00+00:00
[2024-12-20T05:42:36.778+0000] {logging_mixin.py:190} INFO - [2024-12-20T05:42:36.777+0000] {dag.py:4180} INFO - Setting next_dagrun for read_dataset_event_from_classic to 2024-12-19 00:00:00+00:00, run_after=2024-12-20 00:00:00+00:00
[2024-12-20T05:42:36.824+0000] {processor.py:208} INFO - Processing /home/airflow/.local/lib/python3.12/site-packages/airflow/example_dags/example_inlet_event_extra.py took 1.268 seconds
[2024-12-20T05:43:08.670+0000] {processor.py:186} INFO - Started process (PID=14257) to work on /home/airflow/.local/lib/python3.12/site-packages/airflow/example_dags/example_inlet_event_extra.py
[2024-12-20T05:43:08.676+0000] {processor.py:914} INFO - Processing file /home/airflow/.local/lib/python3.12/site-packages/airflow/example_dags/example_inlet_event_extra.py for tasks to queue
[2024-12-20T05:43:08.686+0000] {logging_mixin.py:190} INFO - [2024-12-20T05:43:08.685+0000] {dagbag.py:588} INFO - Filling up the DagBag from /home/airflow/.local/lib/python3.12/site-packages/airflow/example_dags/example_inlet_event_extra.py
[2024-12-20T05:43:10.486+0000] {processor.py:925} INFO - DAG(s) 'read_dataset_event_from_classic', 'read_dataset_event' retrieved from /home/airflow/.local/lib/python3.12/site-packages/airflow/example_dags/example_inlet_event_extra.py
[2024-12-20T05:43:10.556+0000] {logging_mixin.py:190} INFO - [2024-12-20T05:43:10.555+0000] {dag.py:3239} INFO - Sync 2 DAGs
[2024-12-20T05:43:10.646+0000] {logging_mixin.py:190} INFO - [2024-12-20T05:43:10.646+0000] {dag.py:4180} INFO - Setting next_dagrun for read_dataset_event to 2024-12-19 00:00:00+00:00, run_after=2024-12-20 00:00:00+00:00
[2024-12-20T05:43:10.662+0000] {logging_mixin.py:190} INFO - [2024-12-20T05:43:10.662+0000] {dag.py:4180} INFO - Setting next_dagrun for read_dataset_event_from_classic to 2024-12-19 00:00:00+00:00, run_after=2024-12-20 00:00:00+00:00
[2024-12-20T05:43:10.703+0000] {processor.py:208} INFO - Processing /home/airflow/.local/lib/python3.12/site-packages/airflow/example_dags/example_inlet_event_extra.py took 2.062 seconds
[2024-12-20T05:43:40.885+0000] {processor.py:186} INFO - Started process (PID=14322) to work on /home/airflow/.local/lib/python3.12/site-packages/airflow/example_dags/example_inlet_event_extra.py
[2024-12-20T05:43:40.887+0000] {processor.py:914} INFO - Processing file /home/airflow/.local/lib/python3.12/site-packages/airflow/example_dags/example_inlet_event_extra.py for tasks to queue
[2024-12-20T05:43:40.892+0000] {logging_mixin.py:190} INFO - [2024-12-20T05:43:40.892+0000] {dagbag.py:588} INFO - Filling up the DagBag from /home/airflow/.local/lib/python3.12/site-packages/airflow/example_dags/example_inlet_event_extra.py
[2024-12-20T05:43:42.834+0000] {processor.py:925} INFO - DAG(s) 'read_dataset_event', 'read_dataset_event_from_classic' retrieved from /home/airflow/.local/lib/python3.12/site-packages/airflow/example_dags/example_inlet_event_extra.py
[2024-12-20T05:43:42.905+0000] {logging_mixin.py:190} INFO - [2024-12-20T05:43:42.905+0000] {dag.py:3239} INFO - Sync 2 DAGs
[2024-12-20T05:43:43.002+0000] {logging_mixin.py:190} INFO - [2024-12-20T05:43:43.001+0000] {dag.py:4180} INFO - Setting next_dagrun for read_dataset_event to 2024-12-19 00:00:00+00:00, run_after=2024-12-20 00:00:00+00:00
[2024-12-20T05:43:43.023+0000] {logging_mixin.py:190} INFO - [2024-12-20T05:43:43.022+0000] {dag.py:4180} INFO - Setting next_dagrun for read_dataset_event_from_classic to 2024-12-19 00:00:00+00:00, run_after=2024-12-20 00:00:00+00:00
[2024-12-20T05:43:43.082+0000] {processor.py:208} INFO - Processing /home/airflow/.local/lib/python3.12/site-packages/airflow/example_dags/example_inlet_event_extra.py took 2.210 seconds
[2024-12-20T05:44:13.496+0000] {processor.py:186} INFO - Started process (PID=14391) to work on /home/airflow/.local/lib/python3.12/site-packages/airflow/example_dags/example_inlet_event_extra.py
[2024-12-20T05:44:13.498+0000] {processor.py:914} INFO - Processing file /home/airflow/.local/lib/python3.12/site-packages/airflow/example_dags/example_inlet_event_extra.py for tasks to queue
[2024-12-20T05:44:13.510+0000] {logging_mixin.py:190} INFO - [2024-12-20T05:44:13.509+0000] {dagbag.py:588} INFO - Filling up the DagBag from /home/airflow/.local/lib/python3.12/site-packages/airflow/example_dags/example_inlet_event_extra.py
[2024-12-20T05:44:15.024+0000] {processor.py:925} INFO - DAG(s) 'read_dataset_event', 'read_dataset_event_from_classic' retrieved from /home/airflow/.local/lib/python3.12/site-packages/airflow/example_dags/example_inlet_event_extra.py
[2024-12-20T05:44:15.085+0000] {logging_mixin.py:190} INFO - [2024-12-20T05:44:15.084+0000] {dag.py:3239} INFO - Sync 2 DAGs
[2024-12-20T05:44:15.145+0000] {logging_mixin.py:190} INFO - [2024-12-20T05:44:15.145+0000] {dag.py:4180} INFO - Setting next_dagrun for read_dataset_event to 2024-12-19 00:00:00+00:00, run_after=2024-12-20 00:00:00+00:00
[2024-12-20T05:44:15.158+0000] {logging_mixin.py:190} INFO - [2024-12-20T05:44:15.157+0000] {dag.py:4180} INFO - Setting next_dagrun for read_dataset_event_from_classic to 2024-12-19 00:00:00+00:00, run_after=2024-12-20 00:00:00+00:00
[2024-12-20T05:44:15.234+0000] {processor.py:208} INFO - Processing /home/airflow/.local/lib/python3.12/site-packages/airflow/example_dags/example_inlet_event_extra.py took 1.758 seconds
[2024-12-20T05:44:45.631+0000] {processor.py:186} INFO - Started process (PID=14460) to work on /home/airflow/.local/lib/python3.12/site-packages/airflow/example_dags/example_inlet_event_extra.py
[2024-12-20T05:44:45.634+0000] {processor.py:914} INFO - Processing file /home/airflow/.local/lib/python3.12/site-packages/airflow/example_dags/example_inlet_event_extra.py for tasks to queue
[2024-12-20T05:44:45.644+0000] {logging_mixin.py:190} INFO - [2024-12-20T05:44:45.643+0000] {dagbag.py:588} INFO - Filling up the DagBag from /home/airflow/.local/lib/python3.12/site-packages/airflow/example_dags/example_inlet_event_extra.py
[2024-12-20T05:44:47.197+0000] {processor.py:925} INFO - DAG(s) 'read_dataset_event_from_classic', 'read_dataset_event' retrieved from /home/airflow/.local/lib/python3.12/site-packages/airflow/example_dags/example_inlet_event_extra.py
[2024-12-20T05:44:47.244+0000] {logging_mixin.py:190} INFO - [2024-12-20T05:44:47.243+0000] {dag.py:3239} INFO - Sync 2 DAGs
[2024-12-20T05:44:47.307+0000] {logging_mixin.py:190} INFO - [2024-12-20T05:44:47.306+0000] {dag.py:4180} INFO - Setting next_dagrun for read_dataset_event to 2024-12-19 00:00:00+00:00, run_after=2024-12-20 00:00:00+00:00
[2024-12-20T05:44:47.320+0000] {logging_mixin.py:190} INFO - [2024-12-20T05:44:47.320+0000] {dag.py:4180} INFO - Setting next_dagrun for read_dataset_event_from_classic to 2024-12-19 00:00:00+00:00, run_after=2024-12-20 00:00:00+00:00
[2024-12-20T05:44:47.357+0000] {processor.py:208} INFO - Processing /home/airflow/.local/lib/python3.12/site-packages/airflow/example_dags/example_inlet_event_extra.py took 1.751 seconds
[2024-12-20T05:45:18.461+0000] {processor.py:186} INFO - Started process (PID=14530) to work on /home/airflow/.local/lib/python3.12/site-packages/airflow/example_dags/example_inlet_event_extra.py
[2024-12-20T05:45:18.464+0000] {processor.py:914} INFO - Processing file /home/airflow/.local/lib/python3.12/site-packages/airflow/example_dags/example_inlet_event_extra.py for tasks to queue
[2024-12-20T05:45:18.472+0000] {logging_mixin.py:190} INFO - [2024-12-20T05:45:18.471+0000] {dagbag.py:588} INFO - Filling up the DagBag from /home/airflow/.local/lib/python3.12/site-packages/airflow/example_dags/example_inlet_event_extra.py
[2024-12-20T05:45:19.814+0000] {processor.py:925} INFO - DAG(s) 'read_dataset_event_from_classic', 'read_dataset_event' retrieved from /home/airflow/.local/lib/python3.12/site-packages/airflow/example_dags/example_inlet_event_extra.py
[2024-12-20T05:45:19.865+0000] {logging_mixin.py:190} INFO - [2024-12-20T05:45:19.865+0000] {dag.py:3239} INFO - Sync 2 DAGs
[2024-12-20T05:45:19.931+0000] {logging_mixin.py:190} INFO - [2024-12-20T05:45:19.931+0000] {dag.py:4180} INFO - Setting next_dagrun for read_dataset_event to 2024-12-19 00:00:00+00:00, run_after=2024-12-20 00:00:00+00:00
[2024-12-20T05:45:19.943+0000] {logging_mixin.py:190} INFO - [2024-12-20T05:45:19.942+0000] {dag.py:4180} INFO - Setting next_dagrun for read_dataset_event_from_classic to 2024-12-19 00:00:00+00:00, run_after=2024-12-20 00:00:00+00:00
[2024-12-20T05:45:19.981+0000] {processor.py:208} INFO - Processing /home/airflow/.local/lib/python3.12/site-packages/airflow/example_dags/example_inlet_event_extra.py took 1.540 seconds
[2024-12-20T05:45:50.298+0000] {processor.py:186} INFO - Started process (PID=14597) to work on /home/airflow/.local/lib/python3.12/site-packages/airflow/example_dags/example_inlet_event_extra.py
[2024-12-20T05:45:50.300+0000] {processor.py:914} INFO - Processing file /home/airflow/.local/lib/python3.12/site-packages/airflow/example_dags/example_inlet_event_extra.py for tasks to queue
[2024-12-20T05:45:50.307+0000] {logging_mixin.py:190} INFO - [2024-12-20T05:45:50.306+0000] {dagbag.py:588} INFO - Filling up the DagBag from /home/airflow/.local/lib/python3.12/site-packages/airflow/example_dags/example_inlet_event_extra.py
[2024-12-20T05:45:52.352+0000] {processor.py:925} INFO - DAG(s) 'read_dataset_event', 'read_dataset_event_from_classic' retrieved from /home/airflow/.local/lib/python3.12/site-packages/airflow/example_dags/example_inlet_event_extra.py
[2024-12-20T05:45:52.452+0000] {logging_mixin.py:190} INFO - [2024-12-20T05:45:52.451+0000] {dag.py:3239} INFO - Sync 2 DAGs
[2024-12-20T05:45:52.589+0000] {logging_mixin.py:190} INFO - [2024-12-20T05:45:52.588+0000] {dag.py:4180} INFO - Setting next_dagrun for read_dataset_event to 2024-12-19 00:00:00+00:00, run_after=2024-12-20 00:00:00+00:00
[2024-12-20T05:45:52.612+0000] {logging_mixin.py:190} INFO - [2024-12-20T05:45:52.611+0000] {dag.py:4180} INFO - Setting next_dagrun for read_dataset_event_from_classic to 2024-12-19 00:00:00+00:00, run_after=2024-12-20 00:00:00+00:00
[2024-12-20T05:45:52.698+0000] {processor.py:208} INFO - Processing /home/airflow/.local/lib/python3.12/site-packages/airflow/example_dags/example_inlet_event_extra.py took 2.418 seconds
[2024-12-20T05:46:22.980+0000] {processor.py:186} INFO - Started process (PID=14666) to work on /home/airflow/.local/lib/python3.12/site-packages/airflow/example_dags/example_inlet_event_extra.py
[2024-12-20T05:46:22.982+0000] {processor.py:914} INFO - Processing file /home/airflow/.local/lib/python3.12/site-packages/airflow/example_dags/example_inlet_event_extra.py for tasks to queue
[2024-12-20T05:46:22.987+0000] {logging_mixin.py:190} INFO - [2024-12-20T05:46:22.986+0000] {dagbag.py:588} INFO - Filling up the DagBag from /home/airflow/.local/lib/python3.12/site-packages/airflow/example_dags/example_inlet_event_extra.py
[2024-12-20T05:46:24.016+0000] {processor.py:925} INFO - DAG(s) 'read_dataset_event', 'read_dataset_event_from_classic' retrieved from /home/airflow/.local/lib/python3.12/site-packages/airflow/example_dags/example_inlet_event_extra.py
[2024-12-20T05:46:24.057+0000] {logging_mixin.py:190} INFO - [2024-12-20T05:46:24.057+0000] {dag.py:3239} INFO - Sync 2 DAGs
[2024-12-20T05:46:24.112+0000] {logging_mixin.py:190} INFO - [2024-12-20T05:46:24.111+0000] {dag.py:4180} INFO - Setting next_dagrun for read_dataset_event to 2024-12-19 00:00:00+00:00, run_after=2024-12-20 00:00:00+00:00
[2024-12-20T05:46:24.124+0000] {logging_mixin.py:190} INFO - [2024-12-20T05:46:24.123+0000] {dag.py:4180} INFO - Setting next_dagrun for read_dataset_event_from_classic to 2024-12-19 00:00:00+00:00, run_after=2024-12-20 00:00:00+00:00
[2024-12-20T05:46:24.155+0000] {processor.py:208} INFO - Processing /home/airflow/.local/lib/python3.12/site-packages/airflow/example_dags/example_inlet_event_extra.py took 1.185 seconds
[2024-12-20T05:46:54.258+0000] {processor.py:186} INFO - Started process (PID=14735) to work on /home/airflow/.local/lib/python3.12/site-packages/airflow/example_dags/example_inlet_event_extra.py
[2024-12-20T05:46:54.261+0000] {processor.py:914} INFO - Processing file /home/airflow/.local/lib/python3.12/site-packages/airflow/example_dags/example_inlet_event_extra.py for tasks to queue
[2024-12-20T05:46:54.267+0000] {logging_mixin.py:190} INFO - [2024-12-20T05:46:54.267+0000] {dagbag.py:588} INFO - Filling up the DagBag from /home/airflow/.local/lib/python3.12/site-packages/airflow/example_dags/example_inlet_event_extra.py
[2024-12-20T05:46:55.413+0000] {processor.py:925} INFO - DAG(s) 'read_dataset_event', 'read_dataset_event_from_classic' retrieved from /home/airflow/.local/lib/python3.12/site-packages/airflow/example_dags/example_inlet_event_extra.py
[2024-12-20T05:46:55.474+0000] {logging_mixin.py:190} INFO - [2024-12-20T05:46:55.473+0000] {dag.py:3239} INFO - Sync 2 DAGs
[2024-12-20T05:46:55.529+0000] {logging_mixin.py:190} INFO - [2024-12-20T05:46:55.529+0000] {dag.py:4180} INFO - Setting next_dagrun for read_dataset_event to 2024-12-19 00:00:00+00:00, run_after=2024-12-20 00:00:00+00:00
[2024-12-20T05:46:55.542+0000] {logging_mixin.py:190} INFO - [2024-12-20T05:46:55.541+0000] {dag.py:4180} INFO - Setting next_dagrun for read_dataset_event_from_classic to 2024-12-19 00:00:00+00:00, run_after=2024-12-20 00:00:00+00:00
[2024-12-20T05:46:55.573+0000] {processor.py:208} INFO - Processing /home/airflow/.local/lib/python3.12/site-packages/airflow/example_dags/example_inlet_event_extra.py took 1.328 seconds
[2024-12-20T05:47:26.000+0000] {processor.py:186} INFO - Started process (PID=14800) to work on /home/airflow/.local/lib/python3.12/site-packages/airflow/example_dags/example_inlet_event_extra.py
[2024-12-20T05:47:26.002+0000] {processor.py:914} INFO - Processing file /home/airflow/.local/lib/python3.12/site-packages/airflow/example_dags/example_inlet_event_extra.py for tasks to queue
[2024-12-20T05:47:26.009+0000] {logging_mixin.py:190} INFO - [2024-12-20T05:47:26.008+0000] {dagbag.py:588} INFO - Filling up the DagBag from /home/airflow/.local/lib/python3.12/site-packages/airflow/example_dags/example_inlet_event_extra.py
[2024-12-20T05:47:27.138+0000] {processor.py:925} INFO - DAG(s) 'read_dataset_event_from_classic', 'read_dataset_event' retrieved from /home/airflow/.local/lib/python3.12/site-packages/airflow/example_dags/example_inlet_event_extra.py
[2024-12-20T05:47:27.179+0000] {logging_mixin.py:190} INFO - [2024-12-20T05:47:27.179+0000] {dag.py:3239} INFO - Sync 2 DAGs
[2024-12-20T05:47:27.241+0000] {logging_mixin.py:190} INFO - [2024-12-20T05:47:27.240+0000] {dag.py:4180} INFO - Setting next_dagrun for read_dataset_event to 2024-12-19 00:00:00+00:00, run_after=2024-12-20 00:00:00+00:00
[2024-12-20T05:47:27.251+0000] {logging_mixin.py:190} INFO - [2024-12-20T05:47:27.251+0000] {dag.py:4180} INFO - Setting next_dagrun for read_dataset_event_from_classic to 2024-12-19 00:00:00+00:00, run_after=2024-12-20 00:00:00+00:00
[2024-12-20T05:47:27.287+0000] {processor.py:208} INFO - Processing /home/airflow/.local/lib/python3.12/site-packages/airflow/example_dags/example_inlet_event_extra.py took 1.296 seconds
[2024-12-20T05:48:13.106+0000] {processor.py:186} INFO - Started process (PID=14882) to work on /home/airflow/.local/lib/python3.12/site-packages/airflow/example_dags/example_inlet_event_extra.py
[2024-12-20T05:48:13.152+0000] {processor.py:914} INFO - Processing file /home/airflow/.local/lib/python3.12/site-packages/airflow/example_dags/example_inlet_event_extra.py for tasks to queue
[2024-12-20T05:48:13.196+0000] {logging_mixin.py:190} INFO - [2024-12-20T05:48:13.191+0000] {dagbag.py:588} INFO - Filling up the DagBag from /home/airflow/.local/lib/python3.12/site-packages/airflow/example_dags/example_inlet_event_extra.py
[2024-12-20T05:48:20.415+0000] {processor.py:925} INFO - DAG(s) 'read_dataset_event_from_classic', 'read_dataset_event' retrieved from /home/airflow/.local/lib/python3.12/site-packages/airflow/example_dags/example_inlet_event_extra.py
[2024-12-20T05:48:20.573+0000] {logging_mixin.py:190} INFO - [2024-12-20T05:48:20.572+0000] {dag.py:3239} INFO - Sync 2 DAGs
[2024-12-20T05:48:20.702+0000] {logging_mixin.py:190} INFO - [2024-12-20T05:48:20.697+0000] {dag.py:4180} INFO - Setting next_dagrun for read_dataset_event to 2024-12-19 00:00:00+00:00, run_after=2024-12-20 00:00:00+00:00
[2024-12-20T05:48:20.738+0000] {logging_mixin.py:190} INFO - [2024-12-20T05:48:20.737+0000] {dag.py:4180} INFO - Setting next_dagrun for read_dataset_event_from_classic to 2024-12-19 00:00:00+00:00, run_after=2024-12-20 00:00:00+00:00
[2024-12-20T05:48:20.861+0000] {processor.py:208} INFO - Processing /home/airflow/.local/lib/python3.12/site-packages/airflow/example_dags/example_inlet_event_extra.py took 7.831 seconds
[2024-12-20T09:18:18.997+0000] {processor.py:186} INFO - Started process (PID=60) to work on /home/airflow/.local/lib/python3.12/site-packages/airflow/example_dags/example_inlet_event_extra.py
[2024-12-20T09:18:19.006+0000] {processor.py:914} INFO - Processing file /home/airflow/.local/lib/python3.12/site-packages/airflow/example_dags/example_inlet_event_extra.py for tasks to queue
[2024-12-20T09:18:19.030+0000] {logging_mixin.py:190} INFO - [2024-12-20T09:18:19.028+0000] {dagbag.py:588} INFO - Filling up the DagBag from /home/airflow/.local/lib/python3.12/site-packages/airflow/example_dags/example_inlet_event_extra.py
[2024-12-20T09:18:28.048+0000] {processor.py:925} INFO - DAG(s) 'read_dataset_event', 'read_dataset_event_from_classic' retrieved from /home/airflow/.local/lib/python3.12/site-packages/airflow/example_dags/example_inlet_event_extra.py
[2024-12-20T09:18:28.165+0000] {logging_mixin.py:190} INFO - [2024-12-20T09:18:28.164+0000] {dag.py:3239} INFO - Sync 2 DAGs
[2024-12-20T09:18:28.311+0000] {logging_mixin.py:190} INFO - [2024-12-20T09:18:28.310+0000] {dag.py:4180} INFO - Setting next_dagrun for read_dataset_event to 2024-12-19 00:00:00+00:00, run_after=2024-12-20 00:00:00+00:00
[2024-12-20T09:18:28.335+0000] {logging_mixin.py:190} INFO - [2024-12-20T09:18:28.334+0000] {dag.py:4180} INFO - Setting next_dagrun for read_dataset_event_from_classic to 2024-12-19 00:00:00+00:00, run_after=2024-12-20 00:00:00+00:00
[2024-12-20T09:18:28.404+0000] {processor.py:208} INFO - Processing /home/airflow/.local/lib/python3.12/site-packages/airflow/example_dags/example_inlet_event_extra.py took 9.679 seconds
[2024-12-20T09:19:06.895+0000] {processor.py:186} INFO - Started process (PID=131) to work on /home/airflow/.local/lib/python3.12/site-packages/airflow/example_dags/example_inlet_event_extra.py
[2024-12-20T09:19:06.899+0000] {processor.py:914} INFO - Processing file /home/airflow/.local/lib/python3.12/site-packages/airflow/example_dags/example_inlet_event_extra.py for tasks to queue
[2024-12-20T09:19:06.908+0000] {logging_mixin.py:190} INFO - [2024-12-20T09:19:06.907+0000] {dagbag.py:588} INFO - Filling up the DagBag from /home/airflow/.local/lib/python3.12/site-packages/airflow/example_dags/example_inlet_event_extra.py
[2024-12-20T09:19:11.373+0000] {processor.py:925} INFO - DAG(s) 'read_dataset_event', 'read_dataset_event_from_classic' retrieved from /home/airflow/.local/lib/python3.12/site-packages/airflow/example_dags/example_inlet_event_extra.py
[2024-12-20T09:19:11.451+0000] {logging_mixin.py:190} INFO - [2024-12-20T09:19:11.450+0000] {dag.py:3239} INFO - Sync 2 DAGs
[2024-12-20T09:19:11.555+0000] {logging_mixin.py:190} INFO - [2024-12-20T09:19:11.555+0000] {dag.py:4180} INFO - Setting next_dagrun for read_dataset_event to 2024-12-19 00:00:00+00:00, run_after=2024-12-20 00:00:00+00:00
[2024-12-20T09:19:11.575+0000] {logging_mixin.py:190} INFO - [2024-12-20T09:19:11.574+0000] {dag.py:4180} INFO - Setting next_dagrun for read_dataset_event_from_classic to 2024-12-19 00:00:00+00:00, run_after=2024-12-20 00:00:00+00:00
[2024-12-20T09:19:11.636+0000] {processor.py:208} INFO - Processing /home/airflow/.local/lib/python3.12/site-packages/airflow/example_dags/example_inlet_event_extra.py took 4.770 seconds
[2024-12-20T09:19:42.221+0000] {processor.py:186} INFO - Started process (PID=196) to work on /home/airflow/.local/lib/python3.12/site-packages/airflow/example_dags/example_inlet_event_extra.py
[2024-12-20T09:19:42.240+0000] {processor.py:914} INFO - Processing file /home/airflow/.local/lib/python3.12/site-packages/airflow/example_dags/example_inlet_event_extra.py for tasks to queue
[2024-12-20T09:19:42.264+0000] {logging_mixin.py:190} INFO - [2024-12-20T09:19:42.262+0000] {dagbag.py:588} INFO - Filling up the DagBag from /home/airflow/.local/lib/python3.12/site-packages/airflow/example_dags/example_inlet_event_extra.py
[2024-12-20T09:19:48.587+0000] {processor.py:925} INFO - DAG(s) 'read_dataset_event', 'read_dataset_event_from_classic' retrieved from /home/airflow/.local/lib/python3.12/site-packages/airflow/example_dags/example_inlet_event_extra.py
[2024-12-20T09:19:48.740+0000] {logging_mixin.py:190} INFO - [2024-12-20T09:19:48.739+0000] {dag.py:3239} INFO - Sync 2 DAGs
[2024-12-20T09:19:48.921+0000] {logging_mixin.py:190} INFO - [2024-12-20T09:19:48.920+0000] {dag.py:4180} INFO - Setting next_dagrun for read_dataset_event to 2024-12-19 00:00:00+00:00, run_after=2024-12-20 00:00:00+00:00
[2024-12-20T09:19:48.955+0000] {logging_mixin.py:190} INFO - [2024-12-20T09:19:48.954+0000] {dag.py:4180} INFO - Setting next_dagrun for read_dataset_event_from_classic to 2024-12-19 00:00:00+00:00, run_after=2024-12-20 00:00:00+00:00
[2024-12-20T09:19:49.038+0000] {processor.py:208} INFO - Processing /home/airflow/.local/lib/python3.12/site-packages/airflow/example_dags/example_inlet_event_extra.py took 6.974 seconds
[2024-12-20T09:20:25.373+0000] {processor.py:186} INFO - Started process (PID=268) to work on /home/airflow/.local/lib/python3.12/site-packages/airflow/example_dags/example_inlet_event_extra.py
[2024-12-20T09:20:25.387+0000] {processor.py:914} INFO - Processing file /home/airflow/.local/lib/python3.12/site-packages/airflow/example_dags/example_inlet_event_extra.py for tasks to queue
[2024-12-20T09:20:25.393+0000] {logging_mixin.py:190} INFO - [2024-12-20T09:20:25.392+0000] {dagbag.py:588} INFO - Filling up the DagBag from /home/airflow/.local/lib/python3.12/site-packages/airflow/example_dags/example_inlet_event_extra.py
[2024-12-20T09:20:32.494+0000] {processor.py:925} INFO - DAG(s) 'read_dataset_event_from_classic', 'read_dataset_event' retrieved from /home/airflow/.local/lib/python3.12/site-packages/airflow/example_dags/example_inlet_event_extra.py
[2024-12-20T09:20:32.602+0000] {logging_mixin.py:190} INFO - [2024-12-20T09:20:32.601+0000] {dag.py:3239} INFO - Sync 2 DAGs
[2024-12-20T09:20:32.747+0000] {logging_mixin.py:190} INFO - [2024-12-20T09:20:32.746+0000] {dag.py:4180} INFO - Setting next_dagrun for read_dataset_event to 2024-12-19 00:00:00+00:00, run_after=2024-12-20 00:00:00+00:00
[2024-12-20T09:20:32.774+0000] {logging_mixin.py:190} INFO - [2024-12-20T09:20:32.773+0000] {dag.py:4180} INFO - Setting next_dagrun for read_dataset_event_from_classic to 2024-12-19 00:00:00+00:00, run_after=2024-12-20 00:00:00+00:00
[2024-12-20T09:20:32.839+0000] {processor.py:208} INFO - Processing /home/airflow/.local/lib/python3.12/site-packages/airflow/example_dags/example_inlet_event_extra.py took 7.559 seconds
[2024-12-20T09:21:11.829+0000] {processor.py:186} INFO - Started process (PID=339) to work on /home/airflow/.local/lib/python3.12/site-packages/airflow/example_dags/example_inlet_event_extra.py
[2024-12-20T09:21:11.835+0000] {processor.py:914} INFO - Processing file /home/airflow/.local/lib/python3.12/site-packages/airflow/example_dags/example_inlet_event_extra.py for tasks to queue
[2024-12-20T09:21:11.847+0000] {logging_mixin.py:190} INFO - [2024-12-20T09:21:11.845+0000] {dagbag.py:588} INFO - Filling up the DagBag from /home/airflow/.local/lib/python3.12/site-packages/airflow/example_dags/example_inlet_event_extra.py
[2024-12-20T09:21:19.580+0000] {processor.py:925} INFO - DAG(s) 'read_dataset_event', 'read_dataset_event_from_classic' retrieved from /home/airflow/.local/lib/python3.12/site-packages/airflow/example_dags/example_inlet_event_extra.py
[2024-12-20T09:21:19.987+0000] {logging_mixin.py:190} INFO - [2024-12-20T09:21:19.986+0000] {dag.py:3239} INFO - Sync 2 DAGs
[2024-12-20T09:21:20.321+0000] {logging_mixin.py:190} INFO - [2024-12-20T09:21:20.319+0000] {dag.py:4180} INFO - Setting next_dagrun for read_dataset_event to 2024-12-19 00:00:00+00:00, run_after=2024-12-20 00:00:00+00:00
[2024-12-20T09:21:20.363+0000] {logging_mixin.py:190} INFO - [2024-12-20T09:21:20.362+0000] {dag.py:4180} INFO - Setting next_dagrun for read_dataset_event_from_classic to 2024-12-19 00:00:00+00:00, run_after=2024-12-20 00:00:00+00:00
[2024-12-20T09:21:20.459+0000] {processor.py:208} INFO - Processing /home/airflow/.local/lib/python3.12/site-packages/airflow/example_dags/example_inlet_event_extra.py took 8.668 seconds
[2024-12-20T09:21:58.455+0000] {processor.py:186} INFO - Started process (PID=425) to work on /home/airflow/.local/lib/python3.12/site-packages/airflow/example_dags/example_inlet_event_extra.py
[2024-12-20T09:21:58.470+0000] {processor.py:914} INFO - Processing file /home/airflow/.local/lib/python3.12/site-packages/airflow/example_dags/example_inlet_event_extra.py for tasks to queue
[2024-12-20T09:21:58.491+0000] {logging_mixin.py:190} INFO - [2024-12-20T09:21:58.479+0000] {dagbag.py:588} INFO - Filling up the DagBag from /home/airflow/.local/lib/python3.12/site-packages/airflow/example_dags/example_inlet_event_extra.py
[2024-12-20T09:22:11.262+0000] {processor.py:925} INFO - DAG(s) 'read_dataset_event', 'read_dataset_event_from_classic' retrieved from /home/airflow/.local/lib/python3.12/site-packages/airflow/example_dags/example_inlet_event_extra.py
[2024-12-20T09:22:11.398+0000] {logging_mixin.py:190} INFO - [2024-12-20T09:22:11.398+0000] {dag.py:3239} INFO - Sync 2 DAGs
[2024-12-20T09:22:11.581+0000] {logging_mixin.py:190} INFO - [2024-12-20T09:22:11.580+0000] {dag.py:4180} INFO - Setting next_dagrun for read_dataset_event to 2024-12-19 00:00:00+00:00, run_after=2024-12-20 00:00:00+00:00
[2024-12-20T09:22:11.639+0000] {logging_mixin.py:190} INFO - [2024-12-20T09:22:11.634+0000] {dag.py:4180} INFO - Setting next_dagrun for read_dataset_event_from_classic to 2024-12-19 00:00:00+00:00, run_after=2024-12-20 00:00:00+00:00
[2024-12-20T09:22:11.801+0000] {processor.py:208} INFO - Processing /home/airflow/.local/lib/python3.12/site-packages/airflow/example_dags/example_inlet_event_extra.py took 13.467 seconds
[2024-12-20T09:23:05.500+0000] {processor.py:186} INFO - Started process (PID=502) to work on /home/airflow/.local/lib/python3.12/site-packages/airflow/example_dags/example_inlet_event_extra.py
[2024-12-20T09:23:05.519+0000] {processor.py:914} INFO - Processing file /home/airflow/.local/lib/python3.12/site-packages/airflow/example_dags/example_inlet_event_extra.py for tasks to queue
[2024-12-20T09:23:05.551+0000] {logging_mixin.py:190} INFO - [2024-12-20T09:23:05.545+0000] {dagbag.py:588} INFO - Filling up the DagBag from /home/airflow/.local/lib/python3.12/site-packages/airflow/example_dags/example_inlet_event_extra.py
[2024-12-20T09:23:09.183+0000] {processor.py:925} INFO - DAG(s) 'read_dataset_event_from_classic', 'read_dataset_event' retrieved from /home/airflow/.local/lib/python3.12/site-packages/airflow/example_dags/example_inlet_event_extra.py
[2024-12-20T09:23:09.365+0000] {logging_mixin.py:190} INFO - [2024-12-20T09:23:09.363+0000] {dag.py:3239} INFO - Sync 2 DAGs
[2024-12-20T09:23:09.653+0000] {logging_mixin.py:190} INFO - [2024-12-20T09:23:09.652+0000] {dag.py:4180} INFO - Setting next_dagrun for read_dataset_event to 2024-12-19 00:00:00+00:00, run_after=2024-12-20 00:00:00+00:00
[2024-12-20T09:23:09.694+0000] {logging_mixin.py:190} INFO - [2024-12-20T09:23:09.693+0000] {dag.py:4180} INFO - Setting next_dagrun for read_dataset_event_from_classic to 2024-12-19 00:00:00+00:00, run_after=2024-12-20 00:00:00+00:00
[2024-12-20T09:23:09.798+0000] {processor.py:208} INFO - Processing /home/airflow/.local/lib/python3.12/site-packages/airflow/example_dags/example_inlet_event_extra.py took 4.358 seconds
[2024-12-20T09:23:40.151+0000] {processor.py:186} INFO - Started process (PID=567) to work on /home/airflow/.local/lib/python3.12/site-packages/airflow/example_dags/example_inlet_event_extra.py
[2024-12-20T09:23:40.154+0000] {processor.py:914} INFO - Processing file /home/airflow/.local/lib/python3.12/site-packages/airflow/example_dags/example_inlet_event_extra.py for tasks to queue
[2024-12-20T09:23:40.157+0000] {logging_mixin.py:190} INFO - [2024-12-20T09:23:40.156+0000] {dagbag.py:588} INFO - Filling up the DagBag from /home/airflow/.local/lib/python3.12/site-packages/airflow/example_dags/example_inlet_event_extra.py
[2024-12-20T09:23:41.909+0000] {processor.py:925} INFO - DAG(s) 'read_dataset_event', 'read_dataset_event_from_classic' retrieved from /home/airflow/.local/lib/python3.12/site-packages/airflow/example_dags/example_inlet_event_extra.py
[2024-12-20T09:23:41.972+0000] {logging_mixin.py:190} INFO - [2024-12-20T09:23:41.970+0000] {dag.py:3239} INFO - Sync 2 DAGs
[2024-12-20T09:23:42.059+0000] {logging_mixin.py:190} INFO - [2024-12-20T09:23:42.058+0000] {dag.py:4180} INFO - Setting next_dagrun for read_dataset_event to 2024-12-19 00:00:00+00:00, run_after=2024-12-20 00:00:00+00:00
[2024-12-20T09:23:42.077+0000] {logging_mixin.py:190} INFO - [2024-12-20T09:23:42.077+0000] {dag.py:4180} INFO - Setting next_dagrun for read_dataset_event_from_classic to 2024-12-19 00:00:00+00:00, run_after=2024-12-20 00:00:00+00:00
[2024-12-20T09:23:42.136+0000] {processor.py:208} INFO - Processing /home/airflow/.local/lib/python3.12/site-packages/airflow/example_dags/example_inlet_event_extra.py took 2.006 seconds
[2024-12-20T09:24:12.309+0000] {processor.py:186} INFO - Started process (PID=633) to work on /home/airflow/.local/lib/python3.12/site-packages/airflow/example_dags/example_inlet_event_extra.py
[2024-12-20T09:24:12.310+0000] {processor.py:914} INFO - Processing file /home/airflow/.local/lib/python3.12/site-packages/airflow/example_dags/example_inlet_event_extra.py for tasks to queue
[2024-12-20T09:24:12.313+0000] {logging_mixin.py:190} INFO - [2024-12-20T09:24:12.312+0000] {dagbag.py:588} INFO - Filling up the DagBag from /home/airflow/.local/lib/python3.12/site-packages/airflow/example_dags/example_inlet_event_extra.py
[2024-12-20T09:24:13.487+0000] {processor.py:925} INFO - DAG(s) 'read_dataset_event_from_classic', 'read_dataset_event' retrieved from /home/airflow/.local/lib/python3.12/site-packages/airflow/example_dags/example_inlet_event_extra.py
[2024-12-20T09:24:13.536+0000] {logging_mixin.py:190} INFO - [2024-12-20T09:24:13.535+0000] {dag.py:3239} INFO - Sync 2 DAGs
[2024-12-20T09:24:13.663+0000] {logging_mixin.py:190} INFO - [2024-12-20T09:24:13.662+0000] {dag.py:4180} INFO - Setting next_dagrun for read_dataset_event to 2024-12-19 00:00:00+00:00, run_after=2024-12-20 00:00:00+00:00
[2024-12-20T09:24:13.679+0000] {logging_mixin.py:190} INFO - [2024-12-20T09:24:13.679+0000] {dag.py:4180} INFO - Setting next_dagrun for read_dataset_event_from_classic to 2024-12-19 00:00:00+00:00, run_after=2024-12-20 00:00:00+00:00
[2024-12-20T09:24:13.723+0000] {processor.py:208} INFO - Processing /home/airflow/.local/lib/python3.12/site-packages/airflow/example_dags/example_inlet_event_extra.py took 1.427 seconds
[2024-12-20T09:24:43.969+0000] {processor.py:186} INFO - Started process (PID=698) to work on /home/airflow/.local/lib/python3.12/site-packages/airflow/example_dags/example_inlet_event_extra.py
[2024-12-20T09:24:43.971+0000] {processor.py:914} INFO - Processing file /home/airflow/.local/lib/python3.12/site-packages/airflow/example_dags/example_inlet_event_extra.py for tasks to queue
[2024-12-20T09:24:43.973+0000] {logging_mixin.py:190} INFO - [2024-12-20T09:24:43.972+0000] {dagbag.py:588} INFO - Filling up the DagBag from /home/airflow/.local/lib/python3.12/site-packages/airflow/example_dags/example_inlet_event_extra.py
[2024-12-20T09:24:45.183+0000] {processor.py:925} INFO - DAG(s) 'read_dataset_event', 'read_dataset_event_from_classic' retrieved from /home/airflow/.local/lib/python3.12/site-packages/airflow/example_dags/example_inlet_event_extra.py
[2024-12-20T09:24:45.226+0000] {logging_mixin.py:190} INFO - [2024-12-20T09:24:45.225+0000] {dag.py:3239} INFO - Sync 2 DAGs
[2024-12-20T09:24:45.277+0000] {logging_mixin.py:190} INFO - [2024-12-20T09:24:45.276+0000] {dag.py:4180} INFO - Setting next_dagrun for read_dataset_event to 2024-12-19 00:00:00+00:00, run_after=2024-12-20 00:00:00+00:00
[2024-12-20T09:24:45.288+0000] {logging_mixin.py:190} INFO - [2024-12-20T09:24:45.287+0000] {dag.py:4180} INFO - Setting next_dagrun for read_dataset_event_from_classic to 2024-12-19 00:00:00+00:00, run_after=2024-12-20 00:00:00+00:00
[2024-12-20T09:24:45.363+0000] {processor.py:208} INFO - Processing /home/airflow/.local/lib/python3.12/site-packages/airflow/example_dags/example_inlet_event_extra.py took 1.400 seconds
[2024-12-20T09:25:16.371+0000] {processor.py:186} INFO - Started process (PID=763) to work on /home/airflow/.local/lib/python3.12/site-packages/airflow/example_dags/example_inlet_event_extra.py
[2024-12-20T09:25:16.374+0000] {processor.py:914} INFO - Processing file /home/airflow/.local/lib/python3.12/site-packages/airflow/example_dags/example_inlet_event_extra.py for tasks to queue
[2024-12-20T09:25:16.378+0000] {logging_mixin.py:190} INFO - [2024-12-20T09:25:16.377+0000] {dagbag.py:588} INFO - Filling up the DagBag from /home/airflow/.local/lib/python3.12/site-packages/airflow/example_dags/example_inlet_event_extra.py
[2024-12-20T09:25:17.268+0000] {processor.py:925} INFO - DAG(s) 'read_dataset_event', 'read_dataset_event_from_classic' retrieved from /home/airflow/.local/lib/python3.12/site-packages/airflow/example_dags/example_inlet_event_extra.py
[2024-12-20T09:25:17.303+0000] {logging_mixin.py:190} INFO - [2024-12-20T09:25:17.302+0000] {dag.py:3239} INFO - Sync 2 DAGs
[2024-12-20T09:25:17.345+0000] {logging_mixin.py:190} INFO - [2024-12-20T09:25:17.345+0000] {dag.py:4180} INFO - Setting next_dagrun for read_dataset_event to 2024-12-19 00:00:00+00:00, run_after=2024-12-20 00:00:00+00:00
[2024-12-20T09:25:17.354+0000] {logging_mixin.py:190} INFO - [2024-12-20T09:25:17.354+0000] {dag.py:4180} INFO - Setting next_dagrun for read_dataset_event_from_classic to 2024-12-19 00:00:00+00:00, run_after=2024-12-20 00:00:00+00:00
[2024-12-20T09:25:17.383+0000] {processor.py:208} INFO - Processing /home/airflow/.local/lib/python3.12/site-packages/airflow/example_dags/example_inlet_event_extra.py took 1.041 seconds
