[2024-12-20T05:28:33.405+0000] {processor.py:186} INFO - Started process (PID=12496) to work on /home/airflow/.local/lib/python3.12/site-packages/airflow/example_dags/example_sensor_decorator.py
[2024-12-20T05:28:33.409+0000] {processor.py:914} INFO - Processing file /home/airflow/.local/lib/python3.12/site-packages/airflow/example_dags/example_sensor_decorator.py for tasks to queue
[2024-12-20T05:28:33.429+0000] {logging_mixin.py:190} INFO - [2024-12-20T05:28:33.428+0000] {dagbag.py:588} INFO - Filling up the DagBag from /home/airflow/.local/lib/python3.12/site-packages/airflow/example_dags/example_sensor_decorator.py
[2024-12-20T05:28:33.551+0000] {processor.py:925} INFO - DAG(s) 'example_sensor_decorator' retrieved from /home/airflow/.local/lib/python3.12/site-packages/airflow/example_dags/example_sensor_decorator.py
[2024-12-20T05:28:33.751+0000] {logging_mixin.py:190} INFO - [2024-12-20T05:28:33.746+0000] {dag.py:3239} INFO - Sync 1 DAGs
[2024-12-20T05:28:33.946+0000] {logging_mixin.py:190} INFO - [2024-12-20T05:28:33.945+0000] {dag.py:4180} INFO - Setting next_dagrun for example_sensor_decorator to None, run_after=None
[2024-12-20T05:28:34.146+0000] {processor.py:208} INFO - Processing /home/airflow/.local/lib/python3.12/site-packages/airflow/example_dags/example_sensor_decorator.py took 0.820 seconds
[2024-12-20T05:29:18.659+0000] {processor.py:186} INFO - Started process (PID=12560) to work on /home/airflow/.local/lib/python3.12/site-packages/airflow/example_dags/example_sensor_decorator.py
[2024-12-20T05:29:18.662+0000] {processor.py:914} INFO - Processing file /home/airflow/.local/lib/python3.12/site-packages/airflow/example_dags/example_sensor_decorator.py for tasks to queue
[2024-12-20T05:29:18.672+0000] {logging_mixin.py:190} INFO - [2024-12-20T05:29:18.670+0000] {dagbag.py:588} INFO - Filling up the DagBag from /home/airflow/.local/lib/python3.12/site-packages/airflow/example_dags/example_sensor_decorator.py
[2024-12-20T05:29:18.704+0000] {processor.py:925} INFO - DAG(s) 'example_sensor_decorator' retrieved from /home/airflow/.local/lib/python3.12/site-packages/airflow/example_dags/example_sensor_decorator.py
[2024-12-20T05:29:18.781+0000] {logging_mixin.py:190} INFO - [2024-12-20T05:29:18.780+0000] {dag.py:3239} INFO - Sync 1 DAGs
[2024-12-20T05:29:18.863+0000] {logging_mixin.py:190} INFO - [2024-12-20T05:29:18.862+0000] {dag.py:4180} INFO - Setting next_dagrun for example_sensor_decorator to None, run_after=None
[2024-12-20T05:29:18.957+0000] {processor.py:208} INFO - Processing /home/airflow/.local/lib/python3.12/site-packages/airflow/example_dags/example_sensor_decorator.py took 0.321 seconds
[2024-12-20T05:29:49.531+0000] {processor.py:186} INFO - Started process (PID=12625) to work on /home/airflow/.local/lib/python3.12/site-packages/airflow/example_dags/example_sensor_decorator.py
[2024-12-20T05:29:49.533+0000] {processor.py:914} INFO - Processing file /home/airflow/.local/lib/python3.12/site-packages/airflow/example_dags/example_sensor_decorator.py for tasks to queue
[2024-12-20T05:29:49.538+0000] {logging_mixin.py:190} INFO - [2024-12-20T05:29:49.537+0000] {dagbag.py:588} INFO - Filling up the DagBag from /home/airflow/.local/lib/python3.12/site-packages/airflow/example_dags/example_sensor_decorator.py
[2024-12-20T05:29:49.555+0000] {processor.py:925} INFO - DAG(s) 'example_sensor_decorator' retrieved from /home/airflow/.local/lib/python3.12/site-packages/airflow/example_dags/example_sensor_decorator.py
[2024-12-20T05:29:49.595+0000] {logging_mixin.py:190} INFO - [2024-12-20T05:29:49.595+0000] {dag.py:3239} INFO - Sync 1 DAGs
[2024-12-20T05:29:49.653+0000] {logging_mixin.py:190} INFO - [2024-12-20T05:29:49.653+0000] {dag.py:4180} INFO - Setting next_dagrun for example_sensor_decorator to None, run_after=None
[2024-12-20T05:29:49.691+0000] {processor.py:208} INFO - Processing /home/airflow/.local/lib/python3.12/site-packages/airflow/example_dags/example_sensor_decorator.py took 0.171 seconds
[2024-12-20T05:30:20.860+0000] {processor.py:186} INFO - Started process (PID=12690) to work on /home/airflow/.local/lib/python3.12/site-packages/airflow/example_dags/example_sensor_decorator.py
[2024-12-20T05:30:20.862+0000] {processor.py:914} INFO - Processing file /home/airflow/.local/lib/python3.12/site-packages/airflow/example_dags/example_sensor_decorator.py for tasks to queue
[2024-12-20T05:30:20.869+0000] {logging_mixin.py:190} INFO - [2024-12-20T05:30:20.868+0000] {dagbag.py:588} INFO - Filling up the DagBag from /home/airflow/.local/lib/python3.12/site-packages/airflow/example_dags/example_sensor_decorator.py
[2024-12-20T05:30:20.891+0000] {processor.py:925} INFO - DAG(s) 'example_sensor_decorator' retrieved from /home/airflow/.local/lib/python3.12/site-packages/airflow/example_dags/example_sensor_decorator.py
[2024-12-20T05:30:20.946+0000] {logging_mixin.py:190} INFO - [2024-12-20T05:30:20.946+0000] {dag.py:3239} INFO - Sync 1 DAGs
[2024-12-20T05:30:20.982+0000] {logging_mixin.py:190} INFO - [2024-12-20T05:30:20.981+0000] {dag.py:4180} INFO - Setting next_dagrun for example_sensor_decorator to None, run_after=None
[2024-12-20T05:30:21.025+0000] {processor.py:208} INFO - Processing /home/airflow/.local/lib/python3.12/site-packages/airflow/example_dags/example_sensor_decorator.py took 0.183 seconds
[2024-12-20T05:30:53.783+0000] {processor.py:186} INFO - Started process (PID=12755) to work on /home/airflow/.local/lib/python3.12/site-packages/airflow/example_dags/example_sensor_decorator.py
[2024-12-20T05:30:53.785+0000] {processor.py:914} INFO - Processing file /home/airflow/.local/lib/python3.12/site-packages/airflow/example_dags/example_sensor_decorator.py for tasks to queue
[2024-12-20T05:30:53.791+0000] {logging_mixin.py:190} INFO - [2024-12-20T05:30:53.790+0000] {dagbag.py:588} INFO - Filling up the DagBag from /home/airflow/.local/lib/python3.12/site-packages/airflow/example_dags/example_sensor_decorator.py
[2024-12-20T05:30:53.811+0000] {processor.py:925} INFO - DAG(s) 'example_sensor_decorator' retrieved from /home/airflow/.local/lib/python3.12/site-packages/airflow/example_dags/example_sensor_decorator.py
[2024-12-20T05:30:53.859+0000] {logging_mixin.py:190} INFO - [2024-12-20T05:30:53.859+0000] {dag.py:3239} INFO - Sync 1 DAGs
[2024-12-20T05:30:53.906+0000] {logging_mixin.py:190} INFO - [2024-12-20T05:30:53.906+0000] {dag.py:4180} INFO - Setting next_dagrun for example_sensor_decorator to None, run_after=None
[2024-12-20T05:30:53.994+0000] {processor.py:208} INFO - Processing /home/airflow/.local/lib/python3.12/site-packages/airflow/example_dags/example_sensor_decorator.py took 0.228 seconds
[2024-12-20T05:31:24.962+0000] {processor.py:186} INFO - Started process (PID=12820) to work on /home/airflow/.local/lib/python3.12/site-packages/airflow/example_dags/example_sensor_decorator.py
[2024-12-20T05:31:24.965+0000] {processor.py:914} INFO - Processing file /home/airflow/.local/lib/python3.12/site-packages/airflow/example_dags/example_sensor_decorator.py for tasks to queue
[2024-12-20T05:31:24.971+0000] {logging_mixin.py:190} INFO - [2024-12-20T05:31:24.970+0000] {dagbag.py:588} INFO - Filling up the DagBag from /home/airflow/.local/lib/python3.12/site-packages/airflow/example_dags/example_sensor_decorator.py
[2024-12-20T05:31:24.988+0000] {processor.py:925} INFO - DAG(s) 'example_sensor_decorator' retrieved from /home/airflow/.local/lib/python3.12/site-packages/airflow/example_dags/example_sensor_decorator.py
[2024-12-20T05:31:25.029+0000] {logging_mixin.py:190} INFO - [2024-12-20T05:31:25.028+0000] {dag.py:3239} INFO - Sync 1 DAGs
[2024-12-20T05:31:25.058+0000] {logging_mixin.py:190} INFO - [2024-12-20T05:31:25.058+0000] {dag.py:4180} INFO - Setting next_dagrun for example_sensor_decorator to None, run_after=None
[2024-12-20T05:31:25.099+0000] {processor.py:208} INFO - Processing /home/airflow/.local/lib/python3.12/site-packages/airflow/example_dags/example_sensor_decorator.py took 0.152 seconds
[2024-12-20T05:31:57.034+0000] {processor.py:186} INFO - Started process (PID=12885) to work on /home/airflow/.local/lib/python3.12/site-packages/airflow/example_dags/example_sensor_decorator.py
[2024-12-20T05:31:57.037+0000] {processor.py:914} INFO - Processing file /home/airflow/.local/lib/python3.12/site-packages/airflow/example_dags/example_sensor_decorator.py for tasks to queue
[2024-12-20T05:31:57.045+0000] {logging_mixin.py:190} INFO - [2024-12-20T05:31:57.044+0000] {dagbag.py:588} INFO - Filling up the DagBag from /home/airflow/.local/lib/python3.12/site-packages/airflow/example_dags/example_sensor_decorator.py
[2024-12-20T05:31:57.071+0000] {processor.py:925} INFO - DAG(s) 'example_sensor_decorator' retrieved from /home/airflow/.local/lib/python3.12/site-packages/airflow/example_dags/example_sensor_decorator.py
[2024-12-20T05:31:57.131+0000] {logging_mixin.py:190} INFO - [2024-12-20T05:31:57.130+0000] {dag.py:3239} INFO - Sync 1 DAGs
[2024-12-20T05:31:57.195+0000] {logging_mixin.py:190} INFO - [2024-12-20T05:31:57.191+0000] {dag.py:4180} INFO - Setting next_dagrun for example_sensor_decorator to None, run_after=None
[2024-12-20T05:31:57.282+0000] {processor.py:208} INFO - Processing /home/airflow/.local/lib/python3.12/site-packages/airflow/example_dags/example_sensor_decorator.py took 0.263 seconds
[2024-12-20T05:32:29.345+0000] {processor.py:186} INFO - Started process (PID=12950) to work on /home/airflow/.local/lib/python3.12/site-packages/airflow/example_dags/example_sensor_decorator.py
[2024-12-20T05:32:29.347+0000] {processor.py:914} INFO - Processing file /home/airflow/.local/lib/python3.12/site-packages/airflow/example_dags/example_sensor_decorator.py for tasks to queue
[2024-12-20T05:32:29.356+0000] {logging_mixin.py:190} INFO - [2024-12-20T05:32:29.354+0000] {dagbag.py:588} INFO - Filling up the DagBag from /home/airflow/.local/lib/python3.12/site-packages/airflow/example_dags/example_sensor_decorator.py
[2024-12-20T05:32:29.386+0000] {processor.py:925} INFO - DAG(s) 'example_sensor_decorator' retrieved from /home/airflow/.local/lib/python3.12/site-packages/airflow/example_dags/example_sensor_decorator.py
[2024-12-20T05:32:29.451+0000] {logging_mixin.py:190} INFO - [2024-12-20T05:32:29.451+0000] {dag.py:3239} INFO - Sync 1 DAGs
[2024-12-20T05:32:29.505+0000] {logging_mixin.py:190} INFO - [2024-12-20T05:32:29.504+0000] {dag.py:4180} INFO - Setting next_dagrun for example_sensor_decorator to None, run_after=None
[2024-12-20T05:32:29.607+0000] {processor.py:208} INFO - Processing /home/airflow/.local/lib/python3.12/site-packages/airflow/example_dags/example_sensor_decorator.py took 0.277 seconds
[2024-12-20T05:33:03.766+0000] {processor.py:186} INFO - Started process (PID=13023) to work on /home/airflow/.local/lib/python3.12/site-packages/airflow/example_dags/example_sensor_decorator.py
[2024-12-20T05:33:03.769+0000] {processor.py:914} INFO - Processing file /home/airflow/.local/lib/python3.12/site-packages/airflow/example_dags/example_sensor_decorator.py for tasks to queue
[2024-12-20T05:33:03.787+0000] {logging_mixin.py:190} INFO - [2024-12-20T05:33:03.785+0000] {dagbag.py:588} INFO - Filling up the DagBag from /home/airflow/.local/lib/python3.12/site-packages/airflow/example_dags/example_sensor_decorator.py
[2024-12-20T05:33:03.817+0000] {processor.py:925} INFO - DAG(s) 'example_sensor_decorator' retrieved from /home/airflow/.local/lib/python3.12/site-packages/airflow/example_dags/example_sensor_decorator.py
[2024-12-20T05:33:03.897+0000] {logging_mixin.py:190} INFO - [2024-12-20T05:33:03.896+0000] {dag.py:3239} INFO - Sync 1 DAGs
[2024-12-20T05:33:03.973+0000] {logging_mixin.py:190} INFO - [2024-12-20T05:33:03.973+0000] {dag.py:4180} INFO - Setting next_dagrun for example_sensor_decorator to None, run_after=None
[2024-12-20T05:33:04.104+0000] {processor.py:208} INFO - Processing /home/airflow/.local/lib/python3.12/site-packages/airflow/example_dags/example_sensor_decorator.py took 0.361 seconds
[2024-12-20T05:33:34.795+0000] {processor.py:186} INFO - Started process (PID=13088) to work on /home/airflow/.local/lib/python3.12/site-packages/airflow/example_dags/example_sensor_decorator.py
[2024-12-20T05:33:34.798+0000] {processor.py:914} INFO - Processing file /home/airflow/.local/lib/python3.12/site-packages/airflow/example_dags/example_sensor_decorator.py for tasks to queue
[2024-12-20T05:33:34.807+0000] {logging_mixin.py:190} INFO - [2024-12-20T05:33:34.806+0000] {dagbag.py:588} INFO - Filling up the DagBag from /home/airflow/.local/lib/python3.12/site-packages/airflow/example_dags/example_sensor_decorator.py
[2024-12-20T05:33:34.837+0000] {processor.py:925} INFO - DAG(s) 'example_sensor_decorator' retrieved from /home/airflow/.local/lib/python3.12/site-packages/airflow/example_dags/example_sensor_decorator.py
[2024-12-20T05:33:34.889+0000] {logging_mixin.py:190} INFO - [2024-12-20T05:33:34.888+0000] {dag.py:3239} INFO - Sync 1 DAGs
[2024-12-20T05:33:34.929+0000] {logging_mixin.py:190} INFO - [2024-12-20T05:33:34.928+0000] {dag.py:4180} INFO - Setting next_dagrun for example_sensor_decorator to None, run_after=None
[2024-12-20T05:33:34.985+0000] {processor.py:208} INFO - Processing /home/airflow/.local/lib/python3.12/site-packages/airflow/example_dags/example_sensor_decorator.py took 0.215 seconds
[2024-12-20T05:34:11.495+0000] {processor.py:186} INFO - Started process (PID=13154) to work on /home/airflow/.local/lib/python3.12/site-packages/airflow/example_dags/example_sensor_decorator.py
[2024-12-20T05:34:11.499+0000] {processor.py:914} INFO - Processing file /home/airflow/.local/lib/python3.12/site-packages/airflow/example_dags/example_sensor_decorator.py for tasks to queue
[2024-12-20T05:34:11.524+0000] {logging_mixin.py:190} INFO - [2024-12-20T05:34:11.522+0000] {dagbag.py:588} INFO - Filling up the DagBag from /home/airflow/.local/lib/python3.12/site-packages/airflow/example_dags/example_sensor_decorator.py
[2024-12-20T05:34:11.600+0000] {processor.py:925} INFO - DAG(s) 'example_sensor_decorator' retrieved from /home/airflow/.local/lib/python3.12/site-packages/airflow/example_dags/example_sensor_decorator.py
[2024-12-20T05:34:11.723+0000] {logging_mixin.py:190} INFO - [2024-12-20T05:34:11.722+0000] {dag.py:3239} INFO - Sync 1 DAGs
[2024-12-20T05:34:11.805+0000] {logging_mixin.py:190} INFO - [2024-12-20T05:34:11.804+0000] {dag.py:4180} INFO - Setting next_dagrun for example_sensor_decorator to None, run_after=None
[2024-12-20T05:34:11.954+0000] {processor.py:208} INFO - Processing /home/airflow/.local/lib/python3.12/site-packages/airflow/example_dags/example_sensor_decorator.py took 0.516 seconds
[2024-12-20T05:34:44.275+0000] {processor.py:186} INFO - Started process (PID=13221) to work on /home/airflow/.local/lib/python3.12/site-packages/airflow/example_dags/example_sensor_decorator.py
[2024-12-20T05:34:44.285+0000] {processor.py:914} INFO - Processing file /home/airflow/.local/lib/python3.12/site-packages/airflow/example_dags/example_sensor_decorator.py for tasks to queue
[2024-12-20T05:34:44.291+0000] {logging_mixin.py:190} INFO - [2024-12-20T05:34:44.290+0000] {dagbag.py:588} INFO - Filling up the DagBag from /home/airflow/.local/lib/python3.12/site-packages/airflow/example_dags/example_sensor_decorator.py
[2024-12-20T05:34:44.309+0000] {processor.py:925} INFO - DAG(s) 'example_sensor_decorator' retrieved from /home/airflow/.local/lib/python3.12/site-packages/airflow/example_dags/example_sensor_decorator.py
[2024-12-20T05:34:44.350+0000] {logging_mixin.py:190} INFO - [2024-12-20T05:34:44.349+0000] {dag.py:3239} INFO - Sync 1 DAGs
[2024-12-20T05:34:44.380+0000] {logging_mixin.py:190} INFO - [2024-12-20T05:34:44.380+0000] {dag.py:4180} INFO - Setting next_dagrun for example_sensor_decorator to None, run_after=None
[2024-12-20T05:34:44.440+0000] {processor.py:208} INFO - Processing /home/airflow/.local/lib/python3.12/site-packages/airflow/example_dags/example_sensor_decorator.py took 0.183 seconds
[2024-12-20T05:35:17.120+0000] {processor.py:186} INFO - Started process (PID=13288) to work on /home/airflow/.local/lib/python3.12/site-packages/airflow/example_dags/example_sensor_decorator.py
[2024-12-20T05:35:17.123+0000] {processor.py:914} INFO - Processing file /home/airflow/.local/lib/python3.12/site-packages/airflow/example_dags/example_sensor_decorator.py for tasks to queue
[2024-12-20T05:35:17.130+0000] {logging_mixin.py:190} INFO - [2024-12-20T05:35:17.129+0000] {dagbag.py:588} INFO - Filling up the DagBag from /home/airflow/.local/lib/python3.12/site-packages/airflow/example_dags/example_sensor_decorator.py
[2024-12-20T05:35:17.159+0000] {processor.py:925} INFO - DAG(s) 'example_sensor_decorator' retrieved from /home/airflow/.local/lib/python3.12/site-packages/airflow/example_dags/example_sensor_decorator.py
[2024-12-20T05:35:17.233+0000] {logging_mixin.py:190} INFO - [2024-12-20T05:35:17.232+0000] {dag.py:3239} INFO - Sync 1 DAGs
[2024-12-20T05:35:17.308+0000] {logging_mixin.py:190} INFO - [2024-12-20T05:35:17.307+0000] {dag.py:4180} INFO - Setting next_dagrun for example_sensor_decorator to None, run_after=None
[2024-12-20T05:35:17.382+0000] {processor.py:208} INFO - Processing /home/airflow/.local/lib/python3.12/site-packages/airflow/example_dags/example_sensor_decorator.py took 0.283 seconds
[2024-12-20T05:35:50.135+0000] {processor.py:186} INFO - Started process (PID=13354) to work on /home/airflow/.local/lib/python3.12/site-packages/airflow/example_dags/example_sensor_decorator.py
[2024-12-20T05:35:50.138+0000] {processor.py:914} INFO - Processing file /home/airflow/.local/lib/python3.12/site-packages/airflow/example_dags/example_sensor_decorator.py for tasks to queue
[2024-12-20T05:35:50.143+0000] {logging_mixin.py:190} INFO - [2024-12-20T05:35:50.143+0000] {dagbag.py:588} INFO - Filling up the DagBag from /home/airflow/.local/lib/python3.12/site-packages/airflow/example_dags/example_sensor_decorator.py
[2024-12-20T05:35:50.162+0000] {processor.py:925} INFO - DAG(s) 'example_sensor_decorator' retrieved from /home/airflow/.local/lib/python3.12/site-packages/airflow/example_dags/example_sensor_decorator.py
[2024-12-20T05:35:50.204+0000] {logging_mixin.py:190} INFO - [2024-12-20T05:35:50.203+0000] {dag.py:3239} INFO - Sync 1 DAGs
[2024-12-20T05:35:50.242+0000] {logging_mixin.py:190} INFO - [2024-12-20T05:35:50.241+0000] {dag.py:4180} INFO - Setting next_dagrun for example_sensor_decorator to None, run_after=None
[2024-12-20T05:35:50.306+0000] {processor.py:208} INFO - Processing /home/airflow/.local/lib/python3.12/site-packages/airflow/example_dags/example_sensor_decorator.py took 0.184 seconds
[2024-12-20T05:36:23.144+0000] {processor.py:186} INFO - Started process (PID=13419) to work on /home/airflow/.local/lib/python3.12/site-packages/airflow/example_dags/example_sensor_decorator.py
[2024-12-20T05:36:23.147+0000] {processor.py:914} INFO - Processing file /home/airflow/.local/lib/python3.12/site-packages/airflow/example_dags/example_sensor_decorator.py for tasks to queue
[2024-12-20T05:36:23.154+0000] {logging_mixin.py:190} INFO - [2024-12-20T05:36:23.153+0000] {dagbag.py:588} INFO - Filling up the DagBag from /home/airflow/.local/lib/python3.12/site-packages/airflow/example_dags/example_sensor_decorator.py
[2024-12-20T05:36:23.179+0000] {processor.py:925} INFO - DAG(s) 'example_sensor_decorator' retrieved from /home/airflow/.local/lib/python3.12/site-packages/airflow/example_dags/example_sensor_decorator.py
[2024-12-20T05:36:23.236+0000] {logging_mixin.py:190} INFO - [2024-12-20T05:36:23.235+0000] {dag.py:3239} INFO - Sync 1 DAGs
[2024-12-20T05:36:23.281+0000] {logging_mixin.py:190} INFO - [2024-12-20T05:36:23.281+0000] {dag.py:4180} INFO - Setting next_dagrun for example_sensor_decorator to None, run_after=None
[2024-12-20T05:36:23.346+0000] {processor.py:208} INFO - Processing /home/airflow/.local/lib/python3.12/site-packages/airflow/example_dags/example_sensor_decorator.py took 0.222 seconds
[2024-12-20T05:36:54.784+0000] {processor.py:186} INFO - Started process (PID=13484) to work on /home/airflow/.local/lib/python3.12/site-packages/airflow/example_dags/example_sensor_decorator.py
[2024-12-20T05:36:54.788+0000] {processor.py:914} INFO - Processing file /home/airflow/.local/lib/python3.12/site-packages/airflow/example_dags/example_sensor_decorator.py for tasks to queue
[2024-12-20T05:36:54.802+0000] {logging_mixin.py:190} INFO - [2024-12-20T05:36:54.800+0000] {dagbag.py:588} INFO - Filling up the DagBag from /home/airflow/.local/lib/python3.12/site-packages/airflow/example_dags/example_sensor_decorator.py
[2024-12-20T05:36:54.838+0000] {processor.py:925} INFO - DAG(s) 'example_sensor_decorator' retrieved from /home/airflow/.local/lib/python3.12/site-packages/airflow/example_dags/example_sensor_decorator.py
[2024-12-20T05:36:54.903+0000] {logging_mixin.py:190} INFO - [2024-12-20T05:36:54.903+0000] {dag.py:3239} INFO - Sync 1 DAGs
[2024-12-20T05:36:54.933+0000] {logging_mixin.py:190} INFO - [2024-12-20T05:36:54.932+0000] {dag.py:4180} INFO - Setting next_dagrun for example_sensor_decorator to None, run_after=None
[2024-12-20T05:36:54.974+0000] {processor.py:208} INFO - Processing /home/airflow/.local/lib/python3.12/site-packages/airflow/example_dags/example_sensor_decorator.py took 0.221 seconds
[2024-12-20T05:37:26.680+0000] {processor.py:186} INFO - Started process (PID=13550) to work on /home/airflow/.local/lib/python3.12/site-packages/airflow/example_dags/example_sensor_decorator.py
[2024-12-20T05:37:26.683+0000] {processor.py:914} INFO - Processing file /home/airflow/.local/lib/python3.12/site-packages/airflow/example_dags/example_sensor_decorator.py for tasks to queue
[2024-12-20T05:37:26.690+0000] {logging_mixin.py:190} INFO - [2024-12-20T05:37:26.689+0000] {dagbag.py:588} INFO - Filling up the DagBag from /home/airflow/.local/lib/python3.12/site-packages/airflow/example_dags/example_sensor_decorator.py
[2024-12-20T05:37:26.715+0000] {processor.py:925} INFO - DAG(s) 'example_sensor_decorator' retrieved from /home/airflow/.local/lib/python3.12/site-packages/airflow/example_dags/example_sensor_decorator.py
[2024-12-20T05:37:26.775+0000] {logging_mixin.py:190} INFO - [2024-12-20T05:37:26.774+0000] {dag.py:3239} INFO - Sync 1 DAGs
[2024-12-20T05:37:26.826+0000] {logging_mixin.py:190} INFO - [2024-12-20T05:37:26.825+0000] {dag.py:4180} INFO - Setting next_dagrun for example_sensor_decorator to None, run_after=None
[2024-12-20T05:37:26.899+0000] {processor.py:208} INFO - Processing /home/airflow/.local/lib/python3.12/site-packages/airflow/example_dags/example_sensor_decorator.py took 0.241 seconds
[2024-12-20T05:37:57.010+0000] {processor.py:186} INFO - Started process (PID=13614) to work on /home/airflow/.local/lib/python3.12/site-packages/airflow/example_dags/example_sensor_decorator.py
[2024-12-20T05:37:57.012+0000] {processor.py:914} INFO - Processing file /home/airflow/.local/lib/python3.12/site-packages/airflow/example_dags/example_sensor_decorator.py for tasks to queue
[2024-12-20T05:37:57.017+0000] {logging_mixin.py:190} INFO - [2024-12-20T05:37:57.016+0000] {dagbag.py:588} INFO - Filling up the DagBag from /home/airflow/.local/lib/python3.12/site-packages/airflow/example_dags/example_sensor_decorator.py
[2024-12-20T05:37:57.033+0000] {processor.py:925} INFO - DAG(s) 'example_sensor_decorator' retrieved from /home/airflow/.local/lib/python3.12/site-packages/airflow/example_dags/example_sensor_decorator.py
[2024-12-20T05:37:57.072+0000] {logging_mixin.py:190} INFO - [2024-12-20T05:37:57.072+0000] {dag.py:3239} INFO - Sync 1 DAGs
[2024-12-20T05:37:57.103+0000] {logging_mixin.py:190} INFO - [2024-12-20T05:37:57.103+0000] {dag.py:4180} INFO - Setting next_dagrun for example_sensor_decorator to None, run_after=None
[2024-12-20T05:37:57.145+0000] {processor.py:208} INFO - Processing /home/airflow/.local/lib/python3.12/site-packages/airflow/example_dags/example_sensor_decorator.py took 0.147 seconds
[2024-12-20T05:38:27.652+0000] {processor.py:186} INFO - Started process (PID=13679) to work on /home/airflow/.local/lib/python3.12/site-packages/airflow/example_dags/example_sensor_decorator.py
[2024-12-20T05:38:27.655+0000] {processor.py:914} INFO - Processing file /home/airflow/.local/lib/python3.12/site-packages/airflow/example_dags/example_sensor_decorator.py for tasks to queue
[2024-12-20T05:38:27.663+0000] {logging_mixin.py:190} INFO - [2024-12-20T05:38:27.662+0000] {dagbag.py:588} INFO - Filling up the DagBag from /home/airflow/.local/lib/python3.12/site-packages/airflow/example_dags/example_sensor_decorator.py
[2024-12-20T05:38:27.693+0000] {processor.py:925} INFO - DAG(s) 'example_sensor_decorator' retrieved from /home/airflow/.local/lib/python3.12/site-packages/airflow/example_dags/example_sensor_decorator.py
[2024-12-20T05:38:27.780+0000] {logging_mixin.py:190} INFO - [2024-12-20T05:38:27.779+0000] {dag.py:3239} INFO - Sync 1 DAGs
[2024-12-20T05:38:27.857+0000] {logging_mixin.py:190} INFO - [2024-12-20T05:38:27.856+0000] {dag.py:4180} INFO - Setting next_dagrun for example_sensor_decorator to None, run_after=None
[2024-12-20T05:38:27.963+0000] {processor.py:208} INFO - Processing /home/airflow/.local/lib/python3.12/site-packages/airflow/example_dags/example_sensor_decorator.py took 0.332 seconds
[2024-12-20T05:38:58.699+0000] {processor.py:186} INFO - Started process (PID=13744) to work on /home/airflow/.local/lib/python3.12/site-packages/airflow/example_dags/example_sensor_decorator.py
[2024-12-20T05:38:58.703+0000] {processor.py:914} INFO - Processing file /home/airflow/.local/lib/python3.12/site-packages/airflow/example_dags/example_sensor_decorator.py for tasks to queue
[2024-12-20T05:38:58.710+0000] {logging_mixin.py:190} INFO - [2024-12-20T05:38:58.709+0000] {dagbag.py:588} INFO - Filling up the DagBag from /home/airflow/.local/lib/python3.12/site-packages/airflow/example_dags/example_sensor_decorator.py
[2024-12-20T05:38:58.738+0000] {processor.py:925} INFO - DAG(s) 'example_sensor_decorator' retrieved from /home/airflow/.local/lib/python3.12/site-packages/airflow/example_dags/example_sensor_decorator.py
[2024-12-20T05:38:58.794+0000] {logging_mixin.py:190} INFO - [2024-12-20T05:38:58.793+0000] {dag.py:3239} INFO - Sync 1 DAGs
[2024-12-20T05:38:58.836+0000] {logging_mixin.py:190} INFO - [2024-12-20T05:38:58.836+0000] {dag.py:4180} INFO - Setting next_dagrun for example_sensor_decorator to None, run_after=None
[2024-12-20T05:38:58.889+0000] {processor.py:208} INFO - Processing /home/airflow/.local/lib/python3.12/site-packages/airflow/example_dags/example_sensor_decorator.py took 0.208 seconds
[2024-12-20T05:39:29.042+0000] {processor.py:186} INFO - Started process (PID=13808) to work on /home/airflow/.local/lib/python3.12/site-packages/airflow/example_dags/example_sensor_decorator.py
[2024-12-20T05:39:29.044+0000] {processor.py:914} INFO - Processing file /home/airflow/.local/lib/python3.12/site-packages/airflow/example_dags/example_sensor_decorator.py for tasks to queue
[2024-12-20T05:39:29.048+0000] {logging_mixin.py:190} INFO - [2024-12-20T05:39:29.047+0000] {dagbag.py:588} INFO - Filling up the DagBag from /home/airflow/.local/lib/python3.12/site-packages/airflow/example_dags/example_sensor_decorator.py
[2024-12-20T05:39:29.063+0000] {processor.py:925} INFO - DAG(s) 'example_sensor_decorator' retrieved from /home/airflow/.local/lib/python3.12/site-packages/airflow/example_dags/example_sensor_decorator.py
[2024-12-20T05:39:29.088+0000] {logging_mixin.py:190} INFO - [2024-12-20T05:39:29.088+0000] {dag.py:3239} INFO - Sync 1 DAGs
[2024-12-20T05:39:29.110+0000] {logging_mixin.py:190} INFO - [2024-12-20T05:39:29.109+0000] {dag.py:4180} INFO - Setting next_dagrun for example_sensor_decorator to None, run_after=None
[2024-12-20T05:39:29.178+0000] {processor.py:208} INFO - Processing /home/airflow/.local/lib/python3.12/site-packages/airflow/example_dags/example_sensor_decorator.py took 0.146 seconds
[2024-12-20T05:40:00.030+0000] {processor.py:186} INFO - Started process (PID=13873) to work on /home/airflow/.local/lib/python3.12/site-packages/airflow/example_dags/example_sensor_decorator.py
[2024-12-20T05:40:00.033+0000] {processor.py:914} INFO - Processing file /home/airflow/.local/lib/python3.12/site-packages/airflow/example_dags/example_sensor_decorator.py for tasks to queue
[2024-12-20T05:40:00.042+0000] {logging_mixin.py:190} INFO - [2024-12-20T05:40:00.041+0000] {dagbag.py:588} INFO - Filling up the DagBag from /home/airflow/.local/lib/python3.12/site-packages/airflow/example_dags/example_sensor_decorator.py
[2024-12-20T05:40:00.067+0000] {processor.py:925} INFO - DAG(s) 'example_sensor_decorator' retrieved from /home/airflow/.local/lib/python3.12/site-packages/airflow/example_dags/example_sensor_decorator.py
[2024-12-20T05:40:00.108+0000] {logging_mixin.py:190} INFO - [2024-12-20T05:40:00.107+0000] {dag.py:3239} INFO - Sync 1 DAGs
[2024-12-20T05:40:00.140+0000] {logging_mixin.py:190} INFO - [2024-12-20T05:40:00.139+0000] {dag.py:4180} INFO - Setting next_dagrun for example_sensor_decorator to None, run_after=None
[2024-12-20T05:40:00.188+0000] {processor.py:208} INFO - Processing /home/airflow/.local/lib/python3.12/site-packages/airflow/example_dags/example_sensor_decorator.py took 0.184 seconds
[2024-12-20T05:40:30.967+0000] {processor.py:186} INFO - Started process (PID=13937) to work on /home/airflow/.local/lib/python3.12/site-packages/airflow/example_dags/example_sensor_decorator.py
[2024-12-20T05:40:30.969+0000] {processor.py:914} INFO - Processing file /home/airflow/.local/lib/python3.12/site-packages/airflow/example_dags/example_sensor_decorator.py for tasks to queue
[2024-12-20T05:40:30.974+0000] {logging_mixin.py:190} INFO - [2024-12-20T05:40:30.973+0000] {dagbag.py:588} INFO - Filling up the DagBag from /home/airflow/.local/lib/python3.12/site-packages/airflow/example_dags/example_sensor_decorator.py
[2024-12-20T05:40:31.002+0000] {processor.py:925} INFO - DAG(s) 'example_sensor_decorator' retrieved from /home/airflow/.local/lib/python3.12/site-packages/airflow/example_dags/example_sensor_decorator.py
[2024-12-20T05:40:31.094+0000] {logging_mixin.py:190} INFO - [2024-12-20T05:40:31.093+0000] {dag.py:3239} INFO - Sync 1 DAGs
[2024-12-20T05:40:31.129+0000] {logging_mixin.py:190} INFO - [2024-12-20T05:40:31.129+0000] {dag.py:4180} INFO - Setting next_dagrun for example_sensor_decorator to None, run_after=None
[2024-12-20T05:40:31.160+0000] {processor.py:208} INFO - Processing /home/airflow/.local/lib/python3.12/site-packages/airflow/example_dags/example_sensor_decorator.py took 0.206 seconds
[2024-12-20T05:41:04.507+0000] {processor.py:186} INFO - Started process (PID=14003) to work on /home/airflow/.local/lib/python3.12/site-packages/airflow/example_dags/example_sensor_decorator.py
[2024-12-20T05:41:04.511+0000] {processor.py:914} INFO - Processing file /home/airflow/.local/lib/python3.12/site-packages/airflow/example_dags/example_sensor_decorator.py for tasks to queue
[2024-12-20T05:41:04.535+0000] {logging_mixin.py:190} INFO - [2024-12-20T05:41:04.533+0000] {dagbag.py:588} INFO - Filling up the DagBag from /home/airflow/.local/lib/python3.12/site-packages/airflow/example_dags/example_sensor_decorator.py
[2024-12-20T05:41:04.580+0000] {processor.py:925} INFO - DAG(s) 'example_sensor_decorator' retrieved from /home/airflow/.local/lib/python3.12/site-packages/airflow/example_dags/example_sensor_decorator.py
[2024-12-20T05:41:04.661+0000] {logging_mixin.py:190} INFO - [2024-12-20T05:41:04.661+0000] {dag.py:3239} INFO - Sync 1 DAGs
[2024-12-20T05:41:04.745+0000] {logging_mixin.py:190} INFO - [2024-12-20T05:41:04.745+0000] {dag.py:4180} INFO - Setting next_dagrun for example_sensor_decorator to None, run_after=None
[2024-12-20T05:41:04.804+0000] {processor.py:208} INFO - Processing /home/airflow/.local/lib/python3.12/site-packages/airflow/example_dags/example_sensor_decorator.py took 0.336 seconds
[2024-12-20T05:41:36.250+0000] {processor.py:186} INFO - Started process (PID=14075) to work on /home/airflow/.local/lib/python3.12/site-packages/airflow/example_dags/example_sensor_decorator.py
[2024-12-20T05:41:36.255+0000] {processor.py:914} INFO - Processing file /home/airflow/.local/lib/python3.12/site-packages/airflow/example_dags/example_sensor_decorator.py for tasks to queue
[2024-12-20T05:41:36.264+0000] {logging_mixin.py:190} INFO - [2024-12-20T05:41:36.263+0000] {dagbag.py:588} INFO - Filling up the DagBag from /home/airflow/.local/lib/python3.12/site-packages/airflow/example_dags/example_sensor_decorator.py
[2024-12-20T05:41:36.295+0000] {processor.py:925} INFO - DAG(s) 'example_sensor_decorator' retrieved from /home/airflow/.local/lib/python3.12/site-packages/airflow/example_dags/example_sensor_decorator.py
[2024-12-20T05:41:36.356+0000] {logging_mixin.py:190} INFO - [2024-12-20T05:41:36.355+0000] {dag.py:3239} INFO - Sync 1 DAGs
[2024-12-20T05:41:36.409+0000] {logging_mixin.py:190} INFO - [2024-12-20T05:41:36.408+0000] {dag.py:4180} INFO - Setting next_dagrun for example_sensor_decorator to None, run_after=None
[2024-12-20T05:41:36.489+0000] {processor.py:208} INFO - Processing /home/airflow/.local/lib/python3.12/site-packages/airflow/example_dags/example_sensor_decorator.py took 0.261 seconds
[2024-12-20T05:42:07.738+0000] {processor.py:186} INFO - Started process (PID=14136) to work on /home/airflow/.local/lib/python3.12/site-packages/airflow/example_dags/example_sensor_decorator.py
[2024-12-20T05:42:07.741+0000] {processor.py:914} INFO - Processing file /home/airflow/.local/lib/python3.12/site-packages/airflow/example_dags/example_sensor_decorator.py for tasks to queue
[2024-12-20T05:42:07.748+0000] {logging_mixin.py:190} INFO - [2024-12-20T05:42:07.747+0000] {dagbag.py:588} INFO - Filling up the DagBag from /home/airflow/.local/lib/python3.12/site-packages/airflow/example_dags/example_sensor_decorator.py
[2024-12-20T05:42:07.772+0000] {processor.py:925} INFO - DAG(s) 'example_sensor_decorator' retrieved from /home/airflow/.local/lib/python3.12/site-packages/airflow/example_dags/example_sensor_decorator.py
[2024-12-20T05:42:07.834+0000] {logging_mixin.py:190} INFO - [2024-12-20T05:42:07.833+0000] {dag.py:3239} INFO - Sync 1 DAGs
[2024-12-20T05:42:07.875+0000] {logging_mixin.py:190} INFO - [2024-12-20T05:42:07.874+0000] {dag.py:4180} INFO - Setting next_dagrun for example_sensor_decorator to None, run_after=None
[2024-12-20T05:42:07.927+0000] {processor.py:208} INFO - Processing /home/airflow/.local/lib/python3.12/site-packages/airflow/example_dags/example_sensor_decorator.py took 0.205 seconds
[2024-12-20T05:42:38.877+0000] {processor.py:186} INFO - Started process (PID=14201) to work on /home/airflow/.local/lib/python3.12/site-packages/airflow/example_dags/example_sensor_decorator.py
[2024-12-20T05:42:38.881+0000] {processor.py:914} INFO - Processing file /home/airflow/.local/lib/python3.12/site-packages/airflow/example_dags/example_sensor_decorator.py for tasks to queue
[2024-12-20T05:42:38.889+0000] {logging_mixin.py:190} INFO - [2024-12-20T05:42:38.888+0000] {dagbag.py:588} INFO - Filling up the DagBag from /home/airflow/.local/lib/python3.12/site-packages/airflow/example_dags/example_sensor_decorator.py
[2024-12-20T05:42:38.912+0000] {processor.py:925} INFO - DAG(s) 'example_sensor_decorator' retrieved from /home/airflow/.local/lib/python3.12/site-packages/airflow/example_dags/example_sensor_decorator.py
[2024-12-20T05:42:38.955+0000] {logging_mixin.py:190} INFO - [2024-12-20T05:42:38.954+0000] {dag.py:3239} INFO - Sync 1 DAGs
[2024-12-20T05:42:38.997+0000] {logging_mixin.py:190} INFO - [2024-12-20T05:42:38.997+0000] {dag.py:4180} INFO - Setting next_dagrun for example_sensor_decorator to None, run_after=None
[2024-12-20T05:42:39.045+0000] {processor.py:208} INFO - Processing /home/airflow/.local/lib/python3.12/site-packages/airflow/example_dags/example_sensor_decorator.py took 0.187 seconds
[2024-12-20T05:43:11.861+0000] {processor.py:186} INFO - Started process (PID=14267) to work on /home/airflow/.local/lib/python3.12/site-packages/airflow/example_dags/example_sensor_decorator.py
[2024-12-20T05:43:11.865+0000] {processor.py:914} INFO - Processing file /home/airflow/.local/lib/python3.12/site-packages/airflow/example_dags/example_sensor_decorator.py for tasks to queue
[2024-12-20T05:43:11.872+0000] {logging_mixin.py:190} INFO - [2024-12-20T05:43:11.871+0000] {dagbag.py:588} INFO - Filling up the DagBag from /home/airflow/.local/lib/python3.12/site-packages/airflow/example_dags/example_sensor_decorator.py
[2024-12-20T05:43:11.893+0000] {processor.py:925} INFO - DAG(s) 'example_sensor_decorator' retrieved from /home/airflow/.local/lib/python3.12/site-packages/airflow/example_dags/example_sensor_decorator.py
[2024-12-20T05:43:11.940+0000] {logging_mixin.py:190} INFO - [2024-12-20T05:43:11.939+0000] {dag.py:3239} INFO - Sync 1 DAGs
[2024-12-20T05:43:11.976+0000] {logging_mixin.py:190} INFO - [2024-12-20T05:43:11.975+0000] {dag.py:4180} INFO - Setting next_dagrun for example_sensor_decorator to None, run_after=None
[2024-12-20T05:43:12.018+0000] {processor.py:208} INFO - Processing /home/airflow/.local/lib/python3.12/site-packages/airflow/example_dags/example_sensor_decorator.py took 0.172 seconds
[2024-12-20T05:43:44.143+0000] {processor.py:186} INFO - Started process (PID=14332) to work on /home/airflow/.local/lib/python3.12/site-packages/airflow/example_dags/example_sensor_decorator.py
[2024-12-20T05:43:44.146+0000] {processor.py:914} INFO - Processing file /home/airflow/.local/lib/python3.12/site-packages/airflow/example_dags/example_sensor_decorator.py for tasks to queue
[2024-12-20T05:43:44.154+0000] {logging_mixin.py:190} INFO - [2024-12-20T05:43:44.152+0000] {dagbag.py:588} INFO - Filling up the DagBag from /home/airflow/.local/lib/python3.12/site-packages/airflow/example_dags/example_sensor_decorator.py
[2024-12-20T05:43:44.191+0000] {processor.py:925} INFO - DAG(s) 'example_sensor_decorator' retrieved from /home/airflow/.local/lib/python3.12/site-packages/airflow/example_dags/example_sensor_decorator.py
[2024-12-20T05:43:44.270+0000] {logging_mixin.py:190} INFO - [2024-12-20T05:43:44.269+0000] {dag.py:3239} INFO - Sync 1 DAGs
[2024-12-20T05:43:44.347+0000] {logging_mixin.py:190} INFO - [2024-12-20T05:43:44.345+0000] {dag.py:4180} INFO - Setting next_dagrun for example_sensor_decorator to None, run_after=None
[2024-12-20T05:43:44.450+0000] {processor.py:208} INFO - Processing /home/airflow/.local/lib/python3.12/site-packages/airflow/example_dags/example_sensor_decorator.py took 0.332 seconds
[2024-12-20T05:44:15.333+0000] {processor.py:186} INFO - Started process (PID=14397) to work on /home/airflow/.local/lib/python3.12/site-packages/airflow/example_dags/example_sensor_decorator.py
[2024-12-20T05:44:15.335+0000] {processor.py:914} INFO - Processing file /home/airflow/.local/lib/python3.12/site-packages/airflow/example_dags/example_sensor_decorator.py for tasks to queue
[2024-12-20T05:44:15.343+0000] {logging_mixin.py:190} INFO - [2024-12-20T05:44:15.342+0000] {dagbag.py:588} INFO - Filling up the DagBag from /home/airflow/.local/lib/python3.12/site-packages/airflow/example_dags/example_sensor_decorator.py
[2024-12-20T05:44:15.364+0000] {processor.py:925} INFO - DAG(s) 'example_sensor_decorator' retrieved from /home/airflow/.local/lib/python3.12/site-packages/airflow/example_dags/example_sensor_decorator.py
[2024-12-20T05:44:15.447+0000] {logging_mixin.py:190} INFO - [2024-12-20T05:44:15.446+0000] {dag.py:3239} INFO - Sync 1 DAGs
[2024-12-20T05:44:15.534+0000] {logging_mixin.py:190} INFO - [2024-12-20T05:44:15.531+0000] {dag.py:4180} INFO - Setting next_dagrun for example_sensor_decorator to None, run_after=None
[2024-12-20T05:44:15.677+0000] {processor.py:208} INFO - Processing /home/airflow/.local/lib/python3.12/site-packages/airflow/example_dags/example_sensor_decorator.py took 0.357 seconds
[2024-12-20T05:44:45.968+0000] {processor.py:186} INFO - Started process (PID=14462) to work on /home/airflow/.local/lib/python3.12/site-packages/airflow/example_dags/example_sensor_decorator.py
[2024-12-20T05:44:45.971+0000] {processor.py:914} INFO - Processing file /home/airflow/.local/lib/python3.12/site-packages/airflow/example_dags/example_sensor_decorator.py for tasks to queue
[2024-12-20T05:44:45.977+0000] {logging_mixin.py:190} INFO - [2024-12-20T05:44:45.976+0000] {dagbag.py:588} INFO - Filling up the DagBag from /home/airflow/.local/lib/python3.12/site-packages/airflow/example_dags/example_sensor_decorator.py
[2024-12-20T05:44:45.999+0000] {processor.py:925} INFO - DAG(s) 'example_sensor_decorator' retrieved from /home/airflow/.local/lib/python3.12/site-packages/airflow/example_dags/example_sensor_decorator.py
[2024-12-20T05:44:46.051+0000] {logging_mixin.py:190} INFO - [2024-12-20T05:44:46.051+0000] {dag.py:3239} INFO - Sync 1 DAGs
[2024-12-20T05:44:46.100+0000] {logging_mixin.py:190} INFO - [2024-12-20T05:44:46.099+0000] {dag.py:4180} INFO - Setting next_dagrun for example_sensor_decorator to None, run_after=None
[2024-12-20T05:44:46.154+0000] {processor.py:208} INFO - Processing /home/airflow/.local/lib/python3.12/site-packages/airflow/example_dags/example_sensor_decorator.py took 0.202 seconds
[2024-12-20T05:45:17.315+0000] {processor.py:186} INFO - Started process (PID=14526) to work on /home/airflow/.local/lib/python3.12/site-packages/airflow/example_dags/example_sensor_decorator.py
[2024-12-20T05:45:17.318+0000] {processor.py:914} INFO - Processing file /home/airflow/.local/lib/python3.12/site-packages/airflow/example_dags/example_sensor_decorator.py for tasks to queue
[2024-12-20T05:45:17.328+0000] {logging_mixin.py:190} INFO - [2024-12-20T05:45:17.327+0000] {dagbag.py:588} INFO - Filling up the DagBag from /home/airflow/.local/lib/python3.12/site-packages/airflow/example_dags/example_sensor_decorator.py
[2024-12-20T05:45:17.371+0000] {processor.py:925} INFO - DAG(s) 'example_sensor_decorator' retrieved from /home/airflow/.local/lib/python3.12/site-packages/airflow/example_dags/example_sensor_decorator.py
[2024-12-20T05:45:17.475+0000] {logging_mixin.py:190} INFO - [2024-12-20T05:45:17.474+0000] {dag.py:3239} INFO - Sync 1 DAGs
[2024-12-20T05:45:17.545+0000] {logging_mixin.py:190} INFO - [2024-12-20T05:45:17.544+0000] {dag.py:4180} INFO - Setting next_dagrun for example_sensor_decorator to None, run_after=None
[2024-12-20T05:45:17.645+0000] {processor.py:208} INFO - Processing /home/airflow/.local/lib/python3.12/site-packages/airflow/example_dags/example_sensor_decorator.py took 0.363 seconds
[2024-12-20T05:45:47.819+0000] {processor.py:186} INFO - Started process (PID=14591) to work on /home/airflow/.local/lib/python3.12/site-packages/airflow/example_dags/example_sensor_decorator.py
[2024-12-20T05:45:47.822+0000] {processor.py:914} INFO - Processing file /home/airflow/.local/lib/python3.12/site-packages/airflow/example_dags/example_sensor_decorator.py for tasks to queue
[2024-12-20T05:45:47.828+0000] {logging_mixin.py:190} INFO - [2024-12-20T05:45:47.827+0000] {dagbag.py:588} INFO - Filling up the DagBag from /home/airflow/.local/lib/python3.12/site-packages/airflow/example_dags/example_sensor_decorator.py
[2024-12-20T05:45:47.850+0000] {processor.py:925} INFO - DAG(s) 'example_sensor_decorator' retrieved from /home/airflow/.local/lib/python3.12/site-packages/airflow/example_dags/example_sensor_decorator.py
[2024-12-20T05:45:47.895+0000] {logging_mixin.py:190} INFO - [2024-12-20T05:45:47.894+0000] {dag.py:3239} INFO - Sync 1 DAGs
[2024-12-20T05:45:47.928+0000] {logging_mixin.py:190} INFO - [2024-12-20T05:45:47.927+0000] {dag.py:4180} INFO - Setting next_dagrun for example_sensor_decorator to None, run_after=None
[2024-12-20T05:45:48.006+0000] {processor.py:208} INFO - Processing /home/airflow/.local/lib/python3.12/site-packages/airflow/example_dags/example_sensor_decorator.py took 0.202 seconds
[2024-12-20T05:46:19.120+0000] {processor.py:186} INFO - Started process (PID=14656) to work on /home/airflow/.local/lib/python3.12/site-packages/airflow/example_dags/example_sensor_decorator.py
[2024-12-20T05:46:19.123+0000] {processor.py:914} INFO - Processing file /home/airflow/.local/lib/python3.12/site-packages/airflow/example_dags/example_sensor_decorator.py for tasks to queue
[2024-12-20T05:46:19.138+0000] {logging_mixin.py:190} INFO - [2024-12-20T05:46:19.136+0000] {dagbag.py:588} INFO - Filling up the DagBag from /home/airflow/.local/lib/python3.12/site-packages/airflow/example_dags/example_sensor_decorator.py
[2024-12-20T05:46:19.165+0000] {processor.py:925} INFO - DAG(s) 'example_sensor_decorator' retrieved from /home/airflow/.local/lib/python3.12/site-packages/airflow/example_dags/example_sensor_decorator.py
[2024-12-20T05:46:19.223+0000] {logging_mixin.py:190} INFO - [2024-12-20T05:46:19.223+0000] {dag.py:3239} INFO - Sync 1 DAGs
[2024-12-20T05:46:19.274+0000] {logging_mixin.py:190} INFO - [2024-12-20T05:46:19.274+0000] {dag.py:4180} INFO - Setting next_dagrun for example_sensor_decorator to None, run_after=None
[2024-12-20T05:46:19.327+0000] {processor.py:208} INFO - Processing /home/airflow/.local/lib/python3.12/site-packages/airflow/example_dags/example_sensor_decorator.py took 0.223 seconds
[2024-12-20T05:46:49.521+0000] {processor.py:186} INFO - Started process (PID=14720) to work on /home/airflow/.local/lib/python3.12/site-packages/airflow/example_dags/example_sensor_decorator.py
[2024-12-20T05:46:49.525+0000] {processor.py:914} INFO - Processing file /home/airflow/.local/lib/python3.12/site-packages/airflow/example_dags/example_sensor_decorator.py for tasks to queue
[2024-12-20T05:46:49.533+0000] {logging_mixin.py:190} INFO - [2024-12-20T05:46:49.532+0000] {dagbag.py:588} INFO - Filling up the DagBag from /home/airflow/.local/lib/python3.12/site-packages/airflow/example_dags/example_sensor_decorator.py
[2024-12-20T05:46:49.554+0000] {processor.py:925} INFO - DAG(s) 'example_sensor_decorator' retrieved from /home/airflow/.local/lib/python3.12/site-packages/airflow/example_dags/example_sensor_decorator.py
[2024-12-20T05:46:49.595+0000] {logging_mixin.py:190} INFO - [2024-12-20T05:46:49.595+0000] {dag.py:3239} INFO - Sync 1 DAGs
[2024-12-20T05:46:49.641+0000] {logging_mixin.py:190} INFO - [2024-12-20T05:46:49.640+0000] {dag.py:4180} INFO - Setting next_dagrun for example_sensor_decorator to None, run_after=None
[2024-12-20T05:46:49.678+0000] {processor.py:208} INFO - Processing /home/airflow/.local/lib/python3.12/site-packages/airflow/example_dags/example_sensor_decorator.py took 0.171 seconds
[2024-12-20T05:47:19.887+0000] {processor.py:186} INFO - Started process (PID=14785) to work on /home/airflow/.local/lib/python3.12/site-packages/airflow/example_dags/example_sensor_decorator.py
[2024-12-20T05:47:19.889+0000] {processor.py:914} INFO - Processing file /home/airflow/.local/lib/python3.12/site-packages/airflow/example_dags/example_sensor_decorator.py for tasks to queue
[2024-12-20T05:47:19.894+0000] {logging_mixin.py:190} INFO - [2024-12-20T05:47:19.893+0000] {dagbag.py:588} INFO - Filling up the DagBag from /home/airflow/.local/lib/python3.12/site-packages/airflow/example_dags/example_sensor_decorator.py
[2024-12-20T05:47:19.914+0000] {processor.py:925} INFO - DAG(s) 'example_sensor_decorator' retrieved from /home/airflow/.local/lib/python3.12/site-packages/airflow/example_dags/example_sensor_decorator.py
[2024-12-20T05:47:19.950+0000] {logging_mixin.py:190} INFO - [2024-12-20T05:47:19.950+0000] {dag.py:3239} INFO - Sync 1 DAGs
[2024-12-20T05:47:19.988+0000] {logging_mixin.py:190} INFO - [2024-12-20T05:47:19.987+0000] {dag.py:4180} INFO - Setting next_dagrun for example_sensor_decorator to None, run_after=None
[2024-12-20T05:47:20.029+0000] {processor.py:208} INFO - Processing /home/airflow/.local/lib/python3.12/site-packages/airflow/example_dags/example_sensor_decorator.py took 0.156 seconds
[2024-12-20T05:48:02.735+0000] {processor.py:186} INFO - Started process (PID=14856) to work on /home/airflow/.local/lib/python3.12/site-packages/airflow/example_dags/example_sensor_decorator.py
[2024-12-20T05:48:02.748+0000] {processor.py:914} INFO - Processing file /home/airflow/.local/lib/python3.12/site-packages/airflow/example_dags/example_sensor_decorator.py for tasks to queue
[2024-12-20T05:48:02.765+0000] {logging_mixin.py:190} INFO - [2024-12-20T05:48:02.764+0000] {dagbag.py:588} INFO - Filling up the DagBag from /home/airflow/.local/lib/python3.12/site-packages/airflow/example_dags/example_sensor_decorator.py
[2024-12-20T05:48:02.828+0000] {processor.py:925} INFO - DAG(s) 'example_sensor_decorator' retrieved from /home/airflow/.local/lib/python3.12/site-packages/airflow/example_dags/example_sensor_decorator.py
[2024-12-20T05:48:02.961+0000] {logging_mixin.py:190} INFO - [2024-12-20T05:48:02.958+0000] {dag.py:3239} INFO - Sync 1 DAGs
[2024-12-20T05:48:03.155+0000] {logging_mixin.py:190} INFO - [2024-12-20T05:48:03.152+0000] {dag.py:4180} INFO - Setting next_dagrun for example_sensor_decorator to None, run_after=None
[2024-12-20T05:48:03.291+0000] {processor.py:208} INFO - Processing /home/airflow/.local/lib/python3.12/site-packages/airflow/example_dags/example_sensor_decorator.py took 0.617 seconds
