[2024-12-20T05:28:40.636+0000] {processor.py:186} INFO - Started process (PID=12504) to work on /home/airflow/.local/lib/python3.12/site-packages/airflow/example_dags/example_python_operator.py
[2024-12-20T05:28:40.644+0000] {processor.py:914} INFO - Processing file /home/airflow/.local/lib/python3.12/site-packages/airflow/example_dags/example_python_operator.py for tasks to queue
[2024-12-20T05:28:40.685+0000] {logging_mixin.py:190} INFO - [2024-12-20T05:28:40.677+0000] {dagbag.py:588} INFO - Filling up the DagBag from /home/airflow/.local/lib/python3.12/site-packages/airflow/example_dags/example_python_operator.py
[2024-12-20T05:28:40.925+0000] {processor.py:925} INFO - DAG(s) 'example_python_operator' retrieved from /home/airflow/.local/lib/python3.12/site-packages/airflow/example_dags/example_python_operator.py
[2024-12-20T05:28:41.134+0000] {logging_mixin.py:190} INFO - [2024-12-20T05:28:41.133+0000] {dag.py:3239} INFO - Sync 1 DAGs
[2024-12-20T05:28:41.304+0000] {logging_mixin.py:190} INFO - [2024-12-20T05:28:41.303+0000] {dag.py:4180} INFO - Setting next_dagrun for example_python_operator to None, run_after=None
[2024-12-20T05:28:41.476+0000] {processor.py:208} INFO - Processing /home/airflow/.local/lib/python3.12/site-packages/airflow/example_dags/example_python_operator.py took 0.957 seconds
[2024-12-20T05:29:20.396+0000] {processor.py:186} INFO - Started process (PID=12568) to work on /home/airflow/.local/lib/python3.12/site-packages/airflow/example_dags/example_python_operator.py
[2024-12-20T05:29:20.399+0000] {processor.py:914} INFO - Processing file /home/airflow/.local/lib/python3.12/site-packages/airflow/example_dags/example_python_operator.py for tasks to queue
[2024-12-20T05:29:20.409+0000] {logging_mixin.py:190} INFO - [2024-12-20T05:29:20.407+0000] {dagbag.py:588} INFO - Filling up the DagBag from /home/airflow/.local/lib/python3.12/site-packages/airflow/example_dags/example_python_operator.py
[2024-12-20T05:29:20.488+0000] {processor.py:925} INFO - DAG(s) 'example_python_operator' retrieved from /home/airflow/.local/lib/python3.12/site-packages/airflow/example_dags/example_python_operator.py
[2024-12-20T05:29:20.617+0000] {logging_mixin.py:190} INFO - [2024-12-20T05:29:20.616+0000] {dag.py:3239} INFO - Sync 1 DAGs
[2024-12-20T05:29:20.690+0000] {logging_mixin.py:190} INFO - [2024-12-20T05:29:20.689+0000] {dag.py:4180} INFO - Setting next_dagrun for example_python_operator to None, run_after=None
[2024-12-20T05:29:20.800+0000] {processor.py:208} INFO - Processing /home/airflow/.local/lib/python3.12/site-packages/airflow/example_dags/example_python_operator.py took 0.436 seconds
[2024-12-20T05:29:52.172+0000] {processor.py:186} INFO - Started process (PID=12633) to work on /home/airflow/.local/lib/python3.12/site-packages/airflow/example_dags/example_python_operator.py
[2024-12-20T05:29:52.174+0000] {processor.py:914} INFO - Processing file /home/airflow/.local/lib/python3.12/site-packages/airflow/example_dags/example_python_operator.py for tasks to queue
[2024-12-20T05:29:52.179+0000] {logging_mixin.py:190} INFO - [2024-12-20T05:29:52.178+0000] {dagbag.py:588} INFO - Filling up the DagBag from /home/airflow/.local/lib/python3.12/site-packages/airflow/example_dags/example_python_operator.py
[2024-12-20T05:29:52.208+0000] {processor.py:925} INFO - DAG(s) 'example_python_operator' retrieved from /home/airflow/.local/lib/python3.12/site-packages/airflow/example_dags/example_python_operator.py
[2024-12-20T05:29:52.267+0000] {logging_mixin.py:190} INFO - [2024-12-20T05:29:52.266+0000] {dag.py:3239} INFO - Sync 1 DAGs
[2024-12-20T05:29:52.313+0000] {logging_mixin.py:190} INFO - [2024-12-20T05:29:52.312+0000] {dag.py:4180} INFO - Setting next_dagrun for example_python_operator to None, run_after=None
[2024-12-20T05:29:52.362+0000] {processor.py:208} INFO - Processing /home/airflow/.local/lib/python3.12/site-packages/airflow/example_dags/example_python_operator.py took 0.202 seconds
[2024-12-20T05:30:23.600+0000] {processor.py:186} INFO - Started process (PID=12699) to work on /home/airflow/.local/lib/python3.12/site-packages/airflow/example_dags/example_python_operator.py
[2024-12-20T05:30:23.602+0000] {processor.py:914} INFO - Processing file /home/airflow/.local/lib/python3.12/site-packages/airflow/example_dags/example_python_operator.py for tasks to queue
[2024-12-20T05:30:23.607+0000] {logging_mixin.py:190} INFO - [2024-12-20T05:30:23.607+0000] {dagbag.py:588} INFO - Filling up the DagBag from /home/airflow/.local/lib/python3.12/site-packages/airflow/example_dags/example_python_operator.py
[2024-12-20T05:30:23.637+0000] {processor.py:925} INFO - DAG(s) 'example_python_operator' retrieved from /home/airflow/.local/lib/python3.12/site-packages/airflow/example_dags/example_python_operator.py
[2024-12-20T05:30:23.685+0000] {logging_mixin.py:190} INFO - [2024-12-20T05:30:23.684+0000] {dag.py:3239} INFO - Sync 1 DAGs
[2024-12-20T05:30:23.717+0000] {logging_mixin.py:190} INFO - [2024-12-20T05:30:23.716+0000] {dag.py:4180} INFO - Setting next_dagrun for example_python_operator to None, run_after=None
[2024-12-20T05:30:23.754+0000] {processor.py:208} INFO - Processing /home/airflow/.local/lib/python3.12/site-packages/airflow/example_dags/example_python_operator.py took 0.169 seconds
[2024-12-20T05:30:55.642+0000] {processor.py:186} INFO - Started process (PID=12764) to work on /home/airflow/.local/lib/python3.12/site-packages/airflow/example_dags/example_python_operator.py
[2024-12-20T05:30:55.645+0000] {processor.py:914} INFO - Processing file /home/airflow/.local/lib/python3.12/site-packages/airflow/example_dags/example_python_operator.py for tasks to queue
[2024-12-20T05:30:55.654+0000] {logging_mixin.py:190} INFO - [2024-12-20T05:30:55.652+0000] {dagbag.py:588} INFO - Filling up the DagBag from /home/airflow/.local/lib/python3.12/site-packages/airflow/example_dags/example_python_operator.py
[2024-12-20T05:30:55.706+0000] {processor.py:925} INFO - DAG(s) 'example_python_operator' retrieved from /home/airflow/.local/lib/python3.12/site-packages/airflow/example_dags/example_python_operator.py
[2024-12-20T05:30:55.780+0000] {logging_mixin.py:190} INFO - [2024-12-20T05:30:55.779+0000] {dag.py:3239} INFO - Sync 1 DAGs
[2024-12-20T05:30:55.828+0000] {logging_mixin.py:190} INFO - [2024-12-20T05:30:55.828+0000] {dag.py:4180} INFO - Setting next_dagrun for example_python_operator to None, run_after=None
[2024-12-20T05:30:55.882+0000] {processor.py:208} INFO - Processing /home/airflow/.local/lib/python3.12/site-packages/airflow/example_dags/example_python_operator.py took 0.264 seconds
[2024-12-20T05:31:26.168+0000] {processor.py:186} INFO - Started process (PID=12828) to work on /home/airflow/.local/lib/python3.12/site-packages/airflow/example_dags/example_python_operator.py
[2024-12-20T05:31:26.171+0000] {processor.py:914} INFO - Processing file /home/airflow/.local/lib/python3.12/site-packages/airflow/example_dags/example_python_operator.py for tasks to queue
[2024-12-20T05:31:26.193+0000] {logging_mixin.py:190} INFO - [2024-12-20T05:31:26.184+0000] {dagbag.py:588} INFO - Filling up the DagBag from /home/airflow/.local/lib/python3.12/site-packages/airflow/example_dags/example_python_operator.py
[2024-12-20T05:31:26.278+0000] {processor.py:925} INFO - DAG(s) 'example_python_operator' retrieved from /home/airflow/.local/lib/python3.12/site-packages/airflow/example_dags/example_python_operator.py
[2024-12-20T05:31:26.387+0000] {logging_mixin.py:190} INFO - [2024-12-20T05:31:26.386+0000] {dag.py:3239} INFO - Sync 1 DAGs
[2024-12-20T05:31:26.455+0000] {logging_mixin.py:190} INFO - [2024-12-20T05:31:26.455+0000] {dag.py:4180} INFO - Setting next_dagrun for example_python_operator to None, run_after=None
[2024-12-20T05:31:26.566+0000] {processor.py:208} INFO - Processing /home/airflow/.local/lib/python3.12/site-packages/airflow/example_dags/example_python_operator.py took 0.428 seconds
[2024-12-20T05:31:59.208+0000] {processor.py:186} INFO - Started process (PID=12894) to work on /home/airflow/.local/lib/python3.12/site-packages/airflow/example_dags/example_python_operator.py
[2024-12-20T05:31:59.211+0000] {processor.py:914} INFO - Processing file /home/airflow/.local/lib/python3.12/site-packages/airflow/example_dags/example_python_operator.py for tasks to queue
[2024-12-20T05:31:59.217+0000] {logging_mixin.py:190} INFO - [2024-12-20T05:31:59.216+0000] {dagbag.py:588} INFO - Filling up the DagBag from /home/airflow/.local/lib/python3.12/site-packages/airflow/example_dags/example_python_operator.py
[2024-12-20T05:31:59.246+0000] {processor.py:925} INFO - DAG(s) 'example_python_operator' retrieved from /home/airflow/.local/lib/python3.12/site-packages/airflow/example_dags/example_python_operator.py
[2024-12-20T05:31:59.292+0000] {logging_mixin.py:190} INFO - [2024-12-20T05:31:59.292+0000] {dag.py:3239} INFO - Sync 1 DAGs
[2024-12-20T05:31:59.324+0000] {logging_mixin.py:190} INFO - [2024-12-20T05:31:59.323+0000] {dag.py:4180} INFO - Setting next_dagrun for example_python_operator to None, run_after=None
[2024-12-20T05:31:59.394+0000] {processor.py:208} INFO - Processing /home/airflow/.local/lib/python3.12/site-packages/airflow/example_dags/example_python_operator.py took 0.198 seconds
[2024-12-20T05:32:31.294+0000] {processor.py:186} INFO - Started process (PID=12960) to work on /home/airflow/.local/lib/python3.12/site-packages/airflow/example_dags/example_python_operator.py
[2024-12-20T05:32:31.297+0000] {processor.py:914} INFO - Processing file /home/airflow/.local/lib/python3.12/site-packages/airflow/example_dags/example_python_operator.py for tasks to queue
[2024-12-20T05:32:31.306+0000] {logging_mixin.py:190} INFO - [2024-12-20T05:32:31.304+0000] {dagbag.py:588} INFO - Filling up the DagBag from /home/airflow/.local/lib/python3.12/site-packages/airflow/example_dags/example_python_operator.py
[2024-12-20T05:32:31.352+0000] {processor.py:925} INFO - DAG(s) 'example_python_operator' retrieved from /home/airflow/.local/lib/python3.12/site-packages/airflow/example_dags/example_python_operator.py
[2024-12-20T05:32:31.448+0000] {logging_mixin.py:190} INFO - [2024-12-20T05:32:31.447+0000] {dag.py:3239} INFO - Sync 1 DAGs
[2024-12-20T05:32:31.489+0000] {logging_mixin.py:190} INFO - [2024-12-20T05:32:31.489+0000] {dag.py:4180} INFO - Setting next_dagrun for example_python_operator to None, run_after=None
[2024-12-20T05:32:31.568+0000] {processor.py:208} INFO - Processing /home/airflow/.local/lib/python3.12/site-packages/airflow/example_dags/example_python_operator.py took 0.294 seconds
[2024-12-20T05:33:05.700+0000] {processor.py:186} INFO - Started process (PID=13031) to work on /home/airflow/.local/lib/python3.12/site-packages/airflow/example_dags/example_python_operator.py
[2024-12-20T05:33:05.704+0000] {processor.py:914} INFO - Processing file /home/airflow/.local/lib/python3.12/site-packages/airflow/example_dags/example_python_operator.py for tasks to queue
[2024-12-20T05:33:05.718+0000] {logging_mixin.py:190} INFO - [2024-12-20T05:33:05.716+0000] {dagbag.py:588} INFO - Filling up the DagBag from /home/airflow/.local/lib/python3.12/site-packages/airflow/example_dags/example_python_operator.py
[2024-12-20T05:33:05.789+0000] {processor.py:925} INFO - DAG(s) 'example_python_operator' retrieved from /home/airflow/.local/lib/python3.12/site-packages/airflow/example_dags/example_python_operator.py
[2024-12-20T05:33:05.922+0000] {logging_mixin.py:190} INFO - [2024-12-20T05:33:05.921+0000] {dag.py:3239} INFO - Sync 1 DAGs
[2024-12-20T05:33:05.971+0000] {logging_mixin.py:190} INFO - [2024-12-20T05:33:05.970+0000] {dag.py:4180} INFO - Setting next_dagrun for example_python_operator to None, run_after=None
[2024-12-20T05:33:06.032+0000] {processor.py:208} INFO - Processing /home/airflow/.local/lib/python3.12/site-packages/airflow/example_dags/example_python_operator.py took 0.366 seconds
[2024-12-20T05:33:36.327+0000] {processor.py:186} INFO - Started process (PID=13096) to work on /home/airflow/.local/lib/python3.12/site-packages/airflow/example_dags/example_python_operator.py
[2024-12-20T05:33:36.343+0000] {processor.py:914} INFO - Processing file /home/airflow/.local/lib/python3.12/site-packages/airflow/example_dags/example_python_operator.py for tasks to queue
[2024-12-20T05:33:36.366+0000] {logging_mixin.py:190} INFO - [2024-12-20T05:33:36.356+0000] {dagbag.py:588} INFO - Filling up the DagBag from /home/airflow/.local/lib/python3.12/site-packages/airflow/example_dags/example_python_operator.py
[2024-12-20T05:33:36.460+0000] {processor.py:925} INFO - DAG(s) 'example_python_operator' retrieved from /home/airflow/.local/lib/python3.12/site-packages/airflow/example_dags/example_python_operator.py
[2024-12-20T05:33:36.549+0000] {logging_mixin.py:190} INFO - [2024-12-20T05:33:36.547+0000] {dag.py:3239} INFO - Sync 1 DAGs
[2024-12-20T05:33:36.634+0000] {logging_mixin.py:190} INFO - [2024-12-20T05:33:36.633+0000] {dag.py:4180} INFO - Setting next_dagrun for example_python_operator to None, run_after=None
[2024-12-20T05:33:36.723+0000] {processor.py:208} INFO - Processing /home/airflow/.local/lib/python3.12/site-packages/airflow/example_dags/example_python_operator.py took 0.430 seconds
[2024-12-20T05:34:14.864+0000] {processor.py:186} INFO - Started process (PID=13167) to work on /home/airflow/.local/lib/python3.12/site-packages/airflow/example_dags/example_python_operator.py
[2024-12-20T05:34:14.867+0000] {processor.py:914} INFO - Processing file /home/airflow/.local/lib/python3.12/site-packages/airflow/example_dags/example_python_operator.py for tasks to queue
[2024-12-20T05:34:14.873+0000] {logging_mixin.py:190} INFO - [2024-12-20T05:34:14.872+0000] {dagbag.py:588} INFO - Filling up the DagBag from /home/airflow/.local/lib/python3.12/site-packages/airflow/example_dags/example_python_operator.py
[2024-12-20T05:34:14.904+0000] {processor.py:925} INFO - DAG(s) 'example_python_operator' retrieved from /home/airflow/.local/lib/python3.12/site-packages/airflow/example_dags/example_python_operator.py
[2024-12-20T05:34:14.959+0000] {logging_mixin.py:190} INFO - [2024-12-20T05:34:14.959+0000] {dag.py:3239} INFO - Sync 1 DAGs
[2024-12-20T05:34:14.994+0000] {logging_mixin.py:190} INFO - [2024-12-20T05:34:14.994+0000] {dag.py:4180} INFO - Setting next_dagrun for example_python_operator to None, run_after=None
[2024-12-20T05:34:15.079+0000] {processor.py:208} INFO - Processing /home/airflow/.local/lib/python3.12/site-packages/airflow/example_dags/example_python_operator.py took 0.231 seconds
[2024-12-20T05:34:45.940+0000] {processor.py:186} INFO - Started process (PID=13232) to work on /home/airflow/.local/lib/python3.12/site-packages/airflow/example_dags/example_python_operator.py
[2024-12-20T05:34:45.943+0000] {processor.py:914} INFO - Processing file /home/airflow/.local/lib/python3.12/site-packages/airflow/example_dags/example_python_operator.py for tasks to queue
[2024-12-20T05:34:45.950+0000] {logging_mixin.py:190} INFO - [2024-12-20T05:34:45.949+0000] {dagbag.py:588} INFO - Filling up the DagBag from /home/airflow/.local/lib/python3.12/site-packages/airflow/example_dags/example_python_operator.py
[2024-12-20T05:34:45.994+0000] {processor.py:925} INFO - DAG(s) 'example_python_operator' retrieved from /home/airflow/.local/lib/python3.12/site-packages/airflow/example_dags/example_python_operator.py
[2024-12-20T05:34:46.062+0000] {logging_mixin.py:190} INFO - [2024-12-20T05:34:46.061+0000] {dag.py:3239} INFO - Sync 1 DAGs
[2024-12-20T05:34:46.115+0000] {logging_mixin.py:190} INFO - [2024-12-20T05:34:46.115+0000] {dag.py:4180} INFO - Setting next_dagrun for example_python_operator to None, run_after=None
[2024-12-20T05:34:46.209+0000] {processor.py:208} INFO - Processing /home/airflow/.local/lib/python3.12/site-packages/airflow/example_dags/example_python_operator.py took 0.288 seconds
[2024-12-20T05:35:18.655+0000] {processor.py:186} INFO - Started process (PID=13297) to work on /home/airflow/.local/lib/python3.12/site-packages/airflow/example_dags/example_python_operator.py
[2024-12-20T05:35:18.658+0000] {processor.py:914} INFO - Processing file /home/airflow/.local/lib/python3.12/site-packages/airflow/example_dags/example_python_operator.py for tasks to queue
[2024-12-20T05:35:18.667+0000] {logging_mixin.py:190} INFO - [2024-12-20T05:35:18.666+0000] {dagbag.py:588} INFO - Filling up the DagBag from /home/airflow/.local/lib/python3.12/site-packages/airflow/example_dags/example_python_operator.py
[2024-12-20T05:35:18.708+0000] {processor.py:925} INFO - DAG(s) 'example_python_operator' retrieved from /home/airflow/.local/lib/python3.12/site-packages/airflow/example_dags/example_python_operator.py
[2024-12-20T05:35:18.775+0000] {logging_mixin.py:190} INFO - [2024-12-20T05:35:18.774+0000] {dag.py:3239} INFO - Sync 1 DAGs
[2024-12-20T05:35:18.820+0000] {logging_mixin.py:190} INFO - [2024-12-20T05:35:18.819+0000] {dag.py:4180} INFO - Setting next_dagrun for example_python_operator to None, run_after=None
[2024-12-20T05:35:18.873+0000] {processor.py:208} INFO - Processing /home/airflow/.local/lib/python3.12/site-packages/airflow/example_dags/example_python_operator.py took 0.241 seconds
[2024-12-20T05:35:51.381+0000] {processor.py:186} INFO - Started process (PID=13362) to work on /home/airflow/.local/lib/python3.12/site-packages/airflow/example_dags/example_python_operator.py
[2024-12-20T05:35:51.384+0000] {processor.py:914} INFO - Processing file /home/airflow/.local/lib/python3.12/site-packages/airflow/example_dags/example_python_operator.py for tasks to queue
[2024-12-20T05:35:51.390+0000] {logging_mixin.py:190} INFO - [2024-12-20T05:35:51.389+0000] {dagbag.py:588} INFO - Filling up the DagBag from /home/airflow/.local/lib/python3.12/site-packages/airflow/example_dags/example_python_operator.py
[2024-12-20T05:35:51.426+0000] {processor.py:925} INFO - DAG(s) 'example_python_operator' retrieved from /home/airflow/.local/lib/python3.12/site-packages/airflow/example_dags/example_python_operator.py
[2024-12-20T05:35:51.478+0000] {logging_mixin.py:190} INFO - [2024-12-20T05:35:51.477+0000] {dag.py:3239} INFO - Sync 1 DAGs
[2024-12-20T05:35:51.520+0000] {logging_mixin.py:190} INFO - [2024-12-20T05:35:51.519+0000] {dag.py:4180} INFO - Setting next_dagrun for example_python_operator to None, run_after=None
[2024-12-20T05:35:51.568+0000] {processor.py:208} INFO - Processing /home/airflow/.local/lib/python3.12/site-packages/airflow/example_dags/example_python_operator.py took 0.206 seconds
[2024-12-20T05:36:25.805+0000] {processor.py:186} INFO - Started process (PID=13427) to work on /home/airflow/.local/lib/python3.12/site-packages/airflow/example_dags/example_python_operator.py
[2024-12-20T05:36:25.808+0000] {processor.py:914} INFO - Processing file /home/airflow/.local/lib/python3.12/site-packages/airflow/example_dags/example_python_operator.py for tasks to queue
[2024-12-20T05:36:25.814+0000] {logging_mixin.py:190} INFO - [2024-12-20T05:36:25.813+0000] {dagbag.py:588} INFO - Filling up the DagBag from /home/airflow/.local/lib/python3.12/site-packages/airflow/example_dags/example_python_operator.py
[2024-12-20T05:36:25.851+0000] {processor.py:925} INFO - DAG(s) 'example_python_operator' retrieved from /home/airflow/.local/lib/python3.12/site-packages/airflow/example_dags/example_python_operator.py
[2024-12-20T05:36:25.911+0000] {logging_mixin.py:190} INFO - [2024-12-20T05:36:25.911+0000] {dag.py:3239} INFO - Sync 1 DAGs
[2024-12-20T05:36:25.953+0000] {logging_mixin.py:190} INFO - [2024-12-20T05:36:25.952+0000] {dag.py:4180} INFO - Setting next_dagrun for example_python_operator to None, run_after=None
[2024-12-20T05:36:26.004+0000] {processor.py:208} INFO - Processing /home/airflow/.local/lib/python3.12/site-packages/airflow/example_dags/example_python_operator.py took 0.215 seconds
[2024-12-20T05:36:56.112+0000] {processor.py:186} INFO - Started process (PID=13492) to work on /home/airflow/.local/lib/python3.12/site-packages/airflow/example_dags/example_python_operator.py
[2024-12-20T05:36:56.115+0000] {processor.py:914} INFO - Processing file /home/airflow/.local/lib/python3.12/site-packages/airflow/example_dags/example_python_operator.py for tasks to queue
[2024-12-20T05:36:56.123+0000] {logging_mixin.py:190} INFO - [2024-12-20T05:36:56.122+0000] {dagbag.py:588} INFO - Filling up the DagBag from /home/airflow/.local/lib/python3.12/site-packages/airflow/example_dags/example_python_operator.py
[2024-12-20T05:36:56.164+0000] {processor.py:925} INFO - DAG(s) 'example_python_operator' retrieved from /home/airflow/.local/lib/python3.12/site-packages/airflow/example_dags/example_python_operator.py
[2024-12-20T05:36:56.232+0000] {logging_mixin.py:190} INFO - [2024-12-20T05:36:56.231+0000] {dag.py:3239} INFO - Sync 1 DAGs
[2024-12-20T05:36:56.283+0000] {logging_mixin.py:190} INFO - [2024-12-20T05:36:56.282+0000] {dag.py:4180} INFO - Setting next_dagrun for example_python_operator to None, run_after=None
[2024-12-20T05:36:56.330+0000] {processor.py:208} INFO - Processing /home/airflow/.local/lib/python3.12/site-packages/airflow/example_dags/example_python_operator.py took 0.236 seconds
[2024-12-20T05:37:28.551+0000] {processor.py:186} INFO - Started process (PID=13558) to work on /home/airflow/.local/lib/python3.12/site-packages/airflow/example_dags/example_python_operator.py
[2024-12-20T05:37:28.561+0000] {processor.py:914} INFO - Processing file /home/airflow/.local/lib/python3.12/site-packages/airflow/example_dags/example_python_operator.py for tasks to queue
[2024-12-20T05:37:28.571+0000] {logging_mixin.py:190} INFO - [2024-12-20T05:37:28.570+0000] {dagbag.py:588} INFO - Filling up the DagBag from /home/airflow/.local/lib/python3.12/site-packages/airflow/example_dags/example_python_operator.py
[2024-12-20T05:37:28.664+0000] {processor.py:925} INFO - DAG(s) 'example_python_operator' retrieved from /home/airflow/.local/lib/python3.12/site-packages/airflow/example_dags/example_python_operator.py
[2024-12-20T05:37:28.790+0000] {logging_mixin.py:190} INFO - [2024-12-20T05:37:28.788+0000] {dag.py:3239} INFO - Sync 1 DAGs
[2024-12-20T05:37:28.858+0000] {logging_mixin.py:190} INFO - [2024-12-20T05:37:28.857+0000] {dag.py:4180} INFO - Setting next_dagrun for example_python_operator to None, run_after=None
[2024-12-20T05:37:28.956+0000] {processor.py:208} INFO - Processing /home/airflow/.local/lib/python3.12/site-packages/airflow/example_dags/example_python_operator.py took 0.432 seconds
[2024-12-20T05:37:59.886+0000] {processor.py:186} INFO - Started process (PID=13623) to work on /home/airflow/.local/lib/python3.12/site-packages/airflow/example_dags/example_python_operator.py
[2024-12-20T05:37:59.889+0000] {processor.py:914} INFO - Processing file /home/airflow/.local/lib/python3.12/site-packages/airflow/example_dags/example_python_operator.py for tasks to queue
[2024-12-20T05:37:59.900+0000] {logging_mixin.py:190} INFO - [2024-12-20T05:37:59.899+0000] {dagbag.py:588} INFO - Filling up the DagBag from /home/airflow/.local/lib/python3.12/site-packages/airflow/example_dags/example_python_operator.py
[2024-12-20T05:37:59.963+0000] {processor.py:925} INFO - DAG(s) 'example_python_operator' retrieved from /home/airflow/.local/lib/python3.12/site-packages/airflow/example_dags/example_python_operator.py
[2024-12-20T05:38:00.128+0000] {logging_mixin.py:190} INFO - [2024-12-20T05:38:00.127+0000] {dag.py:3239} INFO - Sync 1 DAGs
[2024-12-20T05:38:00.219+0000] {logging_mixin.py:190} INFO - [2024-12-20T05:38:00.218+0000] {dag.py:4180} INFO - Setting next_dagrun for example_python_operator to None, run_after=None
[2024-12-20T05:38:00.325+0000] {processor.py:208} INFO - Processing /home/airflow/.local/lib/python3.12/site-packages/airflow/example_dags/example_python_operator.py took 0.468 seconds
[2024-12-20T05:38:31.052+0000] {processor.py:186} INFO - Started process (PID=13688) to work on /home/airflow/.local/lib/python3.12/site-packages/airflow/example_dags/example_python_operator.py
[2024-12-20T05:38:31.055+0000] {processor.py:914} INFO - Processing file /home/airflow/.local/lib/python3.12/site-packages/airflow/example_dags/example_python_operator.py for tasks to queue
[2024-12-20T05:38:31.063+0000] {logging_mixin.py:190} INFO - [2024-12-20T05:38:31.061+0000] {dagbag.py:588} INFO - Filling up the DagBag from /home/airflow/.local/lib/python3.12/site-packages/airflow/example_dags/example_python_operator.py
[2024-12-20T05:38:31.122+0000] {processor.py:925} INFO - DAG(s) 'example_python_operator' retrieved from /home/airflow/.local/lib/python3.12/site-packages/airflow/example_dags/example_python_operator.py
[2024-12-20T05:38:31.192+0000] {logging_mixin.py:190} INFO - [2024-12-20T05:38:31.192+0000] {dag.py:3239} INFO - Sync 1 DAGs
[2024-12-20T05:38:31.257+0000] {logging_mixin.py:190} INFO - [2024-12-20T05:38:31.256+0000] {dag.py:4180} INFO - Setting next_dagrun for example_python_operator to None, run_after=None
[2024-12-20T05:38:31.318+0000] {processor.py:208} INFO - Processing /home/airflow/.local/lib/python3.12/site-packages/airflow/example_dags/example_python_operator.py took 0.279 seconds
[2024-12-20T05:39:01.561+0000] {processor.py:186} INFO - Started process (PID=13752) to work on /home/airflow/.local/lib/python3.12/site-packages/airflow/example_dags/example_python_operator.py
[2024-12-20T05:39:01.564+0000] {processor.py:914} INFO - Processing file /home/airflow/.local/lib/python3.12/site-packages/airflow/example_dags/example_python_operator.py for tasks to queue
[2024-12-20T05:39:01.572+0000] {logging_mixin.py:190} INFO - [2024-12-20T05:39:01.571+0000] {dagbag.py:588} INFO - Filling up the DagBag from /home/airflow/.local/lib/python3.12/site-packages/airflow/example_dags/example_python_operator.py
[2024-12-20T05:39:01.614+0000] {processor.py:925} INFO - DAG(s) 'example_python_operator' retrieved from /home/airflow/.local/lib/python3.12/site-packages/airflow/example_dags/example_python_operator.py
[2024-12-20T05:39:01.695+0000] {logging_mixin.py:190} INFO - [2024-12-20T05:39:01.694+0000] {dag.py:3239} INFO - Sync 1 DAGs
[2024-12-20T05:39:01.793+0000] {logging_mixin.py:190} INFO - [2024-12-20T05:39:01.792+0000] {dag.py:4180} INFO - Setting next_dagrun for example_python_operator to None, run_after=None
[2024-12-20T05:39:01.856+0000] {processor.py:208} INFO - Processing /home/airflow/.local/lib/python3.12/site-packages/airflow/example_dags/example_python_operator.py took 0.316 seconds
[2024-12-20T05:39:32.690+0000] {processor.py:186} INFO - Started process (PID=13817) to work on /home/airflow/.local/lib/python3.12/site-packages/airflow/example_dags/example_python_operator.py
[2024-12-20T05:39:32.694+0000] {processor.py:914} INFO - Processing file /home/airflow/.local/lib/python3.12/site-packages/airflow/example_dags/example_python_operator.py for tasks to queue
[2024-12-20T05:39:32.703+0000] {logging_mixin.py:190} INFO - [2024-12-20T05:39:32.701+0000] {dagbag.py:588} INFO - Filling up the DagBag from /home/airflow/.local/lib/python3.12/site-packages/airflow/example_dags/example_python_operator.py
[2024-12-20T05:39:32.754+0000] {processor.py:925} INFO - DAG(s) 'example_python_operator' retrieved from /home/airflow/.local/lib/python3.12/site-packages/airflow/example_dags/example_python_operator.py
[2024-12-20T05:39:32.825+0000] {logging_mixin.py:190} INFO - [2024-12-20T05:39:32.824+0000] {dag.py:3239} INFO - Sync 1 DAGs
[2024-12-20T05:39:32.878+0000] {logging_mixin.py:190} INFO - [2024-12-20T05:39:32.877+0000] {dag.py:4180} INFO - Setting next_dagrun for example_python_operator to None, run_after=None
[2024-12-20T05:39:32.964+0000] {processor.py:208} INFO - Processing /home/airflow/.local/lib/python3.12/site-packages/airflow/example_dags/example_python_operator.py took 0.300 seconds
[2024-12-20T05:40:03.327+0000] {processor.py:186} INFO - Started process (PID=13882) to work on /home/airflow/.local/lib/python3.12/site-packages/airflow/example_dags/example_python_operator.py
[2024-12-20T05:40:03.334+0000] {processor.py:914} INFO - Processing file /home/airflow/.local/lib/python3.12/site-packages/airflow/example_dags/example_python_operator.py for tasks to queue
[2024-12-20T05:40:03.346+0000] {logging_mixin.py:190} INFO - [2024-12-20T05:40:03.344+0000] {dagbag.py:588} INFO - Filling up the DagBag from /home/airflow/.local/lib/python3.12/site-packages/airflow/example_dags/example_python_operator.py
[2024-12-20T05:40:03.426+0000] {processor.py:925} INFO - DAG(s) 'example_python_operator' retrieved from /home/airflow/.local/lib/python3.12/site-packages/airflow/example_dags/example_python_operator.py
[2024-12-20T05:40:03.513+0000] {logging_mixin.py:190} INFO - [2024-12-20T05:40:03.512+0000] {dag.py:3239} INFO - Sync 1 DAGs
[2024-12-20T05:40:03.576+0000] {logging_mixin.py:190} INFO - [2024-12-20T05:40:03.575+0000] {dag.py:4180} INFO - Setting next_dagrun for example_python_operator to None, run_after=None
[2024-12-20T05:40:03.680+0000] {processor.py:208} INFO - Processing /home/airflow/.local/lib/python3.12/site-packages/airflow/example_dags/example_python_operator.py took 0.393 seconds
[2024-12-20T05:40:34.546+0000] {processor.py:186} INFO - Started process (PID=13953) to work on /home/airflow/.local/lib/python3.12/site-packages/airflow/example_dags/example_python_operator.py
[2024-12-20T05:40:34.548+0000] {processor.py:914} INFO - Processing file /home/airflow/.local/lib/python3.12/site-packages/airflow/example_dags/example_python_operator.py for tasks to queue
[2024-12-20T05:40:34.554+0000] {logging_mixin.py:190} INFO - [2024-12-20T05:40:34.553+0000] {dagbag.py:588} INFO - Filling up the DagBag from /home/airflow/.local/lib/python3.12/site-packages/airflow/example_dags/example_python_operator.py
[2024-12-20T05:40:34.585+0000] {processor.py:925} INFO - DAG(s) 'example_python_operator' retrieved from /home/airflow/.local/lib/python3.12/site-packages/airflow/example_dags/example_python_operator.py
[2024-12-20T05:40:34.629+0000] {logging_mixin.py:190} INFO - [2024-12-20T05:40:34.629+0000] {dag.py:3239} INFO - Sync 1 DAGs
[2024-12-20T05:40:34.660+0000] {logging_mixin.py:190} INFO - [2024-12-20T05:40:34.660+0000] {dag.py:4180} INFO - Setting next_dagrun for example_python_operator to None, run_after=None
[2024-12-20T05:40:34.735+0000] {processor.py:208} INFO - Processing /home/airflow/.local/lib/python3.12/site-packages/airflow/example_dags/example_python_operator.py took 0.201 seconds
[2024-12-20T05:41:06.720+0000] {processor.py:186} INFO - Started process (PID=14018) to work on /home/airflow/.local/lib/python3.12/site-packages/airflow/example_dags/example_python_operator.py
[2024-12-20T05:41:06.723+0000] {processor.py:914} INFO - Processing file /home/airflow/.local/lib/python3.12/site-packages/airflow/example_dags/example_python_operator.py for tasks to queue
[2024-12-20T05:41:06.731+0000] {logging_mixin.py:190} INFO - [2024-12-20T05:41:06.730+0000] {dagbag.py:588} INFO - Filling up the DagBag from /home/airflow/.local/lib/python3.12/site-packages/airflow/example_dags/example_python_operator.py
[2024-12-20T05:41:06.768+0000] {processor.py:925} INFO - DAG(s) 'example_python_operator' retrieved from /home/airflow/.local/lib/python3.12/site-packages/airflow/example_dags/example_python_operator.py
[2024-12-20T05:41:06.834+0000] {logging_mixin.py:190} INFO - [2024-12-20T05:41:06.833+0000] {dag.py:3239} INFO - Sync 1 DAGs
[2024-12-20T05:41:06.886+0000] {logging_mixin.py:190} INFO - [2024-12-20T05:41:06.885+0000] {dag.py:4180} INFO - Setting next_dagrun for example_python_operator to None, run_after=None
[2024-12-20T05:41:06.987+0000] {processor.py:208} INFO - Processing /home/airflow/.local/lib/python3.12/site-packages/airflow/example_dags/example_python_operator.py took 0.286 seconds
[2024-12-20T05:41:37.993+0000] {processor.py:186} INFO - Started process (PID=14083) to work on /home/airflow/.local/lib/python3.12/site-packages/airflow/example_dags/example_python_operator.py
[2024-12-20T05:41:37.996+0000] {processor.py:914} INFO - Processing file /home/airflow/.local/lib/python3.12/site-packages/airflow/example_dags/example_python_operator.py for tasks to queue
[2024-12-20T05:41:38.003+0000] {logging_mixin.py:190} INFO - [2024-12-20T05:41:38.002+0000] {dagbag.py:588} INFO - Filling up the DagBag from /home/airflow/.local/lib/python3.12/site-packages/airflow/example_dags/example_python_operator.py
[2024-12-20T05:41:38.040+0000] {processor.py:925} INFO - DAG(s) 'example_python_operator' retrieved from /home/airflow/.local/lib/python3.12/site-packages/airflow/example_dags/example_python_operator.py
[2024-12-20T05:41:38.115+0000] {logging_mixin.py:190} INFO - [2024-12-20T05:41:38.115+0000] {dag.py:3239} INFO - Sync 1 DAGs
[2024-12-20T05:41:38.164+0000] {logging_mixin.py:190} INFO - [2024-12-20T05:41:38.163+0000] {dag.py:4180} INFO - Setting next_dagrun for example_python_operator to None, run_after=None
[2024-12-20T05:41:38.252+0000] {processor.py:208} INFO - Processing /home/airflow/.local/lib/python3.12/site-packages/airflow/example_dags/example_python_operator.py took 0.276 seconds
[2024-12-20T05:42:10.016+0000] {processor.py:186} INFO - Started process (PID=14148) to work on /home/airflow/.local/lib/python3.12/site-packages/airflow/example_dags/example_python_operator.py
[2024-12-20T05:42:10.019+0000] {processor.py:914} INFO - Processing file /home/airflow/.local/lib/python3.12/site-packages/airflow/example_dags/example_python_operator.py for tasks to queue
[2024-12-20T05:42:10.030+0000] {logging_mixin.py:190} INFO - [2024-12-20T05:42:10.029+0000] {dagbag.py:588} INFO - Filling up the DagBag from /home/airflow/.local/lib/python3.12/site-packages/airflow/example_dags/example_python_operator.py
[2024-12-20T05:42:10.107+0000] {processor.py:925} INFO - DAG(s) 'example_python_operator' retrieved from /home/airflow/.local/lib/python3.12/site-packages/airflow/example_dags/example_python_operator.py
[2024-12-20T05:42:10.183+0000] {logging_mixin.py:190} INFO - [2024-12-20T05:42:10.182+0000] {dag.py:3239} INFO - Sync 1 DAGs
[2024-12-20T05:42:10.231+0000] {logging_mixin.py:190} INFO - [2024-12-20T05:42:10.230+0000] {dag.py:4180} INFO - Setting next_dagrun for example_python_operator to None, run_after=None
[2024-12-20T05:42:10.307+0000] {processor.py:208} INFO - Processing /home/airflow/.local/lib/python3.12/site-packages/airflow/example_dags/example_python_operator.py took 0.314 seconds
[2024-12-20T05:42:41.726+0000] {processor.py:186} INFO - Started process (PID=14213) to work on /home/airflow/.local/lib/python3.12/site-packages/airflow/example_dags/example_python_operator.py
[2024-12-20T05:42:41.728+0000] {processor.py:914} INFO - Processing file /home/airflow/.local/lib/python3.12/site-packages/airflow/example_dags/example_python_operator.py for tasks to queue
[2024-12-20T05:42:41.735+0000] {logging_mixin.py:190} INFO - [2024-12-20T05:42:41.734+0000] {dagbag.py:588} INFO - Filling up the DagBag from /home/airflow/.local/lib/python3.12/site-packages/airflow/example_dags/example_python_operator.py
[2024-12-20T05:42:41.773+0000] {processor.py:925} INFO - DAG(s) 'example_python_operator' retrieved from /home/airflow/.local/lib/python3.12/site-packages/airflow/example_dags/example_python_operator.py
[2024-12-20T05:42:41.828+0000] {logging_mixin.py:190} INFO - [2024-12-20T05:42:41.827+0000] {dag.py:3239} INFO - Sync 1 DAGs
[2024-12-20T05:42:41.869+0000] {logging_mixin.py:190} INFO - [2024-12-20T05:42:41.869+0000] {dag.py:4180} INFO - Setting next_dagrun for example_python_operator to None, run_after=None
[2024-12-20T05:42:41.921+0000] {processor.py:208} INFO - Processing /home/airflow/.local/lib/python3.12/site-packages/airflow/example_dags/example_python_operator.py took 0.212 seconds
[2024-12-20T05:43:13.629+0000] {processor.py:186} INFO - Started process (PID=14277) to work on /home/airflow/.local/lib/python3.12/site-packages/airflow/example_dags/example_python_operator.py
[2024-12-20T05:43:13.633+0000] {processor.py:914} INFO - Processing file /home/airflow/.local/lib/python3.12/site-packages/airflow/example_dags/example_python_operator.py for tasks to queue
[2024-12-20T05:43:13.641+0000] {logging_mixin.py:190} INFO - [2024-12-20T05:43:13.640+0000] {dagbag.py:588} INFO - Filling up the DagBag from /home/airflow/.local/lib/python3.12/site-packages/airflow/example_dags/example_python_operator.py
[2024-12-20T05:43:13.689+0000] {processor.py:925} INFO - DAG(s) 'example_python_operator' retrieved from /home/airflow/.local/lib/python3.12/site-packages/airflow/example_dags/example_python_operator.py
[2024-12-20T05:43:13.773+0000] {logging_mixin.py:190} INFO - [2024-12-20T05:43:13.772+0000] {dag.py:3239} INFO - Sync 1 DAGs
[2024-12-20T05:43:13.819+0000] {logging_mixin.py:190} INFO - [2024-12-20T05:43:13.818+0000] {dag.py:4180} INFO - Setting next_dagrun for example_python_operator to None, run_after=None
[2024-12-20T05:43:13.887+0000] {processor.py:208} INFO - Processing /home/airflow/.local/lib/python3.12/site-packages/airflow/example_dags/example_python_operator.py took 0.281 seconds
[2024-12-20T05:43:45.663+0000] {processor.py:186} INFO - Started process (PID=14340) to work on /home/airflow/.local/lib/python3.12/site-packages/airflow/example_dags/example_python_operator.py
[2024-12-20T05:43:45.665+0000] {processor.py:914} INFO - Processing file /home/airflow/.local/lib/python3.12/site-packages/airflow/example_dags/example_python_operator.py for tasks to queue
[2024-12-20T05:43:45.673+0000] {logging_mixin.py:190} INFO - [2024-12-20T05:43:45.672+0000] {dagbag.py:588} INFO - Filling up the DagBag from /home/airflow/.local/lib/python3.12/site-packages/airflow/example_dags/example_python_operator.py
[2024-12-20T05:43:45.707+0000] {processor.py:925} INFO - DAG(s) 'example_python_operator' retrieved from /home/airflow/.local/lib/python3.12/site-packages/airflow/example_dags/example_python_operator.py
[2024-12-20T05:43:45.763+0000] {logging_mixin.py:190} INFO - [2024-12-20T05:43:45.763+0000] {dag.py:3239} INFO - Sync 1 DAGs
[2024-12-20T05:43:45.808+0000] {logging_mixin.py:190} INFO - [2024-12-20T05:43:45.807+0000] {dag.py:4180} INFO - Setting next_dagrun for example_python_operator to None, run_after=None
[2024-12-20T05:43:45.857+0000] {processor.py:208} INFO - Processing /home/airflow/.local/lib/python3.12/site-packages/airflow/example_dags/example_python_operator.py took 0.212 seconds
[2024-12-20T05:44:17.949+0000] {processor.py:186} INFO - Started process (PID=14405) to work on /home/airflow/.local/lib/python3.12/site-packages/airflow/example_dags/example_python_operator.py
[2024-12-20T05:44:17.963+0000] {processor.py:914} INFO - Processing file /home/airflow/.local/lib/python3.12/site-packages/airflow/example_dags/example_python_operator.py for tasks to queue
[2024-12-20T05:44:17.985+0000] {logging_mixin.py:190} INFO - [2024-12-20T05:44:17.983+0000] {dagbag.py:588} INFO - Filling up the DagBag from /home/airflow/.local/lib/python3.12/site-packages/airflow/example_dags/example_python_operator.py
[2024-12-20T05:44:18.087+0000] {processor.py:925} INFO - DAG(s) 'example_python_operator' retrieved from /home/airflow/.local/lib/python3.12/site-packages/airflow/example_dags/example_python_operator.py
[2024-12-20T05:44:18.291+0000] {logging_mixin.py:190} INFO - [2024-12-20T05:44:18.290+0000] {dag.py:3239} INFO - Sync 1 DAGs
[2024-12-20T05:44:18.455+0000] {logging_mixin.py:190} INFO - [2024-12-20T05:44:18.443+0000] {dag.py:4180} INFO - Setting next_dagrun for example_python_operator to None, run_after=None
[2024-12-20T05:44:18.596+0000] {processor.py:208} INFO - Processing /home/airflow/.local/lib/python3.12/site-packages/airflow/example_dags/example_python_operator.py took 0.700 seconds
[2024-12-20T05:44:48.929+0000] {processor.py:186} INFO - Started process (PID=14470) to work on /home/airflow/.local/lib/python3.12/site-packages/airflow/example_dags/example_python_operator.py
[2024-12-20T05:44:48.932+0000] {processor.py:914} INFO - Processing file /home/airflow/.local/lib/python3.12/site-packages/airflow/example_dags/example_python_operator.py for tasks to queue
[2024-12-20T05:44:48.938+0000] {logging_mixin.py:190} INFO - [2024-12-20T05:44:48.937+0000] {dagbag.py:588} INFO - Filling up the DagBag from /home/airflow/.local/lib/python3.12/site-packages/airflow/example_dags/example_python_operator.py
[2024-12-20T05:44:48.973+0000] {processor.py:925} INFO - DAG(s) 'example_python_operator' retrieved from /home/airflow/.local/lib/python3.12/site-packages/airflow/example_dags/example_python_operator.py
[2024-12-20T05:44:49.044+0000] {logging_mixin.py:190} INFO - [2024-12-20T05:44:49.044+0000] {dag.py:3239} INFO - Sync 1 DAGs
[2024-12-20T05:44:49.088+0000] {logging_mixin.py:190} INFO - [2024-12-20T05:44:49.087+0000] {dag.py:4180} INFO - Setting next_dagrun for example_python_operator to None, run_after=None
[2024-12-20T05:44:49.176+0000] {processor.py:208} INFO - Processing /home/airflow/.local/lib/python3.12/site-packages/airflow/example_dags/example_python_operator.py took 0.260 seconds
[2024-12-20T05:45:20.067+0000] {processor.py:186} INFO - Started process (PID=14535) to work on /home/airflow/.local/lib/python3.12/site-packages/airflow/example_dags/example_python_operator.py
[2024-12-20T05:45:20.069+0000] {processor.py:914} INFO - Processing file /home/airflow/.local/lib/python3.12/site-packages/airflow/example_dags/example_python_operator.py for tasks to queue
[2024-12-20T05:45:20.076+0000] {logging_mixin.py:190} INFO - [2024-12-20T05:45:20.075+0000] {dagbag.py:588} INFO - Filling up the DagBag from /home/airflow/.local/lib/python3.12/site-packages/airflow/example_dags/example_python_operator.py
[2024-12-20T05:45:20.105+0000] {processor.py:925} INFO - DAG(s) 'example_python_operator' retrieved from /home/airflow/.local/lib/python3.12/site-packages/airflow/example_dags/example_python_operator.py
[2024-12-20T05:45:20.154+0000] {logging_mixin.py:190} INFO - [2024-12-20T05:45:20.154+0000] {dag.py:3239} INFO - Sync 1 DAGs
[2024-12-20T05:45:20.187+0000] {logging_mixin.py:190} INFO - [2024-12-20T05:45:20.186+0000] {dag.py:4180} INFO - Setting next_dagrun for example_python_operator to None, run_after=None
[2024-12-20T05:45:20.227+0000] {processor.py:208} INFO - Processing /home/airflow/.local/lib/python3.12/site-packages/airflow/example_dags/example_python_operator.py took 0.174 seconds
[2024-12-20T05:45:51.027+0000] {processor.py:186} INFO - Started process (PID=14600) to work on /home/airflow/.local/lib/python3.12/site-packages/airflow/example_dags/example_python_operator.py
[2024-12-20T05:45:51.029+0000] {processor.py:914} INFO - Processing file /home/airflow/.local/lib/python3.12/site-packages/airflow/example_dags/example_python_operator.py for tasks to queue
[2024-12-20T05:45:51.035+0000] {logging_mixin.py:190} INFO - [2024-12-20T05:45:51.034+0000] {dagbag.py:588} INFO - Filling up the DagBag from /home/airflow/.local/lib/python3.12/site-packages/airflow/example_dags/example_python_operator.py
[2024-12-20T05:45:51.077+0000] {processor.py:925} INFO - DAG(s) 'example_python_operator' retrieved from /home/airflow/.local/lib/python3.12/site-packages/airflow/example_dags/example_python_operator.py
[2024-12-20T05:45:51.144+0000] {logging_mixin.py:190} INFO - [2024-12-20T05:45:51.144+0000] {dag.py:3239} INFO - Sync 1 DAGs
[2024-12-20T05:45:51.191+0000] {logging_mixin.py:190} INFO - [2024-12-20T05:45:51.190+0000] {dag.py:4180} INFO - Setting next_dagrun for example_python_operator to None, run_after=None
[2024-12-20T05:45:51.247+0000] {processor.py:208} INFO - Processing /home/airflow/.local/lib/python3.12/site-packages/airflow/example_dags/example_python_operator.py took 0.244 seconds
[2024-12-20T05:46:21.721+0000] {processor.py:186} INFO - Started process (PID=14664) to work on /home/airflow/.local/lib/python3.12/site-packages/airflow/example_dags/example_python_operator.py
[2024-12-20T05:46:21.723+0000] {processor.py:914} INFO - Processing file /home/airflow/.local/lib/python3.12/site-packages/airflow/example_dags/example_python_operator.py for tasks to queue
[2024-12-20T05:46:21.728+0000] {logging_mixin.py:190} INFO - [2024-12-20T05:46:21.728+0000] {dagbag.py:588} INFO - Filling up the DagBag from /home/airflow/.local/lib/python3.12/site-packages/airflow/example_dags/example_python_operator.py
[2024-12-20T05:46:21.756+0000] {processor.py:925} INFO - DAG(s) 'example_python_operator' retrieved from /home/airflow/.local/lib/python3.12/site-packages/airflow/example_dags/example_python_operator.py
[2024-12-20T05:46:21.804+0000] {logging_mixin.py:190} INFO - [2024-12-20T05:46:21.804+0000] {dag.py:3239} INFO - Sync 1 DAGs
[2024-12-20T05:46:21.836+0000] {logging_mixin.py:190} INFO - [2024-12-20T05:46:21.836+0000] {dag.py:4180} INFO - Setting next_dagrun for example_python_operator to None, run_after=None
[2024-12-20T05:46:21.881+0000] {processor.py:208} INFO - Processing /home/airflow/.local/lib/python3.12/site-packages/airflow/example_dags/example_python_operator.py took 0.173 seconds
[2024-12-20T05:46:52.085+0000] {processor.py:186} INFO - Started process (PID=14729) to work on /home/airflow/.local/lib/python3.12/site-packages/airflow/example_dags/example_python_operator.py
[2024-12-20T05:46:52.087+0000] {processor.py:914} INFO - Processing file /home/airflow/.local/lib/python3.12/site-packages/airflow/example_dags/example_python_operator.py for tasks to queue
[2024-12-20T05:46:52.093+0000] {logging_mixin.py:190} INFO - [2024-12-20T05:46:52.092+0000] {dagbag.py:588} INFO - Filling up the DagBag from /home/airflow/.local/lib/python3.12/site-packages/airflow/example_dags/example_python_operator.py
[2024-12-20T05:46:52.121+0000] {processor.py:925} INFO - DAG(s) 'example_python_operator' retrieved from /home/airflow/.local/lib/python3.12/site-packages/airflow/example_dags/example_python_operator.py
[2024-12-20T05:46:52.173+0000] {logging_mixin.py:190} INFO - [2024-12-20T05:46:52.172+0000] {dag.py:3239} INFO - Sync 1 DAGs
[2024-12-20T05:46:52.210+0000] {logging_mixin.py:190} INFO - [2024-12-20T05:46:52.210+0000] {dag.py:4180} INFO - Setting next_dagrun for example_python_operator to None, run_after=None
[2024-12-20T05:46:52.289+0000] {processor.py:208} INFO - Processing /home/airflow/.local/lib/python3.12/site-packages/airflow/example_dags/example_python_operator.py took 0.217 seconds
[2024-12-20T05:47:22.823+0000] {processor.py:186} INFO - Started process (PID=14794) to work on /home/airflow/.local/lib/python3.12/site-packages/airflow/example_dags/example_python_operator.py
[2024-12-20T05:47:22.826+0000] {processor.py:914} INFO - Processing file /home/airflow/.local/lib/python3.12/site-packages/airflow/example_dags/example_python_operator.py for tasks to queue
[2024-12-20T05:47:22.831+0000] {logging_mixin.py:190} INFO - [2024-12-20T05:47:22.830+0000] {dagbag.py:588} INFO - Filling up the DagBag from /home/airflow/.local/lib/python3.12/site-packages/airflow/example_dags/example_python_operator.py
[2024-12-20T05:47:22.858+0000] {processor.py:925} INFO - DAG(s) 'example_python_operator' retrieved from /home/airflow/.local/lib/python3.12/site-packages/airflow/example_dags/example_python_operator.py
[2024-12-20T05:47:22.912+0000] {logging_mixin.py:190} INFO - [2024-12-20T05:47:22.911+0000] {dag.py:3239} INFO - Sync 1 DAGs
[2024-12-20T05:47:22.945+0000] {logging_mixin.py:190} INFO - [2024-12-20T05:47:22.944+0000] {dag.py:4180} INFO - Setting next_dagrun for example_python_operator to None, run_after=None
[2024-12-20T05:47:23.021+0000] {processor.py:208} INFO - Processing /home/airflow/.local/lib/python3.12/site-packages/airflow/example_dags/example_python_operator.py took 0.212 seconds
[2024-12-20T05:48:19.982+0000] {processor.py:186} INFO - Started process (PID=14883) to work on /home/airflow/.local/lib/python3.12/site-packages/airflow/example_dags/example_python_operator.py
[2024-12-20T05:48:20.014+0000] {processor.py:914} INFO - Processing file /home/airflow/.local/lib/python3.12/site-packages/airflow/example_dags/example_python_operator.py for tasks to queue
[2024-12-20T05:48:20.037+0000] {logging_mixin.py:190} INFO - [2024-12-20T05:48:20.035+0000] {dagbag.py:588} INFO - Filling up the DagBag from /home/airflow/.local/lib/python3.12/site-packages/airflow/example_dags/example_python_operator.py
[2024-12-20T05:48:20.194+0000] {processor.py:925} INFO - DAG(s) 'example_python_operator' retrieved from /home/airflow/.local/lib/python3.12/site-packages/airflow/example_dags/example_python_operator.py
[2024-12-20T05:48:20.404+0000] {logging_mixin.py:190} INFO - [2024-12-20T05:48:20.403+0000] {dag.py:3239} INFO - Sync 1 DAGs
[2024-12-20T05:48:20.499+0000] {logging_mixin.py:190} INFO - [2024-12-20T05:48:20.498+0000] {dag.py:4180} INFO - Setting next_dagrun for example_python_operator to None, run_after=None
[2024-12-20T05:48:20.632+0000] {processor.py:208} INFO - Processing /home/airflow/.local/lib/python3.12/site-packages/airflow/example_dags/example_python_operator.py took 0.693 seconds
[2024-12-20T09:18:55.393+0000] {processor.py:186} INFO - Started process (PID=94) to work on /home/airflow/.local/lib/python3.12/site-packages/airflow/example_dags/example_python_operator.py
[2024-12-20T09:18:55.404+0000] {processor.py:914} INFO - Processing file /home/airflow/.local/lib/python3.12/site-packages/airflow/example_dags/example_python_operator.py for tasks to queue
[2024-12-20T09:18:55.415+0000] {logging_mixin.py:190} INFO - [2024-12-20T09:18:55.413+0000] {dagbag.py:588} INFO - Filling up the DagBag from /home/airflow/.local/lib/python3.12/site-packages/airflow/example_dags/example_python_operator.py
[2024-12-20T09:18:55.475+0000] {processor.py:925} INFO - DAG(s) 'example_python_operator' retrieved from /home/airflow/.local/lib/python3.12/site-packages/airflow/example_dags/example_python_operator.py
[2024-12-20T09:18:56.229+0000] {logging_mixin.py:190} INFO - [2024-12-20T09:18:56.228+0000] {dag.py:3239} INFO - Sync 1 DAGs
[2024-12-20T09:18:56.310+0000] {logging_mixin.py:190} INFO - [2024-12-20T09:18:56.309+0000] {dag.py:4180} INFO - Setting next_dagrun for example_python_operator to None, run_after=None
[2024-12-20T09:18:56.471+0000] {processor.py:208} INFO - Processing /home/airflow/.local/lib/python3.12/site-packages/airflow/example_dags/example_python_operator.py took 1.101 seconds
[2024-12-20T09:19:28.308+0000] {processor.py:186} INFO - Started process (PID=165) to work on /home/airflow/.local/lib/python3.12/site-packages/airflow/example_dags/example_python_operator.py
[2024-12-20T09:19:28.311+0000] {processor.py:914} INFO - Processing file /home/airflow/.local/lib/python3.12/site-packages/airflow/example_dags/example_python_operator.py for tasks to queue
[2024-12-20T09:19:28.315+0000] {logging_mixin.py:190} INFO - [2024-12-20T09:19:28.314+0000] {dagbag.py:588} INFO - Filling up the DagBag from /home/airflow/.local/lib/python3.12/site-packages/airflow/example_dags/example_python_operator.py
[2024-12-20T09:19:28.372+0000] {processor.py:925} INFO - DAG(s) 'example_python_operator' retrieved from /home/airflow/.local/lib/python3.12/site-packages/airflow/example_dags/example_python_operator.py
[2024-12-20T09:19:28.493+0000] {logging_mixin.py:190} INFO - [2024-12-20T09:19:28.493+0000] {dag.py:3239} INFO - Sync 1 DAGs
[2024-12-20T09:19:28.548+0000] {logging_mixin.py:190} INFO - [2024-12-20T09:19:28.547+0000] {dag.py:4180} INFO - Setting next_dagrun for example_python_operator to None, run_after=None
[2024-12-20T09:19:28.612+0000] {processor.py:208} INFO - Processing /home/airflow/.local/lib/python3.12/site-packages/airflow/example_dags/example_python_operator.py took 0.327 seconds
[2024-12-20T09:20:11.332+0000] {processor.py:186} INFO - Started process (PID=229) to work on /home/airflow/.local/lib/python3.12/site-packages/airflow/example_dags/example_python_operator.py
[2024-12-20T09:20:11.337+0000] {processor.py:914} INFO - Processing file /home/airflow/.local/lib/python3.12/site-packages/airflow/example_dags/example_python_operator.py for tasks to queue
[2024-12-20T09:20:11.342+0000] {logging_mixin.py:190} INFO - [2024-12-20T09:20:11.341+0000] {dagbag.py:588} INFO - Filling up the DagBag from /home/airflow/.local/lib/python3.12/site-packages/airflow/example_dags/example_python_operator.py
[2024-12-20T09:20:11.426+0000] {processor.py:925} INFO - DAG(s) 'example_python_operator' retrieved from /home/airflow/.local/lib/python3.12/site-packages/airflow/example_dags/example_python_operator.py
[2024-12-20T09:20:11.633+0000] {logging_mixin.py:190} INFO - [2024-12-20T09:20:11.632+0000] {dag.py:3239} INFO - Sync 1 DAGs
[2024-12-20T09:20:11.843+0000] {logging_mixin.py:190} INFO - [2024-12-20T09:20:11.842+0000] {dag.py:4180} INFO - Setting next_dagrun for example_python_operator to None, run_after=None
[2024-12-20T09:20:11.972+0000] {processor.py:208} INFO - Processing /home/airflow/.local/lib/python3.12/site-packages/airflow/example_dags/example_python_operator.py took 0.676 seconds
[2024-12-20T09:20:54.825+0000] {processor.py:186} INFO - Started process (PID=302) to work on /home/airflow/.local/lib/python3.12/site-packages/airflow/example_dags/example_python_operator.py
[2024-12-20T09:20:54.834+0000] {processor.py:914} INFO - Processing file /home/airflow/.local/lib/python3.12/site-packages/airflow/example_dags/example_python_operator.py for tasks to queue
[2024-12-20T09:20:54.842+0000] {logging_mixin.py:190} INFO - [2024-12-20T09:20:54.839+0000] {dagbag.py:588} INFO - Filling up the DagBag from /home/airflow/.local/lib/python3.12/site-packages/airflow/example_dags/example_python_operator.py
[2024-12-20T09:20:54.942+0000] {processor.py:925} INFO - DAG(s) 'example_python_operator' retrieved from /home/airflow/.local/lib/python3.12/site-packages/airflow/example_dags/example_python_operator.py
[2024-12-20T09:20:55.116+0000] {logging_mixin.py:190} INFO - [2024-12-20T09:20:55.115+0000] {dag.py:3239} INFO - Sync 1 DAGs
[2024-12-20T09:20:55.265+0000] {logging_mixin.py:190} INFO - [2024-12-20T09:20:55.264+0000] {dag.py:4180} INFO - Setting next_dagrun for example_python_operator to None, run_after=None
[2024-12-20T09:20:55.422+0000] {processor.py:208} INFO - Processing /home/airflow/.local/lib/python3.12/site-packages/airflow/example_dags/example_python_operator.py took 0.648 seconds
[2024-12-20T09:21:45.295+0000] {processor.py:186} INFO - Started process (PID=394) to work on /home/airflow/.local/lib/python3.12/site-packages/airflow/example_dags/example_python_operator.py
[2024-12-20T09:21:45.311+0000] {processor.py:914} INFO - Processing file /home/airflow/.local/lib/python3.12/site-packages/airflow/example_dags/example_python_operator.py for tasks to queue
[2024-12-20T09:21:45.329+0000] {logging_mixin.py:190} INFO - [2024-12-20T09:21:45.326+0000] {dagbag.py:588} INFO - Filling up the DagBag from /home/airflow/.local/lib/python3.12/site-packages/airflow/example_dags/example_python_operator.py
[2024-12-20T09:21:45.484+0000] {processor.py:925} INFO - DAG(s) 'example_python_operator' retrieved from /home/airflow/.local/lib/python3.12/site-packages/airflow/example_dags/example_python_operator.py
[2024-12-20T09:21:45.745+0000] {logging_mixin.py:190} INFO - [2024-12-20T09:21:45.738+0000] {dag.py:3239} INFO - Sync 1 DAGs
[2024-12-20T09:21:45.910+0000] {logging_mixin.py:190} INFO - [2024-12-20T09:21:45.909+0000] {dag.py:4180} INFO - Setting next_dagrun for example_python_operator to None, run_after=None
[2024-12-20T09:21:46.003+0000] {processor.py:208} INFO - Processing /home/airflow/.local/lib/python3.12/site-packages/airflow/example_dags/example_python_operator.py took 0.799 seconds
[2024-12-20T09:22:50.598+0000] {processor.py:186} INFO - Started process (PID=472) to work on /home/airflow/.local/lib/python3.12/site-packages/airflow/example_dags/example_python_operator.py
[2024-12-20T09:22:50.607+0000] {processor.py:914} INFO - Processing file /home/airflow/.local/lib/python3.12/site-packages/airflow/example_dags/example_python_operator.py for tasks to queue
[2024-12-20T09:22:50.616+0000] {logging_mixin.py:190} INFO - [2024-12-20T09:22:50.613+0000] {dagbag.py:588} INFO - Filling up the DagBag from /home/airflow/.local/lib/python3.12/site-packages/airflow/example_dags/example_python_operator.py
[2024-12-20T09:22:50.779+0000] {processor.py:925} INFO - DAG(s) 'example_python_operator' retrieved from /home/airflow/.local/lib/python3.12/site-packages/airflow/example_dags/example_python_operator.py
[2024-12-20T09:22:51.072+0000] {logging_mixin.py:190} INFO - [2024-12-20T09:22:51.070+0000] {dag.py:3239} INFO - Sync 1 DAGs
[2024-12-20T09:22:51.255+0000] {logging_mixin.py:190} INFO - [2024-12-20T09:22:51.254+0000] {dag.py:4180} INFO - Setting next_dagrun for example_python_operator to None, run_after=None
[2024-12-20T09:22:51.506+0000] {processor.py:208} INFO - Processing /home/airflow/.local/lib/python3.12/site-packages/airflow/example_dags/example_python_operator.py took 0.955 seconds
[2024-12-20T09:23:27.648+0000] {processor.py:186} INFO - Started process (PID=538) to work on /home/airflow/.local/lib/python3.12/site-packages/airflow/example_dags/example_python_operator.py
[2024-12-20T09:23:27.652+0000] {processor.py:914} INFO - Processing file /home/airflow/.local/lib/python3.12/site-packages/airflow/example_dags/example_python_operator.py for tasks to queue
[2024-12-20T09:23:27.666+0000] {logging_mixin.py:190} INFO - [2024-12-20T09:23:27.657+0000] {dagbag.py:588} INFO - Filling up the DagBag from /home/airflow/.local/lib/python3.12/site-packages/airflow/example_dags/example_python_operator.py
[2024-12-20T09:23:27.774+0000] {processor.py:925} INFO - DAG(s) 'example_python_operator' retrieved from /home/airflow/.local/lib/python3.12/site-packages/airflow/example_dags/example_python_operator.py
[2024-12-20T09:23:27.983+0000] {logging_mixin.py:190} INFO - [2024-12-20T09:23:27.982+0000] {dag.py:3239} INFO - Sync 1 DAGs
[2024-12-20T09:23:28.100+0000] {logging_mixin.py:190} INFO - [2024-12-20T09:23:28.099+0000] {dag.py:4180} INFO - Setting next_dagrun for example_python_operator to None, run_after=None
[2024-12-20T09:23:28.196+0000] {processor.py:208} INFO - Processing /home/airflow/.local/lib/python3.12/site-packages/airflow/example_dags/example_python_operator.py took 0.585 seconds
[2024-12-20T09:23:58.298+0000] {processor.py:186} INFO - Started process (PID=604) to work on /home/airflow/.local/lib/python3.12/site-packages/airflow/example_dags/example_python_operator.py
[2024-12-20T09:23:58.301+0000] {processor.py:914} INFO - Processing file /home/airflow/.local/lib/python3.12/site-packages/airflow/example_dags/example_python_operator.py for tasks to queue
[2024-12-20T09:23:58.304+0000] {logging_mixin.py:190} INFO - [2024-12-20T09:23:58.303+0000] {dagbag.py:588} INFO - Filling up the DagBag from /home/airflow/.local/lib/python3.12/site-packages/airflow/example_dags/example_python_operator.py
[2024-12-20T09:23:58.331+0000] {processor.py:925} INFO - DAG(s) 'example_python_operator' retrieved from /home/airflow/.local/lib/python3.12/site-packages/airflow/example_dags/example_python_operator.py
[2024-12-20T09:23:58.377+0000] {logging_mixin.py:190} INFO - [2024-12-20T09:23:58.376+0000] {dag.py:3239} INFO - Sync 1 DAGs
[2024-12-20T09:23:58.417+0000] {logging_mixin.py:190} INFO - [2024-12-20T09:23:58.416+0000] {dag.py:4180} INFO - Setting next_dagrun for example_python_operator to None, run_after=None
[2024-12-20T09:23:58.464+0000] {processor.py:208} INFO - Processing /home/airflow/.local/lib/python3.12/site-packages/airflow/example_dags/example_python_operator.py took 0.182 seconds
[2024-12-20T09:24:28.824+0000] {processor.py:186} INFO - Started process (PID=670) to work on /home/airflow/.local/lib/python3.12/site-packages/airflow/example_dags/example_python_operator.py
[2024-12-20T09:24:28.827+0000] {processor.py:914} INFO - Processing file /home/airflow/.local/lib/python3.12/site-packages/airflow/example_dags/example_python_operator.py for tasks to queue
[2024-12-20T09:24:28.830+0000] {logging_mixin.py:190} INFO - [2024-12-20T09:24:28.829+0000] {dagbag.py:588} INFO - Filling up the DagBag from /home/airflow/.local/lib/python3.12/site-packages/airflow/example_dags/example_python_operator.py
[2024-12-20T09:24:28.863+0000] {processor.py:925} INFO - DAG(s) 'example_python_operator' retrieved from /home/airflow/.local/lib/python3.12/site-packages/airflow/example_dags/example_python_operator.py
[2024-12-20T09:24:28.918+0000] {logging_mixin.py:190} INFO - [2024-12-20T09:24:28.918+0000] {dag.py:3239} INFO - Sync 1 DAGs
[2024-12-20T09:24:28.959+0000] {logging_mixin.py:190} INFO - [2024-12-20T09:24:28.958+0000] {dag.py:4180} INFO - Setting next_dagrun for example_python_operator to None, run_after=None
[2024-12-20T09:24:29.013+0000] {processor.py:208} INFO - Processing /home/airflow/.local/lib/python3.12/site-packages/airflow/example_dags/example_python_operator.py took 0.205 seconds
[2024-12-20T09:24:59.212+0000] {processor.py:186} INFO - Started process (PID=734) to work on /home/airflow/.local/lib/python3.12/site-packages/airflow/example_dags/example_python_operator.py
[2024-12-20T09:24:59.214+0000] {processor.py:914} INFO - Processing file /home/airflow/.local/lib/python3.12/site-packages/airflow/example_dags/example_python_operator.py for tasks to queue
[2024-12-20T09:24:59.220+0000] {logging_mixin.py:190} INFO - [2024-12-20T09:24:59.219+0000] {dagbag.py:588} INFO - Filling up the DagBag from /home/airflow/.local/lib/python3.12/site-packages/airflow/example_dags/example_python_operator.py
[2024-12-20T09:24:59.255+0000] {processor.py:925} INFO - DAG(s) 'example_python_operator' retrieved from /home/airflow/.local/lib/python3.12/site-packages/airflow/example_dags/example_python_operator.py
[2024-12-20T09:24:59.308+0000] {logging_mixin.py:190} INFO - [2024-12-20T09:24:59.308+0000] {dag.py:3239} INFO - Sync 1 DAGs
[2024-12-20T09:24:59.341+0000] {logging_mixin.py:190} INFO - [2024-12-20T09:24:59.341+0000] {dag.py:4180} INFO - Setting next_dagrun for example_python_operator to None, run_after=None
[2024-12-20T09:24:59.417+0000] {processor.py:208} INFO - Processing /home/airflow/.local/lib/python3.12/site-packages/airflow/example_dags/example_python_operator.py took 0.220 seconds
