[2024-12-20T05:28:47.279+0000] {processor.py:186} INFO - Started process (PID=12514) to work on /home/airflow/.local/lib/python3.12/site-packages/airflow/example_dags/example_python_decorator.py
[2024-12-20T05:28:47.287+0000] {processor.py:914} INFO - Processing file /home/airflow/.local/lib/python3.12/site-packages/airflow/example_dags/example_python_decorator.py for tasks to queue
[2024-12-20T05:28:47.309+0000] {logging_mixin.py:190} INFO - [2024-12-20T05:28:47.308+0000] {dagbag.py:588} INFO - Filling up the DagBag from /home/airflow/.local/lib/python3.12/site-packages/airflow/example_dags/example_python_decorator.py
[2024-12-20T05:28:47.437+0000] {processor.py:925} INFO - DAG(s) 'example_python_decorator' retrieved from /home/airflow/.local/lib/python3.12/site-packages/airflow/example_dags/example_python_decorator.py
[2024-12-20T05:28:47.709+0000] {logging_mixin.py:190} INFO - [2024-12-20T05:28:47.697+0000] {dag.py:3239} INFO - Sync 1 DAGs
[2024-12-20T05:28:47.985+0000] {logging_mixin.py:190} INFO - [2024-12-20T05:28:47.984+0000] {dag.py:4180} INFO - Setting next_dagrun for example_python_decorator to None, run_after=None
[2024-12-20T05:28:48.212+0000] {processor.py:208} INFO - Processing /home/airflow/.local/lib/python3.12/site-packages/airflow/example_dags/example_python_decorator.py took 1.001 seconds
[2024-12-20T05:29:23.351+0000] {processor.py:186} INFO - Started process (PID=12578) to work on /home/airflow/.local/lib/python3.12/site-packages/airflow/example_dags/example_python_decorator.py
[2024-12-20T05:29:23.362+0000] {processor.py:914} INFO - Processing file /home/airflow/.local/lib/python3.12/site-packages/airflow/example_dags/example_python_decorator.py for tasks to queue
[2024-12-20T05:29:23.372+0000] {logging_mixin.py:190} INFO - [2024-12-20T05:29:23.371+0000] {dagbag.py:588} INFO - Filling up the DagBag from /home/airflow/.local/lib/python3.12/site-packages/airflow/example_dags/example_python_decorator.py
[2024-12-20T05:29:23.446+0000] {processor.py:925} INFO - DAG(s) 'example_python_decorator' retrieved from /home/airflow/.local/lib/python3.12/site-packages/airflow/example_dags/example_python_decorator.py
[2024-12-20T05:29:23.554+0000] {logging_mixin.py:190} INFO - [2024-12-20T05:29:23.553+0000] {dag.py:3239} INFO - Sync 1 DAGs
[2024-12-20T05:29:23.621+0000] {logging_mixin.py:190} INFO - [2024-12-20T05:29:23.621+0000] {dag.py:4180} INFO - Setting next_dagrun for example_python_decorator to None, run_after=None
[2024-12-20T05:29:23.688+0000] {processor.py:208} INFO - Processing /home/airflow/.local/lib/python3.12/site-packages/airflow/example_dags/example_python_decorator.py took 0.369 seconds
[2024-12-20T05:29:54.069+0000] {processor.py:186} INFO - Started process (PID=12643) to work on /home/airflow/.local/lib/python3.12/site-packages/airflow/example_dags/example_python_decorator.py
[2024-12-20T05:29:54.073+0000] {processor.py:914} INFO - Processing file /home/airflow/.local/lib/python3.12/site-packages/airflow/example_dags/example_python_decorator.py for tasks to queue
[2024-12-20T05:29:54.084+0000] {logging_mixin.py:190} INFO - [2024-12-20T05:29:54.083+0000] {dagbag.py:588} INFO - Filling up the DagBag from /home/airflow/.local/lib/python3.12/site-packages/airflow/example_dags/example_python_decorator.py
[2024-12-20T05:29:54.134+0000] {processor.py:925} INFO - DAG(s) 'example_python_decorator' retrieved from /home/airflow/.local/lib/python3.12/site-packages/airflow/example_dags/example_python_decorator.py
[2024-12-20T05:29:54.204+0000] {logging_mixin.py:190} INFO - [2024-12-20T05:29:54.203+0000] {dag.py:3239} INFO - Sync 1 DAGs
[2024-12-20T05:29:54.248+0000] {logging_mixin.py:190} INFO - [2024-12-20T05:29:54.248+0000] {dag.py:4180} INFO - Setting next_dagrun for example_python_decorator to None, run_after=None
[2024-12-20T05:29:54.305+0000] {processor.py:208} INFO - Processing /home/airflow/.local/lib/python3.12/site-packages/airflow/example_dags/example_python_decorator.py took 0.268 seconds
[2024-12-20T05:30:25.282+0000] {processor.py:186} INFO - Started process (PID=12709) to work on /home/airflow/.local/lib/python3.12/site-packages/airflow/example_dags/example_python_decorator.py
[2024-12-20T05:30:25.287+0000] {processor.py:914} INFO - Processing file /home/airflow/.local/lib/python3.12/site-packages/airflow/example_dags/example_python_decorator.py for tasks to queue
[2024-12-20T05:30:25.295+0000] {logging_mixin.py:190} INFO - [2024-12-20T05:30:25.293+0000] {dagbag.py:588} INFO - Filling up the DagBag from /home/airflow/.local/lib/python3.12/site-packages/airflow/example_dags/example_python_decorator.py
[2024-12-20T05:30:25.348+0000] {processor.py:925} INFO - DAG(s) 'example_python_decorator' retrieved from /home/airflow/.local/lib/python3.12/site-packages/airflow/example_dags/example_python_decorator.py
[2024-12-20T05:30:25.405+0000] {logging_mixin.py:190} INFO - [2024-12-20T05:30:25.404+0000] {dag.py:3239} INFO - Sync 1 DAGs
[2024-12-20T05:30:25.446+0000] {logging_mixin.py:190} INFO - [2024-12-20T05:30:25.446+0000] {dag.py:4180} INFO - Setting next_dagrun for example_python_decorator to None, run_after=None
[2024-12-20T05:30:25.498+0000] {processor.py:208} INFO - Processing /home/airflow/.local/lib/python3.12/site-packages/airflow/example_dags/example_python_decorator.py took 0.239 seconds
[2024-12-20T05:30:57.969+0000] {processor.py:186} INFO - Started process (PID=12776) to work on /home/airflow/.local/lib/python3.12/site-packages/airflow/example_dags/example_python_decorator.py
[2024-12-20T05:30:57.973+0000] {processor.py:914} INFO - Processing file /home/airflow/.local/lib/python3.12/site-packages/airflow/example_dags/example_python_decorator.py for tasks to queue
[2024-12-20T05:30:57.992+0000] {logging_mixin.py:190} INFO - [2024-12-20T05:30:57.990+0000] {dagbag.py:588} INFO - Filling up the DagBag from /home/airflow/.local/lib/python3.12/site-packages/airflow/example_dags/example_python_decorator.py
[2024-12-20T05:30:58.091+0000] {processor.py:925} INFO - DAG(s) 'example_python_decorator' retrieved from /home/airflow/.local/lib/python3.12/site-packages/airflow/example_dags/example_python_decorator.py
[2024-12-20T05:30:58.197+0000] {logging_mixin.py:190} INFO - [2024-12-20T05:30:58.197+0000] {dag.py:3239} INFO - Sync 1 DAGs
[2024-12-20T05:30:58.253+0000] {logging_mixin.py:190} INFO - [2024-12-20T05:30:58.252+0000] {dag.py:4180} INFO - Setting next_dagrun for example_python_decorator to None, run_after=None
[2024-12-20T05:30:58.365+0000] {processor.py:208} INFO - Processing /home/airflow/.local/lib/python3.12/site-packages/airflow/example_dags/example_python_decorator.py took 0.422 seconds
[2024-12-20T05:31:33.265+0000] {processor.py:186} INFO - Started process (PID=12852) to work on /home/airflow/.local/lib/python3.12/site-packages/airflow/example_dags/example_python_decorator.py
[2024-12-20T05:31:33.269+0000] {processor.py:914} INFO - Processing file /home/airflow/.local/lib/python3.12/site-packages/airflow/example_dags/example_python_decorator.py for tasks to queue
[2024-12-20T05:31:33.282+0000] {logging_mixin.py:190} INFO - [2024-12-20T05:31:33.281+0000] {dagbag.py:588} INFO - Filling up the DagBag from /home/airflow/.local/lib/python3.12/site-packages/airflow/example_dags/example_python_decorator.py
[2024-12-20T05:31:33.357+0000] {processor.py:925} INFO - DAG(s) 'example_python_decorator' retrieved from /home/airflow/.local/lib/python3.12/site-packages/airflow/example_dags/example_python_decorator.py
[2024-12-20T05:31:33.450+0000] {logging_mixin.py:190} INFO - [2024-12-20T05:31:33.449+0000] {dag.py:3239} INFO - Sync 1 DAGs
[2024-12-20T05:31:33.523+0000] {logging_mixin.py:190} INFO - [2024-12-20T05:31:33.522+0000] {dag.py:4180} INFO - Setting next_dagrun for example_python_decorator to None, run_after=None
[2024-12-20T05:31:33.597+0000] {processor.py:208} INFO - Processing /home/airflow/.local/lib/python3.12/site-packages/airflow/example_dags/example_python_decorator.py took 0.361 seconds
[2024-12-20T05:32:03.847+0000] {processor.py:186} INFO - Started process (PID=12917) to work on /home/airflow/.local/lib/python3.12/site-packages/airflow/example_dags/example_python_decorator.py
[2024-12-20T05:32:03.849+0000] {processor.py:914} INFO - Processing file /home/airflow/.local/lib/python3.12/site-packages/airflow/example_dags/example_python_decorator.py for tasks to queue
[2024-12-20T05:32:03.855+0000] {logging_mixin.py:190} INFO - [2024-12-20T05:32:03.854+0000] {dagbag.py:588} INFO - Filling up the DagBag from /home/airflow/.local/lib/python3.12/site-packages/airflow/example_dags/example_python_decorator.py
[2024-12-20T05:32:03.890+0000] {processor.py:925} INFO - DAG(s) 'example_python_decorator' retrieved from /home/airflow/.local/lib/python3.12/site-packages/airflow/example_dags/example_python_decorator.py
[2024-12-20T05:32:03.939+0000] {logging_mixin.py:190} INFO - [2024-12-20T05:32:03.939+0000] {dag.py:3239} INFO - Sync 1 DAGs
[2024-12-20T05:32:03.971+0000] {logging_mixin.py:190} INFO - [2024-12-20T05:32:03.971+0000] {dag.py:4180} INFO - Setting next_dagrun for example_python_decorator to None, run_after=None
[2024-12-20T05:32:04.013+0000] {processor.py:208} INFO - Processing /home/airflow/.local/lib/python3.12/site-packages/airflow/example_dags/example_python_decorator.py took 0.180 seconds
[2024-12-20T05:32:37.101+0000] {processor.py:186} INFO - Started process (PID=12982) to work on /home/airflow/.local/lib/python3.12/site-packages/airflow/example_dags/example_python_decorator.py
[2024-12-20T05:32:37.105+0000] {processor.py:914} INFO - Processing file /home/airflow/.local/lib/python3.12/site-packages/airflow/example_dags/example_python_decorator.py for tasks to queue
[2024-12-20T05:32:37.113+0000] {logging_mixin.py:190} INFO - [2024-12-20T05:32:37.112+0000] {dagbag.py:588} INFO - Filling up the DagBag from /home/airflow/.local/lib/python3.12/site-packages/airflow/example_dags/example_python_decorator.py
[2024-12-20T05:32:37.191+0000] {processor.py:925} INFO - DAG(s) 'example_python_decorator' retrieved from /home/airflow/.local/lib/python3.12/site-packages/airflow/example_dags/example_python_decorator.py
[2024-12-20T05:32:37.296+0000] {logging_mixin.py:190} INFO - [2024-12-20T05:32:37.295+0000] {dag.py:3239} INFO - Sync 1 DAGs
[2024-12-20T05:32:37.363+0000] {logging_mixin.py:190} INFO - [2024-12-20T05:32:37.363+0000] {dag.py:4180} INFO - Setting next_dagrun for example_python_decorator to None, run_after=None
[2024-12-20T05:32:37.445+0000] {processor.py:208} INFO - Processing /home/airflow/.local/lib/python3.12/site-packages/airflow/example_dags/example_python_decorator.py took 0.370 seconds
[2024-12-20T05:33:08.935+0000] {processor.py:186} INFO - Started process (PID=13047) to work on /home/airflow/.local/lib/python3.12/site-packages/airflow/example_dags/example_python_decorator.py
[2024-12-20T05:33:08.942+0000] {processor.py:914} INFO - Processing file /home/airflow/.local/lib/python3.12/site-packages/airflow/example_dags/example_python_decorator.py for tasks to queue
[2024-12-20T05:33:08.957+0000] {logging_mixin.py:190} INFO - [2024-12-20T05:33:08.955+0000] {dagbag.py:588} INFO - Filling up the DagBag from /home/airflow/.local/lib/python3.12/site-packages/airflow/example_dags/example_python_decorator.py
[2024-12-20T05:33:09.040+0000] {processor.py:925} INFO - DAG(s) 'example_python_decorator' retrieved from /home/airflow/.local/lib/python3.12/site-packages/airflow/example_dags/example_python_decorator.py
[2024-12-20T05:33:09.138+0000] {logging_mixin.py:190} INFO - [2024-12-20T05:33:09.138+0000] {dag.py:3239} INFO - Sync 1 DAGs
[2024-12-20T05:33:09.196+0000] {logging_mixin.py:190} INFO - [2024-12-20T05:33:09.195+0000] {dag.py:4180} INFO - Setting next_dagrun for example_python_decorator to None, run_after=None
[2024-12-20T05:33:09.288+0000] {processor.py:208} INFO - Processing /home/airflow/.local/lib/python3.12/site-packages/airflow/example_dags/example_python_decorator.py took 0.382 seconds
[2024-12-20T05:33:40.024+0000] {processor.py:186} INFO - Started process (PID=13111) to work on /home/airflow/.local/lib/python3.12/site-packages/airflow/example_dags/example_python_decorator.py
[2024-12-20T05:33:40.026+0000] {processor.py:914} INFO - Processing file /home/airflow/.local/lib/python3.12/site-packages/airflow/example_dags/example_python_decorator.py for tasks to queue
[2024-12-20T05:33:40.031+0000] {logging_mixin.py:190} INFO - [2024-12-20T05:33:40.030+0000] {dagbag.py:588} INFO - Filling up the DagBag from /home/airflow/.local/lib/python3.12/site-packages/airflow/example_dags/example_python_decorator.py
[2024-12-20T05:33:40.065+0000] {processor.py:925} INFO - DAG(s) 'example_python_decorator' retrieved from /home/airflow/.local/lib/python3.12/site-packages/airflow/example_dags/example_python_decorator.py
[2024-12-20T05:33:40.107+0000] {logging_mixin.py:190} INFO - [2024-12-20T05:33:40.107+0000] {dag.py:3239} INFO - Sync 1 DAGs
[2024-12-20T05:33:40.139+0000] {logging_mixin.py:190} INFO - [2024-12-20T05:33:40.138+0000] {dag.py:4180} INFO - Setting next_dagrun for example_python_decorator to None, run_after=None
[2024-12-20T05:33:40.175+0000] {processor.py:208} INFO - Processing /home/airflow/.local/lib/python3.12/site-packages/airflow/example_dags/example_python_decorator.py took 0.165 seconds
[2024-12-20T05:34:16.789+0000] {processor.py:186} INFO - Started process (PID=13177) to work on /home/airflow/.local/lib/python3.12/site-packages/airflow/example_dags/example_python_decorator.py
[2024-12-20T05:34:16.793+0000] {processor.py:914} INFO - Processing file /home/airflow/.local/lib/python3.12/site-packages/airflow/example_dags/example_python_decorator.py for tasks to queue
[2024-12-20T05:34:16.802+0000] {logging_mixin.py:190} INFO - [2024-12-20T05:34:16.800+0000] {dagbag.py:588} INFO - Filling up the DagBag from /home/airflow/.local/lib/python3.12/site-packages/airflow/example_dags/example_python_decorator.py
[2024-12-20T05:34:16.878+0000] {processor.py:925} INFO - DAG(s) 'example_python_decorator' retrieved from /home/airflow/.local/lib/python3.12/site-packages/airflow/example_dags/example_python_decorator.py
[2024-12-20T05:34:16.958+0000] {logging_mixin.py:190} INFO - [2024-12-20T05:34:16.958+0000] {dag.py:3239} INFO - Sync 1 DAGs
[2024-12-20T05:34:17.023+0000] {logging_mixin.py:190} INFO - [2024-12-20T05:34:17.022+0000] {dag.py:4180} INFO - Setting next_dagrun for example_python_decorator to None, run_after=None
[2024-12-20T05:34:17.078+0000] {processor.py:208} INFO - Processing /home/airflow/.local/lib/python3.12/site-packages/airflow/example_dags/example_python_decorator.py took 0.311 seconds
[2024-12-20T05:34:47.874+0000] {processor.py:186} INFO - Started process (PID=13242) to work on /home/airflow/.local/lib/python3.12/site-packages/airflow/example_dags/example_python_decorator.py
[2024-12-20T05:34:47.877+0000] {processor.py:914} INFO - Processing file /home/airflow/.local/lib/python3.12/site-packages/airflow/example_dags/example_python_decorator.py for tasks to queue
[2024-12-20T05:34:47.883+0000] {logging_mixin.py:190} INFO - [2024-12-20T05:34:47.882+0000] {dagbag.py:588} INFO - Filling up the DagBag from /home/airflow/.local/lib/python3.12/site-packages/airflow/example_dags/example_python_decorator.py
[2024-12-20T05:34:47.937+0000] {processor.py:925} INFO - DAG(s) 'example_python_decorator' retrieved from /home/airflow/.local/lib/python3.12/site-packages/airflow/example_dags/example_python_decorator.py
[2024-12-20T05:34:47.999+0000] {logging_mixin.py:190} INFO - [2024-12-20T05:34:47.998+0000] {dag.py:3239} INFO - Sync 1 DAGs
[2024-12-20T05:34:48.049+0000] {logging_mixin.py:190} INFO - [2024-12-20T05:34:48.048+0000] {dag.py:4180} INFO - Setting next_dagrun for example_python_decorator to None, run_after=None
[2024-12-20T05:34:48.123+0000] {processor.py:208} INFO - Processing /home/airflow/.local/lib/python3.12/site-packages/airflow/example_dags/example_python_decorator.py took 0.273 seconds
[2024-12-20T05:35:21.036+0000] {processor.py:186} INFO - Started process (PID=13307) to work on /home/airflow/.local/lib/python3.12/site-packages/airflow/example_dags/example_python_decorator.py
[2024-12-20T05:35:21.039+0000] {processor.py:914} INFO - Processing file /home/airflow/.local/lib/python3.12/site-packages/airflow/example_dags/example_python_decorator.py for tasks to queue
[2024-12-20T05:35:21.049+0000] {logging_mixin.py:190} INFO - [2024-12-20T05:35:21.048+0000] {dagbag.py:588} INFO - Filling up the DagBag from /home/airflow/.local/lib/python3.12/site-packages/airflow/example_dags/example_python_decorator.py
[2024-12-20T05:35:21.102+0000] {processor.py:925} INFO - DAG(s) 'example_python_decorator' retrieved from /home/airflow/.local/lib/python3.12/site-packages/airflow/example_dags/example_python_decorator.py
[2024-12-20T05:35:21.185+0000] {logging_mixin.py:190} INFO - [2024-12-20T05:35:21.184+0000] {dag.py:3239} INFO - Sync 1 DAGs
[2024-12-20T05:35:21.236+0000] {logging_mixin.py:190} INFO - [2024-12-20T05:35:21.235+0000] {dag.py:4180} INFO - Setting next_dagrun for example_python_decorator to None, run_after=None
[2024-12-20T05:35:21.325+0000] {processor.py:208} INFO - Processing /home/airflow/.local/lib/python3.12/site-packages/airflow/example_dags/example_python_decorator.py took 0.311 seconds
[2024-12-20T05:35:53.605+0000] {processor.py:186} INFO - Started process (PID=13372) to work on /home/airflow/.local/lib/python3.12/site-packages/airflow/example_dags/example_python_decorator.py
[2024-12-20T05:35:53.609+0000] {processor.py:914} INFO - Processing file /home/airflow/.local/lib/python3.12/site-packages/airflow/example_dags/example_python_decorator.py for tasks to queue
[2024-12-20T05:35:53.617+0000] {logging_mixin.py:190} INFO - [2024-12-20T05:35:53.615+0000] {dagbag.py:588} INFO - Filling up the DagBag from /home/airflow/.local/lib/python3.12/site-packages/airflow/example_dags/example_python_decorator.py
[2024-12-20T05:35:53.677+0000] {processor.py:925} INFO - DAG(s) 'example_python_decorator' retrieved from /home/airflow/.local/lib/python3.12/site-packages/airflow/example_dags/example_python_decorator.py
[2024-12-20T05:35:53.748+0000] {logging_mixin.py:190} INFO - [2024-12-20T05:35:53.747+0000] {dag.py:3239} INFO - Sync 1 DAGs
[2024-12-20T05:35:53.802+0000] {logging_mixin.py:190} INFO - [2024-12-20T05:35:53.802+0000] {dag.py:4180} INFO - Setting next_dagrun for example_python_decorator to None, run_after=None
[2024-12-20T05:35:53.891+0000] {processor.py:208} INFO - Processing /home/airflow/.local/lib/python3.12/site-packages/airflow/example_dags/example_python_decorator.py took 0.308 seconds
[2024-12-20T05:36:28.558+0000] {processor.py:186} INFO - Started process (PID=13438) to work on /home/airflow/.local/lib/python3.12/site-packages/airflow/example_dags/example_python_decorator.py
[2024-12-20T05:36:28.561+0000] {processor.py:914} INFO - Processing file /home/airflow/.local/lib/python3.12/site-packages/airflow/example_dags/example_python_decorator.py for tasks to queue
[2024-12-20T05:36:28.570+0000] {logging_mixin.py:190} INFO - [2024-12-20T05:36:28.569+0000] {dagbag.py:588} INFO - Filling up the DagBag from /home/airflow/.local/lib/python3.12/site-packages/airflow/example_dags/example_python_decorator.py
[2024-12-20T05:36:28.620+0000] {processor.py:925} INFO - DAG(s) 'example_python_decorator' retrieved from /home/airflow/.local/lib/python3.12/site-packages/airflow/example_dags/example_python_decorator.py
[2024-12-20T05:36:28.694+0000] {logging_mixin.py:190} INFO - [2024-12-20T05:36:28.693+0000] {dag.py:3239} INFO - Sync 1 DAGs
[2024-12-20T05:36:28.761+0000] {logging_mixin.py:190} INFO - [2024-12-20T05:36:28.760+0000] {dag.py:4180} INFO - Setting next_dagrun for example_python_decorator to None, run_after=None
[2024-12-20T05:36:28.907+0000] {processor.py:208} INFO - Processing /home/airflow/.local/lib/python3.12/site-packages/airflow/example_dags/example_python_decorator.py took 0.368 seconds
[2024-12-20T05:36:59.171+0000] {processor.py:186} INFO - Started process (PID=13502) to work on /home/airflow/.local/lib/python3.12/site-packages/airflow/example_dags/example_python_decorator.py
[2024-12-20T05:36:59.176+0000] {processor.py:914} INFO - Processing file /home/airflow/.local/lib/python3.12/site-packages/airflow/example_dags/example_python_decorator.py for tasks to queue
[2024-12-20T05:36:59.186+0000] {logging_mixin.py:190} INFO - [2024-12-20T05:36:59.185+0000] {dagbag.py:588} INFO - Filling up the DagBag from /home/airflow/.local/lib/python3.12/site-packages/airflow/example_dags/example_python_decorator.py
[2024-12-20T05:36:59.252+0000] {processor.py:925} INFO - DAG(s) 'example_python_decorator' retrieved from /home/airflow/.local/lib/python3.12/site-packages/airflow/example_dags/example_python_decorator.py
[2024-12-20T05:36:59.337+0000] {logging_mixin.py:190} INFO - [2024-12-20T05:36:59.336+0000] {dag.py:3239} INFO - Sync 1 DAGs
[2024-12-20T05:36:59.392+0000] {logging_mixin.py:190} INFO - [2024-12-20T05:36:59.391+0000] {dag.py:4180} INFO - Setting next_dagrun for example_python_decorator to None, run_after=None
[2024-12-20T05:36:59.451+0000] {processor.py:208} INFO - Processing /home/airflow/.local/lib/python3.12/site-packages/airflow/example_dags/example_python_decorator.py took 0.306 seconds
[2024-12-20T05:37:30.419+0000] {processor.py:186} INFO - Started process (PID=13568) to work on /home/airflow/.local/lib/python3.12/site-packages/airflow/example_dags/example_python_decorator.py
[2024-12-20T05:37:30.422+0000] {processor.py:914} INFO - Processing file /home/airflow/.local/lib/python3.12/site-packages/airflow/example_dags/example_python_decorator.py for tasks to queue
[2024-12-20T05:37:30.428+0000] {logging_mixin.py:190} INFO - [2024-12-20T05:37:30.428+0000] {dagbag.py:588} INFO - Filling up the DagBag from /home/airflow/.local/lib/python3.12/site-packages/airflow/example_dags/example_python_decorator.py
[2024-12-20T05:37:30.469+0000] {processor.py:925} INFO - DAG(s) 'example_python_decorator' retrieved from /home/airflow/.local/lib/python3.12/site-packages/airflow/example_dags/example_python_decorator.py
[2024-12-20T05:37:30.513+0000] {logging_mixin.py:190} INFO - [2024-12-20T05:37:30.513+0000] {dag.py:3239} INFO - Sync 1 DAGs
[2024-12-20T05:37:30.545+0000] {logging_mixin.py:190} INFO - [2024-12-20T05:37:30.545+0000] {dag.py:4180} INFO - Setting next_dagrun for example_python_decorator to None, run_after=None
[2024-12-20T05:37:30.615+0000] {processor.py:208} INFO - Processing /home/airflow/.local/lib/python3.12/site-packages/airflow/example_dags/example_python_decorator.py took 0.210 seconds
[2024-12-20T05:38:01.968+0000] {processor.py:186} INFO - Started process (PID=13633) to work on /home/airflow/.local/lib/python3.12/site-packages/airflow/example_dags/example_python_decorator.py
[2024-12-20T05:38:01.971+0000] {processor.py:914} INFO - Processing file /home/airflow/.local/lib/python3.12/site-packages/airflow/example_dags/example_python_decorator.py for tasks to queue
[2024-12-20T05:38:01.977+0000] {logging_mixin.py:190} INFO - [2024-12-20T05:38:01.976+0000] {dagbag.py:588} INFO - Filling up the DagBag from /home/airflow/.local/lib/python3.12/site-packages/airflow/example_dags/example_python_decorator.py
[2024-12-20T05:38:02.021+0000] {processor.py:925} INFO - DAG(s) 'example_python_decorator' retrieved from /home/airflow/.local/lib/python3.12/site-packages/airflow/example_dags/example_python_decorator.py
[2024-12-20T05:38:02.071+0000] {logging_mixin.py:190} INFO - [2024-12-20T05:38:02.070+0000] {dag.py:3239} INFO - Sync 1 DAGs
[2024-12-20T05:38:02.103+0000] {logging_mixin.py:190} INFO - [2024-12-20T05:38:02.103+0000] {dag.py:4180} INFO - Setting next_dagrun for example_python_decorator to None, run_after=None
[2024-12-20T05:38:02.145+0000] {processor.py:208} INFO - Processing /home/airflow/.local/lib/python3.12/site-packages/airflow/example_dags/example_python_decorator.py took 0.192 seconds
[2024-12-20T05:38:33.503+0000] {processor.py:186} INFO - Started process (PID=13698) to work on /home/airflow/.local/lib/python3.12/site-packages/airflow/example_dags/example_python_decorator.py
[2024-12-20T05:38:33.505+0000] {processor.py:914} INFO - Processing file /home/airflow/.local/lib/python3.12/site-packages/airflow/example_dags/example_python_decorator.py for tasks to queue
[2024-12-20T05:38:33.511+0000] {logging_mixin.py:190} INFO - [2024-12-20T05:38:33.510+0000] {dagbag.py:588} INFO - Filling up the DagBag from /home/airflow/.local/lib/python3.12/site-packages/airflow/example_dags/example_python_decorator.py
[2024-12-20T05:38:33.562+0000] {processor.py:925} INFO - DAG(s) 'example_python_decorator' retrieved from /home/airflow/.local/lib/python3.12/site-packages/airflow/example_dags/example_python_decorator.py
[2024-12-20T05:38:33.628+0000] {logging_mixin.py:190} INFO - [2024-12-20T05:38:33.628+0000] {dag.py:3239} INFO - Sync 1 DAGs
[2024-12-20T05:38:33.664+0000] {logging_mixin.py:190} INFO - [2024-12-20T05:38:33.664+0000] {dag.py:4180} INFO - Setting next_dagrun for example_python_decorator to None, run_after=None
[2024-12-20T05:38:33.706+0000] {processor.py:208} INFO - Processing /home/airflow/.local/lib/python3.12/site-packages/airflow/example_dags/example_python_decorator.py took 0.217 seconds
[2024-12-20T05:39:05.299+0000] {processor.py:186} INFO - Started process (PID=13769) to work on /home/airflow/.local/lib/python3.12/site-packages/airflow/example_dags/example_python_decorator.py
[2024-12-20T05:39:05.303+0000] {processor.py:914} INFO - Processing file /home/airflow/.local/lib/python3.12/site-packages/airflow/example_dags/example_python_decorator.py for tasks to queue
[2024-12-20T05:39:05.312+0000] {logging_mixin.py:190} INFO - [2024-12-20T05:39:05.311+0000] {dagbag.py:588} INFO - Filling up the DagBag from /home/airflow/.local/lib/python3.12/site-packages/airflow/example_dags/example_python_decorator.py
[2024-12-20T05:39:05.372+0000] {processor.py:925} INFO - DAG(s) 'example_python_decorator' retrieved from /home/airflow/.local/lib/python3.12/site-packages/airflow/example_dags/example_python_decorator.py
[2024-12-20T05:39:05.441+0000] {logging_mixin.py:190} INFO - [2024-12-20T05:39:05.441+0000] {dag.py:3239} INFO - Sync 1 DAGs
[2024-12-20T05:39:05.489+0000] {logging_mixin.py:190} INFO - [2024-12-20T05:39:05.488+0000] {dag.py:4180} INFO - Setting next_dagrun for example_python_decorator to None, run_after=None
[2024-12-20T05:39:05.542+0000] {processor.py:208} INFO - Processing /home/airflow/.local/lib/python3.12/site-packages/airflow/example_dags/example_python_decorator.py took 0.271 seconds
[2024-12-20T05:39:36.776+0000] {processor.py:186} INFO - Started process (PID=13834) to work on /home/airflow/.local/lib/python3.12/site-packages/airflow/example_dags/example_python_decorator.py
[2024-12-20T05:39:36.779+0000] {processor.py:914} INFO - Processing file /home/airflow/.local/lib/python3.12/site-packages/airflow/example_dags/example_python_decorator.py for tasks to queue
[2024-12-20T05:39:36.789+0000] {logging_mixin.py:190} INFO - [2024-12-20T05:39:36.788+0000] {dagbag.py:588} INFO - Filling up the DagBag from /home/airflow/.local/lib/python3.12/site-packages/airflow/example_dags/example_python_decorator.py
[2024-12-20T05:39:36.845+0000] {processor.py:925} INFO - DAG(s) 'example_python_decorator' retrieved from /home/airflow/.local/lib/python3.12/site-packages/airflow/example_dags/example_python_decorator.py
[2024-12-20T05:39:36.917+0000] {logging_mixin.py:190} INFO - [2024-12-20T05:39:36.916+0000] {dag.py:3239} INFO - Sync 1 DAGs
[2024-12-20T05:39:36.974+0000] {logging_mixin.py:190} INFO - [2024-12-20T05:39:36.973+0000] {dag.py:4180} INFO - Setting next_dagrun for example_python_decorator to None, run_after=None
[2024-12-20T05:39:37.073+0000] {processor.py:208} INFO - Processing /home/airflow/.local/lib/python3.12/site-packages/airflow/example_dags/example_python_decorator.py took 0.320 seconds
[2024-12-20T05:40:07.429+0000] {processor.py:186} INFO - Started process (PID=13899) to work on /home/airflow/.local/lib/python3.12/site-packages/airflow/example_dags/example_python_decorator.py
[2024-12-20T05:40:07.431+0000] {processor.py:914} INFO - Processing file /home/airflow/.local/lib/python3.12/site-packages/airflow/example_dags/example_python_decorator.py for tasks to queue
[2024-12-20T05:40:07.435+0000] {logging_mixin.py:190} INFO - [2024-12-20T05:40:07.434+0000] {dagbag.py:588} INFO - Filling up the DagBag from /home/airflow/.local/lib/python3.12/site-packages/airflow/example_dags/example_python_decorator.py
[2024-12-20T05:40:07.462+0000] {processor.py:925} INFO - DAG(s) 'example_python_decorator' retrieved from /home/airflow/.local/lib/python3.12/site-packages/airflow/example_dags/example_python_decorator.py
[2024-12-20T05:40:07.496+0000] {logging_mixin.py:190} INFO - [2024-12-20T05:40:07.496+0000] {dag.py:3239} INFO - Sync 1 DAGs
[2024-12-20T05:40:07.523+0000] {logging_mixin.py:190} INFO - [2024-12-20T05:40:07.522+0000] {dag.py:4180} INFO - Setting next_dagrun for example_python_decorator to None, run_after=None
[2024-12-20T05:40:07.567+0000] {processor.py:208} INFO - Processing /home/airflow/.local/lib/python3.12/site-packages/airflow/example_dags/example_python_decorator.py took 0.149 seconds
[2024-12-20T05:40:37.900+0000] {processor.py:186} INFO - Started process (PID=13963) to work on /home/airflow/.local/lib/python3.12/site-packages/airflow/example_dags/example_python_decorator.py
[2024-12-20T05:40:37.901+0000] {processor.py:914} INFO - Processing file /home/airflow/.local/lib/python3.12/site-packages/airflow/example_dags/example_python_decorator.py for tasks to queue
[2024-12-20T05:40:37.905+0000] {logging_mixin.py:190} INFO - [2024-12-20T05:40:37.904+0000] {dagbag.py:588} INFO - Filling up the DagBag from /home/airflow/.local/lib/python3.12/site-packages/airflow/example_dags/example_python_decorator.py
[2024-12-20T05:40:37.928+0000] {processor.py:925} INFO - DAG(s) 'example_python_decorator' retrieved from /home/airflow/.local/lib/python3.12/site-packages/airflow/example_dags/example_python_decorator.py
[2024-12-20T05:40:37.960+0000] {logging_mixin.py:190} INFO - [2024-12-20T05:40:37.960+0000] {dag.py:3239} INFO - Sync 1 DAGs
[2024-12-20T05:40:37.982+0000] {logging_mixin.py:190} INFO - [2024-12-20T05:40:37.982+0000] {dag.py:4180} INFO - Setting next_dagrun for example_python_decorator to None, run_after=None
[2024-12-20T05:40:38.011+0000] {processor.py:208} INFO - Processing /home/airflow/.local/lib/python3.12/site-packages/airflow/example_dags/example_python_decorator.py took 0.120 seconds
[2024-12-20T05:41:09.880+0000] {processor.py:186} INFO - Started process (PID=14028) to work on /home/airflow/.local/lib/python3.12/site-packages/airflow/example_dags/example_python_decorator.py
[2024-12-20T05:41:09.882+0000] {processor.py:914} INFO - Processing file /home/airflow/.local/lib/python3.12/site-packages/airflow/example_dags/example_python_decorator.py for tasks to queue
[2024-12-20T05:41:09.888+0000] {logging_mixin.py:190} INFO - [2024-12-20T05:41:09.887+0000] {dagbag.py:588} INFO - Filling up the DagBag from /home/airflow/.local/lib/python3.12/site-packages/airflow/example_dags/example_python_decorator.py
[2024-12-20T05:41:09.930+0000] {processor.py:925} INFO - DAG(s) 'example_python_decorator' retrieved from /home/airflow/.local/lib/python3.12/site-packages/airflow/example_dags/example_python_decorator.py
[2024-12-20T05:41:09.984+0000] {logging_mixin.py:190} INFO - [2024-12-20T05:41:09.983+0000] {dag.py:3239} INFO - Sync 1 DAGs
[2024-12-20T05:41:10.020+0000] {logging_mixin.py:190} INFO - [2024-12-20T05:41:10.020+0000] {dag.py:4180} INFO - Setting next_dagrun for example_python_decorator to None, run_after=None
[2024-12-20T05:41:10.104+0000] {processor.py:208} INFO - Processing /home/airflow/.local/lib/python3.12/site-packages/airflow/example_dags/example_python_decorator.py took 0.240 seconds
[2024-12-20T05:41:41.204+0000] {processor.py:186} INFO - Started process (PID=14094) to work on /home/airflow/.local/lib/python3.12/site-packages/airflow/example_dags/example_python_decorator.py
[2024-12-20T05:41:41.207+0000] {processor.py:914} INFO - Processing file /home/airflow/.local/lib/python3.12/site-packages/airflow/example_dags/example_python_decorator.py for tasks to queue
[2024-12-20T05:41:41.215+0000] {logging_mixin.py:190} INFO - [2024-12-20T05:41:41.214+0000] {dagbag.py:588} INFO - Filling up the DagBag from /home/airflow/.local/lib/python3.12/site-packages/airflow/example_dags/example_python_decorator.py
[2024-12-20T05:41:41.264+0000] {processor.py:925} INFO - DAG(s) 'example_python_decorator' retrieved from /home/airflow/.local/lib/python3.12/site-packages/airflow/example_dags/example_python_decorator.py
[2024-12-20T05:41:41.324+0000] {logging_mixin.py:190} INFO - [2024-12-20T05:41:41.323+0000] {dag.py:3239} INFO - Sync 1 DAGs
[2024-12-20T05:41:41.367+0000] {logging_mixin.py:190} INFO - [2024-12-20T05:41:41.367+0000] {dag.py:4180} INFO - Setting next_dagrun for example_python_decorator to None, run_after=None
[2024-12-20T05:41:41.448+0000] {processor.py:208} INFO - Processing /home/airflow/.local/lib/python3.12/site-packages/airflow/example_dags/example_python_decorator.py took 0.262 seconds
[2024-12-20T05:42:12.807+0000] {processor.py:186} INFO - Started process (PID=14159) to work on /home/airflow/.local/lib/python3.12/site-packages/airflow/example_dags/example_python_decorator.py
[2024-12-20T05:42:12.810+0000] {processor.py:914} INFO - Processing file /home/airflow/.local/lib/python3.12/site-packages/airflow/example_dags/example_python_decorator.py for tasks to queue
[2024-12-20T05:42:12.821+0000] {logging_mixin.py:190} INFO - [2024-12-20T05:42:12.819+0000] {dagbag.py:588} INFO - Filling up the DagBag from /home/airflow/.local/lib/python3.12/site-packages/airflow/example_dags/example_python_decorator.py
[2024-12-20T05:42:12.875+0000] {processor.py:925} INFO - DAG(s) 'example_python_decorator' retrieved from /home/airflow/.local/lib/python3.12/site-packages/airflow/example_dags/example_python_decorator.py
[2024-12-20T05:42:12.996+0000] {logging_mixin.py:190} INFO - [2024-12-20T05:42:12.995+0000] {dag.py:3239} INFO - Sync 1 DAGs
[2024-12-20T05:42:13.067+0000] {logging_mixin.py:190} INFO - [2024-12-20T05:42:13.066+0000] {dag.py:4180} INFO - Setting next_dagrun for example_python_decorator to None, run_after=None
[2024-12-20T05:42:13.151+0000] {processor.py:208} INFO - Processing /home/airflow/.local/lib/python3.12/site-packages/airflow/example_dags/example_python_decorator.py took 0.366 seconds
[2024-12-20T05:42:43.946+0000] {processor.py:186} INFO - Started process (PID=14223) to work on /home/airflow/.local/lib/python3.12/site-packages/airflow/example_dags/example_python_decorator.py
[2024-12-20T05:42:43.967+0000] {processor.py:914} INFO - Processing file /home/airflow/.local/lib/python3.12/site-packages/airflow/example_dags/example_python_decorator.py for tasks to queue
[2024-12-20T05:42:43.991+0000] {logging_mixin.py:190} INFO - [2024-12-20T05:42:43.990+0000] {dagbag.py:588} INFO - Filling up the DagBag from /home/airflow/.local/lib/python3.12/site-packages/airflow/example_dags/example_python_decorator.py
[2024-12-20T05:42:44.145+0000] {processor.py:925} INFO - DAG(s) 'example_python_decorator' retrieved from /home/airflow/.local/lib/python3.12/site-packages/airflow/example_dags/example_python_decorator.py
[2024-12-20T05:42:44.254+0000] {logging_mixin.py:190} INFO - [2024-12-20T05:42:44.253+0000] {dag.py:3239} INFO - Sync 1 DAGs
[2024-12-20T05:42:44.328+0000] {logging_mixin.py:190} INFO - [2024-12-20T05:42:44.327+0000] {dag.py:4180} INFO - Setting next_dagrun for example_python_decorator to None, run_after=None
[2024-12-20T05:42:44.415+0000] {processor.py:208} INFO - Processing /home/airflow/.local/lib/python3.12/site-packages/airflow/example_dags/example_python_decorator.py took 0.540 seconds
[2024-12-20T05:43:15.835+0000] {processor.py:186} INFO - Started process (PID=14289) to work on /home/airflow/.local/lib/python3.12/site-packages/airflow/example_dags/example_python_decorator.py
[2024-12-20T05:43:15.838+0000] {processor.py:914} INFO - Processing file /home/airflow/.local/lib/python3.12/site-packages/airflow/example_dags/example_python_decorator.py for tasks to queue
[2024-12-20T05:43:15.845+0000] {logging_mixin.py:190} INFO - [2024-12-20T05:43:15.844+0000] {dagbag.py:588} INFO - Filling up the DagBag from /home/airflow/.local/lib/python3.12/site-packages/airflow/example_dags/example_python_decorator.py
[2024-12-20T05:43:15.893+0000] {processor.py:925} INFO - DAG(s) 'example_python_decorator' retrieved from /home/airflow/.local/lib/python3.12/site-packages/airflow/example_dags/example_python_decorator.py
[2024-12-20T05:43:15.968+0000] {logging_mixin.py:190} INFO - [2024-12-20T05:43:15.967+0000] {dag.py:3239} INFO - Sync 1 DAGs
[2024-12-20T05:43:16.014+0000] {logging_mixin.py:190} INFO - [2024-12-20T05:43:16.013+0000] {dag.py:4180} INFO - Setting next_dagrun for example_python_decorator to None, run_after=None
[2024-12-20T05:43:16.092+0000] {processor.py:208} INFO - Processing /home/airflow/.local/lib/python3.12/site-packages/airflow/example_dags/example_python_decorator.py took 0.272 seconds
[2024-12-20T05:43:48.098+0000] {processor.py:186} INFO - Started process (PID=14354) to work on /home/airflow/.local/lib/python3.12/site-packages/airflow/example_dags/example_python_decorator.py
[2024-12-20T05:43:48.101+0000] {processor.py:914} INFO - Processing file /home/airflow/.local/lib/python3.12/site-packages/airflow/example_dags/example_python_decorator.py for tasks to queue
[2024-12-20T05:43:48.107+0000] {logging_mixin.py:190} INFO - [2024-12-20T05:43:48.106+0000] {dagbag.py:588} INFO - Filling up the DagBag from /home/airflow/.local/lib/python3.12/site-packages/airflow/example_dags/example_python_decorator.py
[2024-12-20T05:43:48.147+0000] {processor.py:925} INFO - DAG(s) 'example_python_decorator' retrieved from /home/airflow/.local/lib/python3.12/site-packages/airflow/example_dags/example_python_decorator.py
[2024-12-20T05:43:48.210+0000] {logging_mixin.py:190} INFO - [2024-12-20T05:43:48.209+0000] {dag.py:3239} INFO - Sync 1 DAGs
[2024-12-20T05:43:48.256+0000] {logging_mixin.py:190} INFO - [2024-12-20T05:43:48.256+0000] {dag.py:4180} INFO - Setting next_dagrun for example_python_decorator to None, run_after=None
[2024-12-20T05:43:48.306+0000] {processor.py:208} INFO - Processing /home/airflow/.local/lib/python3.12/site-packages/airflow/example_dags/example_python_decorator.py took 0.226 seconds
[2024-12-20T05:44:24.223+0000] {processor.py:186} INFO - Started process (PID=14420) to work on /home/airflow/.local/lib/python3.12/site-packages/airflow/example_dags/example_python_decorator.py
[2024-12-20T05:44:24.225+0000] {processor.py:914} INFO - Processing file /home/airflow/.local/lib/python3.12/site-packages/airflow/example_dags/example_python_decorator.py for tasks to queue
[2024-12-20T05:44:24.234+0000] {logging_mixin.py:190} INFO - [2024-12-20T05:44:24.231+0000] {dagbag.py:588} INFO - Filling up the DagBag from /home/airflow/.local/lib/python3.12/site-packages/airflow/example_dags/example_python_decorator.py
[2024-12-20T05:44:24.309+0000] {processor.py:925} INFO - DAG(s) 'example_python_decorator' retrieved from /home/airflow/.local/lib/python3.12/site-packages/airflow/example_dags/example_python_decorator.py
[2024-12-20T05:44:24.446+0000] {logging_mixin.py:190} INFO - [2024-12-20T05:44:24.445+0000] {dag.py:3239} INFO - Sync 1 DAGs
[2024-12-20T05:44:24.576+0000] {logging_mixin.py:190} INFO - [2024-12-20T05:44:24.572+0000] {dag.py:4180} INFO - Setting next_dagrun for example_python_decorator to None, run_after=None
[2024-12-20T05:44:24.779+0000] {processor.py:208} INFO - Processing /home/airflow/.local/lib/python3.12/site-packages/airflow/example_dags/example_python_decorator.py took 0.577 seconds
[2024-12-20T05:44:54.979+0000] {processor.py:186} INFO - Started process (PID=14484) to work on /home/airflow/.local/lib/python3.12/site-packages/airflow/example_dags/example_python_decorator.py
[2024-12-20T05:44:54.981+0000] {processor.py:914} INFO - Processing file /home/airflow/.local/lib/python3.12/site-packages/airflow/example_dags/example_python_decorator.py for tasks to queue
[2024-12-20T05:44:54.986+0000] {logging_mixin.py:190} INFO - [2024-12-20T05:44:54.985+0000] {dagbag.py:588} INFO - Filling up the DagBag from /home/airflow/.local/lib/python3.12/site-packages/airflow/example_dags/example_python_decorator.py
[2024-12-20T05:44:55.020+0000] {processor.py:925} INFO - DAG(s) 'example_python_decorator' retrieved from /home/airflow/.local/lib/python3.12/site-packages/airflow/example_dags/example_python_decorator.py
[2024-12-20T05:44:55.064+0000] {logging_mixin.py:190} INFO - [2024-12-20T05:44:55.064+0000] {dag.py:3239} INFO - Sync 1 DAGs
[2024-12-20T05:44:55.091+0000] {logging_mixin.py:190} INFO - [2024-12-20T05:44:55.090+0000] {dag.py:4180} INFO - Setting next_dagrun for example_python_decorator to None, run_after=None
[2024-12-20T05:44:55.142+0000] {processor.py:208} INFO - Processing /home/airflow/.local/lib/python3.12/site-packages/airflow/example_dags/example_python_decorator.py took 0.172 seconds
[2024-12-20T05:45:25.274+0000] {processor.py:186} INFO - Started process (PID=14549) to work on /home/airflow/.local/lib/python3.12/site-packages/airflow/example_dags/example_python_decorator.py
[2024-12-20T05:45:25.276+0000] {processor.py:914} INFO - Processing file /home/airflow/.local/lib/python3.12/site-packages/airflow/example_dags/example_python_decorator.py for tasks to queue
[2024-12-20T05:45:25.282+0000] {logging_mixin.py:190} INFO - [2024-12-20T05:45:25.281+0000] {dagbag.py:588} INFO - Filling up the DagBag from /home/airflow/.local/lib/python3.12/site-packages/airflow/example_dags/example_python_decorator.py
[2024-12-20T05:45:25.319+0000] {processor.py:925} INFO - DAG(s) 'example_python_decorator' retrieved from /home/airflow/.local/lib/python3.12/site-packages/airflow/example_dags/example_python_decorator.py
[2024-12-20T05:45:25.375+0000] {logging_mixin.py:190} INFO - [2024-12-20T05:45:25.374+0000] {dag.py:3239} INFO - Sync 1 DAGs
[2024-12-20T05:45:25.415+0000] {logging_mixin.py:190} INFO - [2024-12-20T05:45:25.415+0000] {dag.py:4180} INFO - Setting next_dagrun for example_python_decorator to None, run_after=None
[2024-12-20T05:45:25.459+0000] {processor.py:208} INFO - Processing /home/airflow/.local/lib/python3.12/site-packages/airflow/example_dags/example_python_decorator.py took 0.199 seconds
[2024-12-20T05:45:56.906+0000] {processor.py:186} INFO - Started process (PID=14614) to work on /home/airflow/.local/lib/python3.12/site-packages/airflow/example_dags/example_python_decorator.py
[2024-12-20T05:45:56.919+0000] {processor.py:914} INFO - Processing file /home/airflow/.local/lib/python3.12/site-packages/airflow/example_dags/example_python_decorator.py for tasks to queue
[2024-12-20T05:45:56.954+0000] {logging_mixin.py:190} INFO - [2024-12-20T05:45:56.952+0000] {dagbag.py:588} INFO - Filling up the DagBag from /home/airflow/.local/lib/python3.12/site-packages/airflow/example_dags/example_python_decorator.py
[2024-12-20T05:45:57.141+0000] {processor.py:925} INFO - DAG(s) 'example_python_decorator' retrieved from /home/airflow/.local/lib/python3.12/site-packages/airflow/example_dags/example_python_decorator.py
[2024-12-20T05:45:57.372+0000] {logging_mixin.py:190} INFO - [2024-12-20T05:45:57.370+0000] {dag.py:3239} INFO - Sync 1 DAGs
[2024-12-20T05:45:57.568+0000] {logging_mixin.py:190} INFO - [2024-12-20T05:45:57.566+0000] {dag.py:4180} INFO - Setting next_dagrun for example_python_decorator to None, run_after=None
[2024-12-20T05:45:57.789+0000] {processor.py:208} INFO - Processing /home/airflow/.local/lib/python3.12/site-packages/airflow/example_dags/example_python_decorator.py took 1.000 seconds
[2024-12-20T05:46:28.609+0000] {processor.py:186} INFO - Started process (PID=14679) to work on /home/airflow/.local/lib/python3.12/site-packages/airflow/example_dags/example_python_decorator.py
[2024-12-20T05:46:28.613+0000] {processor.py:914} INFO - Processing file /home/airflow/.local/lib/python3.12/site-packages/airflow/example_dags/example_python_decorator.py for tasks to queue
[2024-12-20T05:46:28.619+0000] {logging_mixin.py:190} INFO - [2024-12-20T05:46:28.618+0000] {dagbag.py:588} INFO - Filling up the DagBag from /home/airflow/.local/lib/python3.12/site-packages/airflow/example_dags/example_python_decorator.py
[2024-12-20T05:46:28.653+0000] {processor.py:925} INFO - DAG(s) 'example_python_decorator' retrieved from /home/airflow/.local/lib/python3.12/site-packages/airflow/example_dags/example_python_decorator.py
[2024-12-20T05:46:28.703+0000] {logging_mixin.py:190} INFO - [2024-12-20T05:46:28.702+0000] {dag.py:3239} INFO - Sync 1 DAGs
[2024-12-20T05:46:28.740+0000] {logging_mixin.py:190} INFO - [2024-12-20T05:46:28.739+0000] {dag.py:4180} INFO - Setting next_dagrun for example_python_decorator to None, run_after=None
[2024-12-20T05:46:28.852+0000] {processor.py:208} INFO - Processing /home/airflow/.local/lib/python3.12/site-packages/airflow/example_dags/example_python_decorator.py took 0.267 seconds
[2024-12-20T05:46:59.870+0000] {processor.py:186} INFO - Started process (PID=14744) to work on /home/airflow/.local/lib/python3.12/site-packages/airflow/example_dags/example_python_decorator.py
[2024-12-20T05:46:59.871+0000] {processor.py:914} INFO - Processing file /home/airflow/.local/lib/python3.12/site-packages/airflow/example_dags/example_python_decorator.py for tasks to queue
[2024-12-20T05:46:59.875+0000] {logging_mixin.py:190} INFO - [2024-12-20T05:46:59.874+0000] {dagbag.py:588} INFO - Filling up the DagBag from /home/airflow/.local/lib/python3.12/site-packages/airflow/example_dags/example_python_decorator.py
[2024-12-20T05:46:59.899+0000] {processor.py:925} INFO - DAG(s) 'example_python_decorator' retrieved from /home/airflow/.local/lib/python3.12/site-packages/airflow/example_dags/example_python_decorator.py
[2024-12-20T05:46:59.930+0000] {logging_mixin.py:190} INFO - [2024-12-20T05:46:59.930+0000] {dag.py:3239} INFO - Sync 1 DAGs
[2024-12-20T05:46:59.952+0000] {logging_mixin.py:190} INFO - [2024-12-20T05:46:59.951+0000] {dag.py:4180} INFO - Setting next_dagrun for example_python_decorator to None, run_after=None
[2024-12-20T05:47:00.021+0000] {processor.py:208} INFO - Processing /home/airflow/.local/lib/python3.12/site-packages/airflow/example_dags/example_python_decorator.py took 0.158 seconds
[2024-12-20T05:47:30.690+0000] {processor.py:186} INFO - Started process (PID=14809) to work on /home/airflow/.local/lib/python3.12/site-packages/airflow/example_dags/example_python_decorator.py
[2024-12-20T05:47:30.692+0000] {processor.py:914} INFO - Processing file /home/airflow/.local/lib/python3.12/site-packages/airflow/example_dags/example_python_decorator.py for tasks to queue
[2024-12-20T05:47:30.697+0000] {logging_mixin.py:190} INFO - [2024-12-20T05:47:30.696+0000] {dagbag.py:588} INFO - Filling up the DagBag from /home/airflow/.local/lib/python3.12/site-packages/airflow/example_dags/example_python_decorator.py
[2024-12-20T05:47:30.727+0000] {processor.py:925} INFO - DAG(s) 'example_python_decorator' retrieved from /home/airflow/.local/lib/python3.12/site-packages/airflow/example_dags/example_python_decorator.py
[2024-12-20T05:47:30.758+0000] {logging_mixin.py:190} INFO - [2024-12-20T05:47:30.757+0000] {dag.py:3239} INFO - Sync 1 DAGs
[2024-12-20T05:47:30.782+0000] {logging_mixin.py:190} INFO - [2024-12-20T05:47:30.782+0000] {dag.py:4180} INFO - Setting next_dagrun for example_python_decorator to None, run_after=None
[2024-12-20T05:47:30.849+0000] {processor.py:208} INFO - Processing /home/airflow/.local/lib/python3.12/site-packages/airflow/example_dags/example_python_decorator.py took 0.175 seconds
[2024-12-20T05:48:27.228+0000] {processor.py:186} INFO - Started process (PID=14897) to work on /home/airflow/.local/lib/python3.12/site-packages/airflow/example_dags/example_python_decorator.py
[2024-12-20T05:48:27.235+0000] {processor.py:914} INFO - Processing file /home/airflow/.local/lib/python3.12/site-packages/airflow/example_dags/example_python_decorator.py for tasks to queue
[2024-12-20T05:48:27.256+0000] {logging_mixin.py:190} INFO - [2024-12-20T05:48:27.255+0000] {dagbag.py:588} INFO - Filling up the DagBag from /home/airflow/.local/lib/python3.12/site-packages/airflow/example_dags/example_python_decorator.py
[2024-12-20T05:48:27.455+0000] {processor.py:925} INFO - DAG(s) 'example_python_decorator' retrieved from /home/airflow/.local/lib/python3.12/site-packages/airflow/example_dags/example_python_decorator.py
[2024-12-20T05:48:27.678+0000] {logging_mixin.py:190} INFO - [2024-12-20T05:48:27.677+0000] {dag.py:3239} INFO - Sync 1 DAGs
[2024-12-20T05:48:27.865+0000] {logging_mixin.py:190} INFO - [2024-12-20T05:48:27.860+0000] {dag.py:4180} INFO - Setting next_dagrun for example_python_decorator to None, run_after=None
[2024-12-20T05:48:28.134+0000] {processor.py:208} INFO - Processing /home/airflow/.local/lib/python3.12/site-packages/airflow/example_dags/example_python_decorator.py took 0.988 seconds
