[2024-12-20T05:28:01.087+0000] {processor.py:186} INFO - Started process (PID=12467) to work on /home/airflow/.local/lib/python3.12/site-packages/airflow/example_dags/example_short_circuit_operator.py
[2024-12-20T05:28:01.112+0000] {processor.py:914} INFO - Processing file /home/airflow/.local/lib/python3.12/site-packages/airflow/example_dags/example_short_circuit_operator.py for tasks to queue
[2024-12-20T05:28:01.117+0000] {logging_mixin.py:190} INFO - [2024-12-20T05:28:01.116+0000] {dagbag.py:588} INFO - Filling up the DagBag from /home/airflow/.local/lib/python3.12/site-packages/airflow/example_dags/example_short_circuit_operator.py
[2024-12-20T05:28:01.164+0000] {processor.py:925} INFO - DAG(s) 'example_short_circuit_operator' retrieved from /home/airflow/.local/lib/python3.12/site-packages/airflow/example_dags/example_short_circuit_operator.py
[2024-12-20T05:28:01.251+0000] {logging_mixin.py:190} INFO - [2024-12-20T05:28:01.250+0000] {dag.py:3239} INFO - Sync 1 DAGs
[2024-12-20T05:28:01.312+0000] {logging_mixin.py:190} INFO - [2024-12-20T05:28:01.312+0000] {dag.py:4180} INFO - Setting next_dagrun for example_short_circuit_operator to None, run_after=None
[2024-12-20T05:28:01.489+0000] {processor.py:208} INFO - Processing /home/airflow/.local/lib/python3.12/site-packages/airflow/example_dags/example_short_circuit_operator.py took 0.425 seconds
[2024-12-20T05:28:54.027+0000] {processor.py:186} INFO - Started process (PID=12528) to work on /home/airflow/.local/lib/python3.12/site-packages/airflow/example_dags/example_short_circuit_operator.py
[2024-12-20T05:28:54.060+0000] {processor.py:914} INFO - Processing file /home/airflow/.local/lib/python3.12/site-packages/airflow/example_dags/example_short_circuit_operator.py for tasks to queue
[2024-12-20T05:28:54.095+0000] {logging_mixin.py:190} INFO - [2024-12-20T05:28:54.094+0000] {dagbag.py:588} INFO - Filling up the DagBag from /home/airflow/.local/lib/python3.12/site-packages/airflow/example_dags/example_short_circuit_operator.py
[2024-12-20T05:28:54.308+0000] {processor.py:925} INFO - DAG(s) 'example_short_circuit_operator' retrieved from /home/airflow/.local/lib/python3.12/site-packages/airflow/example_dags/example_short_circuit_operator.py
[2024-12-20T05:28:54.488+0000] {logging_mixin.py:190} INFO - [2024-12-20T05:28:54.487+0000] {dag.py:3239} INFO - Sync 1 DAGs
[2024-12-20T05:28:54.611+0000] {logging_mixin.py:190} INFO - [2024-12-20T05:28:54.610+0000] {dag.py:4180} INFO - Setting next_dagrun for example_short_circuit_operator to None, run_after=None
[2024-12-20T05:28:54.756+0000] {processor.py:208} INFO - Processing /home/airflow/.local/lib/python3.12/site-packages/airflow/example_dags/example_short_circuit_operator.py took 0.843 seconds
[2024-12-20T05:29:26.145+0000] {processor.py:186} INFO - Started process (PID=12592) to work on /home/airflow/.local/lib/python3.12/site-packages/airflow/example_dags/example_short_circuit_operator.py
[2024-12-20T05:29:26.149+0000] {processor.py:914} INFO - Processing file /home/airflow/.local/lib/python3.12/site-packages/airflow/example_dags/example_short_circuit_operator.py for tasks to queue
[2024-12-20T05:29:26.161+0000] {logging_mixin.py:190} INFO - [2024-12-20T05:29:26.159+0000] {dagbag.py:588} INFO - Filling up the DagBag from /home/airflow/.local/lib/python3.12/site-packages/airflow/example_dags/example_short_circuit_operator.py
[2024-12-20T05:29:26.225+0000] {processor.py:925} INFO - DAG(s) 'example_short_circuit_operator' retrieved from /home/airflow/.local/lib/python3.12/site-packages/airflow/example_dags/example_short_circuit_operator.py
[2024-12-20T05:29:26.343+0000] {logging_mixin.py:190} INFO - [2024-12-20T05:29:26.342+0000] {dag.py:3239} INFO - Sync 1 DAGs
[2024-12-20T05:29:26.455+0000] {logging_mixin.py:190} INFO - [2024-12-20T05:29:26.454+0000] {dag.py:4180} INFO - Setting next_dagrun for example_short_circuit_operator to None, run_after=None
[2024-12-20T05:29:26.571+0000] {processor.py:208} INFO - Processing /home/airflow/.local/lib/python3.12/site-packages/airflow/example_dags/example_short_circuit_operator.py took 0.473 seconds
[2024-12-20T05:29:57.510+0000] {processor.py:186} INFO - Started process (PID=12657) to work on /home/airflow/.local/lib/python3.12/site-packages/airflow/example_dags/example_short_circuit_operator.py
[2024-12-20T05:29:57.513+0000] {processor.py:914} INFO - Processing file /home/airflow/.local/lib/python3.12/site-packages/airflow/example_dags/example_short_circuit_operator.py for tasks to queue
[2024-12-20T05:29:57.521+0000] {logging_mixin.py:190} INFO - [2024-12-20T05:29:57.519+0000] {dagbag.py:588} INFO - Filling up the DagBag from /home/airflow/.local/lib/python3.12/site-packages/airflow/example_dags/example_short_circuit_operator.py
[2024-12-20T05:29:57.564+0000] {processor.py:925} INFO - DAG(s) 'example_short_circuit_operator' retrieved from /home/airflow/.local/lib/python3.12/site-packages/airflow/example_dags/example_short_circuit_operator.py
[2024-12-20T05:29:57.629+0000] {logging_mixin.py:190} INFO - [2024-12-20T05:29:57.628+0000] {dag.py:3239} INFO - Sync 1 DAGs
[2024-12-20T05:29:57.680+0000] {logging_mixin.py:190} INFO - [2024-12-20T05:29:57.680+0000] {dag.py:4180} INFO - Setting next_dagrun for example_short_circuit_operator to None, run_after=None
[2024-12-20T05:29:57.747+0000] {processor.py:208} INFO - Processing /home/airflow/.local/lib/python3.12/site-packages/airflow/example_dags/example_short_circuit_operator.py took 0.265 seconds
[2024-12-20T05:30:28.254+0000] {processor.py:186} INFO - Started process (PID=12723) to work on /home/airflow/.local/lib/python3.12/site-packages/airflow/example_dags/example_short_circuit_operator.py
[2024-12-20T05:30:28.256+0000] {processor.py:914} INFO - Processing file /home/airflow/.local/lib/python3.12/site-packages/airflow/example_dags/example_short_circuit_operator.py for tasks to queue
[2024-12-20T05:30:28.262+0000] {logging_mixin.py:190} INFO - [2024-12-20T05:30:28.261+0000] {dagbag.py:588} INFO - Filling up the DagBag from /home/airflow/.local/lib/python3.12/site-packages/airflow/example_dags/example_short_circuit_operator.py
[2024-12-20T05:30:28.285+0000] {processor.py:925} INFO - DAG(s) 'example_short_circuit_operator' retrieved from /home/airflow/.local/lib/python3.12/site-packages/airflow/example_dags/example_short_circuit_operator.py
[2024-12-20T05:30:28.352+0000] {logging_mixin.py:190} INFO - [2024-12-20T05:30:28.352+0000] {dag.py:3239} INFO - Sync 1 DAGs
[2024-12-20T05:30:28.377+0000] {logging_mixin.py:190} INFO - [2024-12-20T05:30:28.377+0000] {dag.py:4180} INFO - Setting next_dagrun for example_short_circuit_operator to None, run_after=None
[2024-12-20T05:30:28.446+0000] {processor.py:208} INFO - Processing /home/airflow/.local/lib/python3.12/site-packages/airflow/example_dags/example_short_circuit_operator.py took 0.210 seconds
[2024-12-20T05:30:59.628+0000] {processor.py:186} INFO - Started process (PID=12787) to work on /home/airflow/.local/lib/python3.12/site-packages/airflow/example_dags/example_short_circuit_operator.py
[2024-12-20T05:30:59.631+0000] {processor.py:914} INFO - Processing file /home/airflow/.local/lib/python3.12/site-packages/airflow/example_dags/example_short_circuit_operator.py for tasks to queue
[2024-12-20T05:30:59.636+0000] {logging_mixin.py:190} INFO - [2024-12-20T05:30:59.636+0000] {dagbag.py:588} INFO - Filling up the DagBag from /home/airflow/.local/lib/python3.12/site-packages/airflow/example_dags/example_short_circuit_operator.py
[2024-12-20T05:30:59.659+0000] {processor.py:925} INFO - DAG(s) 'example_short_circuit_operator' retrieved from /home/airflow/.local/lib/python3.12/site-packages/airflow/example_dags/example_short_circuit_operator.py
[2024-12-20T05:30:59.722+0000] {logging_mixin.py:190} INFO - [2024-12-20T05:30:59.721+0000] {dag.py:3239} INFO - Sync 1 DAGs
[2024-12-20T05:30:59.768+0000] {logging_mixin.py:190} INFO - [2024-12-20T05:30:59.768+0000] {dag.py:4180} INFO - Setting next_dagrun for example_short_circuit_operator to None, run_after=None
[2024-12-20T05:30:59.821+0000] {processor.py:208} INFO - Processing /home/airflow/.local/lib/python3.12/site-packages/airflow/example_dags/example_short_circuit_operator.py took 0.207 seconds
[2024-12-20T05:31:32.809+0000] {processor.py:186} INFO - Started process (PID=12850) to work on /home/airflow/.local/lib/python3.12/site-packages/airflow/example_dags/example_short_circuit_operator.py
[2024-12-20T05:31:32.812+0000] {processor.py:914} INFO - Processing file /home/airflow/.local/lib/python3.12/site-packages/airflow/example_dags/example_short_circuit_operator.py for tasks to queue
[2024-12-20T05:31:32.820+0000] {logging_mixin.py:190} INFO - [2024-12-20T05:31:32.819+0000] {dagbag.py:588} INFO - Filling up the DagBag from /home/airflow/.local/lib/python3.12/site-packages/airflow/example_dags/example_short_circuit_operator.py
[2024-12-20T05:31:32.842+0000] {processor.py:925} INFO - DAG(s) 'example_short_circuit_operator' retrieved from /home/airflow/.local/lib/python3.12/site-packages/airflow/example_dags/example_short_circuit_operator.py
[2024-12-20T05:31:32.914+0000] {logging_mixin.py:190} INFO - [2024-12-20T05:31:32.913+0000] {dag.py:3239} INFO - Sync 1 DAGs
[2024-12-20T05:31:32.969+0000] {logging_mixin.py:190} INFO - [2024-12-20T05:31:32.968+0000] {dag.py:4180} INFO - Setting next_dagrun for example_short_circuit_operator to None, run_after=None
[2024-12-20T05:31:33.082+0000] {processor.py:208} INFO - Processing /home/airflow/.local/lib/python3.12/site-packages/airflow/example_dags/example_short_circuit_operator.py took 0.289 seconds
[2024-12-20T05:32:03.640+0000] {processor.py:186} INFO - Started process (PID=12915) to work on /home/airflow/.local/lib/python3.12/site-packages/airflow/example_dags/example_short_circuit_operator.py
[2024-12-20T05:32:03.642+0000] {processor.py:914} INFO - Processing file /home/airflow/.local/lib/python3.12/site-packages/airflow/example_dags/example_short_circuit_operator.py for tasks to queue
[2024-12-20T05:32:03.647+0000] {logging_mixin.py:190} INFO - [2024-12-20T05:32:03.646+0000] {dagbag.py:588} INFO - Filling up the DagBag from /home/airflow/.local/lib/python3.12/site-packages/airflow/example_dags/example_short_circuit_operator.py
[2024-12-20T05:32:03.665+0000] {processor.py:925} INFO - DAG(s) 'example_short_circuit_operator' retrieved from /home/airflow/.local/lib/python3.12/site-packages/airflow/example_dags/example_short_circuit_operator.py
[2024-12-20T05:32:03.710+0000] {logging_mixin.py:190} INFO - [2024-12-20T05:32:03.709+0000] {dag.py:3239} INFO - Sync 1 DAGs
[2024-12-20T05:32:03.742+0000] {logging_mixin.py:190} INFO - [2024-12-20T05:32:03.742+0000] {dag.py:4180} INFO - Setting next_dagrun for example_short_circuit_operator to None, run_after=None
[2024-12-20T05:32:03.779+0000] {processor.py:208} INFO - Processing /home/airflow/.local/lib/python3.12/site-packages/airflow/example_dags/example_short_circuit_operator.py took 0.151 seconds
[2024-12-20T05:32:36.180+0000] {processor.py:186} INFO - Started process (PID=12980) to work on /home/airflow/.local/lib/python3.12/site-packages/airflow/example_dags/example_short_circuit_operator.py
[2024-12-20T05:32:36.184+0000] {processor.py:914} INFO - Processing file /home/airflow/.local/lib/python3.12/site-packages/airflow/example_dags/example_short_circuit_operator.py for tasks to queue
[2024-12-20T05:32:36.201+0000] {logging_mixin.py:190} INFO - [2024-12-20T05:32:36.199+0000] {dagbag.py:588} INFO - Filling up the DagBag from /home/airflow/.local/lib/python3.12/site-packages/airflow/example_dags/example_short_circuit_operator.py
[2024-12-20T05:32:36.242+0000] {processor.py:925} INFO - DAG(s) 'example_short_circuit_operator' retrieved from /home/airflow/.local/lib/python3.12/site-packages/airflow/example_dags/example_short_circuit_operator.py
[2024-12-20T05:32:36.343+0000] {logging_mixin.py:190} INFO - [2024-12-20T05:32:36.342+0000] {dag.py:3239} INFO - Sync 1 DAGs
[2024-12-20T05:32:36.437+0000] {logging_mixin.py:190} INFO - [2024-12-20T05:32:36.436+0000] {dag.py:4180} INFO - Setting next_dagrun for example_short_circuit_operator to None, run_after=None
[2024-12-20T05:32:36.531+0000] {processor.py:208} INFO - Processing /home/airflow/.local/lib/python3.12/site-packages/airflow/example_dags/example_short_circuit_operator.py took 0.375 seconds
[2024-12-20T05:33:08.139+0000] {processor.py:186} INFO - Started process (PID=13044) to work on /home/airflow/.local/lib/python3.12/site-packages/airflow/example_dags/example_short_circuit_operator.py
[2024-12-20T05:33:08.142+0000] {processor.py:914} INFO - Processing file /home/airflow/.local/lib/python3.12/site-packages/airflow/example_dags/example_short_circuit_operator.py for tasks to queue
[2024-12-20T05:33:08.150+0000] {logging_mixin.py:190} INFO - [2024-12-20T05:33:08.149+0000] {dagbag.py:588} INFO - Filling up the DagBag from /home/airflow/.local/lib/python3.12/site-packages/airflow/example_dags/example_short_circuit_operator.py
[2024-12-20T05:33:08.181+0000] {processor.py:925} INFO - DAG(s) 'example_short_circuit_operator' retrieved from /home/airflow/.local/lib/python3.12/site-packages/airflow/example_dags/example_short_circuit_operator.py
[2024-12-20T05:33:08.249+0000] {logging_mixin.py:190} INFO - [2024-12-20T05:33:08.248+0000] {dag.py:3239} INFO - Sync 1 DAGs
[2024-12-20T05:33:08.285+0000] {logging_mixin.py:190} INFO - [2024-12-20T05:33:08.285+0000] {dag.py:4180} INFO - Setting next_dagrun for example_short_circuit_operator to None, run_after=None
[2024-12-20T05:33:08.368+0000] {processor.py:208} INFO - Processing /home/airflow/.local/lib/python3.12/site-packages/airflow/example_dags/example_short_circuit_operator.py took 0.249 seconds
[2024-12-20T05:33:39.702+0000] {processor.py:186} INFO - Started process (PID=13109) to work on /home/airflow/.local/lib/python3.12/site-packages/airflow/example_dags/example_short_circuit_operator.py
[2024-12-20T05:33:39.704+0000] {processor.py:914} INFO - Processing file /home/airflow/.local/lib/python3.12/site-packages/airflow/example_dags/example_short_circuit_operator.py for tasks to queue
[2024-12-20T05:33:39.709+0000] {logging_mixin.py:190} INFO - [2024-12-20T05:33:39.708+0000] {dagbag.py:588} INFO - Filling up the DagBag from /home/airflow/.local/lib/python3.12/site-packages/airflow/example_dags/example_short_circuit_operator.py
[2024-12-20T05:33:39.730+0000] {processor.py:925} INFO - DAG(s) 'example_short_circuit_operator' retrieved from /home/airflow/.local/lib/python3.12/site-packages/airflow/example_dags/example_short_circuit_operator.py
[2024-12-20T05:33:39.778+0000] {logging_mixin.py:190} INFO - [2024-12-20T05:33:39.777+0000] {dag.py:3239} INFO - Sync 1 DAGs
[2024-12-20T05:33:39.811+0000] {logging_mixin.py:190} INFO - [2024-12-20T05:33:39.810+0000] {dag.py:4180} INFO - Setting next_dagrun for example_short_circuit_operator to None, run_after=None
[2024-12-20T05:33:39.889+0000] {processor.py:208} INFO - Processing /home/airflow/.local/lib/python3.12/site-packages/airflow/example_dags/example_short_circuit_operator.py took 0.200 seconds
[2024-12-20T05:34:12.741+0000] {processor.py:186} INFO - Started process (PID=13158) to work on /home/airflow/.local/lib/python3.12/site-packages/airflow/example_dags/example_short_circuit_operator.py
[2024-12-20T05:34:12.752+0000] {processor.py:914} INFO - Processing file /home/airflow/.local/lib/python3.12/site-packages/airflow/example_dags/example_short_circuit_operator.py for tasks to queue
[2024-12-20T05:34:12.765+0000] {logging_mixin.py:190} INFO - [2024-12-20T05:34:12.762+0000] {dagbag.py:588} INFO - Filling up the DagBag from /home/airflow/.local/lib/python3.12/site-packages/airflow/example_dags/example_short_circuit_operator.py
[2024-12-20T05:34:12.811+0000] {processor.py:925} INFO - DAG(s) 'example_short_circuit_operator' retrieved from /home/airflow/.local/lib/python3.12/site-packages/airflow/example_dags/example_short_circuit_operator.py
[2024-12-20T05:34:12.922+0000] {logging_mixin.py:190} INFO - [2024-12-20T05:34:12.920+0000] {dag.py:3239} INFO - Sync 1 DAGs
[2024-12-20T05:34:13.022+0000] {logging_mixin.py:190} INFO - [2024-12-20T05:34:13.021+0000] {dag.py:4180} INFO - Setting next_dagrun for example_short_circuit_operator to None, run_after=None
[2024-12-20T05:34:13.095+0000] {processor.py:208} INFO - Processing /home/airflow/.local/lib/python3.12/site-packages/airflow/example_dags/example_short_circuit_operator.py took 0.382 seconds
[2024-12-20T05:34:44.524+0000] {processor.py:186} INFO - Started process (PID=13223) to work on /home/airflow/.local/lib/python3.12/site-packages/airflow/example_dags/example_short_circuit_operator.py
[2024-12-20T05:34:44.526+0000] {processor.py:914} INFO - Processing file /home/airflow/.local/lib/python3.12/site-packages/airflow/example_dags/example_short_circuit_operator.py for tasks to queue
[2024-12-20T05:34:44.531+0000] {logging_mixin.py:190} INFO - [2024-12-20T05:34:44.531+0000] {dagbag.py:588} INFO - Filling up the DagBag from /home/airflow/.local/lib/python3.12/site-packages/airflow/example_dags/example_short_circuit_operator.py
[2024-12-20T05:34:44.557+0000] {processor.py:925} INFO - DAG(s) 'example_short_circuit_operator' retrieved from /home/airflow/.local/lib/python3.12/site-packages/airflow/example_dags/example_short_circuit_operator.py
[2024-12-20T05:34:44.610+0000] {logging_mixin.py:190} INFO - [2024-12-20T05:34:44.609+0000] {dag.py:3239} INFO - Sync 1 DAGs
[2024-12-20T05:34:44.654+0000] {logging_mixin.py:190} INFO - [2024-12-20T05:34:44.653+0000] {dag.py:4180} INFO - Setting next_dagrun for example_short_circuit_operator to None, run_after=None
[2024-12-20T05:34:44.704+0000] {processor.py:208} INFO - Processing /home/airflow/.local/lib/python3.12/site-packages/airflow/example_dags/example_short_circuit_operator.py took 0.192 seconds
[2024-12-20T05:35:15.770+0000] {processor.py:186} INFO - Started process (PID=13283) to work on /home/airflow/.local/lib/python3.12/site-packages/airflow/example_dags/example_short_circuit_operator.py
[2024-12-20T05:35:15.775+0000] {processor.py:914} INFO - Processing file /home/airflow/.local/lib/python3.12/site-packages/airflow/example_dags/example_short_circuit_operator.py for tasks to queue
[2024-12-20T05:35:15.785+0000] {logging_mixin.py:190} INFO - [2024-12-20T05:35:15.784+0000] {dagbag.py:588} INFO - Filling up the DagBag from /home/airflow/.local/lib/python3.12/site-packages/airflow/example_dags/example_short_circuit_operator.py
[2024-12-20T05:35:15.830+0000] {processor.py:925} INFO - DAG(s) 'example_short_circuit_operator' retrieved from /home/airflow/.local/lib/python3.12/site-packages/airflow/example_dags/example_short_circuit_operator.py
[2024-12-20T05:35:15.956+0000] {logging_mixin.py:190} INFO - [2024-12-20T05:35:15.955+0000] {dag.py:3239} INFO - Sync 1 DAGs
[2024-12-20T05:35:16.032+0000] {logging_mixin.py:190} INFO - [2024-12-20T05:35:16.031+0000] {dag.py:4180} INFO - Setting next_dagrun for example_short_circuit_operator to None, run_after=None
[2024-12-20T05:35:16.119+0000] {processor.py:208} INFO - Processing /home/airflow/.local/lib/python3.12/site-packages/airflow/example_dags/example_short_circuit_operator.py took 0.375 seconds
[2024-12-20T05:35:48.709+0000] {processor.py:186} INFO - Started process (PID=13348) to work on /home/airflow/.local/lib/python3.12/site-packages/airflow/example_dags/example_short_circuit_operator.py
[2024-12-20T05:35:48.713+0000] {processor.py:914} INFO - Processing file /home/airflow/.local/lib/python3.12/site-packages/airflow/example_dags/example_short_circuit_operator.py for tasks to queue
[2024-12-20T05:35:48.720+0000] {logging_mixin.py:190} INFO - [2024-12-20T05:35:48.719+0000] {dagbag.py:588} INFO - Filling up the DagBag from /home/airflow/.local/lib/python3.12/site-packages/airflow/example_dags/example_short_circuit_operator.py
[2024-12-20T05:35:48.757+0000] {processor.py:925} INFO - DAG(s) 'example_short_circuit_operator' retrieved from /home/airflow/.local/lib/python3.12/site-packages/airflow/example_dags/example_short_circuit_operator.py
[2024-12-20T05:35:48.816+0000] {logging_mixin.py:190} INFO - [2024-12-20T05:35:48.815+0000] {dag.py:3239} INFO - Sync 1 DAGs
[2024-12-20T05:35:48.881+0000] {logging_mixin.py:190} INFO - [2024-12-20T05:35:48.881+0000] {dag.py:4180} INFO - Setting next_dagrun for example_short_circuit_operator to None, run_after=None
[2024-12-20T05:35:48.952+0000] {processor.py:208} INFO - Processing /home/airflow/.local/lib/python3.12/site-packages/airflow/example_dags/example_short_circuit_operator.py took 0.262 seconds
[2024-12-20T05:36:21.590+0000] {processor.py:186} INFO - Started process (PID=13412) to work on /home/airflow/.local/lib/python3.12/site-packages/airflow/example_dags/example_short_circuit_operator.py
[2024-12-20T05:36:21.593+0000] {processor.py:914} INFO - Processing file /home/airflow/.local/lib/python3.12/site-packages/airflow/example_dags/example_short_circuit_operator.py for tasks to queue
[2024-12-20T05:36:21.600+0000] {logging_mixin.py:190} INFO - [2024-12-20T05:36:21.599+0000] {dagbag.py:588} INFO - Filling up the DagBag from /home/airflow/.local/lib/python3.12/site-packages/airflow/example_dags/example_short_circuit_operator.py
[2024-12-20T05:36:21.628+0000] {processor.py:925} INFO - DAG(s) 'example_short_circuit_operator' retrieved from /home/airflow/.local/lib/python3.12/site-packages/airflow/example_dags/example_short_circuit_operator.py
[2024-12-20T05:36:21.697+0000] {logging_mixin.py:190} INFO - [2024-12-20T05:36:21.696+0000] {dag.py:3239} INFO - Sync 1 DAGs
[2024-12-20T05:36:21.747+0000] {logging_mixin.py:190} INFO - [2024-12-20T05:36:21.747+0000] {dag.py:4180} INFO - Setting next_dagrun for example_short_circuit_operator to None, run_after=None
[2024-12-20T05:36:21.836+0000] {processor.py:208} INFO - Processing /home/airflow/.local/lib/python3.12/site-packages/airflow/example_dags/example_short_circuit_operator.py took 0.268 seconds
[2024-12-20T05:36:52.384+0000] {processor.py:186} INFO - Started process (PID=13477) to work on /home/airflow/.local/lib/python3.12/site-packages/airflow/example_dags/example_short_circuit_operator.py
[2024-12-20T05:36:52.388+0000] {processor.py:914} INFO - Processing file /home/airflow/.local/lib/python3.12/site-packages/airflow/example_dags/example_short_circuit_operator.py for tasks to queue
[2024-12-20T05:36:52.398+0000] {logging_mixin.py:190} INFO - [2024-12-20T05:36:52.396+0000] {dagbag.py:588} INFO - Filling up the DagBag from /home/airflow/.local/lib/python3.12/site-packages/airflow/example_dags/example_short_circuit_operator.py
[2024-12-20T05:36:52.428+0000] {processor.py:925} INFO - DAG(s) 'example_short_circuit_operator' retrieved from /home/airflow/.local/lib/python3.12/site-packages/airflow/example_dags/example_short_circuit_operator.py
[2024-12-20T05:36:52.500+0000] {logging_mixin.py:190} INFO - [2024-12-20T05:36:52.500+0000] {dag.py:3239} INFO - Sync 1 DAGs
[2024-12-20T05:36:52.559+0000] {logging_mixin.py:190} INFO - [2024-12-20T05:36:52.558+0000] {dag.py:4180} INFO - Setting next_dagrun for example_short_circuit_operator to None, run_after=None
[2024-12-20T05:36:52.654+0000] {processor.py:208} INFO - Processing /home/airflow/.local/lib/python3.12/site-packages/airflow/example_dags/example_short_circuit_operator.py took 0.290 seconds
[2024-12-20T05:37:23.657+0000] {processor.py:186} INFO - Started process (PID=13542) to work on /home/airflow/.local/lib/python3.12/site-packages/airflow/example_dags/example_short_circuit_operator.py
[2024-12-20T05:37:23.660+0000] {processor.py:914} INFO - Processing file /home/airflow/.local/lib/python3.12/site-packages/airflow/example_dags/example_short_circuit_operator.py for tasks to queue
[2024-12-20T05:37:23.671+0000] {logging_mixin.py:190} INFO - [2024-12-20T05:37:23.669+0000] {dagbag.py:588} INFO - Filling up the DagBag from /home/airflow/.local/lib/python3.12/site-packages/airflow/example_dags/example_short_circuit_operator.py
[2024-12-20T05:37:23.701+0000] {processor.py:925} INFO - DAG(s) 'example_short_circuit_operator' retrieved from /home/airflow/.local/lib/python3.12/site-packages/airflow/example_dags/example_short_circuit_operator.py
[2024-12-20T05:37:23.780+0000] {logging_mixin.py:190} INFO - [2024-12-20T05:37:23.779+0000] {dag.py:3239} INFO - Sync 1 DAGs
[2024-12-20T05:37:23.831+0000] {logging_mixin.py:190} INFO - [2024-12-20T05:37:23.830+0000] {dag.py:4180} INFO - Setting next_dagrun for example_short_circuit_operator to None, run_after=None
[2024-12-20T05:37:23.937+0000] {processor.py:208} INFO - Processing /home/airflow/.local/lib/python3.12/site-packages/airflow/example_dags/example_short_circuit_operator.py took 0.322 seconds
[2024-12-20T05:37:54.166+0000] {processor.py:186} INFO - Started process (PID=13607) to work on /home/airflow/.local/lib/python3.12/site-packages/airflow/example_dags/example_short_circuit_operator.py
[2024-12-20T05:37:54.168+0000] {processor.py:914} INFO - Processing file /home/airflow/.local/lib/python3.12/site-packages/airflow/example_dags/example_short_circuit_operator.py for tasks to queue
[2024-12-20T05:37:54.174+0000] {logging_mixin.py:190} INFO - [2024-12-20T05:37:54.173+0000] {dagbag.py:588} INFO - Filling up the DagBag from /home/airflow/.local/lib/python3.12/site-packages/airflow/example_dags/example_short_circuit_operator.py
[2024-12-20T05:37:54.193+0000] {processor.py:925} INFO - DAG(s) 'example_short_circuit_operator' retrieved from /home/airflow/.local/lib/python3.12/site-packages/airflow/example_dags/example_short_circuit_operator.py
[2024-12-20T05:37:54.240+0000] {logging_mixin.py:190} INFO - [2024-12-20T05:37:54.239+0000] {dag.py:3239} INFO - Sync 1 DAGs
[2024-12-20T05:37:54.270+0000] {logging_mixin.py:190} INFO - [2024-12-20T05:37:54.269+0000] {dag.py:4180} INFO - Setting next_dagrun for example_short_circuit_operator to None, run_after=None
[2024-12-20T05:37:54.326+0000] {processor.py:208} INFO - Processing /home/airflow/.local/lib/python3.12/site-packages/airflow/example_dags/example_short_circuit_operator.py took 0.171 seconds
[2024-12-20T05:38:24.415+0000] {processor.py:186} INFO - Started process (PID=13671) to work on /home/airflow/.local/lib/python3.12/site-packages/airflow/example_dags/example_short_circuit_operator.py
[2024-12-20T05:38:24.417+0000] {processor.py:914} INFO - Processing file /home/airflow/.local/lib/python3.12/site-packages/airflow/example_dags/example_short_circuit_operator.py for tasks to queue
[2024-12-20T05:38:24.424+0000] {logging_mixin.py:190} INFO - [2024-12-20T05:38:24.423+0000] {dagbag.py:588} INFO - Filling up the DagBag from /home/airflow/.local/lib/python3.12/site-packages/airflow/example_dags/example_short_circuit_operator.py
[2024-12-20T05:38:24.447+0000] {processor.py:925} INFO - DAG(s) 'example_short_circuit_operator' retrieved from /home/airflow/.local/lib/python3.12/site-packages/airflow/example_dags/example_short_circuit_operator.py
[2024-12-20T05:38:24.513+0000] {logging_mixin.py:190} INFO - [2024-12-20T05:38:24.512+0000] {dag.py:3239} INFO - Sync 1 DAGs
[2024-12-20T05:38:24.556+0000] {logging_mixin.py:190} INFO - [2024-12-20T05:38:24.556+0000] {dag.py:4180} INFO - Setting next_dagrun for example_short_circuit_operator to None, run_after=None
[2024-12-20T05:38:24.619+0000] {processor.py:208} INFO - Processing /home/airflow/.local/lib/python3.12/site-packages/airflow/example_dags/example_short_circuit_operator.py took 0.219 seconds
[2024-12-20T05:38:55.102+0000] {processor.py:186} INFO - Started process (PID=13736) to work on /home/airflow/.local/lib/python3.12/site-packages/airflow/example_dags/example_short_circuit_operator.py
[2024-12-20T05:38:55.104+0000] {processor.py:914} INFO - Processing file /home/airflow/.local/lib/python3.12/site-packages/airflow/example_dags/example_short_circuit_operator.py for tasks to queue
[2024-12-20T05:38:55.110+0000] {logging_mixin.py:190} INFO - [2024-12-20T05:38:55.109+0000] {dagbag.py:588} INFO - Filling up the DagBag from /home/airflow/.local/lib/python3.12/site-packages/airflow/example_dags/example_short_circuit_operator.py
[2024-12-20T05:38:55.136+0000] {processor.py:925} INFO - DAG(s) 'example_short_circuit_operator' retrieved from /home/airflow/.local/lib/python3.12/site-packages/airflow/example_dags/example_short_circuit_operator.py
[2024-12-20T05:38:55.190+0000] {logging_mixin.py:190} INFO - [2024-12-20T05:38:55.190+0000] {dag.py:3239} INFO - Sync 1 DAGs
[2024-12-20T05:38:55.226+0000] {logging_mixin.py:190} INFO - [2024-12-20T05:38:55.225+0000] {dag.py:4180} INFO - Setting next_dagrun for example_short_circuit_operator to None, run_after=None
[2024-12-20T05:38:55.309+0000] {processor.py:208} INFO - Processing /home/airflow/.local/lib/python3.12/site-packages/airflow/example_dags/example_short_circuit_operator.py took 0.224 seconds
[2024-12-20T05:39:26.162+0000] {processor.py:186} INFO - Started process (PID=13801) to work on /home/airflow/.local/lib/python3.12/site-packages/airflow/example_dags/example_short_circuit_operator.py
[2024-12-20T05:39:26.164+0000] {processor.py:914} INFO - Processing file /home/airflow/.local/lib/python3.12/site-packages/airflow/example_dags/example_short_circuit_operator.py for tasks to queue
[2024-12-20T05:39:26.171+0000] {logging_mixin.py:190} INFO - [2024-12-20T05:39:26.170+0000] {dagbag.py:588} INFO - Filling up the DagBag from /home/airflow/.local/lib/python3.12/site-packages/airflow/example_dags/example_short_circuit_operator.py
[2024-12-20T05:39:26.196+0000] {processor.py:925} INFO - DAG(s) 'example_short_circuit_operator' retrieved from /home/airflow/.local/lib/python3.12/site-packages/airflow/example_dags/example_short_circuit_operator.py
[2024-12-20T05:39:26.255+0000] {logging_mixin.py:190} INFO - [2024-12-20T05:39:26.255+0000] {dag.py:3239} INFO - Sync 1 DAGs
[2024-12-20T05:39:26.292+0000] {logging_mixin.py:190} INFO - [2024-12-20T05:39:26.292+0000] {dag.py:4180} INFO - Setting next_dagrun for example_short_circuit_operator to None, run_after=None
[2024-12-20T05:39:26.361+0000] {processor.py:208} INFO - Processing /home/airflow/.local/lib/python3.12/site-packages/airflow/example_dags/example_short_circuit_operator.py took 0.216 seconds
[2024-12-20T05:39:57.319+0000] {processor.py:186} INFO - Started process (PID=13863) to work on /home/airflow/.local/lib/python3.12/site-packages/airflow/example_dags/example_short_circuit_operator.py
[2024-12-20T05:39:57.322+0000] {processor.py:914} INFO - Processing file /home/airflow/.local/lib/python3.12/site-packages/airflow/example_dags/example_short_circuit_operator.py for tasks to queue
[2024-12-20T05:39:57.334+0000] {logging_mixin.py:190} INFO - [2024-12-20T05:39:57.333+0000] {dagbag.py:588} INFO - Filling up the DagBag from /home/airflow/.local/lib/python3.12/site-packages/airflow/example_dags/example_short_circuit_operator.py
[2024-12-20T05:39:57.371+0000] {processor.py:925} INFO - DAG(s) 'example_short_circuit_operator' retrieved from /home/airflow/.local/lib/python3.12/site-packages/airflow/example_dags/example_short_circuit_operator.py
[2024-12-20T05:39:57.447+0000] {logging_mixin.py:190} INFO - [2024-12-20T05:39:57.446+0000] {dag.py:3239} INFO - Sync 1 DAGs
[2024-12-20T05:39:57.495+0000] {logging_mixin.py:190} INFO - [2024-12-20T05:39:57.494+0000] {dag.py:4180} INFO - Setting next_dagrun for example_short_circuit_operator to None, run_after=None
[2024-12-20T05:39:57.584+0000] {processor.py:208} INFO - Processing /home/airflow/.local/lib/python3.12/site-packages/airflow/example_dags/example_short_circuit_operator.py took 0.291 seconds
[2024-12-20T05:40:28.114+0000] {processor.py:186} INFO - Started process (PID=13925) to work on /home/airflow/.local/lib/python3.12/site-packages/airflow/example_dags/example_short_circuit_operator.py
[2024-12-20T05:40:28.117+0000] {processor.py:914} INFO - Processing file /home/airflow/.local/lib/python3.12/site-packages/airflow/example_dags/example_short_circuit_operator.py for tasks to queue
[2024-12-20T05:40:28.124+0000] {logging_mixin.py:190} INFO - [2024-12-20T05:40:28.123+0000] {dagbag.py:588} INFO - Filling up the DagBag from /home/airflow/.local/lib/python3.12/site-packages/airflow/example_dags/example_short_circuit_operator.py
[2024-12-20T05:40:28.149+0000] {processor.py:925} INFO - DAG(s) 'example_short_circuit_operator' retrieved from /home/airflow/.local/lib/python3.12/site-packages/airflow/example_dags/example_short_circuit_operator.py
[2024-12-20T05:40:28.224+0000] {logging_mixin.py:190} INFO - [2024-12-20T05:40:28.224+0000] {dag.py:3239} INFO - Sync 1 DAGs
[2024-12-20T05:40:28.278+0000] {logging_mixin.py:190} INFO - [2024-12-20T05:40:28.278+0000] {dag.py:4180} INFO - Setting next_dagrun for example_short_circuit_operator to None, run_after=None
[2024-12-20T05:40:28.338+0000] {processor.py:208} INFO - Processing /home/airflow/.local/lib/python3.12/site-packages/airflow/example_dags/example_short_circuit_operator.py took 0.244 seconds
[2024-12-20T05:41:00.641+0000] {processor.py:186} INFO - Started process (PID=13984) to work on /home/airflow/.local/lib/python3.12/site-packages/airflow/example_dags/example_short_circuit_operator.py
[2024-12-20T05:41:00.651+0000] {processor.py:914} INFO - Processing file /home/airflow/.local/lib/python3.12/site-packages/airflow/example_dags/example_short_circuit_operator.py for tasks to queue
[2024-12-20T05:41:00.670+0000] {logging_mixin.py:190} INFO - [2024-12-20T05:41:00.669+0000] {dagbag.py:588} INFO - Filling up the DagBag from /home/airflow/.local/lib/python3.12/site-packages/airflow/example_dags/example_short_circuit_operator.py
[2024-12-20T05:41:00.728+0000] {processor.py:925} INFO - DAG(s) 'example_short_circuit_operator' retrieved from /home/airflow/.local/lib/python3.12/site-packages/airflow/example_dags/example_short_circuit_operator.py
[2024-12-20T05:41:00.895+0000] {logging_mixin.py:190} INFO - [2024-12-20T05:41:00.894+0000] {dag.py:3239} INFO - Sync 1 DAGs
[2024-12-20T05:41:00.966+0000] {logging_mixin.py:190} INFO - [2024-12-20T05:41:00.965+0000] {dag.py:4180} INFO - Setting next_dagrun for example_short_circuit_operator to None, run_after=None
[2024-12-20T05:41:01.069+0000] {processor.py:208} INFO - Processing /home/airflow/.local/lib/python3.12/site-packages/airflow/example_dags/example_short_circuit_operator.py took 0.473 seconds
[2024-12-20T05:41:31.876+0000] {processor.py:186} INFO - Started process (PID=14049) to work on /home/airflow/.local/lib/python3.12/site-packages/airflow/example_dags/example_short_circuit_operator.py
[2024-12-20T05:41:31.878+0000] {processor.py:914} INFO - Processing file /home/airflow/.local/lib/python3.12/site-packages/airflow/example_dags/example_short_circuit_operator.py for tasks to queue
[2024-12-20T05:41:31.883+0000] {logging_mixin.py:190} INFO - [2024-12-20T05:41:31.882+0000] {dagbag.py:588} INFO - Filling up the DagBag from /home/airflow/.local/lib/python3.12/site-packages/airflow/example_dags/example_short_circuit_operator.py
[2024-12-20T05:41:31.902+0000] {processor.py:925} INFO - DAG(s) 'example_short_circuit_operator' retrieved from /home/airflow/.local/lib/python3.12/site-packages/airflow/example_dags/example_short_circuit_operator.py
[2024-12-20T05:41:31.952+0000] {logging_mixin.py:190} INFO - [2024-12-20T05:41:31.951+0000] {dag.py:3239} INFO - Sync 1 DAGs
[2024-12-20T05:41:31.982+0000] {logging_mixin.py:190} INFO - [2024-12-20T05:41:31.981+0000] {dag.py:4180} INFO - Setting next_dagrun for example_short_circuit_operator to None, run_after=None
[2024-12-20T05:41:32.024+0000] {processor.py:208} INFO - Processing /home/airflow/.local/lib/python3.12/site-packages/airflow/example_dags/example_short_circuit_operator.py took 0.161 seconds
[2024-12-20T05:42:02.610+0000] {processor.py:186} INFO - Started process (PID=14114) to work on /home/airflow/.local/lib/python3.12/site-packages/airflow/example_dags/example_short_circuit_operator.py
[2024-12-20T05:42:02.612+0000] {processor.py:914} INFO - Processing file /home/airflow/.local/lib/python3.12/site-packages/airflow/example_dags/example_short_circuit_operator.py for tasks to queue
[2024-12-20T05:42:02.619+0000] {logging_mixin.py:190} INFO - [2024-12-20T05:42:02.618+0000] {dagbag.py:588} INFO - Filling up the DagBag from /home/airflow/.local/lib/python3.12/site-packages/airflow/example_dags/example_short_circuit_operator.py
[2024-12-20T05:42:02.640+0000] {processor.py:925} INFO - DAG(s) 'example_short_circuit_operator' retrieved from /home/airflow/.local/lib/python3.12/site-packages/airflow/example_dags/example_short_circuit_operator.py
[2024-12-20T05:42:02.696+0000] {logging_mixin.py:190} INFO - [2024-12-20T05:42:02.696+0000] {dag.py:3239} INFO - Sync 1 DAGs
[2024-12-20T05:42:02.740+0000] {logging_mixin.py:190} INFO - [2024-12-20T05:42:02.740+0000] {dag.py:4180} INFO - Setting next_dagrun for example_short_circuit_operator to None, run_after=None
[2024-12-20T05:42:02.791+0000] {processor.py:208} INFO - Processing /home/airflow/.local/lib/python3.12/site-packages/airflow/example_dags/example_short_circuit_operator.py took 0.196 seconds
[2024-12-20T05:42:33.354+0000] {processor.py:186} INFO - Started process (PID=14179) to work on /home/airflow/.local/lib/python3.12/site-packages/airflow/example_dags/example_short_circuit_operator.py
[2024-12-20T05:42:33.355+0000] {processor.py:914} INFO - Processing file /home/airflow/.local/lib/python3.12/site-packages/airflow/example_dags/example_short_circuit_operator.py for tasks to queue
[2024-12-20T05:42:33.359+0000] {logging_mixin.py:190} INFO - [2024-12-20T05:42:33.358+0000] {dagbag.py:588} INFO - Filling up the DagBag from /home/airflow/.local/lib/python3.12/site-packages/airflow/example_dags/example_short_circuit_operator.py
[2024-12-20T05:42:33.371+0000] {processor.py:925} INFO - DAG(s) 'example_short_circuit_operator' retrieved from /home/airflow/.local/lib/python3.12/site-packages/airflow/example_dags/example_short_circuit_operator.py
[2024-12-20T05:42:33.399+0000] {logging_mixin.py:190} INFO - [2024-12-20T05:42:33.398+0000] {dag.py:3239} INFO - Sync 1 DAGs
[2024-12-20T05:42:33.418+0000] {logging_mixin.py:190} INFO - [2024-12-20T05:42:33.417+0000] {dag.py:4180} INFO - Setting next_dagrun for example_short_circuit_operator to None, run_after=None
[2024-12-20T05:42:33.443+0000] {processor.py:208} INFO - Processing /home/airflow/.local/lib/python3.12/site-packages/airflow/example_dags/example_short_circuit_operator.py took 0.097 seconds
[2024-12-20T05:43:05.031+0000] {processor.py:186} INFO - Started process (PID=14242) to work on /home/airflow/.local/lib/python3.12/site-packages/airflow/example_dags/example_short_circuit_operator.py
[2024-12-20T05:43:05.037+0000] {processor.py:914} INFO - Processing file /home/airflow/.local/lib/python3.12/site-packages/airflow/example_dags/example_short_circuit_operator.py for tasks to queue
[2024-12-20T05:43:05.066+0000] {logging_mixin.py:190} INFO - [2024-12-20T05:43:05.064+0000] {dagbag.py:588} INFO - Filling up the DagBag from /home/airflow/.local/lib/python3.12/site-packages/airflow/example_dags/example_short_circuit_operator.py
[2024-12-20T05:43:05.139+0000] {processor.py:925} INFO - DAG(s) 'example_short_circuit_operator' retrieved from /home/airflow/.local/lib/python3.12/site-packages/airflow/example_dags/example_short_circuit_operator.py
[2024-12-20T05:43:05.331+0000] {logging_mixin.py:190} INFO - [2024-12-20T05:43:05.327+0000] {dag.py:3239} INFO - Sync 1 DAGs
[2024-12-20T05:43:05.436+0000] {logging_mixin.py:190} INFO - [2024-12-20T05:43:05.434+0000] {dag.py:4180} INFO - Setting next_dagrun for example_short_circuit_operator to None, run_after=None
[2024-12-20T05:43:05.568+0000] {processor.py:208} INFO - Processing /home/airflow/.local/lib/python3.12/site-packages/airflow/example_dags/example_short_circuit_operator.py took 0.624 seconds
[2024-12-20T05:43:35.733+0000] {processor.py:186} INFO - Started process (PID=14314) to work on /home/airflow/.local/lib/python3.12/site-packages/airflow/example_dags/example_short_circuit_operator.py
[2024-12-20T05:43:35.735+0000] {processor.py:914} INFO - Processing file /home/airflow/.local/lib/python3.12/site-packages/airflow/example_dags/example_short_circuit_operator.py for tasks to queue
[2024-12-20T05:43:35.742+0000] {logging_mixin.py:190} INFO - [2024-12-20T05:43:35.741+0000] {dagbag.py:588} INFO - Filling up the DagBag from /home/airflow/.local/lib/python3.12/site-packages/airflow/example_dags/example_short_circuit_operator.py
[2024-12-20T05:43:35.769+0000] {processor.py:925} INFO - DAG(s) 'example_short_circuit_operator' retrieved from /home/airflow/.local/lib/python3.12/site-packages/airflow/example_dags/example_short_circuit_operator.py
[2024-12-20T05:43:35.838+0000] {logging_mixin.py:190} INFO - [2024-12-20T05:43:35.837+0000] {dag.py:3239} INFO - Sync 1 DAGs
[2024-12-20T05:43:35.886+0000] {logging_mixin.py:190} INFO - [2024-12-20T05:43:35.886+0000] {dag.py:4180} INFO - Setting next_dagrun for example_short_circuit_operator to None, run_after=None
[2024-12-20T05:43:35.955+0000] {processor.py:208} INFO - Processing /home/airflow/.local/lib/python3.12/site-packages/airflow/example_dags/example_short_circuit_operator.py took 0.247 seconds
[2024-12-20T05:44:06.272+0000] {processor.py:186} INFO - Started process (PID=14378) to work on /home/airflow/.local/lib/python3.12/site-packages/airflow/example_dags/example_short_circuit_operator.py
[2024-12-20T05:44:06.275+0000] {processor.py:914} INFO - Processing file /home/airflow/.local/lib/python3.12/site-packages/airflow/example_dags/example_short_circuit_operator.py for tasks to queue
[2024-12-20T05:44:06.281+0000] {logging_mixin.py:190} INFO - [2024-12-20T05:44:06.281+0000] {dagbag.py:588} INFO - Filling up the DagBag from /home/airflow/.local/lib/python3.12/site-packages/airflow/example_dags/example_short_circuit_operator.py
[2024-12-20T05:44:06.302+0000] {processor.py:925} INFO - DAG(s) 'example_short_circuit_operator' retrieved from /home/airflow/.local/lib/python3.12/site-packages/airflow/example_dags/example_short_circuit_operator.py
[2024-12-20T05:44:06.355+0000] {logging_mixin.py:190} INFO - [2024-12-20T05:44:06.354+0000] {dag.py:3239} INFO - Sync 1 DAGs
[2024-12-20T05:44:06.406+0000] {logging_mixin.py:190} INFO - [2024-12-20T05:44:06.405+0000] {dag.py:4180} INFO - Setting next_dagrun for example_short_circuit_operator to None, run_after=None
[2024-12-20T05:44:06.454+0000] {processor.py:208} INFO - Processing /home/airflow/.local/lib/python3.12/site-packages/airflow/example_dags/example_short_circuit_operator.py took 0.198 seconds
[2024-12-20T05:44:37.274+0000] {processor.py:186} INFO - Started process (PID=14443) to work on /home/airflow/.local/lib/python3.12/site-packages/airflow/example_dags/example_short_circuit_operator.py
[2024-12-20T05:44:37.277+0000] {processor.py:914} INFO - Processing file /home/airflow/.local/lib/python3.12/site-packages/airflow/example_dags/example_short_circuit_operator.py for tasks to queue
[2024-12-20T05:44:37.284+0000] {logging_mixin.py:190} INFO - [2024-12-20T05:44:37.284+0000] {dagbag.py:588} INFO - Filling up the DagBag from /home/airflow/.local/lib/python3.12/site-packages/airflow/example_dags/example_short_circuit_operator.py
[2024-12-20T05:44:37.321+0000] {processor.py:925} INFO - DAG(s) 'example_short_circuit_operator' retrieved from /home/airflow/.local/lib/python3.12/site-packages/airflow/example_dags/example_short_circuit_operator.py
[2024-12-20T05:44:37.405+0000] {logging_mixin.py:190} INFO - [2024-12-20T05:44:37.404+0000] {dag.py:3239} INFO - Sync 1 DAGs
[2024-12-20T05:44:37.465+0000] {logging_mixin.py:190} INFO - [2024-12-20T05:44:37.464+0000] {dag.py:4180} INFO - Setting next_dagrun for example_short_circuit_operator to None, run_after=None
[2024-12-20T05:44:37.585+0000] {processor.py:208} INFO - Processing /home/airflow/.local/lib/python3.12/site-packages/airflow/example_dags/example_short_circuit_operator.py took 0.330 seconds
[2024-12-20T05:45:07.896+0000] {processor.py:186} INFO - Started process (PID=14508) to work on /home/airflow/.local/lib/python3.12/site-packages/airflow/example_dags/example_short_circuit_operator.py
[2024-12-20T05:45:07.898+0000] {processor.py:914} INFO - Processing file /home/airflow/.local/lib/python3.12/site-packages/airflow/example_dags/example_short_circuit_operator.py for tasks to queue
[2024-12-20T05:45:07.903+0000] {logging_mixin.py:190} INFO - [2024-12-20T05:45:07.902+0000] {dagbag.py:588} INFO - Filling up the DagBag from /home/airflow/.local/lib/python3.12/site-packages/airflow/example_dags/example_short_circuit_operator.py
[2024-12-20T05:45:07.926+0000] {processor.py:925} INFO - DAG(s) 'example_short_circuit_operator' retrieved from /home/airflow/.local/lib/python3.12/site-packages/airflow/example_dags/example_short_circuit_operator.py
[2024-12-20T05:45:07.953+0000] {logging_mixin.py:190} INFO - [2024-12-20T05:45:07.953+0000] {dag.py:3239} INFO - Sync 1 DAGs
[2024-12-20T05:45:07.971+0000] {logging_mixin.py:190} INFO - [2024-12-20T05:45:07.971+0000] {dag.py:4180} INFO - Setting next_dagrun for example_short_circuit_operator to None, run_after=None
[2024-12-20T05:45:07.995+0000] {processor.py:208} INFO - Processing /home/airflow/.local/lib/python3.12/site-packages/airflow/example_dags/example_short_circuit_operator.py took 0.110 seconds
[2024-12-20T05:45:38.297+0000] {processor.py:186} INFO - Started process (PID=14573) to work on /home/airflow/.local/lib/python3.12/site-packages/airflow/example_dags/example_short_circuit_operator.py
[2024-12-20T05:45:38.299+0000] {processor.py:914} INFO - Processing file /home/airflow/.local/lib/python3.12/site-packages/airflow/example_dags/example_short_circuit_operator.py for tasks to queue
[2024-12-20T05:45:38.304+0000] {logging_mixin.py:190} INFO - [2024-12-20T05:45:38.303+0000] {dagbag.py:588} INFO - Filling up the DagBag from /home/airflow/.local/lib/python3.12/site-packages/airflow/example_dags/example_short_circuit_operator.py
[2024-12-20T05:45:38.318+0000] {processor.py:925} INFO - DAG(s) 'example_short_circuit_operator' retrieved from /home/airflow/.local/lib/python3.12/site-packages/airflow/example_dags/example_short_circuit_operator.py
[2024-12-20T05:45:38.349+0000] {logging_mixin.py:190} INFO - [2024-12-20T05:45:38.348+0000] {dag.py:3239} INFO - Sync 1 DAGs
[2024-12-20T05:45:38.367+0000] {logging_mixin.py:190} INFO - [2024-12-20T05:45:38.367+0000] {dag.py:4180} INFO - Setting next_dagrun for example_short_circuit_operator to None, run_after=None
[2024-12-20T05:45:38.391+0000] {processor.py:208} INFO - Processing /home/airflow/.local/lib/python3.12/site-packages/airflow/example_dags/example_short_circuit_operator.py took 0.114 seconds
[2024-12-20T05:46:11.843+0000] {processor.py:186} INFO - Started process (PID=14638) to work on /home/airflow/.local/lib/python3.12/site-packages/airflow/example_dags/example_short_circuit_operator.py
[2024-12-20T05:46:11.846+0000] {processor.py:914} INFO - Processing file /home/airflow/.local/lib/python3.12/site-packages/airflow/example_dags/example_short_circuit_operator.py for tasks to queue
[2024-12-20T05:46:11.858+0000] {logging_mixin.py:190} INFO - [2024-12-20T05:46:11.853+0000] {dagbag.py:588} INFO - Filling up the DagBag from /home/airflow/.local/lib/python3.12/site-packages/airflow/example_dags/example_short_circuit_operator.py
[2024-12-20T05:46:11.886+0000] {processor.py:925} INFO - DAG(s) 'example_short_circuit_operator' retrieved from /home/airflow/.local/lib/python3.12/site-packages/airflow/example_dags/example_short_circuit_operator.py
[2024-12-20T05:46:11.946+0000] {logging_mixin.py:190} INFO - [2024-12-20T05:46:11.946+0000] {dag.py:3239} INFO - Sync 1 DAGs
[2024-12-20T05:46:11.986+0000] {logging_mixin.py:190} INFO - [2024-12-20T05:46:11.986+0000] {dag.py:4180} INFO - Setting next_dagrun for example_short_circuit_operator to None, run_after=None
[2024-12-20T05:46:12.040+0000] {processor.py:208} INFO - Processing /home/airflow/.local/lib/python3.12/site-packages/airflow/example_dags/example_short_circuit_operator.py took 0.213 seconds
[2024-12-20T05:46:43.756+0000] {processor.py:186} INFO - Started process (PID=14703) to work on /home/airflow/.local/lib/python3.12/site-packages/airflow/example_dags/example_short_circuit_operator.py
[2024-12-20T05:46:43.759+0000] {processor.py:914} INFO - Processing file /home/airflow/.local/lib/python3.12/site-packages/airflow/example_dags/example_short_circuit_operator.py for tasks to queue
[2024-12-20T05:46:43.767+0000] {logging_mixin.py:190} INFO - [2024-12-20T05:46:43.765+0000] {dagbag.py:588} INFO - Filling up the DagBag from /home/airflow/.local/lib/python3.12/site-packages/airflow/example_dags/example_short_circuit_operator.py
[2024-12-20T05:46:43.794+0000] {processor.py:925} INFO - DAG(s) 'example_short_circuit_operator' retrieved from /home/airflow/.local/lib/python3.12/site-packages/airflow/example_dags/example_short_circuit_operator.py
[2024-12-20T05:46:43.864+0000] {logging_mixin.py:190} INFO - [2024-12-20T05:46:43.864+0000] {dag.py:3239} INFO - Sync 1 DAGs
[2024-12-20T05:46:43.905+0000] {logging_mixin.py:190} INFO - [2024-12-20T05:46:43.904+0000] {dag.py:4180} INFO - Setting next_dagrun for example_short_circuit_operator to None, run_after=None
[2024-12-20T05:46:44.000+0000] {processor.py:208} INFO - Processing /home/airflow/.local/lib/python3.12/site-packages/airflow/example_dags/example_short_circuit_operator.py took 0.261 seconds
[2024-12-20T05:47:15.595+0000] {processor.py:186} INFO - Started process (PID=14767) to work on /home/airflow/.local/lib/python3.12/site-packages/airflow/example_dags/example_short_circuit_operator.py
[2024-12-20T05:47:15.597+0000] {processor.py:914} INFO - Processing file /home/airflow/.local/lib/python3.12/site-packages/airflow/example_dags/example_short_circuit_operator.py for tasks to queue
[2024-12-20T05:47:15.603+0000] {logging_mixin.py:190} INFO - [2024-12-20T05:47:15.602+0000] {dagbag.py:588} INFO - Filling up the DagBag from /home/airflow/.local/lib/python3.12/site-packages/airflow/example_dags/example_short_circuit_operator.py
[2024-12-20T05:47:15.626+0000] {processor.py:925} INFO - DAG(s) 'example_short_circuit_operator' retrieved from /home/airflow/.local/lib/python3.12/site-packages/airflow/example_dags/example_short_circuit_operator.py
[2024-12-20T05:47:15.670+0000] {logging_mixin.py:190} INFO - [2024-12-20T05:47:15.670+0000] {dag.py:3239} INFO - Sync 1 DAGs
[2024-12-20T05:47:15.709+0000] {logging_mixin.py:190} INFO - [2024-12-20T05:47:15.708+0000] {dag.py:4180} INFO - Setting next_dagrun for example_short_circuit_operator to None, run_after=None
[2024-12-20T05:47:15.753+0000] {processor.py:208} INFO - Processing /home/airflow/.local/lib/python3.12/site-packages/airflow/example_dags/example_short_circuit_operator.py took 0.171 seconds
[2024-12-20T05:47:50.441+0000] {processor.py:186} INFO - Started process (PID=14838) to work on /home/airflow/.local/lib/python3.12/site-packages/airflow/example_dags/example_short_circuit_operator.py
[2024-12-20T05:47:50.468+0000] {processor.py:914} INFO - Processing file /home/airflow/.local/lib/python3.12/site-packages/airflow/example_dags/example_short_circuit_operator.py for tasks to queue
[2024-12-20T05:47:50.501+0000] {logging_mixin.py:190} INFO - [2024-12-20T05:47:50.499+0000] {dagbag.py:588} INFO - Filling up the DagBag from /home/airflow/.local/lib/python3.12/site-packages/airflow/example_dags/example_short_circuit_operator.py
[2024-12-20T05:47:50.637+0000] {processor.py:925} INFO - DAG(s) 'example_short_circuit_operator' retrieved from /home/airflow/.local/lib/python3.12/site-packages/airflow/example_dags/example_short_circuit_operator.py
[2024-12-20T05:47:50.920+0000] {logging_mixin.py:190} INFO - [2024-12-20T05:47:50.919+0000] {dag.py:3239} INFO - Sync 1 DAGs
[2024-12-20T05:47:51.043+0000] {logging_mixin.py:190} INFO - [2024-12-20T05:47:51.042+0000] {dag.py:4180} INFO - Setting next_dagrun for example_short_circuit_operator to None, run_after=None
[2024-12-20T05:47:51.217+0000] {processor.py:208} INFO - Processing /home/airflow/.local/lib/python3.12/site-packages/airflow/example_dags/example_short_circuit_operator.py took 0.868 seconds
[2024-12-20T05:48:32.330+0000] {processor.py:186} INFO - Started process (PID=14908) to work on /home/airflow/.local/lib/python3.12/site-packages/airflow/example_dags/example_short_circuit_operator.py
[2024-12-20T05:48:32.339+0000] {processor.py:914} INFO - Processing file /home/airflow/.local/lib/python3.12/site-packages/airflow/example_dags/example_short_circuit_operator.py for tasks to queue
[2024-12-20T05:48:32.354+0000] {logging_mixin.py:190} INFO - [2024-12-20T05:48:32.353+0000] {dagbag.py:588} INFO - Filling up the DagBag from /home/airflow/.local/lib/python3.12/site-packages/airflow/example_dags/example_short_circuit_operator.py
[2024-12-20T05:48:32.422+0000] {processor.py:925} INFO - DAG(s) 'example_short_circuit_operator' retrieved from /home/airflow/.local/lib/python3.12/site-packages/airflow/example_dags/example_short_circuit_operator.py
[2024-12-20T05:48:32.937+0000] {logging_mixin.py:190} INFO - [2024-12-20T05:48:32.936+0000] {dag.py:3239} INFO - Sync 1 DAGs
[2024-12-20T05:48:33.797+0000] {logging_mixin.py:190} INFO - [2024-12-20T05:48:33.796+0000] {dag.py:4180} INFO - Setting next_dagrun for example_short_circuit_operator to None, run_after=None
[2024-12-20T05:48:34.259+0000] {processor.py:208} INFO - Processing /home/airflow/.local/lib/python3.12/site-packages/airflow/example_dags/example_short_circuit_operator.py took 1.983 seconds
