[2024-12-20T05:28:31.920+0000] {processor.py:186} INFO - Started process (PID=12494) to work on /home/airflow/.local/lib/python3.12/site-packages/airflow/example_dags/example_setup_teardown_taskflow.py
[2024-12-20T05:28:31.934+0000] {processor.py:914} INFO - Processing file /home/airflow/.local/lib/python3.12/site-packages/airflow/example_dags/example_setup_teardown_taskflow.py for tasks to queue
[2024-12-20T05:28:31.956+0000] {logging_mixin.py:190} INFO - [2024-12-20T05:28:31.954+0000] {dagbag.py:588} INFO - Filling up the DagBag from /home/airflow/.local/lib/python3.12/site-packages/airflow/example_dags/example_setup_teardown_taskflow.py
[2024-12-20T05:28:32.075+0000] {processor.py:925} INFO - DAG(s) 'example_setup_teardown_taskflow' retrieved from /home/airflow/.local/lib/python3.12/site-packages/airflow/example_dags/example_setup_teardown_taskflow.py
[2024-12-20T05:28:32.253+0000] {logging_mixin.py:190} INFO - [2024-12-20T05:28:32.252+0000] {dag.py:3239} INFO - Sync 1 DAGs
[2024-12-20T05:28:32.452+0000] {logging_mixin.py:190} INFO - [2024-12-20T05:28:32.451+0000] {dag.py:4180} INFO - Setting next_dagrun for example_setup_teardown_taskflow to None, run_after=None
[2024-12-20T05:28:32.643+0000] {processor.py:208} INFO - Processing /home/airflow/.local/lib/python3.12/site-packages/airflow/example_dags/example_setup_teardown_taskflow.py took 0.809 seconds
[2024-12-20T05:29:17.519+0000] {processor.py:186} INFO - Started process (PID=12558) to work on /home/airflow/.local/lib/python3.12/site-packages/airflow/example_dags/example_setup_teardown_taskflow.py
[2024-12-20T05:29:17.525+0000] {processor.py:914} INFO - Processing file /home/airflow/.local/lib/python3.12/site-packages/airflow/example_dags/example_setup_teardown_taskflow.py for tasks to queue
[2024-12-20T05:29:17.535+0000] {logging_mixin.py:190} INFO - [2024-12-20T05:29:17.534+0000] {dagbag.py:588} INFO - Filling up the DagBag from /home/airflow/.local/lib/python3.12/site-packages/airflow/example_dags/example_setup_teardown_taskflow.py
[2024-12-20T05:29:17.599+0000] {processor.py:925} INFO - DAG(s) 'example_setup_teardown_taskflow' retrieved from /home/airflow/.local/lib/python3.12/site-packages/airflow/example_dags/example_setup_teardown_taskflow.py
[2024-12-20T05:29:17.730+0000] {logging_mixin.py:190} INFO - [2024-12-20T05:29:17.730+0000] {dag.py:3239} INFO - Sync 1 DAGs
[2024-12-20T05:29:17.814+0000] {logging_mixin.py:190} INFO - [2024-12-20T05:29:17.813+0000] {dag.py:4180} INFO - Setting next_dagrun for example_setup_teardown_taskflow to None, run_after=None
[2024-12-20T05:29:17.929+0000] {processor.py:208} INFO - Processing /home/airflow/.local/lib/python3.12/site-packages/airflow/example_dags/example_setup_teardown_taskflow.py took 0.437 seconds
[2024-12-20T05:29:48.148+0000] {processor.py:186} INFO - Started process (PID=12622) to work on /home/airflow/.local/lib/python3.12/site-packages/airflow/example_dags/example_setup_teardown_taskflow.py
[2024-12-20T05:29:48.151+0000] {processor.py:914} INFO - Processing file /home/airflow/.local/lib/python3.12/site-packages/airflow/example_dags/example_setup_teardown_taskflow.py for tasks to queue
[2024-12-20T05:29:48.158+0000] {logging_mixin.py:190} INFO - [2024-12-20T05:29:48.157+0000] {dagbag.py:588} INFO - Filling up the DagBag from /home/airflow/.local/lib/python3.12/site-packages/airflow/example_dags/example_setup_teardown_taskflow.py
[2024-12-20T05:29:48.193+0000] {processor.py:925} INFO - DAG(s) 'example_setup_teardown_taskflow' retrieved from /home/airflow/.local/lib/python3.12/site-packages/airflow/example_dags/example_setup_teardown_taskflow.py
[2024-12-20T05:29:48.248+0000] {logging_mixin.py:190} INFO - [2024-12-20T05:29:48.247+0000] {dag.py:3239} INFO - Sync 1 DAGs
[2024-12-20T05:29:48.286+0000] {logging_mixin.py:190} INFO - [2024-12-20T05:29:48.285+0000] {dag.py:4180} INFO - Setting next_dagrun for example_setup_teardown_taskflow to None, run_after=None
[2024-12-20T05:29:48.333+0000] {processor.py:208} INFO - Processing /home/airflow/.local/lib/python3.12/site-packages/airflow/example_dags/example_setup_teardown_taskflow.py took 0.205 seconds
[2024-12-20T05:30:20.603+0000] {processor.py:186} INFO - Started process (PID=12688) to work on /home/airflow/.local/lib/python3.12/site-packages/airflow/example_dags/example_setup_teardown_taskflow.py
[2024-12-20T05:30:20.605+0000] {processor.py:914} INFO - Processing file /home/airflow/.local/lib/python3.12/site-packages/airflow/example_dags/example_setup_teardown_taskflow.py for tasks to queue
[2024-12-20T05:30:20.611+0000] {logging_mixin.py:190} INFO - [2024-12-20T05:30:20.611+0000] {dagbag.py:588} INFO - Filling up the DagBag from /home/airflow/.local/lib/python3.12/site-packages/airflow/example_dags/example_setup_teardown_taskflow.py
[2024-12-20T05:30:20.643+0000] {processor.py:925} INFO - DAG(s) 'example_setup_teardown_taskflow' retrieved from /home/airflow/.local/lib/python3.12/site-packages/airflow/example_dags/example_setup_teardown_taskflow.py
[2024-12-20T05:30:20.696+0000] {logging_mixin.py:190} INFO - [2024-12-20T05:30:20.695+0000] {dag.py:3239} INFO - Sync 1 DAGs
[2024-12-20T05:30:20.733+0000] {logging_mixin.py:190} INFO - [2024-12-20T05:30:20.733+0000] {dag.py:4180} INFO - Setting next_dagrun for example_setup_teardown_taskflow to None, run_after=None
[2024-12-20T05:30:20.780+0000] {processor.py:208} INFO - Processing /home/airflow/.local/lib/python3.12/site-packages/airflow/example_dags/example_setup_teardown_taskflow.py took 0.192 seconds
[2024-12-20T05:30:53.450+0000] {processor.py:186} INFO - Started process (PID=12753) to work on /home/airflow/.local/lib/python3.12/site-packages/airflow/example_dags/example_setup_teardown_taskflow.py
[2024-12-20T05:30:53.453+0000] {processor.py:914} INFO - Processing file /home/airflow/.local/lib/python3.12/site-packages/airflow/example_dags/example_setup_teardown_taskflow.py for tasks to queue
[2024-12-20T05:30:53.463+0000] {logging_mixin.py:190} INFO - [2024-12-20T05:30:53.461+0000] {dagbag.py:588} INFO - Filling up the DagBag from /home/airflow/.local/lib/python3.12/site-packages/airflow/example_dags/example_setup_teardown_taskflow.py
[2024-12-20T05:30:53.499+0000] {processor.py:925} INFO - DAG(s) 'example_setup_teardown_taskflow' retrieved from /home/airflow/.local/lib/python3.12/site-packages/airflow/example_dags/example_setup_teardown_taskflow.py
[2024-12-20T05:30:53.561+0000] {logging_mixin.py:190} INFO - [2024-12-20T05:30:53.560+0000] {dag.py:3239} INFO - Sync 1 DAGs
[2024-12-20T05:30:53.603+0000] {logging_mixin.py:190} INFO - [2024-12-20T05:30:53.603+0000] {dag.py:4180} INFO - Setting next_dagrun for example_setup_teardown_taskflow to None, run_after=None
[2024-12-20T05:30:53.695+0000] {processor.py:208} INFO - Processing /home/airflow/.local/lib/python3.12/site-packages/airflow/example_dags/example_setup_teardown_taskflow.py took 0.276 seconds
[2024-12-20T05:31:24.714+0000] {processor.py:186} INFO - Started process (PID=12818) to work on /home/airflow/.local/lib/python3.12/site-packages/airflow/example_dags/example_setup_teardown_taskflow.py
[2024-12-20T05:31:24.716+0000] {processor.py:914} INFO - Processing file /home/airflow/.local/lib/python3.12/site-packages/airflow/example_dags/example_setup_teardown_taskflow.py for tasks to queue
[2024-12-20T05:31:24.721+0000] {logging_mixin.py:190} INFO - [2024-12-20T05:31:24.721+0000] {dagbag.py:588} INFO - Filling up the DagBag from /home/airflow/.local/lib/python3.12/site-packages/airflow/example_dags/example_setup_teardown_taskflow.py
[2024-12-20T05:31:24.745+0000] {processor.py:925} INFO - DAG(s) 'example_setup_teardown_taskflow' retrieved from /home/airflow/.local/lib/python3.12/site-packages/airflow/example_dags/example_setup_teardown_taskflow.py
[2024-12-20T05:31:24.792+0000] {logging_mixin.py:190} INFO - [2024-12-20T05:31:24.792+0000] {dag.py:3239} INFO - Sync 1 DAGs
[2024-12-20T05:31:24.823+0000] {logging_mixin.py:190} INFO - [2024-12-20T05:31:24.823+0000] {dag.py:4180} INFO - Setting next_dagrun for example_setup_teardown_taskflow to None, run_after=None
[2024-12-20T05:31:24.897+0000] {processor.py:208} INFO - Processing /home/airflow/.local/lib/python3.12/site-packages/airflow/example_dags/example_setup_teardown_taskflow.py took 0.198 seconds
[2024-12-20T05:31:56.763+0000] {processor.py:186} INFO - Started process (PID=12883) to work on /home/airflow/.local/lib/python3.12/site-packages/airflow/example_dags/example_setup_teardown_taskflow.py
[2024-12-20T05:31:56.765+0000] {processor.py:914} INFO - Processing file /home/airflow/.local/lib/python3.12/site-packages/airflow/example_dags/example_setup_teardown_taskflow.py for tasks to queue
[2024-12-20T05:31:56.771+0000] {logging_mixin.py:190} INFO - [2024-12-20T05:31:56.770+0000] {dagbag.py:588} INFO - Filling up the DagBag from /home/airflow/.local/lib/python3.12/site-packages/airflow/example_dags/example_setup_teardown_taskflow.py
[2024-12-20T05:31:56.801+0000] {processor.py:925} INFO - DAG(s) 'example_setup_teardown_taskflow' retrieved from /home/airflow/.local/lib/python3.12/site-packages/airflow/example_dags/example_setup_teardown_taskflow.py
[2024-12-20T05:31:56.856+0000] {logging_mixin.py:190} INFO - [2024-12-20T05:31:56.856+0000] {dag.py:3239} INFO - Sync 1 DAGs
[2024-12-20T05:31:56.903+0000] {logging_mixin.py:190} INFO - [2024-12-20T05:31:56.902+0000] {dag.py:4180} INFO - Setting next_dagrun for example_setup_teardown_taskflow to None, run_after=None
[2024-12-20T05:31:56.954+0000] {processor.py:208} INFO - Processing /home/airflow/.local/lib/python3.12/site-packages/airflow/example_dags/example_setup_teardown_taskflow.py took 0.205 seconds
[2024-12-20T05:32:28.784+0000] {processor.py:186} INFO - Started process (PID=12948) to work on /home/airflow/.local/lib/python3.12/site-packages/airflow/example_dags/example_setup_teardown_taskflow.py
[2024-12-20T05:32:28.785+0000] {processor.py:914} INFO - Processing file /home/airflow/.local/lib/python3.12/site-packages/airflow/example_dags/example_setup_teardown_taskflow.py for tasks to queue
[2024-12-20T05:32:28.790+0000] {logging_mixin.py:190} INFO - [2024-12-20T05:32:28.789+0000] {dagbag.py:588} INFO - Filling up the DagBag from /home/airflow/.local/lib/python3.12/site-packages/airflow/example_dags/example_setup_teardown_taskflow.py
[2024-12-20T05:32:28.824+0000] {processor.py:925} INFO - DAG(s) 'example_setup_teardown_taskflow' retrieved from /home/airflow/.local/lib/python3.12/site-packages/airflow/example_dags/example_setup_teardown_taskflow.py
[2024-12-20T05:32:28.876+0000] {logging_mixin.py:190} INFO - [2024-12-20T05:32:28.876+0000] {dag.py:3239} INFO - Sync 1 DAGs
[2024-12-20T05:32:28.911+0000] {logging_mixin.py:190} INFO - [2024-12-20T05:32:28.910+0000] {dag.py:4180} INFO - Setting next_dagrun for example_setup_teardown_taskflow to None, run_after=None
[2024-12-20T05:32:28.990+0000] {processor.py:208} INFO - Processing /home/airflow/.local/lib/python3.12/site-packages/airflow/example_dags/example_setup_teardown_taskflow.py took 0.218 seconds
[2024-12-20T05:33:03.342+0000] {processor.py:186} INFO - Started process (PID=13021) to work on /home/airflow/.local/lib/python3.12/site-packages/airflow/example_dags/example_setup_teardown_taskflow.py
[2024-12-20T05:33:03.345+0000] {processor.py:914} INFO - Processing file /home/airflow/.local/lib/python3.12/site-packages/airflow/example_dags/example_setup_teardown_taskflow.py for tasks to queue
[2024-12-20T05:33:03.357+0000] {logging_mixin.py:190} INFO - [2024-12-20T05:33:03.356+0000] {dagbag.py:588} INFO - Filling up the DagBag from /home/airflow/.local/lib/python3.12/site-packages/airflow/example_dags/example_setup_teardown_taskflow.py
[2024-12-20T05:33:03.410+0000] {processor.py:925} INFO - DAG(s) 'example_setup_teardown_taskflow' retrieved from /home/airflow/.local/lib/python3.12/site-packages/airflow/example_dags/example_setup_teardown_taskflow.py
[2024-12-20T05:33:03.513+0000] {logging_mixin.py:190} INFO - [2024-12-20T05:33:03.512+0000] {dag.py:3239} INFO - Sync 1 DAGs
[2024-12-20T05:33:03.577+0000] {logging_mixin.py:190} INFO - [2024-12-20T05:33:03.576+0000] {dag.py:4180} INFO - Setting next_dagrun for example_setup_teardown_taskflow to None, run_after=None
[2024-12-20T05:33:03.660+0000] {processor.py:208} INFO - Processing /home/airflow/.local/lib/python3.12/site-packages/airflow/example_dags/example_setup_teardown_taskflow.py took 0.340 seconds
[2024-12-20T05:33:34.440+0000] {processor.py:186} INFO - Started process (PID=13086) to work on /home/airflow/.local/lib/python3.12/site-packages/airflow/example_dags/example_setup_teardown_taskflow.py
[2024-12-20T05:33:34.443+0000] {processor.py:914} INFO - Processing file /home/airflow/.local/lib/python3.12/site-packages/airflow/example_dags/example_setup_teardown_taskflow.py for tasks to queue
[2024-12-20T05:33:34.454+0000] {logging_mixin.py:190} INFO - [2024-12-20T05:33:34.452+0000] {dagbag.py:588} INFO - Filling up the DagBag from /home/airflow/.local/lib/python3.12/site-packages/airflow/example_dags/example_setup_teardown_taskflow.py
[2024-12-20T05:33:34.489+0000] {processor.py:925} INFO - DAG(s) 'example_setup_teardown_taskflow' retrieved from /home/airflow/.local/lib/python3.12/site-packages/airflow/example_dags/example_setup_teardown_taskflow.py
[2024-12-20T05:33:34.558+0000] {logging_mixin.py:190} INFO - [2024-12-20T05:33:34.557+0000] {dag.py:3239} INFO - Sync 1 DAGs
[2024-12-20T05:33:34.609+0000] {logging_mixin.py:190} INFO - [2024-12-20T05:33:34.608+0000] {dag.py:4180} INFO - Setting next_dagrun for example_setup_teardown_taskflow to None, run_after=None
[2024-12-20T05:33:34.698+0000] {processor.py:208} INFO - Processing /home/airflow/.local/lib/python3.12/site-packages/airflow/example_dags/example_setup_teardown_taskflow.py took 0.278 seconds
[2024-12-20T05:34:11.042+0000] {processor.py:186} INFO - Started process (PID=13152) to work on /home/airflow/.local/lib/python3.12/site-packages/airflow/example_dags/example_setup_teardown_taskflow.py
[2024-12-20T05:34:11.046+0000] {processor.py:914} INFO - Processing file /home/airflow/.local/lib/python3.12/site-packages/airflow/example_dags/example_setup_teardown_taskflow.py for tasks to queue
[2024-12-20T05:34:11.057+0000] {logging_mixin.py:190} INFO - [2024-12-20T05:34:11.056+0000] {dagbag.py:588} INFO - Filling up the DagBag from /home/airflow/.local/lib/python3.12/site-packages/airflow/example_dags/example_setup_teardown_taskflow.py
[2024-12-20T05:34:11.111+0000] {processor.py:925} INFO - DAG(s) 'example_setup_teardown_taskflow' retrieved from /home/airflow/.local/lib/python3.12/site-packages/airflow/example_dags/example_setup_teardown_taskflow.py
[2024-12-20T05:34:11.194+0000] {logging_mixin.py:190} INFO - [2024-12-20T05:34:11.193+0000] {dag.py:3239} INFO - Sync 1 DAGs
[2024-12-20T05:34:11.252+0000] {logging_mixin.py:190} INFO - [2024-12-20T05:34:11.251+0000] {dag.py:4180} INFO - Setting next_dagrun for example_setup_teardown_taskflow to None, run_after=None
[2024-12-20T05:34:11.325+0000] {processor.py:208} INFO - Processing /home/airflow/.local/lib/python3.12/site-packages/airflow/example_dags/example_setup_teardown_taskflow.py took 0.308 seconds
[2024-12-20T05:34:43.597+0000] {processor.py:186} INFO - Started process (PID=13219) to work on /home/airflow/.local/lib/python3.12/site-packages/airflow/example_dags/example_setup_teardown_taskflow.py
[2024-12-20T05:34:43.600+0000] {processor.py:914} INFO - Processing file /home/airflow/.local/lib/python3.12/site-packages/airflow/example_dags/example_setup_teardown_taskflow.py for tasks to queue
[2024-12-20T05:34:43.610+0000] {logging_mixin.py:190} INFO - [2024-12-20T05:34:43.609+0000] {dagbag.py:588} INFO - Filling up the DagBag from /home/airflow/.local/lib/python3.12/site-packages/airflow/example_dags/example_setup_teardown_taskflow.py
[2024-12-20T05:34:43.652+0000] {processor.py:925} INFO - DAG(s) 'example_setup_teardown_taskflow' retrieved from /home/airflow/.local/lib/python3.12/site-packages/airflow/example_dags/example_setup_teardown_taskflow.py
[2024-12-20T05:34:43.711+0000] {logging_mixin.py:190} INFO - [2024-12-20T05:34:43.710+0000] {dag.py:3239} INFO - Sync 1 DAGs
[2024-12-20T05:34:43.750+0000] {logging_mixin.py:190} INFO - [2024-12-20T05:34:43.750+0000] {dag.py:4180} INFO - Setting next_dagrun for example_setup_teardown_taskflow to None, run_after=None
[2024-12-20T05:34:43.837+0000] {processor.py:208} INFO - Processing /home/airflow/.local/lib/python3.12/site-packages/airflow/example_dags/example_setup_teardown_taskflow.py took 0.262 seconds
[2024-12-20T05:35:16.663+0000] {processor.py:186} INFO - Started process (PID=13286) to work on /home/airflow/.local/lib/python3.12/site-packages/airflow/example_dags/example_setup_teardown_taskflow.py
[2024-12-20T05:35:16.667+0000] {processor.py:914} INFO - Processing file /home/airflow/.local/lib/python3.12/site-packages/airflow/example_dags/example_setup_teardown_taskflow.py for tasks to queue
[2024-12-20T05:35:16.679+0000] {logging_mixin.py:190} INFO - [2024-12-20T05:35:16.678+0000] {dagbag.py:588} INFO - Filling up the DagBag from /home/airflow/.local/lib/python3.12/site-packages/airflow/example_dags/example_setup_teardown_taskflow.py
[2024-12-20T05:35:16.737+0000] {processor.py:925} INFO - DAG(s) 'example_setup_teardown_taskflow' retrieved from /home/airflow/.local/lib/python3.12/site-packages/airflow/example_dags/example_setup_teardown_taskflow.py
[2024-12-20T05:35:16.865+0000] {logging_mixin.py:190} INFO - [2024-12-20T05:35:16.858+0000] {dag.py:3239} INFO - Sync 1 DAGs
[2024-12-20T05:35:16.943+0000] {logging_mixin.py:190} INFO - [2024-12-20T05:35:16.943+0000] {dag.py:4180} INFO - Setting next_dagrun for example_setup_teardown_taskflow to None, run_after=None
[2024-12-20T05:35:17.021+0000] {processor.py:208} INFO - Processing /home/airflow/.local/lib/python3.12/site-packages/airflow/example_dags/example_setup_teardown_taskflow.py took 0.393 seconds
[2024-12-20T05:35:49.844+0000] {processor.py:186} INFO - Started process (PID=13352) to work on /home/airflow/.local/lib/python3.12/site-packages/airflow/example_dags/example_setup_teardown_taskflow.py
[2024-12-20T05:35:49.846+0000] {processor.py:914} INFO - Processing file /home/airflow/.local/lib/python3.12/site-packages/airflow/example_dags/example_setup_teardown_taskflow.py for tasks to queue
[2024-12-20T05:35:49.853+0000] {logging_mixin.py:190} INFO - [2024-12-20T05:35:49.852+0000] {dagbag.py:588} INFO - Filling up the DagBag from /home/airflow/.local/lib/python3.12/site-packages/airflow/example_dags/example_setup_teardown_taskflow.py
[2024-12-20T05:35:49.884+0000] {processor.py:925} INFO - DAG(s) 'example_setup_teardown_taskflow' retrieved from /home/airflow/.local/lib/python3.12/site-packages/airflow/example_dags/example_setup_teardown_taskflow.py
[2024-12-20T05:35:49.937+0000] {logging_mixin.py:190} INFO - [2024-12-20T05:35:49.936+0000] {dag.py:3239} INFO - Sync 1 DAGs
[2024-12-20T05:35:49.970+0000] {logging_mixin.py:190} INFO - [2024-12-20T05:35:49.969+0000] {dag.py:4180} INFO - Setting next_dagrun for example_setup_teardown_taskflow to None, run_after=None
[2024-12-20T05:35:50.047+0000] {processor.py:208} INFO - Processing /home/airflow/.local/lib/python3.12/site-packages/airflow/example_dags/example_setup_teardown_taskflow.py took 0.216 seconds
[2024-12-20T05:36:22.747+0000] {processor.py:186} INFO - Started process (PID=13417) to work on /home/airflow/.local/lib/python3.12/site-packages/airflow/example_dags/example_setup_teardown_taskflow.py
[2024-12-20T05:36:22.749+0000] {processor.py:914} INFO - Processing file /home/airflow/.local/lib/python3.12/site-packages/airflow/example_dags/example_setup_teardown_taskflow.py for tasks to queue
[2024-12-20T05:36:22.757+0000] {logging_mixin.py:190} INFO - [2024-12-20T05:36:22.756+0000] {dagbag.py:588} INFO - Filling up the DagBag from /home/airflow/.local/lib/python3.12/site-packages/airflow/example_dags/example_setup_teardown_taskflow.py
[2024-12-20T05:36:22.793+0000] {processor.py:925} INFO - DAG(s) 'example_setup_teardown_taskflow' retrieved from /home/airflow/.local/lib/python3.12/site-packages/airflow/example_dags/example_setup_teardown_taskflow.py
[2024-12-20T05:36:22.852+0000] {logging_mixin.py:190} INFO - [2024-12-20T05:36:22.851+0000] {dag.py:3239} INFO - Sync 1 DAGs
[2024-12-20T05:36:22.903+0000] {logging_mixin.py:190} INFO - [2024-12-20T05:36:22.902+0000] {dag.py:4180} INFO - Setting next_dagrun for example_setup_teardown_taskflow to None, run_after=None
[2024-12-20T05:36:22.975+0000] {processor.py:208} INFO - Processing /home/airflow/.local/lib/python3.12/site-packages/airflow/example_dags/example_setup_teardown_taskflow.py took 0.248 seconds
[2024-12-20T05:36:54.178+0000] {processor.py:186} INFO - Started process (PID=13482) to work on /home/airflow/.local/lib/python3.12/site-packages/airflow/example_dags/example_setup_teardown_taskflow.py
[2024-12-20T05:36:54.180+0000] {processor.py:914} INFO - Processing file /home/airflow/.local/lib/python3.12/site-packages/airflow/example_dags/example_setup_teardown_taskflow.py for tasks to queue
[2024-12-20T05:36:54.188+0000] {logging_mixin.py:190} INFO - [2024-12-20T05:36:54.188+0000] {dagbag.py:588} INFO - Filling up the DagBag from /home/airflow/.local/lib/python3.12/site-packages/airflow/example_dags/example_setup_teardown_taskflow.py
[2024-12-20T05:36:54.213+0000] {processor.py:925} INFO - DAG(s) 'example_setup_teardown_taskflow' retrieved from /home/airflow/.local/lib/python3.12/site-packages/airflow/example_dags/example_setup_teardown_taskflow.py
[2024-12-20T05:36:54.264+0000] {logging_mixin.py:190} INFO - [2024-12-20T05:36:54.263+0000] {dag.py:3239} INFO - Sync 1 DAGs
[2024-12-20T05:36:54.296+0000] {logging_mixin.py:190} INFO - [2024-12-20T05:36:54.295+0000] {dag.py:4180} INFO - Setting next_dagrun for example_setup_teardown_taskflow to None, run_after=None
[2024-12-20T05:36:54.337+0000] {processor.py:208} INFO - Processing /home/airflow/.local/lib/python3.12/site-packages/airflow/example_dags/example_setup_teardown_taskflow.py took 0.177 seconds
[2024-12-20T05:37:25.775+0000] {processor.py:186} INFO - Started process (PID=13548) to work on /home/airflow/.local/lib/python3.12/site-packages/airflow/example_dags/example_setup_teardown_taskflow.py
[2024-12-20T05:37:25.779+0000] {processor.py:914} INFO - Processing file /home/airflow/.local/lib/python3.12/site-packages/airflow/example_dags/example_setup_teardown_taskflow.py for tasks to queue
[2024-12-20T05:37:25.801+0000] {logging_mixin.py:190} INFO - [2024-12-20T05:37:25.799+0000] {dagbag.py:588} INFO - Filling up the DagBag from /home/airflow/.local/lib/python3.12/site-packages/airflow/example_dags/example_setup_teardown_taskflow.py
[2024-12-20T05:37:25.932+0000] {processor.py:925} INFO - DAG(s) 'example_setup_teardown_taskflow' retrieved from /home/airflow/.local/lib/python3.12/site-packages/airflow/example_dags/example_setup_teardown_taskflow.py
[2024-12-20T05:37:26.091+0000] {logging_mixin.py:190} INFO - [2024-12-20T05:37:26.090+0000] {dag.py:3239} INFO - Sync 1 DAGs
[2024-12-20T05:37:26.193+0000] {logging_mixin.py:190} INFO - [2024-12-20T05:37:26.192+0000] {dag.py:4180} INFO - Setting next_dagrun for example_setup_teardown_taskflow to None, run_after=None
[2024-12-20T05:37:26.263+0000] {processor.py:208} INFO - Processing /home/airflow/.local/lib/python3.12/site-packages/airflow/example_dags/example_setup_teardown_taskflow.py took 0.530 seconds
[2024-12-20T05:37:56.671+0000] {processor.py:186} INFO - Started process (PID=13612) to work on /home/airflow/.local/lib/python3.12/site-packages/airflow/example_dags/example_setup_teardown_taskflow.py
[2024-12-20T05:37:56.673+0000] {processor.py:914} INFO - Processing file /home/airflow/.local/lib/python3.12/site-packages/airflow/example_dags/example_setup_teardown_taskflow.py for tasks to queue
[2024-12-20T05:37:56.680+0000] {logging_mixin.py:190} INFO - [2024-12-20T05:37:56.679+0000] {dagbag.py:588} INFO - Filling up the DagBag from /home/airflow/.local/lib/python3.12/site-packages/airflow/example_dags/example_setup_teardown_taskflow.py
[2024-12-20T05:37:56.711+0000] {processor.py:925} INFO - DAG(s) 'example_setup_teardown_taskflow' retrieved from /home/airflow/.local/lib/python3.12/site-packages/airflow/example_dags/example_setup_teardown_taskflow.py
[2024-12-20T05:37:56.768+0000] {logging_mixin.py:190} INFO - [2024-12-20T05:37:56.768+0000] {dag.py:3239} INFO - Sync 1 DAGs
[2024-12-20T05:37:56.804+0000] {logging_mixin.py:190} INFO - [2024-12-20T05:37:56.803+0000] {dag.py:4180} INFO - Setting next_dagrun for example_setup_teardown_taskflow to None, run_after=None
[2024-12-20T05:37:56.905+0000] {processor.py:208} INFO - Processing /home/airflow/.local/lib/python3.12/site-packages/airflow/example_dags/example_setup_teardown_taskflow.py took 0.250 seconds
[2024-12-20T05:38:27.343+0000] {processor.py:186} INFO - Started process (PID=13677) to work on /home/airflow/.local/lib/python3.12/site-packages/airflow/example_dags/example_setup_teardown_taskflow.py
[2024-12-20T05:38:27.346+0000] {processor.py:914} INFO - Processing file /home/airflow/.local/lib/python3.12/site-packages/airflow/example_dags/example_setup_teardown_taskflow.py for tasks to queue
[2024-12-20T05:38:27.353+0000] {logging_mixin.py:190} INFO - [2024-12-20T05:38:27.352+0000] {dagbag.py:588} INFO - Filling up the DagBag from /home/airflow/.local/lib/python3.12/site-packages/airflow/example_dags/example_setup_teardown_taskflow.py
[2024-12-20T05:38:27.391+0000] {processor.py:925} INFO - DAG(s) 'example_setup_teardown_taskflow' retrieved from /home/airflow/.local/lib/python3.12/site-packages/airflow/example_dags/example_setup_teardown_taskflow.py
[2024-12-20T05:38:27.454+0000] {logging_mixin.py:190} INFO - [2024-12-20T05:38:27.453+0000] {dag.py:3239} INFO - Sync 1 DAGs
[2024-12-20T05:38:27.501+0000] {logging_mixin.py:190} INFO - [2024-12-20T05:38:27.500+0000] {dag.py:4180} INFO - Setting next_dagrun for example_setup_teardown_taskflow to None, run_after=None
[2024-12-20T05:38:27.557+0000] {processor.py:208} INFO - Processing /home/airflow/.local/lib/python3.12/site-packages/airflow/example_dags/example_setup_teardown_taskflow.py took 0.234 seconds
[2024-12-20T05:38:58.123+0000] {processor.py:186} INFO - Started process (PID=13742) to work on /home/airflow/.local/lib/python3.12/site-packages/airflow/example_dags/example_setup_teardown_taskflow.py
[2024-12-20T05:38:58.125+0000] {processor.py:914} INFO - Processing file /home/airflow/.local/lib/python3.12/site-packages/airflow/example_dags/example_setup_teardown_taskflow.py for tasks to queue
[2024-12-20T05:38:58.131+0000] {logging_mixin.py:190} INFO - [2024-12-20T05:38:58.131+0000] {dagbag.py:588} INFO - Filling up the DagBag from /home/airflow/.local/lib/python3.12/site-packages/airflow/example_dags/example_setup_teardown_taskflow.py
[2024-12-20T05:38:58.154+0000] {processor.py:925} INFO - DAG(s) 'example_setup_teardown_taskflow' retrieved from /home/airflow/.local/lib/python3.12/site-packages/airflow/example_dags/example_setup_teardown_taskflow.py
[2024-12-20T05:38:58.201+0000] {logging_mixin.py:190} INFO - [2024-12-20T05:38:58.200+0000] {dag.py:3239} INFO - Sync 1 DAGs
[2024-12-20T05:38:58.241+0000] {logging_mixin.py:190} INFO - [2024-12-20T05:38:58.240+0000] {dag.py:4180} INFO - Setting next_dagrun for example_setup_teardown_taskflow to None, run_after=None
[2024-12-20T05:38:58.318+0000] {processor.py:208} INFO - Processing /home/airflow/.local/lib/python3.12/site-packages/airflow/example_dags/example_setup_teardown_taskflow.py took 0.209 seconds
[2024-12-20T05:39:28.853+0000] {processor.py:186} INFO - Started process (PID=13806) to work on /home/airflow/.local/lib/python3.12/site-packages/airflow/example_dags/example_setup_teardown_taskflow.py
[2024-12-20T05:39:28.855+0000] {processor.py:914} INFO - Processing file /home/airflow/.local/lib/python3.12/site-packages/airflow/example_dags/example_setup_teardown_taskflow.py for tasks to queue
[2024-12-20T05:39:28.858+0000] {logging_mixin.py:190} INFO - [2024-12-20T05:39:28.858+0000] {dagbag.py:588} INFO - Filling up the DagBag from /home/airflow/.local/lib/python3.12/site-packages/airflow/example_dags/example_setup_teardown_taskflow.py
[2024-12-20T05:39:28.875+0000] {processor.py:925} INFO - DAG(s) 'example_setup_teardown_taskflow' retrieved from /home/airflow/.local/lib/python3.12/site-packages/airflow/example_dags/example_setup_teardown_taskflow.py
[2024-12-20T05:39:28.903+0000] {logging_mixin.py:190} INFO - [2024-12-20T05:39:28.903+0000] {dag.py:3239} INFO - Sync 1 DAGs
[2024-12-20T05:39:28.920+0000] {logging_mixin.py:190} INFO - [2024-12-20T05:39:28.920+0000] {dag.py:4180} INFO - Setting next_dagrun for example_setup_teardown_taskflow to None, run_after=None
[2024-12-20T05:39:28.982+0000] {processor.py:208} INFO - Processing /home/airflow/.local/lib/python3.12/site-packages/airflow/example_dags/example_setup_teardown_taskflow.py took 0.138 seconds
[2024-12-20T05:39:59.713+0000] {processor.py:186} INFO - Started process (PID=13871) to work on /home/airflow/.local/lib/python3.12/site-packages/airflow/example_dags/example_setup_teardown_taskflow.py
[2024-12-20T05:39:59.715+0000] {processor.py:914} INFO - Processing file /home/airflow/.local/lib/python3.12/site-packages/airflow/example_dags/example_setup_teardown_taskflow.py for tasks to queue
[2024-12-20T05:39:59.720+0000] {logging_mixin.py:190} INFO - [2024-12-20T05:39:59.720+0000] {dagbag.py:588} INFO - Filling up the DagBag from /home/airflow/.local/lib/python3.12/site-packages/airflow/example_dags/example_setup_teardown_taskflow.py
[2024-12-20T05:39:59.744+0000] {processor.py:925} INFO - DAG(s) 'example_setup_teardown_taskflow' retrieved from /home/airflow/.local/lib/python3.12/site-packages/airflow/example_dags/example_setup_teardown_taskflow.py
[2024-12-20T05:39:59.788+0000] {logging_mixin.py:190} INFO - [2024-12-20T05:39:59.787+0000] {dag.py:3239} INFO - Sync 1 DAGs
[2024-12-20T05:39:59.820+0000] {logging_mixin.py:190} INFO - [2024-12-20T05:39:59.820+0000] {dag.py:4180} INFO - Setting next_dagrun for example_setup_teardown_taskflow to None, run_after=None
[2024-12-20T05:39:59.904+0000] {processor.py:208} INFO - Processing /home/airflow/.local/lib/python3.12/site-packages/airflow/example_dags/example_setup_teardown_taskflow.py took 0.203 seconds
[2024-12-20T05:40:30.733+0000] {processor.py:186} INFO - Started process (PID=13936) to work on /home/airflow/.local/lib/python3.12/site-packages/airflow/example_dags/example_setup_teardown_taskflow.py
[2024-12-20T05:40:30.734+0000] {processor.py:914} INFO - Processing file /home/airflow/.local/lib/python3.12/site-packages/airflow/example_dags/example_setup_teardown_taskflow.py for tasks to queue
[2024-12-20T05:40:30.738+0000] {logging_mixin.py:190} INFO - [2024-12-20T05:40:30.737+0000] {dagbag.py:588} INFO - Filling up the DagBag from /home/airflow/.local/lib/python3.12/site-packages/airflow/example_dags/example_setup_teardown_taskflow.py
[2024-12-20T05:40:30.758+0000] {processor.py:925} INFO - DAG(s) 'example_setup_teardown_taskflow' retrieved from /home/airflow/.local/lib/python3.12/site-packages/airflow/example_dags/example_setup_teardown_taskflow.py
[2024-12-20T05:40:30.793+0000] {logging_mixin.py:190} INFO - [2024-12-20T05:40:30.792+0000] {dag.py:3239} INFO - Sync 1 DAGs
[2024-12-20T05:40:30.817+0000] {logging_mixin.py:190} INFO - [2024-12-20T05:40:30.816+0000] {dag.py:4180} INFO - Setting next_dagrun for example_setup_teardown_taskflow to None, run_after=None
[2024-12-20T05:40:30.887+0000] {processor.py:208} INFO - Processing /home/airflow/.local/lib/python3.12/site-packages/airflow/example_dags/example_setup_teardown_taskflow.py took 0.163 seconds
[2024-12-20T05:41:04.052+0000] {processor.py:186} INFO - Started process (PID=14001) to work on /home/airflow/.local/lib/python3.12/site-packages/airflow/example_dags/example_setup_teardown_taskflow.py
[2024-12-20T05:41:04.055+0000] {processor.py:914} INFO - Processing file /home/airflow/.local/lib/python3.12/site-packages/airflow/example_dags/example_setup_teardown_taskflow.py for tasks to queue
[2024-12-20T05:41:04.064+0000] {logging_mixin.py:190} INFO - [2024-12-20T05:41:04.062+0000] {dagbag.py:588} INFO - Filling up the DagBag from /home/airflow/.local/lib/python3.12/site-packages/airflow/example_dags/example_setup_teardown_taskflow.py
[2024-12-20T05:41:04.096+0000] {processor.py:925} INFO - DAG(s) 'example_setup_teardown_taskflow' retrieved from /home/airflow/.local/lib/python3.12/site-packages/airflow/example_dags/example_setup_teardown_taskflow.py
[2024-12-20T05:41:04.179+0000] {logging_mixin.py:190} INFO - [2024-12-20T05:41:04.178+0000] {dag.py:3239} INFO - Sync 1 DAGs
[2024-12-20T05:41:04.247+0000] {logging_mixin.py:190} INFO - [2024-12-20T05:41:04.246+0000] {dag.py:4180} INFO - Setting next_dagrun for example_setup_teardown_taskflow to None, run_after=None
[2024-12-20T05:41:04.365+0000] {processor.py:208} INFO - Processing /home/airflow/.local/lib/python3.12/site-packages/airflow/example_dags/example_setup_teardown_taskflow.py took 0.332 seconds
[2024-12-20T05:41:35.148+0000] {processor.py:186} INFO - Started process (PID=14069) to work on /home/airflow/.local/lib/python3.12/site-packages/airflow/example_dags/example_setup_teardown_taskflow.py
[2024-12-20T05:41:35.151+0000] {processor.py:914} INFO - Processing file /home/airflow/.local/lib/python3.12/site-packages/airflow/example_dags/example_setup_teardown_taskflow.py for tasks to queue
[2024-12-20T05:41:35.160+0000] {logging_mixin.py:190} INFO - [2024-12-20T05:41:35.159+0000] {dagbag.py:588} INFO - Filling up the DagBag from /home/airflow/.local/lib/python3.12/site-packages/airflow/example_dags/example_setup_teardown_taskflow.py
[2024-12-20T05:41:35.213+0000] {processor.py:925} INFO - DAG(s) 'example_setup_teardown_taskflow' retrieved from /home/airflow/.local/lib/python3.12/site-packages/airflow/example_dags/example_setup_teardown_taskflow.py
[2024-12-20T05:41:35.303+0000] {logging_mixin.py:190} INFO - [2024-12-20T05:41:35.302+0000] {dag.py:3239} INFO - Sync 1 DAGs
[2024-12-20T05:41:35.364+0000] {logging_mixin.py:190} INFO - [2024-12-20T05:41:35.363+0000] {dag.py:4180} INFO - Setting next_dagrun for example_setup_teardown_taskflow to None, run_after=None
[2024-12-20T05:41:35.434+0000] {processor.py:208} INFO - Processing /home/airflow/.local/lib/python3.12/site-packages/airflow/example_dags/example_setup_teardown_taskflow.py took 0.307 seconds
[2024-12-20T05:42:07.437+0000] {processor.py:186} INFO - Started process (PID=14134) to work on /home/airflow/.local/lib/python3.12/site-packages/airflow/example_dags/example_setup_teardown_taskflow.py
[2024-12-20T05:42:07.440+0000] {processor.py:914} INFO - Processing file /home/airflow/.local/lib/python3.12/site-packages/airflow/example_dags/example_setup_teardown_taskflow.py for tasks to queue
[2024-12-20T05:42:07.448+0000] {logging_mixin.py:190} INFO - [2024-12-20T05:42:07.447+0000] {dagbag.py:588} INFO - Filling up the DagBag from /home/airflow/.local/lib/python3.12/site-packages/airflow/example_dags/example_setup_teardown_taskflow.py
[2024-12-20T05:42:07.480+0000] {processor.py:925} INFO - DAG(s) 'example_setup_teardown_taskflow' retrieved from /home/airflow/.local/lib/python3.12/site-packages/airflow/example_dags/example_setup_teardown_taskflow.py
[2024-12-20T05:42:07.548+0000] {logging_mixin.py:190} INFO - [2024-12-20T05:42:07.547+0000] {dag.py:3239} INFO - Sync 1 DAGs
[2024-12-20T05:42:07.593+0000] {logging_mixin.py:190} INFO - [2024-12-20T05:42:07.592+0000] {dag.py:4180} INFO - Setting next_dagrun for example_setup_teardown_taskflow to None, run_after=None
[2024-12-20T05:42:07.644+0000] {processor.py:208} INFO - Processing /home/airflow/.local/lib/python3.12/site-packages/airflow/example_dags/example_setup_teardown_taskflow.py took 0.224 seconds
[2024-12-20T05:42:38.149+0000] {processor.py:186} INFO - Started process (PID=14199) to work on /home/airflow/.local/lib/python3.12/site-packages/airflow/example_dags/example_setup_teardown_taskflow.py
[2024-12-20T05:42:38.152+0000] {processor.py:914} INFO - Processing file /home/airflow/.local/lib/python3.12/site-packages/airflow/example_dags/example_setup_teardown_taskflow.py for tasks to queue
[2024-12-20T05:42:38.160+0000] {logging_mixin.py:190} INFO - [2024-12-20T05:42:38.159+0000] {dagbag.py:588} INFO - Filling up the DagBag from /home/airflow/.local/lib/python3.12/site-packages/airflow/example_dags/example_setup_teardown_taskflow.py
[2024-12-20T05:42:38.199+0000] {processor.py:925} INFO - DAG(s) 'example_setup_teardown_taskflow' retrieved from /home/airflow/.local/lib/python3.12/site-packages/airflow/example_dags/example_setup_teardown_taskflow.py
[2024-12-20T05:42:38.269+0000] {logging_mixin.py:190} INFO - [2024-12-20T05:42:38.268+0000] {dag.py:3239} INFO - Sync 1 DAGs
[2024-12-20T05:42:38.320+0000] {logging_mixin.py:190} INFO - [2024-12-20T05:42:38.319+0000] {dag.py:4180} INFO - Setting next_dagrun for example_setup_teardown_taskflow to None, run_after=None
[2024-12-20T05:42:38.420+0000] {processor.py:208} INFO - Processing /home/airflow/.local/lib/python3.12/site-packages/airflow/example_dags/example_setup_teardown_taskflow.py took 0.291 seconds
[2024-12-20T05:43:11.637+0000] {processor.py:186} INFO - Started process (PID=14265) to work on /home/airflow/.local/lib/python3.12/site-packages/airflow/example_dags/example_setup_teardown_taskflow.py
[2024-12-20T05:43:11.639+0000] {processor.py:914} INFO - Processing file /home/airflow/.local/lib/python3.12/site-packages/airflow/example_dags/example_setup_teardown_taskflow.py for tasks to queue
[2024-12-20T05:43:11.645+0000] {logging_mixin.py:190} INFO - [2024-12-20T05:43:11.644+0000] {dagbag.py:588} INFO - Filling up the DagBag from /home/airflow/.local/lib/python3.12/site-packages/airflow/example_dags/example_setup_teardown_taskflow.py
[2024-12-20T05:43:11.670+0000] {processor.py:925} INFO - DAG(s) 'example_setup_teardown_taskflow' retrieved from /home/airflow/.local/lib/python3.12/site-packages/airflow/example_dags/example_setup_teardown_taskflow.py
[2024-12-20T05:43:11.719+0000] {logging_mixin.py:190} INFO - [2024-12-20T05:43:11.718+0000] {dag.py:3239} INFO - Sync 1 DAGs
[2024-12-20T05:43:11.750+0000] {logging_mixin.py:190} INFO - [2024-12-20T05:43:11.750+0000] {dag.py:4180} INFO - Setting next_dagrun for example_setup_teardown_taskflow to None, run_after=None
[2024-12-20T05:43:11.790+0000] {processor.py:208} INFO - Processing /home/airflow/.local/lib/python3.12/site-packages/airflow/example_dags/example_setup_teardown_taskflow.py took 0.164 seconds
[2024-12-20T05:43:43.717+0000] {processor.py:186} INFO - Started process (PID=14330) to work on /home/airflow/.local/lib/python3.12/site-packages/airflow/example_dags/example_setup_teardown_taskflow.py
[2024-12-20T05:43:43.720+0000] {processor.py:914} INFO - Processing file /home/airflow/.local/lib/python3.12/site-packages/airflow/example_dags/example_setup_teardown_taskflow.py for tasks to queue
[2024-12-20T05:43:43.731+0000] {logging_mixin.py:190} INFO - [2024-12-20T05:43:43.730+0000] {dagbag.py:588} INFO - Filling up the DagBag from /home/airflow/.local/lib/python3.12/site-packages/airflow/example_dags/example_setup_teardown_taskflow.py
[2024-12-20T05:43:43.781+0000] {processor.py:925} INFO - DAG(s) 'example_setup_teardown_taskflow' retrieved from /home/airflow/.local/lib/python3.12/site-packages/airflow/example_dags/example_setup_teardown_taskflow.py
[2024-12-20T05:43:43.867+0000] {logging_mixin.py:190} INFO - [2024-12-20T05:43:43.866+0000] {dag.py:3239} INFO - Sync 1 DAGs
[2024-12-20T05:43:43.935+0000] {logging_mixin.py:190} INFO - [2024-12-20T05:43:43.935+0000] {dag.py:4180} INFO - Setting next_dagrun for example_setup_teardown_taskflow to None, run_after=None
[2024-12-20T05:43:44.038+0000] {processor.py:208} INFO - Processing /home/airflow/.local/lib/python3.12/site-packages/airflow/example_dags/example_setup_teardown_taskflow.py took 0.344 seconds
[2024-12-20T05:44:14.678+0000] {processor.py:186} INFO - Started process (PID=14395) to work on /home/airflow/.local/lib/python3.12/site-packages/airflow/example_dags/example_setup_teardown_taskflow.py
[2024-12-20T05:44:14.682+0000] {processor.py:914} INFO - Processing file /home/airflow/.local/lib/python3.12/site-packages/airflow/example_dags/example_setup_teardown_taskflow.py for tasks to queue
[2024-12-20T05:44:14.691+0000] {logging_mixin.py:190} INFO - [2024-12-20T05:44:14.690+0000] {dagbag.py:588} INFO - Filling up the DagBag from /home/airflow/.local/lib/python3.12/site-packages/airflow/example_dags/example_setup_teardown_taskflow.py
[2024-12-20T05:44:14.727+0000] {processor.py:925} INFO - DAG(s) 'example_setup_teardown_taskflow' retrieved from /home/airflow/.local/lib/python3.12/site-packages/airflow/example_dags/example_setup_teardown_taskflow.py
[2024-12-20T05:44:14.787+0000] {logging_mixin.py:190} INFO - [2024-12-20T05:44:14.787+0000] {dag.py:3239} INFO - Sync 1 DAGs
[2024-12-20T05:44:14.828+0000] {logging_mixin.py:190} INFO - [2024-12-20T05:44:14.827+0000] {dag.py:4180} INFO - Setting next_dagrun for example_setup_teardown_taskflow to None, run_after=None
[2024-12-20T05:44:14.910+0000] {processor.py:208} INFO - Processing /home/airflow/.local/lib/python3.12/site-packages/airflow/example_dags/example_setup_teardown_taskflow.py took 0.252 seconds
[2024-12-20T05:44:45.259+0000] {processor.py:186} INFO - Started process (PID=14459) to work on /home/airflow/.local/lib/python3.12/site-packages/airflow/example_dags/example_setup_teardown_taskflow.py
[2024-12-20T05:44:45.262+0000] {processor.py:914} INFO - Processing file /home/airflow/.local/lib/python3.12/site-packages/airflow/example_dags/example_setup_teardown_taskflow.py for tasks to queue
[2024-12-20T05:44:45.268+0000] {logging_mixin.py:190} INFO - [2024-12-20T05:44:45.267+0000] {dagbag.py:588} INFO - Filling up the DagBag from /home/airflow/.local/lib/python3.12/site-packages/airflow/example_dags/example_setup_teardown_taskflow.py
[2024-12-20T05:44:45.305+0000] {processor.py:925} INFO - DAG(s) 'example_setup_teardown_taskflow' retrieved from /home/airflow/.local/lib/python3.12/site-packages/airflow/example_dags/example_setup_teardown_taskflow.py
[2024-12-20T05:44:45.384+0000] {logging_mixin.py:190} INFO - [2024-12-20T05:44:45.383+0000] {dag.py:3239} INFO - Sync 1 DAGs
[2024-12-20T05:44:45.446+0000] {logging_mixin.py:190} INFO - [2024-12-20T05:44:45.446+0000] {dag.py:4180} INFO - Setting next_dagrun for example_setup_teardown_taskflow to None, run_after=None
[2024-12-20T05:44:45.510+0000] {processor.py:208} INFO - Processing /home/airflow/.local/lib/python3.12/site-packages/airflow/example_dags/example_setup_teardown_taskflow.py took 0.267 seconds
[2024-12-20T05:45:16.930+0000] {processor.py:186} INFO - Started process (PID=14524) to work on /home/airflow/.local/lib/python3.12/site-packages/airflow/example_dags/example_setup_teardown_taskflow.py
[2024-12-20T05:45:16.933+0000] {processor.py:914} INFO - Processing file /home/airflow/.local/lib/python3.12/site-packages/airflow/example_dags/example_setup_teardown_taskflow.py for tasks to queue
[2024-12-20T05:45:16.943+0000] {logging_mixin.py:190} INFO - [2024-12-20T05:45:16.942+0000] {dagbag.py:588} INFO - Filling up the DagBag from /home/airflow/.local/lib/python3.12/site-packages/airflow/example_dags/example_setup_teardown_taskflow.py
[2024-12-20T05:45:16.981+0000] {processor.py:925} INFO - DAG(s) 'example_setup_teardown_taskflow' retrieved from /home/airflow/.local/lib/python3.12/site-packages/airflow/example_dags/example_setup_teardown_taskflow.py
[2024-12-20T05:45:17.050+0000] {logging_mixin.py:190} INFO - [2024-12-20T05:45:17.049+0000] {dag.py:3239} INFO - Sync 1 DAGs
[2024-12-20T05:45:17.099+0000] {logging_mixin.py:190} INFO - [2024-12-20T05:45:17.099+0000] {dag.py:4180} INFO - Setting next_dagrun for example_setup_teardown_taskflow to None, run_after=None
[2024-12-20T05:45:17.168+0000] {processor.py:208} INFO - Processing /home/airflow/.local/lib/python3.12/site-packages/airflow/example_dags/example_setup_teardown_taskflow.py took 0.258 seconds
[2024-12-20T05:45:47.378+0000] {processor.py:186} INFO - Started process (PID=14589) to work on /home/airflow/.local/lib/python3.12/site-packages/airflow/example_dags/example_setup_teardown_taskflow.py
[2024-12-20T05:45:47.380+0000] {processor.py:914} INFO - Processing file /home/airflow/.local/lib/python3.12/site-packages/airflow/example_dags/example_setup_teardown_taskflow.py for tasks to queue
[2024-12-20T05:45:47.385+0000] {logging_mixin.py:190} INFO - [2024-12-20T05:45:47.384+0000] {dagbag.py:588} INFO - Filling up the DagBag from /home/airflow/.local/lib/python3.12/site-packages/airflow/example_dags/example_setup_teardown_taskflow.py
[2024-12-20T05:45:47.411+0000] {processor.py:925} INFO - DAG(s) 'example_setup_teardown_taskflow' retrieved from /home/airflow/.local/lib/python3.12/site-packages/airflow/example_dags/example_setup_teardown_taskflow.py
[2024-12-20T05:45:47.456+0000] {logging_mixin.py:190} INFO - [2024-12-20T05:45:47.455+0000] {dag.py:3239} INFO - Sync 1 DAGs
[2024-12-20T05:45:47.495+0000] {logging_mixin.py:190} INFO - [2024-12-20T05:45:47.494+0000] {dag.py:4180} INFO - Setting next_dagrun for example_setup_teardown_taskflow to None, run_after=None
[2024-12-20T05:45:47.539+0000] {processor.py:208} INFO - Processing /home/airflow/.local/lib/python3.12/site-packages/airflow/example_dags/example_setup_teardown_taskflow.py took 0.173 seconds
[2024-12-20T05:46:17.706+0000] {processor.py:186} INFO - Started process (PID=14653) to work on /home/airflow/.local/lib/python3.12/site-packages/airflow/example_dags/example_setup_teardown_taskflow.py
[2024-12-20T05:46:17.709+0000] {processor.py:914} INFO - Processing file /home/airflow/.local/lib/python3.12/site-packages/airflow/example_dags/example_setup_teardown_taskflow.py for tasks to queue
[2024-12-20T05:46:17.720+0000] {logging_mixin.py:190} INFO - [2024-12-20T05:46:17.720+0000] {dagbag.py:588} INFO - Filling up the DagBag from /home/airflow/.local/lib/python3.12/site-packages/airflow/example_dags/example_setup_teardown_taskflow.py
[2024-12-20T05:46:17.767+0000] {processor.py:925} INFO - DAG(s) 'example_setup_teardown_taskflow' retrieved from /home/airflow/.local/lib/python3.12/site-packages/airflow/example_dags/example_setup_teardown_taskflow.py
[2024-12-20T05:46:17.831+0000] {logging_mixin.py:190} INFO - [2024-12-20T05:46:17.830+0000] {dag.py:3239} INFO - Sync 1 DAGs
[2024-12-20T05:46:17.874+0000] {logging_mixin.py:190} INFO - [2024-12-20T05:46:17.874+0000] {dag.py:4180} INFO - Setting next_dagrun for example_setup_teardown_taskflow to None, run_after=None
[2024-12-20T05:46:17.948+0000] {processor.py:208} INFO - Processing /home/airflow/.local/lib/python3.12/site-packages/airflow/example_dags/example_setup_teardown_taskflow.py took 0.257 seconds
[2024-12-20T05:46:48.108+0000] {processor.py:186} INFO - Started process (PID=14718) to work on /home/airflow/.local/lib/python3.12/site-packages/airflow/example_dags/example_setup_teardown_taskflow.py
[2024-12-20T05:46:48.109+0000] {processor.py:914} INFO - Processing file /home/airflow/.local/lib/python3.12/site-packages/airflow/example_dags/example_setup_teardown_taskflow.py for tasks to queue
[2024-12-20T05:46:48.113+0000] {logging_mixin.py:190} INFO - [2024-12-20T05:46:48.113+0000] {dagbag.py:588} INFO - Filling up the DagBag from /home/airflow/.local/lib/python3.12/site-packages/airflow/example_dags/example_setup_teardown_taskflow.py
[2024-12-20T05:46:48.129+0000] {processor.py:925} INFO - DAG(s) 'example_setup_teardown_taskflow' retrieved from /home/airflow/.local/lib/python3.12/site-packages/airflow/example_dags/example_setup_teardown_taskflow.py
[2024-12-20T05:46:48.163+0000] {logging_mixin.py:190} INFO - [2024-12-20T05:46:48.162+0000] {dag.py:3239} INFO - Sync 1 DAGs
[2024-12-20T05:46:48.185+0000] {logging_mixin.py:190} INFO - [2024-12-20T05:46:48.185+0000] {dag.py:4180} INFO - Setting next_dagrun for example_setup_teardown_taskflow to None, run_after=None
[2024-12-20T05:46:48.251+0000] {processor.py:208} INFO - Processing /home/airflow/.local/lib/python3.12/site-packages/airflow/example_dags/example_setup_teardown_taskflow.py took 0.152 seconds
[2024-12-20T05:47:18.864+0000] {processor.py:186} INFO - Started process (PID=14783) to work on /home/airflow/.local/lib/python3.12/site-packages/airflow/example_dags/example_setup_teardown_taskflow.py
[2024-12-20T05:47:18.867+0000] {processor.py:914} INFO - Processing file /home/airflow/.local/lib/python3.12/site-packages/airflow/example_dags/example_setup_teardown_taskflow.py for tasks to queue
[2024-12-20T05:47:18.877+0000] {logging_mixin.py:190} INFO - [2024-12-20T05:47:18.875+0000] {dagbag.py:588} INFO - Filling up the DagBag from /home/airflow/.local/lib/python3.12/site-packages/airflow/example_dags/example_setup_teardown_taskflow.py
[2024-12-20T05:47:18.924+0000] {processor.py:925} INFO - DAG(s) 'example_setup_teardown_taskflow' retrieved from /home/airflow/.local/lib/python3.12/site-packages/airflow/example_dags/example_setup_teardown_taskflow.py
[2024-12-20T05:47:19.002+0000] {logging_mixin.py:190} INFO - [2024-12-20T05:47:19.001+0000] {dag.py:3239} INFO - Sync 1 DAGs
[2024-12-20T05:47:19.060+0000] {logging_mixin.py:190} INFO - [2024-12-20T05:47:19.059+0000] {dag.py:4180} INFO - Setting next_dagrun for example_setup_teardown_taskflow to None, run_after=None
[2024-12-20T05:47:19.147+0000] {processor.py:208} INFO - Processing /home/airflow/.local/lib/python3.12/site-packages/airflow/example_dags/example_setup_teardown_taskflow.py took 0.303 seconds
[2024-12-20T05:48:01.454+0000] {processor.py:186} INFO - Started process (PID=14854) to work on /home/airflow/.local/lib/python3.12/site-packages/airflow/example_dags/example_setup_teardown_taskflow.py
[2024-12-20T05:48:01.478+0000] {processor.py:914} INFO - Processing file /home/airflow/.local/lib/python3.12/site-packages/airflow/example_dags/example_setup_teardown_taskflow.py for tasks to queue
[2024-12-20T05:48:01.528+0000] {logging_mixin.py:190} INFO - [2024-12-20T05:48:01.514+0000] {dagbag.py:588} INFO - Filling up the DagBag from /home/airflow/.local/lib/python3.12/site-packages/airflow/example_dags/example_setup_teardown_taskflow.py
[2024-12-20T05:48:01.757+0000] {processor.py:925} INFO - DAG(s) 'example_setup_teardown_taskflow' retrieved from /home/airflow/.local/lib/python3.12/site-packages/airflow/example_dags/example_setup_teardown_taskflow.py
[2024-12-20T05:48:02.082+0000] {logging_mixin.py:190} INFO - [2024-12-20T05:48:02.081+0000] {dag.py:3239} INFO - Sync 1 DAGs
[2024-12-20T05:48:02.259+0000] {logging_mixin.py:190} INFO - [2024-12-20T05:48:02.258+0000] {dag.py:4180} INFO - Setting next_dagrun for example_setup_teardown_taskflow to None, run_after=None
[2024-12-20T05:48:02.486+0000] {processor.py:208} INFO - Processing /home/airflow/.local/lib/python3.12/site-packages/airflow/example_dags/example_setup_teardown_taskflow.py took 1.114 seconds
[2024-12-20T09:18:52.782+0000] {processor.py:186} INFO - Started process (PID=84) to work on /home/airflow/.local/lib/python3.12/site-packages/airflow/example_dags/example_setup_teardown_taskflow.py
[2024-12-20T09:18:52.786+0000] {processor.py:914} INFO - Processing file /home/airflow/.local/lib/python3.12/site-packages/airflow/example_dags/example_setup_teardown_taskflow.py for tasks to queue
[2024-12-20T09:18:52.798+0000] {logging_mixin.py:190} INFO - [2024-12-20T09:18:52.796+0000] {dagbag.py:588} INFO - Filling up the DagBag from /home/airflow/.local/lib/python3.12/site-packages/airflow/example_dags/example_setup_teardown_taskflow.py
[2024-12-20T09:18:52.859+0000] {processor.py:925} INFO - DAG(s) 'example_setup_teardown_taskflow' retrieved from /home/airflow/.local/lib/python3.12/site-packages/airflow/example_dags/example_setup_teardown_taskflow.py
[2024-12-20T09:18:53.010+0000] {logging_mixin.py:190} INFO - [2024-12-20T09:18:53.009+0000] {dag.py:3239} INFO - Sync 1 DAGs
[2024-12-20T09:18:53.090+0000] {logging_mixin.py:190} INFO - [2024-12-20T09:18:53.089+0000] {dag.py:4180} INFO - Setting next_dagrun for example_setup_teardown_taskflow to None, run_after=None
[2024-12-20T09:18:53.167+0000] {processor.py:208} INFO - Processing /home/airflow/.local/lib/python3.12/site-packages/airflow/example_dags/example_setup_teardown_taskflow.py took 0.418 seconds
[2024-12-20T09:19:25.399+0000] {processor.py:186} INFO - Started process (PID=149) to work on /home/airflow/.local/lib/python3.12/site-packages/airflow/example_dags/example_setup_teardown_taskflow.py
[2024-12-20T09:19:25.402+0000] {processor.py:914} INFO - Processing file /home/airflow/.local/lib/python3.12/site-packages/airflow/example_dags/example_setup_teardown_taskflow.py for tasks to queue
[2024-12-20T09:19:25.407+0000] {logging_mixin.py:190} INFO - [2024-12-20T09:19:25.405+0000] {dagbag.py:588} INFO - Filling up the DagBag from /home/airflow/.local/lib/python3.12/site-packages/airflow/example_dags/example_setup_teardown_taskflow.py
[2024-12-20T09:19:25.441+0000] {processor.py:925} INFO - DAG(s) 'example_setup_teardown_taskflow' retrieved from /home/airflow/.local/lib/python3.12/site-packages/airflow/example_dags/example_setup_teardown_taskflow.py
[2024-12-20T09:19:25.502+0000] {logging_mixin.py:190} INFO - [2024-12-20T09:19:25.501+0000] {dag.py:3239} INFO - Sync 1 DAGs
[2024-12-20T09:19:25.552+0000] {logging_mixin.py:190} INFO - [2024-12-20T09:19:25.551+0000] {dag.py:4180} INFO - Setting next_dagrun for example_setup_teardown_taskflow to None, run_after=None
[2024-12-20T09:19:25.603+0000] {processor.py:208} INFO - Processing /home/airflow/.local/lib/python3.12/site-packages/airflow/example_dags/example_setup_teardown_taskflow.py took 0.224 seconds
[2024-12-20T09:20:04.406+0000] {processor.py:186} INFO - Started process (PID=219) to work on /home/airflow/.local/lib/python3.12/site-packages/airflow/example_dags/example_setup_teardown_taskflow.py
[2024-12-20T09:20:04.413+0000] {processor.py:914} INFO - Processing file /home/airflow/.local/lib/python3.12/site-packages/airflow/example_dags/example_setup_teardown_taskflow.py for tasks to queue
[2024-12-20T09:20:04.429+0000] {logging_mixin.py:190} INFO - [2024-12-20T09:20:04.418+0000] {dagbag.py:588} INFO - Filling up the DagBag from /home/airflow/.local/lib/python3.12/site-packages/airflow/example_dags/example_setup_teardown_taskflow.py
[2024-12-20T09:20:04.574+0000] {processor.py:925} INFO - DAG(s) 'example_setup_teardown_taskflow' retrieved from /home/airflow/.local/lib/python3.12/site-packages/airflow/example_dags/example_setup_teardown_taskflow.py
[2024-12-20T09:20:04.743+0000] {logging_mixin.py:190} INFO - [2024-12-20T09:20:04.742+0000] {dag.py:3239} INFO - Sync 1 DAGs
[2024-12-20T09:20:04.875+0000] {logging_mixin.py:190} INFO - [2024-12-20T09:20:04.867+0000] {dag.py:4180} INFO - Setting next_dagrun for example_setup_teardown_taskflow to None, run_after=None
[2024-12-20T09:20:05.060+0000] {processor.py:208} INFO - Processing /home/airflow/.local/lib/python3.12/site-packages/airflow/example_dags/example_setup_teardown_taskflow.py took 0.702 seconds
[2024-12-20T09:20:46.374+0000] {processor.py:186} INFO - Started process (PID=291) to work on /home/airflow/.local/lib/python3.12/site-packages/airflow/example_dags/example_setup_teardown_taskflow.py
[2024-12-20T09:20:46.382+0000] {processor.py:914} INFO - Processing file /home/airflow/.local/lib/python3.12/site-packages/airflow/example_dags/example_setup_teardown_taskflow.py for tasks to queue
[2024-12-20T09:20:46.393+0000] {logging_mixin.py:190} INFO - [2024-12-20T09:20:46.392+0000] {dagbag.py:588} INFO - Filling up the DagBag from /home/airflow/.local/lib/python3.12/site-packages/airflow/example_dags/example_setup_teardown_taskflow.py
[2024-12-20T09:20:46.453+0000] {processor.py:925} INFO - DAG(s) 'example_setup_teardown_taskflow' retrieved from /home/airflow/.local/lib/python3.12/site-packages/airflow/example_dags/example_setup_teardown_taskflow.py
[2024-12-20T09:20:46.691+0000] {logging_mixin.py:190} INFO - [2024-12-20T09:20:46.689+0000] {dag.py:3239} INFO - Sync 1 DAGs
[2024-12-20T09:20:46.901+0000] {logging_mixin.py:190} INFO - [2024-12-20T09:20:46.900+0000] {dag.py:4180} INFO - Setting next_dagrun for example_setup_teardown_taskflow to None, run_after=None
[2024-12-20T09:20:47.033+0000] {processor.py:208} INFO - Processing /home/airflow/.local/lib/python3.12/site-packages/airflow/example_dags/example_setup_teardown_taskflow.py took 0.720 seconds
[2024-12-20T09:21:36.463+0000] {processor.py:186} INFO - Started process (PID=377) to work on /home/airflow/.local/lib/python3.12/site-packages/airflow/example_dags/example_setup_teardown_taskflow.py
[2024-12-20T09:21:36.499+0000] {processor.py:914} INFO - Processing file /home/airflow/.local/lib/python3.12/site-packages/airflow/example_dags/example_setup_teardown_taskflow.py for tasks to queue
[2024-12-20T09:21:36.541+0000] {logging_mixin.py:190} INFO - [2024-12-20T09:21:36.534+0000] {dagbag.py:588} INFO - Filling up the DagBag from /home/airflow/.local/lib/python3.12/site-packages/airflow/example_dags/example_setup_teardown_taskflow.py
[2024-12-20T09:21:36.642+0000] {processor.py:925} INFO - DAG(s) 'example_setup_teardown_taskflow' retrieved from /home/airflow/.local/lib/python3.12/site-packages/airflow/example_dags/example_setup_teardown_taskflow.py
[2024-12-20T09:21:36.853+0000] {logging_mixin.py:190} INFO - [2024-12-20T09:21:36.852+0000] {dag.py:3239} INFO - Sync 1 DAGs
[2024-12-20T09:21:36.968+0000] {logging_mixin.py:190} INFO - [2024-12-20T09:21:36.966+0000] {dag.py:4180} INFO - Setting next_dagrun for example_setup_teardown_taskflow to None, run_after=None
[2024-12-20T09:21:37.107+0000] {processor.py:208} INFO - Processing /home/airflow/.local/lib/python3.12/site-packages/airflow/example_dags/example_setup_teardown_taskflow.py took 0.729 seconds
[2024-12-20T09:22:44.229+0000] {processor.py:186} INFO - Started process (PID=462) to work on /home/airflow/.local/lib/python3.12/site-packages/airflow/example_dags/example_setup_teardown_taskflow.py
[2024-12-20T09:22:44.234+0000] {processor.py:914} INFO - Processing file /home/airflow/.local/lib/python3.12/site-packages/airflow/example_dags/example_setup_teardown_taskflow.py for tasks to queue
[2024-12-20T09:22:44.245+0000] {logging_mixin.py:190} INFO - [2024-12-20T09:22:44.244+0000] {dagbag.py:588} INFO - Filling up the DagBag from /home/airflow/.local/lib/python3.12/site-packages/airflow/example_dags/example_setup_teardown_taskflow.py
[2024-12-20T09:22:44.304+0000] {processor.py:925} INFO - DAG(s) 'example_setup_teardown_taskflow' retrieved from /home/airflow/.local/lib/python3.12/site-packages/airflow/example_dags/example_setup_teardown_taskflow.py
[2024-12-20T09:22:44.501+0000] {logging_mixin.py:190} INFO - [2024-12-20T09:22:44.500+0000] {dag.py:3239} INFO - Sync 1 DAGs
[2024-12-20T09:22:44.608+0000] {logging_mixin.py:190} INFO - [2024-12-20T09:22:44.606+0000] {dag.py:4180} INFO - Setting next_dagrun for example_setup_teardown_taskflow to None, run_after=None
[2024-12-20T09:22:44.789+0000] {processor.py:208} INFO - Processing /home/airflow/.local/lib/python3.12/site-packages/airflow/example_dags/example_setup_teardown_taskflow.py took 0.599 seconds
[2024-12-20T09:23:21.093+0000] {processor.py:186} INFO - Started process (PID=528) to work on /home/airflow/.local/lib/python3.12/site-packages/airflow/example_dags/example_setup_teardown_taskflow.py
[2024-12-20T09:23:21.096+0000] {processor.py:914} INFO - Processing file /home/airflow/.local/lib/python3.12/site-packages/airflow/example_dags/example_setup_teardown_taskflow.py for tasks to queue
[2024-12-20T09:23:21.101+0000] {logging_mixin.py:190} INFO - [2024-12-20T09:23:21.100+0000] {dagbag.py:588} INFO - Filling up the DagBag from /home/airflow/.local/lib/python3.12/site-packages/airflow/example_dags/example_setup_teardown_taskflow.py
[2024-12-20T09:23:21.141+0000] {processor.py:925} INFO - DAG(s) 'example_setup_teardown_taskflow' retrieved from /home/airflow/.local/lib/python3.12/site-packages/airflow/example_dags/example_setup_teardown_taskflow.py
[2024-12-20T09:23:21.233+0000] {logging_mixin.py:190} INFO - [2024-12-20T09:23:21.232+0000] {dag.py:3239} INFO - Sync 1 DAGs
[2024-12-20T09:23:21.318+0000] {logging_mixin.py:190} INFO - [2024-12-20T09:23:21.318+0000] {dag.py:4180} INFO - Setting next_dagrun for example_setup_teardown_taskflow to None, run_after=None
[2024-12-20T09:23:21.424+0000] {processor.py:208} INFO - Processing /home/airflow/.local/lib/python3.12/site-packages/airflow/example_dags/example_setup_teardown_taskflow.py took 0.352 seconds
[2024-12-20T09:23:51.997+0000] {processor.py:186} INFO - Started process (PID=593) to work on /home/airflow/.local/lib/python3.12/site-packages/airflow/example_dags/example_setup_teardown_taskflow.py
[2024-12-20T09:23:52.000+0000] {processor.py:914} INFO - Processing file /home/airflow/.local/lib/python3.12/site-packages/airflow/example_dags/example_setup_teardown_taskflow.py for tasks to queue
[2024-12-20T09:23:52.003+0000] {logging_mixin.py:190} INFO - [2024-12-20T09:23:52.002+0000] {dagbag.py:588} INFO - Filling up the DagBag from /home/airflow/.local/lib/python3.12/site-packages/airflow/example_dags/example_setup_teardown_taskflow.py
[2024-12-20T09:23:52.041+0000] {processor.py:925} INFO - DAG(s) 'example_setup_teardown_taskflow' retrieved from /home/airflow/.local/lib/python3.12/site-packages/airflow/example_dags/example_setup_teardown_taskflow.py
[2024-12-20T09:23:52.097+0000] {logging_mixin.py:190} INFO - [2024-12-20T09:23:52.096+0000] {dag.py:3239} INFO - Sync 1 DAGs
[2024-12-20T09:23:52.135+0000] {logging_mixin.py:190} INFO - [2024-12-20T09:23:52.135+0000] {dag.py:4180} INFO - Setting next_dagrun for example_setup_teardown_taskflow to None, run_after=None
[2024-12-20T09:23:52.177+0000] {processor.py:208} INFO - Processing /home/airflow/.local/lib/python3.12/site-packages/airflow/example_dags/example_setup_teardown_taskflow.py took 0.194 seconds
[2024-12-20T09:24:23.266+0000] {processor.py:186} INFO - Started process (PID=659) to work on /home/airflow/.local/lib/python3.12/site-packages/airflow/example_dags/example_setup_teardown_taskflow.py
[2024-12-20T09:24:23.268+0000] {processor.py:914} INFO - Processing file /home/airflow/.local/lib/python3.12/site-packages/airflow/example_dags/example_setup_teardown_taskflow.py for tasks to queue
[2024-12-20T09:24:23.272+0000] {logging_mixin.py:190} INFO - [2024-12-20T09:24:23.271+0000] {dagbag.py:588} INFO - Filling up the DagBag from /home/airflow/.local/lib/python3.12/site-packages/airflow/example_dags/example_setup_teardown_taskflow.py
[2024-12-20T09:24:23.313+0000] {processor.py:925} INFO - DAG(s) 'example_setup_teardown_taskflow' retrieved from /home/airflow/.local/lib/python3.12/site-packages/airflow/example_dags/example_setup_teardown_taskflow.py
[2024-12-20T09:24:23.378+0000] {logging_mixin.py:190} INFO - [2024-12-20T09:24:23.378+0000] {dag.py:3239} INFO - Sync 1 DAGs
[2024-12-20T09:24:23.425+0000] {logging_mixin.py:190} INFO - [2024-12-20T09:24:23.424+0000] {dag.py:4180} INFO - Setting next_dagrun for example_setup_teardown_taskflow to None, run_after=None
[2024-12-20T09:24:23.484+0000] {processor.py:208} INFO - Processing /home/airflow/.local/lib/python3.12/site-packages/airflow/example_dags/example_setup_teardown_taskflow.py took 0.237 seconds
[2024-12-20T09:24:54.879+0000] {processor.py:186} INFO - Started process (PID=724) to work on /home/airflow/.local/lib/python3.12/site-packages/airflow/example_dags/example_setup_teardown_taskflow.py
[2024-12-20T09:24:54.881+0000] {processor.py:914} INFO - Processing file /home/airflow/.local/lib/python3.12/site-packages/airflow/example_dags/example_setup_teardown_taskflow.py for tasks to queue
[2024-12-20T09:24:54.883+0000] {logging_mixin.py:190} INFO - [2024-12-20T09:24:54.883+0000] {dagbag.py:588} INFO - Filling up the DagBag from /home/airflow/.local/lib/python3.12/site-packages/airflow/example_dags/example_setup_teardown_taskflow.py
[2024-12-20T09:24:54.906+0000] {processor.py:925} INFO - DAG(s) 'example_setup_teardown_taskflow' retrieved from /home/airflow/.local/lib/python3.12/site-packages/airflow/example_dags/example_setup_teardown_taskflow.py
[2024-12-20T09:24:54.951+0000] {logging_mixin.py:190} INFO - [2024-12-20T09:24:54.951+0000] {dag.py:3239} INFO - Sync 1 DAGs
[2024-12-20T09:24:54.982+0000] {logging_mixin.py:190} INFO - [2024-12-20T09:24:54.982+0000] {dag.py:4180} INFO - Setting next_dagrun for example_setup_teardown_taskflow to None, run_after=None
[2024-12-20T09:24:55.057+0000] {processor.py:208} INFO - Processing /home/airflow/.local/lib/python3.12/site-packages/airflow/example_dags/example_setup_teardown_taskflow.py took 0.190 seconds
