[2024-12-20T05:27:59.720+0000] {processor.py:186} INFO - Started process (PID=12465) to work on /home/airflow/.local/lib/python3.12/site-packages/airflow/example_dags/example_params_ui_tutorial.py
[2024-12-20T05:27:59.722+0000] {processor.py:914} INFO - Processing file /home/airflow/.local/lib/python3.12/site-packages/airflow/example_dags/example_params_ui_tutorial.py for tasks to queue
[2024-12-20T05:27:59.738+0000] {logging_mixin.py:190} INFO - [2024-12-20T05:27:59.737+0000] {dagbag.py:588} INFO - Filling up the DagBag from /home/airflow/.local/lib/python3.12/site-packages/airflow/example_dags/example_params_ui_tutorial.py
[2024-12-20T05:27:59.806+0000] {processor.py:925} INFO - DAG(s) 'example_params_ui_tutorial' retrieved from /home/airflow/.local/lib/python3.12/site-packages/airflow/example_dags/example_params_ui_tutorial.py
[2024-12-20T05:28:00.670+0000] {logging_mixin.py:190} INFO - [2024-12-20T05:28:00.670+0000] {dag.py:3239} INFO - Sync 1 DAGs
[2024-12-20T05:28:00.729+0000] {logging_mixin.py:190} INFO - [2024-12-20T05:28:00.728+0000] {dag.py:4180} INFO - Setting next_dagrun for example_params_ui_tutorial to None, run_after=None
[2024-12-20T05:28:00.855+0000] {processor.py:208} INFO - Processing /home/airflow/.local/lib/python3.12/site-packages/airflow/example_dags/example_params_ui_tutorial.py took 1.166 seconds
[2024-12-20T05:28:52.947+0000] {processor.py:186} INFO - Started process (PID=12526) to work on /home/airflow/.local/lib/python3.12/site-packages/airflow/example_dags/example_params_ui_tutorial.py
[2024-12-20T05:28:52.950+0000] {processor.py:914} INFO - Processing file /home/airflow/.local/lib/python3.12/site-packages/airflow/example_dags/example_params_ui_tutorial.py for tasks to queue
[2024-12-20T05:28:52.970+0000] {logging_mixin.py:190} INFO - [2024-12-20T05:28:52.969+0000] {dagbag.py:588} INFO - Filling up the DagBag from /home/airflow/.local/lib/python3.12/site-packages/airflow/example_dags/example_params_ui_tutorial.py
[2024-12-20T05:28:53.046+0000] {processor.py:925} INFO - DAG(s) 'example_params_ui_tutorial' retrieved from /home/airflow/.local/lib/python3.12/site-packages/airflow/example_dags/example_params_ui_tutorial.py
[2024-12-20T05:28:53.299+0000] {logging_mixin.py:190} INFO - [2024-12-20T05:28:53.298+0000] {dag.py:3239} INFO - Sync 1 DAGs
[2024-12-20T05:28:53.434+0000] {logging_mixin.py:190} INFO - [2024-12-20T05:28:53.433+0000] {dag.py:4180} INFO - Setting next_dagrun for example_params_ui_tutorial to None, run_after=None
[2024-12-20T05:28:53.627+0000] {processor.py:208} INFO - Processing /home/airflow/.local/lib/python3.12/site-packages/airflow/example_dags/example_params_ui_tutorial.py took 0.735 seconds
[2024-12-20T05:29:25.282+0000] {processor.py:186} INFO - Started process (PID=12588) to work on /home/airflow/.local/lib/python3.12/site-packages/airflow/example_dags/example_params_ui_tutorial.py
[2024-12-20T05:29:25.288+0000] {processor.py:914} INFO - Processing file /home/airflow/.local/lib/python3.12/site-packages/airflow/example_dags/example_params_ui_tutorial.py for tasks to queue
[2024-12-20T05:29:25.299+0000] {logging_mixin.py:190} INFO - [2024-12-20T05:29:25.298+0000] {dagbag.py:588} INFO - Filling up the DagBag from /home/airflow/.local/lib/python3.12/site-packages/airflow/example_dags/example_params_ui_tutorial.py
[2024-12-20T05:29:25.342+0000] {processor.py:925} INFO - DAG(s) 'example_params_ui_tutorial' retrieved from /home/airflow/.local/lib/python3.12/site-packages/airflow/example_dags/example_params_ui_tutorial.py
[2024-12-20T05:29:25.549+0000] {logging_mixin.py:190} INFO - [2024-12-20T05:29:25.548+0000] {dag.py:3239} INFO - Sync 1 DAGs
[2024-12-20T05:29:25.620+0000] {logging_mixin.py:190} INFO - [2024-12-20T05:29:25.620+0000] {dag.py:4180} INFO - Setting next_dagrun for example_params_ui_tutorial to None, run_after=None
[2024-12-20T05:29:25.702+0000] {processor.py:208} INFO - Processing /home/airflow/.local/lib/python3.12/site-packages/airflow/example_dags/example_params_ui_tutorial.py took 0.447 seconds
[2024-12-20T05:29:56.130+0000] {processor.py:186} INFO - Started process (PID=12653) to work on /home/airflow/.local/lib/python3.12/site-packages/airflow/example_dags/example_params_ui_tutorial.py
[2024-12-20T05:29:56.133+0000] {processor.py:914} INFO - Processing file /home/airflow/.local/lib/python3.12/site-packages/airflow/example_dags/example_params_ui_tutorial.py for tasks to queue
[2024-12-20T05:29:56.143+0000] {logging_mixin.py:190} INFO - [2024-12-20T05:29:56.142+0000] {dagbag.py:588} INFO - Filling up the DagBag from /home/airflow/.local/lib/python3.12/site-packages/airflow/example_dags/example_params_ui_tutorial.py
[2024-12-20T05:29:56.178+0000] {processor.py:925} INFO - DAG(s) 'example_params_ui_tutorial' retrieved from /home/airflow/.local/lib/python3.12/site-packages/airflow/example_dags/example_params_ui_tutorial.py
[2024-12-20T05:29:56.336+0000] {logging_mixin.py:190} INFO - [2024-12-20T05:29:56.335+0000] {dag.py:3239} INFO - Sync 1 DAGs
[2024-12-20T05:29:56.390+0000] {logging_mixin.py:190} INFO - [2024-12-20T05:29:56.390+0000] {dag.py:4180} INFO - Setting next_dagrun for example_params_ui_tutorial to None, run_after=None
[2024-12-20T05:29:56.442+0000] {processor.py:208} INFO - Processing /home/airflow/.local/lib/python3.12/site-packages/airflow/example_dags/example_params_ui_tutorial.py took 0.329 seconds
[2024-12-20T05:30:27.190+0000] {processor.py:186} INFO - Started process (PID=12721) to work on /home/airflow/.local/lib/python3.12/site-packages/airflow/example_dags/example_params_ui_tutorial.py
[2024-12-20T05:30:27.193+0000] {processor.py:914} INFO - Processing file /home/airflow/.local/lib/python3.12/site-packages/airflow/example_dags/example_params_ui_tutorial.py for tasks to queue
[2024-12-20T05:30:27.198+0000] {logging_mixin.py:190} INFO - [2024-12-20T05:30:27.197+0000] {dagbag.py:588} INFO - Filling up the DagBag from /home/airflow/.local/lib/python3.12/site-packages/airflow/example_dags/example_params_ui_tutorial.py
[2024-12-20T05:30:27.220+0000] {processor.py:925} INFO - DAG(s) 'example_params_ui_tutorial' retrieved from /home/airflow/.local/lib/python3.12/site-packages/airflow/example_dags/example_params_ui_tutorial.py
[2024-12-20T05:30:27.323+0000] {logging_mixin.py:190} INFO - [2024-12-20T05:30:27.322+0000] {dag.py:3239} INFO - Sync 1 DAGs
[2024-12-20T05:30:27.360+0000] {logging_mixin.py:190} INFO - [2024-12-20T05:30:27.360+0000] {dag.py:4180} INFO - Setting next_dagrun for example_params_ui_tutorial to None, run_after=None
[2024-12-20T05:30:27.438+0000] {processor.py:208} INFO - Processing /home/airflow/.local/lib/python3.12/site-packages/airflow/example_dags/example_params_ui_tutorial.py took 0.262 seconds
[2024-12-20T05:30:59.203+0000] {processor.py:186} INFO - Started process (PID=12785) to work on /home/airflow/.local/lib/python3.12/site-packages/airflow/example_dags/example_params_ui_tutorial.py
[2024-12-20T05:30:59.207+0000] {processor.py:914} INFO - Processing file /home/airflow/.local/lib/python3.12/site-packages/airflow/example_dags/example_params_ui_tutorial.py for tasks to queue
[2024-12-20T05:30:59.233+0000] {logging_mixin.py:190} INFO - [2024-12-20T05:30:59.223+0000] {dagbag.py:588} INFO - Filling up the DagBag from /home/airflow/.local/lib/python3.12/site-packages/airflow/example_dags/example_params_ui_tutorial.py
[2024-12-20T05:30:59.298+0000] {processor.py:925} INFO - DAG(s) 'example_params_ui_tutorial' retrieved from /home/airflow/.local/lib/python3.12/site-packages/airflow/example_dags/example_params_ui_tutorial.py
[2024-12-20T05:30:59.450+0000] {logging_mixin.py:190} INFO - [2024-12-20T05:30:59.449+0000] {dag.py:3239} INFO - Sync 1 DAGs
[2024-12-20T05:30:59.491+0000] {logging_mixin.py:190} INFO - [2024-12-20T05:30:59.491+0000] {dag.py:4180} INFO - Setting next_dagrun for example_params_ui_tutorial to None, run_after=None
[2024-12-20T05:30:59.544+0000] {processor.py:208} INFO - Processing /home/airflow/.local/lib/python3.12/site-packages/airflow/example_dags/example_params_ui_tutorial.py took 0.361 seconds
[2024-12-20T05:31:32.341+0000] {processor.py:186} INFO - Started process (PID=12848) to work on /home/airflow/.local/lib/python3.12/site-packages/airflow/example_dags/example_params_ui_tutorial.py
[2024-12-20T05:31:32.344+0000] {processor.py:914} INFO - Processing file /home/airflow/.local/lib/python3.12/site-packages/airflow/example_dags/example_params_ui_tutorial.py for tasks to queue
[2024-12-20T05:31:32.354+0000] {logging_mixin.py:190} INFO - [2024-12-20T05:31:32.353+0000] {dagbag.py:588} INFO - Filling up the DagBag from /home/airflow/.local/lib/python3.12/site-packages/airflow/example_dags/example_params_ui_tutorial.py
[2024-12-20T05:31:32.407+0000] {processor.py:925} INFO - DAG(s) 'example_params_ui_tutorial' retrieved from /home/airflow/.local/lib/python3.12/site-packages/airflow/example_dags/example_params_ui_tutorial.py
[2024-12-20T05:31:32.605+0000] {logging_mixin.py:190} INFO - [2024-12-20T05:31:32.604+0000] {dag.py:3239} INFO - Sync 1 DAGs
[2024-12-20T05:31:32.659+0000] {logging_mixin.py:190} INFO - [2024-12-20T05:31:32.659+0000] {dag.py:4180} INFO - Setting next_dagrun for example_params_ui_tutorial to None, run_after=None
[2024-12-20T05:31:32.722+0000] {processor.py:208} INFO - Processing /home/airflow/.local/lib/python3.12/site-packages/airflow/example_dags/example_params_ui_tutorial.py took 0.406 seconds
[2024-12-20T05:32:03.325+0000] {processor.py:186} INFO - Started process (PID=12913) to work on /home/airflow/.local/lib/python3.12/site-packages/airflow/example_dags/example_params_ui_tutorial.py
[2024-12-20T05:32:03.328+0000] {processor.py:914} INFO - Processing file /home/airflow/.local/lib/python3.12/site-packages/airflow/example_dags/example_params_ui_tutorial.py for tasks to queue
[2024-12-20T05:32:03.333+0000] {logging_mixin.py:190} INFO - [2024-12-20T05:32:03.333+0000] {dagbag.py:588} INFO - Filling up the DagBag from /home/airflow/.local/lib/python3.12/site-packages/airflow/example_dags/example_params_ui_tutorial.py
[2024-12-20T05:32:03.356+0000] {processor.py:925} INFO - DAG(s) 'example_params_ui_tutorial' retrieved from /home/airflow/.local/lib/python3.12/site-packages/airflow/example_dags/example_params_ui_tutorial.py
[2024-12-20T05:32:03.457+0000] {logging_mixin.py:190} INFO - [2024-12-20T05:32:03.456+0000] {dag.py:3239} INFO - Sync 1 DAGs
[2024-12-20T05:32:03.488+0000] {logging_mixin.py:190} INFO - [2024-12-20T05:32:03.488+0000] {dag.py:4180} INFO - Setting next_dagrun for example_params_ui_tutorial to None, run_after=None
[2024-12-20T05:32:03.576+0000] {processor.py:208} INFO - Processing /home/airflow/.local/lib/python3.12/site-packages/airflow/example_dags/example_params_ui_tutorial.py took 0.268 seconds
[2024-12-20T05:32:34.316+0000] {processor.py:186} INFO - Started process (PID=12978) to work on /home/airflow/.local/lib/python3.12/site-packages/airflow/example_dags/example_params_ui_tutorial.py
[2024-12-20T05:32:34.320+0000] {processor.py:914} INFO - Processing file /home/airflow/.local/lib/python3.12/site-packages/airflow/example_dags/example_params_ui_tutorial.py for tasks to queue
[2024-12-20T05:32:34.337+0000] {logging_mixin.py:190} INFO - [2024-12-20T05:32:34.335+0000] {dagbag.py:588} INFO - Filling up the DagBag from /home/airflow/.local/lib/python3.12/site-packages/airflow/example_dags/example_params_ui_tutorial.py
[2024-12-20T05:32:34.391+0000] {processor.py:925} INFO - DAG(s) 'example_params_ui_tutorial' retrieved from /home/airflow/.local/lib/python3.12/site-packages/airflow/example_dags/example_params_ui_tutorial.py
[2024-12-20T05:32:34.835+0000] {logging_mixin.py:190} INFO - [2024-12-20T05:32:34.834+0000] {dag.py:3239} INFO - Sync 1 DAGs
[2024-12-20T05:32:35.040+0000] {logging_mixin.py:190} INFO - [2024-12-20T05:32:35.039+0000] {dag.py:4180} INFO - Setting next_dagrun for example_params_ui_tutorial to None, run_after=None
[2024-12-20T05:32:35.258+0000] {processor.py:208} INFO - Processing /home/airflow/.local/lib/python3.12/site-packages/airflow/example_dags/example_params_ui_tutorial.py took 0.964 seconds
[2024-12-20T05:33:06.430+0000] {processor.py:186} INFO - Started process (PID=13034) to work on /home/airflow/.local/lib/python3.12/site-packages/airflow/example_dags/example_params_ui_tutorial.py
[2024-12-20T05:33:06.433+0000] {processor.py:914} INFO - Processing file /home/airflow/.local/lib/python3.12/site-packages/airflow/example_dags/example_params_ui_tutorial.py for tasks to queue
[2024-12-20T05:33:06.439+0000] {logging_mixin.py:190} INFO - [2024-12-20T05:33:06.438+0000] {dagbag.py:588} INFO - Filling up the DagBag from /home/airflow/.local/lib/python3.12/site-packages/airflow/example_dags/example_params_ui_tutorial.py
[2024-12-20T05:33:06.462+0000] {processor.py:925} INFO - DAG(s) 'example_params_ui_tutorial' retrieved from /home/airflow/.local/lib/python3.12/site-packages/airflow/example_dags/example_params_ui_tutorial.py
[2024-12-20T05:33:06.570+0000] {logging_mixin.py:190} INFO - [2024-12-20T05:33:06.569+0000] {dag.py:3239} INFO - Sync 1 DAGs
[2024-12-20T05:33:06.606+0000] {logging_mixin.py:190} INFO - [2024-12-20T05:33:06.606+0000] {dag.py:4180} INFO - Setting next_dagrun for example_params_ui_tutorial to None, run_after=None
[2024-12-20T05:33:06.650+0000] {processor.py:208} INFO - Processing /home/airflow/.local/lib/python3.12/site-packages/airflow/example_dags/example_params_ui_tutorial.py took 0.235 seconds
[2024-12-20T05:33:37.270+0000] {processor.py:186} INFO - Started process (PID=13099) to work on /home/airflow/.local/lib/python3.12/site-packages/airflow/example_dags/example_params_ui_tutorial.py
[2024-12-20T05:33:37.274+0000] {processor.py:914} INFO - Processing file /home/airflow/.local/lib/python3.12/site-packages/airflow/example_dags/example_params_ui_tutorial.py for tasks to queue
[2024-12-20T05:33:37.281+0000] {logging_mixin.py:190} INFO - [2024-12-20T05:33:37.280+0000] {dagbag.py:588} INFO - Filling up the DagBag from /home/airflow/.local/lib/python3.12/site-packages/airflow/example_dags/example_params_ui_tutorial.py
[2024-12-20T05:33:37.320+0000] {processor.py:925} INFO - DAG(s) 'example_params_ui_tutorial' retrieved from /home/airflow/.local/lib/python3.12/site-packages/airflow/example_dags/example_params_ui_tutorial.py
[2024-12-20T05:33:37.491+0000] {logging_mixin.py:190} INFO - [2024-12-20T05:33:37.490+0000] {dag.py:3239} INFO - Sync 1 DAGs
[2024-12-20T05:33:37.546+0000] {logging_mixin.py:190} INFO - [2024-12-20T05:33:37.545+0000] {dag.py:4180} INFO - Setting next_dagrun for example_params_ui_tutorial to None, run_after=None
[2024-12-20T05:33:37.652+0000] {processor.py:208} INFO - Processing /home/airflow/.local/lib/python3.12/site-packages/airflow/example_dags/example_params_ui_tutorial.py took 0.400 seconds
[2024-12-20T05:34:12.151+0000] {processor.py:186} INFO - Started process (PID=13156) to work on /home/airflow/.local/lib/python3.12/site-packages/airflow/example_dags/example_params_ui_tutorial.py
[2024-12-20T05:34:12.160+0000] {processor.py:914} INFO - Processing file /home/airflow/.local/lib/python3.12/site-packages/airflow/example_dags/example_params_ui_tutorial.py for tasks to queue
[2024-12-20T05:34:12.176+0000] {logging_mixin.py:190} INFO - [2024-12-20T05:34:12.174+0000] {dagbag.py:588} INFO - Filling up the DagBag from /home/airflow/.local/lib/python3.12/site-packages/airflow/example_dags/example_params_ui_tutorial.py
[2024-12-20T05:34:12.226+0000] {processor.py:925} INFO - DAG(s) 'example_params_ui_tutorial' retrieved from /home/airflow/.local/lib/python3.12/site-packages/airflow/example_dags/example_params_ui_tutorial.py
[2024-12-20T05:34:12.463+0000] {logging_mixin.py:190} INFO - [2024-12-20T05:34:12.461+0000] {dag.py:3239} INFO - Sync 1 DAGs
[2024-12-20T05:34:12.529+0000] {logging_mixin.py:190} INFO - [2024-12-20T05:34:12.525+0000] {dag.py:4180} INFO - Setting next_dagrun for example_params_ui_tutorial to None, run_after=None
[2024-12-20T05:34:12.608+0000] {processor.py:208} INFO - Processing /home/airflow/.local/lib/python3.12/site-packages/airflow/example_dags/example_params_ui_tutorial.py took 0.494 seconds
[2024-12-20T05:34:43.067+0000] {processor.py:186} INFO - Started process (PID=13216) to work on /home/airflow/.local/lib/python3.12/site-packages/airflow/example_dags/example_params_ui_tutorial.py
[2024-12-20T05:34:43.070+0000] {processor.py:914} INFO - Processing file /home/airflow/.local/lib/python3.12/site-packages/airflow/example_dags/example_params_ui_tutorial.py for tasks to queue
[2024-12-20T05:34:43.078+0000] {logging_mixin.py:190} INFO - [2024-12-20T05:34:43.076+0000] {dagbag.py:588} INFO - Filling up the DagBag from /home/airflow/.local/lib/python3.12/site-packages/airflow/example_dags/example_params_ui_tutorial.py
[2024-12-20T05:34:43.102+0000] {processor.py:925} INFO - DAG(s) 'example_params_ui_tutorial' retrieved from /home/airflow/.local/lib/python3.12/site-packages/airflow/example_dags/example_params_ui_tutorial.py
[2024-12-20T05:34:43.335+0000] {logging_mixin.py:190} INFO - [2024-12-20T05:34:43.334+0000] {dag.py:3239} INFO - Sync 1 DAGs
[2024-12-20T05:34:43.396+0000] {logging_mixin.py:190} INFO - [2024-12-20T05:34:43.395+0000] {dag.py:4180} INFO - Setting next_dagrun for example_params_ui_tutorial to None, run_after=None
[2024-12-20T05:34:43.477+0000] {processor.py:208} INFO - Processing /home/airflow/.local/lib/python3.12/site-packages/airflow/example_dags/example_params_ui_tutorial.py took 0.429 seconds
[2024-12-20T05:35:15.266+0000] {processor.py:186} INFO - Started process (PID=13281) to work on /home/airflow/.local/lib/python3.12/site-packages/airflow/example_dags/example_params_ui_tutorial.py
[2024-12-20T05:35:15.269+0000] {processor.py:914} INFO - Processing file /home/airflow/.local/lib/python3.12/site-packages/airflow/example_dags/example_params_ui_tutorial.py for tasks to queue
[2024-12-20T05:35:15.277+0000] {logging_mixin.py:190} INFO - [2024-12-20T05:35:15.276+0000] {dagbag.py:588} INFO - Filling up the DagBag from /home/airflow/.local/lib/python3.12/site-packages/airflow/example_dags/example_params_ui_tutorial.py
[2024-12-20T05:35:15.318+0000] {processor.py:925} INFO - DAG(s) 'example_params_ui_tutorial' retrieved from /home/airflow/.local/lib/python3.12/site-packages/airflow/example_dags/example_params_ui_tutorial.py
[2024-12-20T05:35:15.504+0000] {logging_mixin.py:190} INFO - [2024-12-20T05:35:15.503+0000] {dag.py:3239} INFO - Sync 1 DAGs
[2024-12-20T05:35:15.564+0000] {logging_mixin.py:190} INFO - [2024-12-20T05:35:15.563+0000] {dag.py:4180} INFO - Setting next_dagrun for example_params_ui_tutorial to None, run_after=None
[2024-12-20T05:35:15.655+0000] {processor.py:208} INFO - Processing /home/airflow/.local/lib/python3.12/site-packages/airflow/example_dags/example_params_ui_tutorial.py took 0.411 seconds
[2024-12-20T05:35:48.283+0000] {processor.py:186} INFO - Started process (PID=13346) to work on /home/airflow/.local/lib/python3.12/site-packages/airflow/example_dags/example_params_ui_tutorial.py
[2024-12-20T05:35:48.286+0000] {processor.py:914} INFO - Processing file /home/airflow/.local/lib/python3.12/site-packages/airflow/example_dags/example_params_ui_tutorial.py for tasks to queue
[2024-12-20T05:35:48.293+0000] {logging_mixin.py:190} INFO - [2024-12-20T05:35:48.292+0000] {dagbag.py:588} INFO - Filling up the DagBag from /home/airflow/.local/lib/python3.12/site-packages/airflow/example_dags/example_params_ui_tutorial.py
[2024-12-20T05:35:48.323+0000] {processor.py:925} INFO - DAG(s) 'example_params_ui_tutorial' retrieved from /home/airflow/.local/lib/python3.12/site-packages/airflow/example_dags/example_params_ui_tutorial.py
[2024-12-20T05:35:48.466+0000] {logging_mixin.py:190} INFO - [2024-12-20T05:35:48.465+0000] {dag.py:3239} INFO - Sync 1 DAGs
[2024-12-20T05:35:48.514+0000] {logging_mixin.py:190} INFO - [2024-12-20T05:35:48.513+0000] {dag.py:4180} INFO - Setting next_dagrun for example_params_ui_tutorial to None, run_after=None
[2024-12-20T05:35:48.602+0000] {processor.py:208} INFO - Processing /home/airflow/.local/lib/python3.12/site-packages/airflow/example_dags/example_params_ui_tutorial.py took 0.338 seconds
[2024-12-20T05:36:20.442+0000] {processor.py:186} INFO - Started process (PID=13410) to work on /home/airflow/.local/lib/python3.12/site-packages/airflow/example_dags/example_params_ui_tutorial.py
[2024-12-20T05:36:20.445+0000] {processor.py:914} INFO - Processing file /home/airflow/.local/lib/python3.12/site-packages/airflow/example_dags/example_params_ui_tutorial.py for tasks to queue
[2024-12-20T05:36:20.456+0000] {logging_mixin.py:190} INFO - [2024-12-20T05:36:20.455+0000] {dagbag.py:588} INFO - Filling up the DagBag from /home/airflow/.local/lib/python3.12/site-packages/airflow/example_dags/example_params_ui_tutorial.py
[2024-12-20T05:36:20.499+0000] {processor.py:925} INFO - DAG(s) 'example_params_ui_tutorial' retrieved from /home/airflow/.local/lib/python3.12/site-packages/airflow/example_dags/example_params_ui_tutorial.py
[2024-12-20T05:36:20.706+0000] {logging_mixin.py:190} INFO - [2024-12-20T05:36:20.705+0000] {dag.py:3239} INFO - Sync 1 DAGs
[2024-12-20T05:36:20.786+0000] {logging_mixin.py:190} INFO - [2024-12-20T05:36:20.785+0000] {dag.py:4180} INFO - Setting next_dagrun for example_params_ui_tutorial to None, run_after=None
[2024-12-20T05:36:20.885+0000] {processor.py:208} INFO - Processing /home/airflow/.local/lib/python3.12/site-packages/airflow/example_dags/example_params_ui_tutorial.py took 0.473 seconds
[2024-12-20T05:36:51.170+0000] {processor.py:186} INFO - Started process (PID=13473) to work on /home/airflow/.local/lib/python3.12/site-packages/airflow/example_dags/example_params_ui_tutorial.py
[2024-12-20T05:36:51.172+0000] {processor.py:914} INFO - Processing file /home/airflow/.local/lib/python3.12/site-packages/airflow/example_dags/example_params_ui_tutorial.py for tasks to queue
[2024-12-20T05:36:51.179+0000] {logging_mixin.py:190} INFO - [2024-12-20T05:36:51.178+0000] {dagbag.py:588} INFO - Filling up the DagBag from /home/airflow/.local/lib/python3.12/site-packages/airflow/example_dags/example_params_ui_tutorial.py
[2024-12-20T05:36:51.215+0000] {processor.py:925} INFO - DAG(s) 'example_params_ui_tutorial' retrieved from /home/airflow/.local/lib/python3.12/site-packages/airflow/example_dags/example_params_ui_tutorial.py
[2024-12-20T05:36:51.334+0000] {logging_mixin.py:190} INFO - [2024-12-20T05:36:51.334+0000] {dag.py:3239} INFO - Sync 1 DAGs
[2024-12-20T05:36:51.378+0000] {logging_mixin.py:190} INFO - [2024-12-20T05:36:51.377+0000] {dag.py:4180} INFO - Setting next_dagrun for example_params_ui_tutorial to None, run_after=None
[2024-12-20T05:36:51.439+0000] {processor.py:208} INFO - Processing /home/airflow/.local/lib/python3.12/site-packages/airflow/example_dags/example_params_ui_tutorial.py took 0.285 seconds
[2024-12-20T05:37:21.679+0000] {processor.py:186} INFO - Started process (PID=13538) to work on /home/airflow/.local/lib/python3.12/site-packages/airflow/example_dags/example_params_ui_tutorial.py
[2024-12-20T05:37:21.681+0000] {processor.py:914} INFO - Processing file /home/airflow/.local/lib/python3.12/site-packages/airflow/example_dags/example_params_ui_tutorial.py for tasks to queue
[2024-12-20T05:37:21.689+0000] {logging_mixin.py:190} INFO - [2024-12-20T05:37:21.688+0000] {dagbag.py:588} INFO - Filling up the DagBag from /home/airflow/.local/lib/python3.12/site-packages/airflow/example_dags/example_params_ui_tutorial.py
[2024-12-20T05:37:21.713+0000] {processor.py:925} INFO - DAG(s) 'example_params_ui_tutorial' retrieved from /home/airflow/.local/lib/python3.12/site-packages/airflow/example_dags/example_params_ui_tutorial.py
[2024-12-20T05:37:21.835+0000] {logging_mixin.py:190} INFO - [2024-12-20T05:37:21.834+0000] {dag.py:3239} INFO - Sync 1 DAGs
[2024-12-20T05:37:21.879+0000] {logging_mixin.py:190} INFO - [2024-12-20T05:37:21.879+0000] {dag.py:4180} INFO - Setting next_dagrun for example_params_ui_tutorial to None, run_after=None
[2024-12-20T05:37:21.928+0000] {processor.py:208} INFO - Processing /home/airflow/.local/lib/python3.12/site-packages/airflow/example_dags/example_params_ui_tutorial.py took 0.269 seconds
[2024-12-20T05:37:52.084+0000] {processor.py:186} INFO - Started process (PID=13603) to work on /home/airflow/.local/lib/python3.12/site-packages/airflow/example_dags/example_params_ui_tutorial.py
[2024-12-20T05:37:52.087+0000] {processor.py:914} INFO - Processing file /home/airflow/.local/lib/python3.12/site-packages/airflow/example_dags/example_params_ui_tutorial.py for tasks to queue
[2024-12-20T05:37:52.094+0000] {logging_mixin.py:190} INFO - [2024-12-20T05:37:52.093+0000] {dagbag.py:588} INFO - Filling up the DagBag from /home/airflow/.local/lib/python3.12/site-packages/airflow/example_dags/example_params_ui_tutorial.py
[2024-12-20T05:37:52.124+0000] {processor.py:925} INFO - DAG(s) 'example_params_ui_tutorial' retrieved from /home/airflow/.local/lib/python3.12/site-packages/airflow/example_dags/example_params_ui_tutorial.py
[2024-12-20T05:37:52.250+0000] {logging_mixin.py:190} INFO - [2024-12-20T05:37:52.249+0000] {dag.py:3239} INFO - Sync 1 DAGs
[2024-12-20T05:37:52.290+0000] {logging_mixin.py:190} INFO - [2024-12-20T05:37:52.289+0000] {dag.py:4180} INFO - Setting next_dagrun for example_params_ui_tutorial to None, run_after=None
[2024-12-20T05:37:52.371+0000] {processor.py:208} INFO - Processing /home/airflow/.local/lib/python3.12/site-packages/airflow/example_dags/example_params_ui_tutorial.py took 0.306 seconds
[2024-12-20T05:38:23.174+0000] {processor.py:186} INFO - Started process (PID=13668) to work on /home/airflow/.local/lib/python3.12/site-packages/airflow/example_dags/example_params_ui_tutorial.py
[2024-12-20T05:38:23.177+0000] {processor.py:914} INFO - Processing file /home/airflow/.local/lib/python3.12/site-packages/airflow/example_dags/example_params_ui_tutorial.py for tasks to queue
[2024-12-20T05:38:23.186+0000] {logging_mixin.py:190} INFO - [2024-12-20T05:38:23.184+0000] {dagbag.py:588} INFO - Filling up the DagBag from /home/airflow/.local/lib/python3.12/site-packages/airflow/example_dags/example_params_ui_tutorial.py
[2024-12-20T05:38:23.214+0000] {processor.py:925} INFO - DAG(s) 'example_params_ui_tutorial' retrieved from /home/airflow/.local/lib/python3.12/site-packages/airflow/example_dags/example_params_ui_tutorial.py
[2024-12-20T05:38:23.279+0000] {logging_mixin.py:190} INFO - [2024-12-20T05:38:23.279+0000] {dag.py:3239} INFO - Sync 1 DAGs
[2024-12-20T05:38:23.304+0000] {logging_mixin.py:190} INFO - [2024-12-20T05:38:23.304+0000] {dag.py:4180} INFO - Setting next_dagrun for example_params_ui_tutorial to None, run_after=None
[2024-12-20T05:38:23.336+0000] {processor.py:208} INFO - Processing /home/airflow/.local/lib/python3.12/site-packages/airflow/example_dags/example_params_ui_tutorial.py took 0.180 seconds
[2024-12-20T05:38:53.800+0000] {processor.py:186} INFO - Started process (PID=13733) to work on /home/airflow/.local/lib/python3.12/site-packages/airflow/example_dags/example_params_ui_tutorial.py
[2024-12-20T05:38:53.802+0000] {processor.py:914} INFO - Processing file /home/airflow/.local/lib/python3.12/site-packages/airflow/example_dags/example_params_ui_tutorial.py for tasks to queue
[2024-12-20T05:38:53.807+0000] {logging_mixin.py:190} INFO - [2024-12-20T05:38:53.806+0000] {dagbag.py:588} INFO - Filling up the DagBag from /home/airflow/.local/lib/python3.12/site-packages/airflow/example_dags/example_params_ui_tutorial.py
[2024-12-20T05:38:53.827+0000] {processor.py:925} INFO - DAG(s) 'example_params_ui_tutorial' retrieved from /home/airflow/.local/lib/python3.12/site-packages/airflow/example_dags/example_params_ui_tutorial.py
[2024-12-20T05:38:53.948+0000] {logging_mixin.py:190} INFO - [2024-12-20T05:38:53.948+0000] {dag.py:3239} INFO - Sync 1 DAGs
[2024-12-20T05:38:53.980+0000] {logging_mixin.py:190} INFO - [2024-12-20T05:38:53.979+0000] {dag.py:4180} INFO - Setting next_dagrun for example_params_ui_tutorial to None, run_after=None
[2024-12-20T05:38:54.026+0000] {processor.py:208} INFO - Processing /home/airflow/.local/lib/python3.12/site-packages/airflow/example_dags/example_params_ui_tutorial.py took 0.237 seconds
[2024-12-20T05:39:24.531+0000] {processor.py:186} INFO - Started process (PID=13796) to work on /home/airflow/.local/lib/python3.12/site-packages/airflow/example_dags/example_params_ui_tutorial.py
[2024-12-20T05:39:24.533+0000] {processor.py:914} INFO - Processing file /home/airflow/.local/lib/python3.12/site-packages/airflow/example_dags/example_params_ui_tutorial.py for tasks to queue
[2024-12-20T05:39:24.539+0000] {logging_mixin.py:190} INFO - [2024-12-20T05:39:24.538+0000] {dagbag.py:588} INFO - Filling up the DagBag from /home/airflow/.local/lib/python3.12/site-packages/airflow/example_dags/example_params_ui_tutorial.py
[2024-12-20T05:39:24.560+0000] {processor.py:925} INFO - DAG(s) 'example_params_ui_tutorial' retrieved from /home/airflow/.local/lib/python3.12/site-packages/airflow/example_dags/example_params_ui_tutorial.py
[2024-12-20T05:39:24.677+0000] {logging_mixin.py:190} INFO - [2024-12-20T05:39:24.677+0000] {dag.py:3239} INFO - Sync 1 DAGs
[2024-12-20T05:39:24.718+0000] {logging_mixin.py:190} INFO - [2024-12-20T05:39:24.717+0000] {dag.py:4180} INFO - Setting next_dagrun for example_params_ui_tutorial to None, run_after=None
[2024-12-20T05:39:24.760+0000] {processor.py:208} INFO - Processing /home/airflow/.local/lib/python3.12/site-packages/airflow/example_dags/example_params_ui_tutorial.py took 0.243 seconds
[2024-12-20T05:39:56.873+0000] {processor.py:186} INFO - Started process (PID=13861) to work on /home/airflow/.local/lib/python3.12/site-packages/airflow/example_dags/example_params_ui_tutorial.py
[2024-12-20T05:39:56.877+0000] {processor.py:914} INFO - Processing file /home/airflow/.local/lib/python3.12/site-packages/airflow/example_dags/example_params_ui_tutorial.py for tasks to queue
[2024-12-20T05:39:56.884+0000] {logging_mixin.py:190} INFO - [2024-12-20T05:39:56.884+0000] {dagbag.py:588} INFO - Filling up the DagBag from /home/airflow/.local/lib/python3.12/site-packages/airflow/example_dags/example_params_ui_tutorial.py
[2024-12-20T05:39:56.910+0000] {processor.py:925} INFO - DAG(s) 'example_params_ui_tutorial' retrieved from /home/airflow/.local/lib/python3.12/site-packages/airflow/example_dags/example_params_ui_tutorial.py
[2024-12-20T05:39:57.054+0000] {logging_mixin.py:190} INFO - [2024-12-20T05:39:57.054+0000] {dag.py:3239} INFO - Sync 1 DAGs
[2024-12-20T05:39:57.100+0000] {logging_mixin.py:190} INFO - [2024-12-20T05:39:57.100+0000] {dag.py:4180} INFO - Setting next_dagrun for example_params_ui_tutorial to None, run_after=None
[2024-12-20T05:39:57.209+0000] {processor.py:208} INFO - Processing /home/airflow/.local/lib/python3.12/site-packages/airflow/example_dags/example_params_ui_tutorial.py took 0.355 seconds
[2024-12-20T05:40:27.687+0000] {processor.py:186} INFO - Started process (PID=13923) to work on /home/airflow/.local/lib/python3.12/site-packages/airflow/example_dags/example_params_ui_tutorial.py
[2024-12-20T05:40:27.690+0000] {processor.py:914} INFO - Processing file /home/airflow/.local/lib/python3.12/site-packages/airflow/example_dags/example_params_ui_tutorial.py for tasks to queue
[2024-12-20T05:40:27.698+0000] {logging_mixin.py:190} INFO - [2024-12-20T05:40:27.696+0000] {dagbag.py:588} INFO - Filling up the DagBag from /home/airflow/.local/lib/python3.12/site-packages/airflow/example_dags/example_params_ui_tutorial.py
[2024-12-20T05:40:27.724+0000] {processor.py:925} INFO - DAG(s) 'example_params_ui_tutorial' retrieved from /home/airflow/.local/lib/python3.12/site-packages/airflow/example_dags/example_params_ui_tutorial.py
[2024-12-20T05:40:27.860+0000] {logging_mixin.py:190} INFO - [2024-12-20T05:40:27.859+0000] {dag.py:3239} INFO - Sync 1 DAGs
[2024-12-20T05:40:27.911+0000] {logging_mixin.py:190} INFO - [2024-12-20T05:40:27.910+0000] {dag.py:4180} INFO - Setting next_dagrun for example_params_ui_tutorial to None, run_after=None
[2024-12-20T05:40:28.013+0000] {processor.py:208} INFO - Processing /home/airflow/.local/lib/python3.12/site-packages/airflow/example_dags/example_params_ui_tutorial.py took 0.342 seconds
[2024-12-20T05:40:59.955+0000] {processor.py:186} INFO - Started process (PID=13982) to work on /home/airflow/.local/lib/python3.12/site-packages/airflow/example_dags/example_params_ui_tutorial.py
[2024-12-20T05:40:59.958+0000] {processor.py:914} INFO - Processing file /home/airflow/.local/lib/python3.12/site-packages/airflow/example_dags/example_params_ui_tutorial.py for tasks to queue
[2024-12-20T05:40:59.966+0000] {logging_mixin.py:190} INFO - [2024-12-20T05:40:59.964+0000] {dagbag.py:588} INFO - Filling up the DagBag from /home/airflow/.local/lib/python3.12/site-packages/airflow/example_dags/example_params_ui_tutorial.py
[2024-12-20T05:40:59.996+0000] {processor.py:925} INFO - DAG(s) 'example_params_ui_tutorial' retrieved from /home/airflow/.local/lib/python3.12/site-packages/airflow/example_dags/example_params_ui_tutorial.py
[2024-12-20T05:41:00.227+0000] {logging_mixin.py:190} INFO - [2024-12-20T05:41:00.225+0000] {dag.py:3239} INFO - Sync 1 DAGs
[2024-12-20T05:41:00.333+0000] {logging_mixin.py:190} INFO - [2024-12-20T05:41:00.332+0000] {dag.py:4180} INFO - Setting next_dagrun for example_params_ui_tutorial to None, run_after=None
[2024-12-20T05:41:00.467+0000] {processor.py:208} INFO - Processing /home/airflow/.local/lib/python3.12/site-packages/airflow/example_dags/example_params_ui_tutorial.py took 0.536 seconds
[2024-12-20T05:41:31.599+0000] {processor.py:186} INFO - Started process (PID=14047) to work on /home/airflow/.local/lib/python3.12/site-packages/airflow/example_dags/example_params_ui_tutorial.py
[2024-12-20T05:41:31.601+0000] {processor.py:914} INFO - Processing file /home/airflow/.local/lib/python3.12/site-packages/airflow/example_dags/example_params_ui_tutorial.py for tasks to queue
[2024-12-20T05:41:31.606+0000] {logging_mixin.py:190} INFO - [2024-12-20T05:41:31.606+0000] {dagbag.py:588} INFO - Filling up the DagBag from /home/airflow/.local/lib/python3.12/site-packages/airflow/example_dags/example_params_ui_tutorial.py
[2024-12-20T05:41:31.627+0000] {processor.py:925} INFO - DAG(s) 'example_params_ui_tutorial' retrieved from /home/airflow/.local/lib/python3.12/site-packages/airflow/example_dags/example_params_ui_tutorial.py
[2024-12-20T05:41:31.730+0000] {logging_mixin.py:190} INFO - [2024-12-20T05:41:31.730+0000] {dag.py:3239} INFO - Sync 1 DAGs
[2024-12-20T05:41:31.759+0000] {logging_mixin.py:190} INFO - [2024-12-20T05:41:31.759+0000] {dag.py:4180} INFO - Setting next_dagrun for example_params_ui_tutorial to None, run_after=None
[2024-12-20T05:41:31.798+0000] {processor.py:208} INFO - Processing /home/airflow/.local/lib/python3.12/site-packages/airflow/example_dags/example_params_ui_tutorial.py took 0.212 seconds
[2024-12-20T05:42:02.304+0000] {processor.py:186} INFO - Started process (PID=14112) to work on /home/airflow/.local/lib/python3.12/site-packages/airflow/example_dags/example_params_ui_tutorial.py
[2024-12-20T05:42:02.306+0000] {processor.py:914} INFO - Processing file /home/airflow/.local/lib/python3.12/site-packages/airflow/example_dags/example_params_ui_tutorial.py for tasks to queue
[2024-12-20T05:42:02.312+0000] {logging_mixin.py:190} INFO - [2024-12-20T05:42:02.311+0000] {dagbag.py:588} INFO - Filling up the DagBag from /home/airflow/.local/lib/python3.12/site-packages/airflow/example_dags/example_params_ui_tutorial.py
[2024-12-20T05:42:02.336+0000] {processor.py:925} INFO - DAG(s) 'example_params_ui_tutorial' retrieved from /home/airflow/.local/lib/python3.12/site-packages/airflow/example_dags/example_params_ui_tutorial.py
[2024-12-20T05:42:02.456+0000] {logging_mixin.py:190} INFO - [2024-12-20T05:42:02.455+0000] {dag.py:3239} INFO - Sync 1 DAGs
[2024-12-20T05:42:02.495+0000] {logging_mixin.py:190} INFO - [2024-12-20T05:42:02.495+0000] {dag.py:4180} INFO - Setting next_dagrun for example_params_ui_tutorial to None, run_after=None
[2024-12-20T05:42:02.537+0000] {processor.py:208} INFO - Processing /home/airflow/.local/lib/python3.12/site-packages/airflow/example_dags/example_params_ui_tutorial.py took 0.248 seconds
[2024-12-20T05:42:32.743+0000] {processor.py:186} INFO - Started process (PID=14176) to work on /home/airflow/.local/lib/python3.12/site-packages/airflow/example_dags/example_params_ui_tutorial.py
[2024-12-20T05:42:32.745+0000] {processor.py:914} INFO - Processing file /home/airflow/.local/lib/python3.12/site-packages/airflow/example_dags/example_params_ui_tutorial.py for tasks to queue
[2024-12-20T05:42:32.750+0000] {logging_mixin.py:190} INFO - [2024-12-20T05:42:32.749+0000] {dagbag.py:588} INFO - Filling up the DagBag from /home/airflow/.local/lib/python3.12/site-packages/airflow/example_dags/example_params_ui_tutorial.py
[2024-12-20T05:42:32.771+0000] {processor.py:925} INFO - DAG(s) 'example_params_ui_tutorial' retrieved from /home/airflow/.local/lib/python3.12/site-packages/airflow/example_dags/example_params_ui_tutorial.py
[2024-12-20T05:42:32.883+0000] {logging_mixin.py:190} INFO - [2024-12-20T05:42:32.883+0000] {dag.py:3239} INFO - Sync 1 DAGs
[2024-12-20T05:42:32.904+0000] {logging_mixin.py:190} INFO - [2024-12-20T05:42:32.904+0000] {dag.py:4180} INFO - Setting next_dagrun for example_params_ui_tutorial to None, run_after=None
[2024-12-20T05:42:32.931+0000] {processor.py:208} INFO - Processing /home/airflow/.local/lib/python3.12/site-packages/airflow/example_dags/example_params_ui_tutorial.py took 0.199 seconds
[2024-12-20T05:43:03.176+0000] {processor.py:186} INFO - Started process (PID=14238) to work on /home/airflow/.local/lib/python3.12/site-packages/airflow/example_dags/example_params_ui_tutorial.py
[2024-12-20T05:43:03.179+0000] {processor.py:914} INFO - Processing file /home/airflow/.local/lib/python3.12/site-packages/airflow/example_dags/example_params_ui_tutorial.py for tasks to queue
[2024-12-20T05:43:03.188+0000] {logging_mixin.py:190} INFO - [2024-12-20T05:43:03.187+0000] {dagbag.py:588} INFO - Filling up the DagBag from /home/airflow/.local/lib/python3.12/site-packages/airflow/example_dags/example_params_ui_tutorial.py
[2024-12-20T05:43:03.222+0000] {processor.py:925} INFO - DAG(s) 'example_params_ui_tutorial' retrieved from /home/airflow/.local/lib/python3.12/site-packages/airflow/example_dags/example_params_ui_tutorial.py
[2024-12-20T05:43:03.425+0000] {logging_mixin.py:190} INFO - [2024-12-20T05:43:03.424+0000] {dag.py:3239} INFO - Sync 1 DAGs
[2024-12-20T05:43:03.490+0000] {logging_mixin.py:190} INFO - [2024-12-20T05:43:03.489+0000] {dag.py:4180} INFO - Setting next_dagrun for example_params_ui_tutorial to None, run_after=None
[2024-12-20T05:43:03.644+0000] {processor.py:208} INFO - Processing /home/airflow/.local/lib/python3.12/site-packages/airflow/example_dags/example_params_ui_tutorial.py took 0.490 seconds
[2024-12-20T05:43:34.040+0000] {processor.py:186} INFO - Started process (PID=14304) to work on /home/airflow/.local/lib/python3.12/site-packages/airflow/example_dags/example_params_ui_tutorial.py
[2024-12-20T05:43:34.042+0000] {processor.py:914} INFO - Processing file /home/airflow/.local/lib/python3.12/site-packages/airflow/example_dags/example_params_ui_tutorial.py for tasks to queue
[2024-12-20T05:43:34.049+0000] {logging_mixin.py:190} INFO - [2024-12-20T05:43:34.048+0000] {dagbag.py:588} INFO - Filling up the DagBag from /home/airflow/.local/lib/python3.12/site-packages/airflow/example_dags/example_params_ui_tutorial.py
[2024-12-20T05:43:34.094+0000] {processor.py:925} INFO - DAG(s) 'example_params_ui_tutorial' retrieved from /home/airflow/.local/lib/python3.12/site-packages/airflow/example_dags/example_params_ui_tutorial.py
[2024-12-20T05:43:34.250+0000] {logging_mixin.py:190} INFO - [2024-12-20T05:43:34.249+0000] {dag.py:3239} INFO - Sync 1 DAGs
[2024-12-20T05:43:34.321+0000] {logging_mixin.py:190} INFO - [2024-12-20T05:43:34.321+0000] {dag.py:4180} INFO - Setting next_dagrun for example_params_ui_tutorial to None, run_after=None
[2024-12-20T05:43:34.387+0000] {processor.py:208} INFO - Processing /home/airflow/.local/lib/python3.12/site-packages/airflow/example_dags/example_params_ui_tutorial.py took 0.368 seconds
[2024-12-20T05:44:05.081+0000] {processor.py:186} INFO - Started process (PID=14369) to work on /home/airflow/.local/lib/python3.12/site-packages/airflow/example_dags/example_params_ui_tutorial.py
[2024-12-20T05:44:05.084+0000] {processor.py:914} INFO - Processing file /home/airflow/.local/lib/python3.12/site-packages/airflow/example_dags/example_params_ui_tutorial.py for tasks to queue
[2024-12-20T05:44:05.093+0000] {logging_mixin.py:190} INFO - [2024-12-20T05:44:05.091+0000] {dagbag.py:588} INFO - Filling up the DagBag from /home/airflow/.local/lib/python3.12/site-packages/airflow/example_dags/example_params_ui_tutorial.py
[2024-12-20T05:44:05.128+0000] {processor.py:925} INFO - DAG(s) 'example_params_ui_tutorial' retrieved from /home/airflow/.local/lib/python3.12/site-packages/airflow/example_dags/example_params_ui_tutorial.py
[2024-12-20T05:44:05.284+0000] {logging_mixin.py:190} INFO - [2024-12-20T05:44:05.284+0000] {dag.py:3239} INFO - Sync 1 DAGs
[2024-12-20T05:44:05.310+0000] {logging_mixin.py:190} INFO - [2024-12-20T05:44:05.310+0000] {dag.py:4180} INFO - Setting next_dagrun for example_params_ui_tutorial to None, run_after=None
[2024-12-20T05:44:05.350+0000] {processor.py:208} INFO - Processing /home/airflow/.local/lib/python3.12/site-packages/airflow/example_dags/example_params_ui_tutorial.py took 0.290 seconds
[2024-12-20T05:44:35.921+0000] {processor.py:186} INFO - Started process (PID=14434) to work on /home/airflow/.local/lib/python3.12/site-packages/airflow/example_dags/example_params_ui_tutorial.py
[2024-12-20T05:44:35.924+0000] {processor.py:914} INFO - Processing file /home/airflow/.local/lib/python3.12/site-packages/airflow/example_dags/example_params_ui_tutorial.py for tasks to queue
[2024-12-20T05:44:35.929+0000] {logging_mixin.py:190} INFO - [2024-12-20T05:44:35.928+0000] {dagbag.py:588} INFO - Filling up the DagBag from /home/airflow/.local/lib/python3.12/site-packages/airflow/example_dags/example_params_ui_tutorial.py
[2024-12-20T05:44:35.963+0000] {processor.py:925} INFO - DAG(s) 'example_params_ui_tutorial' retrieved from /home/airflow/.local/lib/python3.12/site-packages/airflow/example_dags/example_params_ui_tutorial.py
[2024-12-20T05:44:36.124+0000] {logging_mixin.py:190} INFO - [2024-12-20T05:44:36.124+0000] {dag.py:3239} INFO - Sync 1 DAGs
[2024-12-20T05:44:36.169+0000] {logging_mixin.py:190} INFO - [2024-12-20T05:44:36.168+0000] {dag.py:4180} INFO - Setting next_dagrun for example_params_ui_tutorial to None, run_after=None
[2024-12-20T05:44:36.214+0000] {processor.py:208} INFO - Processing /home/airflow/.local/lib/python3.12/site-packages/airflow/example_dags/example_params_ui_tutorial.py took 0.306 seconds
[2024-12-20T05:45:06.506+0000] {processor.py:186} INFO - Started process (PID=14505) to work on /home/airflow/.local/lib/python3.12/site-packages/airflow/example_dags/example_params_ui_tutorial.py
[2024-12-20T05:45:06.512+0000] {processor.py:914} INFO - Processing file /home/airflow/.local/lib/python3.12/site-packages/airflow/example_dags/example_params_ui_tutorial.py for tasks to queue
[2024-12-20T05:45:06.523+0000] {logging_mixin.py:190} INFO - [2024-12-20T05:45:06.522+0000] {dagbag.py:588} INFO - Filling up the DagBag from /home/airflow/.local/lib/python3.12/site-packages/airflow/example_dags/example_params_ui_tutorial.py
[2024-12-20T05:45:06.546+0000] {processor.py:925} INFO - DAG(s) 'example_params_ui_tutorial' retrieved from /home/airflow/.local/lib/python3.12/site-packages/airflow/example_dags/example_params_ui_tutorial.py
[2024-12-20T05:45:06.685+0000] {logging_mixin.py:190} INFO - [2024-12-20T05:45:06.685+0000] {dag.py:3239} INFO - Sync 1 DAGs
[2024-12-20T05:45:06.728+0000] {logging_mixin.py:190} INFO - [2024-12-20T05:45:06.727+0000] {dag.py:4180} INFO - Setting next_dagrun for example_params_ui_tutorial to None, run_after=None
[2024-12-20T05:45:06.787+0000] {processor.py:208} INFO - Processing /home/airflow/.local/lib/python3.12/site-packages/airflow/example_dags/example_params_ui_tutorial.py took 0.310 seconds
[2024-12-20T05:45:36.992+0000] {processor.py:186} INFO - Started process (PID=14570) to work on /home/airflow/.local/lib/python3.12/site-packages/airflow/example_dags/example_params_ui_tutorial.py
[2024-12-20T05:45:36.994+0000] {processor.py:914} INFO - Processing file /home/airflow/.local/lib/python3.12/site-packages/airflow/example_dags/example_params_ui_tutorial.py for tasks to queue
[2024-12-20T05:45:37.000+0000] {logging_mixin.py:190} INFO - [2024-12-20T05:45:36.999+0000] {dagbag.py:588} INFO - Filling up the DagBag from /home/airflow/.local/lib/python3.12/site-packages/airflow/example_dags/example_params_ui_tutorial.py
[2024-12-20T05:45:37.024+0000] {processor.py:925} INFO - DAG(s) 'example_params_ui_tutorial' retrieved from /home/airflow/.local/lib/python3.12/site-packages/airflow/example_dags/example_params_ui_tutorial.py
[2024-12-20T05:45:37.103+0000] {logging_mixin.py:190} INFO - [2024-12-20T05:45:37.103+0000] {dag.py:3239} INFO - Sync 1 DAGs
[2024-12-20T05:45:37.122+0000] {logging_mixin.py:190} INFO - [2024-12-20T05:45:37.121+0000] {dag.py:4180} INFO - Setting next_dagrun for example_params_ui_tutorial to None, run_after=None
[2024-12-20T05:45:37.171+0000] {processor.py:208} INFO - Processing /home/airflow/.local/lib/python3.12/site-packages/airflow/example_dags/example_params_ui_tutorial.py took 0.195 seconds
[2024-12-20T05:46:11.067+0000] {processor.py:186} INFO - Started process (PID=14635) to work on /home/airflow/.local/lib/python3.12/site-packages/airflow/example_dags/example_params_ui_tutorial.py
[2024-12-20T05:46:11.070+0000] {processor.py:914} INFO - Processing file /home/airflow/.local/lib/python3.12/site-packages/airflow/example_dags/example_params_ui_tutorial.py for tasks to queue
[2024-12-20T05:46:11.077+0000] {logging_mixin.py:190} INFO - [2024-12-20T05:46:11.076+0000] {dagbag.py:588} INFO - Filling up the DagBag from /home/airflow/.local/lib/python3.12/site-packages/airflow/example_dags/example_params_ui_tutorial.py
[2024-12-20T05:46:11.116+0000] {processor.py:925} INFO - DAG(s) 'example_params_ui_tutorial' retrieved from /home/airflow/.local/lib/python3.12/site-packages/airflow/example_dags/example_params_ui_tutorial.py
[2024-12-20T05:46:11.241+0000] {logging_mixin.py:190} INFO - [2024-12-20T05:46:11.240+0000] {dag.py:3239} INFO - Sync 1 DAGs
[2024-12-20T05:46:11.289+0000] {logging_mixin.py:190} INFO - [2024-12-20T05:46:11.289+0000] {dag.py:4180} INFO - Setting next_dagrun for example_params_ui_tutorial to None, run_after=None
[2024-12-20T05:46:11.342+0000] {processor.py:208} INFO - Processing /home/airflow/.local/lib/python3.12/site-packages/airflow/example_dags/example_params_ui_tutorial.py took 0.295 seconds
[2024-12-20T05:46:43.114+0000] {processor.py:186} INFO - Started process (PID=14700) to work on /home/airflow/.local/lib/python3.12/site-packages/airflow/example_dags/example_params_ui_tutorial.py
[2024-12-20T05:46:43.117+0000] {processor.py:914} INFO - Processing file /home/airflow/.local/lib/python3.12/site-packages/airflow/example_dags/example_params_ui_tutorial.py for tasks to queue
[2024-12-20T05:46:43.123+0000] {logging_mixin.py:190} INFO - [2024-12-20T05:46:43.122+0000] {dagbag.py:588} INFO - Filling up the DagBag from /home/airflow/.local/lib/python3.12/site-packages/airflow/example_dags/example_params_ui_tutorial.py
[2024-12-20T05:46:43.145+0000] {processor.py:925} INFO - DAG(s) 'example_params_ui_tutorial' retrieved from /home/airflow/.local/lib/python3.12/site-packages/airflow/example_dags/example_params_ui_tutorial.py
[2024-12-20T05:46:43.250+0000] {logging_mixin.py:190} INFO - [2024-12-20T05:46:43.249+0000] {dag.py:3239} INFO - Sync 1 DAGs
[2024-12-20T05:46:43.286+0000] {logging_mixin.py:190} INFO - [2024-12-20T05:46:43.285+0000] {dag.py:4180} INFO - Setting next_dagrun for example_params_ui_tutorial to None, run_after=None
[2024-12-20T05:46:43.326+0000] {processor.py:208} INFO - Processing /home/airflow/.local/lib/python3.12/site-packages/airflow/example_dags/example_params_ui_tutorial.py took 0.229 seconds
[2024-12-20T05:47:13.513+0000] {processor.py:186} INFO - Started process (PID=14763) to work on /home/airflow/.local/lib/python3.12/site-packages/airflow/example_dags/example_params_ui_tutorial.py
[2024-12-20T05:47:13.518+0000] {processor.py:914} INFO - Processing file /home/airflow/.local/lib/python3.12/site-packages/airflow/example_dags/example_params_ui_tutorial.py for tasks to queue
[2024-12-20T05:47:13.528+0000] {logging_mixin.py:190} INFO - [2024-12-20T05:47:13.527+0000] {dagbag.py:588} INFO - Filling up the DagBag from /home/airflow/.local/lib/python3.12/site-packages/airflow/example_dags/example_params_ui_tutorial.py
[2024-12-20T05:47:13.559+0000] {processor.py:925} INFO - DAG(s) 'example_params_ui_tutorial' retrieved from /home/airflow/.local/lib/python3.12/site-packages/airflow/example_dags/example_params_ui_tutorial.py
[2024-12-20T05:47:13.652+0000] {logging_mixin.py:190} INFO - [2024-12-20T05:47:13.652+0000] {dag.py:3239} INFO - Sync 1 DAGs
[2024-12-20T05:47:13.673+0000] {logging_mixin.py:190} INFO - [2024-12-20T05:47:13.672+0000] {dag.py:4180} INFO - Setting next_dagrun for example_params_ui_tutorial to None, run_after=None
[2024-12-20T05:47:13.704+0000] {processor.py:208} INFO - Processing /home/airflow/.local/lib/python3.12/site-packages/airflow/example_dags/example_params_ui_tutorial.py took 0.221 seconds
[2024-12-20T05:47:44.263+0000] {processor.py:186} INFO - Started process (PID=14828) to work on /home/airflow/.local/lib/python3.12/site-packages/airflow/example_dags/example_params_ui_tutorial.py
[2024-12-20T05:47:44.266+0000] {processor.py:914} INFO - Processing file /home/airflow/.local/lib/python3.12/site-packages/airflow/example_dags/example_params_ui_tutorial.py for tasks to queue
[2024-12-20T05:47:44.273+0000] {logging_mixin.py:190} INFO - [2024-12-20T05:47:44.272+0000] {dagbag.py:588} INFO - Filling up the DagBag from /home/airflow/.local/lib/python3.12/site-packages/airflow/example_dags/example_params_ui_tutorial.py
[2024-12-20T05:47:44.302+0000] {processor.py:925} INFO - DAG(s) 'example_params_ui_tutorial' retrieved from /home/airflow/.local/lib/python3.12/site-packages/airflow/example_dags/example_params_ui_tutorial.py
[2024-12-20T05:47:44.453+0000] {logging_mixin.py:190} INFO - [2024-12-20T05:47:44.452+0000] {dag.py:3239} INFO - Sync 1 DAGs
[2024-12-20T05:47:44.497+0000] {logging_mixin.py:190} INFO - [2024-12-20T05:47:44.496+0000] {dag.py:4180} INFO - Setting next_dagrun for example_params_ui_tutorial to None, run_after=None
[2024-12-20T05:47:44.547+0000] {processor.py:208} INFO - Processing /home/airflow/.local/lib/python3.12/site-packages/airflow/example_dags/example_params_ui_tutorial.py took 0.302 seconds
[2024-12-20T05:48:30.860+0000] {processor.py:186} INFO - Started process (PID=14906) to work on /home/airflow/.local/lib/python3.12/site-packages/airflow/example_dags/example_params_ui_tutorial.py
[2024-12-20T05:48:30.877+0000] {processor.py:914} INFO - Processing file /home/airflow/.local/lib/python3.12/site-packages/airflow/example_dags/example_params_ui_tutorial.py for tasks to queue
[2024-12-20T05:48:30.915+0000] {logging_mixin.py:190} INFO - [2024-12-20T05:48:30.913+0000] {dagbag.py:588} INFO - Filling up the DagBag from /home/airflow/.local/lib/python3.12/site-packages/airflow/example_dags/example_params_ui_tutorial.py
[2024-12-20T05:48:31.063+0000] {processor.py:925} INFO - DAG(s) 'example_params_ui_tutorial' retrieved from /home/airflow/.local/lib/python3.12/site-packages/airflow/example_dags/example_params_ui_tutorial.py
[2024-12-20T05:48:31.542+0000] {logging_mixin.py:190} INFO - [2024-12-20T05:48:31.537+0000] {dag.py:3239} INFO - Sync 1 DAGs
[2024-12-20T05:48:31.793+0000] {logging_mixin.py:190} INFO - [2024-12-20T05:48:31.792+0000] {dag.py:4180} INFO - Setting next_dagrun for example_params_ui_tutorial to None, run_after=None
[2024-12-20T05:48:32.051+0000] {processor.py:208} INFO - Processing /home/airflow/.local/lib/python3.12/site-packages/airflow/example_dags/example_params_ui_tutorial.py took 1.286 seconds
[2024-12-20T09:18:16.559+0000] {processor.py:186} INFO - Started process (PID=55) to work on /home/airflow/.local/lib/python3.12/site-packages/airflow/example_dags/example_params_ui_tutorial.py
[2024-12-20T09:18:16.630+0000] {processor.py:914} INFO - Processing file /home/airflow/.local/lib/python3.12/site-packages/airflow/example_dags/example_params_ui_tutorial.py for tasks to queue
[2024-12-20T09:18:16.687+0000] {logging_mixin.py:190} INFO - [2024-12-20T09:18:16.681+0000] {dagbag.py:588} INFO - Filling up the DagBag from /home/airflow/.local/lib/python3.12/site-packages/airflow/example_dags/example_params_ui_tutorial.py
[2024-12-20T09:18:16.837+0000] {processor.py:925} INFO - DAG(s) 'example_params_ui_tutorial' retrieved from /home/airflow/.local/lib/python3.12/site-packages/airflow/example_dags/example_params_ui_tutorial.py
[2024-12-20T09:18:17.320+0000] {logging_mixin.py:190} INFO - [2024-12-20T09:18:17.319+0000] {dag.py:3239} INFO - Sync 1 DAGs
[2024-12-20T09:18:17.383+0000] {logging_mixin.py:190} INFO - [2024-12-20T09:18:17.382+0000] {dag.py:4180} INFO - Setting next_dagrun for example_params_ui_tutorial to None, run_after=None
[2024-12-20T09:18:17.475+0000] {processor.py:208} INFO - Processing /home/airflow/.local/lib/python3.12/site-packages/airflow/example_dags/example_params_ui_tutorial.py took 1.051 seconds
[2024-12-20T09:19:04.949+0000] {processor.py:186} INFO - Started process (PID=126) to work on /home/airflow/.local/lib/python3.12/site-packages/airflow/example_dags/example_params_ui_tutorial.py
[2024-12-20T09:19:04.960+0000] {processor.py:914} INFO - Processing file /home/airflow/.local/lib/python3.12/site-packages/airflow/example_dags/example_params_ui_tutorial.py for tasks to queue
[2024-12-20T09:19:04.981+0000] {logging_mixin.py:190} INFO - [2024-12-20T09:19:04.979+0000] {dagbag.py:588} INFO - Filling up the DagBag from /home/airflow/.local/lib/python3.12/site-packages/airflow/example_dags/example_params_ui_tutorial.py
[2024-12-20T09:19:05.115+0000] {processor.py:925} INFO - DAG(s) 'example_params_ui_tutorial' retrieved from /home/airflow/.local/lib/python3.12/site-packages/airflow/example_dags/example_params_ui_tutorial.py
[2024-12-20T09:19:05.561+0000] {logging_mixin.py:190} INFO - [2024-12-20T09:19:05.561+0000] {dag.py:3239} INFO - Sync 1 DAGs
[2024-12-20T09:19:05.715+0000] {logging_mixin.py:190} INFO - [2024-12-20T09:19:05.714+0000] {dag.py:4180} INFO - Setting next_dagrun for example_params_ui_tutorial to None, run_after=None
[2024-12-20T09:19:05.835+0000] {processor.py:208} INFO - Processing /home/airflow/.local/lib/python3.12/site-packages/airflow/example_dags/example_params_ui_tutorial.py took 0.934 seconds
[2024-12-20T09:19:37.027+0000] {processor.py:186} INFO - Started process (PID=191) to work on /home/airflow/.local/lib/python3.12/site-packages/airflow/example_dags/example_params_ui_tutorial.py
[2024-12-20T09:19:37.030+0000] {processor.py:914} INFO - Processing file /home/airflow/.local/lib/python3.12/site-packages/airflow/example_dags/example_params_ui_tutorial.py for tasks to queue
[2024-12-20T09:19:37.039+0000] {logging_mixin.py:190} INFO - [2024-12-20T09:19:37.037+0000] {dagbag.py:588} INFO - Filling up the DagBag from /home/airflow/.local/lib/python3.12/site-packages/airflow/example_dags/example_params_ui_tutorial.py
[2024-12-20T09:19:37.082+0000] {processor.py:925} INFO - DAG(s) 'example_params_ui_tutorial' retrieved from /home/airflow/.local/lib/python3.12/site-packages/airflow/example_dags/example_params_ui_tutorial.py
[2024-12-20T09:19:37.312+0000] {logging_mixin.py:190} INFO - [2024-12-20T09:19:37.311+0000] {dag.py:3239} INFO - Sync 1 DAGs
[2024-12-20T09:19:37.412+0000] {logging_mixin.py:190} INFO - [2024-12-20T09:19:37.411+0000] {dag.py:4180} INFO - Setting next_dagrun for example_params_ui_tutorial to None, run_after=None
[2024-12-20T09:19:37.539+0000] {processor.py:208} INFO - Processing /home/airflow/.local/lib/python3.12/site-packages/airflow/example_dags/example_params_ui_tutorial.py took 0.543 seconds
[2024-12-20T09:20:20.655+0000] {processor.py:186} INFO - Started process (PID=256) to work on /home/airflow/.local/lib/python3.12/site-packages/airflow/example_dags/example_params_ui_tutorial.py
[2024-12-20T09:20:20.658+0000] {processor.py:914} INFO - Processing file /home/airflow/.local/lib/python3.12/site-packages/airflow/example_dags/example_params_ui_tutorial.py for tasks to queue
[2024-12-20T09:20:20.666+0000] {logging_mixin.py:190} INFO - [2024-12-20T09:20:20.664+0000] {dagbag.py:588} INFO - Filling up the DagBag from /home/airflow/.local/lib/python3.12/site-packages/airflow/example_dags/example_params_ui_tutorial.py
[2024-12-20T09:20:20.712+0000] {processor.py:925} INFO - DAG(s) 'example_params_ui_tutorial' retrieved from /home/airflow/.local/lib/python3.12/site-packages/airflow/example_dags/example_params_ui_tutorial.py
[2024-12-20T09:20:20.993+0000] {logging_mixin.py:190} INFO - [2024-12-20T09:20:20.992+0000] {dag.py:3239} INFO - Sync 1 DAGs
[2024-12-20T09:20:21.094+0000] {logging_mixin.py:190} INFO - [2024-12-20T09:20:21.093+0000] {dag.py:4180} INFO - Setting next_dagrun for example_params_ui_tutorial to None, run_after=None
[2024-12-20T09:20:21.173+0000] {processor.py:208} INFO - Processing /home/airflow/.local/lib/python3.12/site-packages/airflow/example_dags/example_params_ui_tutorial.py took 0.548 seconds
[2024-12-20T09:21:02.381+0000] {processor.py:186} INFO - Started process (PID=323) to work on /home/airflow/.local/lib/python3.12/site-packages/airflow/example_dags/example_params_ui_tutorial.py
[2024-12-20T09:21:02.399+0000] {processor.py:914} INFO - Processing file /home/airflow/.local/lib/python3.12/site-packages/airflow/example_dags/example_params_ui_tutorial.py for tasks to queue
[2024-12-20T09:21:02.419+0000] {logging_mixin.py:190} INFO - [2024-12-20T09:21:02.416+0000] {dagbag.py:588} INFO - Filling up the DagBag from /home/airflow/.local/lib/python3.12/site-packages/airflow/example_dags/example_params_ui_tutorial.py
[2024-12-20T09:21:02.494+0000] {processor.py:925} INFO - DAG(s) 'example_params_ui_tutorial' retrieved from /home/airflow/.local/lib/python3.12/site-packages/airflow/example_dags/example_params_ui_tutorial.py
[2024-12-20T09:21:02.860+0000] {logging_mixin.py:190} INFO - [2024-12-20T09:21:02.859+0000] {dag.py:3239} INFO - Sync 1 DAGs
[2024-12-20T09:21:03.082+0000] {logging_mixin.py:190} INFO - [2024-12-20T09:21:03.081+0000] {dag.py:4180} INFO - Setting next_dagrun for example_params_ui_tutorial to None, run_after=None
[2024-12-20T09:21:03.212+0000] {processor.py:208} INFO - Processing /home/airflow/.local/lib/python3.12/site-packages/airflow/example_dags/example_params_ui_tutorial.py took 0.869 seconds
[2024-12-20T09:21:42.312+0000] {processor.py:186} INFO - Started process (PID=389) to work on /home/airflow/.local/lib/python3.12/site-packages/airflow/example_dags/example_params_ui_tutorial.py
[2024-12-20T09:21:42.331+0000] {processor.py:914} INFO - Processing file /home/airflow/.local/lib/python3.12/site-packages/airflow/example_dags/example_params_ui_tutorial.py for tasks to queue
[2024-12-20T09:21:42.349+0000] {logging_mixin.py:190} INFO - [2024-12-20T09:21:42.347+0000] {dagbag.py:588} INFO - Filling up the DagBag from /home/airflow/.local/lib/python3.12/site-packages/airflow/example_dags/example_params_ui_tutorial.py
[2024-12-20T09:21:42.453+0000] {processor.py:925} INFO - DAG(s) 'example_params_ui_tutorial' retrieved from /home/airflow/.local/lib/python3.12/site-packages/airflow/example_dags/example_params_ui_tutorial.py
[2024-12-20T09:21:42.875+0000] {logging_mixin.py:190} INFO - [2024-12-20T09:21:42.874+0000] {dag.py:3239} INFO - Sync 1 DAGs
[2024-12-20T09:21:42.975+0000] {logging_mixin.py:190} INFO - [2024-12-20T09:21:42.973+0000] {dag.py:4180} INFO - Setting next_dagrun for example_params_ui_tutorial to None, run_after=None
[2024-12-20T09:21:43.103+0000] {processor.py:208} INFO - Processing /home/airflow/.local/lib/python3.12/site-packages/airflow/example_dags/example_params_ui_tutorial.py took 0.868 seconds
[2024-12-20T09:22:26.255+0000] {processor.py:186} INFO - Started process (PID=445) to work on /home/airflow/.local/lib/python3.12/site-packages/airflow/example_dags/example_params_ui_tutorial.py
[2024-12-20T09:22:26.273+0000] {processor.py:914} INFO - Processing file /home/airflow/.local/lib/python3.12/site-packages/airflow/example_dags/example_params_ui_tutorial.py for tasks to queue
[2024-12-20T09:22:26.296+0000] {logging_mixin.py:190} INFO - [2024-12-20T09:22:26.295+0000] {dagbag.py:588} INFO - Filling up the DagBag from /home/airflow/.local/lib/python3.12/site-packages/airflow/example_dags/example_params_ui_tutorial.py
[2024-12-20T09:22:26.469+0000] {processor.py:925} INFO - DAG(s) 'example_params_ui_tutorial' retrieved from /home/airflow/.local/lib/python3.12/site-packages/airflow/example_dags/example_params_ui_tutorial.py
[2024-12-20T09:22:26.989+0000] {logging_mixin.py:190} INFO - [2024-12-20T09:22:26.984+0000] {dag.py:3239} INFO - Sync 1 DAGs
[2024-12-20T09:22:27.096+0000] {logging_mixin.py:190} INFO - [2024-12-20T09:22:27.095+0000] {dag.py:4180} INFO - Setting next_dagrun for example_params_ui_tutorial to None, run_after=None
[2024-12-20T09:22:27.204+0000] {processor.py:208} INFO - Processing /home/airflow/.local/lib/python3.12/site-packages/airflow/example_dags/example_params_ui_tutorial.py took 1.103 seconds
[2024-12-20T09:23:02.439+0000] {processor.py:186} INFO - Started process (PID=498) to work on /home/airflow/.local/lib/python3.12/site-packages/airflow/example_dags/example_params_ui_tutorial.py
[2024-12-20T09:23:02.453+0000] {processor.py:914} INFO - Processing file /home/airflow/.local/lib/python3.12/site-packages/airflow/example_dags/example_params_ui_tutorial.py for tasks to queue
[2024-12-20T09:23:02.469+0000] {logging_mixin.py:190} INFO - [2024-12-20T09:23:02.458+0000] {dagbag.py:588} INFO - Filling up the DagBag from /home/airflow/.local/lib/python3.12/site-packages/airflow/example_dags/example_params_ui_tutorial.py
[2024-12-20T09:23:02.664+0000] {processor.py:925} INFO - DAG(s) 'example_params_ui_tutorial' retrieved from /home/airflow/.local/lib/python3.12/site-packages/airflow/example_dags/example_params_ui_tutorial.py
[2024-12-20T09:23:03.449+0000] {logging_mixin.py:190} INFO - [2024-12-20T09:23:03.448+0000] {dag.py:3239} INFO - Sync 1 DAGs
[2024-12-20T09:23:03.708+0000] {logging_mixin.py:190} INFO - [2024-12-20T09:23:03.705+0000] {dag.py:4180} INFO - Setting next_dagrun for example_params_ui_tutorial to None, run_after=None
[2024-12-20T09:23:03.943+0000] {processor.py:208} INFO - Processing /home/airflow/.local/lib/python3.12/site-packages/airflow/example_dags/example_params_ui_tutorial.py took 1.629 seconds
[2024-12-20T09:23:34.700+0000] {processor.py:186} INFO - Started process (PID=564) to work on /home/airflow/.local/lib/python3.12/site-packages/airflow/example_dags/example_params_ui_tutorial.py
[2024-12-20T09:23:34.704+0000] {processor.py:914} INFO - Processing file /home/airflow/.local/lib/python3.12/site-packages/airflow/example_dags/example_params_ui_tutorial.py for tasks to queue
[2024-12-20T09:23:34.713+0000] {logging_mixin.py:190} INFO - [2024-12-20T09:23:34.711+0000] {dagbag.py:588} INFO - Filling up the DagBag from /home/airflow/.local/lib/python3.12/site-packages/airflow/example_dags/example_params_ui_tutorial.py
[2024-12-20T09:23:34.780+0000] {processor.py:925} INFO - DAG(s) 'example_params_ui_tutorial' retrieved from /home/airflow/.local/lib/python3.12/site-packages/airflow/example_dags/example_params_ui_tutorial.py
[2024-12-20T09:23:35.137+0000] {logging_mixin.py:190} INFO - [2024-12-20T09:23:35.136+0000] {dag.py:3239} INFO - Sync 1 DAGs
[2024-12-20T09:23:35.269+0000] {logging_mixin.py:190} INFO - [2024-12-20T09:23:35.268+0000] {dag.py:4180} INFO - Setting next_dagrun for example_params_ui_tutorial to None, run_after=None
[2024-12-20T09:23:35.400+0000] {processor.py:208} INFO - Processing /home/airflow/.local/lib/python3.12/site-packages/airflow/example_dags/example_params_ui_tutorial.py took 0.736 seconds
[2024-12-20T09:24:05.816+0000] {processor.py:186} INFO - Started process (PID=630) to work on /home/airflow/.local/lib/python3.12/site-packages/airflow/example_dags/example_params_ui_tutorial.py
[2024-12-20T09:24:05.819+0000] {processor.py:914} INFO - Processing file /home/airflow/.local/lib/python3.12/site-packages/airflow/example_dags/example_params_ui_tutorial.py for tasks to queue
[2024-12-20T09:24:05.824+0000] {logging_mixin.py:190} INFO - [2024-12-20T09:24:05.822+0000] {dagbag.py:588} INFO - Filling up the DagBag from /home/airflow/.local/lib/python3.12/site-packages/airflow/example_dags/example_params_ui_tutorial.py
[2024-12-20T09:24:05.852+0000] {processor.py:925} INFO - DAG(s) 'example_params_ui_tutorial' retrieved from /home/airflow/.local/lib/python3.12/site-packages/airflow/example_dags/example_params_ui_tutorial.py
[2024-12-20T09:24:05.927+0000] {logging_mixin.py:190} INFO - [2024-12-20T09:24:05.927+0000] {dag.py:3239} INFO - Sync 1 DAGs
[2024-12-20T09:24:05.949+0000] {logging_mixin.py:190} INFO - [2024-12-20T09:24:05.949+0000] {dag.py:4180} INFO - Setting next_dagrun for example_params_ui_tutorial to None, run_after=None
[2024-12-20T09:24:05.975+0000] {processor.py:208} INFO - Processing /home/airflow/.local/lib/python3.12/site-packages/airflow/example_dags/example_params_ui_tutorial.py took 0.202 seconds
[2024-12-20T09:24:36.479+0000] {processor.py:186} INFO - Started process (PID=695) to work on /home/airflow/.local/lib/python3.12/site-packages/airflow/example_dags/example_params_ui_tutorial.py
[2024-12-20T09:24:36.483+0000] {processor.py:914} INFO - Processing file /home/airflow/.local/lib/python3.12/site-packages/airflow/example_dags/example_params_ui_tutorial.py for tasks to queue
[2024-12-20T09:24:36.490+0000] {logging_mixin.py:190} INFO - [2024-12-20T09:24:36.488+0000] {dagbag.py:588} INFO - Filling up the DagBag from /home/airflow/.local/lib/python3.12/site-packages/airflow/example_dags/example_params_ui_tutorial.py
[2024-12-20T09:24:36.523+0000] {processor.py:925} INFO - DAG(s) 'example_params_ui_tutorial' retrieved from /home/airflow/.local/lib/python3.12/site-packages/airflow/example_dags/example_params_ui_tutorial.py
[2024-12-20T09:24:36.630+0000] {logging_mixin.py:190} INFO - [2024-12-20T09:24:36.629+0000] {dag.py:3239} INFO - Sync 1 DAGs
[2024-12-20T09:24:36.662+0000] {logging_mixin.py:190} INFO - [2024-12-20T09:24:36.662+0000] {dag.py:4180} INFO - Setting next_dagrun for example_params_ui_tutorial to None, run_after=None
[2024-12-20T09:24:36.705+0000] {processor.py:208} INFO - Processing /home/airflow/.local/lib/python3.12/site-packages/airflow/example_dags/example_params_ui_tutorial.py took 0.255 seconds
[2024-12-20T09:25:07.582+0000] {processor.py:186} INFO - Started process (PID=760) to work on /home/airflow/.local/lib/python3.12/site-packages/airflow/example_dags/example_params_ui_tutorial.py
[2024-12-20T09:25:07.583+0000] {processor.py:914} INFO - Processing file /home/airflow/.local/lib/python3.12/site-packages/airflow/example_dags/example_params_ui_tutorial.py for tasks to queue
[2024-12-20T09:25:07.586+0000] {logging_mixin.py:190} INFO - [2024-12-20T09:25:07.585+0000] {dagbag.py:588} INFO - Filling up the DagBag from /home/airflow/.local/lib/python3.12/site-packages/airflow/example_dags/example_params_ui_tutorial.py
[2024-12-20T09:25:07.607+0000] {processor.py:925} INFO - DAG(s) 'example_params_ui_tutorial' retrieved from /home/airflow/.local/lib/python3.12/site-packages/airflow/example_dags/example_params_ui_tutorial.py
[2024-12-20T09:25:07.721+0000] {logging_mixin.py:190} INFO - [2024-12-20T09:25:07.721+0000] {dag.py:3239} INFO - Sync 1 DAGs
[2024-12-20T09:25:07.751+0000] {logging_mixin.py:190} INFO - [2024-12-20T09:25:07.751+0000] {dag.py:4180} INFO - Setting next_dagrun for example_params_ui_tutorial to None, run_after=None
[2024-12-20T09:25:07.782+0000] {processor.py:208} INFO - Processing /home/airflow/.local/lib/python3.12/site-packages/airflow/example_dags/example_params_ui_tutorial.py took 0.212 seconds
