[2024-12-20T05:28:42.985+0000] {processor.py:186} INFO - Started process (PID=12508) to work on /home/airflow/.local/lib/python3.12/site-packages/airflow/example_dags/example_time_delta_sensor_async.py
[2024-12-20T05:28:43.017+0000] {processor.py:914} INFO - Processing file /home/airflow/.local/lib/python3.12/site-packages/airflow/example_dags/example_time_delta_sensor_async.py for tasks to queue
[2024-12-20T05:28:43.028+0000] {logging_mixin.py:190} INFO - [2024-12-20T05:28:43.027+0000] {dagbag.py:588} INFO - Filling up the DagBag from /home/airflow/.local/lib/python3.12/site-packages/airflow/example_dags/example_time_delta_sensor_async.py
[2024-12-20T05:28:43.138+0000] {processor.py:925} INFO - DAG(s) 'example_time_delta_sensor_async' retrieved from /home/airflow/.local/lib/python3.12/site-packages/airflow/example_dags/example_time_delta_sensor_async.py
[2024-12-20T05:28:43.369+0000] {logging_mixin.py:190} INFO - [2024-12-20T05:28:43.367+0000] {dag.py:3239} INFO - Sync 1 DAGs
[2024-12-20T05:28:43.581+0000] {logging_mixin.py:190} INFO - [2024-12-20T05:28:43.581+0000] {dag.py:4180} INFO - Setting next_dagrun for example_time_delta_sensor_async to None, run_after=None
[2024-12-20T05:28:43.858+0000] {processor.py:208} INFO - Processing /home/airflow/.local/lib/python3.12/site-packages/airflow/example_dags/example_time_delta_sensor_async.py took 0.931 seconds
[2024-12-20T05:29:21.592+0000] {processor.py:186} INFO - Started process (PID=12572) to work on /home/airflow/.local/lib/python3.12/site-packages/airflow/example_dags/example_time_delta_sensor_async.py
[2024-12-20T05:29:21.595+0000] {processor.py:914} INFO - Processing file /home/airflow/.local/lib/python3.12/site-packages/airflow/example_dags/example_time_delta_sensor_async.py for tasks to queue
[2024-12-20T05:29:21.608+0000] {logging_mixin.py:190} INFO - [2024-12-20T05:29:21.606+0000] {dagbag.py:588} INFO - Filling up the DagBag from /home/airflow/.local/lib/python3.12/site-packages/airflow/example_dags/example_time_delta_sensor_async.py
[2024-12-20T05:29:21.695+0000] {processor.py:925} INFO - DAG(s) 'example_time_delta_sensor_async' retrieved from /home/airflow/.local/lib/python3.12/site-packages/airflow/example_dags/example_time_delta_sensor_async.py
[2024-12-20T05:29:21.824+0000] {logging_mixin.py:190} INFO - [2024-12-20T05:29:21.820+0000] {dag.py:3239} INFO - Sync 1 DAGs
[2024-12-20T05:29:21.987+0000] {logging_mixin.py:190} INFO - [2024-12-20T05:29:21.983+0000] {dag.py:4180} INFO - Setting next_dagrun for example_time_delta_sensor_async to None, run_after=None
[2024-12-20T05:29:22.089+0000] {processor.py:208} INFO - Processing /home/airflow/.local/lib/python3.12/site-packages/airflow/example_dags/example_time_delta_sensor_async.py took 0.536 seconds
[2024-12-20T05:29:52.779+0000] {processor.py:186} INFO - Started process (PID=12637) to work on /home/airflow/.local/lib/python3.12/site-packages/airflow/example_dags/example_time_delta_sensor_async.py
[2024-12-20T05:29:52.781+0000] {processor.py:914} INFO - Processing file /home/airflow/.local/lib/python3.12/site-packages/airflow/example_dags/example_time_delta_sensor_async.py for tasks to queue
[2024-12-20T05:29:52.788+0000] {logging_mixin.py:190} INFO - [2024-12-20T05:29:52.787+0000] {dagbag.py:588} INFO - Filling up the DagBag from /home/airflow/.local/lib/python3.12/site-packages/airflow/example_dags/example_time_delta_sensor_async.py
[2024-12-20T05:29:52.805+0000] {processor.py:925} INFO - DAG(s) 'example_time_delta_sensor_async' retrieved from /home/airflow/.local/lib/python3.12/site-packages/airflow/example_dags/example_time_delta_sensor_async.py
[2024-12-20T05:29:52.849+0000] {logging_mixin.py:190} INFO - [2024-12-20T05:29:52.848+0000] {dag.py:3239} INFO - Sync 1 DAGs
[2024-12-20T05:29:52.884+0000] {logging_mixin.py:190} INFO - [2024-12-20T05:29:52.884+0000] {dag.py:4180} INFO - Setting next_dagrun for example_time_delta_sensor_async to None, run_after=None
[2024-12-20T05:29:52.929+0000] {processor.py:208} INFO - Processing /home/airflow/.local/lib/python3.12/site-packages/airflow/example_dags/example_time_delta_sensor_async.py took 0.167 seconds
[2024-12-20T05:30:24.395+0000] {processor.py:186} INFO - Started process (PID=12703) to work on /home/airflow/.local/lib/python3.12/site-packages/airflow/example_dags/example_time_delta_sensor_async.py
[2024-12-20T05:30:24.397+0000] {processor.py:914} INFO - Processing file /home/airflow/.local/lib/python3.12/site-packages/airflow/example_dags/example_time_delta_sensor_async.py for tasks to queue
[2024-12-20T05:30:24.404+0000] {logging_mixin.py:190} INFO - [2024-12-20T05:30:24.403+0000] {dagbag.py:588} INFO - Filling up the DagBag from /home/airflow/.local/lib/python3.12/site-packages/airflow/example_dags/example_time_delta_sensor_async.py
[2024-12-20T05:30:24.423+0000] {processor.py:925} INFO - DAG(s) 'example_time_delta_sensor_async' retrieved from /home/airflow/.local/lib/python3.12/site-packages/airflow/example_dags/example_time_delta_sensor_async.py
[2024-12-20T05:30:24.468+0000] {logging_mixin.py:190} INFO - [2024-12-20T05:30:24.467+0000] {dag.py:3239} INFO - Sync 1 DAGs
[2024-12-20T05:30:24.503+0000] {logging_mixin.py:190} INFO - [2024-12-20T05:30:24.503+0000] {dag.py:4180} INFO - Setting next_dagrun for example_time_delta_sensor_async to None, run_after=None
[2024-12-20T05:30:24.542+0000] {processor.py:208} INFO - Processing /home/airflow/.local/lib/python3.12/site-packages/airflow/example_dags/example_time_delta_sensor_async.py took 0.160 seconds
[2024-12-20T05:30:56.643+0000] {processor.py:186} INFO - Started process (PID=12768) to work on /home/airflow/.local/lib/python3.12/site-packages/airflow/example_dags/example_time_delta_sensor_async.py
[2024-12-20T05:30:56.645+0000] {processor.py:914} INFO - Processing file /home/airflow/.local/lib/python3.12/site-packages/airflow/example_dags/example_time_delta_sensor_async.py for tasks to queue
[2024-12-20T05:30:56.651+0000] {logging_mixin.py:190} INFO - [2024-12-20T05:30:56.650+0000] {dagbag.py:588} INFO - Filling up the DagBag from /home/airflow/.local/lib/python3.12/site-packages/airflow/example_dags/example_time_delta_sensor_async.py
[2024-12-20T05:30:56.667+0000] {processor.py:925} INFO - DAG(s) 'example_time_delta_sensor_async' retrieved from /home/airflow/.local/lib/python3.12/site-packages/airflow/example_dags/example_time_delta_sensor_async.py
[2024-12-20T05:30:56.706+0000] {logging_mixin.py:190} INFO - [2024-12-20T05:30:56.706+0000] {dag.py:3239} INFO - Sync 1 DAGs
[2024-12-20T05:30:56.736+0000] {logging_mixin.py:190} INFO - [2024-12-20T05:30:56.736+0000] {dag.py:4180} INFO - Setting next_dagrun for example_time_delta_sensor_async to None, run_after=None
[2024-12-20T05:30:56.776+0000] {processor.py:208} INFO - Processing /home/airflow/.local/lib/python3.12/site-packages/airflow/example_dags/example_time_delta_sensor_async.py took 0.148 seconds
[2024-12-20T05:31:30.172+0000] {processor.py:186} INFO - Started process (PID=12835) to work on /home/airflow/.local/lib/python3.12/site-packages/airflow/example_dags/example_time_delta_sensor_async.py
[2024-12-20T05:31:30.176+0000] {processor.py:914} INFO - Processing file /home/airflow/.local/lib/python3.12/site-packages/airflow/example_dags/example_time_delta_sensor_async.py for tasks to queue
[2024-12-20T05:31:30.187+0000] {logging_mixin.py:190} INFO - [2024-12-20T05:31:30.186+0000] {dagbag.py:588} INFO - Filling up the DagBag from /home/airflow/.local/lib/python3.12/site-packages/airflow/example_dags/example_time_delta_sensor_async.py
[2024-12-20T05:31:30.218+0000] {processor.py:925} INFO - DAG(s) 'example_time_delta_sensor_async' retrieved from /home/airflow/.local/lib/python3.12/site-packages/airflow/example_dags/example_time_delta_sensor_async.py
[2024-12-20T05:31:30.306+0000] {logging_mixin.py:190} INFO - [2024-12-20T05:31:30.305+0000] {dag.py:3239} INFO - Sync 1 DAGs
[2024-12-20T05:31:30.394+0000] {logging_mixin.py:190} INFO - [2024-12-20T05:31:30.393+0000] {dag.py:4180} INFO - Setting next_dagrun for example_time_delta_sensor_async to None, run_after=None
[2024-12-20T05:31:30.493+0000] {processor.py:208} INFO - Processing /home/airflow/.local/lib/python3.12/site-packages/airflow/example_dags/example_time_delta_sensor_async.py took 0.356 seconds
[2024-12-20T05:32:01.312+0000] {processor.py:186} INFO - Started process (PID=12906) to work on /home/airflow/.local/lib/python3.12/site-packages/airflow/example_dags/example_time_delta_sensor_async.py
[2024-12-20T05:32:01.315+0000] {processor.py:914} INFO - Processing file /home/airflow/.local/lib/python3.12/site-packages/airflow/example_dags/example_time_delta_sensor_async.py for tasks to queue
[2024-12-20T05:32:01.322+0000] {logging_mixin.py:190} INFO - [2024-12-20T05:32:01.321+0000] {dagbag.py:588} INFO - Filling up the DagBag from /home/airflow/.local/lib/python3.12/site-packages/airflow/example_dags/example_time_delta_sensor_async.py
[2024-12-20T05:32:01.340+0000] {processor.py:925} INFO - DAG(s) 'example_time_delta_sensor_async' retrieved from /home/airflow/.local/lib/python3.12/site-packages/airflow/example_dags/example_time_delta_sensor_async.py
[2024-12-20T05:32:01.392+0000] {logging_mixin.py:190} INFO - [2024-12-20T05:32:01.392+0000] {dag.py:3239} INFO - Sync 1 DAGs
[2024-12-20T05:32:01.430+0000] {logging_mixin.py:190} INFO - [2024-12-20T05:32:01.429+0000] {dag.py:4180} INFO - Setting next_dagrun for example_time_delta_sensor_async to None, run_after=None
[2024-12-20T05:32:01.479+0000] {processor.py:208} INFO - Processing /home/airflow/.local/lib/python3.12/site-packages/airflow/example_dags/example_time_delta_sensor_async.py took 0.180 seconds
[2024-12-20T05:32:32.081+0000] {processor.py:186} INFO - Started process (PID=12970) to work on /home/airflow/.local/lib/python3.12/site-packages/airflow/example_dags/example_time_delta_sensor_async.py
[2024-12-20T05:32:32.084+0000] {processor.py:914} INFO - Processing file /home/airflow/.local/lib/python3.12/site-packages/airflow/example_dags/example_time_delta_sensor_async.py for tasks to queue
[2024-12-20T05:32:32.093+0000] {logging_mixin.py:190} INFO - [2024-12-20T05:32:32.092+0000] {dagbag.py:588} INFO - Filling up the DagBag from /home/airflow/.local/lib/python3.12/site-packages/airflow/example_dags/example_time_delta_sensor_async.py
[2024-12-20T05:32:32.124+0000] {processor.py:925} INFO - DAG(s) 'example_time_delta_sensor_async' retrieved from /home/airflow/.local/lib/python3.12/site-packages/airflow/example_dags/example_time_delta_sensor_async.py
[2024-12-20T05:32:32.193+0000] {logging_mixin.py:190} INFO - [2024-12-20T05:32:32.192+0000] {dag.py:3239} INFO - Sync 1 DAGs
[2024-12-20T05:32:32.243+0000] {logging_mixin.py:190} INFO - [2024-12-20T05:32:32.242+0000] {dag.py:4180} INFO - Setting next_dagrun for example_time_delta_sensor_async to None, run_after=None
[2024-12-20T05:32:32.301+0000] {processor.py:208} INFO - Processing /home/airflow/.local/lib/python3.12/site-packages/airflow/example_dags/example_time_delta_sensor_async.py took 0.242 seconds
[2024-12-20T05:33:07.049+0000] {processor.py:186} INFO - Started process (PID=13037) to work on /home/airflow/.local/lib/python3.12/site-packages/airflow/example_dags/example_time_delta_sensor_async.py
[2024-12-20T05:33:07.052+0000] {processor.py:914} INFO - Processing file /home/airflow/.local/lib/python3.12/site-packages/airflow/example_dags/example_time_delta_sensor_async.py for tasks to queue
[2024-12-20T05:33:07.058+0000] {logging_mixin.py:190} INFO - [2024-12-20T05:33:07.057+0000] {dagbag.py:588} INFO - Filling up the DagBag from /home/airflow/.local/lib/python3.12/site-packages/airflow/example_dags/example_time_delta_sensor_async.py
[2024-12-20T05:33:07.078+0000] {processor.py:925} INFO - DAG(s) 'example_time_delta_sensor_async' retrieved from /home/airflow/.local/lib/python3.12/site-packages/airflow/example_dags/example_time_delta_sensor_async.py
[2024-12-20T05:33:07.121+0000] {logging_mixin.py:190} INFO - [2024-12-20T05:33:07.120+0000] {dag.py:3239} INFO - Sync 1 DAGs
[2024-12-20T05:33:07.152+0000] {logging_mixin.py:190} INFO - [2024-12-20T05:33:07.152+0000] {dag.py:4180} INFO - Setting next_dagrun for example_time_delta_sensor_async to None, run_after=None
[2024-12-20T05:33:07.191+0000] {processor.py:208} INFO - Processing /home/airflow/.local/lib/python3.12/site-packages/airflow/example_dags/example_time_delta_sensor_async.py took 0.158 seconds
[2024-12-20T05:33:38.165+0000] {processor.py:186} INFO - Started process (PID=13102) to work on /home/airflow/.local/lib/python3.12/site-packages/airflow/example_dags/example_time_delta_sensor_async.py
[2024-12-20T05:33:38.168+0000] {processor.py:914} INFO - Processing file /home/airflow/.local/lib/python3.12/site-packages/airflow/example_dags/example_time_delta_sensor_async.py for tasks to queue
[2024-12-20T05:33:38.176+0000] {logging_mixin.py:190} INFO - [2024-12-20T05:33:38.174+0000] {dagbag.py:588} INFO - Filling up the DagBag from /home/airflow/.local/lib/python3.12/site-packages/airflow/example_dags/example_time_delta_sensor_async.py
[2024-12-20T05:33:38.201+0000] {processor.py:925} INFO - DAG(s) 'example_time_delta_sensor_async' retrieved from /home/airflow/.local/lib/python3.12/site-packages/airflow/example_dags/example_time_delta_sensor_async.py
[2024-12-20T05:33:38.267+0000] {logging_mixin.py:190} INFO - [2024-12-20T05:33:38.266+0000] {dag.py:3239} INFO - Sync 1 DAGs
[2024-12-20T05:33:38.322+0000] {logging_mixin.py:190} INFO - [2024-12-20T05:33:38.321+0000] {dag.py:4180} INFO - Setting next_dagrun for example_time_delta_sensor_async to None, run_after=None
[2024-12-20T05:33:38.428+0000] {processor.py:208} INFO - Processing /home/airflow/.local/lib/python3.12/site-packages/airflow/example_dags/example_time_delta_sensor_async.py took 0.283 seconds
[2024-12-20T05:34:15.719+0000] {processor.py:186} INFO - Started process (PID=13171) to work on /home/airflow/.local/lib/python3.12/site-packages/airflow/example_dags/example_time_delta_sensor_async.py
[2024-12-20T05:34:15.721+0000] {processor.py:914} INFO - Processing file /home/airflow/.local/lib/python3.12/site-packages/airflow/example_dags/example_time_delta_sensor_async.py for tasks to queue
[2024-12-20T05:34:15.727+0000] {logging_mixin.py:190} INFO - [2024-12-20T05:34:15.726+0000] {dagbag.py:588} INFO - Filling up the DagBag from /home/airflow/.local/lib/python3.12/site-packages/airflow/example_dags/example_time_delta_sensor_async.py
[2024-12-20T05:34:15.742+0000] {processor.py:925} INFO - DAG(s) 'example_time_delta_sensor_async' retrieved from /home/airflow/.local/lib/python3.12/site-packages/airflow/example_dags/example_time_delta_sensor_async.py
[2024-12-20T05:34:15.785+0000] {logging_mixin.py:190} INFO - [2024-12-20T05:34:15.785+0000] {dag.py:3239} INFO - Sync 1 DAGs
[2024-12-20T05:34:15.820+0000] {logging_mixin.py:190} INFO - [2024-12-20T05:34:15.819+0000] {dag.py:4180} INFO - Setting next_dagrun for example_time_delta_sensor_async to None, run_after=None
[2024-12-20T05:34:15.863+0000] {processor.py:208} INFO - Processing /home/airflow/.local/lib/python3.12/site-packages/airflow/example_dags/example_time_delta_sensor_async.py took 0.156 seconds
[2024-12-20T05:34:46.719+0000] {processor.py:186} INFO - Started process (PID=13236) to work on /home/airflow/.local/lib/python3.12/site-packages/airflow/example_dags/example_time_delta_sensor_async.py
[2024-12-20T05:34:46.722+0000] {processor.py:914} INFO - Processing file /home/airflow/.local/lib/python3.12/site-packages/airflow/example_dags/example_time_delta_sensor_async.py for tasks to queue
[2024-12-20T05:34:46.730+0000] {logging_mixin.py:190} INFO - [2024-12-20T05:34:46.729+0000] {dagbag.py:588} INFO - Filling up the DagBag from /home/airflow/.local/lib/python3.12/site-packages/airflow/example_dags/example_time_delta_sensor_async.py
[2024-12-20T05:34:46.750+0000] {processor.py:925} INFO - DAG(s) 'example_time_delta_sensor_async' retrieved from /home/airflow/.local/lib/python3.12/site-packages/airflow/example_dags/example_time_delta_sensor_async.py
[2024-12-20T05:34:46.800+0000] {logging_mixin.py:190} INFO - [2024-12-20T05:34:46.800+0000] {dag.py:3239} INFO - Sync 1 DAGs
[2024-12-20T05:34:46.845+0000] {logging_mixin.py:190} INFO - [2024-12-20T05:34:46.844+0000] {dag.py:4180} INFO - Setting next_dagrun for example_time_delta_sensor_async to None, run_after=None
[2024-12-20T05:34:46.896+0000] {processor.py:208} INFO - Processing /home/airflow/.local/lib/python3.12/site-packages/airflow/example_dags/example_time_delta_sensor_async.py took 0.190 seconds
[2024-12-20T05:35:19.596+0000] {processor.py:186} INFO - Started process (PID=13301) to work on /home/airflow/.local/lib/python3.12/site-packages/airflow/example_dags/example_time_delta_sensor_async.py
[2024-12-20T05:35:19.600+0000] {processor.py:914} INFO - Processing file /home/airflow/.local/lib/python3.12/site-packages/airflow/example_dags/example_time_delta_sensor_async.py for tasks to queue
[2024-12-20T05:35:19.611+0000] {logging_mixin.py:190} INFO - [2024-12-20T05:35:19.609+0000] {dagbag.py:588} INFO - Filling up the DagBag from /home/airflow/.local/lib/python3.12/site-packages/airflow/example_dags/example_time_delta_sensor_async.py
[2024-12-20T05:35:19.653+0000] {processor.py:925} INFO - DAG(s) 'example_time_delta_sensor_async' retrieved from /home/airflow/.local/lib/python3.12/site-packages/airflow/example_dags/example_time_delta_sensor_async.py
[2024-12-20T05:35:19.748+0000] {logging_mixin.py:190} INFO - [2024-12-20T05:35:19.747+0000] {dag.py:3239} INFO - Sync 1 DAGs
[2024-12-20T05:35:19.827+0000] {logging_mixin.py:190} INFO - [2024-12-20T05:35:19.826+0000] {dag.py:4180} INFO - Setting next_dagrun for example_time_delta_sensor_async to None, run_after=None
[2024-12-20T05:35:19.906+0000] {processor.py:208} INFO - Processing /home/airflow/.local/lib/python3.12/site-packages/airflow/example_dags/example_time_delta_sensor_async.py took 0.340 seconds
[2024-12-20T05:35:52.312+0000] {processor.py:186} INFO - Started process (PID=13366) to work on /home/airflow/.local/lib/python3.12/site-packages/airflow/example_dags/example_time_delta_sensor_async.py
[2024-12-20T05:35:52.314+0000] {processor.py:914} INFO - Processing file /home/airflow/.local/lib/python3.12/site-packages/airflow/example_dags/example_time_delta_sensor_async.py for tasks to queue
[2024-12-20T05:35:52.320+0000] {logging_mixin.py:190} INFO - [2024-12-20T05:35:52.320+0000] {dagbag.py:588} INFO - Filling up the DagBag from /home/airflow/.local/lib/python3.12/site-packages/airflow/example_dags/example_time_delta_sensor_async.py
[2024-12-20T05:35:52.341+0000] {processor.py:925} INFO - DAG(s) 'example_time_delta_sensor_async' retrieved from /home/airflow/.local/lib/python3.12/site-packages/airflow/example_dags/example_time_delta_sensor_async.py
[2024-12-20T05:35:52.391+0000] {logging_mixin.py:190} INFO - [2024-12-20T05:35:52.390+0000] {dag.py:3239} INFO - Sync 1 DAGs
[2024-12-20T05:35:52.430+0000] {logging_mixin.py:190} INFO - [2024-12-20T05:35:52.429+0000] {dag.py:4180} INFO - Setting next_dagrun for example_time_delta_sensor_async to None, run_after=None
[2024-12-20T05:35:52.477+0000] {processor.py:208} INFO - Processing /home/airflow/.local/lib/python3.12/site-packages/airflow/example_dags/example_time_delta_sensor_async.py took 0.183 seconds
[2024-12-20T05:36:26.489+0000] {processor.py:186} INFO - Started process (PID=13431) to work on /home/airflow/.local/lib/python3.12/site-packages/airflow/example_dags/example_time_delta_sensor_async.py
[2024-12-20T05:36:26.491+0000] {processor.py:914} INFO - Processing file /home/airflow/.local/lib/python3.12/site-packages/airflow/example_dags/example_time_delta_sensor_async.py for tasks to queue
[2024-12-20T05:36:26.498+0000] {logging_mixin.py:190} INFO - [2024-12-20T05:36:26.497+0000] {dagbag.py:588} INFO - Filling up the DagBag from /home/airflow/.local/lib/python3.12/site-packages/airflow/example_dags/example_time_delta_sensor_async.py
[2024-12-20T05:36:26.519+0000] {processor.py:925} INFO - DAG(s) 'example_time_delta_sensor_async' retrieved from /home/airflow/.local/lib/python3.12/site-packages/airflow/example_dags/example_time_delta_sensor_async.py
[2024-12-20T05:36:26.569+0000] {logging_mixin.py:190} INFO - [2024-12-20T05:36:26.569+0000] {dag.py:3239} INFO - Sync 1 DAGs
[2024-12-20T05:36:26.611+0000] {logging_mixin.py:190} INFO - [2024-12-20T05:36:26.611+0000] {dag.py:4180} INFO - Setting next_dagrun for example_time_delta_sensor_async to None, run_after=None
[2024-12-20T05:36:26.702+0000] {processor.py:208} INFO - Processing /home/airflow/.local/lib/python3.12/site-packages/airflow/example_dags/example_time_delta_sensor_async.py took 0.227 seconds
[2024-12-20T05:36:57.086+0000] {processor.py:186} INFO - Started process (PID=13496) to work on /home/airflow/.local/lib/python3.12/site-packages/airflow/example_dags/example_time_delta_sensor_async.py
[2024-12-20T05:36:57.088+0000] {processor.py:914} INFO - Processing file /home/airflow/.local/lib/python3.12/site-packages/airflow/example_dags/example_time_delta_sensor_async.py for tasks to queue
[2024-12-20T05:36:57.094+0000] {logging_mixin.py:190} INFO - [2024-12-20T05:36:57.093+0000] {dagbag.py:588} INFO - Filling up the DagBag from /home/airflow/.local/lib/python3.12/site-packages/airflow/example_dags/example_time_delta_sensor_async.py
[2024-12-20T05:36:57.111+0000] {processor.py:925} INFO - DAG(s) 'example_time_delta_sensor_async' retrieved from /home/airflow/.local/lib/python3.12/site-packages/airflow/example_dags/example_time_delta_sensor_async.py
[2024-12-20T05:36:57.171+0000] {logging_mixin.py:190} INFO - [2024-12-20T05:36:57.170+0000] {dag.py:3239} INFO - Sync 1 DAGs
[2024-12-20T05:36:57.249+0000] {logging_mixin.py:190} INFO - [2024-12-20T05:36:57.248+0000] {dag.py:4180} INFO - Setting next_dagrun for example_time_delta_sensor_async to None, run_after=None
[2024-12-20T05:36:57.344+0000] {processor.py:208} INFO - Processing /home/airflow/.local/lib/python3.12/site-packages/airflow/example_dags/example_time_delta_sensor_async.py took 0.272 seconds
[2024-12-20T05:37:29.443+0000] {processor.py:186} INFO - Started process (PID=13562) to work on /home/airflow/.local/lib/python3.12/site-packages/airflow/example_dags/example_time_delta_sensor_async.py
[2024-12-20T05:37:29.446+0000] {processor.py:914} INFO - Processing file /home/airflow/.local/lib/python3.12/site-packages/airflow/example_dags/example_time_delta_sensor_async.py for tasks to queue
[2024-12-20T05:37:29.455+0000] {logging_mixin.py:190} INFO - [2024-12-20T05:37:29.453+0000] {dagbag.py:588} INFO - Filling up the DagBag from /home/airflow/.local/lib/python3.12/site-packages/airflow/example_dags/example_time_delta_sensor_async.py
[2024-12-20T05:37:29.483+0000] {processor.py:925} INFO - DAG(s) 'example_time_delta_sensor_async' retrieved from /home/airflow/.local/lib/python3.12/site-packages/airflow/example_dags/example_time_delta_sensor_async.py
[2024-12-20T05:37:29.544+0000] {logging_mixin.py:190} INFO - [2024-12-20T05:37:29.543+0000] {dag.py:3239} INFO - Sync 1 DAGs
[2024-12-20T05:37:29.599+0000] {logging_mixin.py:190} INFO - [2024-12-20T05:37:29.599+0000] {dag.py:4180} INFO - Setting next_dagrun for example_time_delta_sensor_async to None, run_after=None
[2024-12-20T05:37:29.652+0000] {processor.py:208} INFO - Processing /home/airflow/.local/lib/python3.12/site-packages/airflow/example_dags/example_time_delta_sensor_async.py took 0.228 seconds
[2024-12-20T05:38:00.965+0000] {processor.py:186} INFO - Started process (PID=13627) to work on /home/airflow/.local/lib/python3.12/site-packages/airflow/example_dags/example_time_delta_sensor_async.py
[2024-12-20T05:38:00.968+0000] {processor.py:914} INFO - Processing file /home/airflow/.local/lib/python3.12/site-packages/airflow/example_dags/example_time_delta_sensor_async.py for tasks to queue
[2024-12-20T05:38:00.976+0000] {logging_mixin.py:190} INFO - [2024-12-20T05:38:00.975+0000] {dagbag.py:588} INFO - Filling up the DagBag from /home/airflow/.local/lib/python3.12/site-packages/airflow/example_dags/example_time_delta_sensor_async.py
[2024-12-20T05:38:01.001+0000] {processor.py:925} INFO - DAG(s) 'example_time_delta_sensor_async' retrieved from /home/airflow/.local/lib/python3.12/site-packages/airflow/example_dags/example_time_delta_sensor_async.py
[2024-12-20T05:38:01.061+0000] {logging_mixin.py:190} INFO - [2024-12-20T05:38:01.061+0000] {dag.py:3239} INFO - Sync 1 DAGs
[2024-12-20T05:38:01.113+0000] {logging_mixin.py:190} INFO - [2024-12-20T05:38:01.113+0000] {dag.py:4180} INFO - Setting next_dagrun for example_time_delta_sensor_async to None, run_after=None
[2024-12-20T05:38:01.170+0000] {processor.py:208} INFO - Processing /home/airflow/.local/lib/python3.12/site-packages/airflow/example_dags/example_time_delta_sensor_async.py took 0.233 seconds
[2024-12-20T05:38:32.225+0000] {processor.py:186} INFO - Started process (PID=13692) to work on /home/airflow/.local/lib/python3.12/site-packages/airflow/example_dags/example_time_delta_sensor_async.py
[2024-12-20T05:38:32.228+0000] {processor.py:914} INFO - Processing file /home/airflow/.local/lib/python3.12/site-packages/airflow/example_dags/example_time_delta_sensor_async.py for tasks to queue
[2024-12-20T05:38:32.235+0000] {logging_mixin.py:190} INFO - [2024-12-20T05:38:32.234+0000] {dagbag.py:588} INFO - Filling up the DagBag from /home/airflow/.local/lib/python3.12/site-packages/airflow/example_dags/example_time_delta_sensor_async.py
[2024-12-20T05:38:32.253+0000] {processor.py:925} INFO - DAG(s) 'example_time_delta_sensor_async' retrieved from /home/airflow/.local/lib/python3.12/site-packages/airflow/example_dags/example_time_delta_sensor_async.py
[2024-12-20T05:38:32.300+0000] {logging_mixin.py:190} INFO - [2024-12-20T05:38:32.299+0000] {dag.py:3239} INFO - Sync 1 DAGs
[2024-12-20T05:38:32.335+0000] {logging_mixin.py:190} INFO - [2024-12-20T05:38:32.335+0000] {dag.py:4180} INFO - Setting next_dagrun for example_time_delta_sensor_async to None, run_after=None
[2024-12-20T05:38:32.377+0000] {processor.py:208} INFO - Processing /home/airflow/.local/lib/python3.12/site-packages/airflow/example_dags/example_time_delta_sensor_async.py took 0.166 seconds
[2024-12-20T05:39:03.064+0000] {processor.py:186} INFO - Started process (PID=13757) to work on /home/airflow/.local/lib/python3.12/site-packages/airflow/example_dags/example_time_delta_sensor_async.py
[2024-12-20T05:39:03.067+0000] {processor.py:914} INFO - Processing file /home/airflow/.local/lib/python3.12/site-packages/airflow/example_dags/example_time_delta_sensor_async.py for tasks to queue
[2024-12-20T05:39:03.078+0000] {logging_mixin.py:190} INFO - [2024-12-20T05:39:03.076+0000] {dagbag.py:588} INFO - Filling up the DagBag from /home/airflow/.local/lib/python3.12/site-packages/airflow/example_dags/example_time_delta_sensor_async.py
[2024-12-20T05:39:03.105+0000] {processor.py:925} INFO - DAG(s) 'example_time_delta_sensor_async' retrieved from /home/airflow/.local/lib/python3.12/site-packages/airflow/example_dags/example_time_delta_sensor_async.py
[2024-12-20T05:39:03.165+0000] {logging_mixin.py:190} INFO - [2024-12-20T05:39:03.164+0000] {dag.py:3239} INFO - Sync 1 DAGs
[2024-12-20T05:39:03.215+0000] {logging_mixin.py:190} INFO - [2024-12-20T05:39:03.214+0000] {dag.py:4180} INFO - Setting next_dagrun for example_time_delta_sensor_async to None, run_after=None
[2024-12-20T05:39:03.303+0000] {processor.py:208} INFO - Processing /home/airflow/.local/lib/python3.12/site-packages/airflow/example_dags/example_time_delta_sensor_async.py took 0.258 seconds
[2024-12-20T05:39:33.678+0000] {processor.py:186} INFO - Started process (PID=13821) to work on /home/airflow/.local/lib/python3.12/site-packages/airflow/example_dags/example_time_delta_sensor_async.py
[2024-12-20T05:39:33.680+0000] {processor.py:914} INFO - Processing file /home/airflow/.local/lib/python3.12/site-packages/airflow/example_dags/example_time_delta_sensor_async.py for tasks to queue
[2024-12-20T05:39:33.687+0000] {logging_mixin.py:190} INFO - [2024-12-20T05:39:33.686+0000] {dagbag.py:588} INFO - Filling up the DagBag from /home/airflow/.local/lib/python3.12/site-packages/airflow/example_dags/example_time_delta_sensor_async.py
[2024-12-20T05:39:33.711+0000] {processor.py:925} INFO - DAG(s) 'example_time_delta_sensor_async' retrieved from /home/airflow/.local/lib/python3.12/site-packages/airflow/example_dags/example_time_delta_sensor_async.py
[2024-12-20T05:39:33.764+0000] {logging_mixin.py:190} INFO - [2024-12-20T05:39:33.763+0000] {dag.py:3239} INFO - Sync 1 DAGs
[2024-12-20T05:39:33.813+0000] {logging_mixin.py:190} INFO - [2024-12-20T05:39:33.812+0000] {dag.py:4180} INFO - Setting next_dagrun for example_time_delta_sensor_async to None, run_after=None
[2024-12-20T05:39:33.864+0000] {processor.py:208} INFO - Processing /home/airflow/.local/lib/python3.12/site-packages/airflow/example_dags/example_time_delta_sensor_async.py took 0.202 seconds
[2024-12-20T05:40:04.249+0000] {processor.py:186} INFO - Started process (PID=13887) to work on /home/airflow/.local/lib/python3.12/site-packages/airflow/example_dags/example_time_delta_sensor_async.py
[2024-12-20T05:40:04.253+0000] {processor.py:914} INFO - Processing file /home/airflow/.local/lib/python3.12/site-packages/airflow/example_dags/example_time_delta_sensor_async.py for tasks to queue
[2024-12-20T05:40:04.261+0000] {logging_mixin.py:190} INFO - [2024-12-20T05:40:04.260+0000] {dagbag.py:588} INFO - Filling up the DagBag from /home/airflow/.local/lib/python3.12/site-packages/airflow/example_dags/example_time_delta_sensor_async.py
[2024-12-20T05:40:04.296+0000] {processor.py:925} INFO - DAG(s) 'example_time_delta_sensor_async' retrieved from /home/airflow/.local/lib/python3.12/site-packages/airflow/example_dags/example_time_delta_sensor_async.py
[2024-12-20T05:40:04.373+0000] {logging_mixin.py:190} INFO - [2024-12-20T05:40:04.372+0000] {dag.py:3239} INFO - Sync 1 DAGs
[2024-12-20T05:40:04.438+0000] {logging_mixin.py:190} INFO - [2024-12-20T05:40:04.437+0000] {dag.py:4180} INFO - Setting next_dagrun for example_time_delta_sensor_async to None, run_after=None
[2024-12-20T05:40:04.536+0000] {processor.py:208} INFO - Processing /home/airflow/.local/lib/python3.12/site-packages/airflow/example_dags/example_time_delta_sensor_async.py took 0.310 seconds
[2024-12-20T05:40:35.099+0000] {processor.py:186} INFO - Started process (PID=13957) to work on /home/airflow/.local/lib/python3.12/site-packages/airflow/example_dags/example_time_delta_sensor_async.py
[2024-12-20T05:40:35.101+0000] {processor.py:914} INFO - Processing file /home/airflow/.local/lib/python3.12/site-packages/airflow/example_dags/example_time_delta_sensor_async.py for tasks to queue
[2024-12-20T05:40:35.106+0000] {logging_mixin.py:190} INFO - [2024-12-20T05:40:35.106+0000] {dagbag.py:588} INFO - Filling up the DagBag from /home/airflow/.local/lib/python3.12/site-packages/airflow/example_dags/example_time_delta_sensor_async.py
[2024-12-20T05:40:35.124+0000] {processor.py:925} INFO - DAG(s) 'example_time_delta_sensor_async' retrieved from /home/airflow/.local/lib/python3.12/site-packages/airflow/example_dags/example_time_delta_sensor_async.py
[2024-12-20T05:40:35.169+0000] {logging_mixin.py:190} INFO - [2024-12-20T05:40:35.168+0000] {dag.py:3239} INFO - Sync 1 DAGs
[2024-12-20T05:40:35.206+0000] {logging_mixin.py:190} INFO - [2024-12-20T05:40:35.205+0000] {dag.py:4180} INFO - Setting next_dagrun for example_time_delta_sensor_async to None, run_after=None
[2024-12-20T05:40:35.248+0000] {processor.py:208} INFO - Processing /home/airflow/.local/lib/python3.12/site-packages/airflow/example_dags/example_time_delta_sensor_async.py took 0.162 seconds
[2024-12-20T05:41:08.242+0000] {processor.py:186} INFO - Started process (PID=14022) to work on /home/airflow/.local/lib/python3.12/site-packages/airflow/example_dags/example_time_delta_sensor_async.py
[2024-12-20T05:41:08.246+0000] {processor.py:914} INFO - Processing file /home/airflow/.local/lib/python3.12/site-packages/airflow/example_dags/example_time_delta_sensor_async.py for tasks to queue
[2024-12-20T05:41:08.264+0000] {logging_mixin.py:190} INFO - [2024-12-20T05:41:08.262+0000] {dagbag.py:588} INFO - Filling up the DagBag from /home/airflow/.local/lib/python3.12/site-packages/airflow/example_dags/example_time_delta_sensor_async.py
[2024-12-20T05:41:08.306+0000] {processor.py:925} INFO - DAG(s) 'example_time_delta_sensor_async' retrieved from /home/airflow/.local/lib/python3.12/site-packages/airflow/example_dags/example_time_delta_sensor_async.py
[2024-12-20T05:41:08.384+0000] {logging_mixin.py:190} INFO - [2024-12-20T05:41:08.383+0000] {dag.py:3239} INFO - Sync 1 DAGs
[2024-12-20T05:41:08.443+0000] {logging_mixin.py:190} INFO - [2024-12-20T05:41:08.442+0000] {dag.py:4180} INFO - Setting next_dagrun for example_time_delta_sensor_async to None, run_after=None
[2024-12-20T05:41:08.534+0000] {processor.py:208} INFO - Processing /home/airflow/.local/lib/python3.12/site-packages/airflow/example_dags/example_time_delta_sensor_async.py took 0.342 seconds
[2024-12-20T05:41:39.251+0000] {processor.py:186} INFO - Started process (PID=14088) to work on /home/airflow/.local/lib/python3.12/site-packages/airflow/example_dags/example_time_delta_sensor_async.py
[2024-12-20T05:41:39.254+0000] {processor.py:914} INFO - Processing file /home/airflow/.local/lib/python3.12/site-packages/airflow/example_dags/example_time_delta_sensor_async.py for tasks to queue
[2024-12-20T05:41:39.261+0000] {logging_mixin.py:190} INFO - [2024-12-20T05:41:39.260+0000] {dagbag.py:588} INFO - Filling up the DagBag from /home/airflow/.local/lib/python3.12/site-packages/airflow/example_dags/example_time_delta_sensor_async.py
[2024-12-20T05:41:39.285+0000] {processor.py:925} INFO - DAG(s) 'example_time_delta_sensor_async' retrieved from /home/airflow/.local/lib/python3.12/site-packages/airflow/example_dags/example_time_delta_sensor_async.py
[2024-12-20T05:41:39.342+0000] {logging_mixin.py:190} INFO - [2024-12-20T05:41:39.341+0000] {dag.py:3239} INFO - Sync 1 DAGs
[2024-12-20T05:41:39.399+0000] {logging_mixin.py:190} INFO - [2024-12-20T05:41:39.399+0000] {dag.py:4180} INFO - Setting next_dagrun for example_time_delta_sensor_async to None, run_after=None
[2024-12-20T05:41:39.461+0000] {processor.py:208} INFO - Processing /home/airflow/.local/lib/python3.12/site-packages/airflow/example_dags/example_time_delta_sensor_async.py took 0.228 seconds
[2024-12-20T05:42:10.759+0000] {processor.py:186} INFO - Started process (PID=14152) to work on /home/airflow/.local/lib/python3.12/site-packages/airflow/example_dags/example_time_delta_sensor_async.py
[2024-12-20T05:42:10.762+0000] {processor.py:914} INFO - Processing file /home/airflow/.local/lib/python3.12/site-packages/airflow/example_dags/example_time_delta_sensor_async.py for tasks to queue
[2024-12-20T05:42:10.770+0000] {logging_mixin.py:190} INFO - [2024-12-20T05:42:10.768+0000] {dagbag.py:588} INFO - Filling up the DagBag from /home/airflow/.local/lib/python3.12/site-packages/airflow/example_dags/example_time_delta_sensor_async.py
[2024-12-20T05:42:10.800+0000] {processor.py:925} INFO - DAG(s) 'example_time_delta_sensor_async' retrieved from /home/airflow/.local/lib/python3.12/site-packages/airflow/example_dags/example_time_delta_sensor_async.py
[2024-12-20T05:42:10.853+0000] {logging_mixin.py:190} INFO - [2024-12-20T05:42:10.852+0000] {dag.py:3239} INFO - Sync 1 DAGs
[2024-12-20T05:42:10.933+0000] {logging_mixin.py:190} INFO - [2024-12-20T05:42:10.932+0000] {dag.py:4180} INFO - Setting next_dagrun for example_time_delta_sensor_async to None, run_after=None
[2024-12-20T05:42:11.051+0000] {processor.py:208} INFO - Processing /home/airflow/.local/lib/python3.12/site-packages/airflow/example_dags/example_time_delta_sensor_async.py took 0.307 seconds
[2024-12-20T05:42:42.364+0000] {processor.py:186} INFO - Started process (PID=14217) to work on /home/airflow/.local/lib/python3.12/site-packages/airflow/example_dags/example_time_delta_sensor_async.py
[2024-12-20T05:42:42.366+0000] {processor.py:914} INFO - Processing file /home/airflow/.local/lib/python3.12/site-packages/airflow/example_dags/example_time_delta_sensor_async.py for tasks to queue
[2024-12-20T05:42:42.373+0000] {logging_mixin.py:190} INFO - [2024-12-20T05:42:42.372+0000] {dagbag.py:588} INFO - Filling up the DagBag from /home/airflow/.local/lib/python3.12/site-packages/airflow/example_dags/example_time_delta_sensor_async.py
[2024-12-20T05:42:42.390+0000] {processor.py:925} INFO - DAG(s) 'example_time_delta_sensor_async' retrieved from /home/airflow/.local/lib/python3.12/site-packages/airflow/example_dags/example_time_delta_sensor_async.py
[2024-12-20T05:42:42.440+0000] {logging_mixin.py:190} INFO - [2024-12-20T05:42:42.440+0000] {dag.py:3239} INFO - Sync 1 DAGs
[2024-12-20T05:42:42.489+0000] {logging_mixin.py:190} INFO - [2024-12-20T05:42:42.488+0000] {dag.py:4180} INFO - Setting next_dagrun for example_time_delta_sensor_async to None, run_after=None
[2024-12-20T05:42:42.561+0000] {processor.py:208} INFO - Processing /home/airflow/.local/lib/python3.12/site-packages/airflow/example_dags/example_time_delta_sensor_async.py took 0.212 seconds
[2024-12-20T05:43:14.468+0000] {processor.py:186} INFO - Started process (PID=14281) to work on /home/airflow/.local/lib/python3.12/site-packages/airflow/example_dags/example_time_delta_sensor_async.py
[2024-12-20T05:43:14.471+0000] {processor.py:914} INFO - Processing file /home/airflow/.local/lib/python3.12/site-packages/airflow/example_dags/example_time_delta_sensor_async.py for tasks to queue
[2024-12-20T05:43:14.486+0000] {logging_mixin.py:190} INFO - [2024-12-20T05:43:14.485+0000] {dagbag.py:588} INFO - Filling up the DagBag from /home/airflow/.local/lib/python3.12/site-packages/airflow/example_dags/example_time_delta_sensor_async.py
[2024-12-20T05:43:14.516+0000] {processor.py:925} INFO - DAG(s) 'example_time_delta_sensor_async' retrieved from /home/airflow/.local/lib/python3.12/site-packages/airflow/example_dags/example_time_delta_sensor_async.py
[2024-12-20T05:43:14.573+0000] {logging_mixin.py:190} INFO - [2024-12-20T05:43:14.572+0000] {dag.py:3239} INFO - Sync 1 DAGs
[2024-12-20T05:43:14.612+0000] {logging_mixin.py:190} INFO - [2024-12-20T05:43:14.611+0000] {dag.py:4180} INFO - Setting next_dagrun for example_time_delta_sensor_async to None, run_after=None
[2024-12-20T05:43:14.664+0000] {processor.py:208} INFO - Processing /home/airflow/.local/lib/python3.12/site-packages/airflow/example_dags/example_time_delta_sensor_async.py took 0.217 seconds
[2024-12-20T05:43:46.335+0000] {processor.py:186} INFO - Started process (PID=14344) to work on /home/airflow/.local/lib/python3.12/site-packages/airflow/example_dags/example_time_delta_sensor_async.py
[2024-12-20T05:43:46.338+0000] {processor.py:914} INFO - Processing file /home/airflow/.local/lib/python3.12/site-packages/airflow/example_dags/example_time_delta_sensor_async.py for tasks to queue
[2024-12-20T05:43:46.346+0000] {logging_mixin.py:190} INFO - [2024-12-20T05:43:46.345+0000] {dagbag.py:588} INFO - Filling up the DagBag from /home/airflow/.local/lib/python3.12/site-packages/airflow/example_dags/example_time_delta_sensor_async.py
[2024-12-20T05:43:46.366+0000] {processor.py:925} INFO - DAG(s) 'example_time_delta_sensor_async' retrieved from /home/airflow/.local/lib/python3.12/site-packages/airflow/example_dags/example_time_delta_sensor_async.py
[2024-12-20T05:43:46.430+0000] {logging_mixin.py:190} INFO - [2024-12-20T05:43:46.429+0000] {dag.py:3239} INFO - Sync 1 DAGs
[2024-12-20T05:43:46.484+0000] {logging_mixin.py:190} INFO - [2024-12-20T05:43:46.483+0000] {dag.py:4180} INFO - Setting next_dagrun for example_time_delta_sensor_async to None, run_after=None
[2024-12-20T05:43:46.571+0000] {processor.py:208} INFO - Processing /home/airflow/.local/lib/python3.12/site-packages/airflow/example_dags/example_time_delta_sensor_async.py took 0.253 seconds
[2024-12-20T05:44:19.579+0000] {processor.py:186} INFO - Started process (PID=14409) to work on /home/airflow/.local/lib/python3.12/site-packages/airflow/example_dags/example_time_delta_sensor_async.py
[2024-12-20T05:44:19.582+0000] {processor.py:914} INFO - Processing file /home/airflow/.local/lib/python3.12/site-packages/airflow/example_dags/example_time_delta_sensor_async.py for tasks to queue
[2024-12-20T05:44:19.591+0000] {logging_mixin.py:190} INFO - [2024-12-20T05:44:19.590+0000] {dagbag.py:588} INFO - Filling up the DagBag from /home/airflow/.local/lib/python3.12/site-packages/airflow/example_dags/example_time_delta_sensor_async.py
[2024-12-20T05:44:19.618+0000] {processor.py:925} INFO - DAG(s) 'example_time_delta_sensor_async' retrieved from /home/airflow/.local/lib/python3.12/site-packages/airflow/example_dags/example_time_delta_sensor_async.py
[2024-12-20T05:44:19.694+0000] {logging_mixin.py:190} INFO - [2024-12-20T05:44:19.692+0000] {dag.py:3239} INFO - Sync 1 DAGs
[2024-12-20T05:44:19.794+0000] {logging_mixin.py:190} INFO - [2024-12-20T05:44:19.793+0000] {dag.py:4180} INFO - Setting next_dagrun for example_time_delta_sensor_async to None, run_after=None
[2024-12-20T05:44:19.934+0000] {processor.py:208} INFO - Processing /home/airflow/.local/lib/python3.12/site-packages/airflow/example_dags/example_time_delta_sensor_async.py took 0.377 seconds
[2024-12-20T05:44:50.396+0000] {processor.py:186} INFO - Started process (PID=14474) to work on /home/airflow/.local/lib/python3.12/site-packages/airflow/example_dags/example_time_delta_sensor_async.py
[2024-12-20T05:44:50.399+0000] {processor.py:914} INFO - Processing file /home/airflow/.local/lib/python3.12/site-packages/airflow/example_dags/example_time_delta_sensor_async.py for tasks to queue
[2024-12-20T05:44:50.414+0000] {logging_mixin.py:190} INFO - [2024-12-20T05:44:50.413+0000] {dagbag.py:588} INFO - Filling up the DagBag from /home/airflow/.local/lib/python3.12/site-packages/airflow/example_dags/example_time_delta_sensor_async.py
[2024-12-20T05:44:50.441+0000] {processor.py:925} INFO - DAG(s) 'example_time_delta_sensor_async' retrieved from /home/airflow/.local/lib/python3.12/site-packages/airflow/example_dags/example_time_delta_sensor_async.py
[2024-12-20T05:44:50.510+0000] {logging_mixin.py:190} INFO - [2024-12-20T05:44:50.510+0000] {dag.py:3239} INFO - Sync 1 DAGs
[2024-12-20T05:44:50.562+0000] {logging_mixin.py:190} INFO - [2024-12-20T05:44:50.561+0000] {dag.py:4180} INFO - Setting next_dagrun for example_time_delta_sensor_async to None, run_after=None
[2024-12-20T05:44:50.616+0000] {processor.py:208} INFO - Processing /home/airflow/.local/lib/python3.12/site-packages/airflow/example_dags/example_time_delta_sensor_async.py took 0.245 seconds
[2024-12-20T05:45:21.060+0000] {processor.py:186} INFO - Started process (PID=14539) to work on /home/airflow/.local/lib/python3.12/site-packages/airflow/example_dags/example_time_delta_sensor_async.py
[2024-12-20T05:45:21.062+0000] {processor.py:914} INFO - Processing file /home/airflow/.local/lib/python3.12/site-packages/airflow/example_dags/example_time_delta_sensor_async.py for tasks to queue
[2024-12-20T05:45:21.067+0000] {logging_mixin.py:190} INFO - [2024-12-20T05:45:21.067+0000] {dagbag.py:588} INFO - Filling up the DagBag from /home/airflow/.local/lib/python3.12/site-packages/airflow/example_dags/example_time_delta_sensor_async.py
[2024-12-20T05:45:21.103+0000] {processor.py:925} INFO - DAG(s) 'example_time_delta_sensor_async' retrieved from /home/airflow/.local/lib/python3.12/site-packages/airflow/example_dags/example_time_delta_sensor_async.py
[2024-12-20T05:45:21.165+0000] {logging_mixin.py:190} INFO - [2024-12-20T05:45:21.164+0000] {dag.py:3239} INFO - Sync 1 DAGs
[2024-12-20T05:45:21.214+0000] {logging_mixin.py:190} INFO - [2024-12-20T05:45:21.213+0000] {dag.py:4180} INFO - Setting next_dagrun for example_time_delta_sensor_async to None, run_after=None
[2024-12-20T05:45:21.269+0000] {processor.py:208} INFO - Processing /home/airflow/.local/lib/python3.12/site-packages/airflow/example_dags/example_time_delta_sensor_async.py took 0.227 seconds
[2024-12-20T05:45:52.893+0000] {processor.py:186} INFO - Started process (PID=14604) to work on /home/airflow/.local/lib/python3.12/site-packages/airflow/example_dags/example_time_delta_sensor_async.py
[2024-12-20T05:45:52.897+0000] {processor.py:914} INFO - Processing file /home/airflow/.local/lib/python3.12/site-packages/airflow/example_dags/example_time_delta_sensor_async.py for tasks to queue
[2024-12-20T05:45:52.908+0000] {logging_mixin.py:190} INFO - [2024-12-20T05:45:52.906+0000] {dagbag.py:588} INFO - Filling up the DagBag from /home/airflow/.local/lib/python3.12/site-packages/airflow/example_dags/example_time_delta_sensor_async.py
[2024-12-20T05:45:52.936+0000] {processor.py:925} INFO - DAG(s) 'example_time_delta_sensor_async' retrieved from /home/airflow/.local/lib/python3.12/site-packages/airflow/example_dags/example_time_delta_sensor_async.py
[2024-12-20T05:45:53.005+0000] {logging_mixin.py:190} INFO - [2024-12-20T05:45:53.005+0000] {dag.py:3239} INFO - Sync 1 DAGs
[2024-12-20T05:45:53.068+0000] {logging_mixin.py:190} INFO - [2024-12-20T05:45:53.067+0000] {dag.py:4180} INFO - Setting next_dagrun for example_time_delta_sensor_async to None, run_after=None
[2024-12-20T05:45:53.140+0000] {processor.py:208} INFO - Processing /home/airflow/.local/lib/python3.12/site-packages/airflow/example_dags/example_time_delta_sensor_async.py took 0.275 seconds
[2024-12-20T05:46:23.420+0000] {processor.py:186} INFO - Started process (PID=14669) to work on /home/airflow/.local/lib/python3.12/site-packages/airflow/example_dags/example_time_delta_sensor_async.py
[2024-12-20T05:46:23.423+0000] {processor.py:914} INFO - Processing file /home/airflow/.local/lib/python3.12/site-packages/airflow/example_dags/example_time_delta_sensor_async.py for tasks to queue
[2024-12-20T05:46:23.428+0000] {logging_mixin.py:190} INFO - [2024-12-20T05:46:23.427+0000] {dagbag.py:588} INFO - Filling up the DagBag from /home/airflow/.local/lib/python3.12/site-packages/airflow/example_dags/example_time_delta_sensor_async.py
[2024-12-20T05:46:23.440+0000] {processor.py:925} INFO - DAG(s) 'example_time_delta_sensor_async' retrieved from /home/airflow/.local/lib/python3.12/site-packages/airflow/example_dags/example_time_delta_sensor_async.py
[2024-12-20T05:46:23.474+0000] {logging_mixin.py:190} INFO - [2024-12-20T05:46:23.474+0000] {dag.py:3239} INFO - Sync 1 DAGs
[2024-12-20T05:46:23.500+0000] {logging_mixin.py:190} INFO - [2024-12-20T05:46:23.500+0000] {dag.py:4180} INFO - Setting next_dagrun for example_time_delta_sensor_async to None, run_after=None
[2024-12-20T05:46:23.570+0000] {processor.py:208} INFO - Processing /home/airflow/.local/lib/python3.12/site-packages/airflow/example_dags/example_time_delta_sensor_async.py took 0.160 seconds
[2024-12-20T05:46:53.854+0000] {processor.py:186} INFO - Started process (PID=14733) to work on /home/airflow/.local/lib/python3.12/site-packages/airflow/example_dags/example_time_delta_sensor_async.py
[2024-12-20T05:46:53.856+0000] {processor.py:914} INFO - Processing file /home/airflow/.local/lib/python3.12/site-packages/airflow/example_dags/example_time_delta_sensor_async.py for tasks to queue
[2024-12-20T05:46:53.861+0000] {logging_mixin.py:190} INFO - [2024-12-20T05:46:53.860+0000] {dagbag.py:588} INFO - Filling up the DagBag from /home/airflow/.local/lib/python3.12/site-packages/airflow/example_dags/example_time_delta_sensor_async.py
[2024-12-20T05:46:53.878+0000] {processor.py:925} INFO - DAG(s) 'example_time_delta_sensor_async' retrieved from /home/airflow/.local/lib/python3.12/site-packages/airflow/example_dags/example_time_delta_sensor_async.py
[2024-12-20T05:46:53.917+0000] {logging_mixin.py:190} INFO - [2024-12-20T05:46:53.917+0000] {dag.py:3239} INFO - Sync 1 DAGs
[2024-12-20T05:46:53.954+0000] {logging_mixin.py:190} INFO - [2024-12-20T05:46:53.953+0000] {dag.py:4180} INFO - Setting next_dagrun for example_time_delta_sensor_async to None, run_after=None
[2024-12-20T05:46:53.994+0000] {processor.py:208} INFO - Processing /home/airflow/.local/lib/python3.12/site-packages/airflow/example_dags/example_time_delta_sensor_async.py took 0.150 seconds
[2024-12-20T05:47:24.695+0000] {processor.py:186} INFO - Started process (PID=14798) to work on /home/airflow/.local/lib/python3.12/site-packages/airflow/example_dags/example_time_delta_sensor_async.py
[2024-12-20T05:47:24.696+0000] {processor.py:914} INFO - Processing file /home/airflow/.local/lib/python3.12/site-packages/airflow/example_dags/example_time_delta_sensor_async.py for tasks to queue
[2024-12-20T05:47:24.704+0000] {logging_mixin.py:190} INFO - [2024-12-20T05:47:24.704+0000] {dagbag.py:588} INFO - Filling up the DagBag from /home/airflow/.local/lib/python3.12/site-packages/airflow/example_dags/example_time_delta_sensor_async.py
[2024-12-20T05:47:24.714+0000] {processor.py:925} INFO - DAG(s) 'example_time_delta_sensor_async' retrieved from /home/airflow/.local/lib/python3.12/site-packages/airflow/example_dags/example_time_delta_sensor_async.py
[2024-12-20T05:47:24.759+0000] {logging_mixin.py:190} INFO - [2024-12-20T05:47:24.758+0000] {dag.py:3239} INFO - Sync 1 DAGs
[2024-12-20T05:47:24.799+0000] {logging_mixin.py:190} INFO - [2024-12-20T05:47:24.799+0000] {dag.py:4180} INFO - Setting next_dagrun for example_time_delta_sensor_async to None, run_after=None
[2024-12-20T05:47:24.871+0000] {processor.py:208} INFO - Processing /home/airflow/.local/lib/python3.12/site-packages/airflow/example_dags/example_time_delta_sensor_async.py took 0.184 seconds
[2024-12-20T05:48:22.499+0000] {processor.py:186} INFO - Started process (PID=14887) to work on /home/airflow/.local/lib/python3.12/site-packages/airflow/example_dags/example_time_delta_sensor_async.py
[2024-12-20T05:48:22.502+0000] {processor.py:914} INFO - Processing file /home/airflow/.local/lib/python3.12/site-packages/airflow/example_dags/example_time_delta_sensor_async.py for tasks to queue
[2024-12-20T05:48:22.529+0000] {logging_mixin.py:190} INFO - [2024-12-20T05:48:22.528+0000] {dagbag.py:588} INFO - Filling up the DagBag from /home/airflow/.local/lib/python3.12/site-packages/airflow/example_dags/example_time_delta_sensor_async.py
[2024-12-20T05:48:22.590+0000] {processor.py:925} INFO - DAG(s) 'example_time_delta_sensor_async' retrieved from /home/airflow/.local/lib/python3.12/site-packages/airflow/example_dags/example_time_delta_sensor_async.py
[2024-12-20T05:48:22.724+0000] {logging_mixin.py:190} INFO - [2024-12-20T05:48:22.722+0000] {dag.py:3239} INFO - Sync 1 DAGs
[2024-12-20T05:48:22.833+0000] {logging_mixin.py:190} INFO - [2024-12-20T05:48:22.833+0000] {dag.py:4180} INFO - Setting next_dagrun for example_time_delta_sensor_async to None, run_after=None
[2024-12-20T05:48:22.945+0000] {processor.py:208} INFO - Processing /home/airflow/.local/lib/python3.12/site-packages/airflow/example_dags/example_time_delta_sensor_async.py took 0.505 seconds
