[2024-12-20T05:28:01.614+0000] {processor.py:186} INFO - Started process (PID=12469) to work on /home/airflow/.local/lib/python3.12/site-packages/airflow/example_dags/example_outlet_event_extra.py
[2024-12-20T05:28:01.627+0000] {processor.py:914} INFO - Processing file /home/airflow/.local/lib/python3.12/site-packages/airflow/example_dags/example_outlet_event_extra.py for tasks to queue
[2024-12-20T05:28:01.641+0000] {logging_mixin.py:190} INFO - [2024-12-20T05:28:01.640+0000] {dagbag.py:588} INFO - Filling up the DagBag from /home/airflow/.local/lib/python3.12/site-packages/airflow/example_dags/example_outlet_event_extra.py
[2024-12-20T05:28:03.649+0000] {processor.py:925} INFO - DAG(s) 'dataset_with_extra_from_classic_operator', 'dataset_with_extra_by_context', 'dataset_with_extra_by_yield' retrieved from /home/airflow/.local/lib/python3.12/site-packages/airflow/example_dags/example_outlet_event_extra.py
[2024-12-20T05:28:03.997+0000] {logging_mixin.py:190} INFO - [2024-12-20T05:28:03.980+0000] {dag.py:3239} INFO - Sync 3 DAGs
[2024-12-20T05:28:06.864+0000] {logging_mixin.py:190} INFO - [2024-12-20T05:28:06.862+0000] {dag.py:4180} INFO - Setting next_dagrun for dataset_with_extra_by_context to 2024-12-19 00:00:00+00:00, run_after=2024-12-20 00:00:00+00:00
[2024-12-20T05:28:06.928+0000] {logging_mixin.py:190} INFO - [2024-12-20T05:28:06.927+0000] {dag.py:4180} INFO - Setting next_dagrun for dataset_with_extra_by_yield to 2024-12-19 00:00:00+00:00, run_after=2024-12-20 00:00:00+00:00
[2024-12-20T05:28:06.993+0000] {logging_mixin.py:190} INFO - [2024-12-20T05:28:06.981+0000] {dag.py:4180} INFO - Setting next_dagrun for dataset_with_extra_from_classic_operator to 2024-12-19 00:00:00+00:00, run_after=2024-12-20 00:00:00+00:00
[2024-12-20T05:28:07.177+0000] {processor.py:208} INFO - Processing /home/airflow/.local/lib/python3.12/site-packages/airflow/example_dags/example_outlet_event_extra.py took 5.584 seconds
[2024-12-20T05:28:55.392+0000] {processor.py:186} INFO - Started process (PID=12530) to work on /home/airflow/.local/lib/python3.12/site-packages/airflow/example_dags/example_outlet_event_extra.py
[2024-12-20T05:28:55.415+0000] {processor.py:914} INFO - Processing file /home/airflow/.local/lib/python3.12/site-packages/airflow/example_dags/example_outlet_event_extra.py for tasks to queue
[2024-12-20T05:28:55.434+0000] {logging_mixin.py:190} INFO - [2024-12-20T05:28:55.433+0000] {dagbag.py:588} INFO - Filling up the DagBag from /home/airflow/.local/lib/python3.12/site-packages/airflow/example_dags/example_outlet_event_extra.py
[2024-12-20T05:29:00.154+0000] {processor.py:925} INFO - DAG(s) 'dataset_with_extra_by_yield', 'dataset_with_extra_by_context', 'dataset_with_extra_from_classic_operator' retrieved from /home/airflow/.local/lib/python3.12/site-packages/airflow/example_dags/example_outlet_event_extra.py
[2024-12-20T05:29:00.383+0000] {logging_mixin.py:190} INFO - [2024-12-20T05:29:00.382+0000] {dag.py:3239} INFO - Sync 3 DAGs
[2024-12-20T05:29:05.121+0000] {logging_mixin.py:190} INFO - [2024-12-20T05:29:05.110+0000] {dag.py:4180} INFO - Setting next_dagrun for dataset_with_extra_by_context to 2024-12-19 00:00:00+00:00, run_after=2024-12-20 00:00:00+00:00
[2024-12-20T05:29:05.156+0000] {logging_mixin.py:190} INFO - [2024-12-20T05:29:05.152+0000] {dag.py:4180} INFO - Setting next_dagrun for dataset_with_extra_by_yield to 2024-12-19 00:00:00+00:00, run_after=2024-12-20 00:00:00+00:00
[2024-12-20T05:29:05.183+0000] {logging_mixin.py:190} INFO - [2024-12-20T05:29:05.182+0000] {dag.py:4180} INFO - Setting next_dagrun for dataset_with_extra_from_classic_operator to 2024-12-19 00:00:00+00:00, run_after=2024-12-20 00:00:00+00:00
[2024-12-20T05:29:05.337+0000] {processor.py:208} INFO - Processing /home/airflow/.local/lib/python3.12/site-packages/airflow/example_dags/example_outlet_event_extra.py took 10.028 seconds
[2024-12-20T05:29:35.728+0000] {processor.py:186} INFO - Started process (PID=12600) to work on /home/airflow/.local/lib/python3.12/site-packages/airflow/example_dags/example_outlet_event_extra.py
[2024-12-20T05:29:35.731+0000] {processor.py:914} INFO - Processing file /home/airflow/.local/lib/python3.12/site-packages/airflow/example_dags/example_outlet_event_extra.py for tasks to queue
[2024-12-20T05:29:35.739+0000] {logging_mixin.py:190} INFO - [2024-12-20T05:29:35.738+0000] {dagbag.py:588} INFO - Filling up the DagBag from /home/airflow/.local/lib/python3.12/site-packages/airflow/example_dags/example_outlet_event_extra.py
[2024-12-20T05:29:37.825+0000] {processor.py:925} INFO - DAG(s) 'dataset_with_extra_by_context', 'dataset_with_extra_by_yield', 'dataset_with_extra_from_classic_operator' retrieved from /home/airflow/.local/lib/python3.12/site-packages/airflow/example_dags/example_outlet_event_extra.py
[2024-12-20T05:29:38.024+0000] {logging_mixin.py:190} INFO - [2024-12-20T05:29:38.023+0000] {dag.py:3239} INFO - Sync 3 DAGs
[2024-12-20T05:29:38.281+0000] {logging_mixin.py:190} INFO - [2024-12-20T05:29:38.280+0000] {dag.py:4180} INFO - Setting next_dagrun for dataset_with_extra_by_context to 2024-12-19 00:00:00+00:00, run_after=2024-12-20 00:00:00+00:00
[2024-12-20T05:29:38.323+0000] {logging_mixin.py:190} INFO - [2024-12-20T05:29:38.321+0000] {dag.py:4180} INFO - Setting next_dagrun for dataset_with_extra_by_yield to 2024-12-19 00:00:00+00:00, run_after=2024-12-20 00:00:00+00:00
[2024-12-20T05:29:38.352+0000] {logging_mixin.py:190} INFO - [2024-12-20T05:29:38.341+0000] {dag.py:4180} INFO - Setting next_dagrun for dataset_with_extra_from_classic_operator to 2024-12-19 00:00:00+00:00, run_after=2024-12-20 00:00:00+00:00
[2024-12-20T05:29:38.550+0000] {processor.py:208} INFO - Processing /home/airflow/.local/lib/python3.12/site-packages/airflow/example_dags/example_outlet_event_extra.py took 2.844 seconds
[2024-12-20T05:30:09.302+0000] {processor.py:186} INFO - Started process (PID=12666) to work on /home/airflow/.local/lib/python3.12/site-packages/airflow/example_dags/example_outlet_event_extra.py
[2024-12-20T05:30:09.305+0000] {processor.py:914} INFO - Processing file /home/airflow/.local/lib/python3.12/site-packages/airflow/example_dags/example_outlet_event_extra.py for tasks to queue
[2024-12-20T05:30:09.313+0000] {logging_mixin.py:190} INFO - [2024-12-20T05:30:09.312+0000] {dagbag.py:588} INFO - Filling up the DagBag from /home/airflow/.local/lib/python3.12/site-packages/airflow/example_dags/example_outlet_event_extra.py
[2024-12-20T05:30:11.246+0000] {processor.py:925} INFO - DAG(s) 'dataset_with_extra_by_context', 'dataset_with_extra_from_classic_operator', 'dataset_with_extra_by_yield' retrieved from /home/airflow/.local/lib/python3.12/site-packages/airflow/example_dags/example_outlet_event_extra.py
[2024-12-20T05:30:11.341+0000] {logging_mixin.py:190} INFO - [2024-12-20T05:30:11.340+0000] {dag.py:3239} INFO - Sync 3 DAGs
[2024-12-20T05:30:11.436+0000] {logging_mixin.py:190} INFO - [2024-12-20T05:30:11.435+0000] {dag.py:4180} INFO - Setting next_dagrun for dataset_with_extra_by_context to 2024-12-19 00:00:00+00:00, run_after=2024-12-20 00:00:00+00:00
[2024-12-20T05:30:11.453+0000] {logging_mixin.py:190} INFO - [2024-12-20T05:30:11.453+0000] {dag.py:4180} INFO - Setting next_dagrun for dataset_with_extra_by_yield to 2024-12-19 00:00:00+00:00, run_after=2024-12-20 00:00:00+00:00
[2024-12-20T05:30:11.463+0000] {logging_mixin.py:190} INFO - [2024-12-20T05:30:11.463+0000] {dag.py:4180} INFO - Setting next_dagrun for dataset_with_extra_from_classic_operator to 2024-12-19 00:00:00+00:00, run_after=2024-12-20 00:00:00+00:00
[2024-12-20T05:30:11.534+0000] {processor.py:208} INFO - Processing /home/airflow/.local/lib/python3.12/site-packages/airflow/example_dags/example_outlet_event_extra.py took 2.251 seconds
[2024-12-20T05:30:41.812+0000] {processor.py:186} INFO - Started process (PID=12731) to work on /home/airflow/.local/lib/python3.12/site-packages/airflow/example_dags/example_outlet_event_extra.py
[2024-12-20T05:30:41.815+0000] {processor.py:914} INFO - Processing file /home/airflow/.local/lib/python3.12/site-packages/airflow/example_dags/example_outlet_event_extra.py for tasks to queue
[2024-12-20T05:30:41.824+0000] {logging_mixin.py:190} INFO - [2024-12-20T05:30:41.823+0000] {dagbag.py:588} INFO - Filling up the DagBag from /home/airflow/.local/lib/python3.12/site-packages/airflow/example_dags/example_outlet_event_extra.py
[2024-12-20T05:30:43.464+0000] {processor.py:925} INFO - DAG(s) 'dataset_with_extra_by_context', 'dataset_with_extra_from_classic_operator', 'dataset_with_extra_by_yield' retrieved from /home/airflow/.local/lib/python3.12/site-packages/airflow/example_dags/example_outlet_event_extra.py
[2024-12-20T05:30:43.534+0000] {logging_mixin.py:190} INFO - [2024-12-20T05:30:43.533+0000] {dag.py:3239} INFO - Sync 3 DAGs
[2024-12-20T05:30:43.916+0000] {logging_mixin.py:190} INFO - [2024-12-20T05:30:43.916+0000] {dag.py:4180} INFO - Setting next_dagrun for dataset_with_extra_by_context to 2024-12-19 00:00:00+00:00, run_after=2024-12-20 00:00:00+00:00
[2024-12-20T05:30:43.928+0000] {logging_mixin.py:190} INFO - [2024-12-20T05:30:43.927+0000] {dag.py:4180} INFO - Setting next_dagrun for dataset_with_extra_by_yield to 2024-12-19 00:00:00+00:00, run_after=2024-12-20 00:00:00+00:00
[2024-12-20T05:30:43.935+0000] {logging_mixin.py:190} INFO - [2024-12-20T05:30:43.934+0000] {dag.py:4180} INFO - Setting next_dagrun for dataset_with_extra_from_classic_operator to 2024-12-19 00:00:00+00:00, run_after=2024-12-20 00:00:00+00:00
[2024-12-20T05:30:43.982+0000] {processor.py:208} INFO - Processing /home/airflow/.local/lib/python3.12/site-packages/airflow/example_dags/example_outlet_event_extra.py took 2.187 seconds
[2024-12-20T05:31:14.395+0000] {processor.py:186} INFO - Started process (PID=12796) to work on /home/airflow/.local/lib/python3.12/site-packages/airflow/example_dags/example_outlet_event_extra.py
[2024-12-20T05:31:14.396+0000] {processor.py:914} INFO - Processing file /home/airflow/.local/lib/python3.12/site-packages/airflow/example_dags/example_outlet_event_extra.py for tasks to queue
[2024-12-20T05:31:14.400+0000] {logging_mixin.py:190} INFO - [2024-12-20T05:31:14.399+0000] {dagbag.py:588} INFO - Filling up the DagBag from /home/airflow/.local/lib/python3.12/site-packages/airflow/example_dags/example_outlet_event_extra.py
[2024-12-20T05:31:15.352+0000] {processor.py:925} INFO - DAG(s) 'dataset_with_extra_from_classic_operator', 'dataset_with_extra_by_context', 'dataset_with_extra_by_yield' retrieved from /home/airflow/.local/lib/python3.12/site-packages/airflow/example_dags/example_outlet_event_extra.py
[2024-12-20T05:31:15.421+0000] {logging_mixin.py:190} INFO - [2024-12-20T05:31:15.421+0000] {dag.py:3239} INFO - Sync 3 DAGs
[2024-12-20T05:31:15.871+0000] {logging_mixin.py:190} INFO - [2024-12-20T05:31:15.870+0000] {dag.py:4180} INFO - Setting next_dagrun for dataset_with_extra_by_context to 2024-12-19 00:00:00+00:00, run_after=2024-12-20 00:00:00+00:00
[2024-12-20T05:31:15.889+0000] {logging_mixin.py:190} INFO - [2024-12-20T05:31:15.888+0000] {dag.py:4180} INFO - Setting next_dagrun for dataset_with_extra_by_yield to 2024-12-19 00:00:00+00:00, run_after=2024-12-20 00:00:00+00:00
[2024-12-20T05:31:15.897+0000] {logging_mixin.py:190} INFO - [2024-12-20T05:31:15.896+0000] {dag.py:4180} INFO - Setting next_dagrun for dataset_with_extra_from_classic_operator to 2024-12-19 00:00:00+00:00, run_after=2024-12-20 00:00:00+00:00
[2024-12-20T05:31:15.958+0000] {processor.py:208} INFO - Processing /home/airflow/.local/lib/python3.12/site-packages/airflow/example_dags/example_outlet_event_extra.py took 1.573 seconds
[2024-12-20T05:31:46.226+0000] {processor.py:186} INFO - Started process (PID=12861) to work on /home/airflow/.local/lib/python3.12/site-packages/airflow/example_dags/example_outlet_event_extra.py
[2024-12-20T05:31:46.228+0000] {processor.py:914} INFO - Processing file /home/airflow/.local/lib/python3.12/site-packages/airflow/example_dags/example_outlet_event_extra.py for tasks to queue
[2024-12-20T05:31:46.232+0000] {logging_mixin.py:190} INFO - [2024-12-20T05:31:46.232+0000] {dagbag.py:588} INFO - Filling up the DagBag from /home/airflow/.local/lib/python3.12/site-packages/airflow/example_dags/example_outlet_event_extra.py
[2024-12-20T05:31:46.747+0000] {processor.py:925} INFO - DAG(s) 'dataset_with_extra_from_classic_operator', 'dataset_with_extra_by_yield', 'dataset_with_extra_by_context' retrieved from /home/airflow/.local/lib/python3.12/site-packages/airflow/example_dags/example_outlet_event_extra.py
[2024-12-20T05:31:46.779+0000] {logging_mixin.py:190} INFO - [2024-12-20T05:31:46.779+0000] {dag.py:3239} INFO - Sync 3 DAGs
[2024-12-20T05:31:46.812+0000] {logging_mixin.py:190} INFO - [2024-12-20T05:31:46.811+0000] {dag.py:4180} INFO - Setting next_dagrun for dataset_with_extra_by_context to 2024-12-19 00:00:00+00:00, run_after=2024-12-20 00:00:00+00:00
[2024-12-20T05:31:46.820+0000] {logging_mixin.py:190} INFO - [2024-12-20T05:31:46.819+0000] {dag.py:4180} INFO - Setting next_dagrun for dataset_with_extra_by_yield to 2024-12-19 00:00:00+00:00, run_after=2024-12-20 00:00:00+00:00
[2024-12-20T05:31:46.826+0000] {logging_mixin.py:190} INFO - [2024-12-20T05:31:46.826+0000] {dag.py:4180} INFO - Setting next_dagrun for dataset_with_extra_from_classic_operator to 2024-12-19 00:00:00+00:00, run_after=2024-12-20 00:00:00+00:00
[2024-12-20T05:31:47.076+0000] {processor.py:208} INFO - Processing /home/airflow/.local/lib/python3.12/site-packages/airflow/example_dags/example_outlet_event_extra.py took 0.859 seconds
[2024-12-20T05:32:17.621+0000] {processor.py:186} INFO - Started process (PID=12926) to work on /home/airflow/.local/lib/python3.12/site-packages/airflow/example_dags/example_outlet_event_extra.py
[2024-12-20T05:32:17.624+0000] {processor.py:914} INFO - Processing file /home/airflow/.local/lib/python3.12/site-packages/airflow/example_dags/example_outlet_event_extra.py for tasks to queue
[2024-12-20T05:32:17.633+0000] {logging_mixin.py:190} INFO - [2024-12-20T05:32:17.631+0000] {dagbag.py:588} INFO - Filling up the DagBag from /home/airflow/.local/lib/python3.12/site-packages/airflow/example_dags/example_outlet_event_extra.py
[2024-12-20T05:32:20.458+0000] {processor.py:925} INFO - DAG(s) 'dataset_with_extra_by_context', 'dataset_with_extra_by_yield', 'dataset_with_extra_from_classic_operator' retrieved from /home/airflow/.local/lib/python3.12/site-packages/airflow/example_dags/example_outlet_event_extra.py
[2024-12-20T05:32:20.562+0000] {logging_mixin.py:190} INFO - [2024-12-20T05:32:20.561+0000] {dag.py:3239} INFO - Sync 3 DAGs
[2024-12-20T05:32:20.729+0000] {logging_mixin.py:190} INFO - [2024-12-20T05:32:20.725+0000] {dag.py:4180} INFO - Setting next_dagrun for dataset_with_extra_by_context to 2024-12-19 00:00:00+00:00, run_after=2024-12-20 00:00:00+00:00
[2024-12-20T05:32:20.766+0000] {logging_mixin.py:190} INFO - [2024-12-20T05:32:20.765+0000] {dag.py:4180} INFO - Setting next_dagrun for dataset_with_extra_by_yield to 2024-12-19 00:00:00+00:00, run_after=2024-12-20 00:00:00+00:00
[2024-12-20T05:32:20.788+0000] {logging_mixin.py:190} INFO - [2024-12-20T05:32:20.787+0000] {dag.py:4180} INFO - Setting next_dagrun for dataset_with_extra_from_classic_operator to 2024-12-19 00:00:00+00:00, run_after=2024-12-20 00:00:00+00:00
[2024-12-20T05:32:20.978+0000] {processor.py:208} INFO - Processing /home/airflow/.local/lib/python3.12/site-packages/airflow/example_dags/example_outlet_event_extra.py took 3.382 seconds
[2024-12-20T05:32:51.902+0000] {processor.py:186} INFO - Started process (PID=12991) to work on /home/airflow/.local/lib/python3.12/site-packages/airflow/example_dags/example_outlet_event_extra.py
[2024-12-20T05:32:51.905+0000] {processor.py:914} INFO - Processing file /home/airflow/.local/lib/python3.12/site-packages/airflow/example_dags/example_outlet_event_extra.py for tasks to queue
[2024-12-20T05:32:51.914+0000] {logging_mixin.py:190} INFO - [2024-12-20T05:32:51.913+0000] {dagbag.py:588} INFO - Filling up the DagBag from /home/airflow/.local/lib/python3.12/site-packages/airflow/example_dags/example_outlet_event_extra.py
[2024-12-20T05:32:52.665+0000] {processor.py:925} INFO - DAG(s) 'dataset_with_extra_by_yield', 'dataset_with_extra_by_context', 'dataset_with_extra_from_classic_operator' retrieved from /home/airflow/.local/lib/python3.12/site-packages/airflow/example_dags/example_outlet_event_extra.py
[2024-12-20T05:32:52.736+0000] {logging_mixin.py:190} INFO - [2024-12-20T05:32:52.735+0000] {dag.py:3239} INFO - Sync 3 DAGs
[2024-12-20T05:32:53.378+0000] {logging_mixin.py:190} INFO - [2024-12-20T05:32:53.377+0000] {dag.py:4180} INFO - Setting next_dagrun for dataset_with_extra_by_context to 2024-12-19 00:00:00+00:00, run_after=2024-12-20 00:00:00+00:00
[2024-12-20T05:32:53.395+0000] {logging_mixin.py:190} INFO - [2024-12-20T05:32:53.394+0000] {dag.py:4180} INFO - Setting next_dagrun for dataset_with_extra_by_yield to 2024-12-19 00:00:00+00:00, run_after=2024-12-20 00:00:00+00:00
[2024-12-20T05:32:53.403+0000] {logging_mixin.py:190} INFO - [2024-12-20T05:32:53.403+0000] {dag.py:4180} INFO - Setting next_dagrun for dataset_with_extra_from_classic_operator to 2024-12-19 00:00:00+00:00, run_after=2024-12-20 00:00:00+00:00
[2024-12-20T05:32:53.493+0000] {processor.py:208} INFO - Processing /home/airflow/.local/lib/python3.12/site-packages/airflow/example_dags/example_outlet_event_extra.py took 1.611 seconds
[2024-12-20T05:33:24.054+0000] {processor.py:186} INFO - Started process (PID=13056) to work on /home/airflow/.local/lib/python3.12/site-packages/airflow/example_dags/example_outlet_event_extra.py
[2024-12-20T05:33:24.056+0000] {processor.py:914} INFO - Processing file /home/airflow/.local/lib/python3.12/site-packages/airflow/example_dags/example_outlet_event_extra.py for tasks to queue
[2024-12-20T05:33:24.065+0000] {logging_mixin.py:190} INFO - [2024-12-20T05:33:24.063+0000] {dagbag.py:588} INFO - Filling up the DagBag from /home/airflow/.local/lib/python3.12/site-packages/airflow/example_dags/example_outlet_event_extra.py
[2024-12-20T05:33:25.105+0000] {processor.py:925} INFO - DAG(s) 'dataset_with_extra_by_context', 'dataset_with_extra_by_yield', 'dataset_with_extra_from_classic_operator' retrieved from /home/airflow/.local/lib/python3.12/site-packages/airflow/example_dags/example_outlet_event_extra.py
[2024-12-20T05:33:25.178+0000] {logging_mixin.py:190} INFO - [2024-12-20T05:33:25.177+0000] {dag.py:3239} INFO - Sync 3 DAGs
[2024-12-20T05:33:25.624+0000] {logging_mixin.py:190} INFO - [2024-12-20T05:33:25.624+0000] {dag.py:4180} INFO - Setting next_dagrun for dataset_with_extra_by_context to 2024-12-19 00:00:00+00:00, run_after=2024-12-20 00:00:00+00:00
[2024-12-20T05:33:25.635+0000] {logging_mixin.py:190} INFO - [2024-12-20T05:33:25.635+0000] {dag.py:4180} INFO - Setting next_dagrun for dataset_with_extra_by_yield to 2024-12-19 00:00:00+00:00, run_after=2024-12-20 00:00:00+00:00
[2024-12-20T05:33:25.642+0000] {logging_mixin.py:190} INFO - [2024-12-20T05:33:25.641+0000] {dag.py:4180} INFO - Setting next_dagrun for dataset_with_extra_from_classic_operator to 2024-12-19 00:00:00+00:00, run_after=2024-12-20 00:00:00+00:00
[2024-12-20T05:33:25.693+0000] {processor.py:208} INFO - Processing /home/airflow/.local/lib/python3.12/site-packages/airflow/example_dags/example_outlet_event_extra.py took 1.656 seconds
[2024-12-20T05:33:56.274+0000] {processor.py:186} INFO - Started process (PID=13121) to work on /home/airflow/.local/lib/python3.12/site-packages/airflow/example_dags/example_outlet_event_extra.py
[2024-12-20T05:33:56.279+0000] {processor.py:914} INFO - Processing file /home/airflow/.local/lib/python3.12/site-packages/airflow/example_dags/example_outlet_event_extra.py for tasks to queue
[2024-12-20T05:33:56.291+0000] {logging_mixin.py:190} INFO - [2024-12-20T05:33:56.290+0000] {dagbag.py:588} INFO - Filling up the DagBag from /home/airflow/.local/lib/python3.12/site-packages/airflow/example_dags/example_outlet_event_extra.py
[2024-12-20T05:33:59.551+0000] {processor.py:925} INFO - DAG(s) 'dataset_with_extra_by_context', 'dataset_with_extra_from_classic_operator', 'dataset_with_extra_by_yield' retrieved from /home/airflow/.local/lib/python3.12/site-packages/airflow/example_dags/example_outlet_event_extra.py
[2024-12-20T05:33:59.706+0000] {logging_mixin.py:190} INFO - [2024-12-20T05:33:59.705+0000] {dag.py:3239} INFO - Sync 3 DAGs
[2024-12-20T05:33:59.837+0000] {logging_mixin.py:190} INFO - [2024-12-20T05:33:59.837+0000] {dag.py:4180} INFO - Setting next_dagrun for dataset_with_extra_by_context to 2024-12-19 00:00:00+00:00, run_after=2024-12-20 00:00:00+00:00
[2024-12-20T05:33:59.861+0000] {logging_mixin.py:190} INFO - [2024-12-20T05:33:59.860+0000] {dag.py:4180} INFO - Setting next_dagrun for dataset_with_extra_by_yield to 2024-12-19 00:00:00+00:00, run_after=2024-12-20 00:00:00+00:00
[2024-12-20T05:33:59.879+0000] {logging_mixin.py:190} INFO - [2024-12-20T05:33:59.877+0000] {dag.py:4180} INFO - Setting next_dagrun for dataset_with_extra_from_classic_operator to 2024-12-19 00:00:00+00:00, run_after=2024-12-20 00:00:00+00:00
[2024-12-20T05:33:59.964+0000] {processor.py:208} INFO - Processing /home/airflow/.local/lib/python3.12/site-packages/airflow/example_dags/example_outlet_event_extra.py took 3.722 seconds
[2024-12-20T05:34:30.331+0000] {processor.py:186} INFO - Started process (PID=13187) to work on /home/airflow/.local/lib/python3.12/site-packages/airflow/example_dags/example_outlet_event_extra.py
[2024-12-20T05:34:30.333+0000] {processor.py:914} INFO - Processing file /home/airflow/.local/lib/python3.12/site-packages/airflow/example_dags/example_outlet_event_extra.py for tasks to queue
[2024-12-20T05:34:30.338+0000] {logging_mixin.py:190} INFO - [2024-12-20T05:34:30.337+0000] {dagbag.py:588} INFO - Filling up the DagBag from /home/airflow/.local/lib/python3.12/site-packages/airflow/example_dags/example_outlet_event_extra.py
[2024-12-20T05:34:31.771+0000] {processor.py:925} INFO - DAG(s) 'dataset_with_extra_from_classic_operator', 'dataset_with_extra_by_yield', 'dataset_with_extra_by_context' retrieved from /home/airflow/.local/lib/python3.12/site-packages/airflow/example_dags/example_outlet_event_extra.py
[2024-12-20T05:34:31.837+0000] {logging_mixin.py:190} INFO - [2024-12-20T05:34:31.836+0000] {dag.py:3239} INFO - Sync 3 DAGs
[2024-12-20T05:34:31.912+0000] {logging_mixin.py:190} INFO - [2024-12-20T05:34:31.911+0000] {dag.py:4180} INFO - Setting next_dagrun for dataset_with_extra_by_context to 2024-12-19 00:00:00+00:00, run_after=2024-12-20 00:00:00+00:00
[2024-12-20T05:34:31.935+0000] {logging_mixin.py:190} INFO - [2024-12-20T05:34:31.934+0000] {dag.py:4180} INFO - Setting next_dagrun for dataset_with_extra_by_yield to 2024-12-19 00:00:00+00:00, run_after=2024-12-20 00:00:00+00:00
[2024-12-20T05:34:31.948+0000] {logging_mixin.py:190} INFO - [2024-12-20T05:34:31.947+0000] {dag.py:4180} INFO - Setting next_dagrun for dataset_with_extra_from_classic_operator to 2024-12-19 00:00:00+00:00, run_after=2024-12-20 00:00:00+00:00
[2024-12-20T05:34:32.031+0000] {processor.py:208} INFO - Processing /home/airflow/.local/lib/python3.12/site-packages/airflow/example_dags/example_outlet_event_extra.py took 1.713 seconds
[2024-12-20T05:35:02.639+0000] {processor.py:186} INFO - Started process (PID=13258) to work on /home/airflow/.local/lib/python3.12/site-packages/airflow/example_dags/example_outlet_event_extra.py
[2024-12-20T05:35:02.641+0000] {processor.py:914} INFO - Processing file /home/airflow/.local/lib/python3.12/site-packages/airflow/example_dags/example_outlet_event_extra.py for tasks to queue
[2024-12-20T05:35:02.648+0000] {logging_mixin.py:190} INFO - [2024-12-20T05:35:02.647+0000] {dagbag.py:588} INFO - Filling up the DagBag from /home/airflow/.local/lib/python3.12/site-packages/airflow/example_dags/example_outlet_event_extra.py
[2024-12-20T05:35:04.425+0000] {processor.py:925} INFO - DAG(s) 'dataset_with_extra_by_context', 'dataset_with_extra_from_classic_operator', 'dataset_with_extra_by_yield' retrieved from /home/airflow/.local/lib/python3.12/site-packages/airflow/example_dags/example_outlet_event_extra.py
[2024-12-20T05:35:04.534+0000] {logging_mixin.py:190} INFO - [2024-12-20T05:35:04.534+0000] {dag.py:3239} INFO - Sync 3 DAGs
[2024-12-20T05:35:04.636+0000] {logging_mixin.py:190} INFO - [2024-12-20T05:35:04.635+0000] {dag.py:4180} INFO - Setting next_dagrun for dataset_with_extra_by_context to 2024-12-19 00:00:00+00:00, run_after=2024-12-20 00:00:00+00:00
[2024-12-20T05:35:04.660+0000] {logging_mixin.py:190} INFO - [2024-12-20T05:35:04.659+0000] {dag.py:4180} INFO - Setting next_dagrun for dataset_with_extra_by_yield to 2024-12-19 00:00:00+00:00, run_after=2024-12-20 00:00:00+00:00
[2024-12-20T05:35:04.670+0000] {logging_mixin.py:190} INFO - [2024-12-20T05:35:04.669+0000] {dag.py:4180} INFO - Setting next_dagrun for dataset_with_extra_from_classic_operator to 2024-12-19 00:00:00+00:00, run_after=2024-12-20 00:00:00+00:00
[2024-12-20T05:35:04.762+0000] {processor.py:208} INFO - Processing /home/airflow/.local/lib/python3.12/site-packages/airflow/example_dags/example_outlet_event_extra.py took 2.142 seconds
[2024-12-20T05:35:35.540+0000] {processor.py:186} INFO - Started process (PID=13323) to work on /home/airflow/.local/lib/python3.12/site-packages/airflow/example_dags/example_outlet_event_extra.py
[2024-12-20T05:35:35.542+0000] {processor.py:914} INFO - Processing file /home/airflow/.local/lib/python3.12/site-packages/airflow/example_dags/example_outlet_event_extra.py for tasks to queue
[2024-12-20T05:35:35.546+0000] {logging_mixin.py:190} INFO - [2024-12-20T05:35:35.546+0000] {dagbag.py:588} INFO - Filling up the DagBag from /home/airflow/.local/lib/python3.12/site-packages/airflow/example_dags/example_outlet_event_extra.py
[2024-12-20T05:35:36.888+0000] {processor.py:925} INFO - DAG(s) 'dataset_with_extra_by_yield', 'dataset_with_extra_by_context', 'dataset_with_extra_from_classic_operator' retrieved from /home/airflow/.local/lib/python3.12/site-packages/airflow/example_dags/example_outlet_event_extra.py
[2024-12-20T05:35:36.950+0000] {logging_mixin.py:190} INFO - [2024-12-20T05:35:36.950+0000] {dag.py:3239} INFO - Sync 3 DAGs
[2024-12-20T05:35:37.023+0000] {logging_mixin.py:190} INFO - [2024-12-20T05:35:37.023+0000] {dag.py:4180} INFO - Setting next_dagrun for dataset_with_extra_by_context to 2024-12-19 00:00:00+00:00, run_after=2024-12-20 00:00:00+00:00
[2024-12-20T05:35:37.036+0000] {logging_mixin.py:190} INFO - [2024-12-20T05:35:37.035+0000] {dag.py:4180} INFO - Setting next_dagrun for dataset_with_extra_by_yield to 2024-12-19 00:00:00+00:00, run_after=2024-12-20 00:00:00+00:00
[2024-12-20T05:35:37.047+0000] {logging_mixin.py:190} INFO - [2024-12-20T05:35:37.046+0000] {dag.py:4180} INFO - Setting next_dagrun for dataset_with_extra_from_classic_operator to 2024-12-19 00:00:00+00:00, run_after=2024-12-20 00:00:00+00:00
[2024-12-20T05:35:37.108+0000] {processor.py:208} INFO - Processing /home/airflow/.local/lib/python3.12/site-packages/airflow/example_dags/example_outlet_event_extra.py took 1.584 seconds
[2024-12-20T05:36:08.057+0000] {processor.py:186} INFO - Started process (PID=13388) to work on /home/airflow/.local/lib/python3.12/site-packages/airflow/example_dags/example_outlet_event_extra.py
[2024-12-20T05:36:08.062+0000] {processor.py:914} INFO - Processing file /home/airflow/.local/lib/python3.12/site-packages/airflow/example_dags/example_outlet_event_extra.py for tasks to queue
[2024-12-20T05:36:08.074+0000] {logging_mixin.py:190} INFO - [2024-12-20T05:36:08.073+0000] {dagbag.py:588} INFO - Filling up the DagBag from /home/airflow/.local/lib/python3.12/site-packages/airflow/example_dags/example_outlet_event_extra.py
[2024-12-20T05:36:08.879+0000] {processor.py:925} INFO - DAG(s) 'dataset_with_extra_from_classic_operator', 'dataset_with_extra_by_context', 'dataset_with_extra_by_yield' retrieved from /home/airflow/.local/lib/python3.12/site-packages/airflow/example_dags/example_outlet_event_extra.py
[2024-12-20T05:36:08.920+0000] {logging_mixin.py:190} INFO - [2024-12-20T05:36:08.919+0000] {dag.py:3239} INFO - Sync 3 DAGs
[2024-12-20T05:36:08.959+0000] {logging_mixin.py:190} INFO - [2024-12-20T05:36:08.958+0000] {dag.py:4180} INFO - Setting next_dagrun for dataset_with_extra_by_context to 2024-12-19 00:00:00+00:00, run_after=2024-12-20 00:00:00+00:00
[2024-12-20T05:36:08.967+0000] {logging_mixin.py:190} INFO - [2024-12-20T05:36:08.967+0000] {dag.py:4180} INFO - Setting next_dagrun for dataset_with_extra_by_yield to 2024-12-19 00:00:00+00:00, run_after=2024-12-20 00:00:00+00:00
[2024-12-20T05:36:08.972+0000] {logging_mixin.py:190} INFO - [2024-12-20T05:36:08.972+0000] {dag.py:4180} INFO - Setting next_dagrun for dataset_with_extra_from_classic_operator to 2024-12-19 00:00:00+00:00, run_after=2024-12-20 00:00:00+00:00
[2024-12-20T05:36:09.046+0000] {processor.py:208} INFO - Processing /home/airflow/.local/lib/python3.12/site-packages/airflow/example_dags/example_outlet_event_extra.py took 1.015 seconds
[2024-12-20T05:36:39.975+0000] {processor.py:186} INFO - Started process (PID=13453) to work on /home/airflow/.local/lib/python3.12/site-packages/airflow/example_dags/example_outlet_event_extra.py
[2024-12-20T05:36:39.977+0000] {processor.py:914} INFO - Processing file /home/airflow/.local/lib/python3.12/site-packages/airflow/example_dags/example_outlet_event_extra.py for tasks to queue
[2024-12-20T05:36:39.983+0000] {logging_mixin.py:190} INFO - [2024-12-20T05:36:39.982+0000] {dagbag.py:588} INFO - Filling up the DagBag from /home/airflow/.local/lib/python3.12/site-packages/airflow/example_dags/example_outlet_event_extra.py
[2024-12-20T05:36:41.124+0000] {processor.py:925} INFO - DAG(s) 'dataset_with_extra_by_yield', 'dataset_with_extra_from_classic_operator', 'dataset_with_extra_by_context' retrieved from /home/airflow/.local/lib/python3.12/site-packages/airflow/example_dags/example_outlet_event_extra.py
[2024-12-20T05:36:41.180+0000] {logging_mixin.py:190} INFO - [2024-12-20T05:36:41.179+0000] {dag.py:3239} INFO - Sync 3 DAGs
[2024-12-20T05:36:41.242+0000] {logging_mixin.py:190} INFO - [2024-12-20T05:36:41.241+0000] {dag.py:4180} INFO - Setting next_dagrun for dataset_with_extra_by_context to 2024-12-19 00:00:00+00:00, run_after=2024-12-20 00:00:00+00:00
[2024-12-20T05:36:41.252+0000] {logging_mixin.py:190} INFO - [2024-12-20T05:36:41.252+0000] {dag.py:4180} INFO - Setting next_dagrun for dataset_with_extra_by_yield to 2024-12-19 00:00:00+00:00, run_after=2024-12-20 00:00:00+00:00
[2024-12-20T05:36:41.259+0000] {logging_mixin.py:190} INFO - [2024-12-20T05:36:41.258+0000] {dag.py:4180} INFO - Setting next_dagrun for dataset_with_extra_from_classic_operator to 2024-12-19 00:00:00+00:00, run_after=2024-12-20 00:00:00+00:00
[2024-12-20T05:36:41.304+0000] {processor.py:208} INFO - Processing /home/airflow/.local/lib/python3.12/site-packages/airflow/example_dags/example_outlet_event_extra.py took 1.345 seconds
[2024-12-20T05:37:11.488+0000] {processor.py:186} INFO - Started process (PID=13519) to work on /home/airflow/.local/lib/python3.12/site-packages/airflow/example_dags/example_outlet_event_extra.py
[2024-12-20T05:37:11.491+0000] {processor.py:914} INFO - Processing file /home/airflow/.local/lib/python3.12/site-packages/airflow/example_dags/example_outlet_event_extra.py for tasks to queue
[2024-12-20T05:37:11.498+0000] {logging_mixin.py:190} INFO - [2024-12-20T05:37:11.497+0000] {dagbag.py:588} INFO - Filling up the DagBag from /home/airflow/.local/lib/python3.12/site-packages/airflow/example_dags/example_outlet_event_extra.py
[2024-12-20T05:37:13.032+0000] {processor.py:925} INFO - DAG(s) 'dataset_with_extra_by_yield', 'dataset_with_extra_from_classic_operator', 'dataset_with_extra_by_context' retrieved from /home/airflow/.local/lib/python3.12/site-packages/airflow/example_dags/example_outlet_event_extra.py
[2024-12-20T05:37:13.096+0000] {logging_mixin.py:190} INFO - [2024-12-20T05:37:13.095+0000] {dag.py:3239} INFO - Sync 3 DAGs
[2024-12-20T05:37:13.161+0000] {logging_mixin.py:190} INFO - [2024-12-20T05:37:13.160+0000] {dag.py:4180} INFO - Setting next_dagrun for dataset_with_extra_by_context to 2024-12-19 00:00:00+00:00, run_after=2024-12-20 00:00:00+00:00
[2024-12-20T05:37:13.179+0000] {logging_mixin.py:190} INFO - [2024-12-20T05:37:13.178+0000] {dag.py:4180} INFO - Setting next_dagrun for dataset_with_extra_by_yield to 2024-12-19 00:00:00+00:00, run_after=2024-12-20 00:00:00+00:00
[2024-12-20T05:37:13.194+0000] {logging_mixin.py:190} INFO - [2024-12-20T05:37:13.192+0000] {dag.py:4180} INFO - Setting next_dagrun for dataset_with_extra_from_classic_operator to 2024-12-19 00:00:00+00:00, run_after=2024-12-20 00:00:00+00:00
[2024-12-20T05:37:13.308+0000] {processor.py:208} INFO - Processing /home/airflow/.local/lib/python3.12/site-packages/airflow/example_dags/example_outlet_event_extra.py took 1.841 seconds
[2024-12-20T05:37:43.783+0000] {processor.py:186} INFO - Started process (PID=13584) to work on /home/airflow/.local/lib/python3.12/site-packages/airflow/example_dags/example_outlet_event_extra.py
[2024-12-20T05:37:43.785+0000] {processor.py:914} INFO - Processing file /home/airflow/.local/lib/python3.12/site-packages/airflow/example_dags/example_outlet_event_extra.py for tasks to queue
[2024-12-20T05:37:43.792+0000] {logging_mixin.py:190} INFO - [2024-12-20T05:37:43.791+0000] {dagbag.py:588} INFO - Filling up the DagBag from /home/airflow/.local/lib/python3.12/site-packages/airflow/example_dags/example_outlet_event_extra.py
[2024-12-20T05:37:45.089+0000] {processor.py:925} INFO - DAG(s) 'dataset_with_extra_by_yield', 'dataset_with_extra_from_classic_operator', 'dataset_with_extra_by_context' retrieved from /home/airflow/.local/lib/python3.12/site-packages/airflow/example_dags/example_outlet_event_extra.py
[2024-12-20T05:37:45.148+0000] {logging_mixin.py:190} INFO - [2024-12-20T05:37:45.148+0000] {dag.py:3239} INFO - Sync 3 DAGs
[2024-12-20T05:37:45.234+0000] {logging_mixin.py:190} INFO - [2024-12-20T05:37:45.233+0000] {dag.py:4180} INFO - Setting next_dagrun for dataset_with_extra_by_context to 2024-12-19 00:00:00+00:00, run_after=2024-12-20 00:00:00+00:00
[2024-12-20T05:37:45.256+0000] {logging_mixin.py:190} INFO - [2024-12-20T05:37:45.256+0000] {dag.py:4180} INFO - Setting next_dagrun for dataset_with_extra_by_yield to 2024-12-19 00:00:00+00:00, run_after=2024-12-20 00:00:00+00:00
[2024-12-20T05:37:45.272+0000] {logging_mixin.py:190} INFO - [2024-12-20T05:37:45.272+0000] {dag.py:4180} INFO - Setting next_dagrun for dataset_with_extra_from_classic_operator to 2024-12-19 00:00:00+00:00, run_after=2024-12-20 00:00:00+00:00
[2024-12-20T05:37:45.364+0000] {processor.py:208} INFO - Processing /home/airflow/.local/lib/python3.12/site-packages/airflow/example_dags/example_outlet_event_extra.py took 1.598 seconds
[2024-12-20T05:38:15.897+0000] {processor.py:186} INFO - Started process (PID=13649) to work on /home/airflow/.local/lib/python3.12/site-packages/airflow/example_dags/example_outlet_event_extra.py
[2024-12-20T05:38:15.900+0000] {processor.py:914} INFO - Processing file /home/airflow/.local/lib/python3.12/site-packages/airflow/example_dags/example_outlet_event_extra.py for tasks to queue
[2024-12-20T05:38:15.905+0000] {logging_mixin.py:190} INFO - [2024-12-20T05:38:15.905+0000] {dagbag.py:588} INFO - Filling up the DagBag from /home/airflow/.local/lib/python3.12/site-packages/airflow/example_dags/example_outlet_event_extra.py
[2024-12-20T05:38:17.837+0000] {processor.py:925} INFO - DAG(s) 'dataset_with_extra_by_context', 'dataset_with_extra_by_yield', 'dataset_with_extra_from_classic_operator' retrieved from /home/airflow/.local/lib/python3.12/site-packages/airflow/example_dags/example_outlet_event_extra.py
[2024-12-20T05:38:17.894+0000] {logging_mixin.py:190} INFO - [2024-12-20T05:38:17.893+0000] {dag.py:3239} INFO - Sync 3 DAGs
[2024-12-20T05:38:17.945+0000] {logging_mixin.py:190} INFO - [2024-12-20T05:38:17.945+0000] {dag.py:4180} INFO - Setting next_dagrun for dataset_with_extra_by_context to 2024-12-19 00:00:00+00:00, run_after=2024-12-20 00:00:00+00:00
[2024-12-20T05:38:17.957+0000] {logging_mixin.py:190} INFO - [2024-12-20T05:38:17.957+0000] {dag.py:4180} INFO - Setting next_dagrun for dataset_with_extra_by_yield to 2024-12-19 00:00:00+00:00, run_after=2024-12-20 00:00:00+00:00
[2024-12-20T05:38:17.964+0000] {logging_mixin.py:190} INFO - [2024-12-20T05:38:17.964+0000] {dag.py:4180} INFO - Setting next_dagrun for dataset_with_extra_from_classic_operator to 2024-12-19 00:00:00+00:00, run_after=2024-12-20 00:00:00+00:00
[2024-12-20T05:38:18.046+0000] {processor.py:208} INFO - Processing /home/airflow/.local/lib/python3.12/site-packages/airflow/example_dags/example_outlet_event_extra.py took 2.168 seconds
[2024-12-20T05:38:48.938+0000] {processor.py:186} INFO - Started process (PID=13715) to work on /home/airflow/.local/lib/python3.12/site-packages/airflow/example_dags/example_outlet_event_extra.py
[2024-12-20T05:38:48.941+0000] {processor.py:914} INFO - Processing file /home/airflow/.local/lib/python3.12/site-packages/airflow/example_dags/example_outlet_event_extra.py for tasks to queue
[2024-12-20T05:38:48.951+0000] {logging_mixin.py:190} INFO - [2024-12-20T05:38:48.949+0000] {dagbag.py:588} INFO - Filling up the DagBag from /home/airflow/.local/lib/python3.12/site-packages/airflow/example_dags/example_outlet_event_extra.py
[2024-12-20T05:38:49.793+0000] {processor.py:925} INFO - DAG(s) 'dataset_with_extra_from_classic_operator', 'dataset_with_extra_by_context', 'dataset_with_extra_by_yield' retrieved from /home/airflow/.local/lib/python3.12/site-packages/airflow/example_dags/example_outlet_event_extra.py
[2024-12-20T05:38:49.827+0000] {logging_mixin.py:190} INFO - [2024-12-20T05:38:49.826+0000] {dag.py:3239} INFO - Sync 3 DAGs
[2024-12-20T05:38:49.859+0000] {logging_mixin.py:190} INFO - [2024-12-20T05:38:49.858+0000] {dag.py:4180} INFO - Setting next_dagrun for dataset_with_extra_by_context to 2024-12-19 00:00:00+00:00, run_after=2024-12-20 00:00:00+00:00
[2024-12-20T05:38:49.866+0000] {logging_mixin.py:190} INFO - [2024-12-20T05:38:49.866+0000] {dag.py:4180} INFO - Setting next_dagrun for dataset_with_extra_by_yield to 2024-12-19 00:00:00+00:00, run_after=2024-12-20 00:00:00+00:00
[2024-12-20T05:38:49.870+0000] {logging_mixin.py:190} INFO - [2024-12-20T05:38:49.870+0000] {dag.py:4180} INFO - Setting next_dagrun for dataset_with_extra_from_classic_operator to 2024-12-19 00:00:00+00:00, run_after=2024-12-20 00:00:00+00:00
[2024-12-20T05:38:49.938+0000] {processor.py:208} INFO - Processing /home/airflow/.local/lib/python3.12/site-packages/airflow/example_dags/example_outlet_event_extra.py took 1.018 seconds
[2024-12-20T05:39:20.757+0000] {processor.py:186} INFO - Started process (PID=13781) to work on /home/airflow/.local/lib/python3.12/site-packages/airflow/example_dags/example_outlet_event_extra.py
[2024-12-20T05:39:20.759+0000] {processor.py:914} INFO - Processing file /home/airflow/.local/lib/python3.12/site-packages/airflow/example_dags/example_outlet_event_extra.py for tasks to queue
[2024-12-20T05:39:20.764+0000] {logging_mixin.py:190} INFO - [2024-12-20T05:39:20.764+0000] {dagbag.py:588} INFO - Filling up the DagBag from /home/airflow/.local/lib/python3.12/site-packages/airflow/example_dags/example_outlet_event_extra.py
[2024-12-20T05:39:21.664+0000] {processor.py:925} INFO - DAG(s) 'dataset_with_extra_by_context', 'dataset_with_extra_by_yield', 'dataset_with_extra_from_classic_operator' retrieved from /home/airflow/.local/lib/python3.12/site-packages/airflow/example_dags/example_outlet_event_extra.py
[2024-12-20T05:39:21.696+0000] {logging_mixin.py:190} INFO - [2024-12-20T05:39:21.696+0000] {dag.py:3239} INFO - Sync 3 DAGs
[2024-12-20T05:39:21.737+0000] {logging_mixin.py:190} INFO - [2024-12-20T05:39:21.737+0000] {dag.py:4180} INFO - Setting next_dagrun for dataset_with_extra_by_context to 2024-12-19 00:00:00+00:00, run_after=2024-12-20 00:00:00+00:00
[2024-12-20T05:39:21.746+0000] {logging_mixin.py:190} INFO - [2024-12-20T05:39:21.746+0000] {dag.py:4180} INFO - Setting next_dagrun for dataset_with_extra_by_yield to 2024-12-19 00:00:00+00:00, run_after=2024-12-20 00:00:00+00:00
[2024-12-20T05:39:21.752+0000] {logging_mixin.py:190} INFO - [2024-12-20T05:39:21.752+0000] {dag.py:4180} INFO - Setting next_dagrun for dataset_with_extra_from_classic_operator to 2024-12-19 00:00:00+00:00, run_after=2024-12-20 00:00:00+00:00
[2024-12-20T05:39:21.826+0000] {processor.py:208} INFO - Processing /home/airflow/.local/lib/python3.12/site-packages/airflow/example_dags/example_outlet_event_extra.py took 1.081 seconds
[2024-12-20T05:39:52.660+0000] {processor.py:186} INFO - Started process (PID=13846) to work on /home/airflow/.local/lib/python3.12/site-packages/airflow/example_dags/example_outlet_event_extra.py
[2024-12-20T05:39:52.662+0000] {processor.py:914} INFO - Processing file /home/airflow/.local/lib/python3.12/site-packages/airflow/example_dags/example_outlet_event_extra.py for tasks to queue
[2024-12-20T05:39:52.669+0000] {logging_mixin.py:190} INFO - [2024-12-20T05:39:52.668+0000] {dagbag.py:588} INFO - Filling up the DagBag from /home/airflow/.local/lib/python3.12/site-packages/airflow/example_dags/example_outlet_event_extra.py
[2024-12-20T05:39:53.763+0000] {processor.py:925} INFO - DAG(s) 'dataset_with_extra_by_context', 'dataset_with_extra_from_classic_operator', 'dataset_with_extra_by_yield' retrieved from /home/airflow/.local/lib/python3.12/site-packages/airflow/example_dags/example_outlet_event_extra.py
[2024-12-20T05:39:53.834+0000] {logging_mixin.py:190} INFO - [2024-12-20T05:39:53.834+0000] {dag.py:3239} INFO - Sync 3 DAGs
[2024-12-20T05:39:53.907+0000] {logging_mixin.py:190} INFO - [2024-12-20T05:39:53.906+0000] {dag.py:4180} INFO - Setting next_dagrun for dataset_with_extra_by_context to 2024-12-19 00:00:00+00:00, run_after=2024-12-20 00:00:00+00:00
[2024-12-20T05:39:53.927+0000] {logging_mixin.py:190} INFO - [2024-12-20T05:39:53.926+0000] {dag.py:4180} INFO - Setting next_dagrun for dataset_with_extra_by_yield to 2024-12-19 00:00:00+00:00, run_after=2024-12-20 00:00:00+00:00
[2024-12-20T05:39:53.937+0000] {logging_mixin.py:190} INFO - [2024-12-20T05:39:53.936+0000] {dag.py:4180} INFO - Setting next_dagrun for dataset_with_extra_from_classic_operator to 2024-12-19 00:00:00+00:00, run_after=2024-12-20 00:00:00+00:00
[2024-12-20T05:39:54.005+0000] {processor.py:208} INFO - Processing /home/airflow/.local/lib/python3.12/site-packages/airflow/example_dags/example_outlet_event_extra.py took 1.358 seconds
[2024-12-20T05:40:24.712+0000] {processor.py:186} INFO - Started process (PID=13911) to work on /home/airflow/.local/lib/python3.12/site-packages/airflow/example_dags/example_outlet_event_extra.py
[2024-12-20T05:40:24.716+0000] {processor.py:914} INFO - Processing file /home/airflow/.local/lib/python3.12/site-packages/airflow/example_dags/example_outlet_event_extra.py for tasks to queue
[2024-12-20T05:40:24.724+0000] {logging_mixin.py:190} INFO - [2024-12-20T05:40:24.723+0000] {dagbag.py:588} INFO - Filling up the DagBag from /home/airflow/.local/lib/python3.12/site-packages/airflow/example_dags/example_outlet_event_extra.py
[2024-12-20T05:40:25.985+0000] {processor.py:925} INFO - DAG(s) 'dataset_with_extra_by_yield', 'dataset_with_extra_by_context', 'dataset_with_extra_from_classic_operator' retrieved from /home/airflow/.local/lib/python3.12/site-packages/airflow/example_dags/example_outlet_event_extra.py
[2024-12-20T05:40:26.043+0000] {logging_mixin.py:190} INFO - [2024-12-20T05:40:26.043+0000] {dag.py:3239} INFO - Sync 3 DAGs
[2024-12-20T05:40:26.110+0000] {logging_mixin.py:190} INFO - [2024-12-20T05:40:26.110+0000] {dag.py:4180} INFO - Setting next_dagrun for dataset_with_extra_by_context to 2024-12-19 00:00:00+00:00, run_after=2024-12-20 00:00:00+00:00
[2024-12-20T05:40:26.122+0000] {logging_mixin.py:190} INFO - [2024-12-20T05:40:26.121+0000] {dag.py:4180} INFO - Setting next_dagrun for dataset_with_extra_by_yield to 2024-12-19 00:00:00+00:00, run_after=2024-12-20 00:00:00+00:00
[2024-12-20T05:40:26.129+0000] {logging_mixin.py:190} INFO - [2024-12-20T05:40:26.129+0000] {dag.py:4180} INFO - Setting next_dagrun for dataset_with_extra_from_classic_operator to 2024-12-19 00:00:00+00:00, run_after=2024-12-20 00:00:00+00:00
[2024-12-20T05:40:26.181+0000] {processor.py:208} INFO - Processing /home/airflow/.local/lib/python3.12/site-packages/airflow/example_dags/example_outlet_event_extra.py took 1.509 seconds
[2024-12-20T05:40:56.937+0000] {processor.py:186} INFO - Started process (PID=13977) to work on /home/airflow/.local/lib/python3.12/site-packages/airflow/example_dags/example_outlet_event_extra.py
[2024-12-20T05:40:56.942+0000] {processor.py:914} INFO - Processing file /home/airflow/.local/lib/python3.12/site-packages/airflow/example_dags/example_outlet_event_extra.py for tasks to queue
[2024-12-20T05:40:56.950+0000] {logging_mixin.py:190} INFO - [2024-12-20T05:40:56.949+0000] {dagbag.py:588} INFO - Filling up the DagBag from /home/airflow/.local/lib/python3.12/site-packages/airflow/example_dags/example_outlet_event_extra.py
[2024-12-20T05:40:58.962+0000] {processor.py:925} INFO - DAG(s) 'dataset_with_extra_from_classic_operator', 'dataset_with_extra_by_context', 'dataset_with_extra_by_yield' retrieved from /home/airflow/.local/lib/python3.12/site-packages/airflow/example_dags/example_outlet_event_extra.py
[2024-12-20T05:40:59.037+0000] {logging_mixin.py:190} INFO - [2024-12-20T05:40:59.036+0000] {dag.py:3239} INFO - Sync 3 DAGs
[2024-12-20T05:40:59.116+0000] {logging_mixin.py:190} INFO - [2024-12-20T05:40:59.115+0000] {dag.py:4180} INFO - Setting next_dagrun for dataset_with_extra_by_context to 2024-12-19 00:00:00+00:00, run_after=2024-12-20 00:00:00+00:00
[2024-12-20T05:40:59.132+0000] {logging_mixin.py:190} INFO - [2024-12-20T05:40:59.131+0000] {dag.py:4180} INFO - Setting next_dagrun for dataset_with_extra_by_yield to 2024-12-19 00:00:00+00:00, run_after=2024-12-20 00:00:00+00:00
[2024-12-20T05:40:59.139+0000] {logging_mixin.py:190} INFO - [2024-12-20T05:40:59.139+0000] {dag.py:4180} INFO - Setting next_dagrun for dataset_with_extra_from_classic_operator to 2024-12-19 00:00:00+00:00, run_after=2024-12-20 00:00:00+00:00
[2024-12-20T05:40:59.233+0000] {processor.py:208} INFO - Processing /home/airflow/.local/lib/python3.12/site-packages/airflow/example_dags/example_outlet_event_extra.py took 2.322 seconds
[2024-12-20T05:41:29.432+0000] {processor.py:186} INFO - Started process (PID=14042) to work on /home/airflow/.local/lib/python3.12/site-packages/airflow/example_dags/example_outlet_event_extra.py
[2024-12-20T05:41:29.436+0000] {processor.py:914} INFO - Processing file /home/airflow/.local/lib/python3.12/site-packages/airflow/example_dags/example_outlet_event_extra.py for tasks to queue
[2024-12-20T05:41:29.451+0000] {logging_mixin.py:190} INFO - [2024-12-20T05:41:29.449+0000] {dagbag.py:588} INFO - Filling up the DagBag from /home/airflow/.local/lib/python3.12/site-packages/airflow/example_dags/example_outlet_event_extra.py
[2024-12-20T05:41:30.534+0000] {processor.py:925} INFO - DAG(s) 'dataset_with_extra_by_yield', 'dataset_with_extra_by_context', 'dataset_with_extra_from_classic_operator' retrieved from /home/airflow/.local/lib/python3.12/site-packages/airflow/example_dags/example_outlet_event_extra.py
[2024-12-20T05:41:30.575+0000] {logging_mixin.py:190} INFO - [2024-12-20T05:41:30.574+0000] {dag.py:3239} INFO - Sync 3 DAGs
[2024-12-20T05:41:30.620+0000] {logging_mixin.py:190} INFO - [2024-12-20T05:41:30.620+0000] {dag.py:4180} INFO - Setting next_dagrun for dataset_with_extra_by_context to 2024-12-19 00:00:00+00:00, run_after=2024-12-20 00:00:00+00:00
[2024-12-20T05:41:30.630+0000] {logging_mixin.py:190} INFO - [2024-12-20T05:41:30.629+0000] {dag.py:4180} INFO - Setting next_dagrun for dataset_with_extra_by_yield to 2024-12-19 00:00:00+00:00, run_after=2024-12-20 00:00:00+00:00
[2024-12-20T05:41:30.636+0000] {logging_mixin.py:190} INFO - [2024-12-20T05:41:30.635+0000] {dag.py:4180} INFO - Setting next_dagrun for dataset_with_extra_from_classic_operator to 2024-12-19 00:00:00+00:00, run_after=2024-12-20 00:00:00+00:00
[2024-12-20T05:41:30.672+0000] {processor.py:208} INFO - Processing /home/airflow/.local/lib/python3.12/site-packages/airflow/example_dags/example_outlet_event_extra.py took 1.270 seconds
[2024-12-20T05:42:00.819+0000] {processor.py:186} INFO - Started process (PID=14108) to work on /home/airflow/.local/lib/python3.12/site-packages/airflow/example_dags/example_outlet_event_extra.py
[2024-12-20T05:42:00.820+0000] {processor.py:914} INFO - Processing file /home/airflow/.local/lib/python3.12/site-packages/airflow/example_dags/example_outlet_event_extra.py for tasks to queue
[2024-12-20T05:42:00.823+0000] {logging_mixin.py:190} INFO - [2024-12-20T05:42:00.823+0000] {dagbag.py:588} INFO - Filling up the DagBag from /home/airflow/.local/lib/python3.12/site-packages/airflow/example_dags/example_outlet_event_extra.py
[2024-12-20T05:42:01.987+0000] {processor.py:925} INFO - DAG(s) 'dataset_with_extra_by_context', 'dataset_with_extra_from_classic_operator', 'dataset_with_extra_by_yield' retrieved from /home/airflow/.local/lib/python3.12/site-packages/airflow/example_dags/example_outlet_event_extra.py
[2024-12-20T05:42:02.054+0000] {logging_mixin.py:190} INFO - [2024-12-20T05:42:02.054+0000] {dag.py:3239} INFO - Sync 3 DAGs
[2024-12-20T05:42:02.121+0000] {logging_mixin.py:190} INFO - [2024-12-20T05:42:02.120+0000] {dag.py:4180} INFO - Setting next_dagrun for dataset_with_extra_by_context to 2024-12-19 00:00:00+00:00, run_after=2024-12-20 00:00:00+00:00
[2024-12-20T05:42:02.137+0000] {logging_mixin.py:190} INFO - [2024-12-20T05:42:02.136+0000] {dag.py:4180} INFO - Setting next_dagrun for dataset_with_extra_by_yield to 2024-12-19 00:00:00+00:00, run_after=2024-12-20 00:00:00+00:00
[2024-12-20T05:42:02.144+0000] {logging_mixin.py:190} INFO - [2024-12-20T05:42:02.144+0000] {dag.py:4180} INFO - Setting next_dagrun for dataset_with_extra_from_classic_operator to 2024-12-19 00:00:00+00:00, run_after=2024-12-20 00:00:00+00:00
[2024-12-20T05:42:02.203+0000] {processor.py:208} INFO - Processing /home/airflow/.local/lib/python3.12/site-packages/airflow/example_dags/example_outlet_event_extra.py took 1.391 seconds
[2024-12-20T05:42:32.373+0000] {processor.py:186} INFO - Started process (PID=14174) to work on /home/airflow/.local/lib/python3.12/site-packages/airflow/example_dags/example_outlet_event_extra.py
[2024-12-20T05:42:32.376+0000] {processor.py:914} INFO - Processing file /home/airflow/.local/lib/python3.12/site-packages/airflow/example_dags/example_outlet_event_extra.py for tasks to queue
[2024-12-20T05:42:32.382+0000] {logging_mixin.py:190} INFO - [2024-12-20T05:42:32.381+0000] {dagbag.py:588} INFO - Filling up the DagBag from /home/airflow/.local/lib/python3.12/site-packages/airflow/example_dags/example_outlet_event_extra.py
[2024-12-20T05:42:33.299+0000] {processor.py:925} INFO - DAG(s) 'dataset_with_extra_by_context', 'dataset_with_extra_from_classic_operator', 'dataset_with_extra_by_yield' retrieved from /home/airflow/.local/lib/python3.12/site-packages/airflow/example_dags/example_outlet_event_extra.py
[2024-12-20T05:42:33.328+0000] {logging_mixin.py:190} INFO - [2024-12-20T05:42:33.328+0000] {dag.py:3239} INFO - Sync 3 DAGs
[2024-12-20T05:42:33.361+0000] {logging_mixin.py:190} INFO - [2024-12-20T05:42:33.360+0000] {dag.py:4180} INFO - Setting next_dagrun for dataset_with_extra_by_context to 2024-12-19 00:00:00+00:00, run_after=2024-12-20 00:00:00+00:00
[2024-12-20T05:42:33.369+0000] {logging_mixin.py:190} INFO - [2024-12-20T05:42:33.368+0000] {dag.py:4180} INFO - Setting next_dagrun for dataset_with_extra_by_yield to 2024-12-19 00:00:00+00:00, run_after=2024-12-20 00:00:00+00:00
[2024-12-20T05:42:33.372+0000] {logging_mixin.py:190} INFO - [2024-12-20T05:42:33.372+0000] {dag.py:4180} INFO - Setting next_dagrun for dataset_with_extra_from_classic_operator to 2024-12-19 00:00:00+00:00, run_after=2024-12-20 00:00:00+00:00
[2024-12-20T05:42:33.399+0000] {processor.py:208} INFO - Processing /home/airflow/.local/lib/python3.12/site-packages/airflow/example_dags/example_outlet_event_extra.py took 1.042 seconds
[2024-12-20T05:43:05.512+0000] {processor.py:186} INFO - Started process (PID=14250) to work on /home/airflow/.local/lib/python3.12/site-packages/airflow/example_dags/example_outlet_event_extra.py
[2024-12-20T05:43:05.520+0000] {processor.py:914} INFO - Processing file /home/airflow/.local/lib/python3.12/site-packages/airflow/example_dags/example_outlet_event_extra.py for tasks to queue
[2024-12-20T05:43:05.550+0000] {logging_mixin.py:190} INFO - [2024-12-20T05:43:05.545+0000] {dagbag.py:588} INFO - Filling up the DagBag from /home/airflow/.local/lib/python3.12/site-packages/airflow/example_dags/example_outlet_event_extra.py
[2024-12-20T05:43:07.796+0000] {processor.py:925} INFO - DAG(s) 'dataset_with_extra_from_classic_operator', 'dataset_with_extra_by_yield', 'dataset_with_extra_by_context' retrieved from /home/airflow/.local/lib/python3.12/site-packages/airflow/example_dags/example_outlet_event_extra.py
[2024-12-20T05:43:07.952+0000] {logging_mixin.py:190} INFO - [2024-12-20T05:43:07.951+0000] {dag.py:3239} INFO - Sync 3 DAGs
[2024-12-20T05:43:08.162+0000] {logging_mixin.py:190} INFO - [2024-12-20T05:43:08.161+0000] {dag.py:4180} INFO - Setting next_dagrun for dataset_with_extra_by_context to 2024-12-19 00:00:00+00:00, run_after=2024-12-20 00:00:00+00:00
[2024-12-20T05:43:08.213+0000] {logging_mixin.py:190} INFO - [2024-12-20T05:43:08.212+0000] {dag.py:4180} INFO - Setting next_dagrun for dataset_with_extra_by_yield to 2024-12-19 00:00:00+00:00, run_after=2024-12-20 00:00:00+00:00
[2024-12-20T05:43:08.247+0000] {logging_mixin.py:190} INFO - [2024-12-20T05:43:08.246+0000] {dag.py:4180} INFO - Setting next_dagrun for dataset_with_extra_from_classic_operator to 2024-12-19 00:00:00+00:00, run_after=2024-12-20 00:00:00+00:00
[2024-12-20T05:43:08.408+0000] {processor.py:208} INFO - Processing /home/airflow/.local/lib/python3.12/site-packages/airflow/example_dags/example_outlet_event_extra.py took 2.943 seconds
[2024-12-20T05:43:38.635+0000] {processor.py:186} INFO - Started process (PID=14319) to work on /home/airflow/.local/lib/python3.12/site-packages/airflow/example_dags/example_outlet_event_extra.py
[2024-12-20T05:43:38.643+0000] {processor.py:914} INFO - Processing file /home/airflow/.local/lib/python3.12/site-packages/airflow/example_dags/example_outlet_event_extra.py for tasks to queue
[2024-12-20T05:43:38.662+0000] {logging_mixin.py:190} INFO - [2024-12-20T05:43:38.659+0000] {dagbag.py:588} INFO - Filling up the DagBag from /home/airflow/.local/lib/python3.12/site-packages/airflow/example_dags/example_outlet_event_extra.py
[2024-12-20T05:43:39.743+0000] {processor.py:925} INFO - DAG(s) 'dataset_with_extra_from_classic_operator', 'dataset_with_extra_by_context', 'dataset_with_extra_by_yield' retrieved from /home/airflow/.local/lib/python3.12/site-packages/airflow/example_dags/example_outlet_event_extra.py
[2024-12-20T05:43:39.788+0000] {logging_mixin.py:190} INFO - [2024-12-20T05:43:39.788+0000] {dag.py:3239} INFO - Sync 3 DAGs
[2024-12-20T05:43:39.841+0000] {logging_mixin.py:190} INFO - [2024-12-20T05:43:39.841+0000] {dag.py:4180} INFO - Setting next_dagrun for dataset_with_extra_by_context to 2024-12-19 00:00:00+00:00, run_after=2024-12-20 00:00:00+00:00
[2024-12-20T05:43:39.853+0000] {logging_mixin.py:190} INFO - [2024-12-20T05:43:39.852+0000] {dag.py:4180} INFO - Setting next_dagrun for dataset_with_extra_by_yield to 2024-12-19 00:00:00+00:00, run_after=2024-12-20 00:00:00+00:00
[2024-12-20T05:43:39.859+0000] {logging_mixin.py:190} INFO - [2024-12-20T05:43:39.859+0000] {dag.py:4180} INFO - Setting next_dagrun for dataset_with_extra_from_classic_operator to 2024-12-19 00:00:00+00:00, run_after=2024-12-20 00:00:00+00:00
[2024-12-20T05:43:39.942+0000] {processor.py:208} INFO - Processing /home/airflow/.local/lib/python3.12/site-packages/airflow/example_dags/example_outlet_event_extra.py took 1.336 seconds
[2024-12-20T05:44:10.306+0000] {processor.py:186} INFO - Started process (PID=14386) to work on /home/airflow/.local/lib/python3.12/site-packages/airflow/example_dags/example_outlet_event_extra.py
[2024-12-20T05:44:10.309+0000] {processor.py:914} INFO - Processing file /home/airflow/.local/lib/python3.12/site-packages/airflow/example_dags/example_outlet_event_extra.py for tasks to queue
[2024-12-20T05:44:10.315+0000] {logging_mixin.py:190} INFO - [2024-12-20T05:44:10.314+0000] {dagbag.py:588} INFO - Filling up the DagBag from /home/airflow/.local/lib/python3.12/site-packages/airflow/example_dags/example_outlet_event_extra.py
[2024-12-20T05:44:11.792+0000] {processor.py:925} INFO - DAG(s) 'dataset_with_extra_from_classic_operator', 'dataset_with_extra_by_yield', 'dataset_with_extra_by_context' retrieved from /home/airflow/.local/lib/python3.12/site-packages/airflow/example_dags/example_outlet_event_extra.py
[2024-12-20T05:44:11.854+0000] {logging_mixin.py:190} INFO - [2024-12-20T05:44:11.853+0000] {dag.py:3239} INFO - Sync 3 DAGs
[2024-12-20T05:44:11.920+0000] {logging_mixin.py:190} INFO - [2024-12-20T05:44:11.920+0000] {dag.py:4180} INFO - Setting next_dagrun for dataset_with_extra_by_context to 2024-12-19 00:00:00+00:00, run_after=2024-12-20 00:00:00+00:00
[2024-12-20T05:44:11.933+0000] {logging_mixin.py:190} INFO - [2024-12-20T05:44:11.932+0000] {dag.py:4180} INFO - Setting next_dagrun for dataset_with_extra_by_yield to 2024-12-19 00:00:00+00:00, run_after=2024-12-20 00:00:00+00:00
[2024-12-20T05:44:11.942+0000] {logging_mixin.py:190} INFO - [2024-12-20T05:44:11.942+0000] {dag.py:4180} INFO - Setting next_dagrun for dataset_with_extra_from_classic_operator to 2024-12-19 00:00:00+00:00, run_after=2024-12-20 00:00:00+00:00
[2024-12-20T05:44:11.993+0000] {processor.py:208} INFO - Processing /home/airflow/.local/lib/python3.12/site-packages/airflow/example_dags/example_outlet_event_extra.py took 1.703 seconds
[2024-12-20T05:44:42.323+0000] {processor.py:186} INFO - Started process (PID=14451) to work on /home/airflow/.local/lib/python3.12/site-packages/airflow/example_dags/example_outlet_event_extra.py
[2024-12-20T05:44:42.327+0000] {processor.py:914} INFO - Processing file /home/airflow/.local/lib/python3.12/site-packages/airflow/example_dags/example_outlet_event_extra.py for tasks to queue
[2024-12-20T05:44:42.335+0000] {logging_mixin.py:190} INFO - [2024-12-20T05:44:42.334+0000] {dagbag.py:588} INFO - Filling up the DagBag from /home/airflow/.local/lib/python3.12/site-packages/airflow/example_dags/example_outlet_event_extra.py
[2024-12-20T05:44:43.598+0000] {processor.py:925} INFO - DAG(s) 'dataset_with_extra_by_context', 'dataset_with_extra_from_classic_operator', 'dataset_with_extra_by_yield' retrieved from /home/airflow/.local/lib/python3.12/site-packages/airflow/example_dags/example_outlet_event_extra.py
[2024-12-20T05:44:43.646+0000] {logging_mixin.py:190} INFO - [2024-12-20T05:44:43.646+0000] {dag.py:3239} INFO - Sync 3 DAGs
[2024-12-20T05:44:43.707+0000] {logging_mixin.py:190} INFO - [2024-12-20T05:44:43.707+0000] {dag.py:4180} INFO - Setting next_dagrun for dataset_with_extra_by_context to 2024-12-19 00:00:00+00:00, run_after=2024-12-20 00:00:00+00:00
[2024-12-20T05:44:43.718+0000] {logging_mixin.py:190} INFO - [2024-12-20T05:44:43.717+0000] {dag.py:4180} INFO - Setting next_dagrun for dataset_with_extra_by_yield to 2024-12-19 00:00:00+00:00, run_after=2024-12-20 00:00:00+00:00
[2024-12-20T05:44:43.724+0000] {logging_mixin.py:190} INFO - [2024-12-20T05:44:43.724+0000] {dag.py:4180} INFO - Setting next_dagrun for dataset_with_extra_from_classic_operator to 2024-12-19 00:00:00+00:00, run_after=2024-12-20 00:00:00+00:00
[2024-12-20T05:44:43.774+0000] {processor.py:208} INFO - Processing /home/airflow/.local/lib/python3.12/site-packages/airflow/example_dags/example_outlet_event_extra.py took 1.478 seconds
[2024-12-20T05:45:14.467+0000] {processor.py:186} INFO - Started process (PID=14518) to work on /home/airflow/.local/lib/python3.12/site-packages/airflow/example_dags/example_outlet_event_extra.py
[2024-12-20T05:45:14.470+0000] {processor.py:914} INFO - Processing file /home/airflow/.local/lib/python3.12/site-packages/airflow/example_dags/example_outlet_event_extra.py for tasks to queue
[2024-12-20T05:45:14.479+0000] {logging_mixin.py:190} INFO - [2024-12-20T05:45:14.478+0000] {dagbag.py:588} INFO - Filling up the DagBag from /home/airflow/.local/lib/python3.12/site-packages/airflow/example_dags/example_outlet_event_extra.py
[2024-12-20T05:45:15.672+0000] {processor.py:925} INFO - DAG(s) 'dataset_with_extra_from_classic_operator', 'dataset_with_extra_by_context', 'dataset_with_extra_by_yield' retrieved from /home/airflow/.local/lib/python3.12/site-packages/airflow/example_dags/example_outlet_event_extra.py
[2024-12-20T05:45:15.723+0000] {logging_mixin.py:190} INFO - [2024-12-20T05:45:15.722+0000] {dag.py:3239} INFO - Sync 3 DAGs
[2024-12-20T05:45:15.785+0000] {logging_mixin.py:190} INFO - [2024-12-20T05:45:15.784+0000] {dag.py:4180} INFO - Setting next_dagrun for dataset_with_extra_by_context to 2024-12-19 00:00:00+00:00, run_after=2024-12-20 00:00:00+00:00
[2024-12-20T05:45:15.796+0000] {logging_mixin.py:190} INFO - [2024-12-20T05:45:15.795+0000] {dag.py:4180} INFO - Setting next_dagrun for dataset_with_extra_by_yield to 2024-12-19 00:00:00+00:00, run_after=2024-12-20 00:00:00+00:00
[2024-12-20T05:45:15.803+0000] {logging_mixin.py:190} INFO - [2024-12-20T05:45:15.803+0000] {dag.py:4180} INFO - Setting next_dagrun for dataset_with_extra_from_classic_operator to 2024-12-19 00:00:00+00:00, run_after=2024-12-20 00:00:00+00:00
[2024-12-20T05:45:15.847+0000] {processor.py:208} INFO - Processing /home/airflow/.local/lib/python3.12/site-packages/airflow/example_dags/example_outlet_event_extra.py took 1.402 seconds
[2024-12-20T05:45:46.598+0000] {processor.py:186} INFO - Started process (PID=14584) to work on /home/airflow/.local/lib/python3.12/site-packages/airflow/example_dags/example_outlet_event_extra.py
[2024-12-20T05:45:46.602+0000] {processor.py:914} INFO - Processing file /home/airflow/.local/lib/python3.12/site-packages/airflow/example_dags/example_outlet_event_extra.py for tasks to queue
[2024-12-20T05:45:46.614+0000] {logging_mixin.py:190} INFO - [2024-12-20T05:45:46.613+0000] {dagbag.py:588} INFO - Filling up the DagBag from /home/airflow/.local/lib/python3.12/site-packages/airflow/example_dags/example_outlet_event_extra.py
[2024-12-20T05:45:47.483+0000] {processor.py:925} INFO - DAG(s) 'dataset_with_extra_by_context', 'dataset_with_extra_by_yield', 'dataset_with_extra_from_classic_operator' retrieved from /home/airflow/.local/lib/python3.12/site-packages/airflow/example_dags/example_outlet_event_extra.py
[2024-12-20T05:45:47.539+0000] {logging_mixin.py:190} INFO - [2024-12-20T05:45:47.539+0000] {dag.py:3239} INFO - Sync 3 DAGs
[2024-12-20T05:45:47.604+0000] {logging_mixin.py:190} INFO - [2024-12-20T05:45:47.603+0000] {dag.py:4180} INFO - Setting next_dagrun for dataset_with_extra_by_context to 2024-12-19 00:00:00+00:00, run_after=2024-12-20 00:00:00+00:00
[2024-12-20T05:45:47.616+0000] {logging_mixin.py:190} INFO - [2024-12-20T05:45:47.616+0000] {dag.py:4180} INFO - Setting next_dagrun for dataset_with_extra_by_yield to 2024-12-19 00:00:00+00:00, run_after=2024-12-20 00:00:00+00:00
[2024-12-20T05:45:47.624+0000] {logging_mixin.py:190} INFO - [2024-12-20T05:45:47.623+0000] {dag.py:4180} INFO - Setting next_dagrun for dataset_with_extra_from_classic_operator to 2024-12-19 00:00:00+00:00, run_after=2024-12-20 00:00:00+00:00
[2024-12-20T05:45:47.711+0000] {processor.py:208} INFO - Processing /home/airflow/.local/lib/python3.12/site-packages/airflow/example_dags/example_outlet_event_extra.py took 1.146 seconds
[2024-12-20T05:46:18.181+0000] {processor.py:186} INFO - Started process (PID=14654) to work on /home/airflow/.local/lib/python3.12/site-packages/airflow/example_dags/example_outlet_event_extra.py
[2024-12-20T05:46:18.187+0000] {processor.py:914} INFO - Processing file /home/airflow/.local/lib/python3.12/site-packages/airflow/example_dags/example_outlet_event_extra.py for tasks to queue
[2024-12-20T05:46:18.196+0000] {logging_mixin.py:190} INFO - [2024-12-20T05:46:18.194+0000] {dagbag.py:588} INFO - Filling up the DagBag from /home/airflow/.local/lib/python3.12/site-packages/airflow/example_dags/example_outlet_event_extra.py
[2024-12-20T05:46:19.656+0000] {processor.py:925} INFO - DAG(s) 'dataset_with_extra_by_context', 'dataset_with_extra_from_classic_operator', 'dataset_with_extra_by_yield' retrieved from /home/airflow/.local/lib/python3.12/site-packages/airflow/example_dags/example_outlet_event_extra.py
[2024-12-20T05:46:19.704+0000] {logging_mixin.py:190} INFO - [2024-12-20T05:46:19.703+0000] {dag.py:3239} INFO - Sync 3 DAGs
[2024-12-20T05:46:19.754+0000] {logging_mixin.py:190} INFO - [2024-12-20T05:46:19.754+0000] {dag.py:4180} INFO - Setting next_dagrun for dataset_with_extra_by_context to 2024-12-19 00:00:00+00:00, run_after=2024-12-20 00:00:00+00:00
[2024-12-20T05:46:19.765+0000] {logging_mixin.py:190} INFO - [2024-12-20T05:46:19.764+0000] {dag.py:4180} INFO - Setting next_dagrun for dataset_with_extra_by_yield to 2024-12-19 00:00:00+00:00, run_after=2024-12-20 00:00:00+00:00
[2024-12-20T05:46:19.772+0000] {logging_mixin.py:190} INFO - [2024-12-20T05:46:19.772+0000] {dag.py:4180} INFO - Setting next_dagrun for dataset_with_extra_from_classic_operator to 2024-12-19 00:00:00+00:00, run_after=2024-12-20 00:00:00+00:00
[2024-12-20T05:46:19.817+0000] {processor.py:208} INFO - Processing /home/airflow/.local/lib/python3.12/site-packages/airflow/example_dags/example_outlet_event_extra.py took 1.676 seconds
[2024-12-20T05:46:50.007+0000] {processor.py:186} INFO - Started process (PID=14722) to work on /home/airflow/.local/lib/python3.12/site-packages/airflow/example_dags/example_outlet_event_extra.py
[2024-12-20T05:46:50.009+0000] {processor.py:914} INFO - Processing file /home/airflow/.local/lib/python3.12/site-packages/airflow/example_dags/example_outlet_event_extra.py for tasks to queue
[2024-12-20T05:46:50.012+0000] {logging_mixin.py:190} INFO - [2024-12-20T05:46:50.012+0000] {dagbag.py:588} INFO - Filling up the DagBag from /home/airflow/.local/lib/python3.12/site-packages/airflow/example_dags/example_outlet_event_extra.py
[2024-12-20T05:46:51.073+0000] {processor.py:925} INFO - DAG(s) 'dataset_with_extra_by_yield', 'dataset_with_extra_by_context', 'dataset_with_extra_from_classic_operator' retrieved from /home/airflow/.local/lib/python3.12/site-packages/airflow/example_dags/example_outlet_event_extra.py
[2024-12-20T05:46:51.139+0000] {logging_mixin.py:190} INFO - [2024-12-20T05:46:51.139+0000] {dag.py:3239} INFO - Sync 3 DAGs
[2024-12-20T05:46:51.194+0000] {logging_mixin.py:190} INFO - [2024-12-20T05:46:51.193+0000] {dag.py:4180} INFO - Setting next_dagrun for dataset_with_extra_by_context to 2024-12-19 00:00:00+00:00, run_after=2024-12-20 00:00:00+00:00
[2024-12-20T05:46:51.204+0000] {logging_mixin.py:190} INFO - [2024-12-20T05:46:51.204+0000] {dag.py:4180} INFO - Setting next_dagrun for dataset_with_extra_by_yield to 2024-12-19 00:00:00+00:00, run_after=2024-12-20 00:00:00+00:00
[2024-12-20T05:46:51.211+0000] {logging_mixin.py:190} INFO - [2024-12-20T05:46:51.211+0000] {dag.py:4180} INFO - Setting next_dagrun for dataset_with_extra_from_classic_operator to 2024-12-19 00:00:00+00:00, run_after=2024-12-20 00:00:00+00:00
[2024-12-20T05:46:51.269+0000] {processor.py:208} INFO - Processing /home/airflow/.local/lib/python3.12/site-packages/airflow/example_dags/example_outlet_event_extra.py took 1.271 seconds
[2024-12-20T05:47:21.760+0000] {processor.py:186} INFO - Started process (PID=14790) to work on /home/airflow/.local/lib/python3.12/site-packages/airflow/example_dags/example_outlet_event_extra.py
[2024-12-20T05:47:21.762+0000] {processor.py:914} INFO - Processing file /home/airflow/.local/lib/python3.12/site-packages/airflow/example_dags/example_outlet_event_extra.py for tasks to queue
[2024-12-20T05:47:21.771+0000] {logging_mixin.py:190} INFO - [2024-12-20T05:47:21.769+0000] {dagbag.py:588} INFO - Filling up the DagBag from /home/airflow/.local/lib/python3.12/site-packages/airflow/example_dags/example_outlet_event_extra.py
[2024-12-20T05:47:23.011+0000] {processor.py:925} INFO - DAG(s) 'dataset_with_extra_by_context', 'dataset_with_extra_from_classic_operator', 'dataset_with_extra_by_yield' retrieved from /home/airflow/.local/lib/python3.12/site-packages/airflow/example_dags/example_outlet_event_extra.py
[2024-12-20T05:47:23.063+0000] {logging_mixin.py:190} INFO - [2024-12-20T05:47:23.062+0000] {dag.py:3239} INFO - Sync 3 DAGs
[2024-12-20T05:47:23.129+0000] {logging_mixin.py:190} INFO - [2024-12-20T05:47:23.128+0000] {dag.py:4180} INFO - Setting next_dagrun for dataset_with_extra_by_context to 2024-12-19 00:00:00+00:00, run_after=2024-12-20 00:00:00+00:00
[2024-12-20T05:47:23.143+0000] {logging_mixin.py:190} INFO - [2024-12-20T05:47:23.142+0000] {dag.py:4180} INFO - Setting next_dagrun for dataset_with_extra_by_yield to 2024-12-19 00:00:00+00:00, run_after=2024-12-20 00:00:00+00:00
[2024-12-20T05:47:23.150+0000] {logging_mixin.py:190} INFO - [2024-12-20T05:47:23.149+0000] {dag.py:4180} INFO - Setting next_dagrun for dataset_with_extra_from_classic_operator to 2024-12-19 00:00:00+00:00, run_after=2024-12-20 00:00:00+00:00
[2024-12-20T05:47:23.235+0000] {processor.py:208} INFO - Processing /home/airflow/.local/lib/python3.12/site-packages/airflow/example_dags/example_outlet_event_extra.py took 1.492 seconds
[2024-12-20T05:48:11.989+0000] {processor.py:186} INFO - Started process (PID=14881) to work on /home/airflow/.local/lib/python3.12/site-packages/airflow/example_dags/example_outlet_event_extra.py
[2024-12-20T05:48:12.004+0000] {processor.py:914} INFO - Processing file /home/airflow/.local/lib/python3.12/site-packages/airflow/example_dags/example_outlet_event_extra.py for tasks to queue
[2024-12-20T05:48:12.035+0000] {logging_mixin.py:190} INFO - [2024-12-20T05:48:12.033+0000] {dagbag.py:588} INFO - Filling up the DagBag from /home/airflow/.local/lib/python3.12/site-packages/airflow/example_dags/example_outlet_event_extra.py
[2024-12-20T05:48:18.612+0000] {processor.py:925} INFO - DAG(s) 'dataset_with_extra_by_context', 'dataset_with_extra_from_classic_operator', 'dataset_with_extra_by_yield' retrieved from /home/airflow/.local/lib/python3.12/site-packages/airflow/example_dags/example_outlet_event_extra.py
[2024-12-20T05:48:18.846+0000] {logging_mixin.py:190} INFO - [2024-12-20T05:48:18.845+0000] {dag.py:3239} INFO - Sync 3 DAGs
[2024-12-20T05:48:19.231+0000] {logging_mixin.py:190} INFO - [2024-12-20T05:48:19.223+0000] {dag.py:4180} INFO - Setting next_dagrun for dataset_with_extra_by_context to 2024-12-19 00:00:00+00:00, run_after=2024-12-20 00:00:00+00:00
[2024-12-20T05:48:19.317+0000] {logging_mixin.py:190} INFO - [2024-12-20T05:48:19.314+0000] {dag.py:4180} INFO - Setting next_dagrun for dataset_with_extra_by_yield to 2024-12-19 00:00:00+00:00, run_after=2024-12-20 00:00:00+00:00
[2024-12-20T05:48:19.363+0000] {logging_mixin.py:190} INFO - [2024-12-20T05:48:19.362+0000] {dag.py:4180} INFO - Setting next_dagrun for dataset_with_extra_from_classic_operator to 2024-12-19 00:00:00+00:00, run_after=2024-12-20 00:00:00+00:00
[2024-12-20T05:48:19.603+0000] {processor.py:208} INFO - Processing /home/airflow/.local/lib/python3.12/site-packages/airflow/example_dags/example_outlet_event_extra.py took 7.686 seconds
[2024-12-20T09:18:18.285+0000] {processor.py:186} INFO - Started process (PID=59) to work on /home/airflow/.local/lib/python3.12/site-packages/airflow/example_dags/example_outlet_event_extra.py
[2024-12-20T09:18:18.289+0000] {processor.py:914} INFO - Processing file /home/airflow/.local/lib/python3.12/site-packages/airflow/example_dags/example_outlet_event_extra.py for tasks to queue
[2024-12-20T09:18:18.298+0000] {logging_mixin.py:190} INFO - [2024-12-20T09:18:18.297+0000] {dagbag.py:588} INFO - Filling up the DagBag from /home/airflow/.local/lib/python3.12/site-packages/airflow/example_dags/example_outlet_event_extra.py
[2024-12-20T09:18:28.052+0000] {processor.py:925} INFO - DAG(s) 'dataset_with_extra_by_context', 'dataset_with_extra_from_classic_operator', 'dataset_with_extra_by_yield' retrieved from /home/airflow/.local/lib/python3.12/site-packages/airflow/example_dags/example_outlet_event_extra.py
[2024-12-20T09:18:28.186+0000] {logging_mixin.py:190} INFO - [2024-12-20T09:18:28.185+0000] {dag.py:3239} INFO - Sync 3 DAGs
[2024-12-20T09:18:28.313+0000] {logging_mixin.py:190} INFO - [2024-12-20T09:18:28.313+0000] {dag.py:4180} INFO - Setting next_dagrun for dataset_with_extra_by_context to 2024-12-19 00:00:00+00:00, run_after=2024-12-20 00:00:00+00:00
[2024-12-20T09:18:28.337+0000] {logging_mixin.py:190} INFO - [2024-12-20T09:18:28.336+0000] {dag.py:4180} INFO - Setting next_dagrun for dataset_with_extra_by_yield to 2024-12-19 00:00:00+00:00, run_after=2024-12-20 00:00:00+00:00
[2024-12-20T09:18:28.353+0000] {logging_mixin.py:190} INFO - [2024-12-20T09:18:28.352+0000] {dag.py:4180} INFO - Setting next_dagrun for dataset_with_extra_from_classic_operator to 2024-12-19 00:00:00+00:00, run_after=2024-12-20 00:00:00+00:00
[2024-12-20T09:18:28.453+0000] {processor.py:208} INFO - Processing /home/airflow/.local/lib/python3.12/site-packages/airflow/example_dags/example_outlet_event_extra.py took 10.193 seconds
[2024-12-20T09:19:06.455+0000] {processor.py:186} INFO - Started process (PID=130) to work on /home/airflow/.local/lib/python3.12/site-packages/airflow/example_dags/example_outlet_event_extra.py
[2024-12-20T09:19:06.459+0000] {processor.py:914} INFO - Processing file /home/airflow/.local/lib/python3.12/site-packages/airflow/example_dags/example_outlet_event_extra.py for tasks to queue
[2024-12-20T09:19:06.470+0000] {logging_mixin.py:190} INFO - [2024-12-20T09:19:06.468+0000] {dagbag.py:588} INFO - Filling up the DagBag from /home/airflow/.local/lib/python3.12/site-packages/airflow/example_dags/example_outlet_event_extra.py
[2024-12-20T09:19:10.570+0000] {processor.py:925} INFO - DAG(s) 'dataset_with_extra_by_yield', 'dataset_with_extra_by_context', 'dataset_with_extra_from_classic_operator' retrieved from /home/airflow/.local/lib/python3.12/site-packages/airflow/example_dags/example_outlet_event_extra.py
[2024-12-20T09:19:10.747+0000] {logging_mixin.py:190} INFO - [2024-12-20T09:19:10.746+0000] {dag.py:3239} INFO - Sync 3 DAGs
[2024-12-20T09:19:10.943+0000] {logging_mixin.py:190} INFO - [2024-12-20T09:19:10.942+0000] {dag.py:4180} INFO - Setting next_dagrun for dataset_with_extra_by_context to 2024-12-19 00:00:00+00:00, run_after=2024-12-20 00:00:00+00:00
[2024-12-20T09:19:10.970+0000] {logging_mixin.py:190} INFO - [2024-12-20T09:19:10.969+0000] {dag.py:4180} INFO - Setting next_dagrun for dataset_with_extra_by_yield to 2024-12-19 00:00:00+00:00, run_after=2024-12-20 00:00:00+00:00
[2024-12-20T09:19:10.996+0000] {logging_mixin.py:190} INFO - [2024-12-20T09:19:10.994+0000] {dag.py:4180} INFO - Setting next_dagrun for dataset_with_extra_from_classic_operator to 2024-12-19 00:00:00+00:00, run_after=2024-12-20 00:00:00+00:00
[2024-12-20T09:19:11.175+0000] {processor.py:208} INFO - Processing /home/airflow/.local/lib/python3.12/site-packages/airflow/example_dags/example_outlet_event_extra.py took 4.747 seconds
[2024-12-20T09:19:42.188+0000] {processor.py:186} INFO - Started process (PID=195) to work on /home/airflow/.local/lib/python3.12/site-packages/airflow/example_dags/example_outlet_event_extra.py
[2024-12-20T09:19:42.224+0000] {processor.py:914} INFO - Processing file /home/airflow/.local/lib/python3.12/site-packages/airflow/example_dags/example_outlet_event_extra.py for tasks to queue
[2024-12-20T09:19:42.231+0000] {logging_mixin.py:190} INFO - [2024-12-20T09:19:42.230+0000] {dagbag.py:588} INFO - Filling up the DagBag from /home/airflow/.local/lib/python3.12/site-packages/airflow/example_dags/example_outlet_event_extra.py
[2024-12-20T09:19:48.659+0000] {processor.py:925} INFO - DAG(s) 'dataset_with_extra_by_yield', 'dataset_with_extra_by_context', 'dataset_with_extra_from_classic_operator' retrieved from /home/airflow/.local/lib/python3.12/site-packages/airflow/example_dags/example_outlet_event_extra.py
[2024-12-20T09:19:48.842+0000] {logging_mixin.py:190} INFO - [2024-12-20T09:19:48.841+0000] {dag.py:3239} INFO - Sync 3 DAGs
[2024-12-20T09:19:49.004+0000] {logging_mixin.py:190} INFO - [2024-12-20T09:19:48.998+0000] {dag.py:4180} INFO - Setting next_dagrun for dataset_with_extra_by_context to 2024-12-19 00:00:00+00:00, run_after=2024-12-20 00:00:00+00:00
[2024-12-20T09:19:49.042+0000] {logging_mixin.py:190} INFO - [2024-12-20T09:19:49.041+0000] {dag.py:4180} INFO - Setting next_dagrun for dataset_with_extra_by_yield to 2024-12-19 00:00:00+00:00, run_after=2024-12-20 00:00:00+00:00
[2024-12-20T09:19:49.056+0000] {logging_mixin.py:190} INFO - [2024-12-20T09:19:49.055+0000] {dag.py:4180} INFO - Setting next_dagrun for dataset_with_extra_from_classic_operator to 2024-12-19 00:00:00+00:00, run_after=2024-12-20 00:00:00+00:00
[2024-12-20T09:19:49.163+0000] {processor.py:208} INFO - Processing /home/airflow/.local/lib/python3.12/site-packages/airflow/example_dags/example_outlet_event_extra.py took 7.102 seconds
[2024-12-20T09:20:24.742+0000] {processor.py:186} INFO - Started process (PID=267) to work on /home/airflow/.local/lib/python3.12/site-packages/airflow/example_dags/example_outlet_event_extra.py
[2024-12-20T09:20:24.777+0000] {processor.py:914} INFO - Processing file /home/airflow/.local/lib/python3.12/site-packages/airflow/example_dags/example_outlet_event_extra.py for tasks to queue
[2024-12-20T09:20:24.791+0000] {logging_mixin.py:190} INFO - [2024-12-20T09:20:24.788+0000] {dagbag.py:588} INFO - Filling up the DagBag from /home/airflow/.local/lib/python3.12/site-packages/airflow/example_dags/example_outlet_event_extra.py
[2024-12-20T09:20:32.586+0000] {processor.py:925} INFO - DAG(s) 'dataset_with_extra_by_context', 'dataset_with_extra_by_yield', 'dataset_with_extra_from_classic_operator' retrieved from /home/airflow/.local/lib/python3.12/site-packages/airflow/example_dags/example_outlet_event_extra.py
[2024-12-20T09:20:32.681+0000] {logging_mixin.py:190} INFO - [2024-12-20T09:20:32.679+0000] {dag.py:3239} INFO - Sync 3 DAGs
[2024-12-20T09:20:32.834+0000] {logging_mixin.py:190} INFO - [2024-12-20T09:20:32.833+0000] {dag.py:4180} INFO - Setting next_dagrun for dataset_with_extra_by_context to 2024-12-19 00:00:00+00:00, run_after=2024-12-20 00:00:00+00:00
[2024-12-20T09:20:32.856+0000] {logging_mixin.py:190} INFO - [2024-12-20T09:20:32.855+0000] {dag.py:4180} INFO - Setting next_dagrun for dataset_with_extra_by_yield to 2024-12-19 00:00:00+00:00, run_after=2024-12-20 00:00:00+00:00
[2024-12-20T09:20:32.876+0000] {logging_mixin.py:190} INFO - [2024-12-20T09:20:32.875+0000] {dag.py:4180} INFO - Setting next_dagrun for dataset_with_extra_from_classic_operator to 2024-12-19 00:00:00+00:00, run_after=2024-12-20 00:00:00+00:00
[2024-12-20T09:20:33.007+0000] {processor.py:208} INFO - Processing /home/airflow/.local/lib/python3.12/site-packages/airflow/example_dags/example_outlet_event_extra.py took 8.322 seconds
[2024-12-20T09:21:11.281+0000] {processor.py:186} INFO - Started process (PID=338) to work on /home/airflow/.local/lib/python3.12/site-packages/airflow/example_dags/example_outlet_event_extra.py
[2024-12-20T09:21:11.305+0000] {processor.py:914} INFO - Processing file /home/airflow/.local/lib/python3.12/site-packages/airflow/example_dags/example_outlet_event_extra.py for tasks to queue
[2024-12-20T09:21:11.313+0000] {logging_mixin.py:190} INFO - [2024-12-20T09:21:11.312+0000] {dagbag.py:588} INFO - Filling up the DagBag from /home/airflow/.local/lib/python3.12/site-packages/airflow/example_dags/example_outlet_event_extra.py
[2024-12-20T09:21:20.021+0000] {processor.py:925} INFO - DAG(s) 'dataset_with_extra_by_yield', 'dataset_with_extra_from_classic_operator', 'dataset_with_extra_by_context' retrieved from /home/airflow/.local/lib/python3.12/site-packages/airflow/example_dags/example_outlet_event_extra.py
[2024-12-20T09:21:20.241+0000] {logging_mixin.py:190} INFO - [2024-12-20T09:21:20.239+0000] {dag.py:3239} INFO - Sync 3 DAGs
[2024-12-20T09:21:20.454+0000] {logging_mixin.py:190} INFO - [2024-12-20T09:21:20.453+0000] {dag.py:4180} INFO - Setting next_dagrun for dataset_with_extra_by_context to 2024-12-19 00:00:00+00:00, run_after=2024-12-20 00:00:00+00:00
[2024-12-20T09:21:20.494+0000] {logging_mixin.py:190} INFO - [2024-12-20T09:21:20.493+0000] {dag.py:4180} INFO - Setting next_dagrun for dataset_with_extra_by_yield to 2024-12-19 00:00:00+00:00, run_after=2024-12-20 00:00:00+00:00
[2024-12-20T09:21:20.513+0000] {logging_mixin.py:190} INFO - [2024-12-20T09:21:20.512+0000] {dag.py:4180} INFO - Setting next_dagrun for dataset_with_extra_from_classic_operator to 2024-12-19 00:00:00+00:00, run_after=2024-12-20 00:00:00+00:00
[2024-12-20T09:21:20.630+0000] {processor.py:208} INFO - Processing /home/airflow/.local/lib/python3.12/site-packages/airflow/example_dags/example_outlet_event_extra.py took 9.396 seconds
[2024-12-20T09:21:57.517+0000] {processor.py:186} INFO - Started process (PID=417) to work on /home/airflow/.local/lib/python3.12/site-packages/airflow/example_dags/example_outlet_event_extra.py
[2024-12-20T09:21:57.536+0000] {processor.py:914} INFO - Processing file /home/airflow/.local/lib/python3.12/site-packages/airflow/example_dags/example_outlet_event_extra.py for tasks to queue
[2024-12-20T09:21:57.569+0000] {logging_mixin.py:190} INFO - [2024-12-20T09:21:57.568+0000] {dagbag.py:588} INFO - Filling up the DagBag from /home/airflow/.local/lib/python3.12/site-packages/airflow/example_dags/example_outlet_event_extra.py
[2024-12-20T09:22:12.188+0000] {processor.py:925} INFO - DAG(s) 'dataset_with_extra_by_context', 'dataset_with_extra_from_classic_operator', 'dataset_with_extra_by_yield' retrieved from /home/airflow/.local/lib/python3.12/site-packages/airflow/example_dags/example_outlet_event_extra.py
[2024-12-20T09:22:12.513+0000] {logging_mixin.py:190} INFO - [2024-12-20T09:22:12.512+0000] {dag.py:3239} INFO - Sync 3 DAGs
[2024-12-20T09:22:12.829+0000] {logging_mixin.py:190} INFO - [2024-12-20T09:22:12.828+0000] {dag.py:4180} INFO - Setting next_dagrun for dataset_with_extra_by_context to 2024-12-19 00:00:00+00:00, run_after=2024-12-20 00:00:00+00:00
[2024-12-20T09:22:13.211+0000] {logging_mixin.py:190} INFO - [2024-12-20T09:22:13.210+0000] {dag.py:4180} INFO - Setting next_dagrun for dataset_with_extra_by_yield to 2024-12-19 00:00:00+00:00, run_after=2024-12-20 00:00:00+00:00
[2024-12-20T09:22:13.339+0000] {logging_mixin.py:190} INFO - [2024-12-20T09:22:13.338+0000] {dag.py:4180} INFO - Setting next_dagrun for dataset_with_extra_from_classic_operator to 2024-12-19 00:00:00+00:00, run_after=2024-12-20 00:00:00+00:00
[2024-12-20T09:22:13.748+0000] {processor.py:208} INFO - Processing /home/airflow/.local/lib/python3.12/site-packages/airflow/example_dags/example_outlet_event_extra.py took 16.378 seconds
[2024-12-20T09:23:05.341+0000] {processor.py:186} INFO - Started process (PID=501) to work on /home/airflow/.local/lib/python3.12/site-packages/airflow/example_dags/example_outlet_event_extra.py
[2024-12-20T09:23:05.357+0000] {processor.py:914} INFO - Processing file /home/airflow/.local/lib/python3.12/site-packages/airflow/example_dags/example_outlet_event_extra.py for tasks to queue
[2024-12-20T09:23:05.374+0000] {logging_mixin.py:190} INFO - [2024-12-20T09:23:05.372+0000] {dagbag.py:588} INFO - Filling up the DagBag from /home/airflow/.local/lib/python3.12/site-packages/airflow/example_dags/example_outlet_event_extra.py
[2024-12-20T09:23:09.748+0000] {processor.py:925} INFO - DAG(s) 'dataset_with_extra_by_yield', 'dataset_with_extra_by_context', 'dataset_with_extra_from_classic_operator' retrieved from /home/airflow/.local/lib/python3.12/site-packages/airflow/example_dags/example_outlet_event_extra.py
[2024-12-20T09:23:09.892+0000] {logging_mixin.py:190} INFO - [2024-12-20T09:23:09.891+0000] {dag.py:3239} INFO - Sync 3 DAGs
[2024-12-20T09:23:10.107+0000] {logging_mixin.py:190} INFO - [2024-12-20T09:23:10.106+0000] {dag.py:4180} INFO - Setting next_dagrun for dataset_with_extra_by_context to 2024-12-19 00:00:00+00:00, run_after=2024-12-20 00:00:00+00:00
[2024-12-20T09:23:10.155+0000] {logging_mixin.py:190} INFO - [2024-12-20T09:23:10.153+0000] {dag.py:4180} INFO - Setting next_dagrun for dataset_with_extra_by_yield to 2024-12-19 00:00:00+00:00, run_after=2024-12-20 00:00:00+00:00
[2024-12-20T09:23:10.183+0000] {logging_mixin.py:190} INFO - [2024-12-20T09:23:10.182+0000] {dag.py:4180} INFO - Setting next_dagrun for dataset_with_extra_from_classic_operator to 2024-12-19 00:00:00+00:00, run_after=2024-12-20 00:00:00+00:00
[2024-12-20T09:23:10.385+0000] {processor.py:208} INFO - Processing /home/airflow/.local/lib/python3.12/site-packages/airflow/example_dags/example_outlet_event_extra.py took 5.151 seconds
[2024-12-20T09:23:40.665+0000] {processor.py:186} INFO - Started process (PID=568) to work on /home/airflow/.local/lib/python3.12/site-packages/airflow/example_dags/example_outlet_event_extra.py
[2024-12-20T09:23:40.668+0000] {processor.py:914} INFO - Processing file /home/airflow/.local/lib/python3.12/site-packages/airflow/example_dags/example_outlet_event_extra.py for tasks to queue
[2024-12-20T09:23:40.671+0000] {logging_mixin.py:190} INFO - [2024-12-20T09:23:40.670+0000] {dagbag.py:588} INFO - Filling up the DagBag from /home/airflow/.local/lib/python3.12/site-packages/airflow/example_dags/example_outlet_event_extra.py
[2024-12-20T09:23:42.704+0000] {processor.py:925} INFO - DAG(s) 'dataset_with_extra_from_classic_operator', 'dataset_with_extra_by_yield', 'dataset_with_extra_by_context' retrieved from /home/airflow/.local/lib/python3.12/site-packages/airflow/example_dags/example_outlet_event_extra.py
[2024-12-20T09:23:42.838+0000] {logging_mixin.py:190} INFO - [2024-12-20T09:23:42.837+0000] {dag.py:3239} INFO - Sync 3 DAGs
[2024-12-20T09:23:42.947+0000] {logging_mixin.py:190} INFO - [2024-12-20T09:23:42.946+0000] {dag.py:4180} INFO - Setting next_dagrun for dataset_with_extra_by_context to 2024-12-19 00:00:00+00:00, run_after=2024-12-20 00:00:00+00:00
[2024-12-20T09:23:42.964+0000] {logging_mixin.py:190} INFO - [2024-12-20T09:23:42.964+0000] {dag.py:4180} INFO - Setting next_dagrun for dataset_with_extra_by_yield to 2024-12-19 00:00:00+00:00, run_after=2024-12-20 00:00:00+00:00
[2024-12-20T09:23:42.979+0000] {logging_mixin.py:190} INFO - [2024-12-20T09:23:42.978+0000] {dag.py:4180} INFO - Setting next_dagrun for dataset_with_extra_from_classic_operator to 2024-12-19 00:00:00+00:00, run_after=2024-12-20 00:00:00+00:00
[2024-12-20T09:23:43.059+0000] {processor.py:208} INFO - Processing /home/airflow/.local/lib/python3.12/site-packages/airflow/example_dags/example_outlet_event_extra.py took 2.409 seconds
[2024-12-20T09:24:13.308+0000] {processor.py:186} INFO - Started process (PID=634) to work on /home/airflow/.local/lib/python3.12/site-packages/airflow/example_dags/example_outlet_event_extra.py
[2024-12-20T09:24:13.309+0000] {processor.py:914} INFO - Processing file /home/airflow/.local/lib/python3.12/site-packages/airflow/example_dags/example_outlet_event_extra.py for tasks to queue
[2024-12-20T09:24:13.312+0000] {logging_mixin.py:190} INFO - [2024-12-20T09:24:13.312+0000] {dagbag.py:588} INFO - Filling up the DagBag from /home/airflow/.local/lib/python3.12/site-packages/airflow/example_dags/example_outlet_event_extra.py
[2024-12-20T09:24:14.452+0000] {processor.py:925} INFO - DAG(s) 'dataset_with_extra_from_classic_operator', 'dataset_with_extra_by_yield', 'dataset_with_extra_by_context' retrieved from /home/airflow/.local/lib/python3.12/site-packages/airflow/example_dags/example_outlet_event_extra.py
[2024-12-20T09:24:14.497+0000] {logging_mixin.py:190} INFO - [2024-12-20T09:24:14.497+0000] {dag.py:3239} INFO - Sync 3 DAGs
[2024-12-20T09:24:14.546+0000] {logging_mixin.py:190} INFO - [2024-12-20T09:24:14.545+0000] {dag.py:4180} INFO - Setting next_dagrun for dataset_with_extra_by_context to 2024-12-19 00:00:00+00:00, run_after=2024-12-20 00:00:00+00:00
[2024-12-20T09:24:14.555+0000] {logging_mixin.py:190} INFO - [2024-12-20T09:24:14.555+0000] {dag.py:4180} INFO - Setting next_dagrun for dataset_with_extra_by_yield to 2024-12-19 00:00:00+00:00, run_after=2024-12-20 00:00:00+00:00
[2024-12-20T09:24:14.561+0000] {logging_mixin.py:190} INFO - [2024-12-20T09:24:14.560+0000] {dag.py:4180} INFO - Setting next_dagrun for dataset_with_extra_from_classic_operator to 2024-12-19 00:00:00+00:00, run_after=2024-12-20 00:00:00+00:00
[2024-12-20T09:24:14.600+0000] {processor.py:208} INFO - Processing /home/airflow/.local/lib/python3.12/site-packages/airflow/example_dags/example_outlet_event_extra.py took 1.302 seconds
[2024-12-20T09:24:45.002+0000] {processor.py:186} INFO - Started process (PID=699) to work on /home/airflow/.local/lib/python3.12/site-packages/airflow/example_dags/example_outlet_event_extra.py
[2024-12-20T09:24:45.004+0000] {processor.py:914} INFO - Processing file /home/airflow/.local/lib/python3.12/site-packages/airflow/example_dags/example_outlet_event_extra.py for tasks to queue
[2024-12-20T09:24:45.007+0000] {logging_mixin.py:190} INFO - [2024-12-20T09:24:45.006+0000] {dagbag.py:588} INFO - Filling up the DagBag from /home/airflow/.local/lib/python3.12/site-packages/airflow/example_dags/example_outlet_event_extra.py
[2024-12-20T09:24:46.528+0000] {processor.py:925} INFO - DAG(s) 'dataset_with_extra_from_classic_operator', 'dataset_with_extra_by_yield', 'dataset_with_extra_by_context' retrieved from /home/airflow/.local/lib/python3.12/site-packages/airflow/example_dags/example_outlet_event_extra.py
[2024-12-20T09:24:46.577+0000] {logging_mixin.py:190} INFO - [2024-12-20T09:24:46.576+0000] {dag.py:3239} INFO - Sync 3 DAGs
[2024-12-20T09:24:46.638+0000] {logging_mixin.py:190} INFO - [2024-12-20T09:24:46.638+0000] {dag.py:4180} INFO - Setting next_dagrun for dataset_with_extra_by_context to 2024-12-19 00:00:00+00:00, run_after=2024-12-20 00:00:00+00:00
[2024-12-20T09:24:46.650+0000] {logging_mixin.py:190} INFO - [2024-12-20T09:24:46.650+0000] {dag.py:4180} INFO - Setting next_dagrun for dataset_with_extra_by_yield to 2024-12-19 00:00:00+00:00, run_after=2024-12-20 00:00:00+00:00
[2024-12-20T09:24:46.656+0000] {logging_mixin.py:190} INFO - [2024-12-20T09:24:46.655+0000] {dag.py:4180} INFO - Setting next_dagrun for dataset_with_extra_from_classic_operator to 2024-12-19 00:00:00+00:00, run_after=2024-12-20 00:00:00+00:00
[2024-12-20T09:24:46.703+0000] {processor.py:208} INFO - Processing /home/airflow/.local/lib/python3.12/site-packages/airflow/example_dags/example_outlet_event_extra.py took 1.714 seconds
[2024-12-20T09:25:16.798+0000] {processor.py:186} INFO - Started process (PID=766) to work on /home/airflow/.local/lib/python3.12/site-packages/airflow/example_dags/example_outlet_event_extra.py
[2024-12-20T09:25:16.799+0000] {processor.py:914} INFO - Processing file /home/airflow/.local/lib/python3.12/site-packages/airflow/example_dags/example_outlet_event_extra.py for tasks to queue
[2024-12-20T09:25:16.801+0000] {logging_mixin.py:190} INFO - [2024-12-20T09:25:16.800+0000] {dagbag.py:588} INFO - Filling up the DagBag from /home/airflow/.local/lib/python3.12/site-packages/airflow/example_dags/example_outlet_event_extra.py
[2024-12-20T09:25:17.679+0000] {processor.py:925} INFO - DAG(s) 'dataset_with_extra_by_yield', 'dataset_with_extra_by_context', 'dataset_with_extra_from_classic_operator' retrieved from /home/airflow/.local/lib/python3.12/site-packages/airflow/example_dags/example_outlet_event_extra.py
[2024-12-20T09:25:17.712+0000] {logging_mixin.py:190} INFO - [2024-12-20T09:25:17.712+0000] {dag.py:3239} INFO - Sync 3 DAGs
[2024-12-20T09:25:17.743+0000] {logging_mixin.py:190} INFO - [2024-12-20T09:25:17.743+0000] {dag.py:4180} INFO - Setting next_dagrun for dataset_with_extra_by_context to 2024-12-19 00:00:00+00:00, run_after=2024-12-20 00:00:00+00:00
[2024-12-20T09:25:17.749+0000] {logging_mixin.py:190} INFO - [2024-12-20T09:25:17.749+0000] {dag.py:4180} INFO - Setting next_dagrun for dataset_with_extra_by_yield to 2024-12-19 00:00:00+00:00, run_after=2024-12-20 00:00:00+00:00
[2024-12-20T09:25:17.753+0000] {logging_mixin.py:190} INFO - [2024-12-20T09:25:17.753+0000] {dag.py:4180} INFO - Setting next_dagrun for dataset_with_extra_from_classic_operator to 2024-12-19 00:00:00+00:00, run_after=2024-12-20 00:00:00+00:00
[2024-12-20T09:25:17.777+0000] {processor.py:208} INFO - Processing /home/airflow/.local/lib/python3.12/site-packages/airflow/example_dags/example_outlet_event_extra.py took 0.986 seconds
