[2024-12-20T05:28:26.586+0000] {processor.py:186} INFO - Started process (PID=12484) to work on /home/airflow/.local/lib/python3.12/site-packages/airflow/example_dags/example_dataset_alias.py
[2024-12-20T05:28:26.609+0000] {processor.py:914} INFO - Processing file /home/airflow/.local/lib/python3.12/site-packages/airflow/example_dags/example_dataset_alias.py for tasks to queue
[2024-12-20T05:28:26.642+0000] {logging_mixin.py:190} INFO - [2024-12-20T05:28:26.641+0000] {dagbag.py:588} INFO - Filling up the DagBag from /home/airflow/.local/lib/python3.12/site-packages/airflow/example_dags/example_dataset_alias.py
[2024-12-20T05:28:32.116+0000] {processor.py:925} INFO - DAG(s) 'dataset_s3_bucket_consumer', 'dataset_alias_example_alias_producer', 'dataset_s3_bucket_producer', 'dataset_alias_example_alias_consumer' retrieved from /home/airflow/.local/lib/python3.12/site-packages/airflow/example_dags/example_dataset_alias.py
[2024-12-20T05:28:32.352+0000] {logging_mixin.py:190} INFO - [2024-12-20T05:28:32.348+0000] {dag.py:3239} INFO - Sync 4 DAGs
[2024-12-20T05:28:32.832+0000] {logging_mixin.py:190} INFO - [2024-12-20T05:28:32.818+0000] {dag.py:4180} INFO - Setting next_dagrun for dataset_alias_example_alias_consumer to None, run_after=None
[2024-12-20T05:28:32.875+0000] {logging_mixin.py:190} INFO - [2024-12-20T05:28:32.870+0000] {dag.py:4180} INFO - Setting next_dagrun for dataset_alias_example_alias_producer to None, run_after=None
[2024-12-20T05:28:32.903+0000] {logging_mixin.py:190} INFO - [2024-12-20T05:28:32.902+0000] {dag.py:4180} INFO - Setting next_dagrun for dataset_s3_bucket_consumer to None, run_after=None
[2024-12-20T05:28:32.912+0000] {logging_mixin.py:190} INFO - [2024-12-20T05:28:32.911+0000] {dag.py:4180} INFO - Setting next_dagrun for dataset_s3_bucket_producer to None, run_after=None
[2024-12-20T05:28:33.058+0000] {processor.py:208} INFO - Processing /home/airflow/.local/lib/python3.12/site-packages/airflow/example_dags/example_dataset_alias.py took 6.555 seconds
[2024-12-20T05:29:16.094+0000] {processor.py:186} INFO - Started process (PID=12554) to work on /home/airflow/.local/lib/python3.12/site-packages/airflow/example_dags/example_dataset_alias.py
[2024-12-20T05:29:16.099+0000] {processor.py:914} INFO - Processing file /home/airflow/.local/lib/python3.12/site-packages/airflow/example_dags/example_dataset_alias.py for tasks to queue
[2024-12-20T05:29:16.108+0000] {logging_mixin.py:190} INFO - [2024-12-20T05:29:16.107+0000] {dagbag.py:588} INFO - Filling up the DagBag from /home/airflow/.local/lib/python3.12/site-packages/airflow/example_dags/example_dataset_alias.py
[2024-12-20T05:29:18.230+0000] {processor.py:925} INFO - DAG(s) 'dataset_alias_example_alias_producer', 'dataset_s3_bucket_consumer', 'dataset_alias_example_alias_consumer', 'dataset_s3_bucket_producer' retrieved from /home/airflow/.local/lib/python3.12/site-packages/airflow/example_dags/example_dataset_alias.py
[2024-12-20T05:29:18.847+0000] {logging_mixin.py:190} INFO - [2024-12-20T05:29:18.845+0000] {dag.py:3239} INFO - Sync 4 DAGs
[2024-12-20T05:29:18.991+0000] {logging_mixin.py:190} INFO - [2024-12-20T05:29:18.990+0000] {dag.py:4180} INFO - Setting next_dagrun for dataset_alias_example_alias_consumer to None, run_after=None
[2024-12-20T05:29:19.008+0000] {logging_mixin.py:190} INFO - [2024-12-20T05:29:19.007+0000] {dag.py:4180} INFO - Setting next_dagrun for dataset_alias_example_alias_producer to None, run_after=None
[2024-12-20T05:29:19.015+0000] {logging_mixin.py:190} INFO - [2024-12-20T05:29:19.014+0000] {dag.py:4180} INFO - Setting next_dagrun for dataset_s3_bucket_consumer to None, run_after=None
[2024-12-20T05:29:19.021+0000] {logging_mixin.py:190} INFO - [2024-12-20T05:29:19.021+0000] {dag.py:4180} INFO - Setting next_dagrun for dataset_s3_bucket_producer to None, run_after=None
[2024-12-20T05:29:19.106+0000] {processor.py:208} INFO - Processing /home/airflow/.local/lib/python3.12/site-packages/airflow/example_dags/example_dataset_alias.py took 3.043 seconds
[2024-12-20T05:29:49.288+0000] {processor.py:186} INFO - Started process (PID=12623) to work on /home/airflow/.local/lib/python3.12/site-packages/airflow/example_dags/example_dataset_alias.py
[2024-12-20T05:29:49.291+0000] {processor.py:914} INFO - Processing file /home/airflow/.local/lib/python3.12/site-packages/airflow/example_dags/example_dataset_alias.py for tasks to queue
[2024-12-20T05:29:49.299+0000] {logging_mixin.py:190} INFO - [2024-12-20T05:29:49.297+0000] {dagbag.py:588} INFO - Filling up the DagBag from /home/airflow/.local/lib/python3.12/site-packages/airflow/example_dags/example_dataset_alias.py
[2024-12-20T05:29:50.412+0000] {processor.py:925} INFO - DAG(s) 'dataset_s3_bucket_producer', 'dataset_alias_example_alias_producer', 'dataset_s3_bucket_consumer', 'dataset_alias_example_alias_consumer' retrieved from /home/airflow/.local/lib/python3.12/site-packages/airflow/example_dags/example_dataset_alias.py
[2024-12-20T05:29:50.539+0000] {logging_mixin.py:190} INFO - [2024-12-20T05:29:50.537+0000] {dag.py:3239} INFO - Sync 4 DAGs
[2024-12-20T05:29:51.379+0000] {logging_mixin.py:190} INFO - [2024-12-20T05:29:51.378+0000] {dag.py:4180} INFO - Setting next_dagrun for dataset_alias_example_alias_consumer to None, run_after=None
[2024-12-20T05:29:51.388+0000] {logging_mixin.py:190} INFO - [2024-12-20T05:29:51.387+0000] {dag.py:4180} INFO - Setting next_dagrun for dataset_alias_example_alias_producer to None, run_after=None
[2024-12-20T05:29:51.394+0000] {logging_mixin.py:190} INFO - [2024-12-20T05:29:51.393+0000] {dag.py:4180} INFO - Setting next_dagrun for dataset_s3_bucket_consumer to None, run_after=None
[2024-12-20T05:29:51.399+0000] {logging_mixin.py:190} INFO - [2024-12-20T05:29:51.398+0000] {dag.py:4180} INFO - Setting next_dagrun for dataset_s3_bucket_producer to None, run_after=None
[2024-12-20T05:29:51.464+0000] {processor.py:208} INFO - Processing /home/airflow/.local/lib/python3.12/site-packages/airflow/example_dags/example_dataset_alias.py took 2.189 seconds
[2024-12-20T05:30:22.388+0000] {processor.py:186} INFO - Started process (PID=12694) to work on /home/airflow/.local/lib/python3.12/site-packages/airflow/example_dags/example_dataset_alias.py
[2024-12-20T05:30:22.391+0000] {processor.py:914} INFO - Processing file /home/airflow/.local/lib/python3.12/site-packages/airflow/example_dags/example_dataset_alias.py for tasks to queue
[2024-12-20T05:30:22.402+0000] {logging_mixin.py:190} INFO - [2024-12-20T05:30:22.401+0000] {dagbag.py:588} INFO - Filling up the DagBag from /home/airflow/.local/lib/python3.12/site-packages/airflow/example_dags/example_dataset_alias.py
[2024-12-20T05:30:23.560+0000] {processor.py:925} INFO - DAG(s) 'dataset_alias_example_alias_consumer', 'dataset_s3_bucket_consumer', 'dataset_alias_example_alias_producer', 'dataset_s3_bucket_producer' retrieved from /home/airflow/.local/lib/python3.12/site-packages/airflow/example_dags/example_dataset_alias.py
[2024-12-20T05:30:23.611+0000] {logging_mixin.py:190} INFO - [2024-12-20T05:30:23.610+0000] {dag.py:3239} INFO - Sync 4 DAGs
[2024-12-20T05:30:23.934+0000] {logging_mixin.py:190} INFO - [2024-12-20T05:30:23.933+0000] {dag.py:4180} INFO - Setting next_dagrun for dataset_alias_example_alias_consumer to None, run_after=None
[2024-12-20T05:30:23.939+0000] {logging_mixin.py:190} INFO - [2024-12-20T05:30:23.939+0000] {dag.py:4180} INFO - Setting next_dagrun for dataset_alias_example_alias_producer to None, run_after=None
[2024-12-20T05:30:23.942+0000] {logging_mixin.py:190} INFO - [2024-12-20T05:30:23.942+0000] {dag.py:4180} INFO - Setting next_dagrun for dataset_s3_bucket_consumer to None, run_after=None
[2024-12-20T05:30:23.946+0000] {logging_mixin.py:190} INFO - [2024-12-20T05:30:23.945+0000] {dag.py:4180} INFO - Setting next_dagrun for dataset_s3_bucket_producer to None, run_after=None
[2024-12-20T05:30:24.019+0000] {processor.py:208} INFO - Processing /home/airflow/.local/lib/python3.12/site-packages/airflow/example_dags/example_dataset_alias.py took 1.653 seconds
[2024-12-20T05:30:54.971+0000] {processor.py:186} INFO - Started process (PID=12762) to work on /home/airflow/.local/lib/python3.12/site-packages/airflow/example_dags/example_dataset_alias.py
[2024-12-20T05:30:54.973+0000] {processor.py:914} INFO - Processing file /home/airflow/.local/lib/python3.12/site-packages/airflow/example_dags/example_dataset_alias.py for tasks to queue
[2024-12-20T05:30:54.981+0000] {logging_mixin.py:190} INFO - [2024-12-20T05:30:54.980+0000] {dagbag.py:588} INFO - Filling up the DagBag from /home/airflow/.local/lib/python3.12/site-packages/airflow/example_dags/example_dataset_alias.py
[2024-12-20T05:30:56.399+0000] {processor.py:925} INFO - DAG(s) 'dataset_s3_bucket_consumer', 'dataset_alias_example_alias_consumer', 'dataset_s3_bucket_producer', 'dataset_alias_example_alias_producer' retrieved from /home/airflow/.local/lib/python3.12/site-packages/airflow/example_dags/example_dataset_alias.py
[2024-12-20T05:30:56.444+0000] {logging_mixin.py:190} INFO - [2024-12-20T05:30:56.443+0000] {dag.py:3239} INFO - Sync 4 DAGs
[2024-12-20T05:30:56.501+0000] {logging_mixin.py:190} INFO - [2024-12-20T05:30:56.500+0000] {dag.py:4180} INFO - Setting next_dagrun for dataset_alias_example_alias_consumer to None, run_after=None
[2024-12-20T05:30:56.509+0000] {logging_mixin.py:190} INFO - [2024-12-20T05:30:56.509+0000] {dag.py:4180} INFO - Setting next_dagrun for dataset_alias_example_alias_producer to None, run_after=None
[2024-12-20T05:30:56.514+0000] {logging_mixin.py:190} INFO - [2024-12-20T05:30:56.513+0000] {dag.py:4180} INFO - Setting next_dagrun for dataset_s3_bucket_consumer to None, run_after=None
[2024-12-20T05:30:56.518+0000] {logging_mixin.py:190} INFO - [2024-12-20T05:30:56.517+0000] {dag.py:4180} INFO - Setting next_dagrun for dataset_s3_bucket_producer to None, run_after=None
[2024-12-20T05:30:56.568+0000] {processor.py:208} INFO - Processing /home/airflow/.local/lib/python3.12/site-packages/airflow/example_dags/example_dataset_alias.py took 1.621 seconds
[2024-12-20T05:31:26.724+0000] {processor.py:186} INFO - Started process (PID=12829) to work on /home/airflow/.local/lib/python3.12/site-packages/airflow/example_dags/example_dataset_alias.py
[2024-12-20T05:31:26.730+0000] {processor.py:914} INFO - Processing file /home/airflow/.local/lib/python3.12/site-packages/airflow/example_dags/example_dataset_alias.py for tasks to queue
[2024-12-20T05:31:26.741+0000] {logging_mixin.py:190} INFO - [2024-12-20T05:31:26.739+0000] {dagbag.py:588} INFO - Filling up the DagBag from /home/airflow/.local/lib/python3.12/site-packages/airflow/example_dags/example_dataset_alias.py
[2024-12-20T05:31:30.151+0000] {processor.py:925} INFO - DAG(s) 'dataset_s3_bucket_consumer', 'dataset_s3_bucket_producer', 'dataset_alias_example_alias_producer', 'dataset_alias_example_alias_consumer' retrieved from /home/airflow/.local/lib/python3.12/site-packages/airflow/example_dags/example_dataset_alias.py
[2024-12-20T05:31:30.245+0000] {logging_mixin.py:190} INFO - [2024-12-20T05:31:30.242+0000] {dag.py:3239} INFO - Sync 4 DAGs
[2024-12-20T05:31:30.374+0000] {logging_mixin.py:190} INFO - [2024-12-20T05:31:30.373+0000] {dag.py:4180} INFO - Setting next_dagrun for dataset_alias_example_alias_consumer to None, run_after=None
[2024-12-20T05:31:30.392+0000] {logging_mixin.py:190} INFO - [2024-12-20T05:31:30.391+0000] {dag.py:4180} INFO - Setting next_dagrun for dataset_alias_example_alias_producer to None, run_after=None
[2024-12-20T05:31:30.404+0000] {logging_mixin.py:190} INFO - [2024-12-20T05:31:30.403+0000] {dag.py:4180} INFO - Setting next_dagrun for dataset_s3_bucket_consumer to None, run_after=None
[2024-12-20T05:31:30.414+0000] {logging_mixin.py:190} INFO - [2024-12-20T05:31:30.412+0000] {dag.py:4180} INFO - Setting next_dagrun for dataset_s3_bucket_producer to None, run_after=None
[2024-12-20T05:31:30.531+0000] {processor.py:208} INFO - Processing /home/airflow/.local/lib/python3.12/site-packages/airflow/example_dags/example_dataset_alias.py took 3.834 seconds
[2024-12-20T05:32:01.312+0000] {processor.py:186} INFO - Started process (PID=12905) to work on /home/airflow/.local/lib/python3.12/site-packages/airflow/example_dags/example_dataset_alias.py
[2024-12-20T05:32:01.314+0000] {processor.py:914} INFO - Processing file /home/airflow/.local/lib/python3.12/site-packages/airflow/example_dags/example_dataset_alias.py for tasks to queue
[2024-12-20T05:32:01.322+0000] {logging_mixin.py:190} INFO - [2024-12-20T05:32:01.321+0000] {dagbag.py:588} INFO - Filling up the DagBag from /home/airflow/.local/lib/python3.12/site-packages/airflow/example_dags/example_dataset_alias.py
[2024-12-20T05:32:02.487+0000] {processor.py:925} INFO - DAG(s) 'dataset_s3_bucket_producer', 'dataset_alias_example_alias_producer', 'dataset_s3_bucket_consumer', 'dataset_alias_example_alias_consumer' retrieved from /home/airflow/.local/lib/python3.12/site-packages/airflow/example_dags/example_dataset_alias.py
[2024-12-20T05:32:02.987+0000] {logging_mixin.py:190} INFO - [2024-12-20T05:32:02.985+0000] {dag.py:3239} INFO - Sync 4 DAGs
[2024-12-20T05:32:03.042+0000] {logging_mixin.py:190} INFO - [2024-12-20T05:32:03.042+0000] {dag.py:4180} INFO - Setting next_dagrun for dataset_alias_example_alias_consumer to None, run_after=None
[2024-12-20T05:32:03.051+0000] {logging_mixin.py:190} INFO - [2024-12-20T05:32:03.050+0000] {dag.py:4180} INFO - Setting next_dagrun for dataset_alias_example_alias_producer to None, run_after=None
[2024-12-20T05:32:03.055+0000] {logging_mixin.py:190} INFO - [2024-12-20T05:32:03.054+0000] {dag.py:4180} INFO - Setting next_dagrun for dataset_s3_bucket_consumer to None, run_after=None
[2024-12-20T05:32:03.059+0000] {logging_mixin.py:190} INFO - [2024-12-20T05:32:03.059+0000] {dag.py:4180} INFO - Setting next_dagrun for dataset_s3_bucket_producer to None, run_after=None
[2024-12-20T05:32:03.156+0000] {processor.py:208} INFO - Processing /home/airflow/.local/lib/python3.12/site-packages/airflow/example_dags/example_dataset_alias.py took 1.857 seconds
[2024-12-20T05:32:33.616+0000] {processor.py:186} INFO - Started process (PID=12975) to work on /home/airflow/.local/lib/python3.12/site-packages/airflow/example_dags/example_dataset_alias.py
[2024-12-20T05:32:33.619+0000] {processor.py:914} INFO - Processing file /home/airflow/.local/lib/python3.12/site-packages/airflow/example_dags/example_dataset_alias.py for tasks to queue
[2024-12-20T05:32:33.626+0000] {logging_mixin.py:190} INFO - [2024-12-20T05:32:33.625+0000] {dagbag.py:588} INFO - Filling up the DagBag from /home/airflow/.local/lib/python3.12/site-packages/airflow/example_dags/example_dataset_alias.py
[2024-12-20T05:32:36.020+0000] {processor.py:925} INFO - DAG(s) 'dataset_s3_bucket_producer', 'dataset_s3_bucket_consumer', 'dataset_alias_example_alias_consumer', 'dataset_alias_example_alias_producer' retrieved from /home/airflow/.local/lib/python3.12/site-packages/airflow/example_dags/example_dataset_alias.py
[2024-12-20T05:32:36.098+0000] {logging_mixin.py:190} INFO - [2024-12-20T05:32:36.095+0000] {dag.py:3239} INFO - Sync 4 DAGs
[2024-12-20T05:32:36.785+0000] {logging_mixin.py:190} INFO - [2024-12-20T05:32:36.784+0000] {dag.py:4180} INFO - Setting next_dagrun for dataset_alias_example_alias_consumer to None, run_after=None
[2024-12-20T05:32:36.797+0000] {logging_mixin.py:190} INFO - [2024-12-20T05:32:36.797+0000] {dag.py:4180} INFO - Setting next_dagrun for dataset_alias_example_alias_producer to None, run_after=None
[2024-12-20T05:32:36.806+0000] {logging_mixin.py:190} INFO - [2024-12-20T05:32:36.805+0000] {dag.py:4180} INFO - Setting next_dagrun for dataset_s3_bucket_consumer to None, run_after=None
[2024-12-20T05:32:36.812+0000] {logging_mixin.py:190} INFO - [2024-12-20T05:32:36.811+0000] {dag.py:4180} INFO - Setting next_dagrun for dataset_s3_bucket_producer to None, run_after=None
[2024-12-20T05:32:36.939+0000] {processor.py:208} INFO - Processing /home/airflow/.local/lib/python3.12/site-packages/airflow/example_dags/example_dataset_alias.py took 3.343 seconds
[2024-12-20T05:33:08.520+0000] {processor.py:186} INFO - Started process (PID=13046) to work on /home/airflow/.local/lib/python3.12/site-packages/airflow/example_dags/example_dataset_alias.py
[2024-12-20T05:33:08.524+0000] {processor.py:914} INFO - Processing file /home/airflow/.local/lib/python3.12/site-packages/airflow/example_dags/example_dataset_alias.py for tasks to queue
[2024-12-20T05:33:08.540+0000] {logging_mixin.py:190} INFO - [2024-12-20T05:33:08.539+0000] {dagbag.py:588} INFO - Filling up the DagBag from /home/airflow/.local/lib/python3.12/site-packages/airflow/example_dags/example_dataset_alias.py
[2024-12-20T05:33:11.139+0000] {processor.py:925} INFO - DAG(s) 'dataset_alias_example_alias_consumer', 'dataset_s3_bucket_consumer', 'dataset_alias_example_alias_producer', 'dataset_s3_bucket_producer' retrieved from /home/airflow/.local/lib/python3.12/site-packages/airflow/example_dags/example_dataset_alias.py
[2024-12-20T05:33:11.255+0000] {logging_mixin.py:190} INFO - [2024-12-20T05:33:11.251+0000] {dag.py:3239} INFO - Sync 4 DAGs
[2024-12-20T05:33:11.390+0000] {logging_mixin.py:190} INFO - [2024-12-20T05:33:11.389+0000] {dag.py:4180} INFO - Setting next_dagrun for dataset_alias_example_alias_consumer to None, run_after=None
[2024-12-20T05:33:11.402+0000] {logging_mixin.py:190} INFO - [2024-12-20T05:33:11.401+0000] {dag.py:4180} INFO - Setting next_dagrun for dataset_alias_example_alias_producer to None, run_after=None
[2024-12-20T05:33:11.414+0000] {logging_mixin.py:190} INFO - [2024-12-20T05:33:11.413+0000] {dag.py:4180} INFO - Setting next_dagrun for dataset_s3_bucket_consumer to None, run_after=None
[2024-12-20T05:33:11.422+0000] {logging_mixin.py:190} INFO - [2024-12-20T05:33:11.421+0000] {dag.py:4180} INFO - Setting next_dagrun for dataset_s3_bucket_producer to None, run_after=None
[2024-12-20T05:33:11.567+0000] {processor.py:208} INFO - Processing /home/airflow/.local/lib/python3.12/site-packages/airflow/example_dags/example_dataset_alias.py took 3.091 seconds
[2024-12-20T05:33:41.738+0000] {processor.py:186} INFO - Started process (PID=13117) to work on /home/airflow/.local/lib/python3.12/site-packages/airflow/example_dags/example_dataset_alias.py
[2024-12-20T05:33:41.741+0000] {processor.py:914} INFO - Processing file /home/airflow/.local/lib/python3.12/site-packages/airflow/example_dags/example_dataset_alias.py for tasks to queue
[2024-12-20T05:33:41.748+0000] {logging_mixin.py:190} INFO - [2024-12-20T05:33:41.747+0000] {dagbag.py:588} INFO - Filling up the DagBag from /home/airflow/.local/lib/python3.12/site-packages/airflow/example_dags/example_dataset_alias.py
[2024-12-20T05:33:42.744+0000] {processor.py:925} INFO - DAG(s) 'dataset_alias_example_alias_producer', 'dataset_alias_example_alias_consumer', 'dataset_s3_bucket_producer', 'dataset_s3_bucket_consumer' retrieved from /home/airflow/.local/lib/python3.12/site-packages/airflow/example_dags/example_dataset_alias.py
[2024-12-20T05:33:42.810+0000] {logging_mixin.py:190} INFO - [2024-12-20T05:33:42.809+0000] {dag.py:3239} INFO - Sync 4 DAGs
[2024-12-20T05:33:42.863+0000] {logging_mixin.py:190} INFO - [2024-12-20T05:33:42.863+0000] {dag.py:4180} INFO - Setting next_dagrun for dataset_alias_example_alias_consumer to None, run_after=None
[2024-12-20T05:33:42.869+0000] {logging_mixin.py:190} INFO - [2024-12-20T05:33:42.869+0000] {dag.py:4180} INFO - Setting next_dagrun for dataset_alias_example_alias_producer to None, run_after=None
[2024-12-20T05:33:42.872+0000] {logging_mixin.py:190} INFO - [2024-12-20T05:33:42.872+0000] {dag.py:4180} INFO - Setting next_dagrun for dataset_s3_bucket_consumer to None, run_after=None
[2024-12-20T05:33:42.875+0000] {logging_mixin.py:190} INFO - [2024-12-20T05:33:42.875+0000] {dag.py:4180} INFO - Setting next_dagrun for dataset_s3_bucket_producer to None, run_after=None
[2024-12-20T05:33:42.912+0000] {processor.py:208} INFO - Processing /home/airflow/.local/lib/python3.12/site-packages/airflow/example_dags/example_dataset_alias.py took 1.189 seconds
[2024-12-20T05:34:17.729+0000] {processor.py:186} INFO - Started process (PID=13183) to work on /home/airflow/.local/lib/python3.12/site-packages/airflow/example_dags/example_dataset_alias.py
[2024-12-20T05:34:17.732+0000] {processor.py:914} INFO - Processing file /home/airflow/.local/lib/python3.12/site-packages/airflow/example_dags/example_dataset_alias.py for tasks to queue
[2024-12-20T05:34:17.738+0000] {logging_mixin.py:190} INFO - [2024-12-20T05:34:17.737+0000] {dagbag.py:588} INFO - Filling up the DagBag from /home/airflow/.local/lib/python3.12/site-packages/airflow/example_dags/example_dataset_alias.py
[2024-12-20T05:34:18.925+0000] {processor.py:925} INFO - DAG(s) 'dataset_s3_bucket_producer', 'dataset_alias_example_alias_consumer', 'dataset_s3_bucket_consumer', 'dataset_alias_example_alias_producer' retrieved from /home/airflow/.local/lib/python3.12/site-packages/airflow/example_dags/example_dataset_alias.py
[2024-12-20T05:34:18.979+0000] {logging_mixin.py:190} INFO - [2024-12-20T05:34:18.978+0000] {dag.py:3239} INFO - Sync 4 DAGs
[2024-12-20T05:34:19.054+0000] {logging_mixin.py:190} INFO - [2024-12-20T05:34:19.054+0000] {dag.py:4180} INFO - Setting next_dagrun for dataset_alias_example_alias_consumer to None, run_after=None
[2024-12-20T05:34:19.063+0000] {logging_mixin.py:190} INFO - [2024-12-20T05:34:19.063+0000] {dag.py:4180} INFO - Setting next_dagrun for dataset_alias_example_alias_producer to None, run_after=None
[2024-12-20T05:34:19.071+0000] {logging_mixin.py:190} INFO - [2024-12-20T05:34:19.069+0000] {dag.py:4180} INFO - Setting next_dagrun for dataset_s3_bucket_consumer to None, run_after=None
[2024-12-20T05:34:19.076+0000] {logging_mixin.py:190} INFO - [2024-12-20T05:34:19.076+0000] {dag.py:4180} INFO - Setting next_dagrun for dataset_s3_bucket_producer to None, run_after=None
[2024-12-20T05:34:19.198+0000] {processor.py:208} INFO - Processing /home/airflow/.local/lib/python3.12/site-packages/airflow/example_dags/example_dataset_alias.py took 1.488 seconds
[2024-12-20T05:34:49.575+0000] {processor.py:186} INFO - Started process (PID=13251) to work on /home/airflow/.local/lib/python3.12/site-packages/airflow/example_dags/example_dataset_alias.py
[2024-12-20T05:34:49.577+0000] {processor.py:914} INFO - Processing file /home/airflow/.local/lib/python3.12/site-packages/airflow/example_dags/example_dataset_alias.py for tasks to queue
[2024-12-20T05:34:49.585+0000] {logging_mixin.py:190} INFO - [2024-12-20T05:34:49.584+0000] {dagbag.py:588} INFO - Filling up the DagBag from /home/airflow/.local/lib/python3.12/site-packages/airflow/example_dags/example_dataset_alias.py
[2024-12-20T05:34:51.220+0000] {processor.py:925} INFO - DAG(s) 'dataset_alias_example_alias_producer', 'dataset_alias_example_alias_consumer', 'dataset_s3_bucket_producer', 'dataset_s3_bucket_consumer' retrieved from /home/airflow/.local/lib/python3.12/site-packages/airflow/example_dags/example_dataset_alias.py
[2024-12-20T05:34:51.280+0000] {logging_mixin.py:190} INFO - [2024-12-20T05:34:51.278+0000] {dag.py:3239} INFO - Sync 4 DAGs
[2024-12-20T05:34:51.338+0000] {logging_mixin.py:190} INFO - [2024-12-20T05:34:51.338+0000] {dag.py:4180} INFO - Setting next_dagrun for dataset_alias_example_alias_consumer to None, run_after=None
[2024-12-20T05:34:51.346+0000] {logging_mixin.py:190} INFO - [2024-12-20T05:34:51.345+0000] {dag.py:4180} INFO - Setting next_dagrun for dataset_alias_example_alias_producer to None, run_after=None
[2024-12-20T05:34:51.350+0000] {logging_mixin.py:190} INFO - [2024-12-20T05:34:51.349+0000] {dag.py:4180} INFO - Setting next_dagrun for dataset_s3_bucket_consumer to None, run_after=None
[2024-12-20T05:34:51.354+0000] {logging_mixin.py:190} INFO - [2024-12-20T05:34:51.354+0000] {dag.py:4180} INFO - Setting next_dagrun for dataset_s3_bucket_producer to None, run_after=None
[2024-12-20T05:34:51.429+0000] {processor.py:208} INFO - Processing /home/airflow/.local/lib/python3.12/site-packages/airflow/example_dags/example_dataset_alias.py took 1.868 seconds
[2024-12-20T05:35:22.588+0000] {processor.py:186} INFO - Started process (PID=13316) to work on /home/airflow/.local/lib/python3.12/site-packages/airflow/example_dags/example_dataset_alias.py
[2024-12-20T05:35:22.591+0000] {processor.py:914} INFO - Processing file /home/airflow/.local/lib/python3.12/site-packages/airflow/example_dags/example_dataset_alias.py for tasks to queue
[2024-12-20T05:35:22.600+0000] {logging_mixin.py:190} INFO - [2024-12-20T05:35:22.598+0000] {dagbag.py:588} INFO - Filling up the DagBag from /home/airflow/.local/lib/python3.12/site-packages/airflow/example_dags/example_dataset_alias.py
[2024-12-20T05:35:24.031+0000] {processor.py:925} INFO - DAG(s) 'dataset_alias_example_alias_producer', 'dataset_s3_bucket_producer', 'dataset_alias_example_alias_consumer', 'dataset_s3_bucket_consumer' retrieved from /home/airflow/.local/lib/python3.12/site-packages/airflow/example_dags/example_dataset_alias.py
[2024-12-20T05:35:24.079+0000] {logging_mixin.py:190} INFO - [2024-12-20T05:35:24.078+0000] {dag.py:3239} INFO - Sync 4 DAGs
[2024-12-20T05:35:24.135+0000] {logging_mixin.py:190} INFO - [2024-12-20T05:35:24.135+0000] {dag.py:4180} INFO - Setting next_dagrun for dataset_alias_example_alias_consumer to None, run_after=None
[2024-12-20T05:35:24.143+0000] {logging_mixin.py:190} INFO - [2024-12-20T05:35:24.142+0000] {dag.py:4180} INFO - Setting next_dagrun for dataset_alias_example_alias_producer to None, run_after=None
[2024-12-20T05:35:24.147+0000] {logging_mixin.py:190} INFO - [2024-12-20T05:35:24.147+0000] {dag.py:4180} INFO - Setting next_dagrun for dataset_s3_bucket_consumer to None, run_after=None
[2024-12-20T05:35:24.152+0000] {logging_mixin.py:190} INFO - [2024-12-20T05:35:24.152+0000] {dag.py:4180} INFO - Setting next_dagrun for dataset_s3_bucket_producer to None, run_after=None
[2024-12-20T05:35:24.250+0000] {processor.py:208} INFO - Processing /home/airflow/.local/lib/python3.12/site-packages/airflow/example_dags/example_dataset_alias.py took 1.681 seconds
[2024-12-20T05:35:54.741+0000] {processor.py:186} INFO - Started process (PID=13381) to work on /home/airflow/.local/lib/python3.12/site-packages/airflow/example_dags/example_dataset_alias.py
[2024-12-20T05:35:54.744+0000] {processor.py:914} INFO - Processing file /home/airflow/.local/lib/python3.12/site-packages/airflow/example_dags/example_dataset_alias.py for tasks to queue
[2024-12-20T05:35:54.752+0000] {logging_mixin.py:190} INFO - [2024-12-20T05:35:54.751+0000] {dagbag.py:588} INFO - Filling up the DagBag from /home/airflow/.local/lib/python3.12/site-packages/airflow/example_dags/example_dataset_alias.py
[2024-12-20T05:35:56.482+0000] {processor.py:925} INFO - DAG(s) 'dataset_s3_bucket_producer', 'dataset_alias_example_alias_consumer', 'dataset_alias_example_alias_producer', 'dataset_s3_bucket_consumer' retrieved from /home/airflow/.local/lib/python3.12/site-packages/airflow/example_dags/example_dataset_alias.py
[2024-12-20T05:35:56.547+0000] {logging_mixin.py:190} INFO - [2024-12-20T05:35:56.545+0000] {dag.py:3239} INFO - Sync 4 DAGs
[2024-12-20T05:35:56.620+0000] {logging_mixin.py:190} INFO - [2024-12-20T05:35:56.619+0000] {dag.py:4180} INFO - Setting next_dagrun for dataset_alias_example_alias_consumer to None, run_after=None
[2024-12-20T05:35:56.627+0000] {logging_mixin.py:190} INFO - [2024-12-20T05:35:56.627+0000] {dag.py:4180} INFO - Setting next_dagrun for dataset_alias_example_alias_producer to None, run_after=None
[2024-12-20T05:35:56.632+0000] {logging_mixin.py:190} INFO - [2024-12-20T05:35:56.631+0000] {dag.py:4180} INFO - Setting next_dagrun for dataset_s3_bucket_consumer to None, run_after=None
[2024-12-20T05:35:56.636+0000] {logging_mixin.py:190} INFO - [2024-12-20T05:35:56.635+0000] {dag.py:4180} INFO - Setting next_dagrun for dataset_s3_bucket_producer to None, run_after=None
[2024-12-20T05:35:56.726+0000] {processor.py:208} INFO - Processing /home/airflow/.local/lib/python3.12/site-packages/airflow/example_dags/example_dataset_alias.py took 2.004 seconds
[2024-12-20T05:36:27.740+0000] {processor.py:186} INFO - Started process (PID=13435) to work on /home/airflow/.local/lib/python3.12/site-packages/airflow/example_dags/example_dataset_alias.py
[2024-12-20T05:36:27.745+0000] {processor.py:914} INFO - Processing file /home/airflow/.local/lib/python3.12/site-packages/airflow/example_dags/example_dataset_alias.py for tasks to queue
[2024-12-20T05:36:27.757+0000] {logging_mixin.py:190} INFO - [2024-12-20T05:36:27.755+0000] {dagbag.py:588} INFO - Filling up the DagBag from /home/airflow/.local/lib/python3.12/site-packages/airflow/example_dags/example_dataset_alias.py
[2024-12-20T05:36:30.080+0000] {processor.py:925} INFO - DAG(s) 'dataset_alias_example_alias_consumer', 'dataset_s3_bucket_consumer', 'dataset_alias_example_alias_producer', 'dataset_s3_bucket_producer' retrieved from /home/airflow/.local/lib/python3.12/site-packages/airflow/example_dags/example_dataset_alias.py
[2024-12-20T05:36:30.161+0000] {logging_mixin.py:190} INFO - [2024-12-20T05:36:30.158+0000] {dag.py:3239} INFO - Sync 4 DAGs
[2024-12-20T05:36:30.292+0000] {logging_mixin.py:190} INFO - [2024-12-20T05:36:30.291+0000] {dag.py:4180} INFO - Setting next_dagrun for dataset_alias_example_alias_consumer to None, run_after=None
[2024-12-20T05:36:30.302+0000] {logging_mixin.py:190} INFO - [2024-12-20T05:36:30.302+0000] {dag.py:4180} INFO - Setting next_dagrun for dataset_alias_example_alias_producer to None, run_after=None
[2024-12-20T05:36:30.314+0000] {logging_mixin.py:190} INFO - [2024-12-20T05:36:30.314+0000] {dag.py:4180} INFO - Setting next_dagrun for dataset_s3_bucket_consumer to None, run_after=None
[2024-12-20T05:36:30.319+0000] {logging_mixin.py:190} INFO - [2024-12-20T05:36:30.319+0000] {dag.py:4180} INFO - Setting next_dagrun for dataset_s3_bucket_producer to None, run_after=None
[2024-12-20T05:36:30.390+0000] {processor.py:208} INFO - Processing /home/airflow/.local/lib/python3.12/site-packages/airflow/example_dags/example_dataset_alias.py took 2.682 seconds
[2024-12-20T05:37:00.496+0000] {processor.py:186} INFO - Started process (PID=13503) to work on /home/airflow/.local/lib/python3.12/site-packages/airflow/example_dags/example_dataset_alias.py
[2024-12-20T05:37:00.498+0000] {processor.py:914} INFO - Processing file /home/airflow/.local/lib/python3.12/site-packages/airflow/example_dags/example_dataset_alias.py for tasks to queue
[2024-12-20T05:37:00.504+0000] {logging_mixin.py:190} INFO - [2024-12-20T05:37:00.503+0000] {dagbag.py:588} INFO - Filling up the DagBag from /home/airflow/.local/lib/python3.12/site-packages/airflow/example_dags/example_dataset_alias.py
[2024-12-20T05:37:02.313+0000] {processor.py:925} INFO - DAG(s) 'dataset_s3_bucket_producer', 'dataset_s3_bucket_consumer', 'dataset_alias_example_alias_producer', 'dataset_alias_example_alias_consumer' retrieved from /home/airflow/.local/lib/python3.12/site-packages/airflow/example_dags/example_dataset_alias.py
[2024-12-20T05:37:02.388+0000] {logging_mixin.py:190} INFO - [2024-12-20T05:37:02.386+0000] {dag.py:3239} INFO - Sync 4 DAGs
[2024-12-20T05:37:02.458+0000] {logging_mixin.py:190} INFO - [2024-12-20T05:37:02.457+0000] {dag.py:4180} INFO - Setting next_dagrun for dataset_alias_example_alias_consumer to None, run_after=None
[2024-12-20T05:37:02.469+0000] {logging_mixin.py:190} INFO - [2024-12-20T05:37:02.468+0000] {dag.py:4180} INFO - Setting next_dagrun for dataset_alias_example_alias_producer to None, run_after=None
[2024-12-20T05:37:02.479+0000] {logging_mixin.py:190} INFO - [2024-12-20T05:37:02.478+0000] {dag.py:4180} INFO - Setting next_dagrun for dataset_s3_bucket_consumer to None, run_after=None
[2024-12-20T05:37:02.484+0000] {logging_mixin.py:190} INFO - [2024-12-20T05:37:02.484+0000] {dag.py:4180} INFO - Setting next_dagrun for dataset_s3_bucket_producer to None, run_after=None
[2024-12-20T05:37:02.555+0000] {processor.py:208} INFO - Processing /home/airflow/.local/lib/python3.12/site-packages/airflow/example_dags/example_dataset_alias.py took 2.073 seconds
[2024-12-20T05:37:33.561+0000] {processor.py:186} INFO - Started process (PID=13583) to work on /home/airflow/.local/lib/python3.12/site-packages/airflow/example_dags/example_dataset_alias.py
[2024-12-20T05:37:33.564+0000] {processor.py:914} INFO - Processing file /home/airflow/.local/lib/python3.12/site-packages/airflow/example_dags/example_dataset_alias.py for tasks to queue
[2024-12-20T05:37:33.572+0000] {logging_mixin.py:190} INFO - [2024-12-20T05:37:33.571+0000] {dagbag.py:588} INFO - Filling up the DagBag from /home/airflow/.local/lib/python3.12/site-packages/airflow/example_dags/example_dataset_alias.py
[2024-12-20T05:37:34.569+0000] {processor.py:925} INFO - DAG(s) 'dataset_s3_bucket_producer', 'dataset_alias_example_alias_producer', 'dataset_s3_bucket_consumer', 'dataset_alias_example_alias_consumer' retrieved from /home/airflow/.local/lib/python3.12/site-packages/airflow/example_dags/example_dataset_alias.py
[2024-12-20T05:37:34.609+0000] {logging_mixin.py:190} INFO - [2024-12-20T05:37:34.608+0000] {dag.py:3239} INFO - Sync 4 DAGs
[2024-12-20T05:37:34.648+0000] {logging_mixin.py:190} INFO - [2024-12-20T05:37:34.648+0000] {dag.py:4180} INFO - Setting next_dagrun for dataset_alias_example_alias_consumer to None, run_after=None
[2024-12-20T05:37:34.654+0000] {logging_mixin.py:190} INFO - [2024-12-20T05:37:34.654+0000] {dag.py:4180} INFO - Setting next_dagrun for dataset_alias_example_alias_producer to None, run_after=None
[2024-12-20T05:37:34.658+0000] {logging_mixin.py:190} INFO - [2024-12-20T05:37:34.657+0000] {dag.py:4180} INFO - Setting next_dagrun for dataset_s3_bucket_consumer to None, run_after=None
[2024-12-20T05:37:34.660+0000] {logging_mixin.py:190} INFO - [2024-12-20T05:37:34.660+0000] {dag.py:4180} INFO - Setting next_dagrun for dataset_s3_bucket_producer to None, run_after=None
[2024-12-20T05:37:34.700+0000] {processor.py:208} INFO - Processing /home/airflow/.local/lib/python3.12/site-packages/airflow/example_dags/example_dataset_alias.py took 1.158 seconds
[2024-12-20T05:38:05.107+0000] {processor.py:186} INFO - Started process (PID=13648) to work on /home/airflow/.local/lib/python3.12/site-packages/airflow/example_dags/example_dataset_alias.py
[2024-12-20T05:38:05.110+0000] {processor.py:914} INFO - Processing file /home/airflow/.local/lib/python3.12/site-packages/airflow/example_dags/example_dataset_alias.py for tasks to queue
[2024-12-20T05:38:05.125+0000] {logging_mixin.py:190} INFO - [2024-12-20T05:38:05.124+0000] {dagbag.py:588} INFO - Filling up the DagBag from /home/airflow/.local/lib/python3.12/site-packages/airflow/example_dags/example_dataset_alias.py
[2024-12-20T05:38:06.495+0000] {processor.py:925} INFO - DAG(s) 'dataset_alias_example_alias_consumer', 'dataset_s3_bucket_consumer', 'dataset_s3_bucket_producer', 'dataset_alias_example_alias_producer' retrieved from /home/airflow/.local/lib/python3.12/site-packages/airflow/example_dags/example_dataset_alias.py
[2024-12-20T05:38:06.544+0000] {logging_mixin.py:190} INFO - [2024-12-20T05:38:06.543+0000] {dag.py:3239} INFO - Sync 4 DAGs
[2024-12-20T05:38:06.585+0000] {logging_mixin.py:190} INFO - [2024-12-20T05:38:06.584+0000] {dag.py:4180} INFO - Setting next_dagrun for dataset_alias_example_alias_consumer to None, run_after=None
[2024-12-20T05:38:06.591+0000] {logging_mixin.py:190} INFO - [2024-12-20T05:38:06.591+0000] {dag.py:4180} INFO - Setting next_dagrun for dataset_alias_example_alias_producer to None, run_after=None
[2024-12-20T05:38:06.594+0000] {logging_mixin.py:190} INFO - [2024-12-20T05:38:06.594+0000] {dag.py:4180} INFO - Setting next_dagrun for dataset_s3_bucket_consumer to None, run_after=None
[2024-12-20T05:38:06.597+0000] {logging_mixin.py:190} INFO - [2024-12-20T05:38:06.597+0000] {dag.py:4180} INFO - Setting next_dagrun for dataset_s3_bucket_producer to None, run_after=None
[2024-12-20T05:38:06.640+0000] {processor.py:208} INFO - Processing /home/airflow/.local/lib/python3.12/site-packages/airflow/example_dags/example_dataset_alias.py took 1.558 seconds
[2024-12-20T05:38:37.616+0000] {processor.py:186} INFO - Started process (PID=13713) to work on /home/airflow/.local/lib/python3.12/site-packages/airflow/example_dags/example_dataset_alias.py
[2024-12-20T05:38:37.619+0000] {processor.py:914} INFO - Processing file /home/airflow/.local/lib/python3.12/site-packages/airflow/example_dags/example_dataset_alias.py for tasks to queue
[2024-12-20T05:38:37.625+0000] {logging_mixin.py:190} INFO - [2024-12-20T05:38:37.624+0000] {dagbag.py:588} INFO - Filling up the DagBag from /home/airflow/.local/lib/python3.12/site-packages/airflow/example_dags/example_dataset_alias.py
[2024-12-20T05:38:38.423+0000] {processor.py:925} INFO - DAG(s) 'dataset_s3_bucket_producer', 'dataset_alias_example_alias_producer', 'dataset_alias_example_alias_consumer', 'dataset_s3_bucket_consumer' retrieved from /home/airflow/.local/lib/python3.12/site-packages/airflow/example_dags/example_dataset_alias.py
[2024-12-20T05:38:38.473+0000] {logging_mixin.py:190} INFO - [2024-12-20T05:38:38.472+0000] {dag.py:3239} INFO - Sync 4 DAGs
[2024-12-20T05:38:38.521+0000] {logging_mixin.py:190} INFO - [2024-12-20T05:38:38.520+0000] {dag.py:4180} INFO - Setting next_dagrun for dataset_alias_example_alias_consumer to None, run_after=None
[2024-12-20T05:38:38.527+0000] {logging_mixin.py:190} INFO - [2024-12-20T05:38:38.527+0000] {dag.py:4180} INFO - Setting next_dagrun for dataset_alias_example_alias_producer to None, run_after=None
[2024-12-20T05:38:38.531+0000] {logging_mixin.py:190} INFO - [2024-12-20T05:38:38.530+0000] {dag.py:4180} INFO - Setting next_dagrun for dataset_s3_bucket_consumer to None, run_after=None
[2024-12-20T05:38:38.534+0000] {logging_mixin.py:190} INFO - [2024-12-20T05:38:38.533+0000] {dag.py:4180} INFO - Setting next_dagrun for dataset_s3_bucket_producer to None, run_after=None
[2024-12-20T05:38:38.607+0000] {processor.py:208} INFO - Processing /home/airflow/.local/lib/python3.12/site-packages/airflow/example_dags/example_dataset_alias.py took 1.006 seconds
[2024-12-20T05:39:08.784+0000] {processor.py:186} INFO - Started process (PID=13778) to work on /home/airflow/.local/lib/python3.12/site-packages/airflow/example_dags/example_dataset_alias.py
[2024-12-20T05:39:08.787+0000] {processor.py:914} INFO - Processing file /home/airflow/.local/lib/python3.12/site-packages/airflow/example_dags/example_dataset_alias.py for tasks to queue
[2024-12-20T05:39:08.793+0000] {logging_mixin.py:190} INFO - [2024-12-20T05:39:08.792+0000] {dagbag.py:588} INFO - Filling up the DagBag from /home/airflow/.local/lib/python3.12/site-packages/airflow/example_dags/example_dataset_alias.py
[2024-12-20T05:39:10.220+0000] {processor.py:925} INFO - DAG(s) 'dataset_s3_bucket_consumer', 'dataset_alias_example_alias_consumer', 'dataset_alias_example_alias_producer', 'dataset_s3_bucket_producer' retrieved from /home/airflow/.local/lib/python3.12/site-packages/airflow/example_dags/example_dataset_alias.py
[2024-12-20T05:39:10.259+0000] {logging_mixin.py:190} INFO - [2024-12-20T05:39:10.258+0000] {dag.py:3239} INFO - Sync 4 DAGs
[2024-12-20T05:39:10.306+0000] {logging_mixin.py:190} INFO - [2024-12-20T05:39:10.305+0000] {dag.py:4180} INFO - Setting next_dagrun for dataset_alias_example_alias_consumer to None, run_after=None
[2024-12-20T05:39:10.312+0000] {logging_mixin.py:190} INFO - [2024-12-20T05:39:10.312+0000] {dag.py:4180} INFO - Setting next_dagrun for dataset_alias_example_alias_producer to None, run_after=None
[2024-12-20T05:39:10.316+0000] {logging_mixin.py:190} INFO - [2024-12-20T05:39:10.316+0000] {dag.py:4180} INFO - Setting next_dagrun for dataset_s3_bucket_consumer to None, run_after=None
[2024-12-20T05:39:10.320+0000] {logging_mixin.py:190} INFO - [2024-12-20T05:39:10.319+0000] {dag.py:4180} INFO - Setting next_dagrun for dataset_s3_bucket_producer to None, run_after=None
[2024-12-20T05:39:10.400+0000] {processor.py:208} INFO - Processing /home/airflow/.local/lib/python3.12/site-packages/airflow/example_dags/example_dataset_alias.py took 1.631 seconds
[2024-12-20T05:39:41.367+0000] {processor.py:186} INFO - Started process (PID=13843) to work on /home/airflow/.local/lib/python3.12/site-packages/airflow/example_dags/example_dataset_alias.py
[2024-12-20T05:39:41.369+0000] {processor.py:914} INFO - Processing file /home/airflow/.local/lib/python3.12/site-packages/airflow/example_dags/example_dataset_alias.py for tasks to queue
[2024-12-20T05:39:41.375+0000] {logging_mixin.py:190} INFO - [2024-12-20T05:39:41.374+0000] {dagbag.py:588} INFO - Filling up the DagBag from /home/airflow/.local/lib/python3.12/site-packages/airflow/example_dags/example_dataset_alias.py
[2024-12-20T05:39:43.036+0000] {processor.py:925} INFO - DAG(s) 'dataset_s3_bucket_consumer', 'dataset_s3_bucket_producer', 'dataset_alias_example_alias_consumer', 'dataset_alias_example_alias_producer' retrieved from /home/airflow/.local/lib/python3.12/site-packages/airflow/example_dags/example_dataset_alias.py
[2024-12-20T05:39:43.095+0000] {logging_mixin.py:190} INFO - [2024-12-20T05:39:43.093+0000] {dag.py:3239} INFO - Sync 4 DAGs
[2024-12-20T05:39:43.151+0000] {logging_mixin.py:190} INFO - [2024-12-20T05:39:43.150+0000] {dag.py:4180} INFO - Setting next_dagrun for dataset_alias_example_alias_consumer to None, run_after=None
[2024-12-20T05:39:43.158+0000] {logging_mixin.py:190} INFO - [2024-12-20T05:39:43.157+0000] {dag.py:4180} INFO - Setting next_dagrun for dataset_alias_example_alias_producer to None, run_after=None
[2024-12-20T05:39:43.164+0000] {logging_mixin.py:190} INFO - [2024-12-20T05:39:43.163+0000] {dag.py:4180} INFO - Setting next_dagrun for dataset_s3_bucket_consumer to None, run_after=None
[2024-12-20T05:39:43.167+0000] {logging_mixin.py:190} INFO - [2024-12-20T05:39:43.167+0000] {dag.py:4180} INFO - Setting next_dagrun for dataset_s3_bucket_producer to None, run_after=None
[2024-12-20T05:39:43.261+0000] {processor.py:208} INFO - Processing /home/airflow/.local/lib/python3.12/site-packages/airflow/example_dags/example_dataset_alias.py took 1.907 seconds
[2024-12-20T05:40:13.636+0000] {processor.py:186} INFO - Started process (PID=13908) to work on /home/airflow/.local/lib/python3.12/site-packages/airflow/example_dags/example_dataset_alias.py
[2024-12-20T05:40:13.638+0000] {processor.py:914} INFO - Processing file /home/airflow/.local/lib/python3.12/site-packages/airflow/example_dags/example_dataset_alias.py for tasks to queue
[2024-12-20T05:40:13.643+0000] {logging_mixin.py:190} INFO - [2024-12-20T05:40:13.642+0000] {dagbag.py:588} INFO - Filling up the DagBag from /home/airflow/.local/lib/python3.12/site-packages/airflow/example_dags/example_dataset_alias.py
[2024-12-20T05:40:14.813+0000] {processor.py:925} INFO - DAG(s) 'dataset_alias_example_alias_producer', 'dataset_s3_bucket_consumer', 'dataset_alias_example_alias_consumer', 'dataset_s3_bucket_producer' retrieved from /home/airflow/.local/lib/python3.12/site-packages/airflow/example_dags/example_dataset_alias.py
[2024-12-20T05:40:14.867+0000] {logging_mixin.py:190} INFO - [2024-12-20T05:40:14.866+0000] {dag.py:3239} INFO - Sync 4 DAGs
[2024-12-20T05:40:14.919+0000] {logging_mixin.py:190} INFO - [2024-12-20T05:40:14.919+0000] {dag.py:4180} INFO - Setting next_dagrun for dataset_alias_example_alias_consumer to None, run_after=None
[2024-12-20T05:40:14.925+0000] {logging_mixin.py:190} INFO - [2024-12-20T05:40:14.925+0000] {dag.py:4180} INFO - Setting next_dagrun for dataset_alias_example_alias_producer to None, run_after=None
[2024-12-20T05:40:14.929+0000] {logging_mixin.py:190} INFO - [2024-12-20T05:40:14.928+0000] {dag.py:4180} INFO - Setting next_dagrun for dataset_s3_bucket_consumer to None, run_after=None
[2024-12-20T05:40:14.932+0000] {logging_mixin.py:190} INFO - [2024-12-20T05:40:14.932+0000] {dag.py:4180} INFO - Setting next_dagrun for dataset_s3_bucket_producer to None, run_after=None
[2024-12-20T05:40:15.016+0000] {processor.py:208} INFO - Processing /home/airflow/.local/lib/python3.12/site-packages/airflow/example_dags/example_dataset_alias.py took 1.393 seconds
[2024-12-20T05:40:45.568+0000] {processor.py:186} INFO - Started process (PID=13973) to work on /home/airflow/.local/lib/python3.12/site-packages/airflow/example_dags/example_dataset_alias.py
[2024-12-20T05:40:45.571+0000] {processor.py:914} INFO - Processing file /home/airflow/.local/lib/python3.12/site-packages/airflow/example_dags/example_dataset_alias.py for tasks to queue
[2024-12-20T05:40:45.581+0000] {logging_mixin.py:190} INFO - [2024-12-20T05:40:45.580+0000] {dagbag.py:588} INFO - Filling up the DagBag from /home/airflow/.local/lib/python3.12/site-packages/airflow/example_dags/example_dataset_alias.py
[2024-12-20T05:40:46.419+0000] {processor.py:925} INFO - DAG(s) 'dataset_s3_bucket_consumer', 'dataset_alias_example_alias_producer', 'dataset_alias_example_alias_consumer', 'dataset_s3_bucket_producer' retrieved from /home/airflow/.local/lib/python3.12/site-packages/airflow/example_dags/example_dataset_alias.py
[2024-12-20T05:40:46.465+0000] {logging_mixin.py:190} INFO - [2024-12-20T05:40:46.463+0000] {dag.py:3239} INFO - Sync 4 DAGs
[2024-12-20T05:40:46.518+0000] {logging_mixin.py:190} INFO - [2024-12-20T05:40:46.518+0000] {dag.py:4180} INFO - Setting next_dagrun for dataset_alias_example_alias_consumer to None, run_after=None
[2024-12-20T05:40:46.525+0000] {logging_mixin.py:190} INFO - [2024-12-20T05:40:46.525+0000] {dag.py:4180} INFO - Setting next_dagrun for dataset_alias_example_alias_producer to None, run_after=None
[2024-12-20T05:40:46.539+0000] {logging_mixin.py:190} INFO - [2024-12-20T05:40:46.538+0000] {dag.py:4180} INFO - Setting next_dagrun for dataset_s3_bucket_consumer to None, run_after=None
[2024-12-20T05:40:46.542+0000] {logging_mixin.py:190} INFO - [2024-12-20T05:40:46.541+0000] {dag.py:4180} INFO - Setting next_dagrun for dataset_s3_bucket_producer to None, run_after=None
[2024-12-20T05:40:46.653+0000] {processor.py:208} INFO - Processing /home/airflow/.local/lib/python3.12/site-packages/airflow/example_dags/example_dataset_alias.py took 1.103 seconds
[2024-12-20T05:41:17.088+0000] {processor.py:186} INFO - Started process (PID=14038) to work on /home/airflow/.local/lib/python3.12/site-packages/airflow/example_dags/example_dataset_alias.py
[2024-12-20T05:41:17.098+0000] {processor.py:914} INFO - Processing file /home/airflow/.local/lib/python3.12/site-packages/airflow/example_dags/example_dataset_alias.py for tasks to queue
[2024-12-20T05:41:17.121+0000] {logging_mixin.py:190} INFO - [2024-12-20T05:41:17.119+0000] {dagbag.py:588} INFO - Filling up the DagBag from /home/airflow/.local/lib/python3.12/site-packages/airflow/example_dags/example_dataset_alias.py
[2024-12-20T05:41:19.429+0000] {processor.py:925} INFO - DAG(s) 'dataset_s3_bucket_producer', 'dataset_alias_example_alias_consumer', 'dataset_s3_bucket_consumer', 'dataset_alias_example_alias_producer' retrieved from /home/airflow/.local/lib/python3.12/site-packages/airflow/example_dags/example_dataset_alias.py
[2024-12-20T05:41:19.492+0000] {logging_mixin.py:190} INFO - [2024-12-20T05:41:19.490+0000] {dag.py:3239} INFO - Sync 4 DAGs
[2024-12-20T05:41:19.543+0000] {logging_mixin.py:190} INFO - [2024-12-20T05:41:19.542+0000] {dag.py:4180} INFO - Setting next_dagrun for dataset_alias_example_alias_consumer to None, run_after=None
[2024-12-20T05:41:19.549+0000] {logging_mixin.py:190} INFO - [2024-12-20T05:41:19.549+0000] {dag.py:4180} INFO - Setting next_dagrun for dataset_alias_example_alias_producer to None, run_after=None
[2024-12-20T05:41:19.553+0000] {logging_mixin.py:190} INFO - [2024-12-20T05:41:19.553+0000] {dag.py:4180} INFO - Setting next_dagrun for dataset_s3_bucket_consumer to None, run_after=None
[2024-12-20T05:41:19.557+0000] {logging_mixin.py:190} INFO - [2024-12-20T05:41:19.557+0000] {dag.py:4180} INFO - Setting next_dagrun for dataset_s3_bucket_producer to None, run_after=None
[2024-12-20T05:41:19.614+0000] {processor.py:208} INFO - Processing /home/airflow/.local/lib/python3.12/site-packages/airflow/example_dags/example_dataset_alias.py took 2.581 seconds
[2024-12-20T05:41:50.152+0000] {processor.py:186} INFO - Started process (PID=14104) to work on /home/airflow/.local/lib/python3.12/site-packages/airflow/example_dags/example_dataset_alias.py
[2024-12-20T05:41:50.154+0000] {processor.py:914} INFO - Processing file /home/airflow/.local/lib/python3.12/site-packages/airflow/example_dags/example_dataset_alias.py for tasks to queue
[2024-12-20T05:41:50.163+0000] {logging_mixin.py:190} INFO - [2024-12-20T05:41:50.162+0000] {dagbag.py:588} INFO - Filling up the DagBag from /home/airflow/.local/lib/python3.12/site-packages/airflow/example_dags/example_dataset_alias.py
[2024-12-20T05:41:50.893+0000] {processor.py:925} INFO - DAG(s) 'dataset_s3_bucket_consumer', 'dataset_alias_example_alias_producer', 'dataset_s3_bucket_producer', 'dataset_alias_example_alias_consumer' retrieved from /home/airflow/.local/lib/python3.12/site-packages/airflow/example_dags/example_dataset_alias.py
[2024-12-20T05:41:50.926+0000] {logging_mixin.py:190} INFO - [2024-12-20T05:41:50.925+0000] {dag.py:3239} INFO - Sync 4 DAGs
[2024-12-20T05:41:50.957+0000] {logging_mixin.py:190} INFO - [2024-12-20T05:41:50.957+0000] {dag.py:4180} INFO - Setting next_dagrun for dataset_alias_example_alias_consumer to None, run_after=None
[2024-12-20T05:41:50.961+0000] {logging_mixin.py:190} INFO - [2024-12-20T05:41:50.961+0000] {dag.py:4180} INFO - Setting next_dagrun for dataset_alias_example_alias_producer to None, run_after=None
[2024-12-20T05:41:50.963+0000] {logging_mixin.py:190} INFO - [2024-12-20T05:41:50.963+0000] {dag.py:4180} INFO - Setting next_dagrun for dataset_s3_bucket_consumer to None, run_after=None
[2024-12-20T05:41:50.965+0000] {logging_mixin.py:190} INFO - [2024-12-20T05:41:50.965+0000] {dag.py:4180} INFO - Setting next_dagrun for dataset_s3_bucket_producer to None, run_after=None
[2024-12-20T05:41:51.001+0000] {processor.py:208} INFO - Processing /home/airflow/.local/lib/python3.12/site-packages/airflow/example_dags/example_dataset_alias.py took 0.869 seconds
[2024-12-20T05:42:21.754+0000] {processor.py:186} INFO - Started process (PID=14169) to work on /home/airflow/.local/lib/python3.12/site-packages/airflow/example_dags/example_dataset_alias.py
[2024-12-20T05:42:21.759+0000] {processor.py:914} INFO - Processing file /home/airflow/.local/lib/python3.12/site-packages/airflow/example_dags/example_dataset_alias.py for tasks to queue
[2024-12-20T05:42:21.770+0000] {logging_mixin.py:190} INFO - [2024-12-20T05:42:21.768+0000] {dagbag.py:588} INFO - Filling up the DagBag from /home/airflow/.local/lib/python3.12/site-packages/airflow/example_dags/example_dataset_alias.py
[2024-12-20T05:42:22.619+0000] {processor.py:925} INFO - DAG(s) 'dataset_s3_bucket_consumer', 'dataset_alias_example_alias_producer', 'dataset_s3_bucket_producer', 'dataset_alias_example_alias_consumer' retrieved from /home/airflow/.local/lib/python3.12/site-packages/airflow/example_dags/example_dataset_alias.py
[2024-12-20T05:42:22.647+0000] {logging_mixin.py:190} INFO - [2024-12-20T05:42:22.647+0000] {dag.py:3239} INFO - Sync 4 DAGs
[2024-12-20T05:42:22.680+0000] {logging_mixin.py:190} INFO - [2024-12-20T05:42:22.680+0000] {dag.py:4180} INFO - Setting next_dagrun for dataset_alias_example_alias_consumer to None, run_after=None
[2024-12-20T05:42:22.684+0000] {logging_mixin.py:190} INFO - [2024-12-20T05:42:22.683+0000] {dag.py:4180} INFO - Setting next_dagrun for dataset_alias_example_alias_producer to None, run_after=None
[2024-12-20T05:42:22.687+0000] {logging_mixin.py:190} INFO - [2024-12-20T05:42:22.686+0000] {dag.py:4180} INFO - Setting next_dagrun for dataset_s3_bucket_consumer to None, run_after=None
[2024-12-20T05:42:22.689+0000] {logging_mixin.py:190} INFO - [2024-12-20T05:42:22.688+0000] {dag.py:4180} INFO - Setting next_dagrun for dataset_s3_bucket_producer to None, run_after=None
[2024-12-20T05:42:22.720+0000] {processor.py:208} INFO - Processing /home/airflow/.local/lib/python3.12/site-packages/airflow/example_dags/example_dataset_alias.py took 0.996 seconds
[2024-12-20T05:42:53.383+0000] {processor.py:186} INFO - Started process (PID=14234) to work on /home/airflow/.local/lib/python3.12/site-packages/airflow/example_dags/example_dataset_alias.py
[2024-12-20T05:42:53.389+0000] {processor.py:914} INFO - Processing file /home/airflow/.local/lib/python3.12/site-packages/airflow/example_dags/example_dataset_alias.py for tasks to queue
[2024-12-20T05:42:53.410+0000] {logging_mixin.py:190} INFO - [2024-12-20T05:42:53.408+0000] {dagbag.py:588} INFO - Filling up the DagBag from /home/airflow/.local/lib/python3.12/site-packages/airflow/example_dags/example_dataset_alias.py
[2024-12-20T05:42:55.428+0000] {processor.py:925} INFO - DAG(s) 'dataset_s3_bucket_consumer', 'dataset_alias_example_alias_producer', 'dataset_alias_example_alias_consumer', 'dataset_s3_bucket_producer' retrieved from /home/airflow/.local/lib/python3.12/site-packages/airflow/example_dags/example_dataset_alias.py
[2024-12-20T05:42:55.517+0000] {logging_mixin.py:190} INFO - [2024-12-20T05:42:55.515+0000] {dag.py:3239} INFO - Sync 4 DAGs
[2024-12-20T05:42:55.646+0000] {logging_mixin.py:190} INFO - [2024-12-20T05:42:55.646+0000] {dag.py:4180} INFO - Setting next_dagrun for dataset_alias_example_alias_consumer to None, run_after=None
[2024-12-20T05:42:55.676+0000] {logging_mixin.py:190} INFO - [2024-12-20T05:42:55.676+0000] {dag.py:4180} INFO - Setting next_dagrun for dataset_alias_example_alias_producer to None, run_after=None
[2024-12-20T05:42:55.687+0000] {logging_mixin.py:190} INFO - [2024-12-20T05:42:55.687+0000] {dag.py:4180} INFO - Setting next_dagrun for dataset_s3_bucket_consumer to None, run_after=None
[2024-12-20T05:42:55.698+0000] {logging_mixin.py:190} INFO - [2024-12-20T05:42:55.696+0000] {dag.py:4180} INFO - Setting next_dagrun for dataset_s3_bucket_producer to None, run_after=None
[2024-12-20T05:42:55.808+0000] {processor.py:208} INFO - Processing /home/airflow/.local/lib/python3.12/site-packages/airflow/example_dags/example_dataset_alias.py took 2.485 seconds
[2024-12-20T05:43:26.207+0000] {processor.py:186} INFO - Started process (PID=14301) to work on /home/airflow/.local/lib/python3.12/site-packages/airflow/example_dags/example_dataset_alias.py
[2024-12-20T05:43:26.210+0000] {processor.py:914} INFO - Processing file /home/airflow/.local/lib/python3.12/site-packages/airflow/example_dags/example_dataset_alias.py for tasks to queue
[2024-12-20T05:43:26.217+0000] {logging_mixin.py:190} INFO - [2024-12-20T05:43:26.216+0000] {dagbag.py:588} INFO - Filling up the DagBag from /home/airflow/.local/lib/python3.12/site-packages/airflow/example_dags/example_dataset_alias.py
[2024-12-20T05:43:27.284+0000] {processor.py:925} INFO - DAG(s) 'dataset_s3_bucket_consumer', 'dataset_alias_example_alias_producer', 'dataset_alias_example_alias_consumer', 'dataset_s3_bucket_producer' retrieved from /home/airflow/.local/lib/python3.12/site-packages/airflow/example_dags/example_dataset_alias.py
[2024-12-20T05:43:27.331+0000] {logging_mixin.py:190} INFO - [2024-12-20T05:43:27.329+0000] {dag.py:3239} INFO - Sync 4 DAGs
[2024-12-20T05:43:27.392+0000] {logging_mixin.py:190} INFO - [2024-12-20T05:43:27.391+0000] {dag.py:4180} INFO - Setting next_dagrun for dataset_alias_example_alias_consumer to None, run_after=None
[2024-12-20T05:43:27.399+0000] {logging_mixin.py:190} INFO - [2024-12-20T05:43:27.399+0000] {dag.py:4180} INFO - Setting next_dagrun for dataset_alias_example_alias_producer to None, run_after=None
[2024-12-20T05:43:27.403+0000] {logging_mixin.py:190} INFO - [2024-12-20T05:43:27.403+0000] {dag.py:4180} INFO - Setting next_dagrun for dataset_s3_bucket_consumer to None, run_after=None
[2024-12-20T05:43:27.408+0000] {logging_mixin.py:190} INFO - [2024-12-20T05:43:27.407+0000] {dag.py:4180} INFO - Setting next_dagrun for dataset_s3_bucket_producer to None, run_after=None
[2024-12-20T05:43:27.491+0000] {processor.py:208} INFO - Processing /home/airflow/.local/lib/python3.12/site-packages/airflow/example_dags/example_dataset_alias.py took 1.311 seconds
[2024-12-20T05:43:57.823+0000] {processor.py:186} INFO - Started process (PID=14367) to work on /home/airflow/.local/lib/python3.12/site-packages/airflow/example_dags/example_dataset_alias.py
[2024-12-20T05:43:57.827+0000] {processor.py:914} INFO - Processing file /home/airflow/.local/lib/python3.12/site-packages/airflow/example_dags/example_dataset_alias.py for tasks to queue
[2024-12-20T05:43:57.833+0000] {logging_mixin.py:190} INFO - [2024-12-20T05:43:57.832+0000] {dagbag.py:588} INFO - Filling up the DagBag from /home/airflow/.local/lib/python3.12/site-packages/airflow/example_dags/example_dataset_alias.py
[2024-12-20T05:43:59.456+0000] {processor.py:925} INFO - DAG(s) 'dataset_alias_example_alias_producer', 'dataset_s3_bucket_consumer', 'dataset_alias_example_alias_consumer', 'dataset_s3_bucket_producer' retrieved from /home/airflow/.local/lib/python3.12/site-packages/airflow/example_dags/example_dataset_alias.py
[2024-12-20T05:43:59.525+0000] {logging_mixin.py:190} INFO - [2024-12-20T05:43:59.523+0000] {dag.py:3239} INFO - Sync 4 DAGs
[2024-12-20T05:43:59.605+0000] {logging_mixin.py:190} INFO - [2024-12-20T05:43:59.601+0000] {dag.py:4180} INFO - Setting next_dagrun for dataset_alias_example_alias_consumer to None, run_after=None
[2024-12-20T05:43:59.616+0000] {logging_mixin.py:190} INFO - [2024-12-20T05:43:59.615+0000] {dag.py:4180} INFO - Setting next_dagrun for dataset_alias_example_alias_producer to None, run_after=None
[2024-12-20T05:43:59.623+0000] {logging_mixin.py:190} INFO - [2024-12-20T05:43:59.622+0000] {dag.py:4180} INFO - Setting next_dagrun for dataset_s3_bucket_consumer to None, run_after=None
[2024-12-20T05:43:59.628+0000] {logging_mixin.py:190} INFO - [2024-12-20T05:43:59.628+0000] {dag.py:4180} INFO - Setting next_dagrun for dataset_s3_bucket_producer to None, run_after=None
[2024-12-20T05:43:59.700+0000] {processor.py:208} INFO - Processing /home/airflow/.local/lib/python3.12/site-packages/airflow/example_dags/example_dataset_alias.py took 1.896 seconds
[2024-12-20T05:44:30.055+0000] {processor.py:186} INFO - Started process (PID=14432) to work on /home/airflow/.local/lib/python3.12/site-packages/airflow/example_dags/example_dataset_alias.py
[2024-12-20T05:44:30.057+0000] {processor.py:914} INFO - Processing file /home/airflow/.local/lib/python3.12/site-packages/airflow/example_dags/example_dataset_alias.py for tasks to queue
[2024-12-20T05:44:30.064+0000] {logging_mixin.py:190} INFO - [2024-12-20T05:44:30.063+0000] {dagbag.py:588} INFO - Filling up the DagBag from /home/airflow/.local/lib/python3.12/site-packages/airflow/example_dags/example_dataset_alias.py
[2024-12-20T05:44:31.591+0000] {processor.py:925} INFO - DAG(s) 'dataset_s3_bucket_producer', 'dataset_alias_example_alias_consumer', 'dataset_alias_example_alias_producer', 'dataset_s3_bucket_consumer' retrieved from /home/airflow/.local/lib/python3.12/site-packages/airflow/example_dags/example_dataset_alias.py
[2024-12-20T05:44:31.644+0000] {logging_mixin.py:190} INFO - [2024-12-20T05:44:31.643+0000] {dag.py:3239} INFO - Sync 4 DAGs
[2024-12-20T05:44:31.711+0000] {logging_mixin.py:190} INFO - [2024-12-20T05:44:31.711+0000] {dag.py:4180} INFO - Setting next_dagrun for dataset_alias_example_alias_consumer to None, run_after=None
[2024-12-20T05:44:31.718+0000] {logging_mixin.py:190} INFO - [2024-12-20T05:44:31.717+0000] {dag.py:4180} INFO - Setting next_dagrun for dataset_alias_example_alias_producer to None, run_after=None
[2024-12-20T05:44:31.721+0000] {logging_mixin.py:190} INFO - [2024-12-20T05:44:31.721+0000] {dag.py:4180} INFO - Setting next_dagrun for dataset_s3_bucket_consumer to None, run_after=None
[2024-12-20T05:44:31.725+0000] {logging_mixin.py:190} INFO - [2024-12-20T05:44:31.724+0000] {dag.py:4180} INFO - Setting next_dagrun for dataset_s3_bucket_producer to None, run_after=None
[2024-12-20T05:44:31.769+0000] {processor.py:208} INFO - Processing /home/airflow/.local/lib/python3.12/site-packages/airflow/example_dags/example_dataset_alias.py took 1.730 seconds
[2024-12-20T05:45:02.675+0000] {processor.py:186} INFO - Started process (PID=14497) to work on /home/airflow/.local/lib/python3.12/site-packages/airflow/example_dags/example_dataset_alias.py
[2024-12-20T05:45:02.676+0000] {processor.py:914} INFO - Processing file /home/airflow/.local/lib/python3.12/site-packages/airflow/example_dags/example_dataset_alias.py for tasks to queue
[2024-12-20T05:45:02.680+0000] {logging_mixin.py:190} INFO - [2024-12-20T05:45:02.680+0000] {dagbag.py:588} INFO - Filling up the DagBag from /home/airflow/.local/lib/python3.12/site-packages/airflow/example_dags/example_dataset_alias.py
[2024-12-20T05:45:04.048+0000] {processor.py:925} INFO - DAG(s) 'dataset_s3_bucket_producer', 'dataset_alias_example_alias_producer', 'dataset_alias_example_alias_consumer', 'dataset_s3_bucket_consumer' retrieved from /home/airflow/.local/lib/python3.12/site-packages/airflow/example_dags/example_dataset_alias.py
[2024-12-20T05:45:04.156+0000] {logging_mixin.py:190} INFO - [2024-12-20T05:45:04.154+0000] {dag.py:3239} INFO - Sync 4 DAGs
[2024-12-20T05:45:04.241+0000] {logging_mixin.py:190} INFO - [2024-12-20T05:45:04.240+0000] {dag.py:4180} INFO - Setting next_dagrun for dataset_alias_example_alias_consumer to None, run_after=None
[2024-12-20T05:45:04.251+0000] {logging_mixin.py:190} INFO - [2024-12-20T05:45:04.250+0000] {dag.py:4180} INFO - Setting next_dagrun for dataset_alias_example_alias_producer to None, run_after=None
[2024-12-20T05:45:04.257+0000] {logging_mixin.py:190} INFO - [2024-12-20T05:45:04.255+0000] {dag.py:4180} INFO - Setting next_dagrun for dataset_s3_bucket_consumer to None, run_after=None
[2024-12-20T05:45:04.263+0000] {logging_mixin.py:190} INFO - [2024-12-20T05:45:04.262+0000] {dag.py:4180} INFO - Setting next_dagrun for dataset_s3_bucket_producer to None, run_after=None
[2024-12-20T05:45:04.373+0000] {processor.py:208} INFO - Processing /home/airflow/.local/lib/python3.12/site-packages/airflow/example_dags/example_dataset_alias.py took 1.711 seconds
[2024-12-20T05:45:34.929+0000] {processor.py:186} INFO - Started process (PID=14563) to work on /home/airflow/.local/lib/python3.12/site-packages/airflow/example_dags/example_dataset_alias.py
[2024-12-20T05:45:34.931+0000] {processor.py:914} INFO - Processing file /home/airflow/.local/lib/python3.12/site-packages/airflow/example_dags/example_dataset_alias.py for tasks to queue
[2024-12-20T05:45:34.938+0000] {logging_mixin.py:190} INFO - [2024-12-20T05:45:34.937+0000] {dagbag.py:588} INFO - Filling up the DagBag from /home/airflow/.local/lib/python3.12/site-packages/airflow/example_dags/example_dataset_alias.py
[2024-12-20T05:45:35.746+0000] {processor.py:925} INFO - DAG(s) 'dataset_s3_bucket_producer', 'dataset_s3_bucket_consumer', 'dataset_alias_example_alias_producer', 'dataset_alias_example_alias_consumer' retrieved from /home/airflow/.local/lib/python3.12/site-packages/airflow/example_dags/example_dataset_alias.py
[2024-12-20T05:45:35.781+0000] {logging_mixin.py:190} INFO - [2024-12-20T05:45:35.780+0000] {dag.py:3239} INFO - Sync 4 DAGs
[2024-12-20T05:45:35.811+0000] {logging_mixin.py:190} INFO - [2024-12-20T05:45:35.811+0000] {dag.py:4180} INFO - Setting next_dagrun for dataset_alias_example_alias_consumer to None, run_after=None
[2024-12-20T05:45:35.815+0000] {logging_mixin.py:190} INFO - [2024-12-20T05:45:35.815+0000] {dag.py:4180} INFO - Setting next_dagrun for dataset_alias_example_alias_producer to None, run_after=None
[2024-12-20T05:45:35.817+0000] {logging_mixin.py:190} INFO - [2024-12-20T05:45:35.817+0000] {dag.py:4180} INFO - Setting next_dagrun for dataset_s3_bucket_consumer to None, run_after=None
[2024-12-20T05:45:35.820+0000] {logging_mixin.py:190} INFO - [2024-12-20T05:45:35.820+0000] {dag.py:4180} INFO - Setting next_dagrun for dataset_s3_bucket_producer to None, run_after=None
[2024-12-20T05:45:35.854+0000] {processor.py:208} INFO - Processing /home/airflow/.local/lib/python3.12/site-packages/airflow/example_dags/example_dataset_alias.py took 0.940 seconds
[2024-12-20T05:46:06.361+0000] {processor.py:186} INFO - Started process (PID=14628) to work on /home/airflow/.local/lib/python3.12/site-packages/airflow/example_dags/example_dataset_alias.py
[2024-12-20T05:46:06.366+0000] {processor.py:914} INFO - Processing file /home/airflow/.local/lib/python3.12/site-packages/airflow/example_dags/example_dataset_alias.py for tasks to queue
[2024-12-20T05:46:06.399+0000] {logging_mixin.py:190} INFO - [2024-12-20T05:46:06.393+0000] {dagbag.py:588} INFO - Filling up the DagBag from /home/airflow/.local/lib/python3.12/site-packages/airflow/example_dags/example_dataset_alias.py
[2024-12-20T05:46:10.659+0000] {processor.py:925} INFO - DAG(s) 'dataset_s3_bucket_consumer', 'dataset_alias_example_alias_producer', 'dataset_s3_bucket_producer', 'dataset_alias_example_alias_consumer' retrieved from /home/airflow/.local/lib/python3.12/site-packages/airflow/example_dags/example_dataset_alias.py
[2024-12-20T05:46:10.756+0000] {logging_mixin.py:190} INFO - [2024-12-20T05:46:10.754+0000] {dag.py:3239} INFO - Sync 4 DAGs
[2024-12-20T05:46:10.866+0000] {logging_mixin.py:190} INFO - [2024-12-20T05:46:10.865+0000] {dag.py:4180} INFO - Setting next_dagrun for dataset_alias_example_alias_consumer to None, run_after=None
[2024-12-20T05:46:10.874+0000] {logging_mixin.py:190} INFO - [2024-12-20T05:46:10.873+0000] {dag.py:4180} INFO - Setting next_dagrun for dataset_alias_example_alias_producer to None, run_after=None
[2024-12-20T05:46:10.880+0000] {logging_mixin.py:190} INFO - [2024-12-20T05:46:10.879+0000] {dag.py:4180} INFO - Setting next_dagrun for dataset_s3_bucket_consumer to None, run_after=None
[2024-12-20T05:46:10.885+0000] {logging_mixin.py:190} INFO - [2024-12-20T05:46:10.884+0000] {dag.py:4180} INFO - Setting next_dagrun for dataset_s3_bucket_producer to None, run_after=None
[2024-12-20T05:46:10.955+0000] {processor.py:208} INFO - Processing /home/airflow/.local/lib/python3.12/site-packages/airflow/example_dags/example_dataset_alias.py took 4.649 seconds
[2024-12-20T05:46:41.362+0000] {processor.py:186} INFO - Started process (PID=14699) to work on /home/airflow/.local/lib/python3.12/site-packages/airflow/example_dags/example_dataset_alias.py
[2024-12-20T05:46:41.366+0000] {processor.py:914} INFO - Processing file /home/airflow/.local/lib/python3.12/site-packages/airflow/example_dags/example_dataset_alias.py for tasks to queue
[2024-12-20T05:46:41.375+0000] {logging_mixin.py:190} INFO - [2024-12-20T05:46:41.374+0000] {dagbag.py:588} INFO - Filling up the DagBag from /home/airflow/.local/lib/python3.12/site-packages/airflow/example_dags/example_dataset_alias.py
[2024-12-20T05:46:42.844+0000] {processor.py:925} INFO - DAG(s) 'dataset_alias_example_alias_producer', 'dataset_alias_example_alias_consumer', 'dataset_s3_bucket_consumer', 'dataset_s3_bucket_producer' retrieved from /home/airflow/.local/lib/python3.12/site-packages/airflow/example_dags/example_dataset_alias.py
[2024-12-20T05:46:42.898+0000] {logging_mixin.py:190} INFO - [2024-12-20T05:46:42.896+0000] {dag.py:3239} INFO - Sync 4 DAGs
[2024-12-20T05:46:42.959+0000] {logging_mixin.py:190} INFO - [2024-12-20T05:46:42.959+0000] {dag.py:4180} INFO - Setting next_dagrun for dataset_alias_example_alias_consumer to None, run_after=None
[2024-12-20T05:46:42.965+0000] {logging_mixin.py:190} INFO - [2024-12-20T05:46:42.965+0000] {dag.py:4180} INFO - Setting next_dagrun for dataset_alias_example_alias_producer to None, run_after=None
[2024-12-20T05:46:42.970+0000] {logging_mixin.py:190} INFO - [2024-12-20T05:46:42.970+0000] {dag.py:4180} INFO - Setting next_dagrun for dataset_s3_bucket_consumer to None, run_after=None
[2024-12-20T05:46:42.974+0000] {logging_mixin.py:190} INFO - [2024-12-20T05:46:42.974+0000] {dag.py:4180} INFO - Setting next_dagrun for dataset_s3_bucket_producer to None, run_after=None
[2024-12-20T05:46:43.028+0000] {processor.py:208} INFO - Processing /home/airflow/.local/lib/python3.12/site-packages/airflow/example_dags/example_dataset_alias.py took 1.684 seconds
[2024-12-20T05:47:13.761+0000] {processor.py:186} INFO - Started process (PID=14765) to work on /home/airflow/.local/lib/python3.12/site-packages/airflow/example_dags/example_dataset_alias.py
[2024-12-20T05:47:13.763+0000] {processor.py:914} INFO - Processing file /home/airflow/.local/lib/python3.12/site-packages/airflow/example_dags/example_dataset_alias.py for tasks to queue
[2024-12-20T05:47:13.769+0000] {logging_mixin.py:190} INFO - [2024-12-20T05:47:13.768+0000] {dagbag.py:588} INFO - Filling up the DagBag from /home/airflow/.local/lib/python3.12/site-packages/airflow/example_dags/example_dataset_alias.py
[2024-12-20T05:47:15.327+0000] {processor.py:925} INFO - DAG(s) 'dataset_alias_example_alias_producer', 'dataset_s3_bucket_producer', 'dataset_s3_bucket_consumer', 'dataset_alias_example_alias_consumer' retrieved from /home/airflow/.local/lib/python3.12/site-packages/airflow/example_dags/example_dataset_alias.py
[2024-12-20T05:47:15.380+0000] {logging_mixin.py:190} INFO - [2024-12-20T05:47:15.379+0000] {dag.py:3239} INFO - Sync 4 DAGs
[2024-12-20T05:47:15.446+0000] {logging_mixin.py:190} INFO - [2024-12-20T05:47:15.446+0000] {dag.py:4180} INFO - Setting next_dagrun for dataset_alias_example_alias_consumer to None, run_after=None
[2024-12-20T05:47:15.455+0000] {logging_mixin.py:190} INFO - [2024-12-20T05:47:15.454+0000] {dag.py:4180} INFO - Setting next_dagrun for dataset_alias_example_alias_producer to None, run_after=None
[2024-12-20T05:47:15.462+0000] {logging_mixin.py:190} INFO - [2024-12-20T05:47:15.462+0000] {dag.py:4180} INFO - Setting next_dagrun for dataset_s3_bucket_consumer to None, run_after=None
[2024-12-20T05:47:15.466+0000] {logging_mixin.py:190} INFO - [2024-12-20T05:47:15.466+0000] {dag.py:4180} INFO - Setting next_dagrun for dataset_s3_bucket_producer to None, run_after=None
[2024-12-20T05:47:15.516+0000] {processor.py:208} INFO - Processing /home/airflow/.local/lib/python3.12/site-packages/airflow/example_dags/example_dataset_alias.py took 1.767 seconds
[2024-12-20T05:47:45.700+0000] {processor.py:186} INFO - Started process (PID=14830) to work on /home/airflow/.local/lib/python3.12/site-packages/airflow/example_dags/example_dataset_alias.py
[2024-12-20T05:47:45.703+0000] {processor.py:914} INFO - Processing file /home/airflow/.local/lib/python3.12/site-packages/airflow/example_dags/example_dataset_alias.py for tasks to queue
[2024-12-20T05:47:45.712+0000] {logging_mixin.py:190} INFO - [2024-12-20T05:47:45.711+0000] {dagbag.py:588} INFO - Filling up the DagBag from /home/airflow/.local/lib/python3.12/site-packages/airflow/example_dags/example_dataset_alias.py
[2024-12-20T05:47:49.436+0000] {processor.py:925} INFO - DAG(s) 'dataset_alias_example_alias_consumer', 'dataset_alias_example_alias_producer', 'dataset_s3_bucket_producer', 'dataset_s3_bucket_consumer' retrieved from /home/airflow/.local/lib/python3.12/site-packages/airflow/example_dags/example_dataset_alias.py
[2024-12-20T05:47:49.598+0000] {logging_mixin.py:190} INFO - [2024-12-20T05:47:49.590+0000] {dag.py:3239} INFO - Sync 4 DAGs
[2024-12-20T05:47:49.765+0000] {logging_mixin.py:190} INFO - [2024-12-20T05:47:49.764+0000] {dag.py:4180} INFO - Setting next_dagrun for dataset_alias_example_alias_consumer to None, run_after=None
[2024-12-20T05:47:49.788+0000] {logging_mixin.py:190} INFO - [2024-12-20T05:47:49.787+0000] {dag.py:4180} INFO - Setting next_dagrun for dataset_alias_example_alias_producer to None, run_after=None
[2024-12-20T05:47:49.805+0000] {logging_mixin.py:190} INFO - [2024-12-20T05:47:49.803+0000] {dag.py:4180} INFO - Setting next_dagrun for dataset_s3_bucket_consumer to None, run_after=None
[2024-12-20T05:47:49.814+0000] {logging_mixin.py:190} INFO - [2024-12-20T05:47:49.812+0000] {dag.py:4180} INFO - Setting next_dagrun for dataset_s3_bucket_producer to None, run_after=None
[2024-12-20T05:47:49.946+0000] {processor.py:208} INFO - Processing /home/airflow/.local/lib/python3.12/site-packages/airflow/example_dags/example_dataset_alias.py took 4.278 seconds
[2024-12-20T09:18:50.031+0000] {processor.py:186} INFO - Started process (PID=80) to work on /home/airflow/.local/lib/python3.12/site-packages/airflow/example_dags/example_dataset_alias.py
[2024-12-20T09:18:50.035+0000] {processor.py:914} INFO - Processing file /home/airflow/.local/lib/python3.12/site-packages/airflow/example_dags/example_dataset_alias.py for tasks to queue
[2024-12-20T09:18:50.061+0000] {logging_mixin.py:190} INFO - [2024-12-20T09:18:50.059+0000] {dagbag.py:588} INFO - Filling up the DagBag from /home/airflow/.local/lib/python3.12/site-packages/airflow/example_dags/example_dataset_alias.py
[2024-12-20T09:18:53.508+0000] {processor.py:925} INFO - DAG(s) 'dataset_s3_bucket_producer', 'dataset_alias_example_alias_consumer', 'dataset_s3_bucket_consumer', 'dataset_alias_example_alias_producer' retrieved from /home/airflow/.local/lib/python3.12/site-packages/airflow/example_dags/example_dataset_alias.py
[2024-12-20T09:18:53.585+0000] {logging_mixin.py:190} INFO - [2024-12-20T09:18:53.584+0000] {dag.py:3239} INFO - Sync 4 DAGs
[2024-12-20T09:18:53.652+0000] {logging_mixin.py:190} INFO - [2024-12-20T09:18:53.651+0000] {dag.py:4180} INFO - Setting next_dagrun for dataset_alias_example_alias_consumer to None, run_after=None
[2024-12-20T09:18:53.661+0000] {logging_mixin.py:190} INFO - [2024-12-20T09:18:53.660+0000] {dag.py:4180} INFO - Setting next_dagrun for dataset_alias_example_alias_producer to None, run_after=None
[2024-12-20T09:18:53.666+0000] {logging_mixin.py:190} INFO - [2024-12-20T09:18:53.666+0000] {dag.py:4180} INFO - Setting next_dagrun for dataset_s3_bucket_consumer to None, run_after=None
[2024-12-20T09:18:53.671+0000] {logging_mixin.py:190} INFO - [2024-12-20T09:18:53.670+0000] {dag.py:4180} INFO - Setting next_dagrun for dataset_s3_bucket_producer to None, run_after=None
[2024-12-20T09:18:53.746+0000] {processor.py:208} INFO - Processing /home/airflow/.local/lib/python3.12/site-packages/airflow/example_dags/example_dataset_alias.py took 3.757 seconds
[2024-12-20T09:19:24.364+0000] {processor.py:186} INFO - Started process (PID=146) to work on /home/airflow/.local/lib/python3.12/site-packages/airflow/example_dags/example_dataset_alias.py
[2024-12-20T09:19:24.367+0000] {processor.py:914} INFO - Processing file /home/airflow/.local/lib/python3.12/site-packages/airflow/example_dags/example_dataset_alias.py for tasks to queue
[2024-12-20T09:19:24.372+0000] {logging_mixin.py:190} INFO - [2024-12-20T09:19:24.371+0000] {dagbag.py:588} INFO - Filling up the DagBag from /home/airflow/.local/lib/python3.12/site-packages/airflow/example_dags/example_dataset_alias.py
[2024-12-20T09:19:26.785+0000] {processor.py:925} INFO - DAG(s) 'dataset_alias_example_alias_consumer', 'dataset_alias_example_alias_producer', 'dataset_s3_bucket_consumer', 'dataset_s3_bucket_producer' retrieved from /home/airflow/.local/lib/python3.12/site-packages/airflow/example_dags/example_dataset_alias.py
[2024-12-20T09:19:26.912+0000] {logging_mixin.py:190} INFO - [2024-12-20T09:19:26.910+0000] {dag.py:3239} INFO - Sync 4 DAGs
[2024-12-20T09:19:27.031+0000] {logging_mixin.py:190} INFO - [2024-12-20T09:19:27.030+0000] {dag.py:4180} INFO - Setting next_dagrun for dataset_alias_example_alias_consumer to None, run_after=None
[2024-12-20T09:19:27.043+0000] {logging_mixin.py:190} INFO - [2024-12-20T09:19:27.042+0000] {dag.py:4180} INFO - Setting next_dagrun for dataset_alias_example_alias_producer to None, run_after=None
[2024-12-20T09:19:27.049+0000] {logging_mixin.py:190} INFO - [2024-12-20T09:19:27.048+0000] {dag.py:4180} INFO - Setting next_dagrun for dataset_s3_bucket_consumer to None, run_after=None
[2024-12-20T09:19:27.056+0000] {logging_mixin.py:190} INFO - [2024-12-20T09:19:27.055+0000] {dag.py:4180} INFO - Setting next_dagrun for dataset_s3_bucket_producer to None, run_after=None
[2024-12-20T09:19:27.196+0000] {processor.py:208} INFO - Processing /home/airflow/.local/lib/python3.12/site-packages/airflow/example_dags/example_dataset_alias.py took 2.853 seconds
[2024-12-20T09:20:03.479+0000] {processor.py:186} INFO - Started process (PID=217) to work on /home/airflow/.local/lib/python3.12/site-packages/airflow/example_dags/example_dataset_alias.py
[2024-12-20T09:20:03.484+0000] {processor.py:914} INFO - Processing file /home/airflow/.local/lib/python3.12/site-packages/airflow/example_dags/example_dataset_alias.py for tasks to queue
[2024-12-20T09:20:03.490+0000] {logging_mixin.py:190} INFO - [2024-12-20T09:20:03.489+0000] {dagbag.py:588} INFO - Filling up the DagBag from /home/airflow/.local/lib/python3.12/site-packages/airflow/example_dags/example_dataset_alias.py
[2024-12-20T09:20:08.721+0000] {processor.py:925} INFO - DAG(s) 'dataset_alias_example_alias_consumer', 'dataset_s3_bucket_producer', 'dataset_alias_example_alias_producer', 'dataset_s3_bucket_consumer' retrieved from /home/airflow/.local/lib/python3.12/site-packages/airflow/example_dags/example_dataset_alias.py
[2024-12-20T09:20:08.870+0000] {logging_mixin.py:190} INFO - [2024-12-20T09:20:08.867+0000] {dag.py:3239} INFO - Sync 4 DAGs
[2024-12-20T09:20:09.042+0000] {logging_mixin.py:190} INFO - [2024-12-20T09:20:09.041+0000] {dag.py:4180} INFO - Setting next_dagrun for dataset_alias_example_alias_consumer to None, run_after=None
[2024-12-20T09:20:09.074+0000] {logging_mixin.py:190} INFO - [2024-12-20T09:20:09.073+0000] {dag.py:4180} INFO - Setting next_dagrun for dataset_alias_example_alias_producer to None, run_after=None
[2024-12-20T09:20:09.081+0000] {logging_mixin.py:190} INFO - [2024-12-20T09:20:09.080+0000] {dag.py:4180} INFO - Setting next_dagrun for dataset_s3_bucket_consumer to None, run_after=None
[2024-12-20T09:20:09.094+0000] {logging_mixin.py:190} INFO - [2024-12-20T09:20:09.093+0000] {dag.py:4180} INFO - Setting next_dagrun for dataset_s3_bucket_producer to None, run_after=None
[2024-12-20T09:20:09.274+0000] {processor.py:208} INFO - Processing /home/airflow/.local/lib/python3.12/site-packages/airflow/example_dags/example_dataset_alias.py took 5.820 seconds
[2024-12-20T09:20:47.391+0000] {processor.py:186} INFO - Started process (PID=293) to work on /home/airflow/.local/lib/python3.12/site-packages/airflow/example_dags/example_dataset_alias.py
[2024-12-20T09:20:47.399+0000] {processor.py:914} INFO - Processing file /home/airflow/.local/lib/python3.12/site-packages/airflow/example_dags/example_dataset_alias.py for tasks to queue
[2024-12-20T09:20:47.405+0000] {logging_mixin.py:190} INFO - [2024-12-20T09:20:47.403+0000] {dagbag.py:588} INFO - Filling up the DagBag from /home/airflow/.local/lib/python3.12/site-packages/airflow/example_dags/example_dataset_alias.py
[2024-12-20T09:20:53.222+0000] {processor.py:925} INFO - DAG(s) 'dataset_alias_example_alias_consumer', 'dataset_s3_bucket_consumer', 'dataset_s3_bucket_producer', 'dataset_alias_example_alias_producer' retrieved from /home/airflow/.local/lib/python3.12/site-packages/airflow/example_dags/example_dataset_alias.py
[2024-12-20T09:20:53.364+0000] {logging_mixin.py:190} INFO - [2024-12-20T09:20:53.362+0000] {dag.py:3239} INFO - Sync 4 DAGs
[2024-12-20T09:20:53.515+0000] {logging_mixin.py:190} INFO - [2024-12-20T09:20:53.514+0000] {dag.py:4180} INFO - Setting next_dagrun for dataset_alias_example_alias_consumer to None, run_after=None
[2024-12-20T09:20:53.531+0000] {logging_mixin.py:190} INFO - [2024-12-20T09:20:53.530+0000] {dag.py:4180} INFO - Setting next_dagrun for dataset_alias_example_alias_producer to None, run_after=None
[2024-12-20T09:20:53.545+0000] {logging_mixin.py:190} INFO - [2024-12-20T09:20:53.544+0000] {dag.py:4180} INFO - Setting next_dagrun for dataset_s3_bucket_consumer to None, run_after=None
[2024-12-20T09:20:53.551+0000] {logging_mixin.py:190} INFO - [2024-12-20T09:20:53.550+0000] {dag.py:4180} INFO - Setting next_dagrun for dataset_s3_bucket_producer to None, run_after=None
[2024-12-20T09:20:53.737+0000] {processor.py:208} INFO - Processing /home/airflow/.local/lib/python3.12/site-packages/airflow/example_dags/example_dataset_alias.py took 6.390 seconds
[2024-12-20T09:21:32.855+0000] {processor.py:186} INFO - Started process (PID=366) to work on /home/airflow/.local/lib/python3.12/site-packages/airflow/example_dags/example_dataset_alias.py
[2024-12-20T09:21:32.859+0000] {processor.py:914} INFO - Processing file /home/airflow/.local/lib/python3.12/site-packages/airflow/example_dags/example_dataset_alias.py for tasks to queue
[2024-12-20T09:21:32.865+0000] {logging_mixin.py:190} INFO - [2024-12-20T09:21:32.863+0000] {dagbag.py:588} INFO - Filling up the DagBag from /home/airflow/.local/lib/python3.12/site-packages/airflow/example_dags/example_dataset_alias.py
[2024-12-20T09:21:37.179+0000] {processor.py:925} INFO - DAG(s) 'dataset_s3_bucket_producer', 'dataset_alias_example_alias_producer', 'dataset_s3_bucket_consumer', 'dataset_alias_example_alias_consumer' retrieved from /home/airflow/.local/lib/python3.12/site-packages/airflow/example_dags/example_dataset_alias.py
[2024-12-20T09:21:37.333+0000] {logging_mixin.py:190} INFO - [2024-12-20T09:21:37.323+0000] {dag.py:3239} INFO - Sync 4 DAGs
[2024-12-20T09:21:37.490+0000] {logging_mixin.py:190} INFO - [2024-12-20T09:21:37.489+0000] {dag.py:4180} INFO - Setting next_dagrun for dataset_alias_example_alias_consumer to None, run_after=None
[2024-12-20T09:21:37.512+0000] {logging_mixin.py:190} INFO - [2024-12-20T09:21:37.511+0000] {dag.py:4180} INFO - Setting next_dagrun for dataset_alias_example_alias_producer to None, run_after=None
[2024-12-20T09:21:37.528+0000] {logging_mixin.py:190} INFO - [2024-12-20T09:21:37.528+0000] {dag.py:4180} INFO - Setting next_dagrun for dataset_s3_bucket_consumer to None, run_after=None
[2024-12-20T09:21:37.535+0000] {logging_mixin.py:190} INFO - [2024-12-20T09:21:37.535+0000] {dag.py:4180} INFO - Setting next_dagrun for dataset_s3_bucket_producer to None, run_after=None
[2024-12-20T09:21:37.672+0000] {processor.py:208} INFO - Processing /home/airflow/.local/lib/python3.12/site-packages/airflow/example_dags/example_dataset_alias.py took 4.853 seconds
[2024-12-20T09:22:40.488+0000] {processor.py:186} INFO - Started process (PID=458) to work on /home/airflow/.local/lib/python3.12/site-packages/airflow/example_dags/example_dataset_alias.py
[2024-12-20T09:22:40.497+0000] {processor.py:914} INFO - Processing file /home/airflow/.local/lib/python3.12/site-packages/airflow/example_dags/example_dataset_alias.py for tasks to queue
[2024-12-20T09:22:40.562+0000] {logging_mixin.py:190} INFO - [2024-12-20T09:22:40.559+0000] {dagbag.py:588} INFO - Filling up the DagBag from /home/airflow/.local/lib/python3.12/site-packages/airflow/example_dags/example_dataset_alias.py
[2024-12-20T09:22:45.464+0000] {processor.py:925} INFO - DAG(s) 'dataset_alias_example_alias_consumer', 'dataset_s3_bucket_consumer', 'dataset_alias_example_alias_producer', 'dataset_s3_bucket_producer' retrieved from /home/airflow/.local/lib/python3.12/site-packages/airflow/example_dags/example_dataset_alias.py
[2024-12-20T09:22:45.671+0000] {logging_mixin.py:190} INFO - [2024-12-20T09:22:45.666+0000] {dag.py:3239} INFO - Sync 4 DAGs
[2024-12-20T09:22:45.875+0000] {logging_mixin.py:190} INFO - [2024-12-20T09:22:45.874+0000] {dag.py:4180} INFO - Setting next_dagrun for dataset_alias_example_alias_consumer to None, run_after=None
[2024-12-20T09:22:45.909+0000] {logging_mixin.py:190} INFO - [2024-12-20T09:22:45.908+0000] {dag.py:4180} INFO - Setting next_dagrun for dataset_alias_example_alias_producer to None, run_after=None
[2024-12-20T09:22:45.943+0000] {logging_mixin.py:190} INFO - [2024-12-20T09:22:45.937+0000] {dag.py:4180} INFO - Setting next_dagrun for dataset_s3_bucket_consumer to None, run_after=None
[2024-12-20T09:22:45.965+0000] {logging_mixin.py:190} INFO - [2024-12-20T09:22:45.964+0000] {dag.py:4180} INFO - Setting next_dagrun for dataset_s3_bucket_producer to None, run_after=None
[2024-12-20T09:22:46.132+0000] {processor.py:208} INFO - Processing /home/airflow/.local/lib/python3.12/site-packages/airflow/example_dags/example_dataset_alias.py took 5.712 seconds
[2024-12-20T09:23:20.614+0000] {processor.py:186} INFO - Started process (PID=527) to work on /home/airflow/.local/lib/python3.12/site-packages/airflow/example_dags/example_dataset_alias.py
[2024-12-20T09:23:20.617+0000] {processor.py:914} INFO - Processing file /home/airflow/.local/lib/python3.12/site-packages/airflow/example_dags/example_dataset_alias.py for tasks to queue
[2024-12-20T09:23:20.622+0000] {logging_mixin.py:190} INFO - [2024-12-20T09:23:20.621+0000] {dagbag.py:588} INFO - Filling up the DagBag from /home/airflow/.local/lib/python3.12/site-packages/airflow/example_dags/example_dataset_alias.py
[2024-12-20T09:23:24.256+0000] {processor.py:925} INFO - DAG(s) 'dataset_alias_example_alias_consumer', 'dataset_s3_bucket_consumer', 'dataset_s3_bucket_producer', 'dataset_alias_example_alias_producer' retrieved from /home/airflow/.local/lib/python3.12/site-packages/airflow/example_dags/example_dataset_alias.py
[2024-12-20T09:23:24.331+0000] {logging_mixin.py:190} INFO - [2024-12-20T09:23:24.330+0000] {dag.py:3239} INFO - Sync 4 DAGs
[2024-12-20T09:23:24.430+0000] {logging_mixin.py:190} INFO - [2024-12-20T09:23:24.430+0000] {dag.py:4180} INFO - Setting next_dagrun for dataset_alias_example_alias_consumer to None, run_after=None
[2024-12-20T09:23:24.440+0000] {logging_mixin.py:190} INFO - [2024-12-20T09:23:24.440+0000] {dag.py:4180} INFO - Setting next_dagrun for dataset_alias_example_alias_producer to None, run_after=None
[2024-12-20T09:23:24.446+0000] {logging_mixin.py:190} INFO - [2024-12-20T09:23:24.446+0000] {dag.py:4180} INFO - Setting next_dagrun for dataset_s3_bucket_consumer to None, run_after=None
[2024-12-20T09:23:24.452+0000] {logging_mixin.py:190} INFO - [2024-12-20T09:23:24.451+0000] {dag.py:4180} INFO - Setting next_dagrun for dataset_s3_bucket_producer to None, run_after=None
[2024-12-20T09:23:24.525+0000] {processor.py:208} INFO - Processing /home/airflow/.local/lib/python3.12/site-packages/airflow/example_dags/example_dataset_alias.py took 3.935 seconds
[2024-12-20T09:23:54.991+0000] {processor.py:186} INFO - Started process (PID=597) to work on /home/airflow/.local/lib/python3.12/site-packages/airflow/example_dags/example_dataset_alias.py
[2024-12-20T09:23:54.994+0000] {processor.py:914} INFO - Processing file /home/airflow/.local/lib/python3.12/site-packages/airflow/example_dags/example_dataset_alias.py for tasks to queue
[2024-12-20T09:23:55.006+0000] {logging_mixin.py:190} INFO - [2024-12-20T09:23:55.005+0000] {dagbag.py:588} INFO - Filling up the DagBag from /home/airflow/.local/lib/python3.12/site-packages/airflow/example_dags/example_dataset_alias.py
[2024-12-20T09:23:56.990+0000] {processor.py:925} INFO - DAG(s) 'dataset_alias_example_alias_producer', 'dataset_alias_example_alias_consumer', 'dataset_s3_bucket_consumer', 'dataset_s3_bucket_producer' retrieved from /home/airflow/.local/lib/python3.12/site-packages/airflow/example_dags/example_dataset_alias.py
[2024-12-20T09:23:57.045+0000] {logging_mixin.py:190} INFO - [2024-12-20T09:23:57.044+0000] {dag.py:3239} INFO - Sync 4 DAGs
[2024-12-20T09:23:57.123+0000] {logging_mixin.py:190} INFO - [2024-12-20T09:23:57.122+0000] {dag.py:4180} INFO - Setting next_dagrun for dataset_alias_example_alias_consumer to None, run_after=None
[2024-12-20T09:23:57.140+0000] {logging_mixin.py:190} INFO - [2024-12-20T09:23:57.139+0000] {dag.py:4180} INFO - Setting next_dagrun for dataset_alias_example_alias_producer to None, run_after=None
[2024-12-20T09:23:57.150+0000] {logging_mixin.py:190} INFO - [2024-12-20T09:23:57.149+0000] {dag.py:4180} INFO - Setting next_dagrun for dataset_s3_bucket_consumer to None, run_after=None
[2024-12-20T09:23:57.159+0000] {logging_mixin.py:190} INFO - [2024-12-20T09:23:57.159+0000] {dag.py:4180} INFO - Setting next_dagrun for dataset_s3_bucket_producer to None, run_after=None
[2024-12-20T09:23:57.284+0000] {processor.py:208} INFO - Processing /home/airflow/.local/lib/python3.12/site-packages/airflow/example_dags/example_dataset_alias.py took 2.326 seconds
[2024-12-20T09:24:28.045+0000] {processor.py:186} INFO - Started process (PID=667) to work on /home/airflow/.local/lib/python3.12/site-packages/airflow/example_dags/example_dataset_alias.py
[2024-12-20T09:24:28.047+0000] {processor.py:914} INFO - Processing file /home/airflow/.local/lib/python3.12/site-packages/airflow/example_dags/example_dataset_alias.py for tasks to queue
[2024-12-20T09:24:28.051+0000] {logging_mixin.py:190} INFO - [2024-12-20T09:24:28.050+0000] {dagbag.py:588} INFO - Filling up the DagBag from /home/airflow/.local/lib/python3.12/site-packages/airflow/example_dags/example_dataset_alias.py
[2024-12-20T09:24:29.510+0000] {processor.py:925} INFO - DAG(s) 'dataset_s3_bucket_producer', 'dataset_s3_bucket_consumer', 'dataset_alias_example_alias_producer', 'dataset_alias_example_alias_consumer' retrieved from /home/airflow/.local/lib/python3.12/site-packages/airflow/example_dags/example_dataset_alias.py
[2024-12-20T09:24:29.570+0000] {logging_mixin.py:190} INFO - [2024-12-20T09:24:29.569+0000] {dag.py:3239} INFO - Sync 4 DAGs
[2024-12-20T09:24:29.620+0000] {logging_mixin.py:190} INFO - [2024-12-20T09:24:29.619+0000] {dag.py:4180} INFO - Setting next_dagrun for dataset_alias_example_alias_consumer to None, run_after=None
[2024-12-20T09:24:29.627+0000] {logging_mixin.py:190} INFO - [2024-12-20T09:24:29.627+0000] {dag.py:4180} INFO - Setting next_dagrun for dataset_alias_example_alias_producer to None, run_after=None
[2024-12-20T09:24:29.633+0000] {logging_mixin.py:190} INFO - [2024-12-20T09:24:29.632+0000] {dag.py:4180} INFO - Setting next_dagrun for dataset_s3_bucket_consumer to None, run_after=None
[2024-12-20T09:24:29.639+0000] {logging_mixin.py:190} INFO - [2024-12-20T09:24:29.638+0000] {dag.py:4180} INFO - Setting next_dagrun for dataset_s3_bucket_producer to None, run_after=None
[2024-12-20T09:24:29.697+0000] {processor.py:208} INFO - Processing /home/airflow/.local/lib/python3.12/site-packages/airflow/example_dags/example_dataset_alias.py took 1.667 seconds
[2024-12-20T09:25:00.541+0000] {processor.py:186} INFO - Started process (PID=736) to work on /home/airflow/.local/lib/python3.12/site-packages/airflow/example_dags/example_dataset_alias.py
[2024-12-20T09:25:00.544+0000] {processor.py:914} INFO - Processing file /home/airflow/.local/lib/python3.12/site-packages/airflow/example_dags/example_dataset_alias.py for tasks to queue
[2024-12-20T09:25:00.548+0000] {logging_mixin.py:190} INFO - [2024-12-20T09:25:00.546+0000] {dagbag.py:588} INFO - Filling up the DagBag from /home/airflow/.local/lib/python3.12/site-packages/airflow/example_dags/example_dataset_alias.py
[2024-12-20T09:25:02.122+0000] {processor.py:925} INFO - DAG(s) 'dataset_s3_bucket_consumer', 'dataset_alias_example_alias_consumer', 'dataset_s3_bucket_producer', 'dataset_alias_example_alias_producer' retrieved from /home/airflow/.local/lib/python3.12/site-packages/airflow/example_dags/example_dataset_alias.py
[2024-12-20T09:25:02.182+0000] {logging_mixin.py:190} INFO - [2024-12-20T09:25:02.180+0000] {dag.py:3239} INFO - Sync 4 DAGs
[2024-12-20T09:25:02.275+0000] {logging_mixin.py:190} INFO - [2024-12-20T09:25:02.274+0000] {dag.py:4180} INFO - Setting next_dagrun for dataset_alias_example_alias_consumer to None, run_after=None
[2024-12-20T09:25:02.287+0000] {logging_mixin.py:190} INFO - [2024-12-20T09:25:02.285+0000] {dag.py:4180} INFO - Setting next_dagrun for dataset_alias_example_alias_producer to None, run_after=None
[2024-12-20T09:25:02.295+0000] {logging_mixin.py:190} INFO - [2024-12-20T09:25:02.295+0000] {dag.py:4180} INFO - Setting next_dagrun for dataset_s3_bucket_consumer to None, run_after=None
[2024-12-20T09:25:02.302+0000] {logging_mixin.py:190} INFO - [2024-12-20T09:25:02.301+0000] {dag.py:4180} INFO - Setting next_dagrun for dataset_s3_bucket_producer to None, run_after=None
[2024-12-20T09:25:02.494+0000] {processor.py:208} INFO - Processing /home/airflow/.local/lib/python3.12/site-packages/airflow/example_dags/example_dataset_alias.py took 1.969 seconds
