[2024-12-20T05:28:25.184+0000] {processor.py:186} INFO - Started process (PID=12483) to work on /home/airflow/.local/lib/python3.12/site-packages/airflow/example_dags/example_complex.py
[2024-12-20T05:28:25.219+0000] {processor.py:914} INFO - Processing file /home/airflow/.local/lib/python3.12/site-packages/airflow/example_dags/example_complex.py for tasks to queue
[2024-12-20T05:28:25.261+0000] {logging_mixin.py:190} INFO - [2024-12-20T05:28:25.251+0000] {dagbag.py:588} INFO - Filling up the DagBag from /home/airflow/.local/lib/python3.12/site-packages/airflow/example_dags/example_complex.py
[2024-12-20T05:28:25.436+0000] {processor.py:925} INFO - DAG(s) 'example_complex' retrieved from /home/airflow/.local/lib/python3.12/site-packages/airflow/example_dags/example_complex.py
[2024-12-20T05:28:25.884+0000] {logging_mixin.py:190} INFO - [2024-12-20T05:28:25.883+0000] {dag.py:3239} INFO - Sync 1 DAGs
[2024-12-20T05:28:26.138+0000] {logging_mixin.py:190} INFO - [2024-12-20T05:28:26.137+0000] {dag.py:4180} INFO - Setting next_dagrun for example_complex to None, run_after=None
[2024-12-20T05:28:26.298+0000] {processor.py:208} INFO - Processing /home/airflow/.local/lib/python3.12/site-packages/airflow/example_dags/example_complex.py took 1.189 seconds
[2024-12-20T05:29:15.608+0000] {processor.py:186} INFO - Started process (PID=12553) to work on /home/airflow/.local/lib/python3.12/site-packages/airflow/example_dags/example_complex.py
[2024-12-20T05:29:15.612+0000] {processor.py:914} INFO - Processing file /home/airflow/.local/lib/python3.12/site-packages/airflow/example_dags/example_complex.py for tasks to queue
[2024-12-20T05:29:15.626+0000] {logging_mixin.py:190} INFO - [2024-12-20T05:29:15.624+0000] {dagbag.py:588} INFO - Filling up the DagBag from /home/airflow/.local/lib/python3.12/site-packages/airflow/example_dags/example_complex.py
[2024-12-20T05:29:15.683+0000] {processor.py:925} INFO - DAG(s) 'example_complex' retrieved from /home/airflow/.local/lib/python3.12/site-packages/airflow/example_dags/example_complex.py
[2024-12-20T05:29:15.860+0000] {logging_mixin.py:190} INFO - [2024-12-20T05:29:15.860+0000] {dag.py:3239} INFO - Sync 1 DAGs
[2024-12-20T05:29:15.934+0000] {logging_mixin.py:190} INFO - [2024-12-20T05:29:15.933+0000] {dag.py:4180} INFO - Setting next_dagrun for example_complex to None, run_after=None
[2024-12-20T05:29:16.047+0000] {processor.py:208} INFO - Processing /home/airflow/.local/lib/python3.12/site-packages/airflow/example_dags/example_complex.py took 0.468 seconds
[2024-12-20T05:29:47.498+0000] {processor.py:186} INFO - Started process (PID=12618) to work on /home/airflow/.local/lib/python3.12/site-packages/airflow/example_dags/example_complex.py
[2024-12-20T05:29:47.502+0000] {processor.py:914} INFO - Processing file /home/airflow/.local/lib/python3.12/site-packages/airflow/example_dags/example_complex.py for tasks to queue
[2024-12-20T05:29:47.510+0000] {logging_mixin.py:190} INFO - [2024-12-20T05:29:47.509+0000] {dagbag.py:588} INFO - Filling up the DagBag from /home/airflow/.local/lib/python3.12/site-packages/airflow/example_dags/example_complex.py
[2024-12-20T05:29:47.554+0000] {processor.py:925} INFO - DAG(s) 'example_complex' retrieved from /home/airflow/.local/lib/python3.12/site-packages/airflow/example_dags/example_complex.py
[2024-12-20T05:29:47.655+0000] {logging_mixin.py:190} INFO - [2024-12-20T05:29:47.654+0000] {dag.py:3239} INFO - Sync 1 DAGs
[2024-12-20T05:29:47.698+0000] {logging_mixin.py:190} INFO - [2024-12-20T05:29:47.698+0000] {dag.py:4180} INFO - Setting next_dagrun for example_complex to None, run_after=None
[2024-12-20T05:29:47.754+0000] {processor.py:208} INFO - Processing /home/airflow/.local/lib/python3.12/site-packages/airflow/example_dags/example_complex.py took 0.274 seconds
[2024-12-20T05:30:20.050+0000] {processor.py:186} INFO - Started process (PID=12684) to work on /home/airflow/.local/lib/python3.12/site-packages/airflow/example_dags/example_complex.py
[2024-12-20T05:30:20.052+0000] {processor.py:914} INFO - Processing file /home/airflow/.local/lib/python3.12/site-packages/airflow/example_dags/example_complex.py for tasks to queue
[2024-12-20T05:30:20.057+0000] {logging_mixin.py:190} INFO - [2024-12-20T05:30:20.056+0000] {dagbag.py:588} INFO - Filling up the DagBag from /home/airflow/.local/lib/python3.12/site-packages/airflow/example_dags/example_complex.py
[2024-12-20T05:30:20.087+0000] {processor.py:925} INFO - DAG(s) 'example_complex' retrieved from /home/airflow/.local/lib/python3.12/site-packages/airflow/example_dags/example_complex.py
[2024-12-20T05:30:20.151+0000] {logging_mixin.py:190} INFO - [2024-12-20T05:30:20.151+0000] {dag.py:3239} INFO - Sync 1 DAGs
[2024-12-20T05:30:20.182+0000] {logging_mixin.py:190} INFO - [2024-12-20T05:30:20.182+0000] {dag.py:4180} INFO - Setting next_dagrun for example_complex to None, run_after=None
[2024-12-20T05:30:20.255+0000] {processor.py:208} INFO - Processing /home/airflow/.local/lib/python3.12/site-packages/airflow/example_dags/example_complex.py took 0.218 seconds
[2024-12-20T05:30:52.529+0000] {processor.py:186} INFO - Started process (PID=12749) to work on /home/airflow/.local/lib/python3.12/site-packages/airflow/example_dags/example_complex.py
[2024-12-20T05:30:52.531+0000] {processor.py:914} INFO - Processing file /home/airflow/.local/lib/python3.12/site-packages/airflow/example_dags/example_complex.py for tasks to queue
[2024-12-20T05:30:52.537+0000] {logging_mixin.py:190} INFO - [2024-12-20T05:30:52.536+0000] {dagbag.py:588} INFO - Filling up the DagBag from /home/airflow/.local/lib/python3.12/site-packages/airflow/example_dags/example_complex.py
[2024-12-20T05:30:52.573+0000] {processor.py:925} INFO - DAG(s) 'example_complex' retrieved from /home/airflow/.local/lib/python3.12/site-packages/airflow/example_dags/example_complex.py
[2024-12-20T05:30:52.682+0000] {logging_mixin.py:190} INFO - [2024-12-20T05:30:52.681+0000] {dag.py:3239} INFO - Sync 1 DAGs
[2024-12-20T05:30:52.758+0000] {logging_mixin.py:190} INFO - [2024-12-20T05:30:52.757+0000] {dag.py:4180} INFO - Setting next_dagrun for example_complex to None, run_after=None
[2024-12-20T05:30:52.870+0000] {processor.py:208} INFO - Processing /home/airflow/.local/lib/python3.12/site-packages/airflow/example_dags/example_complex.py took 0.355 seconds
[2024-12-20T05:31:24.126+0000] {processor.py:186} INFO - Started process (PID=12814) to work on /home/airflow/.local/lib/python3.12/site-packages/airflow/example_dags/example_complex.py
[2024-12-20T05:31:24.128+0000] {processor.py:914} INFO - Processing file /home/airflow/.local/lib/python3.12/site-packages/airflow/example_dags/example_complex.py for tasks to queue
[2024-12-20T05:31:24.134+0000] {logging_mixin.py:190} INFO - [2024-12-20T05:31:24.133+0000] {dagbag.py:588} INFO - Filling up the DagBag from /home/airflow/.local/lib/python3.12/site-packages/airflow/example_dags/example_complex.py
[2024-12-20T05:31:24.167+0000] {processor.py:925} INFO - DAG(s) 'example_complex' retrieved from /home/airflow/.local/lib/python3.12/site-packages/airflow/example_dags/example_complex.py
[2024-12-20T05:31:24.242+0000] {logging_mixin.py:190} INFO - [2024-12-20T05:31:24.241+0000] {dag.py:3239} INFO - Sync 1 DAGs
[2024-12-20T05:31:24.278+0000] {logging_mixin.py:190} INFO - [2024-12-20T05:31:24.277+0000] {dag.py:4180} INFO - Setting next_dagrun for example_complex to None, run_after=None
[2024-12-20T05:31:24.356+0000] {processor.py:208} INFO - Processing /home/airflow/.local/lib/python3.12/site-packages/airflow/example_dags/example_complex.py took 0.247 seconds
[2024-12-20T05:31:55.890+0000] {processor.py:186} INFO - Started process (PID=12879) to work on /home/airflow/.local/lib/python3.12/site-packages/airflow/example_dags/example_complex.py
[2024-12-20T05:31:55.893+0000] {processor.py:914} INFO - Processing file /home/airflow/.local/lib/python3.12/site-packages/airflow/example_dags/example_complex.py for tasks to queue
[2024-12-20T05:31:55.900+0000] {logging_mixin.py:190} INFO - [2024-12-20T05:31:55.898+0000] {dagbag.py:588} INFO - Filling up the DagBag from /home/airflow/.local/lib/python3.12/site-packages/airflow/example_dags/example_complex.py
[2024-12-20T05:31:55.932+0000] {processor.py:925} INFO - DAG(s) 'example_complex' retrieved from /home/airflow/.local/lib/python3.12/site-packages/airflow/example_dags/example_complex.py
[2024-12-20T05:31:56.033+0000] {logging_mixin.py:190} INFO - [2024-12-20T05:31:56.032+0000] {dag.py:3239} INFO - Sync 1 DAGs
[2024-12-20T05:31:56.080+0000] {logging_mixin.py:190} INFO - [2024-12-20T05:31:56.079+0000] {dag.py:4180} INFO - Setting next_dagrun for example_complex to None, run_after=None
[2024-12-20T05:31:56.136+0000] {processor.py:208} INFO - Processing /home/airflow/.local/lib/python3.12/site-packages/airflow/example_dags/example_complex.py took 0.265 seconds
[2024-12-20T05:32:28.141+0000] {processor.py:186} INFO - Started process (PID=12944) to work on /home/airflow/.local/lib/python3.12/site-packages/airflow/example_dags/example_complex.py
[2024-12-20T05:32:28.143+0000] {processor.py:914} INFO - Processing file /home/airflow/.local/lib/python3.12/site-packages/airflow/example_dags/example_complex.py for tasks to queue
[2024-12-20T05:32:28.148+0000] {logging_mixin.py:190} INFO - [2024-12-20T05:32:28.147+0000] {dagbag.py:588} INFO - Filling up the DagBag from /home/airflow/.local/lib/python3.12/site-packages/airflow/example_dags/example_complex.py
[2024-12-20T05:32:28.179+0000] {processor.py:925} INFO - DAG(s) 'example_complex' retrieved from /home/airflow/.local/lib/python3.12/site-packages/airflow/example_dags/example_complex.py
[2024-12-20T05:32:28.256+0000] {logging_mixin.py:190} INFO - [2024-12-20T05:32:28.255+0000] {dag.py:3239} INFO - Sync 1 DAGs
[2024-12-20T05:32:28.292+0000] {logging_mixin.py:190} INFO - [2024-12-20T05:32:28.292+0000] {dag.py:4180} INFO - Setting next_dagrun for example_complex to None, run_after=None
[2024-12-20T05:32:28.372+0000] {processor.py:208} INFO - Processing /home/airflow/.local/lib/python3.12/site-packages/airflow/example_dags/example_complex.py took 0.244 seconds
[2024-12-20T05:33:01.187+0000] {processor.py:186} INFO - Started process (PID=13009) to work on /home/airflow/.local/lib/python3.12/site-packages/airflow/example_dags/example_complex.py
[2024-12-20T05:33:01.191+0000] {processor.py:914} INFO - Processing file /home/airflow/.local/lib/python3.12/site-packages/airflow/example_dags/example_complex.py for tasks to queue
[2024-12-20T05:33:01.200+0000] {logging_mixin.py:190} INFO - [2024-12-20T05:33:01.198+0000] {dagbag.py:588} INFO - Filling up the DagBag from /home/airflow/.local/lib/python3.12/site-packages/airflow/example_dags/example_complex.py
[2024-12-20T05:33:01.254+0000] {processor.py:925} INFO - DAG(s) 'example_complex' retrieved from /home/airflow/.local/lib/python3.12/site-packages/airflow/example_dags/example_complex.py
[2024-12-20T05:33:01.396+0000] {logging_mixin.py:190} INFO - [2024-12-20T05:33:01.396+0000] {dag.py:3239} INFO - Sync 1 DAGs
[2024-12-20T05:33:01.491+0000] {logging_mixin.py:190} INFO - [2024-12-20T05:33:01.485+0000] {dag.py:4180} INFO - Setting next_dagrun for example_complex to None, run_after=None
[2024-12-20T05:33:01.595+0000] {processor.py:208} INFO - Processing /home/airflow/.local/lib/python3.12/site-packages/airflow/example_dags/example_complex.py took 0.428 seconds
[2024-12-20T05:33:32.941+0000] {processor.py:186} INFO - Started process (PID=13080) to work on /home/airflow/.local/lib/python3.12/site-packages/airflow/example_dags/example_complex.py
[2024-12-20T05:33:32.943+0000] {processor.py:914} INFO - Processing file /home/airflow/.local/lib/python3.12/site-packages/airflow/example_dags/example_complex.py for tasks to queue
[2024-12-20T05:33:32.950+0000] {logging_mixin.py:190} INFO - [2024-12-20T05:33:32.949+0000] {dagbag.py:588} INFO - Filling up the DagBag from /home/airflow/.local/lib/python3.12/site-packages/airflow/example_dags/example_complex.py
[2024-12-20T05:33:32.982+0000] {processor.py:925} INFO - DAG(s) 'example_complex' retrieved from /home/airflow/.local/lib/python3.12/site-packages/airflow/example_dags/example_complex.py
[2024-12-20T05:33:33.063+0000] {logging_mixin.py:190} INFO - [2024-12-20T05:33:33.062+0000] {dag.py:3239} INFO - Sync 1 DAGs
[2024-12-20T05:33:33.099+0000] {logging_mixin.py:190} INFO - [2024-12-20T05:33:33.098+0000] {dag.py:4180} INFO - Setting next_dagrun for example_complex to None, run_after=None
[2024-12-20T05:33:33.180+0000] {processor.py:208} INFO - Processing /home/airflow/.local/lib/python3.12/site-packages/airflow/example_dags/example_complex.py took 0.252 seconds
[2024-12-20T05:34:09.928+0000] {processor.py:186} INFO - Started process (PID=13148) to work on /home/airflow/.local/lib/python3.12/site-packages/airflow/example_dags/example_complex.py
[2024-12-20T05:34:09.932+0000] {processor.py:914} INFO - Processing file /home/airflow/.local/lib/python3.12/site-packages/airflow/example_dags/example_complex.py for tasks to queue
[2024-12-20T05:34:09.946+0000] {logging_mixin.py:190} INFO - [2024-12-20T05:34:09.944+0000] {dagbag.py:588} INFO - Filling up the DagBag from /home/airflow/.local/lib/python3.12/site-packages/airflow/example_dags/example_complex.py
[2024-12-20T05:34:10.024+0000] {processor.py:925} INFO - DAG(s) 'example_complex' retrieved from /home/airflow/.local/lib/python3.12/site-packages/airflow/example_dags/example_complex.py
[2024-12-20T05:34:10.273+0000] {logging_mixin.py:190} INFO - [2024-12-20T05:34:10.272+0000] {dag.py:3239} INFO - Sync 1 DAGs
[2024-12-20T05:34:10.341+0000] {logging_mixin.py:190} INFO - [2024-12-20T05:34:10.339+0000] {dag.py:4180} INFO - Setting next_dagrun for example_complex to None, run_after=None
[2024-12-20T05:34:10.414+0000] {processor.py:208} INFO - Processing /home/airflow/.local/lib/python3.12/site-packages/airflow/example_dags/example_complex.py took 0.515 seconds
[2024-12-20T05:34:42.301+0000] {processor.py:186} INFO - Started process (PID=13213) to work on /home/airflow/.local/lib/python3.12/site-packages/airflow/example_dags/example_complex.py
[2024-12-20T05:34:42.304+0000] {processor.py:914} INFO - Processing file /home/airflow/.local/lib/python3.12/site-packages/airflow/example_dags/example_complex.py for tasks to queue
[2024-12-20T05:34:42.313+0000] {logging_mixin.py:190} INFO - [2024-12-20T05:34:42.311+0000] {dagbag.py:588} INFO - Filling up the DagBag from /home/airflow/.local/lib/python3.12/site-packages/airflow/example_dags/example_complex.py
[2024-12-20T05:34:42.358+0000] {processor.py:925} INFO - DAG(s) 'example_complex' retrieved from /home/airflow/.local/lib/python3.12/site-packages/airflow/example_dags/example_complex.py
[2024-12-20T05:34:42.473+0000] {logging_mixin.py:190} INFO - [2024-12-20T05:34:42.472+0000] {dag.py:3239} INFO - Sync 1 DAGs
[2024-12-20T05:34:42.529+0000] {logging_mixin.py:190} INFO - [2024-12-20T05:34:42.528+0000] {dag.py:4180} INFO - Setting next_dagrun for example_complex to None, run_after=None
[2024-12-20T05:34:42.623+0000] {processor.py:208} INFO - Processing /home/airflow/.local/lib/python3.12/site-packages/airflow/example_dags/example_complex.py took 0.347 seconds
[2024-12-20T05:35:14.610+0000] {processor.py:186} INFO - Started process (PID=13278) to work on /home/airflow/.local/lib/python3.12/site-packages/airflow/example_dags/example_complex.py
[2024-12-20T05:35:14.613+0000] {processor.py:914} INFO - Processing file /home/airflow/.local/lib/python3.12/site-packages/airflow/example_dags/example_complex.py for tasks to queue
[2024-12-20T05:35:14.621+0000] {logging_mixin.py:190} INFO - [2024-12-20T05:35:14.620+0000] {dagbag.py:588} INFO - Filling up the DagBag from /home/airflow/.local/lib/python3.12/site-packages/airflow/example_dags/example_complex.py
[2024-12-20T05:35:14.670+0000] {processor.py:925} INFO - DAG(s) 'example_complex' retrieved from /home/airflow/.local/lib/python3.12/site-packages/airflow/example_dags/example_complex.py
[2024-12-20T05:35:14.804+0000] {logging_mixin.py:190} INFO - [2024-12-20T05:35:14.803+0000] {dag.py:3239} INFO - Sync 1 DAGs
[2024-12-20T05:35:14.869+0000] {logging_mixin.py:190} INFO - [2024-12-20T05:35:14.868+0000] {dag.py:4180} INFO - Setting next_dagrun for example_complex to None, run_after=None
[2024-12-20T05:35:14.942+0000] {processor.py:208} INFO - Processing /home/airflow/.local/lib/python3.12/site-packages/airflow/example_dags/example_complex.py took 0.351 seconds
[2024-12-20T05:35:47.317+0000] {processor.py:186} INFO - Started process (PID=13344) to work on /home/airflow/.local/lib/python3.12/site-packages/airflow/example_dags/example_complex.py
[2024-12-20T05:35:47.321+0000] {processor.py:914} INFO - Processing file /home/airflow/.local/lib/python3.12/site-packages/airflow/example_dags/example_complex.py for tasks to queue
[2024-12-20T05:35:47.329+0000] {logging_mixin.py:190} INFO - [2024-12-20T05:35:47.327+0000] {dagbag.py:588} INFO - Filling up the DagBag from /home/airflow/.local/lib/python3.12/site-packages/airflow/example_dags/example_complex.py
[2024-12-20T05:35:47.379+0000] {processor.py:925} INFO - DAG(s) 'example_complex' retrieved from /home/airflow/.local/lib/python3.12/site-packages/airflow/example_dags/example_complex.py
[2024-12-20T05:35:47.486+0000] {logging_mixin.py:190} INFO - [2024-12-20T05:35:47.485+0000] {dag.py:3239} INFO - Sync 1 DAGs
[2024-12-20T05:35:47.537+0000] {logging_mixin.py:190} INFO - [2024-12-20T05:35:47.536+0000] {dag.py:4180} INFO - Setting next_dagrun for example_complex to None, run_after=None
[2024-12-20T05:35:47.589+0000] {processor.py:208} INFO - Processing /home/airflow/.local/lib/python3.12/site-packages/airflow/example_dags/example_complex.py took 0.294 seconds
[2024-12-20T05:36:19.889+0000] {processor.py:186} INFO - Started process (PID=13409) to work on /home/airflow/.local/lib/python3.12/site-packages/airflow/example_dags/example_complex.py
[2024-12-20T05:36:19.895+0000] {processor.py:914} INFO - Processing file /home/airflow/.local/lib/python3.12/site-packages/airflow/example_dags/example_complex.py for tasks to queue
[2024-12-20T05:36:19.906+0000] {logging_mixin.py:190} INFO - [2024-12-20T05:36:19.905+0000] {dagbag.py:588} INFO - Filling up the DagBag from /home/airflow/.local/lib/python3.12/site-packages/airflow/example_dags/example_complex.py
[2024-12-20T05:36:19.972+0000] {processor.py:925} INFO - DAG(s) 'example_complex' retrieved from /home/airflow/.local/lib/python3.12/site-packages/airflow/example_dags/example_complex.py
[2024-12-20T05:36:20.150+0000] {logging_mixin.py:190} INFO - [2024-12-20T05:36:20.150+0000] {dag.py:3239} INFO - Sync 1 DAGs
[2024-12-20T05:36:20.240+0000] {logging_mixin.py:190} INFO - [2024-12-20T05:36:20.239+0000] {dag.py:4180} INFO - Setting next_dagrun for example_complex to None, run_after=None
[2024-12-20T05:36:20.312+0000] {processor.py:208} INFO - Processing /home/airflow/.local/lib/python3.12/site-packages/airflow/example_dags/example_complex.py took 0.458 seconds
[2024-12-20T05:36:51.567+0000] {processor.py:186} INFO - Started process (PID=13474) to work on /home/airflow/.local/lib/python3.12/site-packages/airflow/example_dags/example_complex.py
[2024-12-20T05:36:51.571+0000] {processor.py:914} INFO - Processing file /home/airflow/.local/lib/python3.12/site-packages/airflow/example_dags/example_complex.py for tasks to queue
[2024-12-20T05:36:51.580+0000] {logging_mixin.py:190} INFO - [2024-12-20T05:36:51.578+0000] {dagbag.py:588} INFO - Filling up the DagBag from /home/airflow/.local/lib/python3.12/site-packages/airflow/example_dags/example_complex.py
[2024-12-20T05:36:51.618+0000] {processor.py:925} INFO - DAG(s) 'example_complex' retrieved from /home/airflow/.local/lib/python3.12/site-packages/airflow/example_dags/example_complex.py
[2024-12-20T05:36:51.710+0000] {logging_mixin.py:190} INFO - [2024-12-20T05:36:51.709+0000] {dag.py:3239} INFO - Sync 1 DAGs
[2024-12-20T05:36:51.764+0000] {logging_mixin.py:190} INFO - [2024-12-20T05:36:51.763+0000] {dag.py:4180} INFO - Setting next_dagrun for example_complex to None, run_after=None
[2024-12-20T05:36:51.818+0000] {processor.py:208} INFO - Processing /home/airflow/.local/lib/python3.12/site-packages/airflow/example_dags/example_complex.py took 0.269 seconds
[2024-12-20T05:37:22.017+0000] {processor.py:186} INFO - Started process (PID=13540) to work on /home/airflow/.local/lib/python3.12/site-packages/airflow/example_dags/example_complex.py
[2024-12-20T05:37:22.019+0000] {processor.py:914} INFO - Processing file /home/airflow/.local/lib/python3.12/site-packages/airflow/example_dags/example_complex.py for tasks to queue
[2024-12-20T05:37:22.025+0000] {logging_mixin.py:190} INFO - [2024-12-20T05:37:22.024+0000] {dagbag.py:588} INFO - Filling up the DagBag from /home/airflow/.local/lib/python3.12/site-packages/airflow/example_dags/example_complex.py
[2024-12-20T05:37:22.057+0000] {processor.py:925} INFO - DAG(s) 'example_complex' retrieved from /home/airflow/.local/lib/python3.12/site-packages/airflow/example_dags/example_complex.py
[2024-12-20T05:37:22.135+0000] {logging_mixin.py:190} INFO - [2024-12-20T05:37:22.135+0000] {dag.py:3239} INFO - Sync 1 DAGs
[2024-12-20T05:37:22.174+0000] {logging_mixin.py:190} INFO - [2024-12-20T05:37:22.174+0000] {dag.py:4180} INFO - Setting next_dagrun for example_complex to None, run_after=None
[2024-12-20T05:37:22.223+0000] {processor.py:208} INFO - Processing /home/airflow/.local/lib/python3.12/site-packages/airflow/example_dags/example_complex.py took 0.221 seconds
[2024-12-20T05:37:52.472+0000] {processor.py:186} INFO - Started process (PID=13604) to work on /home/airflow/.local/lib/python3.12/site-packages/airflow/example_dags/example_complex.py
[2024-12-20T05:37:52.474+0000] {processor.py:914} INFO - Processing file /home/airflow/.local/lib/python3.12/site-packages/airflow/example_dags/example_complex.py for tasks to queue
[2024-12-20T05:37:52.480+0000] {logging_mixin.py:190} INFO - [2024-12-20T05:37:52.480+0000] {dagbag.py:588} INFO - Filling up the DagBag from /home/airflow/.local/lib/python3.12/site-packages/airflow/example_dags/example_complex.py
[2024-12-20T05:37:52.520+0000] {processor.py:925} INFO - DAG(s) 'example_complex' retrieved from /home/airflow/.local/lib/python3.12/site-packages/airflow/example_dags/example_complex.py
[2024-12-20T05:37:52.624+0000] {logging_mixin.py:190} INFO - [2024-12-20T05:37:52.624+0000] {dag.py:3239} INFO - Sync 1 DAGs
[2024-12-20T05:37:52.669+0000] {logging_mixin.py:190} INFO - [2024-12-20T05:37:52.668+0000] {dag.py:4180} INFO - Setting next_dagrun for example_complex to None, run_after=None
[2024-12-20T05:37:52.737+0000] {processor.py:208} INFO - Processing /home/airflow/.local/lib/python3.12/site-packages/airflow/example_dags/example_complex.py took 0.279 seconds
[2024-12-20T05:38:23.187+0000] {processor.py:186} INFO - Started process (PID=13669) to work on /home/airflow/.local/lib/python3.12/site-packages/airflow/example_dags/example_complex.py
[2024-12-20T05:38:23.190+0000] {processor.py:914} INFO - Processing file /home/airflow/.local/lib/python3.12/site-packages/airflow/example_dags/example_complex.py for tasks to queue
[2024-12-20T05:38:23.198+0000] {logging_mixin.py:190} INFO - [2024-12-20T05:38:23.197+0000] {dagbag.py:588} INFO - Filling up the DagBag from /home/airflow/.local/lib/python3.12/site-packages/airflow/example_dags/example_complex.py
[2024-12-20T05:38:23.232+0000] {processor.py:925} INFO - DAG(s) 'example_complex' retrieved from /home/airflow/.local/lib/python3.12/site-packages/airflow/example_dags/example_complex.py
[2024-12-20T05:38:23.279+0000] {logging_mixin.py:190} INFO - [2024-12-20T05:38:23.278+0000] {dag.py:3239} INFO - Sync 1 DAGs
[2024-12-20T05:38:23.304+0000] {logging_mixin.py:190} INFO - [2024-12-20T05:38:23.303+0000] {dag.py:4180} INFO - Setting next_dagrun for example_complex to None, run_after=None
[2024-12-20T05:38:23.336+0000] {processor.py:208} INFO - Processing /home/airflow/.local/lib/python3.12/site-packages/airflow/example_dags/example_complex.py took 0.168 seconds
[2024-12-20T05:38:53.806+0000] {processor.py:186} INFO - Started process (PID=13734) to work on /home/airflow/.local/lib/python3.12/site-packages/airflow/example_dags/example_complex.py
[2024-12-20T05:38:53.808+0000] {processor.py:914} INFO - Processing file /home/airflow/.local/lib/python3.12/site-packages/airflow/example_dags/example_complex.py for tasks to queue
[2024-12-20T05:38:53.814+0000] {logging_mixin.py:190} INFO - [2024-12-20T05:38:53.813+0000] {dagbag.py:588} INFO - Filling up the DagBag from /home/airflow/.local/lib/python3.12/site-packages/airflow/example_dags/example_complex.py
[2024-12-20T05:38:53.841+0000] {processor.py:925} INFO - DAG(s) 'example_complex' retrieved from /home/airflow/.local/lib/python3.12/site-packages/airflow/example_dags/example_complex.py
[2024-12-20T05:38:53.913+0000] {logging_mixin.py:190} INFO - [2024-12-20T05:38:53.913+0000] {dag.py:3239} INFO - Sync 1 DAGs
[2024-12-20T05:38:53.948+0000] {logging_mixin.py:190} INFO - [2024-12-20T05:38:53.947+0000] {dag.py:4180} INFO - Setting next_dagrun for example_complex to None, run_after=None
[2024-12-20T05:38:54.023+0000] {processor.py:208} INFO - Processing /home/airflow/.local/lib/python3.12/site-packages/airflow/example_dags/example_complex.py took 0.232 seconds
[2024-12-20T05:39:24.543+0000] {processor.py:186} INFO - Started process (PID=13797) to work on /home/airflow/.local/lib/python3.12/site-packages/airflow/example_dags/example_complex.py
[2024-12-20T05:39:24.545+0000] {processor.py:914} INFO - Processing file /home/airflow/.local/lib/python3.12/site-packages/airflow/example_dags/example_complex.py for tasks to queue
[2024-12-20T05:39:24.551+0000] {logging_mixin.py:190} INFO - [2024-12-20T05:39:24.551+0000] {dagbag.py:588} INFO - Filling up the DagBag from /home/airflow/.local/lib/python3.12/site-packages/airflow/example_dags/example_complex.py
[2024-12-20T05:39:24.582+0000] {processor.py:925} INFO - DAG(s) 'example_complex' retrieved from /home/airflow/.local/lib/python3.12/site-packages/airflow/example_dags/example_complex.py
[2024-12-20T05:39:24.672+0000] {logging_mixin.py:190} INFO - [2024-12-20T05:39:24.671+0000] {dag.py:3239} INFO - Sync 1 DAGs
[2024-12-20T05:39:24.710+0000] {logging_mixin.py:190} INFO - [2024-12-20T05:39:24.709+0000] {dag.py:4180} INFO - Setting next_dagrun for example_complex to None, run_after=None
[2024-12-20T05:39:24.754+0000] {processor.py:208} INFO - Processing /home/airflow/.local/lib/python3.12/site-packages/airflow/example_dags/example_complex.py took 0.228 seconds
[2024-12-20T05:39:57.392+0000] {processor.py:186} INFO - Started process (PID=13864) to work on /home/airflow/.local/lib/python3.12/site-packages/airflow/example_dags/example_complex.py
[2024-12-20T05:39:57.397+0000] {processor.py:914} INFO - Processing file /home/airflow/.local/lib/python3.12/site-packages/airflow/example_dags/example_complex.py for tasks to queue
[2024-12-20T05:39:57.406+0000] {logging_mixin.py:190} INFO - [2024-12-20T05:39:57.405+0000] {dagbag.py:588} INFO - Filling up the DagBag from /home/airflow/.local/lib/python3.12/site-packages/airflow/example_dags/example_complex.py
[2024-12-20T05:39:57.451+0000] {processor.py:925} INFO - DAG(s) 'example_complex' retrieved from /home/airflow/.local/lib/python3.12/site-packages/airflow/example_dags/example_complex.py
[2024-12-20T05:39:57.544+0000] {logging_mixin.py:190} INFO - [2024-12-20T05:39:57.544+0000] {dag.py:3239} INFO - Sync 1 DAGs
[2024-12-20T05:39:57.587+0000] {logging_mixin.py:190} INFO - [2024-12-20T05:39:57.586+0000] {dag.py:4180} INFO - Setting next_dagrun for example_complex to None, run_after=None
[2024-12-20T05:39:57.645+0000] {processor.py:208} INFO - Processing /home/airflow/.local/lib/python3.12/site-packages/airflow/example_dags/example_complex.py took 0.279 seconds
[2024-12-20T05:40:28.949+0000] {processor.py:186} INFO - Started process (PID=13930) to work on /home/airflow/.local/lib/python3.12/site-packages/airflow/example_dags/example_complex.py
[2024-12-20T05:40:28.951+0000] {processor.py:914} INFO - Processing file /home/airflow/.local/lib/python3.12/site-packages/airflow/example_dags/example_complex.py for tasks to queue
[2024-12-20T05:40:28.957+0000] {logging_mixin.py:190} INFO - [2024-12-20T05:40:28.956+0000] {dagbag.py:588} INFO - Filling up the DagBag from /home/airflow/.local/lib/python3.12/site-packages/airflow/example_dags/example_complex.py
[2024-12-20T05:40:28.992+0000] {processor.py:925} INFO - DAG(s) 'example_complex' retrieved from /home/airflow/.local/lib/python3.12/site-packages/airflow/example_dags/example_complex.py
[2024-12-20T05:40:29.067+0000] {logging_mixin.py:190} INFO - [2024-12-20T05:40:29.066+0000] {dag.py:3239} INFO - Sync 1 DAGs
[2024-12-20T05:40:29.100+0000] {logging_mixin.py:190} INFO - [2024-12-20T05:40:29.099+0000] {dag.py:4180} INFO - Setting next_dagrun for example_complex to None, run_after=None
[2024-12-20T05:40:29.177+0000] {processor.py:208} INFO - Processing /home/airflow/.local/lib/python3.12/site-packages/airflow/example_dags/example_complex.py took 0.243 seconds
[2024-12-20T05:41:02.590+0000] {processor.py:186} INFO - Started process (PID=13993) to work on /home/airflow/.local/lib/python3.12/site-packages/airflow/example_dags/example_complex.py
[2024-12-20T05:41:02.593+0000] {processor.py:914} INFO - Processing file /home/airflow/.local/lib/python3.12/site-packages/airflow/example_dags/example_complex.py for tasks to queue
[2024-12-20T05:41:02.599+0000] {logging_mixin.py:190} INFO - [2024-12-20T05:41:02.598+0000] {dagbag.py:588} INFO - Filling up the DagBag from /home/airflow/.local/lib/python3.12/site-packages/airflow/example_dags/example_complex.py
[2024-12-20T05:41:02.631+0000] {processor.py:925} INFO - DAG(s) 'example_complex' retrieved from /home/airflow/.local/lib/python3.12/site-packages/airflow/example_dags/example_complex.py
[2024-12-20T05:41:02.720+0000] {logging_mixin.py:190} INFO - [2024-12-20T05:41:02.719+0000] {dag.py:3239} INFO - Sync 1 DAGs
[2024-12-20T05:41:02.767+0000] {logging_mixin.py:190} INFO - [2024-12-20T05:41:02.767+0000] {dag.py:4180} INFO - Setting next_dagrun for example_complex to None, run_after=None
[2024-12-20T05:41:02.858+0000] {processor.py:208} INFO - Processing /home/airflow/.local/lib/python3.12/site-packages/airflow/example_dags/example_complex.py took 0.284 seconds
[2024-12-20T05:41:33.881+0000] {processor.py:186} INFO - Started process (PID=14058) to work on /home/airflow/.local/lib/python3.12/site-packages/airflow/example_dags/example_complex.py
[2024-12-20T05:41:33.884+0000] {processor.py:914} INFO - Processing file /home/airflow/.local/lib/python3.12/site-packages/airflow/example_dags/example_complex.py for tasks to queue
[2024-12-20T05:41:33.895+0000] {logging_mixin.py:190} INFO - [2024-12-20T05:41:33.894+0000] {dagbag.py:588} INFO - Filling up the DagBag from /home/airflow/.local/lib/python3.12/site-packages/airflow/example_dags/example_complex.py
[2024-12-20T05:41:33.941+0000] {processor.py:925} INFO - DAG(s) 'example_complex' retrieved from /home/airflow/.local/lib/python3.12/site-packages/airflow/example_dags/example_complex.py
[2024-12-20T05:41:34.112+0000] {logging_mixin.py:190} INFO - [2024-12-20T05:41:34.111+0000] {dag.py:3239} INFO - Sync 1 DAGs
[2024-12-20T05:41:34.171+0000] {logging_mixin.py:190} INFO - [2024-12-20T05:41:34.170+0000] {dag.py:4180} INFO - Setting next_dagrun for example_complex to None, run_after=None
[2024-12-20T05:41:34.260+0000] {processor.py:208} INFO - Processing /home/airflow/.local/lib/python3.12/site-packages/airflow/example_dags/example_complex.py took 0.401 seconds
[2024-12-20T05:42:06.256+0000] {processor.py:186} INFO - Started process (PID=14130) to work on /home/airflow/.local/lib/python3.12/site-packages/airflow/example_dags/example_complex.py
[2024-12-20T05:42:06.261+0000] {processor.py:914} INFO - Processing file /home/airflow/.local/lib/python3.12/site-packages/airflow/example_dags/example_complex.py for tasks to queue
[2024-12-20T05:42:06.271+0000] {logging_mixin.py:190} INFO - [2024-12-20T05:42:06.269+0000] {dagbag.py:588} INFO - Filling up the DagBag from /home/airflow/.local/lib/python3.12/site-packages/airflow/example_dags/example_complex.py
[2024-12-20T05:42:06.326+0000] {processor.py:925} INFO - DAG(s) 'example_complex' retrieved from /home/airflow/.local/lib/python3.12/site-packages/airflow/example_dags/example_complex.py
[2024-12-20T05:42:06.436+0000] {logging_mixin.py:190} INFO - [2024-12-20T05:42:06.435+0000] {dag.py:3239} INFO - Sync 1 DAGs
[2024-12-20T05:42:06.477+0000] {logging_mixin.py:190} INFO - [2024-12-20T05:42:06.477+0000] {dag.py:4180} INFO - Setting next_dagrun for example_complex to None, run_after=None
[2024-12-20T05:42:06.521+0000] {processor.py:208} INFO - Processing /home/airflow/.local/lib/python3.12/site-packages/airflow/example_dags/example_complex.py took 0.290 seconds
[2024-12-20T05:42:36.936+0000] {processor.py:186} INFO - Started process (PID=14195) to work on /home/airflow/.local/lib/python3.12/site-packages/airflow/example_dags/example_complex.py
[2024-12-20T05:42:36.939+0000] {processor.py:914} INFO - Processing file /home/airflow/.local/lib/python3.12/site-packages/airflow/example_dags/example_complex.py for tasks to queue
[2024-12-20T05:42:36.947+0000] {logging_mixin.py:190} INFO - [2024-12-20T05:42:36.945+0000] {dagbag.py:588} INFO - Filling up the DagBag from /home/airflow/.local/lib/python3.12/site-packages/airflow/example_dags/example_complex.py
[2024-12-20T05:42:36.987+0000] {processor.py:925} INFO - DAG(s) 'example_complex' retrieved from /home/airflow/.local/lib/python3.12/site-packages/airflow/example_dags/example_complex.py
[2024-12-20T05:42:37.113+0000] {logging_mixin.py:190} INFO - [2024-12-20T05:42:37.112+0000] {dag.py:3239} INFO - Sync 1 DAGs
[2024-12-20T05:42:37.172+0000] {logging_mixin.py:190} INFO - [2024-12-20T05:42:37.171+0000] {dag.py:4180} INFO - Setting next_dagrun for example_complex to None, run_after=None
[2024-12-20T05:42:37.275+0000] {processor.py:208} INFO - Processing /home/airflow/.local/lib/python3.12/site-packages/airflow/example_dags/example_complex.py took 0.356 seconds
[2024-12-20T05:43:10.811+0000] {processor.py:186} INFO - Started process (PID=14261) to work on /home/airflow/.local/lib/python3.12/site-packages/airflow/example_dags/example_complex.py
[2024-12-20T05:43:10.813+0000] {processor.py:914} INFO - Processing file /home/airflow/.local/lib/python3.12/site-packages/airflow/example_dags/example_complex.py for tasks to queue
[2024-12-20T05:43:10.819+0000] {logging_mixin.py:190} INFO - [2024-12-20T05:43:10.818+0000] {dagbag.py:588} INFO - Filling up the DagBag from /home/airflow/.local/lib/python3.12/site-packages/airflow/example_dags/example_complex.py
[2024-12-20T05:43:10.852+0000] {processor.py:925} INFO - DAG(s) 'example_complex' retrieved from /home/airflow/.local/lib/python3.12/site-packages/airflow/example_dags/example_complex.py
[2024-12-20T05:43:10.933+0000] {logging_mixin.py:190} INFO - [2024-12-20T05:43:10.932+0000] {dag.py:3239} INFO - Sync 1 DAGs
[2024-12-20T05:43:10.967+0000] {logging_mixin.py:190} INFO - [2024-12-20T05:43:10.967+0000] {dag.py:4180} INFO - Setting next_dagrun for example_complex to None, run_after=None
[2024-12-20T05:43:11.009+0000] {processor.py:208} INFO - Processing /home/airflow/.local/lib/python3.12/site-packages/airflow/example_dags/example_complex.py took 0.215 seconds
[2024-12-20T05:43:42.471+0000] {processor.py:186} INFO - Started process (PID=14326) to work on /home/airflow/.local/lib/python3.12/site-packages/airflow/example_dags/example_complex.py
[2024-12-20T05:43:42.475+0000] {processor.py:914} INFO - Processing file /home/airflow/.local/lib/python3.12/site-packages/airflow/example_dags/example_complex.py for tasks to queue
[2024-12-20T05:43:42.486+0000] {logging_mixin.py:190} INFO - [2024-12-20T05:43:42.484+0000] {dagbag.py:588} INFO - Filling up the DagBag from /home/airflow/.local/lib/python3.12/site-packages/airflow/example_dags/example_complex.py
[2024-12-20T05:43:42.535+0000] {processor.py:925} INFO - DAG(s) 'example_complex' retrieved from /home/airflow/.local/lib/python3.12/site-packages/airflow/example_dags/example_complex.py
[2024-12-20T05:43:42.628+0000] {logging_mixin.py:190} INFO - [2024-12-20T05:43:42.627+0000] {dag.py:3239} INFO - Sync 1 DAGs
[2024-12-20T05:43:42.683+0000] {logging_mixin.py:190} INFO - [2024-12-20T05:43:42.683+0000] {dag.py:4180} INFO - Setting next_dagrun for example_complex to None, run_after=None
[2024-12-20T05:43:42.787+0000] {processor.py:208} INFO - Processing /home/airflow/.local/lib/python3.12/site-packages/airflow/example_dags/example_complex.py took 0.339 seconds
[2024-12-20T05:44:13.170+0000] {processor.py:186} INFO - Started process (PID=14390) to work on /home/airflow/.local/lib/python3.12/site-packages/airflow/example_dags/example_complex.py
[2024-12-20T05:44:13.174+0000] {processor.py:914} INFO - Processing file /home/airflow/.local/lib/python3.12/site-packages/airflow/example_dags/example_complex.py for tasks to queue
[2024-12-20T05:44:13.183+0000] {logging_mixin.py:190} INFO - [2024-12-20T05:44:13.182+0000] {dagbag.py:588} INFO - Filling up the DagBag from /home/airflow/.local/lib/python3.12/site-packages/airflow/example_dags/example_complex.py
[2024-12-20T05:44:13.235+0000] {processor.py:925} INFO - DAG(s) 'example_complex' retrieved from /home/airflow/.local/lib/python3.12/site-packages/airflow/example_dags/example_complex.py
[2024-12-20T05:44:13.349+0000] {logging_mixin.py:190} INFO - [2024-12-20T05:44:13.348+0000] {dag.py:3239} INFO - Sync 1 DAGs
[2024-12-20T05:44:13.408+0000] {logging_mixin.py:190} INFO - [2024-12-20T05:44:13.407+0000] {dag.py:4180} INFO - Setting next_dagrun for example_complex to None, run_after=None
[2024-12-20T05:44:13.471+0000] {processor.py:208} INFO - Processing /home/airflow/.local/lib/python3.12/site-packages/airflow/example_dags/example_complex.py took 0.329 seconds
[2024-12-20T05:44:43.871+0000] {processor.py:186} INFO - Started process (PID=14455) to work on /home/airflow/.local/lib/python3.12/site-packages/airflow/example_dags/example_complex.py
[2024-12-20T05:44:43.874+0000] {processor.py:914} INFO - Processing file /home/airflow/.local/lib/python3.12/site-packages/airflow/example_dags/example_complex.py for tasks to queue
[2024-12-20T05:44:43.880+0000] {logging_mixin.py:190} INFO - [2024-12-20T05:44:43.879+0000] {dagbag.py:588} INFO - Filling up the DagBag from /home/airflow/.local/lib/python3.12/site-packages/airflow/example_dags/example_complex.py
[2024-12-20T05:44:43.933+0000] {processor.py:925} INFO - DAG(s) 'example_complex' retrieved from /home/airflow/.local/lib/python3.12/site-packages/airflow/example_dags/example_complex.py
[2024-12-20T05:44:44.065+0000] {logging_mixin.py:190} INFO - [2024-12-20T05:44:44.064+0000] {dag.py:3239} INFO - Sync 1 DAGs
[2024-12-20T05:44:44.132+0000] {logging_mixin.py:190} INFO - [2024-12-20T05:44:44.131+0000] {dag.py:4180} INFO - Setting next_dagrun for example_complex to None, run_after=None
[2024-12-20T05:44:44.190+0000] {processor.py:208} INFO - Processing /home/airflow/.local/lib/python3.12/site-packages/airflow/example_dags/example_complex.py took 0.334 seconds
[2024-12-20T05:45:15.479+0000] {processor.py:186} INFO - Started process (PID=14520) to work on /home/airflow/.local/lib/python3.12/site-packages/airflow/example_dags/example_complex.py
[2024-12-20T05:45:15.482+0000] {processor.py:914} INFO - Processing file /home/airflow/.local/lib/python3.12/site-packages/airflow/example_dags/example_complex.py for tasks to queue
[2024-12-20T05:45:15.487+0000] {logging_mixin.py:190} INFO - [2024-12-20T05:45:15.486+0000] {dagbag.py:588} INFO - Filling up the DagBag from /home/airflow/.local/lib/python3.12/site-packages/airflow/example_dags/example_complex.py
[2024-12-20T05:45:15.519+0000] {processor.py:925} INFO - DAG(s) 'example_complex' retrieved from /home/airflow/.local/lib/python3.12/site-packages/airflow/example_dags/example_complex.py
[2024-12-20T05:45:15.594+0000] {logging_mixin.py:190} INFO - [2024-12-20T05:45:15.593+0000] {dag.py:3239} INFO - Sync 1 DAGs
[2024-12-20T05:45:15.628+0000] {logging_mixin.py:190} INFO - [2024-12-20T05:45:15.627+0000] {dag.py:4180} INFO - Setting next_dagrun for example_complex to None, run_after=None
[2024-12-20T05:45:15.703+0000] {processor.py:208} INFO - Processing /home/airflow/.local/lib/python3.12/site-packages/airflow/example_dags/example_complex.py took 0.236 seconds
[2024-12-20T05:45:46.613+0000] {processor.py:186} INFO - Started process (PID=14585) to work on /home/airflow/.local/lib/python3.12/site-packages/airflow/example_dags/example_complex.py
[2024-12-20T05:45:46.616+0000] {processor.py:914} INFO - Processing file /home/airflow/.local/lib/python3.12/site-packages/airflow/example_dags/example_complex.py for tasks to queue
[2024-12-20T05:45:46.623+0000] {logging_mixin.py:190} INFO - [2024-12-20T05:45:46.622+0000] {dagbag.py:588} INFO - Filling up the DagBag from /home/airflow/.local/lib/python3.12/site-packages/airflow/example_dags/example_complex.py
[2024-12-20T05:45:46.659+0000] {processor.py:925} INFO - DAG(s) 'example_complex' retrieved from /home/airflow/.local/lib/python3.12/site-packages/airflow/example_dags/example_complex.py
[2024-12-20T05:45:46.729+0000] {logging_mixin.py:190} INFO - [2024-12-20T05:45:46.728+0000] {dag.py:3239} INFO - Sync 1 DAGs
[2024-12-20T05:45:46.757+0000] {logging_mixin.py:190} INFO - [2024-12-20T05:45:46.757+0000] {dag.py:4180} INFO - Setting next_dagrun for example_complex to None, run_after=None
[2024-12-20T05:45:46.817+0000] {processor.py:208} INFO - Processing /home/airflow/.local/lib/python3.12/site-packages/airflow/example_dags/example_complex.py took 0.229 seconds
[2024-12-20T05:46:17.274+0000] {processor.py:186} INFO - Started process (PID=14649) to work on /home/airflow/.local/lib/python3.12/site-packages/airflow/example_dags/example_complex.py
[2024-12-20T05:46:17.277+0000] {processor.py:914} INFO - Processing file /home/airflow/.local/lib/python3.12/site-packages/airflow/example_dags/example_complex.py for tasks to queue
[2024-12-20T05:46:17.283+0000] {logging_mixin.py:190} INFO - [2024-12-20T05:46:17.282+0000] {dagbag.py:588} INFO - Filling up the DagBag from /home/airflow/.local/lib/python3.12/site-packages/airflow/example_dags/example_complex.py
[2024-12-20T05:46:17.308+0000] {processor.py:925} INFO - DAG(s) 'example_complex' retrieved from /home/airflow/.local/lib/python3.12/site-packages/airflow/example_dags/example_complex.py
[2024-12-20T05:46:17.355+0000] {logging_mixin.py:190} INFO - [2024-12-20T05:46:17.355+0000] {dag.py:3239} INFO - Sync 1 DAGs
[2024-12-20T05:46:17.392+0000] {logging_mixin.py:190} INFO - [2024-12-20T05:46:17.392+0000] {dag.py:4180} INFO - Setting next_dagrun for example_complex to None, run_after=None
[2024-12-20T05:46:17.424+0000] {processor.py:208} INFO - Processing /home/airflow/.local/lib/python3.12/site-packages/airflow/example_dags/example_complex.py took 0.169 seconds
[2024-12-20T05:46:47.690+0000] {processor.py:186} INFO - Started process (PID=14714) to work on /home/airflow/.local/lib/python3.12/site-packages/airflow/example_dags/example_complex.py
[2024-12-20T05:46:47.695+0000] {processor.py:914} INFO - Processing file /home/airflow/.local/lib/python3.12/site-packages/airflow/example_dags/example_complex.py for tasks to queue
[2024-12-20T05:46:47.707+0000] {logging_mixin.py:190} INFO - [2024-12-20T05:46:47.704+0000] {dagbag.py:588} INFO - Filling up the DagBag from /home/airflow/.local/lib/python3.12/site-packages/airflow/example_dags/example_complex.py
[2024-12-20T05:46:47.764+0000] {processor.py:925} INFO - DAG(s) 'example_complex' retrieved from /home/airflow/.local/lib/python3.12/site-packages/airflow/example_dags/example_complex.py
[2024-12-20T05:46:47.834+0000] {logging_mixin.py:190} INFO - [2024-12-20T05:46:47.833+0000] {dag.py:3239} INFO - Sync 1 DAGs
[2024-12-20T05:46:47.852+0000] {logging_mixin.py:190} INFO - [2024-12-20T05:46:47.852+0000] {dag.py:4180} INFO - Setting next_dagrun for example_complex to None, run_after=None
[2024-12-20T05:46:47.875+0000] {processor.py:208} INFO - Processing /home/airflow/.local/lib/python3.12/site-packages/airflow/example_dags/example_complex.py took 0.211 seconds
[2024-12-20T05:47:18.029+0000] {processor.py:186} INFO - Started process (PID=14779) to work on /home/airflow/.local/lib/python3.12/site-packages/airflow/example_dags/example_complex.py
[2024-12-20T05:47:18.032+0000] {processor.py:914} INFO - Processing file /home/airflow/.local/lib/python3.12/site-packages/airflow/example_dags/example_complex.py for tasks to queue
[2024-12-20T05:47:18.041+0000] {logging_mixin.py:190} INFO - [2024-12-20T05:47:18.039+0000] {dagbag.py:588} INFO - Filling up the DagBag from /home/airflow/.local/lib/python3.12/site-packages/airflow/example_dags/example_complex.py
[2024-12-20T05:47:18.088+0000] {processor.py:925} INFO - DAG(s) 'example_complex' retrieved from /home/airflow/.local/lib/python3.12/site-packages/airflow/example_dags/example_complex.py
[2024-12-20T05:47:18.204+0000] {logging_mixin.py:190} INFO - [2024-12-20T05:47:18.203+0000] {dag.py:3239} INFO - Sync 1 DAGs
[2024-12-20T05:47:18.255+0000] {logging_mixin.py:190} INFO - [2024-12-20T05:47:18.255+0000] {dag.py:4180} INFO - Setting next_dagrun for example_complex to None, run_after=None
[2024-12-20T05:47:18.307+0000] {processor.py:208} INFO - Processing /home/airflow/.local/lib/python3.12/site-packages/airflow/example_dags/example_complex.py took 0.300 seconds
[2024-12-20T05:47:58.069+0000] {processor.py:186} INFO - Started process (PID=14850) to work on /home/airflow/.local/lib/python3.12/site-packages/airflow/example_dags/example_complex.py
[2024-12-20T05:47:58.083+0000] {processor.py:914} INFO - Processing file /home/airflow/.local/lib/python3.12/site-packages/airflow/example_dags/example_complex.py for tasks to queue
[2024-12-20T05:47:58.134+0000] {logging_mixin.py:190} INFO - [2024-12-20T05:47:58.117+0000] {dagbag.py:588} INFO - Filling up the DagBag from /home/airflow/.local/lib/python3.12/site-packages/airflow/example_dags/example_complex.py
[2024-12-20T05:47:58.433+0000] {processor.py:925} INFO - DAG(s) 'example_complex' retrieved from /home/airflow/.local/lib/python3.12/site-packages/airflow/example_dags/example_complex.py
[2024-12-20T05:47:58.769+0000] {logging_mixin.py:190} INFO - [2024-12-20T05:47:58.768+0000] {dag.py:3239} INFO - Sync 1 DAGs
[2024-12-20T05:47:59.206+0000] {logging_mixin.py:190} INFO - [2024-12-20T05:47:59.205+0000] {dag.py:4180} INFO - Setting next_dagrun for example_complex to None, run_after=None
[2024-12-20T05:47:59.536+0000] {processor.py:208} INFO - Processing /home/airflow/.local/lib/python3.12/site-packages/airflow/example_dags/example_complex.py took 1.517 seconds
[2024-12-20T09:18:28.563+0000] {processor.py:186} INFO - Started process (PID=67) to work on /home/airflow/.local/lib/python3.12/site-packages/airflow/example_dags/example_complex.py
[2024-12-20T09:18:28.568+0000] {processor.py:914} INFO - Processing file /home/airflow/.local/lib/python3.12/site-packages/airflow/example_dags/example_complex.py for tasks to queue
[2024-12-20T09:18:28.579+0000] {logging_mixin.py:190} INFO - [2024-12-20T09:18:28.576+0000] {dagbag.py:588} INFO - Filling up the DagBag from /home/airflow/.local/lib/python3.12/site-packages/airflow/example_dags/example_complex.py
[2024-12-20T09:18:28.664+0000] {processor.py:925} INFO - DAG(s) 'example_complex' retrieved from /home/airflow/.local/lib/python3.12/site-packages/airflow/example_dags/example_complex.py
[2024-12-20T09:18:28.778+0000] {logging_mixin.py:190} INFO - [2024-12-20T09:18:28.777+0000] {taskinstance.py:3313} ERROR - {'DAG Id': 'example_complex', 'Task Id': 'get_entry', 'Run Id': 'manual__2024-12-20T05:47:38.270017+00:00', 'Hostname': '87cacb862745', 'External Executor Id': '46b0cb71-c5ae-4319-9229-a0419a8e0642'}
[2024-12-20T09:18:28.876+0000] {logging_mixin.py:190} INFO - Task instance in failure state
[2024-12-20T09:18:28.879+0000] {logging_mixin.py:190} INFO - Task start:2024-12-20 05:48:35.201130+00:00 end:2024-12-20 09:18:28.805099+00:00 duration:12593.603969
[2024-12-20T09:18:28.881+0000] {logging_mixin.py:190} INFO - Task:<Task(BashOperator): get_entry> dag:<DAG: example_complex> dagrun:<DagRun example_complex @ 2024-12-20 05:47:38.270017+00:00: manual__2024-12-20T05:47:38.270017+00:00, state:running, queued_at: 2024-12-20 05:47:38.368647+00:00. externally triggered: True>
[2024-12-20T09:18:28.883+0000] {logging_mixin.py:190} INFO - Failure caused by {'DAG Id': 'example_complex', 'Task Id': 'get_entry', 'Run Id': 'manual__2024-12-20T05:47:38.270017+00:00', 'Hostname': '87cacb862745', 'External Executor Id': '46b0cb71-c5ae-4319-9229-a0419a8e0642'}
[2024-12-20T09:18:28.888+0000] {logging_mixin.py:190} INFO - [2024-12-20T09:18:28.887+0000] {taskinstance.py:1225} INFO - Marking task as FAILED. dag_id=example_complex, task_id=get_entry, run_id=manual__2024-12-20T05:47:38.270017+00:00, execution_date=20241220T054738, start_date=20241220T054835, end_date=20241220T091828
[2024-12-20T09:18:28.965+0000] {logging_mixin.py:190} INFO - [2024-12-20T09:18:28.964+0000] {processor.py:876} INFO - Executed callback for <TaskInstance: example_complex.get_entry manual__2024-12-20T05:47:38.270017+00:00 [failed]> in state failed
[2024-12-20T09:18:29.229+0000] {logging_mixin.py:190} INFO - [2024-12-20T09:18:29.226+0000] {dag.py:3239} INFO - Sync 1 DAGs
[2024-12-20T09:18:29.367+0000] {logging_mixin.py:190} INFO - [2024-12-20T09:18:29.366+0000] {dag.py:4180} INFO - Setting next_dagrun for example_complex to None, run_after=None
[2024-12-20T09:18:29.567+0000] {processor.py:208} INFO - Processing /home/airflow/.local/lib/python3.12/site-packages/airflow/example_dags/example_complex.py took 1.035 seconds
[2024-12-20T09:19:12.172+0000] {processor.py:186} INFO - Started process (PID=136) to work on /home/airflow/.local/lib/python3.12/site-packages/airflow/example_dags/example_complex.py
[2024-12-20T09:19:12.177+0000] {processor.py:914} INFO - Processing file /home/airflow/.local/lib/python3.12/site-packages/airflow/example_dags/example_complex.py for tasks to queue
[2024-12-20T09:19:12.188+0000] {logging_mixin.py:190} INFO - [2024-12-20T09:19:12.186+0000] {dagbag.py:588} INFO - Filling up the DagBag from /home/airflow/.local/lib/python3.12/site-packages/airflow/example_dags/example_complex.py
[2024-12-20T09:19:12.260+0000] {processor.py:925} INFO - DAG(s) 'example_complex' retrieved from /home/airflow/.local/lib/python3.12/site-packages/airflow/example_dags/example_complex.py
[2024-12-20T09:19:12.468+0000] {logging_mixin.py:190} INFO - [2024-12-20T09:19:12.466+0000] {dag.py:3239} INFO - Sync 1 DAGs
[2024-12-20T09:19:12.556+0000] {logging_mixin.py:190} INFO - [2024-12-20T09:19:12.555+0000] {dag.py:4180} INFO - Setting next_dagrun for example_complex to None, run_after=None
[2024-12-20T09:19:12.630+0000] {processor.py:208} INFO - Processing /home/airflow/.local/lib/python3.12/site-packages/airflow/example_dags/example_complex.py took 0.485 seconds
[2024-12-20T09:19:54.802+0000] {processor.py:186} INFO - Started process (PID=207) to work on /home/airflow/.local/lib/python3.12/site-packages/airflow/example_dags/example_complex.py
[2024-12-20T09:19:54.806+0000] {processor.py:914} INFO - Processing file /home/airflow/.local/lib/python3.12/site-packages/airflow/example_dags/example_complex.py for tasks to queue
[2024-12-20T09:19:54.817+0000] {logging_mixin.py:190} INFO - [2024-12-20T09:19:54.812+0000] {dagbag.py:588} INFO - Filling up the DagBag from /home/airflow/.local/lib/python3.12/site-packages/airflow/example_dags/example_complex.py
[2024-12-20T09:19:54.933+0000] {processor.py:925} INFO - DAG(s) 'example_complex' retrieved from /home/airflow/.local/lib/python3.12/site-packages/airflow/example_dags/example_complex.py
[2024-12-20T09:19:55.174+0000] {logging_mixin.py:190} INFO - [2024-12-20T09:19:55.173+0000] {dag.py:3239} INFO - Sync 1 DAGs
[2024-12-20T09:19:55.287+0000] {logging_mixin.py:190} INFO - [2024-12-20T09:19:55.287+0000] {dag.py:4180} INFO - Setting next_dagrun for example_complex to None, run_after=None
[2024-12-20T09:19:55.410+0000] {processor.py:208} INFO - Processing /home/airflow/.local/lib/python3.12/site-packages/airflow/example_dags/example_complex.py took 0.692 seconds
[2024-12-20T09:20:44.646+0000] {processor.py:186} INFO - Started process (PID=287) to work on /home/airflow/.local/lib/python3.12/site-packages/airflow/example_dags/example_complex.py
[2024-12-20T09:20:44.651+0000] {processor.py:914} INFO - Processing file /home/airflow/.local/lib/python3.12/site-packages/airflow/example_dags/example_complex.py for tasks to queue
[2024-12-20T09:20:44.665+0000] {logging_mixin.py:190} INFO - [2024-12-20T09:20:44.664+0000] {dagbag.py:588} INFO - Filling up the DagBag from /home/airflow/.local/lib/python3.12/site-packages/airflow/example_dags/example_complex.py
[2024-12-20T09:20:44.824+0000] {processor.py:925} INFO - DAG(s) 'example_complex' retrieved from /home/airflow/.local/lib/python3.12/site-packages/airflow/example_dags/example_complex.py
[2024-12-20T09:20:45.050+0000] {logging_mixin.py:190} INFO - [2024-12-20T09:20:45.048+0000] {dag.py:3239} INFO - Sync 1 DAGs
[2024-12-20T09:20:45.131+0000] {logging_mixin.py:190} INFO - [2024-12-20T09:20:45.131+0000] {dag.py:4180} INFO - Setting next_dagrun for example_complex to None, run_after=None
[2024-12-20T09:20:45.239+0000] {processor.py:208} INFO - Processing /home/airflow/.local/lib/python3.12/site-packages/airflow/example_dags/example_complex.py took 0.646 seconds
[2024-12-20T09:21:32.102+0000] {processor.py:186} INFO - Started process (PID=365) to work on /home/airflow/.local/lib/python3.12/site-packages/airflow/example_dags/example_complex.py
[2024-12-20T09:21:32.106+0000] {processor.py:914} INFO - Processing file /home/airflow/.local/lib/python3.12/site-packages/airflow/example_dags/example_complex.py for tasks to queue
[2024-12-20T09:21:32.113+0000] {logging_mixin.py:190} INFO - [2024-12-20T09:21:32.111+0000] {dagbag.py:588} INFO - Filling up the DagBag from /home/airflow/.local/lib/python3.12/site-packages/airflow/example_dags/example_complex.py
[2024-12-20T09:21:32.195+0000] {processor.py:925} INFO - DAG(s) 'example_complex' retrieved from /home/airflow/.local/lib/python3.12/site-packages/airflow/example_dags/example_complex.py
[2024-12-20T09:21:32.485+0000] {logging_mixin.py:190} INFO - [2024-12-20T09:21:32.484+0000] {dag.py:3239} INFO - Sync 1 DAGs
[2024-12-20T09:21:32.570+0000] {logging_mixin.py:190} INFO - [2024-12-20T09:21:32.569+0000] {dag.py:4180} INFO - Setting next_dagrun for example_complex to None, run_after=None
[2024-12-20T09:21:32.656+0000] {processor.py:208} INFO - Processing /home/airflow/.local/lib/python3.12/site-packages/airflow/example_dags/example_complex.py took 0.584 seconds
[2024-12-20T09:22:40.329+0000] {processor.py:186} INFO - Started process (PID=457) to work on /home/airflow/.local/lib/python3.12/site-packages/airflow/example_dags/example_complex.py
[2024-12-20T09:22:40.349+0000] {processor.py:914} INFO - Processing file /home/airflow/.local/lib/python3.12/site-packages/airflow/example_dags/example_complex.py for tasks to queue
[2024-12-20T09:22:40.358+0000] {logging_mixin.py:190} INFO - [2024-12-20T09:22:40.357+0000] {dagbag.py:588} INFO - Filling up the DagBag from /home/airflow/.local/lib/python3.12/site-packages/airflow/example_dags/example_complex.py
[2024-12-20T09:22:40.494+0000] {processor.py:925} INFO - DAG(s) 'example_complex' retrieved from /home/airflow/.local/lib/python3.12/site-packages/airflow/example_dags/example_complex.py
[2024-12-20T09:22:40.922+0000] {logging_mixin.py:190} INFO - [2024-12-20T09:22:40.920+0000] {dag.py:3239} INFO - Sync 1 DAGs
[2024-12-20T09:22:41.227+0000] {logging_mixin.py:190} INFO - [2024-12-20T09:22:41.226+0000] {dag.py:4180} INFO - Setting next_dagrun for example_complex to None, run_after=None
[2024-12-20T09:22:41.497+0000] {processor.py:208} INFO - Processing /home/airflow/.local/lib/python3.12/site-packages/airflow/example_dags/example_complex.py took 1.209 seconds
[2024-12-20T09:23:19.591+0000] {processor.py:186} INFO - Started process (PID=523) to work on /home/airflow/.local/lib/python3.12/site-packages/airflow/example_dags/example_complex.py
[2024-12-20T09:23:19.595+0000] {processor.py:914} INFO - Processing file /home/airflow/.local/lib/python3.12/site-packages/airflow/example_dags/example_complex.py for tasks to queue
[2024-12-20T09:23:19.604+0000] {logging_mixin.py:190} INFO - [2024-12-20T09:23:19.600+0000] {dagbag.py:588} INFO - Filling up the DagBag from /home/airflow/.local/lib/python3.12/site-packages/airflow/example_dags/example_complex.py
[2024-12-20T09:23:19.710+0000] {processor.py:925} INFO - DAG(s) 'example_complex' retrieved from /home/airflow/.local/lib/python3.12/site-packages/airflow/example_dags/example_complex.py
[2024-12-20T09:23:19.892+0000] {logging_mixin.py:190} INFO - [2024-12-20T09:23:19.891+0000] {dag.py:3239} INFO - Sync 1 DAGs
[2024-12-20T09:23:19.967+0000] {logging_mixin.py:190} INFO - [2024-12-20T09:23:19.966+0000] {dag.py:4180} INFO - Setting next_dagrun for example_complex to None, run_after=None
[2024-12-20T09:23:20.040+0000] {processor.py:208} INFO - Processing /home/airflow/.local/lib/python3.12/site-packages/airflow/example_dags/example_complex.py took 0.501 seconds
[2024-12-20T09:23:51.271+0000] {processor.py:186} INFO - Started process (PID=589) to work on /home/airflow/.local/lib/python3.12/site-packages/airflow/example_dags/example_complex.py
[2024-12-20T09:23:51.273+0000] {processor.py:914} INFO - Processing file /home/airflow/.local/lib/python3.12/site-packages/airflow/example_dags/example_complex.py for tasks to queue
[2024-12-20T09:23:51.276+0000] {logging_mixin.py:190} INFO - [2024-12-20T09:23:51.276+0000] {dagbag.py:588} INFO - Filling up the DagBag from /home/airflow/.local/lib/python3.12/site-packages/airflow/example_dags/example_complex.py
[2024-12-20T09:23:51.314+0000] {processor.py:925} INFO - DAG(s) 'example_complex' retrieved from /home/airflow/.local/lib/python3.12/site-packages/airflow/example_dags/example_complex.py
[2024-12-20T09:23:51.495+0000] {logging_mixin.py:190} INFO - [2024-12-20T09:23:51.494+0000] {dag.py:3239} INFO - Sync 1 DAGs
[2024-12-20T09:23:51.538+0000] {logging_mixin.py:190} INFO - [2024-12-20T09:23:51.538+0000] {dag.py:4180} INFO - Setting next_dagrun for example_complex to None, run_after=None
[2024-12-20T09:23:51.585+0000] {processor.py:208} INFO - Processing /home/airflow/.local/lib/python3.12/site-packages/airflow/example_dags/example_complex.py took 0.328 seconds
[2024-12-20T09:24:22.538+0000] {processor.py:186} INFO - Started process (PID=655) to work on /home/airflow/.local/lib/python3.12/site-packages/airflow/example_dags/example_complex.py
[2024-12-20T09:24:22.541+0000] {processor.py:914} INFO - Processing file /home/airflow/.local/lib/python3.12/site-packages/airflow/example_dags/example_complex.py for tasks to queue
[2024-12-20T09:24:22.544+0000] {logging_mixin.py:190} INFO - [2024-12-20T09:24:22.543+0000] {dagbag.py:588} INFO - Filling up the DagBag from /home/airflow/.local/lib/python3.12/site-packages/airflow/example_dags/example_complex.py
[2024-12-20T09:24:22.578+0000] {processor.py:925} INFO - DAG(s) 'example_complex' retrieved from /home/airflow/.local/lib/python3.12/site-packages/airflow/example_dags/example_complex.py
[2024-12-20T09:24:22.727+0000] {logging_mixin.py:190} INFO - [2024-12-20T09:24:22.726+0000] {dag.py:3239} INFO - Sync 1 DAGs
[2024-12-20T09:24:22.784+0000] {logging_mixin.py:190} INFO - [2024-12-20T09:24:22.783+0000] {dag.py:4180} INFO - Setting next_dagrun for example_complex to None, run_after=None
[2024-12-20T09:24:22.846+0000] {processor.py:208} INFO - Processing /home/airflow/.local/lib/python3.12/site-packages/airflow/example_dags/example_complex.py took 0.321 seconds
[2024-12-20T09:24:54.396+0000] {processor.py:186} INFO - Started process (PID=720) to work on /home/airflow/.local/lib/python3.12/site-packages/airflow/example_dags/example_complex.py
[2024-12-20T09:24:54.398+0000] {processor.py:914} INFO - Processing file /home/airflow/.local/lib/python3.12/site-packages/airflow/example_dags/example_complex.py for tasks to queue
[2024-12-20T09:24:54.401+0000] {logging_mixin.py:190} INFO - [2024-12-20T09:24:54.400+0000] {dagbag.py:588} INFO - Filling up the DagBag from /home/airflow/.local/lib/python3.12/site-packages/airflow/example_dags/example_complex.py
[2024-12-20T09:24:54.434+0000] {processor.py:925} INFO - DAG(s) 'example_complex' retrieved from /home/airflow/.local/lib/python3.12/site-packages/airflow/example_dags/example_complex.py
[2024-12-20T09:24:54.504+0000] {logging_mixin.py:190} INFO - [2024-12-20T09:24:54.504+0000] {dag.py:3239} INFO - Sync 1 DAGs
[2024-12-20T09:24:54.541+0000] {logging_mixin.py:190} INFO - [2024-12-20T09:24:54.541+0000] {dag.py:4180} INFO - Setting next_dagrun for example_complex to None, run_after=None
[2024-12-20T09:24:54.583+0000] {processor.py:208} INFO - Processing /home/airflow/.local/lib/python3.12/site-packages/airflow/example_dags/example_complex.py took 0.200 seconds
