[2024-12-20T05:29:10.316+0000] {processor.py:186} INFO - Started process (PID=12547) to work on /home/airflow/.local/lib/python3.12/site-packages/airflow/example_dags/example_trigger_controller_dag.py
[2024-12-20T05:29:10.328+0000] {processor.py:914} INFO - Processing file /home/airflow/.local/lib/python3.12/site-packages/airflow/example_dags/example_trigger_controller_dag.py for tasks to queue
[2024-12-20T05:29:10.362+0000] {logging_mixin.py:190} INFO - [2024-12-20T05:29:10.349+0000] {dagbag.py:588} INFO - Filling up the DagBag from /home/airflow/.local/lib/python3.12/site-packages/airflow/example_dags/example_trigger_controller_dag.py
[2024-12-20T05:29:10.444+0000] {processor.py:925} INFO - DAG(s) 'example_trigger_controller_dag' retrieved from /home/airflow/.local/lib/python3.12/site-packages/airflow/example_dags/example_trigger_controller_dag.py
[2024-12-20T05:29:10.575+0000] {logging_mixin.py:190} INFO - [2024-12-20T05:29:10.574+0000] {dag.py:3239} INFO - Sync 1 DAGs
[2024-12-20T05:29:10.736+0000] {logging_mixin.py:190} INFO - [2024-12-20T05:29:10.734+0000] {dag.py:4180} INFO - Setting next_dagrun for example_trigger_controller_dag to 2021-01-01 00:00:00+00:00, run_after=2021-01-01 00:00:00+00:00
[2024-12-20T05:29:10.846+0000] {processor.py:208} INFO - Processing /home/airflow/.local/lib/python3.12/site-packages/airflow/example_dags/example_trigger_controller_dag.py took 0.590 seconds
[2024-12-20T05:29:43.165+0000] {processor.py:186} INFO - Started process (PID=12612) to work on /home/airflow/.local/lib/python3.12/site-packages/airflow/example_dags/example_trigger_controller_dag.py
[2024-12-20T05:29:43.172+0000] {processor.py:914} INFO - Processing file /home/airflow/.local/lib/python3.12/site-packages/airflow/example_dags/example_trigger_controller_dag.py for tasks to queue
[2024-12-20T05:29:43.185+0000] {logging_mixin.py:190} INFO - [2024-12-20T05:29:43.183+0000] {dagbag.py:588} INFO - Filling up the DagBag from /home/airflow/.local/lib/python3.12/site-packages/airflow/example_dags/example_trigger_controller_dag.py
[2024-12-20T05:29:43.221+0000] {processor.py:925} INFO - DAG(s) 'example_trigger_controller_dag' retrieved from /home/airflow/.local/lib/python3.12/site-packages/airflow/example_dags/example_trigger_controller_dag.py
[2024-12-20T05:29:43.285+0000] {logging_mixin.py:190} INFO - [2024-12-20T05:29:43.284+0000] {dag.py:3239} INFO - Sync 1 DAGs
[2024-12-20T05:29:43.381+0000] {logging_mixin.py:190} INFO - [2024-12-20T05:29:43.380+0000] {dag.py:4180} INFO - Setting next_dagrun for example_trigger_controller_dag to 2021-01-01 00:00:00+00:00, run_after=2021-01-01 00:00:00+00:00
[2024-12-20T05:29:43.462+0000] {processor.py:208} INFO - Processing /home/airflow/.local/lib/python3.12/site-packages/airflow/example_dags/example_trigger_controller_dag.py took 0.326 seconds
[2024-12-20T05:30:13.915+0000] {processor.py:186} INFO - Started process (PID=12678) to work on /home/airflow/.local/lib/python3.12/site-packages/airflow/example_dags/example_trigger_controller_dag.py
[2024-12-20T05:30:13.919+0000] {processor.py:914} INFO - Processing file /home/airflow/.local/lib/python3.12/site-packages/airflow/example_dags/example_trigger_controller_dag.py for tasks to queue
[2024-12-20T05:30:13.936+0000] {logging_mixin.py:190} INFO - [2024-12-20T05:30:13.934+0000] {dagbag.py:588} INFO - Filling up the DagBag from /home/airflow/.local/lib/python3.12/site-packages/airflow/example_dags/example_trigger_controller_dag.py
[2024-12-20T05:30:13.978+0000] {processor.py:925} INFO - DAG(s) 'example_trigger_controller_dag' retrieved from /home/airflow/.local/lib/python3.12/site-packages/airflow/example_dags/example_trigger_controller_dag.py
[2024-12-20T05:30:14.069+0000] {logging_mixin.py:190} INFO - [2024-12-20T05:30:14.068+0000] {dag.py:3239} INFO - Sync 1 DAGs
[2024-12-20T05:30:14.191+0000] {logging_mixin.py:190} INFO - [2024-12-20T05:30:14.190+0000] {dag.py:4180} INFO - Setting next_dagrun for example_trigger_controller_dag to 2021-01-01 00:00:00+00:00, run_after=2021-01-01 00:00:00+00:00
[2024-12-20T05:30:14.265+0000] {processor.py:208} INFO - Processing /home/airflow/.local/lib/python3.12/site-packages/airflow/example_dags/example_trigger_controller_dag.py took 0.389 seconds
[2024-12-20T05:30:45.995+0000] {processor.py:186} INFO - Started process (PID=12743) to work on /home/airflow/.local/lib/python3.12/site-packages/airflow/example_dags/example_trigger_controller_dag.py
[2024-12-20T05:30:45.998+0000] {processor.py:914} INFO - Processing file /home/airflow/.local/lib/python3.12/site-packages/airflow/example_dags/example_trigger_controller_dag.py for tasks to queue
[2024-12-20T05:30:46.010+0000] {logging_mixin.py:190} INFO - [2024-12-20T05:30:46.008+0000] {dagbag.py:588} INFO - Filling up the DagBag from /home/airflow/.local/lib/python3.12/site-packages/airflow/example_dags/example_trigger_controller_dag.py
[2024-12-20T05:30:46.034+0000] {processor.py:925} INFO - DAG(s) 'example_trigger_controller_dag' retrieved from /home/airflow/.local/lib/python3.12/site-packages/airflow/example_dags/example_trigger_controller_dag.py
[2024-12-20T05:30:46.099+0000] {logging_mixin.py:190} INFO - [2024-12-20T05:30:46.098+0000] {dag.py:3239} INFO - Sync 1 DAGs
[2024-12-20T05:30:46.170+0000] {logging_mixin.py:190} INFO - [2024-12-20T05:30:46.170+0000] {dag.py:4180} INFO - Setting next_dagrun for example_trigger_controller_dag to 2021-01-01 00:00:00+00:00, run_after=2021-01-01 00:00:00+00:00
[2024-12-20T05:30:46.241+0000] {processor.py:208} INFO - Processing /home/airflow/.local/lib/python3.12/site-packages/airflow/example_dags/example_trigger_controller_dag.py took 0.267 seconds
[2024-12-20T05:31:18.241+0000] {processor.py:186} INFO - Started process (PID=12808) to work on /home/airflow/.local/lib/python3.12/site-packages/airflow/example_dags/example_trigger_controller_dag.py
[2024-12-20T05:31:18.244+0000] {processor.py:914} INFO - Processing file /home/airflow/.local/lib/python3.12/site-packages/airflow/example_dags/example_trigger_controller_dag.py for tasks to queue
[2024-12-20T05:31:18.251+0000] {logging_mixin.py:190} INFO - [2024-12-20T05:31:18.250+0000] {dagbag.py:588} INFO - Filling up the DagBag from /home/airflow/.local/lib/python3.12/site-packages/airflow/example_dags/example_trigger_controller_dag.py
[2024-12-20T05:31:18.274+0000] {processor.py:925} INFO - DAG(s) 'example_trigger_controller_dag' retrieved from /home/airflow/.local/lib/python3.12/site-packages/airflow/example_dags/example_trigger_controller_dag.py
[2024-12-20T05:31:18.331+0000] {logging_mixin.py:190} INFO - [2024-12-20T05:31:18.330+0000] {dag.py:3239} INFO - Sync 1 DAGs
[2024-12-20T05:31:18.394+0000] {logging_mixin.py:190} INFO - [2024-12-20T05:31:18.393+0000] {dag.py:4180} INFO - Setting next_dagrun for example_trigger_controller_dag to 2021-01-01 00:00:00+00:00, run_after=2021-01-01 00:00:00+00:00
[2024-12-20T05:31:18.452+0000] {processor.py:208} INFO - Processing /home/airflow/.local/lib/python3.12/site-packages/airflow/example_dags/example_trigger_controller_dag.py took 0.231 seconds
[2024-12-20T05:31:49.529+0000] {processor.py:186} INFO - Started process (PID=12873) to work on /home/airflow/.local/lib/python3.12/site-packages/airflow/example_dags/example_trigger_controller_dag.py
[2024-12-20T05:31:49.531+0000] {processor.py:914} INFO - Processing file /home/airflow/.local/lib/python3.12/site-packages/airflow/example_dags/example_trigger_controller_dag.py for tasks to queue
[2024-12-20T05:31:49.536+0000] {logging_mixin.py:190} INFO - [2024-12-20T05:31:49.536+0000] {dagbag.py:588} INFO - Filling up the DagBag from /home/airflow/.local/lib/python3.12/site-packages/airflow/example_dags/example_trigger_controller_dag.py
[2024-12-20T05:31:49.553+0000] {processor.py:925} INFO - DAG(s) 'example_trigger_controller_dag' retrieved from /home/airflow/.local/lib/python3.12/site-packages/airflow/example_dags/example_trigger_controller_dag.py
[2024-12-20T05:31:49.599+0000] {logging_mixin.py:190} INFO - [2024-12-20T05:31:49.599+0000] {dag.py:3239} INFO - Sync 1 DAGs
[2024-12-20T05:31:49.658+0000] {logging_mixin.py:190} INFO - [2024-12-20T05:31:49.657+0000] {dag.py:4180} INFO - Setting next_dagrun for example_trigger_controller_dag to 2021-01-01 00:00:00+00:00, run_after=2021-01-01 00:00:00+00:00
[2024-12-20T05:31:49.740+0000] {processor.py:208} INFO - Processing /home/airflow/.local/lib/python3.12/site-packages/airflow/example_dags/example_trigger_controller_dag.py took 0.226 seconds
[2024-12-20T05:32:24.572+0000] {processor.py:186} INFO - Started process (PID=12938) to work on /home/airflow/.local/lib/python3.12/site-packages/airflow/example_dags/example_trigger_controller_dag.py
[2024-12-20T05:32:24.577+0000] {processor.py:914} INFO - Processing file /home/airflow/.local/lib/python3.12/site-packages/airflow/example_dags/example_trigger_controller_dag.py for tasks to queue
[2024-12-20T05:32:24.585+0000] {logging_mixin.py:190} INFO - [2024-12-20T05:32:24.584+0000] {dagbag.py:588} INFO - Filling up the DagBag from /home/airflow/.local/lib/python3.12/site-packages/airflow/example_dags/example_trigger_controller_dag.py
[2024-12-20T05:32:24.622+0000] {processor.py:925} INFO - DAG(s) 'example_trigger_controller_dag' retrieved from /home/airflow/.local/lib/python3.12/site-packages/airflow/example_dags/example_trigger_controller_dag.py
[2024-12-20T05:32:24.709+0000] {logging_mixin.py:190} INFO - [2024-12-20T05:32:24.708+0000] {dag.py:3239} INFO - Sync 1 DAGs
[2024-12-20T05:32:24.837+0000] {logging_mixin.py:190} INFO - [2024-12-20T05:32:24.836+0000] {dag.py:4180} INFO - Setting next_dagrun for example_trigger_controller_dag to 2021-01-01 00:00:00+00:00, run_after=2021-01-01 00:00:00+00:00
[2024-12-20T05:32:24.935+0000] {processor.py:208} INFO - Processing /home/airflow/.local/lib/python3.12/site-packages/airflow/example_dags/example_trigger_controller_dag.py took 0.384 seconds
[2024-12-20T05:32:55.755+0000] {processor.py:186} INFO - Started process (PID=13003) to work on /home/airflow/.local/lib/python3.12/site-packages/airflow/example_dags/example_trigger_controller_dag.py
[2024-12-20T05:32:55.757+0000] {processor.py:914} INFO - Processing file /home/airflow/.local/lib/python3.12/site-packages/airflow/example_dags/example_trigger_controller_dag.py for tasks to queue
[2024-12-20T05:32:55.769+0000] {logging_mixin.py:190} INFO - [2024-12-20T05:32:55.768+0000] {dagbag.py:588} INFO - Filling up the DagBag from /home/airflow/.local/lib/python3.12/site-packages/airflow/example_dags/example_trigger_controller_dag.py
[2024-12-20T05:32:55.793+0000] {processor.py:925} INFO - DAG(s) 'example_trigger_controller_dag' retrieved from /home/airflow/.local/lib/python3.12/site-packages/airflow/example_dags/example_trigger_controller_dag.py
[2024-12-20T05:32:55.843+0000] {logging_mixin.py:190} INFO - [2024-12-20T05:32:55.842+0000] {dag.py:3239} INFO - Sync 1 DAGs
[2024-12-20T05:32:55.900+0000] {logging_mixin.py:190} INFO - [2024-12-20T05:32:55.899+0000] {dag.py:4180} INFO - Setting next_dagrun for example_trigger_controller_dag to 2021-01-01 00:00:00+00:00, run_after=2021-01-01 00:00:00+00:00
[2024-12-20T05:32:55.977+0000] {processor.py:208} INFO - Processing /home/airflow/.local/lib/python3.12/site-packages/airflow/example_dags/example_trigger_controller_dag.py took 0.237 seconds
[2024-12-20T05:33:27.723+0000] {processor.py:186} INFO - Started process (PID=13068) to work on /home/airflow/.local/lib/python3.12/site-packages/airflow/example_dags/example_trigger_controller_dag.py
[2024-12-20T05:33:27.726+0000] {processor.py:914} INFO - Processing file /home/airflow/.local/lib/python3.12/site-packages/airflow/example_dags/example_trigger_controller_dag.py for tasks to queue
[2024-12-20T05:33:27.732+0000] {logging_mixin.py:190} INFO - [2024-12-20T05:33:27.731+0000] {dagbag.py:588} INFO - Filling up the DagBag from /home/airflow/.local/lib/python3.12/site-packages/airflow/example_dags/example_trigger_controller_dag.py
[2024-12-20T05:33:27.749+0000] {processor.py:925} INFO - DAG(s) 'example_trigger_controller_dag' retrieved from /home/airflow/.local/lib/python3.12/site-packages/airflow/example_dags/example_trigger_controller_dag.py
[2024-12-20T05:33:27.822+0000] {logging_mixin.py:190} INFO - [2024-12-20T05:33:27.821+0000] {dag.py:3239} INFO - Sync 1 DAGs
[2024-12-20T05:33:27.938+0000] {logging_mixin.py:190} INFO - [2024-12-20T05:33:27.938+0000] {dag.py:4180} INFO - Setting next_dagrun for example_trigger_controller_dag to 2021-01-01 00:00:00+00:00, run_after=2021-01-01 00:00:00+00:00
[2024-12-20T05:33:28.017+0000] {processor.py:208} INFO - Processing /home/airflow/.local/lib/python3.12/site-packages/airflow/example_dags/example_trigger_controller_dag.py took 0.309 seconds
[2024-12-20T05:34:03.981+0000] {processor.py:186} INFO - Started process (PID=13140) to work on /home/airflow/.local/lib/python3.12/site-packages/airflow/example_dags/example_trigger_controller_dag.py
[2024-12-20T05:34:03.984+0000] {processor.py:914} INFO - Processing file /home/airflow/.local/lib/python3.12/site-packages/airflow/example_dags/example_trigger_controller_dag.py for tasks to queue
[2024-12-20T05:34:03.993+0000] {logging_mixin.py:190} INFO - [2024-12-20T05:34:03.992+0000] {dagbag.py:588} INFO - Filling up the DagBag from /home/airflow/.local/lib/python3.12/site-packages/airflow/example_dags/example_trigger_controller_dag.py
[2024-12-20T05:34:04.030+0000] {processor.py:925} INFO - DAG(s) 'example_trigger_controller_dag' retrieved from /home/airflow/.local/lib/python3.12/site-packages/airflow/example_dags/example_trigger_controller_dag.py
[2024-12-20T05:34:04.148+0000] {logging_mixin.py:190} INFO - [2024-12-20T05:34:04.147+0000] {dag.py:3239} INFO - Sync 1 DAGs
[2024-12-20T05:34:04.267+0000] {logging_mixin.py:190} INFO - [2024-12-20T05:34:04.266+0000] {dag.py:4180} INFO - Setting next_dagrun for example_trigger_controller_dag to 2021-01-01 00:00:00+00:00, run_after=2021-01-01 00:00:00+00:00
[2024-12-20T05:34:04.346+0000] {processor.py:208} INFO - Processing /home/airflow/.local/lib/python3.12/site-packages/airflow/example_dags/example_trigger_controller_dag.py took 0.390 seconds
[2024-12-20T05:34:35.430+0000] {processor.py:186} INFO - Started process (PID=13205) to work on /home/airflow/.local/lib/python3.12/site-packages/airflow/example_dags/example_trigger_controller_dag.py
[2024-12-20T05:34:35.434+0000] {processor.py:914} INFO - Processing file /home/airflow/.local/lib/python3.12/site-packages/airflow/example_dags/example_trigger_controller_dag.py for tasks to queue
[2024-12-20T05:34:35.444+0000] {logging_mixin.py:190} INFO - [2024-12-20T05:34:35.442+0000] {dagbag.py:588} INFO - Filling up the DagBag from /home/airflow/.local/lib/python3.12/site-packages/airflow/example_dags/example_trigger_controller_dag.py
[2024-12-20T05:34:35.471+0000] {processor.py:925} INFO - DAG(s) 'example_trigger_controller_dag' retrieved from /home/airflow/.local/lib/python3.12/site-packages/airflow/example_dags/example_trigger_controller_dag.py
[2024-12-20T05:34:35.541+0000] {logging_mixin.py:190} INFO - [2024-12-20T05:34:35.540+0000] {dag.py:3239} INFO - Sync 1 DAGs
[2024-12-20T05:34:35.622+0000] {logging_mixin.py:190} INFO - [2024-12-20T05:34:35.621+0000] {dag.py:4180} INFO - Setting next_dagrun for example_trigger_controller_dag to 2021-01-01 00:00:00+00:00, run_after=2021-01-01 00:00:00+00:00
[2024-12-20T05:34:35.708+0000] {processor.py:208} INFO - Processing /home/airflow/.local/lib/python3.12/site-packages/airflow/example_dags/example_trigger_controller_dag.py took 0.302 seconds
[2024-12-20T05:35:08.143+0000] {processor.py:186} INFO - Started process (PID=13272) to work on /home/airflow/.local/lib/python3.12/site-packages/airflow/example_dags/example_trigger_controller_dag.py
[2024-12-20T05:35:08.148+0000] {processor.py:914} INFO - Processing file /home/airflow/.local/lib/python3.12/site-packages/airflow/example_dags/example_trigger_controller_dag.py for tasks to queue
[2024-12-20T05:35:08.163+0000] {logging_mixin.py:190} INFO - [2024-12-20T05:35:08.160+0000] {dagbag.py:588} INFO - Filling up the DagBag from /home/airflow/.local/lib/python3.12/site-packages/airflow/example_dags/example_trigger_controller_dag.py
[2024-12-20T05:35:08.199+0000] {processor.py:925} INFO - DAG(s) 'example_trigger_controller_dag' retrieved from /home/airflow/.local/lib/python3.12/site-packages/airflow/example_dags/example_trigger_controller_dag.py
[2024-12-20T05:35:08.324+0000] {logging_mixin.py:190} INFO - [2024-12-20T05:35:08.323+0000] {dag.py:3239} INFO - Sync 1 DAGs
[2024-12-20T05:35:08.466+0000] {logging_mixin.py:190} INFO - [2024-12-20T05:35:08.465+0000] {dag.py:4180} INFO - Setting next_dagrun for example_trigger_controller_dag to 2021-01-01 00:00:00+00:00, run_after=2021-01-01 00:00:00+00:00
[2024-12-20T05:35:08.556+0000] {processor.py:208} INFO - Processing /home/airflow/.local/lib/python3.12/site-packages/airflow/example_dags/example_trigger_controller_dag.py took 0.443 seconds
[2024-12-20T05:35:39.649+0000] {processor.py:186} INFO - Started process (PID=13337) to work on /home/airflow/.local/lib/python3.12/site-packages/airflow/example_dags/example_trigger_controller_dag.py
[2024-12-20T05:35:39.653+0000] {processor.py:914} INFO - Processing file /home/airflow/.local/lib/python3.12/site-packages/airflow/example_dags/example_trigger_controller_dag.py for tasks to queue
[2024-12-20T05:35:39.665+0000] {logging_mixin.py:190} INFO - [2024-12-20T05:35:39.663+0000] {dagbag.py:588} INFO - Filling up the DagBag from /home/airflow/.local/lib/python3.12/site-packages/airflow/example_dags/example_trigger_controller_dag.py
[2024-12-20T05:35:39.691+0000] {processor.py:925} INFO - DAG(s) 'example_trigger_controller_dag' retrieved from /home/airflow/.local/lib/python3.12/site-packages/airflow/example_dags/example_trigger_controller_dag.py
[2024-12-20T05:35:39.773+0000] {logging_mixin.py:190} INFO - [2024-12-20T05:35:39.772+0000] {dag.py:3239} INFO - Sync 1 DAGs
[2024-12-20T05:35:39.862+0000] {logging_mixin.py:190} INFO - [2024-12-20T05:35:39.861+0000] {dag.py:4180} INFO - Setting next_dagrun for example_trigger_controller_dag to 2021-01-01 00:00:00+00:00, run_after=2021-01-01 00:00:00+00:00
[2024-12-20T05:35:39.958+0000] {processor.py:208} INFO - Processing /home/airflow/.local/lib/python3.12/site-packages/airflow/example_dags/example_trigger_controller_dag.py took 0.315 seconds
[2024-12-20T05:36:11.770+0000] {processor.py:186} INFO - Started process (PID=13402) to work on /home/airflow/.local/lib/python3.12/site-packages/airflow/example_dags/example_trigger_controller_dag.py
[2024-12-20T05:36:11.773+0000] {processor.py:914} INFO - Processing file /home/airflow/.local/lib/python3.12/site-packages/airflow/example_dags/example_trigger_controller_dag.py for tasks to queue
[2024-12-20T05:36:11.781+0000] {logging_mixin.py:190} INFO - [2024-12-20T05:36:11.780+0000] {dagbag.py:588} INFO - Filling up the DagBag from /home/airflow/.local/lib/python3.12/site-packages/airflow/example_dags/example_trigger_controller_dag.py
[2024-12-20T05:36:11.799+0000] {processor.py:925} INFO - DAG(s) 'example_trigger_controller_dag' retrieved from /home/airflow/.local/lib/python3.12/site-packages/airflow/example_dags/example_trigger_controller_dag.py
[2024-12-20T05:36:11.855+0000] {logging_mixin.py:190} INFO - [2024-12-20T05:36:11.854+0000] {dag.py:3239} INFO - Sync 1 DAGs
[2024-12-20T05:36:11.924+0000] {logging_mixin.py:190} INFO - [2024-12-20T05:36:11.923+0000] {dag.py:4180} INFO - Setting next_dagrun for example_trigger_controller_dag to 2021-01-01 00:00:00+00:00, run_after=2021-01-01 00:00:00+00:00
[2024-12-20T05:36:11.998+0000] {processor.py:208} INFO - Processing /home/airflow/.local/lib/python3.12/site-packages/airflow/example_dags/example_trigger_controller_dag.py took 0.247 seconds
[2024-12-20T05:36:43.121+0000] {processor.py:186} INFO - Started process (PID=13467) to work on /home/airflow/.local/lib/python3.12/site-packages/airflow/example_dags/example_trigger_controller_dag.py
[2024-12-20T05:36:43.123+0000] {processor.py:914} INFO - Processing file /home/airflow/.local/lib/python3.12/site-packages/airflow/example_dags/example_trigger_controller_dag.py for tasks to queue
[2024-12-20T05:36:43.131+0000] {logging_mixin.py:190} INFO - [2024-12-20T05:36:43.129+0000] {dagbag.py:588} INFO - Filling up the DagBag from /home/airflow/.local/lib/python3.12/site-packages/airflow/example_dags/example_trigger_controller_dag.py
[2024-12-20T05:36:43.148+0000] {processor.py:925} INFO - DAG(s) 'example_trigger_controller_dag' retrieved from /home/airflow/.local/lib/python3.12/site-packages/airflow/example_dags/example_trigger_controller_dag.py
[2024-12-20T05:36:43.191+0000] {logging_mixin.py:190} INFO - [2024-12-20T05:36:43.191+0000] {dag.py:3239} INFO - Sync 1 DAGs
[2024-12-20T05:36:43.251+0000] {logging_mixin.py:190} INFO - [2024-12-20T05:36:43.250+0000] {dag.py:4180} INFO - Setting next_dagrun for example_trigger_controller_dag to 2021-01-01 00:00:00+00:00, run_after=2021-01-01 00:00:00+00:00
[2024-12-20T05:36:43.308+0000] {processor.py:208} INFO - Processing /home/airflow/.local/lib/python3.12/site-packages/airflow/example_dags/example_trigger_controller_dag.py took 0.202 seconds
[2024-12-20T05:37:16.367+0000] {processor.py:186} INFO - Started process (PID=13533) to work on /home/airflow/.local/lib/python3.12/site-packages/airflow/example_dags/example_trigger_controller_dag.py
[2024-12-20T05:37:16.371+0000] {processor.py:914} INFO - Processing file /home/airflow/.local/lib/python3.12/site-packages/airflow/example_dags/example_trigger_controller_dag.py for tasks to queue
[2024-12-20T05:37:16.382+0000] {logging_mixin.py:190} INFO - [2024-12-20T05:37:16.380+0000] {dagbag.py:588} INFO - Filling up the DagBag from /home/airflow/.local/lib/python3.12/site-packages/airflow/example_dags/example_trigger_controller_dag.py
[2024-12-20T05:37:16.413+0000] {processor.py:925} INFO - DAG(s) 'example_trigger_controller_dag' retrieved from /home/airflow/.local/lib/python3.12/site-packages/airflow/example_dags/example_trigger_controller_dag.py
[2024-12-20T05:37:16.481+0000] {logging_mixin.py:190} INFO - [2024-12-20T05:37:16.480+0000] {dag.py:3239} INFO - Sync 1 DAGs
[2024-12-20T05:37:16.578+0000] {logging_mixin.py:190} INFO - [2024-12-20T05:37:16.577+0000] {dag.py:4180} INFO - Setting next_dagrun for example_trigger_controller_dag to 2021-01-01 00:00:00+00:00, run_after=2021-01-01 00:00:00+00:00
[2024-12-20T05:37:16.638+0000] {processor.py:208} INFO - Processing /home/airflow/.local/lib/python3.12/site-packages/airflow/example_dags/example_trigger_controller_dag.py took 0.293 seconds
[2024-12-20T05:37:47.756+0000] {processor.py:186} INFO - Started process (PID=13598) to work on /home/airflow/.local/lib/python3.12/site-packages/airflow/example_dags/example_trigger_controller_dag.py
[2024-12-20T05:37:47.761+0000] {processor.py:914} INFO - Processing file /home/airflow/.local/lib/python3.12/site-packages/airflow/example_dags/example_trigger_controller_dag.py for tasks to queue
[2024-12-20T05:37:47.787+0000] {logging_mixin.py:190} INFO - [2024-12-20T05:37:47.785+0000] {dagbag.py:588} INFO - Filling up the DagBag from /home/airflow/.local/lib/python3.12/site-packages/airflow/example_dags/example_trigger_controller_dag.py
[2024-12-20T05:37:47.834+0000] {processor.py:925} INFO - DAG(s) 'example_trigger_controller_dag' retrieved from /home/airflow/.local/lib/python3.12/site-packages/airflow/example_dags/example_trigger_controller_dag.py
[2024-12-20T05:37:47.955+0000] {logging_mixin.py:190} INFO - [2024-12-20T05:37:47.954+0000] {dag.py:3239} INFO - Sync 1 DAGs
[2024-12-20T05:37:48.114+0000] {logging_mixin.py:190} INFO - [2024-12-20T05:37:48.113+0000] {dag.py:4180} INFO - Setting next_dagrun for example_trigger_controller_dag to 2021-01-01 00:00:00+00:00, run_after=2021-01-01 00:00:00+00:00
[2024-12-20T05:37:48.197+0000] {processor.py:208} INFO - Processing /home/airflow/.local/lib/python3.12/site-packages/airflow/example_dags/example_trigger_controller_dag.py took 0.508 seconds
[2024-12-20T05:38:21.087+0000] {processor.py:186} INFO - Started process (PID=13663) to work on /home/airflow/.local/lib/python3.12/site-packages/airflow/example_dags/example_trigger_controller_dag.py
[2024-12-20T05:38:21.090+0000] {processor.py:914} INFO - Processing file /home/airflow/.local/lib/python3.12/site-packages/airflow/example_dags/example_trigger_controller_dag.py for tasks to queue
[2024-12-20T05:38:21.099+0000] {logging_mixin.py:190} INFO - [2024-12-20T05:38:21.098+0000] {dagbag.py:588} INFO - Filling up the DagBag from /home/airflow/.local/lib/python3.12/site-packages/airflow/example_dags/example_trigger_controller_dag.py
[2024-12-20T05:38:21.123+0000] {processor.py:925} INFO - DAG(s) 'example_trigger_controller_dag' retrieved from /home/airflow/.local/lib/python3.12/site-packages/airflow/example_dags/example_trigger_controller_dag.py
[2024-12-20T05:38:21.211+0000] {logging_mixin.py:190} INFO - [2024-12-20T05:38:21.210+0000] {dag.py:3239} INFO - Sync 1 DAGs
[2024-12-20T05:38:21.365+0000] {logging_mixin.py:190} INFO - [2024-12-20T05:38:21.364+0000] {dag.py:4180} INFO - Setting next_dagrun for example_trigger_controller_dag to 2021-01-01 00:00:00+00:00, run_after=2021-01-01 00:00:00+00:00
[2024-12-20T05:38:21.464+0000] {processor.py:208} INFO - Processing /home/airflow/.local/lib/python3.12/site-packages/airflow/example_dags/example_trigger_controller_dag.py took 0.402 seconds
[2024-12-20T05:38:51.757+0000] {processor.py:186} INFO - Started process (PID=13728) to work on /home/airflow/.local/lib/python3.12/site-packages/airflow/example_dags/example_trigger_controller_dag.py
[2024-12-20T05:38:51.759+0000] {processor.py:914} INFO - Processing file /home/airflow/.local/lib/python3.12/site-packages/airflow/example_dags/example_trigger_controller_dag.py for tasks to queue
[2024-12-20T05:38:51.763+0000] {logging_mixin.py:190} INFO - [2024-12-20T05:38:51.763+0000] {dagbag.py:588} INFO - Filling up the DagBag from /home/airflow/.local/lib/python3.12/site-packages/airflow/example_dags/example_trigger_controller_dag.py
[2024-12-20T05:38:51.780+0000] {processor.py:925} INFO - DAG(s) 'example_trigger_controller_dag' retrieved from /home/airflow/.local/lib/python3.12/site-packages/airflow/example_dags/example_trigger_controller_dag.py
[2024-12-20T05:38:51.825+0000] {logging_mixin.py:190} INFO - [2024-12-20T05:38:51.825+0000] {dag.py:3239} INFO - Sync 1 DAGs
[2024-12-20T05:38:51.891+0000] {logging_mixin.py:190} INFO - [2024-12-20T05:38:51.891+0000] {dag.py:4180} INFO - Setting next_dagrun for example_trigger_controller_dag to 2021-01-01 00:00:00+00:00, run_after=2021-01-01 00:00:00+00:00
[2024-12-20T05:38:51.976+0000] {processor.py:208} INFO - Processing /home/airflow/.local/lib/python3.12/site-packages/airflow/example_dags/example_trigger_controller_dag.py took 0.230 seconds
[2024-12-20T05:39:23.907+0000] {processor.py:186} INFO - Started process (PID=13794) to work on /home/airflow/.local/lib/python3.12/site-packages/airflow/example_dags/example_trigger_controller_dag.py
[2024-12-20T05:39:23.910+0000] {processor.py:914} INFO - Processing file /home/airflow/.local/lib/python3.12/site-packages/airflow/example_dags/example_trigger_controller_dag.py for tasks to queue
[2024-12-20T05:39:23.917+0000] {logging_mixin.py:190} INFO - [2024-12-20T05:39:23.916+0000] {dagbag.py:588} INFO - Filling up the DagBag from /home/airflow/.local/lib/python3.12/site-packages/airflow/example_dags/example_trigger_controller_dag.py
[2024-12-20T05:39:23.938+0000] {processor.py:925} INFO - DAG(s) 'example_trigger_controller_dag' retrieved from /home/airflow/.local/lib/python3.12/site-packages/airflow/example_dags/example_trigger_controller_dag.py
[2024-12-20T05:39:23.990+0000] {logging_mixin.py:190} INFO - [2024-12-20T05:39:23.989+0000] {dag.py:3239} INFO - Sync 1 DAGs
[2024-12-20T05:39:24.054+0000] {logging_mixin.py:190} INFO - [2024-12-20T05:39:24.054+0000] {dag.py:4180} INFO - Setting next_dagrun for example_trigger_controller_dag to 2021-01-01 00:00:00+00:00, run_after=2021-01-01 00:00:00+00:00
[2024-12-20T05:39:24.131+0000] {processor.py:208} INFO - Processing /home/airflow/.local/lib/python3.12/site-packages/airflow/example_dags/example_trigger_controller_dag.py took 0.242 seconds
[2024-12-20T05:39:56.063+0000] {processor.py:186} INFO - Started process (PID=13859) to work on /home/airflow/.local/lib/python3.12/site-packages/airflow/example_dags/example_trigger_controller_dag.py
[2024-12-20T05:39:56.066+0000] {processor.py:914} INFO - Processing file /home/airflow/.local/lib/python3.12/site-packages/airflow/example_dags/example_trigger_controller_dag.py for tasks to queue
[2024-12-20T05:39:56.075+0000] {logging_mixin.py:190} INFO - [2024-12-20T05:39:56.073+0000] {dagbag.py:588} INFO - Filling up the DagBag from /home/airflow/.local/lib/python3.12/site-packages/airflow/example_dags/example_trigger_controller_dag.py
[2024-12-20T05:39:56.103+0000] {processor.py:925} INFO - DAG(s) 'example_trigger_controller_dag' retrieved from /home/airflow/.local/lib/python3.12/site-packages/airflow/example_dags/example_trigger_controller_dag.py
[2024-12-20T05:39:56.190+0000] {logging_mixin.py:190} INFO - [2024-12-20T05:39:56.189+0000] {dag.py:3239} INFO - Sync 1 DAGs
[2024-12-20T05:39:56.284+0000] {logging_mixin.py:190} INFO - [2024-12-20T05:39:56.284+0000] {dag.py:4180} INFO - Setting next_dagrun for example_trigger_controller_dag to 2021-01-01 00:00:00+00:00, run_after=2021-01-01 00:00:00+00:00
[2024-12-20T05:39:56.374+0000] {processor.py:208} INFO - Processing /home/airflow/.local/lib/python3.12/site-packages/airflow/example_dags/example_trigger_controller_dag.py took 0.333 seconds
[2024-12-20T05:40:28.441+0000] {processor.py:186} INFO - Started process (PID=13927) to work on /home/airflow/.local/lib/python3.12/site-packages/airflow/example_dags/example_trigger_controller_dag.py
[2024-12-20T05:40:28.444+0000] {processor.py:914} INFO - Processing file /home/airflow/.local/lib/python3.12/site-packages/airflow/example_dags/example_trigger_controller_dag.py for tasks to queue
[2024-12-20T05:40:28.454+0000] {logging_mixin.py:190} INFO - [2024-12-20T05:40:28.452+0000] {dagbag.py:588} INFO - Filling up the DagBag from /home/airflow/.local/lib/python3.12/site-packages/airflow/example_dags/example_trigger_controller_dag.py
[2024-12-20T05:40:28.478+0000] {processor.py:925} INFO - DAG(s) 'example_trigger_controller_dag' retrieved from /home/airflow/.local/lib/python3.12/site-packages/airflow/example_dags/example_trigger_controller_dag.py
[2024-12-20T05:40:28.538+0000] {logging_mixin.py:190} INFO - [2024-12-20T05:40:28.538+0000] {dag.py:3239} INFO - Sync 1 DAGs
[2024-12-20T05:40:28.602+0000] {logging_mixin.py:190} INFO - [2024-12-20T05:40:28.601+0000] {dag.py:4180} INFO - Setting next_dagrun for example_trigger_controller_dag to 2021-01-01 00:00:00+00:00, run_after=2021-01-01 00:00:00+00:00
[2024-12-20T05:40:28.650+0000] {processor.py:208} INFO - Processing /home/airflow/.local/lib/python3.12/site-packages/airflow/example_dags/example_trigger_controller_dag.py took 0.231 seconds
[2024-12-20T05:41:02.973+0000] {processor.py:186} INFO - Started process (PID=13995) to work on /home/airflow/.local/lib/python3.12/site-packages/airflow/example_dags/example_trigger_controller_dag.py
[2024-12-20T05:41:02.976+0000] {processor.py:914} INFO - Processing file /home/airflow/.local/lib/python3.12/site-packages/airflow/example_dags/example_trigger_controller_dag.py for tasks to queue
[2024-12-20T05:41:02.984+0000] {logging_mixin.py:190} INFO - [2024-12-20T05:41:02.983+0000] {dagbag.py:588} INFO - Filling up the DagBag from /home/airflow/.local/lib/python3.12/site-packages/airflow/example_dags/example_trigger_controller_dag.py
[2024-12-20T05:41:03.007+0000] {processor.py:925} INFO - DAG(s) 'example_trigger_controller_dag' retrieved from /home/airflow/.local/lib/python3.12/site-packages/airflow/example_dags/example_trigger_controller_dag.py
[2024-12-20T05:41:03.064+0000] {logging_mixin.py:190} INFO - [2024-12-20T05:41:03.064+0000] {dag.py:3239} INFO - Sync 1 DAGs
[2024-12-20T05:41:03.155+0000] {logging_mixin.py:190} INFO - [2024-12-20T05:41:03.155+0000] {dag.py:4180} INFO - Setting next_dagrun for example_trigger_controller_dag to 2021-01-01 00:00:00+00:00, run_after=2021-01-01 00:00:00+00:00
[2024-12-20T05:41:03.260+0000] {processor.py:208} INFO - Processing /home/airflow/.local/lib/python3.12/site-packages/airflow/example_dags/example_trigger_controller_dag.py took 0.310 seconds
[2024-12-20T05:41:35.231+0000] {processor.py:186} INFO - Started process (PID=14070) to work on /home/airflow/.local/lib/python3.12/site-packages/airflow/example_dags/example_trigger_controller_dag.py
[2024-12-20T05:41:35.234+0000] {processor.py:914} INFO - Processing file /home/airflow/.local/lib/python3.12/site-packages/airflow/example_dags/example_trigger_controller_dag.py for tasks to queue
[2024-12-20T05:41:35.249+0000] {logging_mixin.py:190} INFO - [2024-12-20T05:41:35.243+0000] {dagbag.py:588} INFO - Filling up the DagBag from /home/airflow/.local/lib/python3.12/site-packages/airflow/example_dags/example_trigger_controller_dag.py
[2024-12-20T05:41:35.279+0000] {processor.py:925} INFO - DAG(s) 'example_trigger_controller_dag' retrieved from /home/airflow/.local/lib/python3.12/site-packages/airflow/example_dags/example_trigger_controller_dag.py
[2024-12-20T05:41:35.351+0000] {logging_mixin.py:190} INFO - [2024-12-20T05:41:35.351+0000] {dag.py:3239} INFO - Sync 1 DAGs
[2024-12-20T05:41:35.447+0000] {logging_mixin.py:190} INFO - [2024-12-20T05:41:35.446+0000] {dag.py:4180} INFO - Setting next_dagrun for example_trigger_controller_dag to 2021-01-01 00:00:00+00:00, run_after=2021-01-01 00:00:00+00:00
[2024-12-20T05:41:35.511+0000] {processor.py:208} INFO - Processing /home/airflow/.local/lib/python3.12/site-packages/airflow/example_dags/example_trigger_controller_dag.py took 0.303 seconds
[2024-12-20T05:42:08.623+0000] {processor.py:186} INFO - Started process (PID=14141) to work on /home/airflow/.local/lib/python3.12/site-packages/airflow/example_dags/example_trigger_controller_dag.py
[2024-12-20T05:42:08.627+0000] {processor.py:914} INFO - Processing file /home/airflow/.local/lib/python3.12/site-packages/airflow/example_dags/example_trigger_controller_dag.py for tasks to queue
[2024-12-20T05:42:08.636+0000] {logging_mixin.py:190} INFO - [2024-12-20T05:42:08.634+0000] {dagbag.py:588} INFO - Filling up the DagBag from /home/airflow/.local/lib/python3.12/site-packages/airflow/example_dags/example_trigger_controller_dag.py
[2024-12-20T05:42:08.668+0000] {processor.py:925} INFO - DAG(s) 'example_trigger_controller_dag' retrieved from /home/airflow/.local/lib/python3.12/site-packages/airflow/example_dags/example_trigger_controller_dag.py
[2024-12-20T05:42:08.747+0000] {logging_mixin.py:190} INFO - [2024-12-20T05:42:08.746+0000] {dag.py:3239} INFO - Sync 1 DAGs
[2024-12-20T05:42:08.841+0000] {logging_mixin.py:190} INFO - [2024-12-20T05:42:08.840+0000] {dag.py:4180} INFO - Setting next_dagrun for example_trigger_controller_dag to 2021-01-01 00:00:00+00:00, run_after=2021-01-01 00:00:00+00:00
[2024-12-20T05:42:08.907+0000] {processor.py:208} INFO - Processing /home/airflow/.local/lib/python3.12/site-packages/airflow/example_dags/example_trigger_controller_dag.py took 0.313 seconds
[2024-12-20T05:42:39.750+0000] {processor.py:186} INFO - Started process (PID=14206) to work on /home/airflow/.local/lib/python3.12/site-packages/airflow/example_dags/example_trigger_controller_dag.py
[2024-12-20T05:42:39.752+0000] {processor.py:914} INFO - Processing file /home/airflow/.local/lib/python3.12/site-packages/airflow/example_dags/example_trigger_controller_dag.py for tasks to queue
[2024-12-20T05:42:39.759+0000] {logging_mixin.py:190} INFO - [2024-12-20T05:42:39.758+0000] {dagbag.py:588} INFO - Filling up the DagBag from /home/airflow/.local/lib/python3.12/site-packages/airflow/example_dags/example_trigger_controller_dag.py
[2024-12-20T05:42:39.777+0000] {processor.py:925} INFO - DAG(s) 'example_trigger_controller_dag' retrieved from /home/airflow/.local/lib/python3.12/site-packages/airflow/example_dags/example_trigger_controller_dag.py
[2024-12-20T05:42:39.825+0000] {logging_mixin.py:190} INFO - [2024-12-20T05:42:39.825+0000] {dag.py:3239} INFO - Sync 1 DAGs
[2024-12-20T05:42:39.944+0000] {logging_mixin.py:190} INFO - [2024-12-20T05:42:39.943+0000] {dag.py:4180} INFO - Setting next_dagrun for example_trigger_controller_dag to 2021-01-01 00:00:00+00:00, run_after=2021-01-01 00:00:00+00:00
[2024-12-20T05:42:40.051+0000] {processor.py:208} INFO - Processing /home/airflow/.local/lib/python3.12/site-packages/airflow/example_dags/example_trigger_controller_dag.py took 0.317 seconds
[2024-12-20T05:43:12.989+0000] {processor.py:186} INFO - Started process (PID=14274) to work on /home/airflow/.local/lib/python3.12/site-packages/airflow/example_dags/example_trigger_controller_dag.py
[2024-12-20T05:43:12.992+0000] {processor.py:914} INFO - Processing file /home/airflow/.local/lib/python3.12/site-packages/airflow/example_dags/example_trigger_controller_dag.py for tasks to queue
[2024-12-20T05:43:13.004+0000] {logging_mixin.py:190} INFO - [2024-12-20T05:43:13.001+0000] {dagbag.py:588} INFO - Filling up the DagBag from /home/airflow/.local/lib/python3.12/site-packages/airflow/example_dags/example_trigger_controller_dag.py
[2024-12-20T05:43:13.033+0000] {processor.py:925} INFO - DAG(s) 'example_trigger_controller_dag' retrieved from /home/airflow/.local/lib/python3.12/site-packages/airflow/example_dags/example_trigger_controller_dag.py
[2024-12-20T05:43:13.098+0000] {logging_mixin.py:190} INFO - [2024-12-20T05:43:13.097+0000] {dag.py:3239} INFO - Sync 1 DAGs
[2024-12-20T05:43:13.220+0000] {logging_mixin.py:190} INFO - [2024-12-20T05:43:13.219+0000] {dag.py:4180} INFO - Setting next_dagrun for example_trigger_controller_dag to 2021-01-01 00:00:00+00:00, run_after=2021-01-01 00:00:00+00:00
[2024-12-20T05:43:13.313+0000] {processor.py:208} INFO - Processing /home/airflow/.local/lib/python3.12/site-packages/airflow/example_dags/example_trigger_controller_dag.py took 0.350 seconds
[2024-12-20T05:43:46.577+0000] {processor.py:186} INFO - Started process (PID=14345) to work on /home/airflow/.local/lib/python3.12/site-packages/airflow/example_dags/example_trigger_controller_dag.py
[2024-12-20T05:43:46.582+0000] {processor.py:914} INFO - Processing file /home/airflow/.local/lib/python3.12/site-packages/airflow/example_dags/example_trigger_controller_dag.py for tasks to queue
[2024-12-20T05:43:46.591+0000] {logging_mixin.py:190} INFO - [2024-12-20T05:43:46.590+0000] {dagbag.py:588} INFO - Filling up the DagBag from /home/airflow/.local/lib/python3.12/site-packages/airflow/example_dags/example_trigger_controller_dag.py
[2024-12-20T05:43:46.618+0000] {processor.py:925} INFO - DAG(s) 'example_trigger_controller_dag' retrieved from /home/airflow/.local/lib/python3.12/site-packages/airflow/example_dags/example_trigger_controller_dag.py
[2024-12-20T05:43:46.679+0000] {logging_mixin.py:190} INFO - [2024-12-20T05:43:46.678+0000] {dag.py:3239} INFO - Sync 1 DAGs
[2024-12-20T05:43:46.770+0000] {logging_mixin.py:190} INFO - [2024-12-20T05:43:46.769+0000] {dag.py:4180} INFO - Setting next_dagrun for example_trigger_controller_dag to 2021-01-01 00:00:00+00:00, run_after=2021-01-01 00:00:00+00:00
[2024-12-20T05:43:46.868+0000] {processor.py:208} INFO - Processing /home/airflow/.local/lib/python3.12/site-packages/airflow/example_dags/example_trigger_controller_dag.py took 0.311 seconds
[2024-12-20T05:44:22.424+0000] {processor.py:186} INFO - Started process (PID=14414) to work on /home/airflow/.local/lib/python3.12/site-packages/airflow/example_dags/example_trigger_controller_dag.py
[2024-12-20T05:44:22.429+0000] {processor.py:914} INFO - Processing file /home/airflow/.local/lib/python3.12/site-packages/airflow/example_dags/example_trigger_controller_dag.py for tasks to queue
[2024-12-20T05:44:22.449+0000] {logging_mixin.py:190} INFO - [2024-12-20T05:44:22.447+0000] {dagbag.py:588} INFO - Filling up the DagBag from /home/airflow/.local/lib/python3.12/site-packages/airflow/example_dags/example_trigger_controller_dag.py
[2024-12-20T05:44:22.492+0000] {processor.py:925} INFO - DAG(s) 'example_trigger_controller_dag' retrieved from /home/airflow/.local/lib/python3.12/site-packages/airflow/example_dags/example_trigger_controller_dag.py
[2024-12-20T05:44:22.583+0000] {logging_mixin.py:190} INFO - [2024-12-20T05:44:22.582+0000] {dag.py:3239} INFO - Sync 1 DAGs
[2024-12-20T05:44:22.767+0000] {logging_mixin.py:190} INFO - [2024-12-20T05:44:22.766+0000] {dag.py:4180} INFO - Setting next_dagrun for example_trigger_controller_dag to 2021-01-01 00:00:00+00:00, run_after=2021-01-01 00:00:00+00:00
[2024-12-20T05:44:22.875+0000] {processor.py:208} INFO - Processing /home/airflow/.local/lib/python3.12/site-packages/airflow/example_dags/example_trigger_controller_dag.py took 0.491 seconds
[2024-12-20T05:44:53.083+0000] {processor.py:186} INFO - Started process (PID=14479) to work on /home/airflow/.local/lib/python3.12/site-packages/airflow/example_dags/example_trigger_controller_dag.py
[2024-12-20T05:44:53.085+0000] {processor.py:914} INFO - Processing file /home/airflow/.local/lib/python3.12/site-packages/airflow/example_dags/example_trigger_controller_dag.py for tasks to queue
[2024-12-20T05:44:53.089+0000] {logging_mixin.py:190} INFO - [2024-12-20T05:44:53.089+0000] {dagbag.py:588} INFO - Filling up the DagBag from /home/airflow/.local/lib/python3.12/site-packages/airflow/example_dags/example_trigger_controller_dag.py
[2024-12-20T05:44:53.102+0000] {processor.py:925} INFO - DAG(s) 'example_trigger_controller_dag' retrieved from /home/airflow/.local/lib/python3.12/site-packages/airflow/example_dags/example_trigger_controller_dag.py
[2024-12-20T05:44:53.132+0000] {logging_mixin.py:190} INFO - [2024-12-20T05:44:53.132+0000] {dag.py:3239} INFO - Sync 1 DAGs
[2024-12-20T05:44:53.190+0000] {logging_mixin.py:190} INFO - [2024-12-20T05:44:53.189+0000] {dag.py:4180} INFO - Setting next_dagrun for example_trigger_controller_dag to 2021-01-01 00:00:00+00:00, run_after=2021-01-01 00:00:00+00:00
[2024-12-20T05:44:53.240+0000] {processor.py:208} INFO - Processing /home/airflow/.local/lib/python3.12/site-packages/airflow/example_dags/example_trigger_controller_dag.py took 0.165 seconds
[2024-12-20T05:45:23.757+0000] {processor.py:186} INFO - Started process (PID=14544) to work on /home/airflow/.local/lib/python3.12/site-packages/airflow/example_dags/example_trigger_controller_dag.py
[2024-12-20T05:45:23.759+0000] {processor.py:914} INFO - Processing file /home/airflow/.local/lib/python3.12/site-packages/airflow/example_dags/example_trigger_controller_dag.py for tasks to queue
[2024-12-20T05:45:23.765+0000] {logging_mixin.py:190} INFO - [2024-12-20T05:45:23.764+0000] {dagbag.py:588} INFO - Filling up the DagBag from /home/airflow/.local/lib/python3.12/site-packages/airflow/example_dags/example_trigger_controller_dag.py
[2024-12-20T05:45:23.780+0000] {processor.py:925} INFO - DAG(s) 'example_trigger_controller_dag' retrieved from /home/airflow/.local/lib/python3.12/site-packages/airflow/example_dags/example_trigger_controller_dag.py
[2024-12-20T05:45:23.820+0000] {logging_mixin.py:190} INFO - [2024-12-20T05:45:23.819+0000] {dag.py:3239} INFO - Sync 1 DAGs
[2024-12-20T05:45:23.867+0000] {logging_mixin.py:190} INFO - [2024-12-20T05:45:23.866+0000] {dag.py:4180} INFO - Setting next_dagrun for example_trigger_controller_dag to 2021-01-01 00:00:00+00:00, run_after=2021-01-01 00:00:00+00:00
[2024-12-20T05:45:23.907+0000] {processor.py:208} INFO - Processing /home/airflow/.local/lib/python3.12/site-packages/airflow/example_dags/example_trigger_controller_dag.py took 0.163 seconds
[2024-12-20T05:45:55.378+0000] {processor.py:186} INFO - Started process (PID=14609) to work on /home/airflow/.local/lib/python3.12/site-packages/airflow/example_dags/example_trigger_controller_dag.py
[2024-12-20T05:45:55.381+0000] {processor.py:914} INFO - Processing file /home/airflow/.local/lib/python3.12/site-packages/airflow/example_dags/example_trigger_controller_dag.py for tasks to queue
[2024-12-20T05:45:55.389+0000] {logging_mixin.py:190} INFO - [2024-12-20T05:45:55.387+0000] {dagbag.py:588} INFO - Filling up the DagBag from /home/airflow/.local/lib/python3.12/site-packages/airflow/example_dags/example_trigger_controller_dag.py
[2024-12-20T05:45:55.414+0000] {processor.py:925} INFO - DAG(s) 'example_trigger_controller_dag' retrieved from /home/airflow/.local/lib/python3.12/site-packages/airflow/example_dags/example_trigger_controller_dag.py
[2024-12-20T05:45:55.474+0000] {logging_mixin.py:190} INFO - [2024-12-20T05:45:55.474+0000] {dag.py:3239} INFO - Sync 1 DAGs
[2024-12-20T05:45:55.557+0000] {logging_mixin.py:190} INFO - [2024-12-20T05:45:55.557+0000] {dag.py:4180} INFO - Setting next_dagrun for example_trigger_controller_dag to 2021-01-01 00:00:00+00:00, run_after=2021-01-01 00:00:00+00:00
[2024-12-20T05:45:55.620+0000] {processor.py:208} INFO - Processing /home/airflow/.local/lib/python3.12/site-packages/airflow/example_dags/example_trigger_controller_dag.py took 0.263 seconds
[2024-12-20T05:46:25.965+0000] {processor.py:186} INFO - Started process (PID=14674) to work on /home/airflow/.local/lib/python3.12/site-packages/airflow/example_dags/example_trigger_controller_dag.py
[2024-12-20T05:46:25.968+0000] {processor.py:914} INFO - Processing file /home/airflow/.local/lib/python3.12/site-packages/airflow/example_dags/example_trigger_controller_dag.py for tasks to queue
[2024-12-20T05:46:25.974+0000] {logging_mixin.py:190} INFO - [2024-12-20T05:46:25.973+0000] {dagbag.py:588} INFO - Filling up the DagBag from /home/airflow/.local/lib/python3.12/site-packages/airflow/example_dags/example_trigger_controller_dag.py
[2024-12-20T05:46:25.994+0000] {processor.py:925} INFO - DAG(s) 'example_trigger_controller_dag' retrieved from /home/airflow/.local/lib/python3.12/site-packages/airflow/example_dags/example_trigger_controller_dag.py
[2024-12-20T05:46:26.054+0000] {logging_mixin.py:190} INFO - [2024-12-20T05:46:26.053+0000] {dag.py:3239} INFO - Sync 1 DAGs
[2024-12-20T05:46:26.128+0000] {logging_mixin.py:190} INFO - [2024-12-20T05:46:26.127+0000] {dag.py:4180} INFO - Setting next_dagrun for example_trigger_controller_dag to 2021-01-01 00:00:00+00:00, run_after=2021-01-01 00:00:00+00:00
[2024-12-20T05:46:26.189+0000] {processor.py:208} INFO - Processing /home/airflow/.local/lib/python3.12/site-packages/airflow/example_dags/example_trigger_controller_dag.py took 0.243 seconds
[2024-12-20T05:46:56.307+0000] {processor.py:186} INFO - Started process (PID=14739) to work on /home/airflow/.local/lib/python3.12/site-packages/airflow/example_dags/example_trigger_controller_dag.py
[2024-12-20T05:46:56.310+0000] {processor.py:914} INFO - Processing file /home/airflow/.local/lib/python3.12/site-packages/airflow/example_dags/example_trigger_controller_dag.py for tasks to queue
[2024-12-20T05:46:56.315+0000] {logging_mixin.py:190} INFO - [2024-12-20T05:46:56.314+0000] {dagbag.py:588} INFO - Filling up the DagBag from /home/airflow/.local/lib/python3.12/site-packages/airflow/example_dags/example_trigger_controller_dag.py
[2024-12-20T05:46:56.331+0000] {processor.py:925} INFO - DAG(s) 'example_trigger_controller_dag' retrieved from /home/airflow/.local/lib/python3.12/site-packages/airflow/example_dags/example_trigger_controller_dag.py
[2024-12-20T05:46:56.370+0000] {logging_mixin.py:190} INFO - [2024-12-20T05:46:56.369+0000] {dag.py:3239} INFO - Sync 1 DAGs
[2024-12-20T05:46:56.421+0000] {logging_mixin.py:190} INFO - [2024-12-20T05:46:56.421+0000] {dag.py:4180} INFO - Setting next_dagrun for example_trigger_controller_dag to 2021-01-01 00:00:00+00:00, run_after=2021-01-01 00:00:00+00:00
[2024-12-20T05:46:56.498+0000] {processor.py:208} INFO - Processing /home/airflow/.local/lib/python3.12/site-packages/airflow/example_dags/example_trigger_controller_dag.py took 0.205 seconds
[2024-12-20T05:47:26.811+0000] {processor.py:186} INFO - Started process (PID=14804) to work on /home/airflow/.local/lib/python3.12/site-packages/airflow/example_dags/example_trigger_controller_dag.py
[2024-12-20T05:47:26.814+0000] {processor.py:914} INFO - Processing file /home/airflow/.local/lib/python3.12/site-packages/airflow/example_dags/example_trigger_controller_dag.py for tasks to queue
[2024-12-20T05:47:26.820+0000] {logging_mixin.py:190} INFO - [2024-12-20T05:47:26.819+0000] {dagbag.py:588} INFO - Filling up the DagBag from /home/airflow/.local/lib/python3.12/site-packages/airflow/example_dags/example_trigger_controller_dag.py
[2024-12-20T05:47:26.835+0000] {processor.py:925} INFO - DAG(s) 'example_trigger_controller_dag' retrieved from /home/airflow/.local/lib/python3.12/site-packages/airflow/example_dags/example_trigger_controller_dag.py
[2024-12-20T05:47:26.875+0000] {logging_mixin.py:190} INFO - [2024-12-20T05:47:26.875+0000] {dag.py:3239} INFO - Sync 1 DAGs
[2024-12-20T05:47:26.930+0000] {logging_mixin.py:190} INFO - [2024-12-20T05:47:26.929+0000] {dag.py:4180} INFO - Setting next_dagrun for example_trigger_controller_dag to 2021-01-01 00:00:00+00:00, run_after=2021-01-01 00:00:00+00:00
[2024-12-20T05:47:26.972+0000] {processor.py:208} INFO - Processing /home/airflow/.local/lib/python3.12/site-packages/airflow/example_dags/example_trigger_controller_dag.py took 0.175 seconds
[2024-12-20T05:48:25.114+0000] {processor.py:186} INFO - Started process (PID=14893) to work on /home/airflow/.local/lib/python3.12/site-packages/airflow/example_dags/example_trigger_controller_dag.py
[2024-12-20T05:48:25.131+0000] {processor.py:914} INFO - Processing file /home/airflow/.local/lib/python3.12/site-packages/airflow/example_dags/example_trigger_controller_dag.py for tasks to queue
[2024-12-20T05:48:25.162+0000] {logging_mixin.py:190} INFO - [2024-12-20T05:48:25.155+0000] {dagbag.py:588} INFO - Filling up the DagBag from /home/airflow/.local/lib/python3.12/site-packages/airflow/example_dags/example_trigger_controller_dag.py
[2024-12-20T05:48:25.247+0000] {processor.py:925} INFO - DAG(s) 'example_trigger_controller_dag' retrieved from /home/airflow/.local/lib/python3.12/site-packages/airflow/example_dags/example_trigger_controller_dag.py
[2024-12-20T05:48:25.410+0000] {logging_mixin.py:190} INFO - [2024-12-20T05:48:25.408+0000] {dag.py:3239} INFO - Sync 1 DAGs
[2024-12-20T05:48:25.631+0000] {logging_mixin.py:190} INFO - [2024-12-20T05:48:25.630+0000] {dag.py:4180} INFO - Setting next_dagrun for example_trigger_controller_dag to 2021-01-01 00:00:00+00:00, run_after=2021-01-01 00:00:00+00:00
[2024-12-20T05:48:25.833+0000] {processor.py:208} INFO - Processing /home/airflow/.local/lib/python3.12/site-packages/airflow/example_dags/example_trigger_controller_dag.py took 0.822 seconds
