[2024-12-20T05:28:39.431+0000] {processor.py:186} INFO - Started process (PID=12503) to work on /home/airflow/.local/lib/python3.12/site-packages/airflow/example_dags/example_latest_only.py
[2024-12-20T05:28:39.444+0000] {processor.py:914} INFO - Processing file /home/airflow/.local/lib/python3.12/site-packages/airflow/example_dags/example_latest_only.py for tasks to queue
[2024-12-20T05:28:39.469+0000] {logging_mixin.py:190} INFO - [2024-12-20T05:28:39.467+0000] {dagbag.py:588} INFO - Filling up the DagBag from /home/airflow/.local/lib/python3.12/site-packages/airflow/example_dags/example_latest_only.py
[2024-12-20T05:28:39.558+0000] {processor.py:925} INFO - DAG(s) 'latest_only' retrieved from /home/airflow/.local/lib/python3.12/site-packages/airflow/example_dags/example_latest_only.py
[2024-12-20T05:28:39.799+0000] {logging_mixin.py:190} INFO - [2024-12-20T05:28:39.798+0000] {dag.py:3239} INFO - Sync 1 DAGs
[2024-12-20T05:28:40.214+0000] {logging_mixin.py:190} INFO - [2024-12-20T05:28:40.212+0000] {dag.py:4180} INFO - Setting next_dagrun for latest_only to 2024-12-20 00:00:00+00:00, run_after=2024-12-20 04:00:00+00:00
[2024-12-20T05:28:40.517+0000] {processor.py:208} INFO - Processing /home/airflow/.local/lib/python3.12/site-packages/airflow/example_dags/example_latest_only.py took 1.196 seconds
[2024-12-20T05:29:20.311+0000] {processor.py:186} INFO - Started process (PID=12567) to work on /home/airflow/.local/lib/python3.12/site-packages/airflow/example_dags/example_latest_only.py
[2024-12-20T05:29:20.316+0000] {processor.py:914} INFO - Processing file /home/airflow/.local/lib/python3.12/site-packages/airflow/example_dags/example_latest_only.py for tasks to queue
[2024-12-20T05:29:20.324+0000] {logging_mixin.py:190} INFO - [2024-12-20T05:29:20.323+0000] {dagbag.py:588} INFO - Filling up the DagBag from /home/airflow/.local/lib/python3.12/site-packages/airflow/example_dags/example_latest_only.py
[2024-12-20T05:29:20.367+0000] {processor.py:925} INFO - DAG(s) 'latest_only' retrieved from /home/airflow/.local/lib/python3.12/site-packages/airflow/example_dags/example_latest_only.py
[2024-12-20T05:29:20.451+0000] {logging_mixin.py:190} INFO - [2024-12-20T05:29:20.450+0000] {dag.py:3239} INFO - Sync 1 DAGs
[2024-12-20T05:29:20.585+0000] {logging_mixin.py:190} INFO - [2024-12-20T05:29:20.584+0000] {dag.py:4180} INFO - Setting next_dagrun for latest_only to 2024-12-20 00:00:00+00:00, run_after=2024-12-20 04:00:00+00:00
[2024-12-20T05:29:20.657+0000] {processor.py:208} INFO - Processing /home/airflow/.local/lib/python3.12/site-packages/airflow/example_dags/example_latest_only.py took 0.374 seconds
[2024-12-20T05:29:51.880+0000] {processor.py:186} INFO - Started process (PID=12632) to work on /home/airflow/.local/lib/python3.12/site-packages/airflow/example_dags/example_latest_only.py
[2024-12-20T05:29:51.882+0000] {processor.py:914} INFO - Processing file /home/airflow/.local/lib/python3.12/site-packages/airflow/example_dags/example_latest_only.py for tasks to queue
[2024-12-20T05:29:51.890+0000] {logging_mixin.py:190} INFO - [2024-12-20T05:29:51.889+0000] {dagbag.py:588} INFO - Filling up the DagBag from /home/airflow/.local/lib/python3.12/site-packages/airflow/example_dags/example_latest_only.py
[2024-12-20T05:29:51.910+0000] {processor.py:925} INFO - DAG(s) 'latest_only' retrieved from /home/airflow/.local/lib/python3.12/site-packages/airflow/example_dags/example_latest_only.py
[2024-12-20T05:29:51.961+0000] {logging_mixin.py:190} INFO - [2024-12-20T05:29:51.959+0000] {dag.py:3239} INFO - Sync 1 DAGs
[2024-12-20T05:29:52.017+0000] {logging_mixin.py:190} INFO - [2024-12-20T05:29:52.017+0000] {dag.py:4180} INFO - Setting next_dagrun for latest_only to 2024-12-20 00:00:00+00:00, run_after=2024-12-20 04:00:00+00:00
[2024-12-20T05:29:52.093+0000] {processor.py:208} INFO - Processing /home/airflow/.local/lib/python3.12/site-packages/airflow/example_dags/example_latest_only.py took 0.230 seconds
[2024-12-20T05:30:23.311+0000] {processor.py:186} INFO - Started process (PID=12698) to work on /home/airflow/.local/lib/python3.12/site-packages/airflow/example_dags/example_latest_only.py
[2024-12-20T05:30:23.314+0000] {processor.py:914} INFO - Processing file /home/airflow/.local/lib/python3.12/site-packages/airflow/example_dags/example_latest_only.py for tasks to queue
[2024-12-20T05:30:23.322+0000] {logging_mixin.py:190} INFO - [2024-12-20T05:30:23.320+0000] {dagbag.py:588} INFO - Filling up the DagBag from /home/airflow/.local/lib/python3.12/site-packages/airflow/example_dags/example_latest_only.py
[2024-12-20T05:30:23.340+0000] {processor.py:925} INFO - DAG(s) 'latest_only' retrieved from /home/airflow/.local/lib/python3.12/site-packages/airflow/example_dags/example_latest_only.py
[2024-12-20T05:30:23.388+0000] {logging_mixin.py:190} INFO - [2024-12-20T05:30:23.387+0000] {dag.py:3239} INFO - Sync 1 DAGs
[2024-12-20T05:30:23.445+0000] {logging_mixin.py:190} INFO - [2024-12-20T05:30:23.445+0000] {dag.py:4180} INFO - Setting next_dagrun for latest_only to 2024-12-20 00:00:00+00:00, run_after=2024-12-20 04:00:00+00:00
[2024-12-20T05:30:23.526+0000] {processor.py:208} INFO - Processing /home/airflow/.local/lib/python3.12/site-packages/airflow/example_dags/example_latest_only.py took 0.231 seconds
[2024-12-20T05:30:55.186+0000] {processor.py:186} INFO - Started process (PID=12763) to work on /home/airflow/.local/lib/python3.12/site-packages/airflow/example_dags/example_latest_only.py
[2024-12-20T05:30:55.189+0000] {processor.py:914} INFO - Processing file /home/airflow/.local/lib/python3.12/site-packages/airflow/example_dags/example_latest_only.py for tasks to queue
[2024-12-20T05:30:55.205+0000] {logging_mixin.py:190} INFO - [2024-12-20T05:30:55.203+0000] {dagbag.py:588} INFO - Filling up the DagBag from /home/airflow/.local/lib/python3.12/site-packages/airflow/example_dags/example_latest_only.py
[2024-12-20T05:30:55.233+0000] {processor.py:925} INFO - DAG(s) 'latest_only' retrieved from /home/airflow/.local/lib/python3.12/site-packages/airflow/example_dags/example_latest_only.py
[2024-12-20T05:30:55.330+0000] {logging_mixin.py:190} INFO - [2024-12-20T05:30:55.329+0000] {dag.py:3239} INFO - Sync 1 DAGs
[2024-12-20T05:30:55.448+0000] {logging_mixin.py:190} INFO - [2024-12-20T05:30:55.447+0000] {dag.py:4180} INFO - Setting next_dagrun for latest_only to 2024-12-20 00:00:00+00:00, run_after=2024-12-20 04:00:00+00:00
[2024-12-20T05:30:55.531+0000] {processor.py:208} INFO - Processing /home/airflow/.local/lib/python3.12/site-packages/airflow/example_dags/example_latest_only.py took 0.364 seconds
[2024-12-20T05:31:25.776+0000] {processor.py:186} INFO - Started process (PID=12827) to work on /home/airflow/.local/lib/python3.12/site-packages/airflow/example_dags/example_latest_only.py
[2024-12-20T05:31:25.778+0000] {processor.py:914} INFO - Processing file /home/airflow/.local/lib/python3.12/site-packages/airflow/example_dags/example_latest_only.py for tasks to queue
[2024-12-20T05:31:25.787+0000] {logging_mixin.py:190} INFO - [2024-12-20T05:31:25.786+0000] {dagbag.py:588} INFO - Filling up the DagBag from /home/airflow/.local/lib/python3.12/site-packages/airflow/example_dags/example_latest_only.py
[2024-12-20T05:31:25.805+0000] {processor.py:925} INFO - DAG(s) 'latest_only' retrieved from /home/airflow/.local/lib/python3.12/site-packages/airflow/example_dags/example_latest_only.py
[2024-12-20T05:31:25.857+0000] {logging_mixin.py:190} INFO - [2024-12-20T05:31:25.856+0000] {dag.py:3239} INFO - Sync 1 DAGs
[2024-12-20T05:31:25.930+0000] {logging_mixin.py:190} INFO - [2024-12-20T05:31:25.929+0000] {dag.py:4180} INFO - Setting next_dagrun for latest_only to 2024-12-20 00:00:00+00:00, run_after=2024-12-20 04:00:00+00:00
[2024-12-20T05:31:26.016+0000] {processor.py:208} INFO - Processing /home/airflow/.local/lib/python3.12/site-packages/airflow/example_dags/example_latest_only.py took 0.258 seconds
[2024-12-20T05:31:58.890+0000] {processor.py:186} INFO - Started process (PID=12892) to work on /home/airflow/.local/lib/python3.12/site-packages/airflow/example_dags/example_latest_only.py
[2024-12-20T05:31:58.892+0000] {processor.py:914} INFO - Processing file /home/airflow/.local/lib/python3.12/site-packages/airflow/example_dags/example_latest_only.py for tasks to queue
[2024-12-20T05:31:58.898+0000] {logging_mixin.py:190} INFO - [2024-12-20T05:31:58.898+0000] {dagbag.py:588} INFO - Filling up the DagBag from /home/airflow/.local/lib/python3.12/site-packages/airflow/example_dags/example_latest_only.py
[2024-12-20T05:31:58.917+0000] {processor.py:925} INFO - DAG(s) 'latest_only' retrieved from /home/airflow/.local/lib/python3.12/site-packages/airflow/example_dags/example_latest_only.py
[2024-12-20T05:31:58.966+0000] {logging_mixin.py:190} INFO - [2024-12-20T05:31:58.965+0000] {dag.py:3239} INFO - Sync 1 DAGs
[2024-12-20T05:31:59.019+0000] {logging_mixin.py:190} INFO - [2024-12-20T05:31:59.019+0000] {dag.py:4180} INFO - Setting next_dagrun for latest_only to 2024-12-20 00:00:00+00:00, run_after=2024-12-20 04:00:00+00:00
[2024-12-20T05:31:59.097+0000] {processor.py:208} INFO - Processing /home/airflow/.local/lib/python3.12/site-packages/airflow/example_dags/example_latest_only.py took 0.221 seconds
[2024-12-20T05:32:31.074+0000] {processor.py:186} INFO - Started process (PID=12959) to work on /home/airflow/.local/lib/python3.12/site-packages/airflow/example_dags/example_latest_only.py
[2024-12-20T05:32:31.077+0000] {processor.py:914} INFO - Processing file /home/airflow/.local/lib/python3.12/site-packages/airflow/example_dags/example_latest_only.py for tasks to queue
[2024-12-20T05:32:31.085+0000] {logging_mixin.py:190} INFO - [2024-12-20T05:32:31.084+0000] {dagbag.py:588} INFO - Filling up the DagBag from /home/airflow/.local/lib/python3.12/site-packages/airflow/example_dags/example_latest_only.py
[2024-12-20T05:32:31.105+0000] {processor.py:925} INFO - DAG(s) 'latest_only' retrieved from /home/airflow/.local/lib/python3.12/site-packages/airflow/example_dags/example_latest_only.py
[2024-12-20T05:32:31.158+0000] {logging_mixin.py:190} INFO - [2024-12-20T05:32:31.157+0000] {dag.py:3239} INFO - Sync 1 DAGs
[2024-12-20T05:32:31.242+0000] {logging_mixin.py:190} INFO - [2024-12-20T05:32:31.241+0000] {dag.py:4180} INFO - Setting next_dagrun for latest_only to 2024-12-20 00:00:00+00:00, run_after=2024-12-20 04:00:00+00:00
[2024-12-20T05:32:31.301+0000] {processor.py:208} INFO - Processing /home/airflow/.local/lib/python3.12/site-packages/airflow/example_dags/example_latest_only.py took 0.244 seconds
[2024-12-20T05:33:05.585+0000] {processor.py:186} INFO - Started process (PID=13030) to work on /home/airflow/.local/lib/python3.12/site-packages/airflow/example_dags/example_latest_only.py
[2024-12-20T05:33:05.589+0000] {processor.py:914} INFO - Processing file /home/airflow/.local/lib/python3.12/site-packages/airflow/example_dags/example_latest_only.py for tasks to queue
[2024-12-20T05:33:05.612+0000] {logging_mixin.py:190} INFO - [2024-12-20T05:33:05.610+0000] {dagbag.py:588} INFO - Filling up the DagBag from /home/airflow/.local/lib/python3.12/site-packages/airflow/example_dags/example_latest_only.py
[2024-12-20T05:33:05.667+0000] {processor.py:925} INFO - DAG(s) 'latest_only' retrieved from /home/airflow/.local/lib/python3.12/site-packages/airflow/example_dags/example_latest_only.py
[2024-12-20T05:33:05.760+0000] {logging_mixin.py:190} INFO - [2024-12-20T05:33:05.759+0000] {dag.py:3239} INFO - Sync 1 DAGs
[2024-12-20T05:33:05.922+0000] {logging_mixin.py:190} INFO - [2024-12-20T05:33:05.921+0000] {dag.py:4180} INFO - Setting next_dagrun for latest_only to 2024-12-20 00:00:00+00:00, run_after=2024-12-20 04:00:00+00:00
[2024-12-20T05:33:05.979+0000] {processor.py:208} INFO - Processing /home/airflow/.local/lib/python3.12/site-packages/airflow/example_dags/example_latest_only.py took 0.424 seconds
[2024-12-20T05:33:36.144+0000] {processor.py:186} INFO - Started process (PID=13095) to work on /home/airflow/.local/lib/python3.12/site-packages/airflow/example_dags/example_latest_only.py
[2024-12-20T05:33:36.148+0000] {processor.py:914} INFO - Processing file /home/airflow/.local/lib/python3.12/site-packages/airflow/example_dags/example_latest_only.py for tasks to queue
[2024-12-20T05:33:36.167+0000] {logging_mixin.py:190} INFO - [2024-12-20T05:33:36.165+0000] {dagbag.py:588} INFO - Filling up the DagBag from /home/airflow/.local/lib/python3.12/site-packages/airflow/example_dags/example_latest_only.py
[2024-12-20T05:33:36.217+0000] {processor.py:925} INFO - DAG(s) 'latest_only' retrieved from /home/airflow/.local/lib/python3.12/site-packages/airflow/example_dags/example_latest_only.py
[2024-12-20T05:33:36.313+0000] {logging_mixin.py:190} INFO - [2024-12-20T05:33:36.312+0000] {dag.py:3239} INFO - Sync 1 DAGs
[2024-12-20T05:33:36.475+0000] {logging_mixin.py:190} INFO - [2024-12-20T05:33:36.474+0000] {dag.py:4180} INFO - Setting next_dagrun for latest_only to 2024-12-20 00:00:00+00:00, run_after=2024-12-20 04:00:00+00:00
[2024-12-20T05:33:36.593+0000] {processor.py:208} INFO - Processing /home/airflow/.local/lib/python3.12/site-packages/airflow/example_dags/example_latest_only.py took 0.482 seconds
[2024-12-20T05:34:14.862+0000] {processor.py:186} INFO - Started process (PID=13166) to work on /home/airflow/.local/lib/python3.12/site-packages/airflow/example_dags/example_latest_only.py
[2024-12-20T05:34:14.864+0000] {processor.py:914} INFO - Processing file /home/airflow/.local/lib/python3.12/site-packages/airflow/example_dags/example_latest_only.py for tasks to queue
[2024-12-20T05:34:14.870+0000] {logging_mixin.py:190} INFO - [2024-12-20T05:34:14.869+0000] {dagbag.py:588} INFO - Filling up the DagBag from /home/airflow/.local/lib/python3.12/site-packages/airflow/example_dags/example_latest_only.py
[2024-12-20T05:34:14.888+0000] {processor.py:925} INFO - DAG(s) 'latest_only' retrieved from /home/airflow/.local/lib/python3.12/site-packages/airflow/example_dags/example_latest_only.py
[2024-12-20T05:34:14.939+0000] {logging_mixin.py:190} INFO - [2024-12-20T05:34:14.938+0000] {dag.py:3239} INFO - Sync 1 DAGs
[2024-12-20T05:34:14.999+0000] {logging_mixin.py:190} INFO - [2024-12-20T05:34:14.998+0000] {dag.py:4180} INFO - Setting next_dagrun for latest_only to 2024-12-20 00:00:00+00:00, run_after=2024-12-20 04:00:00+00:00
[2024-12-20T05:34:15.078+0000] {processor.py:208} INFO - Processing /home/airflow/.local/lib/python3.12/site-packages/airflow/example_dags/example_latest_only.py took 0.235 seconds
[2024-12-20T05:34:45.715+0000] {processor.py:186} INFO - Started process (PID=13231) to work on /home/airflow/.local/lib/python3.12/site-packages/airflow/example_dags/example_latest_only.py
[2024-12-20T05:34:45.718+0000] {processor.py:914} INFO - Processing file /home/airflow/.local/lib/python3.12/site-packages/airflow/example_dags/example_latest_only.py for tasks to queue
[2024-12-20T05:34:45.726+0000] {logging_mixin.py:190} INFO - [2024-12-20T05:34:45.725+0000] {dagbag.py:588} INFO - Filling up the DagBag from /home/airflow/.local/lib/python3.12/site-packages/airflow/example_dags/example_latest_only.py
[2024-12-20T05:34:45.747+0000] {processor.py:925} INFO - DAG(s) 'latest_only' retrieved from /home/airflow/.local/lib/python3.12/site-packages/airflow/example_dags/example_latest_only.py
[2024-12-20T05:34:45.799+0000] {logging_mixin.py:190} INFO - [2024-12-20T05:34:45.799+0000] {dag.py:3239} INFO - Sync 1 DAGs
[2024-12-20T05:34:45.884+0000] {logging_mixin.py:190} INFO - [2024-12-20T05:34:45.884+0000] {dag.py:4180} INFO - Setting next_dagrun for latest_only to 2024-12-20 00:00:00+00:00, run_after=2024-12-20 04:00:00+00:00
[2024-12-20T05:34:45.946+0000] {processor.py:208} INFO - Processing /home/airflow/.local/lib/python3.12/site-packages/airflow/example_dags/example_latest_only.py took 0.253 seconds
[2024-12-20T05:35:18.547+0000] {processor.py:186} INFO - Started process (PID=13296) to work on /home/airflow/.local/lib/python3.12/site-packages/airflow/example_dags/example_latest_only.py
[2024-12-20T05:35:18.550+0000] {processor.py:914} INFO - Processing file /home/airflow/.local/lib/python3.12/site-packages/airflow/example_dags/example_latest_only.py for tasks to queue
[2024-12-20T05:35:18.557+0000] {logging_mixin.py:190} INFO - [2024-12-20T05:35:18.556+0000] {dagbag.py:588} INFO - Filling up the DagBag from /home/airflow/.local/lib/python3.12/site-packages/airflow/example_dags/example_latest_only.py
[2024-12-20T05:35:18.578+0000] {processor.py:925} INFO - DAG(s) 'latest_only' retrieved from /home/airflow/.local/lib/python3.12/site-packages/airflow/example_dags/example_latest_only.py
[2024-12-20T05:35:18.633+0000] {logging_mixin.py:190} INFO - [2024-12-20T05:35:18.632+0000] {dag.py:3239} INFO - Sync 1 DAGs
[2024-12-20T05:35:18.711+0000] {logging_mixin.py:190} INFO - [2024-12-20T05:35:18.710+0000] {dag.py:4180} INFO - Setting next_dagrun for latest_only to 2024-12-20 00:00:00+00:00, run_after=2024-12-20 04:00:00+00:00
[2024-12-20T05:35:18.761+0000] {processor.py:208} INFO - Processing /home/airflow/.local/lib/python3.12/site-packages/airflow/example_dags/example_latest_only.py took 0.234 seconds
[2024-12-20T05:35:51.374+0000] {processor.py:186} INFO - Started process (PID=13361) to work on /home/airflow/.local/lib/python3.12/site-packages/airflow/example_dags/example_latest_only.py
[2024-12-20T05:35:51.377+0000] {processor.py:914} INFO - Processing file /home/airflow/.local/lib/python3.12/site-packages/airflow/example_dags/example_latest_only.py for tasks to queue
[2024-12-20T05:35:51.384+0000] {logging_mixin.py:190} INFO - [2024-12-20T05:35:51.383+0000] {dagbag.py:588} INFO - Filling up the DagBag from /home/airflow/.local/lib/python3.12/site-packages/airflow/example_dags/example_latest_only.py
[2024-12-20T05:35:51.406+0000] {processor.py:925} INFO - DAG(s) 'latest_only' retrieved from /home/airflow/.local/lib/python3.12/site-packages/airflow/example_dags/example_latest_only.py
[2024-12-20T05:35:51.454+0000] {logging_mixin.py:190} INFO - [2024-12-20T05:35:51.453+0000] {dag.py:3239} INFO - Sync 1 DAGs
[2024-12-20T05:35:51.508+0000] {logging_mixin.py:190} INFO - [2024-12-20T05:35:51.507+0000] {dag.py:4180} INFO - Setting next_dagrun for latest_only to 2024-12-20 00:00:00+00:00, run_after=2024-12-20 04:00:00+00:00
[2024-12-20T05:35:51.551+0000] {processor.py:208} INFO - Processing /home/airflow/.local/lib/python3.12/site-packages/airflow/example_dags/example_latest_only.py took 0.194 seconds
[2024-12-20T05:36:25.446+0000] {processor.py:186} INFO - Started process (PID=13426) to work on /home/airflow/.local/lib/python3.12/site-packages/airflow/example_dags/example_latest_only.py
[2024-12-20T05:36:25.450+0000] {processor.py:914} INFO - Processing file /home/airflow/.local/lib/python3.12/site-packages/airflow/example_dags/example_latest_only.py for tasks to queue
[2024-12-20T05:36:25.460+0000] {logging_mixin.py:190} INFO - [2024-12-20T05:36:25.458+0000] {dagbag.py:588} INFO - Filling up the DagBag from /home/airflow/.local/lib/python3.12/site-packages/airflow/example_dags/example_latest_only.py
[2024-12-20T05:36:25.484+0000] {processor.py:925} INFO - DAG(s) 'latest_only' retrieved from /home/airflow/.local/lib/python3.12/site-packages/airflow/example_dags/example_latest_only.py
[2024-12-20T05:36:25.550+0000] {logging_mixin.py:190} INFO - [2024-12-20T05:36:25.549+0000] {dag.py:3239} INFO - Sync 1 DAGs
[2024-12-20T05:36:25.632+0000] {logging_mixin.py:190} INFO - [2024-12-20T05:36:25.631+0000] {dag.py:4180} INFO - Setting next_dagrun for latest_only to 2024-12-20 00:00:00+00:00, run_after=2024-12-20 04:00:00+00:00
[2024-12-20T05:36:25.709+0000] {processor.py:208} INFO - Processing /home/airflow/.local/lib/python3.12/site-packages/airflow/example_dags/example_latest_only.py took 0.283 seconds
[2024-12-20T05:36:56.103+0000] {processor.py:186} INFO - Started process (PID=13491) to work on /home/airflow/.local/lib/python3.12/site-packages/airflow/example_dags/example_latest_only.py
[2024-12-20T05:36:56.106+0000] {processor.py:914} INFO - Processing file /home/airflow/.local/lib/python3.12/site-packages/airflow/example_dags/example_latest_only.py for tasks to queue
[2024-12-20T05:36:56.113+0000] {logging_mixin.py:190} INFO - [2024-12-20T05:36:56.111+0000] {dagbag.py:588} INFO - Filling up the DagBag from /home/airflow/.local/lib/python3.12/site-packages/airflow/example_dags/example_latest_only.py
[2024-12-20T05:36:56.139+0000] {processor.py:925} INFO - DAG(s) 'latest_only' retrieved from /home/airflow/.local/lib/python3.12/site-packages/airflow/example_dags/example_latest_only.py
[2024-12-20T05:36:56.197+0000] {logging_mixin.py:190} INFO - [2024-12-20T05:36:56.196+0000] {dag.py:3239} INFO - Sync 1 DAGs
[2024-12-20T05:36:56.272+0000] {logging_mixin.py:190} INFO - [2024-12-20T05:36:56.271+0000] {dag.py:4180} INFO - Setting next_dagrun for latest_only to 2024-12-20 00:00:00+00:00, run_after=2024-12-20 04:00:00+00:00
[2024-12-20T05:36:56.321+0000] {processor.py:208} INFO - Processing /home/airflow/.local/lib/python3.12/site-packages/airflow/example_dags/example_latest_only.py took 0.233 seconds
[2024-12-20T05:37:28.107+0000] {processor.py:186} INFO - Started process (PID=13557) to work on /home/airflow/.local/lib/python3.12/site-packages/airflow/example_dags/example_latest_only.py
[2024-12-20T05:37:28.110+0000] {processor.py:914} INFO - Processing file /home/airflow/.local/lib/python3.12/site-packages/airflow/example_dags/example_latest_only.py for tasks to queue
[2024-12-20T05:37:28.119+0000] {logging_mixin.py:190} INFO - [2024-12-20T05:37:28.118+0000] {dagbag.py:588} INFO - Filling up the DagBag from /home/airflow/.local/lib/python3.12/site-packages/airflow/example_dags/example_latest_only.py
[2024-12-20T05:37:28.142+0000] {processor.py:925} INFO - DAG(s) 'latest_only' retrieved from /home/airflow/.local/lib/python3.12/site-packages/airflow/example_dags/example_latest_only.py
[2024-12-20T05:37:28.259+0000] {logging_mixin.py:190} INFO - [2024-12-20T05:37:28.258+0000] {dag.py:3239} INFO - Sync 1 DAGs
[2024-12-20T05:37:28.455+0000] {logging_mixin.py:190} INFO - [2024-12-20T05:37:28.454+0000] {dag.py:4180} INFO - Setting next_dagrun for latest_only to 2024-12-20 00:00:00+00:00, run_after=2024-12-20 04:00:00+00:00
[2024-12-20T05:37:28.553+0000] {processor.py:208} INFO - Processing /home/airflow/.local/lib/python3.12/site-packages/airflow/example_dags/example_latest_only.py took 0.464 seconds
[2024-12-20T05:37:59.616+0000] {processor.py:186} INFO - Started process (PID=13622) to work on /home/airflow/.local/lib/python3.12/site-packages/airflow/example_dags/example_latest_only.py
[2024-12-20T05:37:59.619+0000] {processor.py:914} INFO - Processing file /home/airflow/.local/lib/python3.12/site-packages/airflow/example_dags/example_latest_only.py for tasks to queue
[2024-12-20T05:37:59.626+0000] {logging_mixin.py:190} INFO - [2024-12-20T05:37:59.625+0000] {dagbag.py:588} INFO - Filling up the DagBag from /home/airflow/.local/lib/python3.12/site-packages/airflow/example_dags/example_latest_only.py
[2024-12-20T05:37:59.645+0000] {processor.py:925} INFO - DAG(s) 'latest_only' retrieved from /home/airflow/.local/lib/python3.12/site-packages/airflow/example_dags/example_latest_only.py
[2024-12-20T05:37:59.747+0000] {logging_mixin.py:190} INFO - [2024-12-20T05:37:59.746+0000] {dag.py:3239} INFO - Sync 1 DAGs
[2024-12-20T05:37:59.866+0000] {logging_mixin.py:190} INFO - [2024-12-20T05:37:59.865+0000] {dag.py:4180} INFO - Setting next_dagrun for latest_only to 2024-12-20 00:00:00+00:00, run_after=2024-12-20 04:00:00+00:00
[2024-12-20T05:37:59.994+0000] {processor.py:208} INFO - Processing /home/airflow/.local/lib/python3.12/site-packages/airflow/example_dags/example_latest_only.py took 0.394 seconds
[2024-12-20T05:38:30.815+0000] {processor.py:186} INFO - Started process (PID=13687) to work on /home/airflow/.local/lib/python3.12/site-packages/airflow/example_dags/example_latest_only.py
[2024-12-20T05:38:30.817+0000] {processor.py:914} INFO - Processing file /home/airflow/.local/lib/python3.12/site-packages/airflow/example_dags/example_latest_only.py for tasks to queue
[2024-12-20T05:38:30.823+0000] {logging_mixin.py:190} INFO - [2024-12-20T05:38:30.822+0000] {dagbag.py:588} INFO - Filling up the DagBag from /home/airflow/.local/lib/python3.12/site-packages/airflow/example_dags/example_latest_only.py
[2024-12-20T05:38:30.839+0000] {processor.py:925} INFO - DAG(s) 'latest_only' retrieved from /home/airflow/.local/lib/python3.12/site-packages/airflow/example_dags/example_latest_only.py
[2024-12-20T05:38:30.886+0000] {logging_mixin.py:190} INFO - [2024-12-20T05:38:30.885+0000] {dag.py:3239} INFO - Sync 1 DAGs
[2024-12-20T05:38:30.936+0000] {logging_mixin.py:190} INFO - [2024-12-20T05:38:30.936+0000] {dag.py:4180} INFO - Setting next_dagrun for latest_only to 2024-12-20 00:00:00+00:00, run_after=2024-12-20 04:00:00+00:00
[2024-12-20T05:38:30.976+0000] {processor.py:208} INFO - Processing /home/airflow/.local/lib/python3.12/site-packages/airflow/example_dags/example_latest_only.py took 0.173 seconds
[2024-12-20T05:39:01.226+0000] {processor.py:186} INFO - Started process (PID=13751) to work on /home/airflow/.local/lib/python3.12/site-packages/airflow/example_dags/example_latest_only.py
[2024-12-20T05:39:01.230+0000] {processor.py:914} INFO - Processing file /home/airflow/.local/lib/python3.12/site-packages/airflow/example_dags/example_latest_only.py for tasks to queue
[2024-12-20T05:39:01.239+0000] {logging_mixin.py:190} INFO - [2024-12-20T05:39:01.236+0000] {dagbag.py:588} INFO - Filling up the DagBag from /home/airflow/.local/lib/python3.12/site-packages/airflow/example_dags/example_latest_only.py
[2024-12-20T05:39:01.257+0000] {processor.py:925} INFO - DAG(s) 'latest_only' retrieved from /home/airflow/.local/lib/python3.12/site-packages/airflow/example_dags/example_latest_only.py
[2024-12-20T05:39:01.309+0000] {logging_mixin.py:190} INFO - [2024-12-20T05:39:01.308+0000] {dag.py:3239} INFO - Sync 1 DAGs
[2024-12-20T05:39:01.372+0000] {logging_mixin.py:190} INFO - [2024-12-20T05:39:01.372+0000] {dag.py:4180} INFO - Setting next_dagrun for latest_only to 2024-12-20 00:00:00+00:00, run_after=2024-12-20 04:00:00+00:00
[2024-12-20T05:39:01.454+0000] {processor.py:208} INFO - Processing /home/airflow/.local/lib/python3.12/site-packages/airflow/example_dags/example_latest_only.py took 0.252 seconds
[2024-12-20T05:39:31.633+0000] {processor.py:186} INFO - Started process (PID=13816) to work on /home/airflow/.local/lib/python3.12/site-packages/airflow/example_dags/example_latest_only.py
[2024-12-20T05:39:31.635+0000] {processor.py:914} INFO - Processing file /home/airflow/.local/lib/python3.12/site-packages/airflow/example_dags/example_latest_only.py for tasks to queue
[2024-12-20T05:39:31.641+0000] {logging_mixin.py:190} INFO - [2024-12-20T05:39:31.640+0000] {dagbag.py:588} INFO - Filling up the DagBag from /home/airflow/.local/lib/python3.12/site-packages/airflow/example_dags/example_latest_only.py
[2024-12-20T05:39:31.659+0000] {processor.py:925} INFO - DAG(s) 'latest_only' retrieved from /home/airflow/.local/lib/python3.12/site-packages/airflow/example_dags/example_latest_only.py
[2024-12-20T05:39:31.706+0000] {logging_mixin.py:190} INFO - [2024-12-20T05:39:31.705+0000] {dag.py:3239} INFO - Sync 1 DAGs
[2024-12-20T05:39:31.761+0000] {logging_mixin.py:190} INFO - [2024-12-20T05:39:31.760+0000] {dag.py:4180} INFO - Setting next_dagrun for latest_only to 2024-12-20 00:00:00+00:00, run_after=2024-12-20 04:00:00+00:00
[2024-12-20T05:39:31.821+0000] {processor.py:208} INFO - Processing /home/airflow/.local/lib/python3.12/site-packages/airflow/example_dags/example_latest_only.py took 0.201 seconds
[2024-12-20T05:40:02.900+0000] {processor.py:186} INFO - Started process (PID=13881) to work on /home/airflow/.local/lib/python3.12/site-packages/airflow/example_dags/example_latest_only.py
[2024-12-20T05:40:02.904+0000] {processor.py:914} INFO - Processing file /home/airflow/.local/lib/python3.12/site-packages/airflow/example_dags/example_latest_only.py for tasks to queue
[2024-12-20T05:40:02.919+0000] {logging_mixin.py:190} INFO - [2024-12-20T05:40:02.918+0000] {dagbag.py:588} INFO - Filling up the DagBag from /home/airflow/.local/lib/python3.12/site-packages/airflow/example_dags/example_latest_only.py
[2024-12-20T05:40:02.955+0000] {processor.py:925} INFO - DAG(s) 'latest_only' retrieved from /home/airflow/.local/lib/python3.12/site-packages/airflow/example_dags/example_latest_only.py
[2024-12-20T05:40:03.020+0000] {logging_mixin.py:190} INFO - [2024-12-20T05:40:03.019+0000] {dag.py:3239} INFO - Sync 1 DAGs
[2024-12-20T05:40:03.110+0000] {logging_mixin.py:190} INFO - [2024-12-20T05:40:03.109+0000] {dag.py:4180} INFO - Setting next_dagrun for latest_only to 2024-12-20 00:00:00+00:00, run_after=2024-12-20 04:00:00+00:00
[2024-12-20T05:40:03.167+0000] {processor.py:208} INFO - Processing /home/airflow/.local/lib/python3.12/site-packages/airflow/example_dags/example_latest_only.py took 0.295 seconds
[2024-12-20T05:40:34.368+0000] {processor.py:186} INFO - Started process (PID=13946) to work on /home/airflow/.local/lib/python3.12/site-packages/airflow/example_dags/example_latest_only.py
[2024-12-20T05:40:34.370+0000] {processor.py:914} INFO - Processing file /home/airflow/.local/lib/python3.12/site-packages/airflow/example_dags/example_latest_only.py for tasks to queue
[2024-12-20T05:40:34.377+0000] {logging_mixin.py:190} INFO - [2024-12-20T05:40:34.376+0000] {dagbag.py:588} INFO - Filling up the DagBag from /home/airflow/.local/lib/python3.12/site-packages/airflow/example_dags/example_latest_only.py
[2024-12-20T05:40:34.393+0000] {processor.py:925} INFO - DAG(s) 'latest_only' retrieved from /home/airflow/.local/lib/python3.12/site-packages/airflow/example_dags/example_latest_only.py
[2024-12-20T05:40:34.441+0000] {logging_mixin.py:190} INFO - [2024-12-20T05:40:34.441+0000] {dag.py:3239} INFO - Sync 1 DAGs
[2024-12-20T05:40:34.499+0000] {logging_mixin.py:190} INFO - [2024-12-20T05:40:34.498+0000] {dag.py:4180} INFO - Setting next_dagrun for latest_only to 2024-12-20 00:00:00+00:00, run_after=2024-12-20 04:00:00+00:00
[2024-12-20T05:40:34.535+0000] {processor.py:208} INFO - Processing /home/airflow/.local/lib/python3.12/site-packages/airflow/example_dags/example_latest_only.py took 0.181 seconds
[2024-12-20T05:41:06.387+0000] {processor.py:186} INFO - Started process (PID=14017) to work on /home/airflow/.local/lib/python3.12/site-packages/airflow/example_dags/example_latest_only.py
[2024-12-20T05:41:06.390+0000] {processor.py:914} INFO - Processing file /home/airflow/.local/lib/python3.12/site-packages/airflow/example_dags/example_latest_only.py for tasks to queue
[2024-12-20T05:41:06.400+0000] {logging_mixin.py:190} INFO - [2024-12-20T05:41:06.399+0000] {dagbag.py:588} INFO - Filling up the DagBag from /home/airflow/.local/lib/python3.12/site-packages/airflow/example_dags/example_latest_only.py
[2024-12-20T05:41:06.428+0000] {processor.py:925} INFO - DAG(s) 'latest_only' retrieved from /home/airflow/.local/lib/python3.12/site-packages/airflow/example_dags/example_latest_only.py
[2024-12-20T05:41:06.494+0000] {logging_mixin.py:190} INFO - [2024-12-20T05:41:06.493+0000] {dag.py:3239} INFO - Sync 1 DAGs
[2024-12-20T05:41:06.577+0000] {logging_mixin.py:190} INFO - [2024-12-20T05:41:06.576+0000] {dag.py:4180} INFO - Setting next_dagrun for latest_only to 2024-12-20 00:00:00+00:00, run_after=2024-12-20 04:00:00+00:00
[2024-12-20T05:41:06.633+0000] {processor.py:208} INFO - Processing /home/airflow/.local/lib/python3.12/site-packages/airflow/example_dags/example_latest_only.py took 0.274 seconds
[2024-12-20T05:41:37.679+0000] {processor.py:186} INFO - Started process (PID=14082) to work on /home/airflow/.local/lib/python3.12/site-packages/airflow/example_dags/example_latest_only.py
[2024-12-20T05:41:37.682+0000] {processor.py:914} INFO - Processing file /home/airflow/.local/lib/python3.12/site-packages/airflow/example_dags/example_latest_only.py for tasks to queue
[2024-12-20T05:41:37.691+0000] {logging_mixin.py:190} INFO - [2024-12-20T05:41:37.690+0000] {dagbag.py:588} INFO - Filling up the DagBag from /home/airflow/.local/lib/python3.12/site-packages/airflow/example_dags/example_latest_only.py
[2024-12-20T05:41:37.716+0000] {processor.py:925} INFO - DAG(s) 'latest_only' retrieved from /home/airflow/.local/lib/python3.12/site-packages/airflow/example_dags/example_latest_only.py
[2024-12-20T05:41:37.771+0000] {logging_mixin.py:190} INFO - [2024-12-20T05:41:37.770+0000] {dag.py:3239} INFO - Sync 1 DAGs
[2024-12-20T05:41:37.844+0000] {logging_mixin.py:190} INFO - [2024-12-20T05:41:37.843+0000] {dag.py:4180} INFO - Setting next_dagrun for latest_only to 2024-12-20 00:00:00+00:00, run_after=2024-12-20 04:00:00+00:00
[2024-12-20T05:41:37.899+0000] {processor.py:208} INFO - Processing /home/airflow/.local/lib/python3.12/site-packages/airflow/example_dags/example_latest_only.py took 0.238 seconds
[2024-12-20T05:42:09.796+0000] {processor.py:186} INFO - Started process (PID=14147) to work on /home/airflow/.local/lib/python3.12/site-packages/airflow/example_dags/example_latest_only.py
[2024-12-20T05:42:09.799+0000] {processor.py:914} INFO - Processing file /home/airflow/.local/lib/python3.12/site-packages/airflow/example_dags/example_latest_only.py for tasks to queue
[2024-12-20T05:42:09.809+0000] {logging_mixin.py:190} INFO - [2024-12-20T05:42:09.808+0000] {dagbag.py:588} INFO - Filling up the DagBag from /home/airflow/.local/lib/python3.12/site-packages/airflow/example_dags/example_latest_only.py
[2024-12-20T05:42:09.836+0000] {processor.py:925} INFO - DAG(s) 'latest_only' retrieved from /home/airflow/.local/lib/python3.12/site-packages/airflow/example_dags/example_latest_only.py
[2024-12-20T05:42:09.927+0000] {logging_mixin.py:190} INFO - [2024-12-20T05:42:09.926+0000] {dag.py:3239} INFO - Sync 1 DAGs
[2024-12-20T05:42:10.017+0000] {logging_mixin.py:190} INFO - [2024-12-20T05:42:10.016+0000] {dag.py:4180} INFO - Setting next_dagrun for latest_only to 2024-12-20 00:00:00+00:00, run_after=2024-12-20 04:00:00+00:00
[2024-12-20T05:42:10.103+0000] {processor.py:208} INFO - Processing /home/airflow/.local/lib/python3.12/site-packages/airflow/example_dags/example_latest_only.py took 0.326 seconds
[2024-12-20T05:42:41.418+0000] {processor.py:186} INFO - Started process (PID=14212) to work on /home/airflow/.local/lib/python3.12/site-packages/airflow/example_dags/example_latest_only.py
[2024-12-20T05:42:41.421+0000] {processor.py:914} INFO - Processing file /home/airflow/.local/lib/python3.12/site-packages/airflow/example_dags/example_latest_only.py for tasks to queue
[2024-12-20T05:42:41.429+0000] {logging_mixin.py:190} INFO - [2024-12-20T05:42:41.428+0000] {dagbag.py:588} INFO - Filling up the DagBag from /home/airflow/.local/lib/python3.12/site-packages/airflow/example_dags/example_latest_only.py
[2024-12-20T05:42:41.447+0000] {processor.py:925} INFO - DAG(s) 'latest_only' retrieved from /home/airflow/.local/lib/python3.12/site-packages/airflow/example_dags/example_latest_only.py
[2024-12-20T05:42:41.496+0000] {logging_mixin.py:190} INFO - [2024-12-20T05:42:41.496+0000] {dag.py:3239} INFO - Sync 1 DAGs
[2024-12-20T05:42:41.552+0000] {logging_mixin.py:190} INFO - [2024-12-20T05:42:41.552+0000] {dag.py:4180} INFO - Setting next_dagrun for latest_only to 2024-12-20 00:00:00+00:00, run_after=2024-12-20 04:00:00+00:00
[2024-12-20T05:42:41.633+0000] {processor.py:208} INFO - Processing /home/airflow/.local/lib/python3.12/site-packages/airflow/example_dags/example_latest_only.py took 0.229 seconds
[2024-12-20T05:43:13.438+0000] {processor.py:186} INFO - Started process (PID=14276) to work on /home/airflow/.local/lib/python3.12/site-packages/airflow/example_dags/example_latest_only.py
[2024-12-20T05:43:13.441+0000] {processor.py:914} INFO - Processing file /home/airflow/.local/lib/python3.12/site-packages/airflow/example_dags/example_latest_only.py for tasks to queue
[2024-12-20T05:43:13.451+0000] {logging_mixin.py:190} INFO - [2024-12-20T05:43:13.450+0000] {dagbag.py:588} INFO - Filling up the DagBag from /home/airflow/.local/lib/python3.12/site-packages/airflow/example_dags/example_latest_only.py
[2024-12-20T05:43:13.479+0000] {processor.py:925} INFO - DAG(s) 'latest_only' retrieved from /home/airflow/.local/lib/python3.12/site-packages/airflow/example_dags/example_latest_only.py
[2024-12-20T05:43:13.550+0000] {logging_mixin.py:190} INFO - [2024-12-20T05:43:13.549+0000] {dag.py:3239} INFO - Sync 1 DAGs
[2024-12-20T05:43:13.642+0000] {logging_mixin.py:190} INFO - [2024-12-20T05:43:13.641+0000] {dag.py:4180} INFO - Setting next_dagrun for latest_only to 2024-12-20 00:00:00+00:00, run_after=2024-12-20 04:00:00+00:00
[2024-12-20T05:43:13.706+0000] {processor.py:208} INFO - Processing /home/airflow/.local/lib/python3.12/site-packages/airflow/example_dags/example_latest_only.py took 0.286 seconds
[2024-12-20T05:43:45.554+0000] {processor.py:186} INFO - Started process (PID=14339) to work on /home/airflow/.local/lib/python3.12/site-packages/airflow/example_dags/example_latest_only.py
[2024-12-20T05:43:45.557+0000] {processor.py:914} INFO - Processing file /home/airflow/.local/lib/python3.12/site-packages/airflow/example_dags/example_latest_only.py for tasks to queue
[2024-12-20T05:43:45.566+0000] {logging_mixin.py:190} INFO - [2024-12-20T05:43:45.565+0000] {dagbag.py:588} INFO - Filling up the DagBag from /home/airflow/.local/lib/python3.12/site-packages/airflow/example_dags/example_latest_only.py
[2024-12-20T05:43:45.586+0000] {processor.py:925} INFO - DAG(s) 'latest_only' retrieved from /home/airflow/.local/lib/python3.12/site-packages/airflow/example_dags/example_latest_only.py
[2024-12-20T05:43:45.648+0000] {logging_mixin.py:190} INFO - [2024-12-20T05:43:45.647+0000] {dag.py:3239} INFO - Sync 1 DAGs
[2024-12-20T05:43:45.713+0000] {logging_mixin.py:190} INFO - [2024-12-20T05:43:45.713+0000] {dag.py:4180} INFO - Setting next_dagrun for latest_only to 2024-12-20 00:00:00+00:00, run_after=2024-12-20 04:00:00+00:00
[2024-12-20T05:43:45.791+0000] {processor.py:208} INFO - Processing /home/airflow/.local/lib/python3.12/site-packages/airflow/example_dags/example_latest_only.py took 0.257 seconds
[2024-12-20T05:44:17.754+0000] {processor.py:186} INFO - Started process (PID=14404) to work on /home/airflow/.local/lib/python3.12/site-packages/airflow/example_dags/example_latest_only.py
[2024-12-20T05:44:17.764+0000] {processor.py:914} INFO - Processing file /home/airflow/.local/lib/python3.12/site-packages/airflow/example_dags/example_latest_only.py for tasks to queue
[2024-12-20T05:44:17.779+0000] {logging_mixin.py:190} INFO - [2024-12-20T05:44:17.777+0000] {dagbag.py:588} INFO - Filling up the DagBag from /home/airflow/.local/lib/python3.12/site-packages/airflow/example_dags/example_latest_only.py
[2024-12-20T05:44:17.830+0000] {processor.py:925} INFO - DAG(s) 'latest_only' retrieved from /home/airflow/.local/lib/python3.12/site-packages/airflow/example_dags/example_latest_only.py
[2024-12-20T05:44:17.966+0000] {logging_mixin.py:190} INFO - [2024-12-20T05:44:17.965+0000] {dag.py:3239} INFO - Sync 1 DAGs
[2024-12-20T05:44:18.165+0000] {logging_mixin.py:190} INFO - [2024-12-20T05:44:18.159+0000] {dag.py:4180} INFO - Setting next_dagrun for latest_only to 2024-12-20 00:00:00+00:00, run_after=2024-12-20 04:00:00+00:00
[2024-12-20T05:44:18.315+0000] {processor.py:208} INFO - Processing /home/airflow/.local/lib/python3.12/site-packages/airflow/example_dags/example_latest_only.py took 0.614 seconds
[2024-12-20T05:44:48.654+0000] {processor.py:186} INFO - Started process (PID=14469) to work on /home/airflow/.local/lib/python3.12/site-packages/airflow/example_dags/example_latest_only.py
[2024-12-20T05:44:48.656+0000] {processor.py:914} INFO - Processing file /home/airflow/.local/lib/python3.12/site-packages/airflow/example_dags/example_latest_only.py for tasks to queue
[2024-12-20T05:44:48.663+0000] {logging_mixin.py:190} INFO - [2024-12-20T05:44:48.663+0000] {dagbag.py:588} INFO - Filling up the DagBag from /home/airflow/.local/lib/python3.12/site-packages/airflow/example_dags/example_latest_only.py
[2024-12-20T05:44:48.691+0000] {processor.py:925} INFO - DAG(s) 'latest_only' retrieved from /home/airflow/.local/lib/python3.12/site-packages/airflow/example_dags/example_latest_only.py
[2024-12-20T05:44:48.735+0000] {logging_mixin.py:190} INFO - [2024-12-20T05:44:48.735+0000] {dag.py:3239} INFO - Sync 1 DAGs
[2024-12-20T05:44:48.800+0000] {logging_mixin.py:190} INFO - [2024-12-20T05:44:48.800+0000] {dag.py:4180} INFO - Setting next_dagrun for latest_only to 2024-12-20 00:00:00+00:00, run_after=2024-12-20 04:00:00+00:00
[2024-12-20T05:44:48.841+0000] {processor.py:208} INFO - Processing /home/airflow/.local/lib/python3.12/site-packages/airflow/example_dags/example_latest_only.py took 0.204 seconds
[2024-12-20T05:45:19.891+0000] {processor.py:186} INFO - Started process (PID=14534) to work on /home/airflow/.local/lib/python3.12/site-packages/airflow/example_dags/example_latest_only.py
[2024-12-20T05:45:19.893+0000] {processor.py:914} INFO - Processing file /home/airflow/.local/lib/python3.12/site-packages/airflow/example_dags/example_latest_only.py for tasks to queue
[2024-12-20T05:45:19.900+0000] {logging_mixin.py:190} INFO - [2024-12-20T05:45:19.899+0000] {dagbag.py:588} INFO - Filling up the DagBag from /home/airflow/.local/lib/python3.12/site-packages/airflow/example_dags/example_latest_only.py
[2024-12-20T05:45:19.917+0000] {processor.py:925} INFO - DAG(s) 'latest_only' retrieved from /home/airflow/.local/lib/python3.12/site-packages/airflow/example_dags/example_latest_only.py
[2024-12-20T05:45:19.964+0000] {logging_mixin.py:190} INFO - [2024-12-20T05:45:19.964+0000] {dag.py:3239} INFO - Sync 1 DAGs
[2024-12-20T05:45:20.022+0000] {logging_mixin.py:190} INFO - [2024-12-20T05:45:20.021+0000] {dag.py:4180} INFO - Setting next_dagrun for latest_only to 2024-12-20 00:00:00+00:00, run_after=2024-12-20 04:00:00+00:00
[2024-12-20T05:45:20.065+0000] {processor.py:208} INFO - Processing /home/airflow/.local/lib/python3.12/site-packages/airflow/example_dags/example_latest_only.py took 0.193 seconds
[2024-12-20T05:45:50.626+0000] {processor.py:186} INFO - Started process (PID=14599) to work on /home/airflow/.local/lib/python3.12/site-packages/airflow/example_dags/example_latest_only.py
[2024-12-20T05:45:50.629+0000] {processor.py:914} INFO - Processing file /home/airflow/.local/lib/python3.12/site-packages/airflow/example_dags/example_latest_only.py for tasks to queue
[2024-12-20T05:45:50.638+0000] {logging_mixin.py:190} INFO - [2024-12-20T05:45:50.636+0000] {dagbag.py:588} INFO - Filling up the DagBag from /home/airflow/.local/lib/python3.12/site-packages/airflow/example_dags/example_latest_only.py
[2024-12-20T05:45:50.661+0000] {processor.py:925} INFO - DAG(s) 'latest_only' retrieved from /home/airflow/.local/lib/python3.12/site-packages/airflow/example_dags/example_latest_only.py
[2024-12-20T05:45:50.733+0000] {logging_mixin.py:190} INFO - [2024-12-20T05:45:50.731+0000] {dag.py:3239} INFO - Sync 1 DAGs
[2024-12-20T05:45:50.841+0000] {logging_mixin.py:190} INFO - [2024-12-20T05:45:50.840+0000] {dag.py:4180} INFO - Setting next_dagrun for latest_only to 2024-12-20 00:00:00+00:00, run_after=2024-12-20 04:00:00+00:00
[2024-12-20T05:45:50.908+0000] {processor.py:208} INFO - Processing /home/airflow/.local/lib/python3.12/site-packages/airflow/example_dags/example_latest_only.py took 0.302 seconds
[2024-12-20T05:46:21.447+0000] {processor.py:186} INFO - Started process (PID=14663) to work on /home/airflow/.local/lib/python3.12/site-packages/airflow/example_dags/example_latest_only.py
[2024-12-20T05:46:21.449+0000] {processor.py:914} INFO - Processing file /home/airflow/.local/lib/python3.12/site-packages/airflow/example_dags/example_latest_only.py for tasks to queue
[2024-12-20T05:46:21.457+0000] {logging_mixin.py:190} INFO - [2024-12-20T05:46:21.456+0000] {dagbag.py:588} INFO - Filling up the DagBag from /home/airflow/.local/lib/python3.12/site-packages/airflow/example_dags/example_latest_only.py
[2024-12-20T05:46:21.476+0000] {processor.py:925} INFO - DAG(s) 'latest_only' retrieved from /home/airflow/.local/lib/python3.12/site-packages/airflow/example_dags/example_latest_only.py
[2024-12-20T05:46:21.522+0000] {logging_mixin.py:190} INFO - [2024-12-20T05:46:21.522+0000] {dag.py:3239} INFO - Sync 1 DAGs
[2024-12-20T05:46:21.578+0000] {logging_mixin.py:190} INFO - [2024-12-20T05:46:21.578+0000] {dag.py:4180} INFO - Setting next_dagrun for latest_only to 2024-12-20 00:00:00+00:00, run_after=2024-12-20 04:00:00+00:00
[2024-12-20T05:46:21.620+0000] {processor.py:208} INFO - Processing /home/airflow/.local/lib/python3.12/site-packages/airflow/example_dags/example_latest_only.py took 0.190 seconds
[2024-12-20T05:46:51.830+0000] {processor.py:186} INFO - Started process (PID=14728) to work on /home/airflow/.local/lib/python3.12/site-packages/airflow/example_dags/example_latest_only.py
[2024-12-20T05:46:51.832+0000] {processor.py:914} INFO - Processing file /home/airflow/.local/lib/python3.12/site-packages/airflow/example_dags/example_latest_only.py for tasks to queue
[2024-12-20T05:46:51.838+0000] {logging_mixin.py:190} INFO - [2024-12-20T05:46:51.837+0000] {dagbag.py:588} INFO - Filling up the DagBag from /home/airflow/.local/lib/python3.12/site-packages/airflow/example_dags/example_latest_only.py
[2024-12-20T05:46:51.853+0000] {processor.py:925} INFO - DAG(s) 'latest_only' retrieved from /home/airflow/.local/lib/python3.12/site-packages/airflow/example_dags/example_latest_only.py
[2024-12-20T05:46:51.886+0000] {logging_mixin.py:190} INFO - [2024-12-20T05:46:51.886+0000] {dag.py:3239} INFO - Sync 1 DAGs
[2024-12-20T05:46:51.927+0000] {logging_mixin.py:190} INFO - [2024-12-20T05:46:51.926+0000] {dag.py:4180} INFO - Setting next_dagrun for latest_only to 2024-12-20 00:00:00+00:00, run_after=2024-12-20 04:00:00+00:00
[2024-12-20T05:46:51.996+0000] {processor.py:208} INFO - Processing /home/airflow/.local/lib/python3.12/site-packages/airflow/example_dags/example_latest_only.py took 0.178 seconds
[2024-12-20T05:47:22.589+0000] {processor.py:186} INFO - Started process (PID=14793) to work on /home/airflow/.local/lib/python3.12/site-packages/airflow/example_dags/example_latest_only.py
[2024-12-20T05:47:22.591+0000] {processor.py:914} INFO - Processing file /home/airflow/.local/lib/python3.12/site-packages/airflow/example_dags/example_latest_only.py for tasks to queue
[2024-12-20T05:47:22.598+0000] {logging_mixin.py:190} INFO - [2024-12-20T05:47:22.597+0000] {dagbag.py:588} INFO - Filling up the DagBag from /home/airflow/.local/lib/python3.12/site-packages/airflow/example_dags/example_latest_only.py
[2024-12-20T05:47:22.613+0000] {processor.py:925} INFO - DAG(s) 'latest_only' retrieved from /home/airflow/.local/lib/python3.12/site-packages/airflow/example_dags/example_latest_only.py
[2024-12-20T05:47:22.653+0000] {logging_mixin.py:190} INFO - [2024-12-20T05:47:22.653+0000] {dag.py:3239} INFO - Sync 1 DAGs
[2024-12-20T05:47:22.707+0000] {logging_mixin.py:190} INFO - [2024-12-20T05:47:22.707+0000] {dag.py:4180} INFO - Setting next_dagrun for latest_only to 2024-12-20 00:00:00+00:00, run_after=2024-12-20 04:00:00+00:00
[2024-12-20T05:47:22.755+0000] {processor.py:208} INFO - Processing /home/airflow/.local/lib/python3.12/site-packages/airflow/example_dags/example_latest_only.py took 0.178 seconds
[2024-12-20T05:48:08.837+0000] {processor.py:186} INFO - Started process (PID=14869) to work on /home/airflow/.local/lib/python3.12/site-packages/airflow/example_dags/example_latest_only.py
[2024-12-20T05:48:08.843+0000] {processor.py:914} INFO - Processing file /home/airflow/.local/lib/python3.12/site-packages/airflow/example_dags/example_latest_only.py for tasks to queue
[2024-12-20T05:48:08.891+0000] {logging_mixin.py:190} INFO - [2024-12-20T05:48:08.889+0000] {dagbag.py:588} INFO - Filling up the DagBag from /home/airflow/.local/lib/python3.12/site-packages/airflow/example_dags/example_latest_only.py
[2024-12-20T05:48:08.980+0000] {processor.py:925} INFO - DAG(s) 'latest_only' retrieved from /home/airflow/.local/lib/python3.12/site-packages/airflow/example_dags/example_latest_only.py
[2024-12-20T05:48:09.154+0000] {logging_mixin.py:190} INFO - [2024-12-20T05:48:09.149+0000] {dag.py:3239} INFO - Sync 1 DAGs
[2024-12-20T05:48:09.394+0000] {logging_mixin.py:190} INFO - [2024-12-20T05:48:09.393+0000] {dag.py:4180} INFO - Setting next_dagrun for latest_only to 2024-12-20 00:00:00+00:00, run_after=2024-12-20 04:00:00+00:00
[2024-12-20T05:48:09.587+0000] {processor.py:208} INFO - Processing /home/airflow/.local/lib/python3.12/site-packages/airflow/example_dags/example_latest_only.py took 0.872 seconds
[2024-12-20T09:18:55.155+0000] {processor.py:186} INFO - Started process (PID=93) to work on /home/airflow/.local/lib/python3.12/site-packages/airflow/example_dags/example_latest_only.py
[2024-12-20T09:18:55.159+0000] {processor.py:914} INFO - Processing file /home/airflow/.local/lib/python3.12/site-packages/airflow/example_dags/example_latest_only.py for tasks to queue
[2024-12-20T09:18:55.170+0000] {logging_mixin.py:190} INFO - [2024-12-20T09:18:55.169+0000] {dagbag.py:588} INFO - Filling up the DagBag from /home/airflow/.local/lib/python3.12/site-packages/airflow/example_dags/example_latest_only.py
[2024-12-20T09:18:55.201+0000] {processor.py:925} INFO - DAG(s) 'latest_only' retrieved from /home/airflow/.local/lib/python3.12/site-packages/airflow/example_dags/example_latest_only.py
[2024-12-20T09:18:55.307+0000] {logging_mixin.py:190} INFO - [2024-12-20T09:18:55.306+0000] {dag.py:3239} INFO - Sync 1 DAGs
[2024-12-20T09:18:55.408+0000] {logging_mixin.py:190} INFO - [2024-12-20T09:18:55.408+0000] {dag.py:4180} INFO - Setting next_dagrun for latest_only to 2024-12-20 04:00:00+00:00, run_after=2024-12-20 08:00:00+00:00
[2024-12-20T09:18:55.479+0000] {processor.py:208} INFO - Processing /home/airflow/.local/lib/python3.12/site-packages/airflow/example_dags/example_latest_only.py took 0.348 seconds
[2024-12-20T09:19:28.121+0000] {processor.py:186} INFO - Started process (PID=164) to work on /home/airflow/.local/lib/python3.12/site-packages/airflow/example_dags/example_latest_only.py
[2024-12-20T09:19:28.124+0000] {processor.py:914} INFO - Processing file /home/airflow/.local/lib/python3.12/site-packages/airflow/example_dags/example_latest_only.py for tasks to queue
[2024-12-20T09:19:28.128+0000] {logging_mixin.py:190} INFO - [2024-12-20T09:19:28.127+0000] {dagbag.py:588} INFO - Filling up the DagBag from /home/airflow/.local/lib/python3.12/site-packages/airflow/example_dags/example_latest_only.py
[2024-12-20T09:19:28.156+0000] {processor.py:925} INFO - DAG(s) 'latest_only' retrieved from /home/airflow/.local/lib/python3.12/site-packages/airflow/example_dags/example_latest_only.py
[2024-12-20T09:19:28.220+0000] {logging_mixin.py:190} INFO - [2024-12-20T09:19:28.218+0000] {dag.py:3239} INFO - Sync 1 DAGs
[2024-12-20T09:19:28.312+0000] {logging_mixin.py:190} INFO - [2024-12-20T09:19:28.311+0000] {dag.py:4180} INFO - Setting next_dagrun for latest_only to 2024-12-20 04:00:00+00:00, run_after=2024-12-20 08:00:00+00:00
[2024-12-20T09:19:28.396+0000] {processor.py:208} INFO - Processing /home/airflow/.local/lib/python3.12/site-packages/airflow/example_dags/example_latest_only.py took 0.297 seconds
[2024-12-20T09:20:11.205+0000] {processor.py:186} INFO - Started process (PID=228) to work on /home/airflow/.local/lib/python3.12/site-packages/airflow/example_dags/example_latest_only.py
[2024-12-20T09:20:11.209+0000] {processor.py:914} INFO - Processing file /home/airflow/.local/lib/python3.12/site-packages/airflow/example_dags/example_latest_only.py for tasks to queue
[2024-12-20T09:20:11.214+0000] {logging_mixin.py:190} INFO - [2024-12-20T09:20:11.213+0000] {dagbag.py:588} INFO - Filling up the DagBag from /home/airflow/.local/lib/python3.12/site-packages/airflow/example_dags/example_latest_only.py
[2024-12-20T09:20:11.270+0000] {processor.py:925} INFO - DAG(s) 'latest_only' retrieved from /home/airflow/.local/lib/python3.12/site-packages/airflow/example_dags/example_latest_only.py
[2024-12-20T09:20:11.375+0000] {logging_mixin.py:190} INFO - [2024-12-20T09:20:11.374+0000] {dag.py:3239} INFO - Sync 1 DAGs
[2024-12-20T09:20:11.506+0000] {logging_mixin.py:190} INFO - [2024-12-20T09:20:11.505+0000] {dag.py:4180} INFO - Setting next_dagrun for latest_only to 2024-12-20 04:00:00+00:00, run_after=2024-12-20 08:00:00+00:00
[2024-12-20T09:20:11.642+0000] {processor.py:208} INFO - Processing /home/airflow/.local/lib/python3.12/site-packages/airflow/example_dags/example_latest_only.py took 0.477 seconds
[2024-12-20T09:20:54.360+0000] {processor.py:186} INFO - Started process (PID=301) to work on /home/airflow/.local/lib/python3.12/site-packages/airflow/example_dags/example_latest_only.py
[2024-12-20T09:20:54.367+0000] {processor.py:914} INFO - Processing file /home/airflow/.local/lib/python3.12/site-packages/airflow/example_dags/example_latest_only.py for tasks to queue
[2024-12-20T09:20:54.385+0000] {logging_mixin.py:190} INFO - [2024-12-20T09:20:54.384+0000] {dagbag.py:588} INFO - Filling up the DagBag from /home/airflow/.local/lib/python3.12/site-packages/airflow/example_dags/example_latest_only.py
[2024-12-20T09:20:54.454+0000] {processor.py:925} INFO - DAG(s) 'latest_only' retrieved from /home/airflow/.local/lib/python3.12/site-packages/airflow/example_dags/example_latest_only.py
[2024-12-20T09:20:54.564+0000] {logging_mixin.py:190} INFO - [2024-12-20T09:20:54.561+0000] {dag.py:3239} INFO - Sync 1 DAGs
[2024-12-20T09:20:54.694+0000] {logging_mixin.py:190} INFO - [2024-12-20T09:20:54.693+0000] {dag.py:4180} INFO - Setting next_dagrun for latest_only to 2024-12-20 04:00:00+00:00, run_after=2024-12-20 08:00:00+00:00
[2024-12-20T09:20:54.827+0000] {processor.py:208} INFO - Processing /home/airflow/.local/lib/python3.12/site-packages/airflow/example_dags/example_latest_only.py took 0.522 seconds
[2024-12-20T09:21:44.003+0000] {processor.py:186} INFO - Started process (PID=393) to work on /home/airflow/.local/lib/python3.12/site-packages/airflow/example_dags/example_latest_only.py
[2024-12-20T09:21:44.009+0000] {processor.py:914} INFO - Processing file /home/airflow/.local/lib/python3.12/site-packages/airflow/example_dags/example_latest_only.py for tasks to queue
[2024-12-20T09:21:44.021+0000] {logging_mixin.py:190} INFO - [2024-12-20T09:21:44.019+0000] {dagbag.py:588} INFO - Filling up the DagBag from /home/airflow/.local/lib/python3.12/site-packages/airflow/example_dags/example_latest_only.py
[2024-12-20T09:21:44.084+0000] {processor.py:925} INFO - DAG(s) 'latest_only' retrieved from /home/airflow/.local/lib/python3.12/site-packages/airflow/example_dags/example_latest_only.py
[2024-12-20T09:21:44.271+0000] {logging_mixin.py:190} INFO - [2024-12-20T09:21:44.269+0000] {dag.py:3239} INFO - Sync 1 DAGs
[2024-12-20T09:21:44.547+0000] {logging_mixin.py:190} INFO - [2024-12-20T09:21:44.546+0000] {dag.py:4180} INFO - Setting next_dagrun for latest_only to 2024-12-20 04:00:00+00:00, run_after=2024-12-20 08:00:00+00:00
[2024-12-20T09:21:44.682+0000] {processor.py:208} INFO - Processing /home/airflow/.local/lib/python3.12/site-packages/airflow/example_dags/example_latest_only.py took 0.739 seconds
[2024-12-20T09:22:50.415+0000] {processor.py:186} INFO - Started process (PID=471) to work on /home/airflow/.local/lib/python3.12/site-packages/airflow/example_dags/example_latest_only.py
[2024-12-20T09:22:50.422+0000] {processor.py:914} INFO - Processing file /home/airflow/.local/lib/python3.12/site-packages/airflow/example_dags/example_latest_only.py for tasks to queue
[2024-12-20T09:22:50.430+0000] {logging_mixin.py:190} INFO - [2024-12-20T09:22:50.427+0000] {dagbag.py:588} INFO - Filling up the DagBag from /home/airflow/.local/lib/python3.12/site-packages/airflow/example_dags/example_latest_only.py
[2024-12-20T09:22:50.491+0000] {processor.py:925} INFO - DAG(s) 'latest_only' retrieved from /home/airflow/.local/lib/python3.12/site-packages/airflow/example_dags/example_latest_only.py
[2024-12-20T09:22:50.625+0000] {logging_mixin.py:190} INFO - [2024-12-20T09:22:50.624+0000] {dag.py:3239} INFO - Sync 1 DAGs
[2024-12-20T09:22:50.878+0000] {logging_mixin.py:190} INFO - [2024-12-20T09:22:50.876+0000] {dag.py:4180} INFO - Setting next_dagrun for latest_only to 2024-12-20 04:00:00+00:00, run_after=2024-12-20 08:00:00+00:00
[2024-12-20T09:22:51.085+0000] {processor.py:208} INFO - Processing /home/airflow/.local/lib/python3.12/site-packages/airflow/example_dags/example_latest_only.py took 0.709 seconds
[2024-12-20T09:23:26.995+0000] {processor.py:186} INFO - Started process (PID=537) to work on /home/airflow/.local/lib/python3.12/site-packages/airflow/example_dags/example_latest_only.py
[2024-12-20T09:23:27.000+0000] {processor.py:914} INFO - Processing file /home/airflow/.local/lib/python3.12/site-packages/airflow/example_dags/example_latest_only.py for tasks to queue
[2024-12-20T09:23:27.017+0000] {logging_mixin.py:190} INFO - [2024-12-20T09:23:27.015+0000] {dagbag.py:588} INFO - Filling up the DagBag from /home/airflow/.local/lib/python3.12/site-packages/airflow/example_dags/example_latest_only.py
[2024-12-20T09:23:27.087+0000] {processor.py:925} INFO - DAG(s) 'latest_only' retrieved from /home/airflow/.local/lib/python3.12/site-packages/airflow/example_dags/example_latest_only.py
[2024-12-20T09:23:27.203+0000] {logging_mixin.py:190} INFO - [2024-12-20T09:23:27.202+0000] {dag.py:3239} INFO - Sync 1 DAGs
[2024-12-20T09:23:27.373+0000] {logging_mixin.py:190} INFO - [2024-12-20T09:23:27.371+0000] {dag.py:4180} INFO - Setting next_dagrun for latest_only to 2024-12-20 04:00:00+00:00, run_after=2024-12-20 08:00:00+00:00
[2024-12-20T09:23:27.575+0000] {processor.py:208} INFO - Processing /home/airflow/.local/lib/python3.12/site-packages/airflow/example_dags/example_latest_only.py took 0.645 seconds
[2024-12-20T09:23:57.988+0000] {processor.py:186} INFO - Started process (PID=603) to work on /home/airflow/.local/lib/python3.12/site-packages/airflow/example_dags/example_latest_only.py
[2024-12-20T09:23:57.991+0000] {processor.py:914} INFO - Processing file /home/airflow/.local/lib/python3.12/site-packages/airflow/example_dags/example_latest_only.py for tasks to queue
[2024-12-20T09:23:57.995+0000] {logging_mixin.py:190} INFO - [2024-12-20T09:23:57.994+0000] {dagbag.py:588} INFO - Filling up the DagBag from /home/airflow/.local/lib/python3.12/site-packages/airflow/example_dags/example_latest_only.py
[2024-12-20T09:23:58.019+0000] {processor.py:925} INFO - DAG(s) 'latest_only' retrieved from /home/airflow/.local/lib/python3.12/site-packages/airflow/example_dags/example_latest_only.py
[2024-12-20T09:23:58.078+0000] {logging_mixin.py:190} INFO - [2024-12-20T09:23:58.078+0000] {dag.py:3239} INFO - Sync 1 DAGs
[2024-12-20T09:23:58.160+0000] {logging_mixin.py:190} INFO - [2024-12-20T09:23:58.159+0000] {dag.py:4180} INFO - Setting next_dagrun for latest_only to 2024-12-20 04:00:00+00:00, run_after=2024-12-20 08:00:00+00:00
[2024-12-20T09:23:58.206+0000] {processor.py:208} INFO - Processing /home/airflow/.local/lib/python3.12/site-packages/airflow/example_dags/example_latest_only.py took 0.240 seconds
[2024-12-20T09:24:28.540+0000] {processor.py:186} INFO - Started process (PID=669) to work on /home/airflow/.local/lib/python3.12/site-packages/airflow/example_dags/example_latest_only.py
[2024-12-20T09:24:28.542+0000] {processor.py:914} INFO - Processing file /home/airflow/.local/lib/python3.12/site-packages/airflow/example_dags/example_latest_only.py for tasks to queue
[2024-12-20T09:24:28.547+0000] {logging_mixin.py:190} INFO - [2024-12-20T09:24:28.546+0000] {dagbag.py:588} INFO - Filling up the DagBag from /home/airflow/.local/lib/python3.12/site-packages/airflow/example_dags/example_latest_only.py
[2024-12-20T09:24:28.569+0000] {processor.py:925} INFO - DAG(s) 'latest_only' retrieved from /home/airflow/.local/lib/python3.12/site-packages/airflow/example_dags/example_latest_only.py
[2024-12-20T09:24:28.626+0000] {logging_mixin.py:190} INFO - [2024-12-20T09:24:28.625+0000] {dag.py:3239} INFO - Sync 1 DAGs
[2024-12-20T09:24:28.690+0000] {logging_mixin.py:190} INFO - [2024-12-20T09:24:28.690+0000] {dag.py:4180} INFO - Setting next_dagrun for latest_only to 2024-12-20 04:00:00+00:00, run_after=2024-12-20 08:00:00+00:00
[2024-12-20T09:24:28.741+0000] {processor.py:208} INFO - Processing /home/airflow/.local/lib/python3.12/site-packages/airflow/example_dags/example_latest_only.py took 0.219 seconds
[2024-12-20T09:24:58.945+0000] {processor.py:186} INFO - Started process (PID=733) to work on /home/airflow/.local/lib/python3.12/site-packages/airflow/example_dags/example_latest_only.py
[2024-12-20T09:24:58.946+0000] {processor.py:914} INFO - Processing file /home/airflow/.local/lib/python3.12/site-packages/airflow/example_dags/example_latest_only.py for tasks to queue
[2024-12-20T09:24:58.949+0000] {logging_mixin.py:190} INFO - [2024-12-20T09:24:58.948+0000] {dagbag.py:588} INFO - Filling up the DagBag from /home/airflow/.local/lib/python3.12/site-packages/airflow/example_dags/example_latest_only.py
[2024-12-20T09:24:58.975+0000] {processor.py:925} INFO - DAG(s) 'latest_only' retrieved from /home/airflow/.local/lib/python3.12/site-packages/airflow/example_dags/example_latest_only.py
[2024-12-20T09:24:59.019+0000] {logging_mixin.py:190} INFO - [2024-12-20T09:24:59.018+0000] {dag.py:3239} INFO - Sync 1 DAGs
[2024-12-20T09:24:59.072+0000] {logging_mixin.py:190} INFO - [2024-12-20T09:24:59.072+0000] {dag.py:4180} INFO - Setting next_dagrun for latest_only to 2024-12-20 04:00:00+00:00, run_after=2024-12-20 08:00:00+00:00
[2024-12-20T09:24:59.117+0000] {processor.py:208} INFO - Processing /home/airflow/.local/lib/python3.12/site-packages/airflow/example_dags/example_latest_only.py took 0.182 seconds
