[2024-12-20T05:28:46.338+0000] {processor.py:186} INFO - Started process (PID=12512) to work on /home/airflow/.local/lib/python3.12/site-packages/airflow/example_dags/example_branch_python_dop_operator_3.py
[2024-12-20T05:28:46.346+0000] {processor.py:914} INFO - Processing file /home/airflow/.local/lib/python3.12/site-packages/airflow/example_dags/example_branch_python_dop_operator_3.py for tasks to queue
[2024-12-20T05:28:46.362+0000] {logging_mixin.py:190} INFO - [2024-12-20T05:28:46.361+0000] {dagbag.py:588} INFO - Filling up the DagBag from /home/airflow/.local/lib/python3.12/site-packages/airflow/example_dags/example_branch_python_dop_operator_3.py
[2024-12-20T05:28:46.486+0000] {processor.py:925} INFO - DAG(s) 'example_branch_dop_operator_v3' retrieved from /home/airflow/.local/lib/python3.12/site-packages/airflow/example_dags/example_branch_python_dop_operator_3.py
[2024-12-20T05:28:46.610+0000] {logging_mixin.py:190} INFO - [2024-12-20T05:28:46.609+0000] {dag.py:3239} INFO - Sync 1 DAGs
[2024-12-20T05:28:46.782+0000] {logging_mixin.py:190} INFO - [2024-12-20T05:28:46.781+0000] {dag.py:4180} INFO - Setting next_dagrun for example_branch_dop_operator_v3 to 2024-12-20 05:27:00+00:00, run_after=2024-12-20 05:28:00+00:00
[2024-12-20T05:28:46.883+0000] {processor.py:208} INFO - Processing /home/airflow/.local/lib/python3.12/site-packages/airflow/example_dags/example_branch_python_dop_operator_3.py took 0.601 seconds
[2024-12-20T05:29:22.835+0000] {processor.py:186} INFO - Started process (PID=12576) to work on /home/airflow/.local/lib/python3.12/site-packages/airflow/example_dags/example_branch_python_dop_operator_3.py
[2024-12-20T05:29:22.839+0000] {processor.py:914} INFO - Processing file /home/airflow/.local/lib/python3.12/site-packages/airflow/example_dags/example_branch_python_dop_operator_3.py for tasks to queue
[2024-12-20T05:29:22.852+0000] {logging_mixin.py:190} INFO - [2024-12-20T05:29:22.850+0000] {dagbag.py:588} INFO - Filling up the DagBag from /home/airflow/.local/lib/python3.12/site-packages/airflow/example_dags/example_branch_python_dop_operator_3.py
[2024-12-20T05:29:22.908+0000] {processor.py:925} INFO - DAG(s) 'example_branch_dop_operator_v3' retrieved from /home/airflow/.local/lib/python3.12/site-packages/airflow/example_dags/example_branch_python_dop_operator_3.py
[2024-12-20T05:29:22.992+0000] {logging_mixin.py:190} INFO - [2024-12-20T05:29:22.992+0000] {dag.py:3239} INFO - Sync 1 DAGs
[2024-12-20T05:29:23.133+0000] {logging_mixin.py:190} INFO - [2024-12-20T05:29:23.132+0000] {dag.py:4180} INFO - Setting next_dagrun for example_branch_dop_operator_v3 to 2024-12-20 05:28:00+00:00, run_after=2024-12-20 05:29:00+00:00
[2024-12-20T05:29:23.213+0000] {processor.py:208} INFO - Processing /home/airflow/.local/lib/python3.12/site-packages/airflow/example_dags/example_branch_python_dop_operator_3.py took 0.411 seconds
[2024-12-20T05:29:53.718+0000] {processor.py:186} INFO - Started process (PID=12641) to work on /home/airflow/.local/lib/python3.12/site-packages/airflow/example_dags/example_branch_python_dop_operator_3.py
[2024-12-20T05:29:53.721+0000] {processor.py:914} INFO - Processing file /home/airflow/.local/lib/python3.12/site-packages/airflow/example_dags/example_branch_python_dop_operator_3.py for tasks to queue
[2024-12-20T05:29:53.727+0000] {logging_mixin.py:190} INFO - [2024-12-20T05:29:53.726+0000] {dagbag.py:588} INFO - Filling up the DagBag from /home/airflow/.local/lib/python3.12/site-packages/airflow/example_dags/example_branch_python_dop_operator_3.py
[2024-12-20T05:29:53.757+0000] {processor.py:925} INFO - DAG(s) 'example_branch_dop_operator_v3' retrieved from /home/airflow/.local/lib/python3.12/site-packages/airflow/example_dags/example_branch_python_dop_operator_3.py
[2024-12-20T05:29:53.805+0000] {logging_mixin.py:190} INFO - [2024-12-20T05:29:53.805+0000] {dag.py:3239} INFO - Sync 1 DAGs
[2024-12-20T05:29:53.870+0000] {logging_mixin.py:190} INFO - [2024-12-20T05:29:53.870+0000] {dag.py:4180} INFO - Setting next_dagrun for example_branch_dop_operator_v3 to 2024-12-20 05:28:00+00:00, run_after=2024-12-20 05:29:00+00:00
[2024-12-20T05:29:53.950+0000] {processor.py:208} INFO - Processing /home/airflow/.local/lib/python3.12/site-packages/airflow/example_dags/example_branch_python_dop_operator_3.py took 0.250 seconds
[2024-12-20T05:30:24.949+0000] {processor.py:186} INFO - Started process (PID=12707) to work on /home/airflow/.local/lib/python3.12/site-packages/airflow/example_dags/example_branch_python_dop_operator_3.py
[2024-12-20T05:30:24.951+0000] {processor.py:914} INFO - Processing file /home/airflow/.local/lib/python3.12/site-packages/airflow/example_dags/example_branch_python_dop_operator_3.py for tasks to queue
[2024-12-20T05:30:24.958+0000] {logging_mixin.py:190} INFO - [2024-12-20T05:30:24.957+0000] {dagbag.py:588} INFO - Filling up the DagBag from /home/airflow/.local/lib/python3.12/site-packages/airflow/example_dags/example_branch_python_dop_operator_3.py
[2024-12-20T05:30:24.989+0000] {processor.py:925} INFO - DAG(s) 'example_branch_dop_operator_v3' retrieved from /home/airflow/.local/lib/python3.12/site-packages/airflow/example_dags/example_branch_python_dop_operator_3.py
[2024-12-20T05:30:25.041+0000] {logging_mixin.py:190} INFO - [2024-12-20T05:30:25.041+0000] {dag.py:3239} INFO - Sync 1 DAGs
[2024-12-20T05:30:25.122+0000] {logging_mixin.py:190} INFO - [2024-12-20T05:30:25.121+0000] {dag.py:4180} INFO - Setting next_dagrun for example_branch_dop_operator_v3 to 2024-12-20 05:29:00+00:00, run_after=2024-12-20 05:30:00+00:00
[2024-12-20T05:30:25.180+0000] {processor.py:208} INFO - Processing /home/airflow/.local/lib/python3.12/site-packages/airflow/example_dags/example_branch_python_dop_operator_3.py took 0.245 seconds
[2024-12-20T05:30:57.639+0000] {processor.py:186} INFO - Started process (PID=12774) to work on /home/airflow/.local/lib/python3.12/site-packages/airflow/example_dags/example_branch_python_dop_operator_3.py
[2024-12-20T05:30:57.641+0000] {processor.py:914} INFO - Processing file /home/airflow/.local/lib/python3.12/site-packages/airflow/example_dags/example_branch_python_dop_operator_3.py for tasks to queue
[2024-12-20T05:30:57.649+0000] {logging_mixin.py:190} INFO - [2024-12-20T05:30:57.648+0000] {dagbag.py:588} INFO - Filling up the DagBag from /home/airflow/.local/lib/python3.12/site-packages/airflow/example_dags/example_branch_python_dop_operator_3.py
[2024-12-20T05:30:57.688+0000] {processor.py:925} INFO - DAG(s) 'example_branch_dop_operator_v3' retrieved from /home/airflow/.local/lib/python3.12/site-packages/airflow/example_dags/example_branch_python_dop_operator_3.py
[2024-12-20T05:30:57.738+0000] {logging_mixin.py:190} INFO - [2024-12-20T05:30:57.738+0000] {dag.py:3239} INFO - Sync 1 DAGs
[2024-12-20T05:30:57.837+0000] {logging_mixin.py:190} INFO - [2024-12-20T05:30:57.836+0000] {dag.py:4180} INFO - Setting next_dagrun for example_branch_dop_operator_v3 to 2024-12-20 05:29:00+00:00, run_after=2024-12-20 05:30:00+00:00
[2024-12-20T05:30:57.907+0000] {processor.py:208} INFO - Processing /home/airflow/.local/lib/python3.12/site-packages/airflow/example_dags/example_branch_python_dop_operator_3.py took 0.283 seconds
[2024-12-20T05:31:31.445+0000] {processor.py:186} INFO - Started process (PID=12845) to work on /home/airflow/.local/lib/python3.12/site-packages/airflow/example_dags/example_branch_python_dop_operator_3.py
[2024-12-20T05:31:31.449+0000] {processor.py:914} INFO - Processing file /home/airflow/.local/lib/python3.12/site-packages/airflow/example_dags/example_branch_python_dop_operator_3.py for tasks to queue
[2024-12-20T05:31:31.459+0000] {logging_mixin.py:190} INFO - [2024-12-20T05:31:31.458+0000] {dagbag.py:588} INFO - Filling up the DagBag from /home/airflow/.local/lib/python3.12/site-packages/airflow/example_dags/example_branch_python_dop_operator_3.py
[2024-12-20T05:31:31.510+0000] {processor.py:925} INFO - DAG(s) 'example_branch_dop_operator_v3' retrieved from /home/airflow/.local/lib/python3.12/site-packages/airflow/example_dags/example_branch_python_dop_operator_3.py
[2024-12-20T05:31:31.588+0000] {logging_mixin.py:190} INFO - [2024-12-20T05:31:31.587+0000] {dag.py:3239} INFO - Sync 1 DAGs
[2024-12-20T05:31:31.726+0000] {logging_mixin.py:190} INFO - [2024-12-20T05:31:31.725+0000] {dag.py:4180} INFO - Setting next_dagrun for example_branch_dop_operator_v3 to 2024-12-20 05:30:00+00:00, run_after=2024-12-20 05:31:00+00:00
[2024-12-20T05:31:31.825+0000] {processor.py:208} INFO - Processing /home/airflow/.local/lib/python3.12/site-packages/airflow/example_dags/example_branch_python_dop_operator_3.py took 0.405 seconds
[2024-12-20T05:32:03.021+0000] {processor.py:186} INFO - Started process (PID=12911) to work on /home/airflow/.local/lib/python3.12/site-packages/airflow/example_dags/example_branch_python_dop_operator_3.py
[2024-12-20T05:32:03.023+0000] {processor.py:914} INFO - Processing file /home/airflow/.local/lib/python3.12/site-packages/airflow/example_dags/example_branch_python_dop_operator_3.py for tasks to queue
[2024-12-20T05:32:03.029+0000] {logging_mixin.py:190} INFO - [2024-12-20T05:32:03.028+0000] {dagbag.py:588} INFO - Filling up the DagBag from /home/airflow/.local/lib/python3.12/site-packages/airflow/example_dags/example_branch_python_dop_operator_3.py
[2024-12-20T05:32:03.062+0000] {processor.py:925} INFO - DAG(s) 'example_branch_dop_operator_v3' retrieved from /home/airflow/.local/lib/python3.12/site-packages/airflow/example_dags/example_branch_python_dop_operator_3.py
[2024-12-20T05:32:03.113+0000] {logging_mixin.py:190} INFO - [2024-12-20T05:32:03.112+0000] {dag.py:3239} INFO - Sync 1 DAGs
[2024-12-20T05:32:03.190+0000] {logging_mixin.py:190} INFO - [2024-12-20T05:32:03.189+0000] {dag.py:4180} INFO - Setting next_dagrun for example_branch_dop_operator_v3 to 2024-12-20 05:31:00+00:00, run_after=2024-12-20 05:32:00+00:00
[2024-12-20T05:32:03.240+0000] {processor.py:208} INFO - Processing /home/airflow/.local/lib/python3.12/site-packages/airflow/example_dags/example_branch_python_dop_operator_3.py took 0.234 seconds
[2024-12-20T05:32:33.617+0000] {processor.py:186} INFO - Started process (PID=12976) to work on /home/airflow/.local/lib/python3.12/site-packages/airflow/example_dags/example_branch_python_dop_operator_3.py
[2024-12-20T05:32:33.620+0000] {processor.py:914} INFO - Processing file /home/airflow/.local/lib/python3.12/site-packages/airflow/example_dags/example_branch_python_dop_operator_3.py for tasks to queue
[2024-12-20T05:32:33.626+0000] {logging_mixin.py:190} INFO - [2024-12-20T05:32:33.625+0000] {dagbag.py:588} INFO - Filling up the DagBag from /home/airflow/.local/lib/python3.12/site-packages/airflow/example_dags/example_branch_python_dop_operator_3.py
[2024-12-20T05:32:33.658+0000] {processor.py:925} INFO - DAG(s) 'example_branch_dop_operator_v3' retrieved from /home/airflow/.local/lib/python3.12/site-packages/airflow/example_dags/example_branch_python_dop_operator_3.py
[2024-12-20T05:32:33.721+0000] {logging_mixin.py:190} INFO - [2024-12-20T05:32:33.721+0000] {dag.py:3239} INFO - Sync 1 DAGs
[2024-12-20T05:32:33.805+0000] {logging_mixin.py:190} INFO - [2024-12-20T05:32:33.805+0000] {dag.py:4180} INFO - Setting next_dagrun for example_branch_dop_operator_v3 to 2024-12-20 05:31:00+00:00, run_after=2024-12-20 05:32:00+00:00
[2024-12-20T05:32:33.898+0000] {processor.py:208} INFO - Processing /home/airflow/.local/lib/python3.12/site-packages/airflow/example_dags/example_branch_python_dop_operator_3.py took 0.298 seconds
[2024-12-20T05:33:07.854+0000] {processor.py:186} INFO - Started process (PID=13041) to work on /home/airflow/.local/lib/python3.12/site-packages/airflow/example_dags/example_branch_python_dop_operator_3.py
[2024-12-20T05:33:07.856+0000] {processor.py:914} INFO - Processing file /home/airflow/.local/lib/python3.12/site-packages/airflow/example_dags/example_branch_python_dop_operator_3.py for tasks to queue
[2024-12-20T05:33:07.861+0000] {logging_mixin.py:190} INFO - [2024-12-20T05:33:07.860+0000] {dagbag.py:588} INFO - Filling up the DagBag from /home/airflow/.local/lib/python3.12/site-packages/airflow/example_dags/example_branch_python_dop_operator_3.py
[2024-12-20T05:33:07.885+0000] {processor.py:925} INFO - DAG(s) 'example_branch_dop_operator_v3' retrieved from /home/airflow/.local/lib/python3.12/site-packages/airflow/example_dags/example_branch_python_dop_operator_3.py
[2024-12-20T05:33:07.928+0000] {logging_mixin.py:190} INFO - [2024-12-20T05:33:07.927+0000] {dag.py:3239} INFO - Sync 1 DAGs
[2024-12-20T05:33:07.999+0000] {logging_mixin.py:190} INFO - [2024-12-20T05:33:07.998+0000] {dag.py:4180} INFO - Setting next_dagrun for example_branch_dop_operator_v3 to 2024-12-20 05:32:00+00:00, run_after=2024-12-20 05:33:00+00:00
[2024-12-20T05:33:08.051+0000] {processor.py:208} INFO - Processing /home/airflow/.local/lib/python3.12/site-packages/airflow/example_dags/example_branch_python_dop_operator_3.py took 0.209 seconds
[2024-12-20T05:33:38.980+0000] {processor.py:186} INFO - Started process (PID=13106) to work on /home/airflow/.local/lib/python3.12/site-packages/airflow/example_dags/example_branch_python_dop_operator_3.py
[2024-12-20T05:33:38.983+0000] {processor.py:914} INFO - Processing file /home/airflow/.local/lib/python3.12/site-packages/airflow/example_dags/example_branch_python_dop_operator_3.py for tasks to queue
[2024-12-20T05:33:38.992+0000] {logging_mixin.py:190} INFO - [2024-12-20T05:33:38.991+0000] {dagbag.py:588} INFO - Filling up the DagBag from /home/airflow/.local/lib/python3.12/site-packages/airflow/example_dags/example_branch_python_dop_operator_3.py
[2024-12-20T05:33:39.048+0000] {processor.py:925} INFO - DAG(s) 'example_branch_dop_operator_v3' retrieved from /home/airflow/.local/lib/python3.12/site-packages/airflow/example_dags/example_branch_python_dop_operator_3.py
[2024-12-20T05:33:39.125+0000] {logging_mixin.py:190} INFO - [2024-12-20T05:33:39.125+0000] {dag.py:3239} INFO - Sync 1 DAGs
[2024-12-20T05:33:39.246+0000] {logging_mixin.py:190} INFO - [2024-12-20T05:33:39.245+0000] {dag.py:4180} INFO - Setting next_dagrun for example_branch_dop_operator_v3 to 2024-12-20 05:32:00+00:00, run_after=2024-12-20 05:33:00+00:00
[2024-12-20T05:33:39.304+0000] {processor.py:208} INFO - Processing /home/airflow/.local/lib/python3.12/site-packages/airflow/example_dags/example_branch_python_dop_operator_3.py took 0.344 seconds
[2024-12-20T05:34:16.330+0000] {processor.py:186} INFO - Started process (PID=13175) to work on /home/airflow/.local/lib/python3.12/site-packages/airflow/example_dags/example_branch_python_dop_operator_3.py
[2024-12-20T05:34:16.332+0000] {processor.py:914} INFO - Processing file /home/airflow/.local/lib/python3.12/site-packages/airflow/example_dags/example_branch_python_dop_operator_3.py for tasks to queue
[2024-12-20T05:34:16.339+0000] {logging_mixin.py:190} INFO - [2024-12-20T05:34:16.338+0000] {dagbag.py:588} INFO - Filling up the DagBag from /home/airflow/.local/lib/python3.12/site-packages/airflow/example_dags/example_branch_python_dop_operator_3.py
[2024-12-20T05:34:16.369+0000] {processor.py:925} INFO - DAG(s) 'example_branch_dop_operator_v3' retrieved from /home/airflow/.local/lib/python3.12/site-packages/airflow/example_dags/example_branch_python_dop_operator_3.py
[2024-12-20T05:34:16.435+0000] {logging_mixin.py:190} INFO - [2024-12-20T05:34:16.434+0000] {dag.py:3239} INFO - Sync 1 DAGs
[2024-12-20T05:34:16.536+0000] {logging_mixin.py:190} INFO - [2024-12-20T05:34:16.533+0000] {dag.py:4180} INFO - Setting next_dagrun for example_branch_dop_operator_v3 to 2024-12-20 05:33:00+00:00, run_after=2024-12-20 05:34:00+00:00
[2024-12-20T05:34:16.669+0000] {processor.py:208} INFO - Processing /home/airflow/.local/lib/python3.12/site-packages/airflow/example_dags/example_branch_python_dop_operator_3.py took 0.357 seconds
[2024-12-20T05:34:47.449+0000] {processor.py:186} INFO - Started process (PID=13240) to work on /home/airflow/.local/lib/python3.12/site-packages/airflow/example_dags/example_branch_python_dop_operator_3.py
[2024-12-20T05:34:47.453+0000] {processor.py:914} INFO - Processing file /home/airflow/.local/lib/python3.12/site-packages/airflow/example_dags/example_branch_python_dop_operator_3.py for tasks to queue
[2024-12-20T05:34:47.463+0000] {logging_mixin.py:190} INFO - [2024-12-20T05:34:47.461+0000] {dagbag.py:588} INFO - Filling up the DagBag from /home/airflow/.local/lib/python3.12/site-packages/airflow/example_dags/example_branch_python_dop_operator_3.py
[2024-12-20T05:34:47.503+0000] {processor.py:925} INFO - DAG(s) 'example_branch_dop_operator_v3' retrieved from /home/airflow/.local/lib/python3.12/site-packages/airflow/example_dags/example_branch_python_dop_operator_3.py
[2024-12-20T05:34:47.567+0000] {logging_mixin.py:190} INFO - [2024-12-20T05:34:47.566+0000] {dag.py:3239} INFO - Sync 1 DAGs
[2024-12-20T05:34:47.652+0000] {logging_mixin.py:190} INFO - [2024-12-20T05:34:47.652+0000] {dag.py:4180} INFO - Setting next_dagrun for example_branch_dop_operator_v3 to 2024-12-20 05:33:00+00:00, run_after=2024-12-20 05:34:00+00:00
[2024-12-20T05:34:47.749+0000] {processor.py:208} INFO - Processing /home/airflow/.local/lib/python3.12/site-packages/airflow/example_dags/example_branch_python_dop_operator_3.py took 0.323 seconds
[2024-12-20T05:35:20.573+0000] {processor.py:186} INFO - Started process (PID=13305) to work on /home/airflow/.local/lib/python3.12/site-packages/airflow/example_dags/example_branch_python_dop_operator_3.py
[2024-12-20T05:35:20.576+0000] {processor.py:914} INFO - Processing file /home/airflow/.local/lib/python3.12/site-packages/airflow/example_dags/example_branch_python_dop_operator_3.py for tasks to queue
[2024-12-20T05:35:20.585+0000] {logging_mixin.py:190} INFO - [2024-12-20T05:35:20.583+0000] {dagbag.py:588} INFO - Filling up the DagBag from /home/airflow/.local/lib/python3.12/site-packages/airflow/example_dags/example_branch_python_dop_operator_3.py
[2024-12-20T05:35:20.623+0000] {processor.py:925} INFO - DAG(s) 'example_branch_dop_operator_v3' retrieved from /home/airflow/.local/lib/python3.12/site-packages/airflow/example_dags/example_branch_python_dop_operator_3.py
[2024-12-20T05:35:20.697+0000] {logging_mixin.py:190} INFO - [2024-12-20T05:35:20.695+0000] {dag.py:3239} INFO - Sync 1 DAGs
[2024-12-20T05:35:20.813+0000] {logging_mixin.py:190} INFO - [2024-12-20T05:35:20.812+0000] {dag.py:4180} INFO - Setting next_dagrun for example_branch_dop_operator_v3 to 2024-12-20 05:34:00+00:00, run_after=2024-12-20 05:35:00+00:00
[2024-12-20T05:35:20.930+0000] {processor.py:208} INFO - Processing /home/airflow/.local/lib/python3.12/site-packages/airflow/example_dags/example_branch_python_dop_operator_3.py took 0.377 seconds
[2024-12-20T05:35:53.219+0000] {processor.py:186} INFO - Started process (PID=13370) to work on /home/airflow/.local/lib/python3.12/site-packages/airflow/example_dags/example_branch_python_dop_operator_3.py
[2024-12-20T05:35:53.232+0000] {processor.py:914} INFO - Processing file /home/airflow/.local/lib/python3.12/site-packages/airflow/example_dags/example_branch_python_dop_operator_3.py for tasks to queue
[2024-12-20T05:35:53.244+0000] {logging_mixin.py:190} INFO - [2024-12-20T05:35:53.240+0000] {dagbag.py:588} INFO - Filling up the DagBag from /home/airflow/.local/lib/python3.12/site-packages/airflow/example_dags/example_branch_python_dop_operator_3.py
[2024-12-20T05:35:53.289+0000] {processor.py:925} INFO - DAG(s) 'example_branch_dop_operator_v3' retrieved from /home/airflow/.local/lib/python3.12/site-packages/airflow/example_dags/example_branch_python_dop_operator_3.py
[2024-12-20T05:35:53.353+0000] {logging_mixin.py:190} INFO - [2024-12-20T05:35:53.352+0000] {dag.py:3239} INFO - Sync 1 DAGs
[2024-12-20T05:35:53.434+0000] {logging_mixin.py:190} INFO - [2024-12-20T05:35:53.433+0000] {dag.py:4180} INFO - Setting next_dagrun for example_branch_dop_operator_v3 to 2024-12-20 05:34:00+00:00, run_after=2024-12-20 05:35:00+00:00
[2024-12-20T05:35:53.492+0000] {processor.py:208} INFO - Processing /home/airflow/.local/lib/python3.12/site-packages/airflow/example_dags/example_branch_python_dop_operator_3.py took 0.306 seconds
[2024-12-20T05:36:27.747+0000] {processor.py:186} INFO - Started process (PID=13436) to work on /home/airflow/.local/lib/python3.12/site-packages/airflow/example_dags/example_branch_python_dop_operator_3.py
[2024-12-20T05:36:27.752+0000] {processor.py:914} INFO - Processing file /home/airflow/.local/lib/python3.12/site-packages/airflow/example_dags/example_branch_python_dop_operator_3.py for tasks to queue
[2024-12-20T05:36:27.766+0000] {logging_mixin.py:190} INFO - [2024-12-20T05:36:27.761+0000] {dagbag.py:588} INFO - Filling up the DagBag from /home/airflow/.local/lib/python3.12/site-packages/airflow/example_dags/example_branch_python_dop_operator_3.py
[2024-12-20T05:36:27.829+0000] {processor.py:925} INFO - DAG(s) 'example_branch_dop_operator_v3' retrieved from /home/airflow/.local/lib/python3.12/site-packages/airflow/example_dags/example_branch_python_dop_operator_3.py
[2024-12-20T05:36:27.921+0000] {logging_mixin.py:190} INFO - [2024-12-20T05:36:27.921+0000] {dag.py:3239} INFO - Sync 1 DAGs
[2024-12-20T05:36:28.042+0000] {logging_mixin.py:190} INFO - [2024-12-20T05:36:28.041+0000] {dag.py:4180} INFO - Setting next_dagrun for example_branch_dop_operator_v3 to 2024-12-20 05:35:00+00:00, run_after=2024-12-20 05:36:00+00:00
[2024-12-20T05:36:28.111+0000] {processor.py:208} INFO - Processing /home/airflow/.local/lib/python3.12/site-packages/airflow/example_dags/example_branch_python_dop_operator_3.py took 0.394 seconds
[2024-12-20T05:36:58.472+0000] {processor.py:186} INFO - Started process (PID=13500) to work on /home/airflow/.local/lib/python3.12/site-packages/airflow/example_dags/example_branch_python_dop_operator_3.py
[2024-12-20T05:36:58.490+0000] {processor.py:914} INFO - Processing file /home/airflow/.local/lib/python3.12/site-packages/airflow/example_dags/example_branch_python_dop_operator_3.py for tasks to queue
[2024-12-20T05:36:58.517+0000] {logging_mixin.py:190} INFO - [2024-12-20T05:36:58.515+0000] {dagbag.py:588} INFO - Filling up the DagBag from /home/airflow/.local/lib/python3.12/site-packages/airflow/example_dags/example_branch_python_dop_operator_3.py
[2024-12-20T05:36:58.586+0000] {processor.py:925} INFO - DAG(s) 'example_branch_dop_operator_v3' retrieved from /home/airflow/.local/lib/python3.12/site-packages/airflow/example_dags/example_branch_python_dop_operator_3.py
[2024-12-20T05:36:58.705+0000] {logging_mixin.py:190} INFO - [2024-12-20T05:36:58.704+0000] {dag.py:3239} INFO - Sync 1 DAGs
[2024-12-20T05:36:58.872+0000] {logging_mixin.py:190} INFO - [2024-12-20T05:36:58.871+0000] {dag.py:4180} INFO - Setting next_dagrun for example_branch_dop_operator_v3 to 2024-12-20 05:35:00+00:00, run_after=2024-12-20 05:36:00+00:00
[2024-12-20T05:36:59.010+0000] {processor.py:208} INFO - Processing /home/airflow/.local/lib/python3.12/site-packages/airflow/example_dags/example_branch_python_dop_operator_3.py took 0.581 seconds
[2024-12-20T05:37:30.095+0000] {processor.py:186} INFO - Started process (PID=13566) to work on /home/airflow/.local/lib/python3.12/site-packages/airflow/example_dags/example_branch_python_dop_operator_3.py
[2024-12-20T05:37:30.097+0000] {processor.py:914} INFO - Processing file /home/airflow/.local/lib/python3.12/site-packages/airflow/example_dags/example_branch_python_dop_operator_3.py for tasks to queue
[2024-12-20T05:37:30.102+0000] {logging_mixin.py:190} INFO - [2024-12-20T05:37:30.101+0000] {dagbag.py:588} INFO - Filling up the DagBag from /home/airflow/.local/lib/python3.12/site-packages/airflow/example_dags/example_branch_python_dop_operator_3.py
[2024-12-20T05:37:30.127+0000] {processor.py:925} INFO - DAG(s) 'example_branch_dop_operator_v3' retrieved from /home/airflow/.local/lib/python3.12/site-packages/airflow/example_dags/example_branch_python_dop_operator_3.py
[2024-12-20T05:37:30.171+0000] {logging_mixin.py:190} INFO - [2024-12-20T05:37:30.171+0000] {dag.py:3239} INFO - Sync 1 DAGs
[2024-12-20T05:37:30.254+0000] {logging_mixin.py:190} INFO - [2024-12-20T05:37:30.254+0000] {dag.py:4180} INFO - Setting next_dagrun for example_branch_dop_operator_v3 to 2024-12-20 05:36:00+00:00, run_after=2024-12-20 05:37:00+00:00
[2024-12-20T05:37:30.339+0000] {processor.py:208} INFO - Processing /home/airflow/.local/lib/python3.12/site-packages/airflow/example_dags/example_branch_python_dop_operator_3.py took 0.259 seconds
[2024-12-20T05:38:01.676+0000] {processor.py:186} INFO - Started process (PID=13631) to work on /home/airflow/.local/lib/python3.12/site-packages/airflow/example_dags/example_branch_python_dop_operator_3.py
[2024-12-20T05:38:01.679+0000] {processor.py:914} INFO - Processing file /home/airflow/.local/lib/python3.12/site-packages/airflow/example_dags/example_branch_python_dop_operator_3.py for tasks to queue
[2024-12-20T05:38:01.686+0000] {logging_mixin.py:190} INFO - [2024-12-20T05:38:01.685+0000] {dagbag.py:588} INFO - Filling up the DagBag from /home/airflow/.local/lib/python3.12/site-packages/airflow/example_dags/example_branch_python_dop_operator_3.py
[2024-12-20T05:38:01.715+0000] {processor.py:925} INFO - DAG(s) 'example_branch_dop_operator_v3' retrieved from /home/airflow/.local/lib/python3.12/site-packages/airflow/example_dags/example_branch_python_dop_operator_3.py
[2024-12-20T05:38:01.763+0000] {logging_mixin.py:190} INFO - [2024-12-20T05:38:01.763+0000] {dag.py:3239} INFO - Sync 1 DAGs
[2024-12-20T05:38:01.824+0000] {logging_mixin.py:190} INFO - [2024-12-20T05:38:01.824+0000] {dag.py:4180} INFO - Setting next_dagrun for example_branch_dop_operator_v3 to 2024-12-20 05:37:00+00:00, run_after=2024-12-20 05:38:00+00:00
[2024-12-20T05:38:01.898+0000] {processor.py:208} INFO - Processing /home/airflow/.local/lib/python3.12/site-packages/airflow/example_dags/example_branch_python_dop_operator_3.py took 0.239 seconds
[2024-12-20T05:38:33.197+0000] {processor.py:186} INFO - Started process (PID=13696) to work on /home/airflow/.local/lib/python3.12/site-packages/airflow/example_dags/example_branch_python_dop_operator_3.py
[2024-12-20T05:38:33.200+0000] {processor.py:914} INFO - Processing file /home/airflow/.local/lib/python3.12/site-packages/airflow/example_dags/example_branch_python_dop_operator_3.py for tasks to queue
[2024-12-20T05:38:33.206+0000] {logging_mixin.py:190} INFO - [2024-12-20T05:38:33.205+0000] {dagbag.py:588} INFO - Filling up the DagBag from /home/airflow/.local/lib/python3.12/site-packages/airflow/example_dags/example_branch_python_dop_operator_3.py
[2024-12-20T05:38:33.234+0000] {processor.py:925} INFO - DAG(s) 'example_branch_dop_operator_v3' retrieved from /home/airflow/.local/lib/python3.12/site-packages/airflow/example_dags/example_branch_python_dop_operator_3.py
[2024-12-20T05:38:33.285+0000] {logging_mixin.py:190} INFO - [2024-12-20T05:38:33.284+0000] {dag.py:3239} INFO - Sync 1 DAGs
[2024-12-20T05:38:33.351+0000] {logging_mixin.py:190} INFO - [2024-12-20T05:38:33.351+0000] {dag.py:4180} INFO - Setting next_dagrun for example_branch_dop_operator_v3 to 2024-12-20 05:37:00+00:00, run_after=2024-12-20 05:38:00+00:00
[2024-12-20T05:38:33.408+0000] {processor.py:208} INFO - Processing /home/airflow/.local/lib/python3.12/site-packages/airflow/example_dags/example_branch_python_dop_operator_3.py took 0.226 seconds
[2024-12-20T05:39:04.750+0000] {processor.py:186} INFO - Started process (PID=13767) to work on /home/airflow/.local/lib/python3.12/site-packages/airflow/example_dags/example_branch_python_dop_operator_3.py
[2024-12-20T05:39:04.756+0000] {processor.py:914} INFO - Processing file /home/airflow/.local/lib/python3.12/site-packages/airflow/example_dags/example_branch_python_dop_operator_3.py for tasks to queue
[2024-12-20T05:39:04.768+0000] {logging_mixin.py:190} INFO - [2024-12-20T05:39:04.767+0000] {dagbag.py:588} INFO - Filling up the DagBag from /home/airflow/.local/lib/python3.12/site-packages/airflow/example_dags/example_branch_python_dop_operator_3.py
[2024-12-20T05:39:04.815+0000] {processor.py:925} INFO - DAG(s) 'example_branch_dop_operator_v3' retrieved from /home/airflow/.local/lib/python3.12/site-packages/airflow/example_dags/example_branch_python_dop_operator_3.py
[2024-12-20T05:39:04.909+0000] {logging_mixin.py:190} INFO - [2024-12-20T05:39:04.908+0000] {dag.py:3239} INFO - Sync 1 DAGs
[2024-12-20T05:39:05.036+0000] {logging_mixin.py:190} INFO - [2024-12-20T05:39:05.035+0000] {dag.py:4180} INFO - Setting next_dagrun for example_branch_dop_operator_v3 to 2024-12-20 05:38:00+00:00, run_after=2024-12-20 05:39:00+00:00
[2024-12-20T05:39:05.156+0000] {processor.py:208} INFO - Processing /home/airflow/.local/lib/python3.12/site-packages/airflow/example_dags/example_branch_python_dop_operator_3.py took 0.435 seconds
[2024-12-20T05:39:36.071+0000] {processor.py:186} INFO - Started process (PID=13832) to work on /home/airflow/.local/lib/python3.12/site-packages/airflow/example_dags/example_branch_python_dop_operator_3.py
[2024-12-20T05:39:36.073+0000] {processor.py:914} INFO - Processing file /home/airflow/.local/lib/python3.12/site-packages/airflow/example_dags/example_branch_python_dop_operator_3.py for tasks to queue
[2024-12-20T05:39:36.079+0000] {logging_mixin.py:190} INFO - [2024-12-20T05:39:36.078+0000] {dagbag.py:588} INFO - Filling up the DagBag from /home/airflow/.local/lib/python3.12/site-packages/airflow/example_dags/example_branch_python_dop_operator_3.py
[2024-12-20T05:39:36.107+0000] {processor.py:925} INFO - DAG(s) 'example_branch_dop_operator_v3' retrieved from /home/airflow/.local/lib/python3.12/site-packages/airflow/example_dags/example_branch_python_dop_operator_3.py
[2024-12-20T05:39:36.176+0000] {logging_mixin.py:190} INFO - [2024-12-20T05:39:36.175+0000] {dag.py:3239} INFO - Sync 1 DAGs
[2024-12-20T05:39:36.282+0000] {logging_mixin.py:190} INFO - [2024-12-20T05:39:36.281+0000] {dag.py:4180} INFO - Setting next_dagrun for example_branch_dop_operator_v3 to 2024-12-20 05:38:00+00:00, run_after=2024-12-20 05:39:00+00:00
[2024-12-20T05:39:36.343+0000] {processor.py:208} INFO - Processing /home/airflow/.local/lib/python3.12/site-packages/airflow/example_dags/example_branch_python_dop_operator_3.py took 0.290 seconds
[2024-12-20T05:40:06.737+0000] {processor.py:186} INFO - Started process (PID=13896) to work on /home/airflow/.local/lib/python3.12/site-packages/airflow/example_dags/example_branch_python_dop_operator_3.py
[2024-12-20T05:40:06.743+0000] {processor.py:914} INFO - Processing file /home/airflow/.local/lib/python3.12/site-packages/airflow/example_dags/example_branch_python_dop_operator_3.py for tasks to queue
[2024-12-20T05:40:06.751+0000] {logging_mixin.py:190} INFO - [2024-12-20T05:40:06.750+0000] {dagbag.py:588} INFO - Filling up the DagBag from /home/airflow/.local/lib/python3.12/site-packages/airflow/example_dags/example_branch_python_dop_operator_3.py
[2024-12-20T05:40:06.783+0000] {processor.py:925} INFO - DAG(s) 'example_branch_dop_operator_v3' retrieved from /home/airflow/.local/lib/python3.12/site-packages/airflow/example_dags/example_branch_python_dop_operator_3.py
[2024-12-20T05:40:06.838+0000] {logging_mixin.py:190} INFO - [2024-12-20T05:40:06.838+0000] {dag.py:3239} INFO - Sync 1 DAGs
[2024-12-20T05:40:06.910+0000] {logging_mixin.py:190} INFO - [2024-12-20T05:40:06.909+0000] {dag.py:4180} INFO - Setting next_dagrun for example_branch_dop_operator_v3 to 2024-12-20 05:39:00+00:00, run_after=2024-12-20 05:40:00+00:00
[2024-12-20T05:40:06.973+0000] {processor.py:208} INFO - Processing /home/airflow/.local/lib/python3.12/site-packages/airflow/example_dags/example_branch_python_dop_operator_3.py took 0.269 seconds
[2024-12-20T05:40:37.715+0000] {processor.py:186} INFO - Started process (PID=13961) to work on /home/airflow/.local/lib/python3.12/site-packages/airflow/example_dags/example_branch_python_dop_operator_3.py
[2024-12-20T05:40:37.718+0000] {processor.py:914} INFO - Processing file /home/airflow/.local/lib/python3.12/site-packages/airflow/example_dags/example_branch_python_dop_operator_3.py for tasks to queue
[2024-12-20T05:40:37.726+0000] {logging_mixin.py:190} INFO - [2024-12-20T05:40:37.725+0000] {dagbag.py:588} INFO - Filling up the DagBag from /home/airflow/.local/lib/python3.12/site-packages/airflow/example_dags/example_branch_python_dop_operator_3.py
[2024-12-20T05:40:37.748+0000] {processor.py:925} INFO - DAG(s) 'example_branch_dop_operator_v3' retrieved from /home/airflow/.local/lib/python3.12/site-packages/airflow/example_dags/example_branch_python_dop_operator_3.py
[2024-12-20T05:40:37.778+0000] {logging_mixin.py:190} INFO - [2024-12-20T05:40:37.777+0000] {dag.py:3239} INFO - Sync 1 DAGs
[2024-12-20T05:40:37.815+0000] {logging_mixin.py:190} INFO - [2024-12-20T05:40:37.815+0000] {dag.py:4180} INFO - Setting next_dagrun for example_branch_dop_operator_v3 to 2024-12-20 05:39:00+00:00, run_after=2024-12-20 05:40:00+00:00
[2024-12-20T05:40:37.843+0000] {processor.py:208} INFO - Processing /home/airflow/.local/lib/python3.12/site-packages/airflow/example_dags/example_branch_python_dop_operator_3.py took 0.145 seconds
[2024-12-20T05:41:09.524+0000] {processor.py:186} INFO - Started process (PID=14026) to work on /home/airflow/.local/lib/python3.12/site-packages/airflow/example_dags/example_branch_python_dop_operator_3.py
[2024-12-20T05:41:09.527+0000] {processor.py:914} INFO - Processing file /home/airflow/.local/lib/python3.12/site-packages/airflow/example_dags/example_branch_python_dop_operator_3.py for tasks to queue
[2024-12-20T05:41:09.536+0000] {logging_mixin.py:190} INFO - [2024-12-20T05:41:09.535+0000] {dagbag.py:588} INFO - Filling up the DagBag from /home/airflow/.local/lib/python3.12/site-packages/airflow/example_dags/example_branch_python_dop_operator_3.py
[2024-12-20T05:41:09.573+0000] {processor.py:925} INFO - DAG(s) 'example_branch_dop_operator_v3' retrieved from /home/airflow/.local/lib/python3.12/site-packages/airflow/example_dags/example_branch_python_dop_operator_3.py
[2024-12-20T05:41:09.634+0000] {logging_mixin.py:190} INFO - [2024-12-20T05:41:09.634+0000] {dag.py:3239} INFO - Sync 1 DAGs
[2024-12-20T05:41:09.710+0000] {logging_mixin.py:190} INFO - [2024-12-20T05:41:09.709+0000] {dag.py:4180} INFO - Setting next_dagrun for example_branch_dop_operator_v3 to 2024-12-20 05:40:00+00:00, run_after=2024-12-20 05:41:00+00:00
[2024-12-20T05:41:09.773+0000] {processor.py:208} INFO - Processing /home/airflow/.local/lib/python3.12/site-packages/airflow/example_dags/example_branch_python_dop_operator_3.py took 0.269 seconds
[2024-12-20T05:41:40.821+0000] {processor.py:186} INFO - Started process (PID=14092) to work on /home/airflow/.local/lib/python3.12/site-packages/airflow/example_dags/example_branch_python_dop_operator_3.py
[2024-12-20T05:41:40.824+0000] {processor.py:914} INFO - Processing file /home/airflow/.local/lib/python3.12/site-packages/airflow/example_dags/example_branch_python_dop_operator_3.py for tasks to queue
[2024-12-20T05:41:40.831+0000] {logging_mixin.py:190} INFO - [2024-12-20T05:41:40.830+0000] {dagbag.py:588} INFO - Filling up the DagBag from /home/airflow/.local/lib/python3.12/site-packages/airflow/example_dags/example_branch_python_dop_operator_3.py
[2024-12-20T05:41:40.869+0000] {processor.py:925} INFO - DAG(s) 'example_branch_dop_operator_v3' retrieved from /home/airflow/.local/lib/python3.12/site-packages/airflow/example_dags/example_branch_python_dop_operator_3.py
[2024-12-20T05:41:40.929+0000] {logging_mixin.py:190} INFO - [2024-12-20T05:41:40.928+0000] {dag.py:3239} INFO - Sync 1 DAGs
[2024-12-20T05:41:41.015+0000] {logging_mixin.py:190} INFO - [2024-12-20T05:41:41.015+0000] {dag.py:4180} INFO - Setting next_dagrun for example_branch_dop_operator_v3 to 2024-12-20 05:40:00+00:00, run_after=2024-12-20 05:41:00+00:00
[2024-12-20T05:41:41.115+0000] {processor.py:208} INFO - Processing /home/airflow/.local/lib/python3.12/site-packages/airflow/example_dags/example_branch_python_dop_operator_3.py took 0.313 seconds
[2024-12-20T05:42:12.005+0000] {processor.py:186} INFO - Started process (PID=14157) to work on /home/airflow/.local/lib/python3.12/site-packages/airflow/example_dags/example_branch_python_dop_operator_3.py
[2024-12-20T05:42:12.008+0000] {processor.py:914} INFO - Processing file /home/airflow/.local/lib/python3.12/site-packages/airflow/example_dags/example_branch_python_dop_operator_3.py for tasks to queue
[2024-12-20T05:42:12.014+0000] {logging_mixin.py:190} INFO - [2024-12-20T05:42:12.013+0000] {dagbag.py:588} INFO - Filling up the DagBag from /home/airflow/.local/lib/python3.12/site-packages/airflow/example_dags/example_branch_python_dop_operator_3.py
[2024-12-20T05:42:12.044+0000] {processor.py:925} INFO - DAG(s) 'example_branch_dop_operator_v3' retrieved from /home/airflow/.local/lib/python3.12/site-packages/airflow/example_dags/example_branch_python_dop_operator_3.py
[2024-12-20T05:42:12.105+0000] {logging_mixin.py:190} INFO - [2024-12-20T05:42:12.104+0000] {dag.py:3239} INFO - Sync 1 DAGs
[2024-12-20T05:42:12.175+0000] {logging_mixin.py:190} INFO - [2024-12-20T05:42:12.175+0000] {dag.py:4180} INFO - Setting next_dagrun for example_branch_dop_operator_v3 to 2024-12-20 05:41:00+00:00, run_after=2024-12-20 05:42:00+00:00
[2024-12-20T05:42:12.274+0000] {processor.py:208} INFO - Processing /home/airflow/.local/lib/python3.12/site-packages/airflow/example_dags/example_branch_python_dop_operator_3.py took 0.285 seconds
[2024-12-20T05:42:43.363+0000] {processor.py:186} INFO - Started process (PID=14221) to work on /home/airflow/.local/lib/python3.12/site-packages/airflow/example_dags/example_branch_python_dop_operator_3.py
[2024-12-20T05:42:43.367+0000] {processor.py:914} INFO - Processing file /home/airflow/.local/lib/python3.12/site-packages/airflow/example_dags/example_branch_python_dop_operator_3.py for tasks to queue
[2024-12-20T05:42:43.374+0000] {logging_mixin.py:190} INFO - [2024-12-20T05:42:43.372+0000] {dagbag.py:588} INFO - Filling up the DagBag from /home/airflow/.local/lib/python3.12/site-packages/airflow/example_dags/example_branch_python_dop_operator_3.py
[2024-12-20T05:42:43.413+0000] {processor.py:925} INFO - DAG(s) 'example_branch_dop_operator_v3' retrieved from /home/airflow/.local/lib/python3.12/site-packages/airflow/example_dags/example_branch_python_dop_operator_3.py
[2024-12-20T05:42:43.473+0000] {logging_mixin.py:190} INFO - [2024-12-20T05:42:43.472+0000] {dag.py:3239} INFO - Sync 1 DAGs
[2024-12-20T05:42:43.566+0000] {logging_mixin.py:190} INFO - [2024-12-20T05:42:43.566+0000] {dag.py:4180} INFO - Setting next_dagrun for example_branch_dop_operator_v3 to 2024-12-20 05:41:00+00:00, run_after=2024-12-20 05:42:00+00:00
[2024-12-20T05:42:43.649+0000] {processor.py:208} INFO - Processing /home/airflow/.local/lib/python3.12/site-packages/airflow/example_dags/example_branch_python_dop_operator_3.py took 0.310 seconds
[2024-12-20T05:43:15.483+0000] {processor.py:186} INFO - Started process (PID=14287) to work on /home/airflow/.local/lib/python3.12/site-packages/airflow/example_dags/example_branch_python_dop_operator_3.py
[2024-12-20T05:43:15.486+0000] {processor.py:914} INFO - Processing file /home/airflow/.local/lib/python3.12/site-packages/airflow/example_dags/example_branch_python_dop_operator_3.py for tasks to queue
[2024-12-20T05:43:15.494+0000] {logging_mixin.py:190} INFO - [2024-12-20T05:43:15.492+0000] {dagbag.py:588} INFO - Filling up the DagBag from /home/airflow/.local/lib/python3.12/site-packages/airflow/example_dags/example_branch_python_dop_operator_3.py
[2024-12-20T05:43:15.534+0000] {processor.py:925} INFO - DAG(s) 'example_branch_dop_operator_v3' retrieved from /home/airflow/.local/lib/python3.12/site-packages/airflow/example_dags/example_branch_python_dop_operator_3.py
[2024-12-20T05:43:15.591+0000] {logging_mixin.py:190} INFO - [2024-12-20T05:43:15.591+0000] {dag.py:3239} INFO - Sync 1 DAGs
[2024-12-20T05:43:15.668+0000] {logging_mixin.py:190} INFO - [2024-12-20T05:43:15.668+0000] {dag.py:4180} INFO - Setting next_dagrun for example_branch_dop_operator_v3 to 2024-12-20 05:42:00+00:00, run_after=2024-12-20 05:43:00+00:00
[2024-12-20T05:43:15.755+0000] {processor.py:208} INFO - Processing /home/airflow/.local/lib/python3.12/site-packages/airflow/example_dags/example_branch_python_dop_operator_3.py took 0.289 seconds
[2024-12-20T05:43:47.301+0000] {processor.py:186} INFO - Started process (PID=14350) to work on /home/airflow/.local/lib/python3.12/site-packages/airflow/example_dags/example_branch_python_dop_operator_3.py
[2024-12-20T05:43:47.303+0000] {processor.py:914} INFO - Processing file /home/airflow/.local/lib/python3.12/site-packages/airflow/example_dags/example_branch_python_dop_operator_3.py for tasks to queue
[2024-12-20T05:43:47.309+0000] {logging_mixin.py:190} INFO - [2024-12-20T05:43:47.308+0000] {dagbag.py:588} INFO - Filling up the DagBag from /home/airflow/.local/lib/python3.12/site-packages/airflow/example_dags/example_branch_python_dop_operator_3.py
[2024-12-20T05:43:47.337+0000] {processor.py:925} INFO - DAG(s) 'example_branch_dop_operator_v3' retrieved from /home/airflow/.local/lib/python3.12/site-packages/airflow/example_dags/example_branch_python_dop_operator_3.py
[2024-12-20T05:43:47.381+0000] {logging_mixin.py:190} INFO - [2024-12-20T05:43:47.381+0000] {dag.py:3239} INFO - Sync 1 DAGs
[2024-12-20T05:43:47.447+0000] {logging_mixin.py:190} INFO - [2024-12-20T05:43:47.447+0000] {dag.py:4180} INFO - Setting next_dagrun for example_branch_dop_operator_v3 to 2024-12-20 05:42:00+00:00, run_after=2024-12-20 05:43:00+00:00
[2024-12-20T05:43:47.510+0000] {processor.py:208} INFO - Processing /home/airflow/.local/lib/python3.12/site-packages/airflow/example_dags/example_branch_python_dop_operator_3.py took 0.224 seconds
[2024-12-20T05:44:21.594+0000] {processor.py:186} INFO - Started process (PID=14413) to work on /home/airflow/.local/lib/python3.12/site-packages/airflow/example_dags/example_branch_python_dop_operator_3.py
[2024-12-20T05:44:21.606+0000] {processor.py:914} INFO - Processing file /home/airflow/.local/lib/python3.12/site-packages/airflow/example_dags/example_branch_python_dop_operator_3.py for tasks to queue
[2024-12-20T05:44:21.627+0000] {logging_mixin.py:190} INFO - [2024-12-20T05:44:21.626+0000] {dagbag.py:588} INFO - Filling up the DagBag from /home/airflow/.local/lib/python3.12/site-packages/airflow/example_dags/example_branch_python_dop_operator_3.py
[2024-12-20T05:44:21.710+0000] {processor.py:925} INFO - DAG(s) 'example_branch_dop_operator_v3' retrieved from /home/airflow/.local/lib/python3.12/site-packages/airflow/example_dags/example_branch_python_dop_operator_3.py
[2024-12-20T05:44:21.876+0000] {logging_mixin.py:190} INFO - [2024-12-20T05:44:21.875+0000] {dag.py:3239} INFO - Sync 1 DAGs
[2024-12-20T05:44:22.159+0000] {logging_mixin.py:190} INFO - [2024-12-20T05:44:22.158+0000] {dag.py:4180} INFO - Setting next_dagrun for example_branch_dop_operator_v3 to 2024-12-20 05:43:00+00:00, run_after=2024-12-20 05:44:00+00:00
[2024-12-20T05:44:22.347+0000] {processor.py:208} INFO - Processing /home/airflow/.local/lib/python3.12/site-packages/airflow/example_dags/example_branch_python_dop_operator_3.py took 0.797 seconds
[2024-12-20T05:44:52.848+0000] {processor.py:186} INFO - Started process (PID=14478) to work on /home/airflow/.local/lib/python3.12/site-packages/airflow/example_dags/example_branch_python_dop_operator_3.py
[2024-12-20T05:44:52.852+0000] {processor.py:914} INFO - Processing file /home/airflow/.local/lib/python3.12/site-packages/airflow/example_dags/example_branch_python_dop_operator_3.py for tasks to queue
[2024-12-20T05:44:52.859+0000] {logging_mixin.py:190} INFO - [2024-12-20T05:44:52.858+0000] {dagbag.py:588} INFO - Filling up the DagBag from /home/airflow/.local/lib/python3.12/site-packages/airflow/example_dags/example_branch_python_dop_operator_3.py
[2024-12-20T05:44:52.879+0000] {processor.py:925} INFO - DAG(s) 'example_branch_dop_operator_v3' retrieved from /home/airflow/.local/lib/python3.12/site-packages/airflow/example_dags/example_branch_python_dop_operator_3.py
[2024-12-20T05:44:52.914+0000] {logging_mixin.py:190} INFO - [2024-12-20T05:44:52.913+0000] {dag.py:3239} INFO - Sync 1 DAGs
[2024-12-20T05:44:52.954+0000] {logging_mixin.py:190} INFO - [2024-12-20T05:44:52.954+0000] {dag.py:4180} INFO - Setting next_dagrun for example_branch_dop_operator_v3 to 2024-12-20 05:43:00+00:00, run_after=2024-12-20 05:44:00+00:00
[2024-12-20T05:44:53.021+0000] {processor.py:208} INFO - Processing /home/airflow/.local/lib/python3.12/site-packages/airflow/example_dags/example_branch_python_dop_operator_3.py took 0.197 seconds
[2024-12-20T05:45:23.450+0000] {processor.py:186} INFO - Started process (PID=14543) to work on /home/airflow/.local/lib/python3.12/site-packages/airflow/example_dags/example_branch_python_dop_operator_3.py
[2024-12-20T05:45:23.452+0000] {processor.py:914} INFO - Processing file /home/airflow/.local/lib/python3.12/site-packages/airflow/example_dags/example_branch_python_dop_operator_3.py for tasks to queue
[2024-12-20T05:45:23.458+0000] {logging_mixin.py:190} INFO - [2024-12-20T05:45:23.457+0000] {dagbag.py:588} INFO - Filling up the DagBag from /home/airflow/.local/lib/python3.12/site-packages/airflow/example_dags/example_branch_python_dop_operator_3.py
[2024-12-20T05:45:23.484+0000] {processor.py:925} INFO - DAG(s) 'example_branch_dop_operator_v3' retrieved from /home/airflow/.local/lib/python3.12/site-packages/airflow/example_dags/example_branch_python_dop_operator_3.py
[2024-12-20T05:45:23.530+0000] {logging_mixin.py:190} INFO - [2024-12-20T05:45:23.530+0000] {dag.py:3239} INFO - Sync 1 DAGs
[2024-12-20T05:45:23.608+0000] {logging_mixin.py:190} INFO - [2024-12-20T05:45:23.607+0000] {dag.py:4180} INFO - Setting next_dagrun for example_branch_dop_operator_v3 to 2024-12-20 05:44:00+00:00, run_after=2024-12-20 05:45:00+00:00
[2024-12-20T05:45:23.684+0000] {processor.py:208} INFO - Processing /home/airflow/.local/lib/python3.12/site-packages/airflow/example_dags/example_branch_python_dop_operator_3.py took 0.246 seconds
[2024-12-20T05:45:54.391+0000] {processor.py:186} INFO - Started process (PID=14608) to work on /home/airflow/.local/lib/python3.12/site-packages/airflow/example_dags/example_branch_python_dop_operator_3.py
[2024-12-20T05:45:54.405+0000] {processor.py:914} INFO - Processing file /home/airflow/.local/lib/python3.12/site-packages/airflow/example_dags/example_branch_python_dop_operator_3.py for tasks to queue
[2024-12-20T05:45:54.418+0000] {logging_mixin.py:190} INFO - [2024-12-20T05:45:54.416+0000] {dagbag.py:588} INFO - Filling up the DagBag from /home/airflow/.local/lib/python3.12/site-packages/airflow/example_dags/example_branch_python_dop_operator_3.py
[2024-12-20T05:45:54.504+0000] {processor.py:925} INFO - DAG(s) 'example_branch_dop_operator_v3' retrieved from /home/airflow/.local/lib/python3.12/site-packages/airflow/example_dags/example_branch_python_dop_operator_3.py
[2024-12-20T05:45:54.707+0000] {logging_mixin.py:190} INFO - [2024-12-20T05:45:54.706+0000] {dag.py:3239} INFO - Sync 1 DAGs
[2024-12-20T05:45:54.965+0000] {logging_mixin.py:190} INFO - [2024-12-20T05:45:54.959+0000] {dag.py:4180} INFO - Setting next_dagrun for example_branch_dop_operator_v3 to 2024-12-20 05:44:00+00:00, run_after=2024-12-20 05:45:00+00:00
[2024-12-20T05:45:55.133+0000] {processor.py:208} INFO - Processing /home/airflow/.local/lib/python3.12/site-packages/airflow/example_dags/example_branch_python_dop_operator_3.py took 0.789 seconds
[2024-12-20T05:46:25.545+0000] {processor.py:186} INFO - Started process (PID=14673) to work on /home/airflow/.local/lib/python3.12/site-packages/airflow/example_dags/example_branch_python_dop_operator_3.py
[2024-12-20T05:46:25.548+0000] {processor.py:914} INFO - Processing file /home/airflow/.local/lib/python3.12/site-packages/airflow/example_dags/example_branch_python_dop_operator_3.py for tasks to queue
[2024-12-20T05:46:25.553+0000] {logging_mixin.py:190} INFO - [2024-12-20T05:46:25.552+0000] {dagbag.py:588} INFO - Filling up the DagBag from /home/airflow/.local/lib/python3.12/site-packages/airflow/example_dags/example_branch_python_dop_operator_3.py
[2024-12-20T05:46:25.577+0000] {processor.py:925} INFO - DAG(s) 'example_branch_dop_operator_v3' retrieved from /home/airflow/.local/lib/python3.12/site-packages/airflow/example_dags/example_branch_python_dop_operator_3.py
[2024-12-20T05:46:25.621+0000] {logging_mixin.py:190} INFO - [2024-12-20T05:46:25.620+0000] {dag.py:3239} INFO - Sync 1 DAGs
[2024-12-20T05:46:25.710+0000] {logging_mixin.py:190} INFO - [2024-12-20T05:46:25.709+0000] {dag.py:4180} INFO - Setting next_dagrun for example_branch_dop_operator_v3 to 2024-12-20 05:45:00+00:00, run_after=2024-12-20 05:46:00+00:00
[2024-12-20T05:46:25.833+0000] {processor.py:208} INFO - Processing /home/airflow/.local/lib/python3.12/site-packages/airflow/example_dags/example_branch_python_dop_operator_3.py took 0.300 seconds
[2024-12-20T05:46:56.056+0000] {processor.py:186} INFO - Started process (PID=14738) to work on /home/airflow/.local/lib/python3.12/site-packages/airflow/example_dags/example_branch_python_dop_operator_3.py
[2024-12-20T05:46:56.057+0000] {processor.py:914} INFO - Processing file /home/airflow/.local/lib/python3.12/site-packages/airflow/example_dags/example_branch_python_dop_operator_3.py for tasks to queue
[2024-12-20T05:46:56.062+0000] {logging_mixin.py:190} INFO - [2024-12-20T05:46:56.062+0000] {dagbag.py:588} INFO - Filling up the DagBag from /home/airflow/.local/lib/python3.12/site-packages/airflow/example_dags/example_branch_python_dop_operator_3.py
[2024-12-20T05:46:56.083+0000] {processor.py:925} INFO - DAG(s) 'example_branch_dop_operator_v3' retrieved from /home/airflow/.local/lib/python3.12/site-packages/airflow/example_dags/example_branch_python_dop_operator_3.py
[2024-12-20T05:46:56.125+0000] {logging_mixin.py:190} INFO - [2024-12-20T05:46:56.124+0000] {dag.py:3239} INFO - Sync 1 DAGs
[2024-12-20T05:46:56.187+0000] {logging_mixin.py:190} INFO - [2024-12-20T05:46:56.186+0000] {dag.py:4180} INFO - Setting next_dagrun for example_branch_dop_operator_v3 to 2024-12-20 05:45:00+00:00, run_after=2024-12-20 05:46:00+00:00
[2024-12-20T05:46:56.224+0000] {processor.py:208} INFO - Processing /home/airflow/.local/lib/python3.12/site-packages/airflow/example_dags/example_branch_python_dop_operator_3.py took 0.180 seconds
[2024-12-20T05:47:26.526+0000] {processor.py:186} INFO - Started process (PID=14803) to work on /home/airflow/.local/lib/python3.12/site-packages/airflow/example_dags/example_branch_python_dop_operator_3.py
[2024-12-20T05:47:26.528+0000] {processor.py:914} INFO - Processing file /home/airflow/.local/lib/python3.12/site-packages/airflow/example_dags/example_branch_python_dop_operator_3.py for tasks to queue
[2024-12-20T05:47:26.533+0000] {logging_mixin.py:190} INFO - [2024-12-20T05:47:26.532+0000] {dagbag.py:588} INFO - Filling up the DagBag from /home/airflow/.local/lib/python3.12/site-packages/airflow/example_dags/example_branch_python_dop_operator_3.py
[2024-12-20T05:47:26.554+0000] {processor.py:925} INFO - DAG(s) 'example_branch_dop_operator_v3' retrieved from /home/airflow/.local/lib/python3.12/site-packages/airflow/example_dags/example_branch_python_dop_operator_3.py
[2024-12-20T05:47:26.593+0000] {logging_mixin.py:190} INFO - [2024-12-20T05:47:26.592+0000] {dag.py:3239} INFO - Sync 1 DAGs
[2024-12-20T05:47:26.649+0000] {logging_mixin.py:190} INFO - [2024-12-20T05:47:26.649+0000] {dag.py:4180} INFO - Setting next_dagrun for example_branch_dop_operator_v3 to 2024-12-20 05:46:00+00:00, run_after=2024-12-20 05:47:00+00:00
[2024-12-20T05:47:26.733+0000] {processor.py:208} INFO - Processing /home/airflow/.local/lib/python3.12/site-packages/airflow/example_dags/example_branch_python_dop_operator_3.py took 0.219 seconds
[2024-12-20T05:48:24.022+0000] {processor.py:186} INFO - Started process (PID=14891) to work on /home/airflow/.local/lib/python3.12/site-packages/airflow/example_dags/example_branch_python_dop_operator_3.py
[2024-12-20T05:48:24.026+0000] {processor.py:914} INFO - Processing file /home/airflow/.local/lib/python3.12/site-packages/airflow/example_dags/example_branch_python_dop_operator_3.py for tasks to queue
[2024-12-20T05:48:24.036+0000] {logging_mixin.py:190} INFO - [2024-12-20T05:48:24.035+0000] {dagbag.py:588} INFO - Filling up the DagBag from /home/airflow/.local/lib/python3.12/site-packages/airflow/example_dags/example_branch_python_dop_operator_3.py
[2024-12-20T05:48:24.116+0000] {processor.py:925} INFO - DAG(s) 'example_branch_dop_operator_v3' retrieved from /home/airflow/.local/lib/python3.12/site-packages/airflow/example_dags/example_branch_python_dop_operator_3.py
[2024-12-20T05:48:24.256+0000] {logging_mixin.py:190} INFO - [2024-12-20T05:48:24.255+0000] {dag.py:3239} INFO - Sync 1 DAGs
[2024-12-20T05:48:24.467+0000] {logging_mixin.py:190} INFO - [2024-12-20T05:48:24.466+0000] {dag.py:4180} INFO - Setting next_dagrun for example_branch_dop_operator_v3 to 2024-12-20 05:47:00+00:00, run_after=2024-12-20 05:48:00+00:00
[2024-12-20T05:48:24.665+0000] {processor.py:208} INFO - Processing /home/airflow/.local/lib/python3.12/site-packages/airflow/example_dags/example_branch_python_dop_operator_3.py took 0.669 seconds
