[2024-12-20T05:28:01.166+0000] {processor.py:186} INFO - Started process (PID=12468) to work on /home/airflow/.local/lib/python3.12/site-packages/airflow/example_dags/example_xcom.py
[2024-12-20T05:28:01.170+0000] {processor.py:914} INFO - Processing file /home/airflow/.local/lib/python3.12/site-packages/airflow/example_dags/example_xcom.py for tasks to queue
[2024-12-20T05:28:01.181+0000] {logging_mixin.py:190} INFO - [2024-12-20T05:28:01.180+0000] {dagbag.py:588} INFO - Filling up the DagBag from /home/airflow/.local/lib/python3.12/site-packages/airflow/example_dags/example_xcom.py
[2024-12-20T05:28:01.243+0000] {processor.py:925} INFO - DAG(s) 'example_xcom' retrieved from /home/airflow/.local/lib/python3.12/site-packages/airflow/example_dags/example_xcom.py
[2024-12-20T05:28:01.342+0000] {logging_mixin.py:190} INFO - [2024-12-20T05:28:01.341+0000] {dag.py:3239} INFO - Sync 1 DAGs
[2024-12-20T05:28:01.461+0000] {logging_mixin.py:190} INFO - [2024-12-20T05:28:01.459+0000] {dag.py:4180} INFO - Setting next_dagrun for example_xcom to 2021-01-01 00:00:00+00:00, run_after=2021-01-01 00:00:00+00:00
[2024-12-20T05:28:01.547+0000] {processor.py:208} INFO - Processing /home/airflow/.local/lib/python3.12/site-packages/airflow/example_dags/example_xcom.py took 0.403 seconds
[2024-12-20T05:28:54.911+0000] {processor.py:186} INFO - Started process (PID=12529) to work on /home/airflow/.local/lib/python3.12/site-packages/airflow/example_dags/example_xcom.py
[2024-12-20T05:28:54.916+0000] {processor.py:914} INFO - Processing file /home/airflow/.local/lib/python3.12/site-packages/airflow/example_dags/example_xcom.py for tasks to queue
[2024-12-20T05:28:54.928+0000] {logging_mixin.py:190} INFO - [2024-12-20T05:28:54.926+0000] {dagbag.py:588} INFO - Filling up the DagBag from /home/airflow/.local/lib/python3.12/site-packages/airflow/example_dags/example_xcom.py
[2024-12-20T05:28:55.051+0000] {processor.py:925} INFO - DAG(s) 'example_xcom' retrieved from /home/airflow/.local/lib/python3.12/site-packages/airflow/example_dags/example_xcom.py
[2024-12-20T05:28:55.267+0000] {logging_mixin.py:190} INFO - [2024-12-20T05:28:55.266+0000] {dag.py:3239} INFO - Sync 1 DAGs
[2024-12-20T05:28:55.582+0000] {logging_mixin.py:190} INFO - [2024-12-20T05:28:55.571+0000] {dag.py:4180} INFO - Setting next_dagrun for example_xcom to 2021-01-01 00:00:00+00:00, run_after=2021-01-01 00:00:00+00:00
[2024-12-20T05:28:55.813+0000] {processor.py:208} INFO - Processing /home/airflow/.local/lib/python3.12/site-packages/airflow/example_dags/example_xcom.py took 0.946 seconds
[2024-12-20T05:29:26.832+0000] {processor.py:186} INFO - Started process (PID=12593) to work on /home/airflow/.local/lib/python3.12/site-packages/airflow/example_dags/example_xcom.py
[2024-12-20T05:29:26.847+0000] {processor.py:914} INFO - Processing file /home/airflow/.local/lib/python3.12/site-packages/airflow/example_dags/example_xcom.py for tasks to queue
[2024-12-20T05:29:26.904+0000] {logging_mixin.py:190} INFO - [2024-12-20T05:29:26.902+0000] {dagbag.py:588} INFO - Filling up the DagBag from /home/airflow/.local/lib/python3.12/site-packages/airflow/example_dags/example_xcom.py
[2024-12-20T05:29:27.024+0000] {processor.py:925} INFO - DAG(s) 'example_xcom' retrieved from /home/airflow/.local/lib/python3.12/site-packages/airflow/example_dags/example_xcom.py
[2024-12-20T05:29:27.153+0000] {logging_mixin.py:190} INFO - [2024-12-20T05:29:27.152+0000] {dag.py:3239} INFO - Sync 1 DAGs
[2024-12-20T05:29:27.343+0000] {logging_mixin.py:190} INFO - [2024-12-20T05:29:27.342+0000] {dag.py:4180} INFO - Setting next_dagrun for example_xcom to 2021-01-01 00:00:00+00:00, run_after=2021-01-01 00:00:00+00:00
[2024-12-20T05:29:27.432+0000] {processor.py:208} INFO - Processing /home/airflow/.local/lib/python3.12/site-packages/airflow/example_dags/example_xcom.py took 0.650 seconds
[2024-12-20T05:29:57.862+0000] {processor.py:186} INFO - Started process (PID=12658) to work on /home/airflow/.local/lib/python3.12/site-packages/airflow/example_dags/example_xcom.py
[2024-12-20T05:29:57.865+0000] {processor.py:914} INFO - Processing file /home/airflow/.local/lib/python3.12/site-packages/airflow/example_dags/example_xcom.py for tasks to queue
[2024-12-20T05:29:57.874+0000] {logging_mixin.py:190} INFO - [2024-12-20T05:29:57.873+0000] {dagbag.py:588} INFO - Filling up the DagBag from /home/airflow/.local/lib/python3.12/site-packages/airflow/example_dags/example_xcom.py
[2024-12-20T05:29:57.914+0000] {processor.py:925} INFO - DAG(s) 'example_xcom' retrieved from /home/airflow/.local/lib/python3.12/site-packages/airflow/example_dags/example_xcom.py
[2024-12-20T05:29:58.002+0000] {logging_mixin.py:190} INFO - [2024-12-20T05:29:58.001+0000] {dag.py:3239} INFO - Sync 1 DAGs
[2024-12-20T05:29:58.123+0000] {logging_mixin.py:190} INFO - [2024-12-20T05:29:58.122+0000] {dag.py:4180} INFO - Setting next_dagrun for example_xcom to 2021-01-01 00:00:00+00:00, run_after=2021-01-01 00:00:00+00:00
[2024-12-20T05:29:58.201+0000] {processor.py:208} INFO - Processing /home/airflow/.local/lib/python3.12/site-packages/airflow/example_dags/example_xcom.py took 0.363 seconds
[2024-12-20T05:30:28.494+0000] {processor.py:186} INFO - Started process (PID=12724) to work on /home/airflow/.local/lib/python3.12/site-packages/airflow/example_dags/example_xcom.py
[2024-12-20T05:30:28.495+0000] {processor.py:914} INFO - Processing file /home/airflow/.local/lib/python3.12/site-packages/airflow/example_dags/example_xcom.py for tasks to queue
[2024-12-20T05:30:28.499+0000] {logging_mixin.py:190} INFO - [2024-12-20T05:30:28.498+0000] {dagbag.py:588} INFO - Filling up the DagBag from /home/airflow/.local/lib/python3.12/site-packages/airflow/example_dags/example_xcom.py
[2024-12-20T05:30:28.512+0000] {processor.py:925} INFO - DAG(s) 'example_xcom' retrieved from /home/airflow/.local/lib/python3.12/site-packages/airflow/example_dags/example_xcom.py
[2024-12-20T05:30:28.541+0000] {logging_mixin.py:190} INFO - [2024-12-20T05:30:28.540+0000] {dag.py:3239} INFO - Sync 1 DAGs
[2024-12-20T05:30:28.572+0000] {logging_mixin.py:190} INFO - [2024-12-20T05:30:28.571+0000] {dag.py:4180} INFO - Setting next_dagrun for example_xcom to 2021-01-01 00:00:00+00:00, run_after=2021-01-01 00:00:00+00:00
[2024-12-20T05:30:28.597+0000] {processor.py:208} INFO - Processing /home/airflow/.local/lib/python3.12/site-packages/airflow/example_dags/example_xcom.py took 0.111 seconds
[2024-12-20T05:30:59.904+0000] {processor.py:186} INFO - Started process (PID=12788) to work on /home/airflow/.local/lib/python3.12/site-packages/airflow/example_dags/example_xcom.py
[2024-12-20T05:30:59.908+0000] {processor.py:914} INFO - Processing file /home/airflow/.local/lib/python3.12/site-packages/airflow/example_dags/example_xcom.py for tasks to queue
[2024-12-20T05:30:59.916+0000] {logging_mixin.py:190} INFO - [2024-12-20T05:30:59.915+0000] {dagbag.py:588} INFO - Filling up the DagBag from /home/airflow/.local/lib/python3.12/site-packages/airflow/example_dags/example_xcom.py
[2024-12-20T05:30:59.945+0000] {processor.py:925} INFO - DAG(s) 'example_xcom' retrieved from /home/airflow/.local/lib/python3.12/site-packages/airflow/example_dags/example_xcom.py
[2024-12-20T05:30:59.996+0000] {logging_mixin.py:190} INFO - [2024-12-20T05:30:59.995+0000] {dag.py:3239} INFO - Sync 1 DAGs
[2024-12-20T05:31:00.079+0000] {logging_mixin.py:190} INFO - [2024-12-20T05:31:00.079+0000] {dag.py:4180} INFO - Setting next_dagrun for example_xcom to 2021-01-01 00:00:00+00:00, run_after=2021-01-01 00:00:00+00:00
[2024-12-20T05:31:00.125+0000] {processor.py:208} INFO - Processing /home/airflow/.local/lib/python3.12/site-packages/airflow/example_dags/example_xcom.py took 0.237 seconds
[2024-12-20T05:31:33.007+0000] {processor.py:186} INFO - Started process (PID=12851) to work on /home/airflow/.local/lib/python3.12/site-packages/airflow/example_dags/example_xcom.py
[2024-12-20T05:31:33.012+0000] {processor.py:914} INFO - Processing file /home/airflow/.local/lib/python3.12/site-packages/airflow/example_dags/example_xcom.py for tasks to queue
[2024-12-20T05:31:33.027+0000] {logging_mixin.py:190} INFO - [2024-12-20T05:31:33.025+0000] {dagbag.py:588} INFO - Filling up the DagBag from /home/airflow/.local/lib/python3.12/site-packages/airflow/example_dags/example_xcom.py
[2024-12-20T05:31:33.081+0000] {processor.py:925} INFO - DAG(s) 'example_xcom' retrieved from /home/airflow/.local/lib/python3.12/site-packages/airflow/example_dags/example_xcom.py
[2024-12-20T05:31:33.226+0000] {logging_mixin.py:190} INFO - [2024-12-20T05:31:33.225+0000] {dag.py:3239} INFO - Sync 1 DAGs
[2024-12-20T05:31:33.343+0000] {logging_mixin.py:190} INFO - [2024-12-20T05:31:33.342+0000] {dag.py:4180} INFO - Setting next_dagrun for example_xcom to 2021-01-01 00:00:00+00:00, run_after=2021-01-01 00:00:00+00:00
[2024-12-20T05:31:33.411+0000] {processor.py:208} INFO - Processing /home/airflow/.local/lib/python3.12/site-packages/airflow/example_dags/example_xcom.py took 0.442 seconds
[2024-12-20T05:32:03.791+0000] {processor.py:186} INFO - Started process (PID=12916) to work on /home/airflow/.local/lib/python3.12/site-packages/airflow/example_dags/example_xcom.py
[2024-12-20T05:32:03.794+0000] {processor.py:914} INFO - Processing file /home/airflow/.local/lib/python3.12/site-packages/airflow/example_dags/example_xcom.py for tasks to queue
[2024-12-20T05:32:03.800+0000] {logging_mixin.py:190} INFO - [2024-12-20T05:32:03.799+0000] {dagbag.py:588} INFO - Filling up the DagBag from /home/airflow/.local/lib/python3.12/site-packages/airflow/example_dags/example_xcom.py
[2024-12-20T05:32:03.819+0000] {processor.py:925} INFO - DAG(s) 'example_xcom' retrieved from /home/airflow/.local/lib/python3.12/site-packages/airflow/example_dags/example_xcom.py
[2024-12-20T05:32:03.864+0000] {logging_mixin.py:190} INFO - [2024-12-20T05:32:03.864+0000] {dag.py:3239} INFO - Sync 1 DAGs
[2024-12-20T05:32:03.917+0000] {logging_mixin.py:190} INFO - [2024-12-20T05:32:03.916+0000] {dag.py:4180} INFO - Setting next_dagrun for example_xcom to 2021-01-01 00:00:00+00:00, run_after=2021-01-01 00:00:00+00:00
[2024-12-20T05:32:03.985+0000] {processor.py:208} INFO - Processing /home/airflow/.local/lib/python3.12/site-packages/airflow/example_dags/example_xcom.py took 0.206 seconds
[2024-12-20T05:32:36.659+0000] {processor.py:186} INFO - Started process (PID=12981) to work on /home/airflow/.local/lib/python3.12/site-packages/airflow/example_dags/example_xcom.py
[2024-12-20T05:32:36.662+0000] {processor.py:914} INFO - Processing file /home/airflow/.local/lib/python3.12/site-packages/airflow/example_dags/example_xcom.py for tasks to queue
[2024-12-20T05:32:36.675+0000] {logging_mixin.py:190} INFO - [2024-12-20T05:32:36.673+0000] {dagbag.py:588} INFO - Filling up the DagBag from /home/airflow/.local/lib/python3.12/site-packages/airflow/example_dags/example_xcom.py
[2024-12-20T05:32:36.718+0000] {processor.py:925} INFO - DAG(s) 'example_xcom' retrieved from /home/airflow/.local/lib/python3.12/site-packages/airflow/example_dags/example_xcom.py
[2024-12-20T05:32:36.811+0000] {logging_mixin.py:190} INFO - [2024-12-20T05:32:36.810+0000] {dag.py:3239} INFO - Sync 1 DAGs
[2024-12-20T05:32:36.919+0000] {logging_mixin.py:190} INFO - [2024-12-20T05:32:36.915+0000] {dag.py:4180} INFO - Setting next_dagrun for example_xcom to 2021-01-01 00:00:00+00:00, run_after=2021-01-01 00:00:00+00:00
[2024-12-20T05:32:36.992+0000] {processor.py:208} INFO - Processing /home/airflow/.local/lib/python3.12/site-packages/airflow/example_dags/example_xcom.py took 0.363 seconds
[2024-12-20T05:33:08.450+0000] {processor.py:186} INFO - Started process (PID=13045) to work on /home/airflow/.local/lib/python3.12/site-packages/airflow/example_dags/example_xcom.py
[2024-12-20T05:33:08.454+0000] {processor.py:914} INFO - Processing file /home/airflow/.local/lib/python3.12/site-packages/airflow/example_dags/example_xcom.py for tasks to queue
[2024-12-20T05:33:08.462+0000] {logging_mixin.py:190} INFO - [2024-12-20T05:33:08.460+0000] {dagbag.py:588} INFO - Filling up the DagBag from /home/airflow/.local/lib/python3.12/site-packages/airflow/example_dags/example_xcom.py
[2024-12-20T05:33:08.500+0000] {processor.py:925} INFO - DAG(s) 'example_xcom' retrieved from /home/airflow/.local/lib/python3.12/site-packages/airflow/example_dags/example_xcom.py
[2024-12-20T05:33:08.600+0000] {logging_mixin.py:190} INFO - [2024-12-20T05:33:08.599+0000] {dag.py:3239} INFO - Sync 1 DAGs
[2024-12-20T05:33:08.685+0000] {logging_mixin.py:190} INFO - [2024-12-20T05:33:08.684+0000] {dag.py:4180} INFO - Setting next_dagrun for example_xcom to 2021-01-01 00:00:00+00:00, run_after=2021-01-01 00:00:00+00:00
[2024-12-20T05:33:08.803+0000] {processor.py:208} INFO - Processing /home/airflow/.local/lib/python3.12/site-packages/airflow/example_dags/example_xcom.py took 0.371 seconds
[2024-12-20T05:33:39.952+0000] {processor.py:186} INFO - Started process (PID=13110) to work on /home/airflow/.local/lib/python3.12/site-packages/airflow/example_dags/example_xcom.py
[2024-12-20T05:33:39.954+0000] {processor.py:914} INFO - Processing file /home/airflow/.local/lib/python3.12/site-packages/airflow/example_dags/example_xcom.py for tasks to queue
[2024-12-20T05:33:39.959+0000] {logging_mixin.py:190} INFO - [2024-12-20T05:33:39.959+0000] {dagbag.py:588} INFO - Filling up the DagBag from /home/airflow/.local/lib/python3.12/site-packages/airflow/example_dags/example_xcom.py
[2024-12-20T05:33:39.981+0000] {processor.py:925} INFO - DAG(s) 'example_xcom' retrieved from /home/airflow/.local/lib/python3.12/site-packages/airflow/example_dags/example_xcom.py
[2024-12-20T05:33:40.023+0000] {logging_mixin.py:190} INFO - [2024-12-20T05:33:40.022+0000] {dag.py:3239} INFO - Sync 1 DAGs
[2024-12-20T05:33:40.072+0000] {logging_mixin.py:190} INFO - [2024-12-20T05:33:40.072+0000] {dag.py:4180} INFO - Setting next_dagrun for example_xcom to 2021-01-01 00:00:00+00:00, run_after=2021-01-01 00:00:00+00:00
[2024-12-20T05:33:40.108+0000] {processor.py:208} INFO - Processing /home/airflow/.local/lib/python3.12/site-packages/airflow/example_dags/example_xcom.py took 0.168 seconds
[2024-12-20T05:34:13.218+0000] {processor.py:186} INFO - Started process (PID=13159) to work on /home/airflow/.local/lib/python3.12/site-packages/airflow/example_dags/example_xcom.py
[2024-12-20T05:34:13.221+0000] {processor.py:914} INFO - Processing file /home/airflow/.local/lib/python3.12/site-packages/airflow/example_dags/example_xcom.py for tasks to queue
[2024-12-20T05:34:13.228+0000] {logging_mixin.py:190} INFO - [2024-12-20T05:34:13.227+0000] {dagbag.py:588} INFO - Filling up the DagBag from /home/airflow/.local/lib/python3.12/site-packages/airflow/example_dags/example_xcom.py
[2024-12-20T05:34:13.268+0000] {processor.py:925} INFO - DAG(s) 'example_xcom' retrieved from /home/airflow/.local/lib/python3.12/site-packages/airflow/example_dags/example_xcom.py
[2024-12-20T05:34:13.327+0000] {logging_mixin.py:190} INFO - [2024-12-20T05:34:13.326+0000] {dag.py:3239} INFO - Sync 1 DAGs
[2024-12-20T05:34:13.399+0000] {logging_mixin.py:190} INFO - [2024-12-20T05:34:13.398+0000] {dag.py:4180} INFO - Setting next_dagrun for example_xcom to 2021-01-01 00:00:00+00:00, run_after=2021-01-01 00:00:00+00:00
[2024-12-20T05:34:13.450+0000] {processor.py:208} INFO - Processing /home/airflow/.local/lib/python3.12/site-packages/airflow/example_dags/example_xcom.py took 0.256 seconds
[2024-12-20T05:34:44.776+0000] {processor.py:186} INFO - Started process (PID=13224) to work on /home/airflow/.local/lib/python3.12/site-packages/airflow/example_dags/example_xcom.py
[2024-12-20T05:34:44.779+0000] {processor.py:914} INFO - Processing file /home/airflow/.local/lib/python3.12/site-packages/airflow/example_dags/example_xcom.py for tasks to queue
[2024-12-20T05:34:44.786+0000] {logging_mixin.py:190} INFO - [2024-12-20T05:34:44.785+0000] {dagbag.py:588} INFO - Filling up the DagBag from /home/airflow/.local/lib/python3.12/site-packages/airflow/example_dags/example_xcom.py
[2024-12-20T05:34:44.816+0000] {processor.py:925} INFO - DAG(s) 'example_xcom' retrieved from /home/airflow/.local/lib/python3.12/site-packages/airflow/example_dags/example_xcom.py
[2024-12-20T05:34:44.870+0000] {logging_mixin.py:190} INFO - [2024-12-20T05:34:44.869+0000] {dag.py:3239} INFO - Sync 1 DAGs
[2024-12-20T05:34:44.929+0000] {logging_mixin.py:190} INFO - [2024-12-20T05:34:44.928+0000] {dag.py:4180} INFO - Setting next_dagrun for example_xcom to 2021-01-01 00:00:00+00:00, run_after=2021-01-01 00:00:00+00:00
[2024-12-20T05:34:44.973+0000] {processor.py:208} INFO - Processing /home/airflow/.local/lib/python3.12/site-packages/airflow/example_dags/example_xcom.py took 0.214 seconds
[2024-12-20T05:35:17.347+0000] {processor.py:186} INFO - Started process (PID=13289) to work on /home/airflow/.local/lib/python3.12/site-packages/airflow/example_dags/example_xcom.py
[2024-12-20T05:35:17.351+0000] {processor.py:914} INFO - Processing file /home/airflow/.local/lib/python3.12/site-packages/airflow/example_dags/example_xcom.py for tasks to queue
[2024-12-20T05:35:17.363+0000] {logging_mixin.py:190} INFO - [2024-12-20T05:35:17.361+0000] {dagbag.py:588} INFO - Filling up the DagBag from /home/airflow/.local/lib/python3.12/site-packages/airflow/example_dags/example_xcom.py
[2024-12-20T05:35:17.399+0000] {processor.py:925} INFO - DAG(s) 'example_xcom' retrieved from /home/airflow/.local/lib/python3.12/site-packages/airflow/example_dags/example_xcom.py
[2024-12-20T05:35:17.473+0000] {logging_mixin.py:190} INFO - [2024-12-20T05:35:17.472+0000] {dag.py:3239} INFO - Sync 1 DAGs
[2024-12-20T05:35:17.566+0000] {logging_mixin.py:190} INFO - [2024-12-20T05:35:17.565+0000] {dag.py:4180} INFO - Setting next_dagrun for example_xcom to 2021-01-01 00:00:00+00:00, run_after=2021-01-01 00:00:00+00:00
[2024-12-20T05:35:17.626+0000] {processor.py:208} INFO - Processing /home/airflow/.local/lib/python3.12/site-packages/airflow/example_dags/example_xcom.py took 0.303 seconds
[2024-12-20T05:35:49.056+0000] {processor.py:186} INFO - Started process (PID=13349) to work on /home/airflow/.local/lib/python3.12/site-packages/airflow/example_dags/example_xcom.py
[2024-12-20T05:35:49.059+0000] {processor.py:914} INFO - Processing file /home/airflow/.local/lib/python3.12/site-packages/airflow/example_dags/example_xcom.py for tasks to queue
[2024-12-20T05:35:49.066+0000] {logging_mixin.py:190} INFO - [2024-12-20T05:35:49.065+0000] {dagbag.py:588} INFO - Filling up the DagBag from /home/airflow/.local/lib/python3.12/site-packages/airflow/example_dags/example_xcom.py
[2024-12-20T05:35:49.094+0000] {processor.py:925} INFO - DAG(s) 'example_xcom' retrieved from /home/airflow/.local/lib/python3.12/site-packages/airflow/example_dags/example_xcom.py
[2024-12-20T05:35:49.214+0000] {logging_mixin.py:190} INFO - [2024-12-20T05:35:49.213+0000] {dag.py:3239} INFO - Sync 1 DAGs
[2024-12-20T05:35:49.313+0000] {logging_mixin.py:190} INFO - [2024-12-20T05:35:49.312+0000] {dag.py:4180} INFO - Setting next_dagrun for example_xcom to 2021-01-01 00:00:00+00:00, run_after=2021-01-01 00:00:00+00:00
[2024-12-20T05:35:49.367+0000] {processor.py:208} INFO - Processing /home/airflow/.local/lib/python3.12/site-packages/airflow/example_dags/example_xcom.py took 0.334 seconds
[2024-12-20T05:36:21.939+0000] {processor.py:186} INFO - Started process (PID=13413) to work on /home/airflow/.local/lib/python3.12/site-packages/airflow/example_dags/example_xcom.py
[2024-12-20T05:36:21.942+0000] {processor.py:914} INFO - Processing file /home/airflow/.local/lib/python3.12/site-packages/airflow/example_dags/example_xcom.py for tasks to queue
[2024-12-20T05:36:21.954+0000] {logging_mixin.py:190} INFO - [2024-12-20T05:36:21.953+0000] {dagbag.py:588} INFO - Filling up the DagBag from /home/airflow/.local/lib/python3.12/site-packages/airflow/example_dags/example_xcom.py
[2024-12-20T05:36:21.988+0000] {processor.py:925} INFO - DAG(s) 'example_xcom' retrieved from /home/airflow/.local/lib/python3.12/site-packages/airflow/example_dags/example_xcom.py
[2024-12-20T05:36:22.050+0000] {logging_mixin.py:190} INFO - [2024-12-20T05:36:22.049+0000] {dag.py:3239} INFO - Sync 1 DAGs
[2024-12-20T05:36:22.126+0000] {logging_mixin.py:190} INFO - [2024-12-20T05:36:22.125+0000] {dag.py:4180} INFO - Setting next_dagrun for example_xcom to 2021-01-01 00:00:00+00:00, run_after=2021-01-01 00:00:00+00:00
[2024-12-20T05:36:22.209+0000] {processor.py:208} INFO - Processing /home/airflow/.local/lib/python3.12/site-packages/airflow/example_dags/example_xcom.py took 0.293 seconds
[2024-12-20T05:36:52.744+0000] {processor.py:186} INFO - Started process (PID=13478) to work on /home/airflow/.local/lib/python3.12/site-packages/airflow/example_dags/example_xcom.py
[2024-12-20T05:36:52.747+0000] {processor.py:914} INFO - Processing file /home/airflow/.local/lib/python3.12/site-packages/airflow/example_dags/example_xcom.py for tasks to queue
[2024-12-20T05:36:52.757+0000] {logging_mixin.py:190} INFO - [2024-12-20T05:36:52.754+0000] {dagbag.py:588} INFO - Filling up the DagBag from /home/airflow/.local/lib/python3.12/site-packages/airflow/example_dags/example_xcom.py
[2024-12-20T05:36:52.800+0000] {processor.py:925} INFO - DAG(s) 'example_xcom' retrieved from /home/airflow/.local/lib/python3.12/site-packages/airflow/example_dags/example_xcom.py
[2024-12-20T05:36:52.872+0000] {logging_mixin.py:190} INFO - [2024-12-20T05:36:52.871+0000] {dag.py:3239} INFO - Sync 1 DAGs
[2024-12-20T05:36:52.956+0000] {logging_mixin.py:190} INFO - [2024-12-20T05:36:52.956+0000] {dag.py:4180} INFO - Setting next_dagrun for example_xcom to 2021-01-01 00:00:00+00:00, run_after=2021-01-01 00:00:00+00:00
[2024-12-20T05:36:53.008+0000] {processor.py:208} INFO - Processing /home/airflow/.local/lib/python3.12/site-packages/airflow/example_dags/example_xcom.py took 0.282 seconds
[2024-12-20T05:37:23.753+0000] {processor.py:186} INFO - Started process (PID=13543) to work on /home/airflow/.local/lib/python3.12/site-packages/airflow/example_dags/example_xcom.py
[2024-12-20T05:37:23.755+0000] {processor.py:914} INFO - Processing file /home/airflow/.local/lib/python3.12/site-packages/airflow/example_dags/example_xcom.py for tasks to queue
[2024-12-20T05:37:23.768+0000] {logging_mixin.py:190} INFO - [2024-12-20T05:37:23.765+0000] {dagbag.py:588} INFO - Filling up the DagBag from /home/airflow/.local/lib/python3.12/site-packages/airflow/example_dags/example_xcom.py
[2024-12-20T05:37:23.804+0000] {processor.py:925} INFO - DAG(s) 'example_xcom' retrieved from /home/airflow/.local/lib/python3.12/site-packages/airflow/example_dags/example_xcom.py
[2024-12-20T05:37:23.917+0000] {logging_mixin.py:190} INFO - [2024-12-20T05:37:23.914+0000] {dag.py:3239} INFO - Sync 1 DAGs
[2024-12-20T05:37:24.094+0000] {logging_mixin.py:190} INFO - [2024-12-20T05:37:24.093+0000] {dag.py:4180} INFO - Setting next_dagrun for example_xcom to 2021-01-01 00:00:00+00:00, run_after=2021-01-01 00:00:00+00:00
[2024-12-20T05:37:24.185+0000] {processor.py:208} INFO - Processing /home/airflow/.local/lib/python3.12/site-packages/airflow/example_dags/example_xcom.py took 0.455 seconds
[2024-12-20T05:37:54.404+0000] {processor.py:186} INFO - Started process (PID=13608) to work on /home/airflow/.local/lib/python3.12/site-packages/airflow/example_dags/example_xcom.py
[2024-12-20T05:37:54.408+0000] {processor.py:914} INFO - Processing file /home/airflow/.local/lib/python3.12/site-packages/airflow/example_dags/example_xcom.py for tasks to queue
[2024-12-20T05:37:54.415+0000] {logging_mixin.py:190} INFO - [2024-12-20T05:37:54.414+0000] {dagbag.py:588} INFO - Filling up the DagBag from /home/airflow/.local/lib/python3.12/site-packages/airflow/example_dags/example_xcom.py
[2024-12-20T05:37:54.450+0000] {processor.py:925} INFO - DAG(s) 'example_xcom' retrieved from /home/airflow/.local/lib/python3.12/site-packages/airflow/example_dags/example_xcom.py
[2024-12-20T05:37:54.513+0000] {logging_mixin.py:190} INFO - [2024-12-20T05:37:54.512+0000] {dag.py:3239} INFO - Sync 1 DAGs
[2024-12-20T05:37:54.586+0000] {logging_mixin.py:190} INFO - [2024-12-20T05:37:54.586+0000] {dag.py:4180} INFO - Setting next_dagrun for example_xcom to 2021-01-01 00:00:00+00:00, run_after=2021-01-01 00:00:00+00:00
[2024-12-20T05:37:54.649+0000] {processor.py:208} INFO - Processing /home/airflow/.local/lib/python3.12/site-packages/airflow/example_dags/example_xcom.py took 0.262 seconds
[2024-12-20T05:38:25.457+0000] {processor.py:186} INFO - Started process (PID=13672) to work on /home/airflow/.local/lib/python3.12/site-packages/airflow/example_dags/example_xcom.py
[2024-12-20T05:38:25.459+0000] {processor.py:914} INFO - Processing file /home/airflow/.local/lib/python3.12/site-packages/airflow/example_dags/example_xcom.py for tasks to queue
[2024-12-20T05:38:25.465+0000] {logging_mixin.py:190} INFO - [2024-12-20T05:38:25.464+0000] {dagbag.py:588} INFO - Filling up the DagBag from /home/airflow/.local/lib/python3.12/site-packages/airflow/example_dags/example_xcom.py
[2024-12-20T05:38:25.487+0000] {processor.py:925} INFO - DAG(s) 'example_xcom' retrieved from /home/airflow/.local/lib/python3.12/site-packages/airflow/example_dags/example_xcom.py
[2024-12-20T05:38:25.535+0000] {logging_mixin.py:190} INFO - [2024-12-20T05:38:25.535+0000] {dag.py:3239} INFO - Sync 1 DAGs
[2024-12-20T05:38:25.600+0000] {logging_mixin.py:190} INFO - [2024-12-20T05:38:25.599+0000] {dag.py:4180} INFO - Setting next_dagrun for example_xcom to 2021-01-01 00:00:00+00:00, run_after=2021-01-01 00:00:00+00:00
[2024-12-20T05:38:25.671+0000] {processor.py:208} INFO - Processing /home/airflow/.local/lib/python3.12/site-packages/airflow/example_dags/example_xcom.py took 0.228 seconds
[2024-12-20T05:38:56.408+0000] {processor.py:186} INFO - Started process (PID=13737) to work on /home/airflow/.local/lib/python3.12/site-packages/airflow/example_dags/example_xcom.py
[2024-12-20T05:38:56.410+0000] {processor.py:914} INFO - Processing file /home/airflow/.local/lib/python3.12/site-packages/airflow/example_dags/example_xcom.py for tasks to queue
[2024-12-20T05:38:56.416+0000] {logging_mixin.py:190} INFO - [2024-12-20T05:38:56.415+0000] {dagbag.py:588} INFO - Filling up the DagBag from /home/airflow/.local/lib/python3.12/site-packages/airflow/example_dags/example_xcom.py
[2024-12-20T05:38:56.443+0000] {processor.py:925} INFO - DAG(s) 'example_xcom' retrieved from /home/airflow/.local/lib/python3.12/site-packages/airflow/example_dags/example_xcom.py
[2024-12-20T05:38:56.491+0000] {logging_mixin.py:190} INFO - [2024-12-20T05:38:56.491+0000] {dag.py:3239} INFO - Sync 1 DAGs
[2024-12-20T05:38:56.551+0000] {logging_mixin.py:190} INFO - [2024-12-20T05:38:56.551+0000] {dag.py:4180} INFO - Setting next_dagrun for example_xcom to 2021-01-01 00:00:00+00:00, run_after=2021-01-01 00:00:00+00:00
[2024-12-20T05:38:56.636+0000] {processor.py:208} INFO - Processing /home/airflow/.local/lib/python3.12/site-packages/airflow/example_dags/example_xcom.py took 0.244 seconds
[2024-12-20T05:39:27.483+0000] {processor.py:186} INFO - Started process (PID=13802) to work on /home/airflow/.local/lib/python3.12/site-packages/airflow/example_dags/example_xcom.py
[2024-12-20T05:39:27.485+0000] {processor.py:914} INFO - Processing file /home/airflow/.local/lib/python3.12/site-packages/airflow/example_dags/example_xcom.py for tasks to queue
[2024-12-20T05:39:27.491+0000] {logging_mixin.py:190} INFO - [2024-12-20T05:39:27.490+0000] {dagbag.py:588} INFO - Filling up the DagBag from /home/airflow/.local/lib/python3.12/site-packages/airflow/example_dags/example_xcom.py
[2024-12-20T05:39:27.509+0000] {processor.py:925} INFO - DAG(s) 'example_xcom' retrieved from /home/airflow/.local/lib/python3.12/site-packages/airflow/example_dags/example_xcom.py
[2024-12-20T05:39:27.543+0000] {logging_mixin.py:190} INFO - [2024-12-20T05:39:27.543+0000] {dag.py:3239} INFO - Sync 1 DAGs
[2024-12-20T05:39:27.578+0000] {logging_mixin.py:190} INFO - [2024-12-20T05:39:27.577+0000] {dag.py:4180} INFO - Setting next_dagrun for example_xcom to 2021-01-01 00:00:00+00:00, run_after=2021-01-01 00:00:00+00:00
[2024-12-20T05:39:27.648+0000] {processor.py:208} INFO - Processing /home/airflow/.local/lib/python3.12/site-packages/airflow/example_dags/example_xcom.py took 0.184 seconds
[2024-12-20T05:39:58.074+0000] {processor.py:186} INFO - Started process (PID=13867) to work on /home/airflow/.local/lib/python3.12/site-packages/airflow/example_dags/example_xcom.py
[2024-12-20T05:39:58.077+0000] {processor.py:914} INFO - Processing file /home/airflow/.local/lib/python3.12/site-packages/airflow/example_dags/example_xcom.py for tasks to queue
[2024-12-20T05:39:58.084+0000] {logging_mixin.py:190} INFO - [2024-12-20T05:39:58.083+0000] {dagbag.py:588} INFO - Filling up the DagBag from /home/airflow/.local/lib/python3.12/site-packages/airflow/example_dags/example_xcom.py
[2024-12-20T05:39:58.112+0000] {processor.py:925} INFO - DAG(s) 'example_xcom' retrieved from /home/airflow/.local/lib/python3.12/site-packages/airflow/example_dags/example_xcom.py
[2024-12-20T05:39:58.160+0000] {logging_mixin.py:190} INFO - [2024-12-20T05:39:58.159+0000] {dag.py:3239} INFO - Sync 1 DAGs
[2024-12-20T05:39:58.219+0000] {logging_mixin.py:190} INFO - [2024-12-20T05:39:58.219+0000] {dag.py:4180} INFO - Setting next_dagrun for example_xcom to 2021-01-01 00:00:00+00:00, run_after=2021-01-01 00:00:00+00:00
[2024-12-20T05:39:58.263+0000] {processor.py:208} INFO - Processing /home/airflow/.local/lib/python3.12/site-packages/airflow/example_dags/example_xcom.py took 0.212 seconds
[2024-12-20T05:40:28.741+0000] {processor.py:186} INFO - Started process (PID=13929) to work on /home/airflow/.local/lib/python3.12/site-packages/airflow/example_dags/example_xcom.py
[2024-12-20T05:40:28.744+0000] {processor.py:914} INFO - Processing file /home/airflow/.local/lib/python3.12/site-packages/airflow/example_dags/example_xcom.py for tasks to queue
[2024-12-20T05:40:28.751+0000] {logging_mixin.py:190} INFO - [2024-12-20T05:40:28.750+0000] {dagbag.py:588} INFO - Filling up the DagBag from /home/airflow/.local/lib/python3.12/site-packages/airflow/example_dags/example_xcom.py
[2024-12-20T05:40:28.774+0000] {processor.py:925} INFO - DAG(s) 'example_xcom' retrieved from /home/airflow/.local/lib/python3.12/site-packages/airflow/example_dags/example_xcom.py
[2024-12-20T05:40:28.825+0000] {logging_mixin.py:190} INFO - [2024-12-20T05:40:28.825+0000] {dag.py:3239} INFO - Sync 1 DAGs
[2024-12-20T05:40:28.881+0000] {logging_mixin.py:190} INFO - [2024-12-20T05:40:28.881+0000] {dag.py:4180} INFO - Setting next_dagrun for example_xcom to 2021-01-01 00:00:00+00:00, run_after=2021-01-01 00:00:00+00:00
[2024-12-20T05:40:28.924+0000] {processor.py:208} INFO - Processing /home/airflow/.local/lib/python3.12/site-packages/airflow/example_dags/example_xcom.py took 0.200 seconds
[2024-12-20T05:41:00.948+0000] {processor.py:186} INFO - Started process (PID=13985) to work on /home/airflow/.local/lib/python3.12/site-packages/airflow/example_dags/example_xcom.py
[2024-12-20T05:41:00.952+0000] {processor.py:914} INFO - Processing file /home/airflow/.local/lib/python3.12/site-packages/airflow/example_dags/example_xcom.py for tasks to queue
[2024-12-20T05:41:00.963+0000] {logging_mixin.py:190} INFO - [2024-12-20T05:41:00.961+0000] {dagbag.py:588} INFO - Filling up the DagBag from /home/airflow/.local/lib/python3.12/site-packages/airflow/example_dags/example_xcom.py
[2024-12-20T05:41:00.999+0000] {processor.py:925} INFO - DAG(s) 'example_xcom' retrieved from /home/airflow/.local/lib/python3.12/site-packages/airflow/example_dags/example_xcom.py
[2024-12-20T05:41:01.067+0000] {logging_mixin.py:190} INFO - [2024-12-20T05:41:01.067+0000] {dag.py:3239} INFO - Sync 1 DAGs
[2024-12-20T05:41:01.208+0000] {logging_mixin.py:190} INFO - [2024-12-20T05:41:01.207+0000] {dag.py:4180} INFO - Setting next_dagrun for example_xcom to 2021-01-01 00:00:00+00:00, run_after=2021-01-01 00:00:00+00:00
[2024-12-20T05:41:01.302+0000] {processor.py:208} INFO - Processing /home/airflow/.local/lib/python3.12/site-packages/airflow/example_dags/example_xcom.py took 0.381 seconds
[2024-12-20T05:41:32.116+0000] {processor.py:186} INFO - Started process (PID=14050) to work on /home/airflow/.local/lib/python3.12/site-packages/airflow/example_dags/example_xcom.py
[2024-12-20T05:41:32.119+0000] {processor.py:914} INFO - Processing file /home/airflow/.local/lib/python3.12/site-packages/airflow/example_dags/example_xcom.py for tasks to queue
[2024-12-20T05:41:32.127+0000] {logging_mixin.py:190} INFO - [2024-12-20T05:41:32.126+0000] {dagbag.py:588} INFO - Filling up the DagBag from /home/airflow/.local/lib/python3.12/site-packages/airflow/example_dags/example_xcom.py
[2024-12-20T05:41:32.160+0000] {processor.py:925} INFO - DAG(s) 'example_xcom' retrieved from /home/airflow/.local/lib/python3.12/site-packages/airflow/example_dags/example_xcom.py
[2024-12-20T05:41:32.227+0000] {logging_mixin.py:190} INFO - [2024-12-20T05:41:32.226+0000] {dag.py:3239} INFO - Sync 1 DAGs
[2024-12-20T05:41:32.313+0000] {logging_mixin.py:190} INFO - [2024-12-20T05:41:32.313+0000] {dag.py:4180} INFO - Setting next_dagrun for example_xcom to 2021-01-01 00:00:00+00:00, run_after=2021-01-01 00:00:00+00:00
[2024-12-20T05:41:32.406+0000] {processor.py:208} INFO - Processing /home/airflow/.local/lib/python3.12/site-packages/airflow/example_dags/example_xcom.py took 0.312 seconds
[2024-12-20T05:42:03.650+0000] {processor.py:186} INFO - Started process (PID=14116) to work on /home/airflow/.local/lib/python3.12/site-packages/airflow/example_dags/example_xcom.py
[2024-12-20T05:42:03.653+0000] {processor.py:914} INFO - Processing file /home/airflow/.local/lib/python3.12/site-packages/airflow/example_dags/example_xcom.py for tasks to queue
[2024-12-20T05:42:03.661+0000] {logging_mixin.py:190} INFO - [2024-12-20T05:42:03.659+0000] {dagbag.py:588} INFO - Filling up the DagBag from /home/airflow/.local/lib/python3.12/site-packages/airflow/example_dags/example_xcom.py
[2024-12-20T05:42:03.691+0000] {processor.py:925} INFO - DAG(s) 'example_xcom' retrieved from /home/airflow/.local/lib/python3.12/site-packages/airflow/example_dags/example_xcom.py
[2024-12-20T05:42:03.743+0000] {logging_mixin.py:190} INFO - [2024-12-20T05:42:03.742+0000] {dag.py:3239} INFO - Sync 1 DAGs
[2024-12-20T05:42:03.810+0000] {logging_mixin.py:190} INFO - [2024-12-20T05:42:03.809+0000] {dag.py:4180} INFO - Setting next_dagrun for example_xcom to 2021-01-01 00:00:00+00:00, run_after=2021-01-01 00:00:00+00:00
[2024-12-20T05:42:03.860+0000] {processor.py:208} INFO - Processing /home/airflow/.local/lib/python3.12/site-packages/airflow/example_dags/example_xcom.py took 0.227 seconds
[2024-12-20T05:42:34.479+0000] {processor.py:186} INFO - Started process (PID=14180) to work on /home/airflow/.local/lib/python3.12/site-packages/airflow/example_dags/example_xcom.py
[2024-12-20T05:42:34.480+0000] {processor.py:914} INFO - Processing file /home/airflow/.local/lib/python3.12/site-packages/airflow/example_dags/example_xcom.py for tasks to queue
[2024-12-20T05:42:34.484+0000] {logging_mixin.py:190} INFO - [2024-12-20T05:42:34.483+0000] {dagbag.py:588} INFO - Filling up the DagBag from /home/airflow/.local/lib/python3.12/site-packages/airflow/example_dags/example_xcom.py
[2024-12-20T05:42:34.497+0000] {processor.py:925} INFO - DAG(s) 'example_xcom' retrieved from /home/airflow/.local/lib/python3.12/site-packages/airflow/example_dags/example_xcom.py
[2024-12-20T05:42:34.530+0000] {logging_mixin.py:190} INFO - [2024-12-20T05:42:34.530+0000] {dag.py:3239} INFO - Sync 1 DAGs
[2024-12-20T05:42:34.566+0000] {logging_mixin.py:190} INFO - [2024-12-20T05:42:34.566+0000] {dag.py:4180} INFO - Setting next_dagrun for example_xcom to 2021-01-01 00:00:00+00:00, run_after=2021-01-01 00:00:00+00:00
[2024-12-20T05:42:34.610+0000] {processor.py:208} INFO - Processing /home/airflow/.local/lib/python3.12/site-packages/airflow/example_dags/example_xcom.py took 0.141 seconds
[2024-12-20T05:43:06.299+0000] {processor.py:186} INFO - Started process (PID=14252) to work on /home/airflow/.local/lib/python3.12/site-packages/airflow/example_dags/example_xcom.py
[2024-12-20T05:43:06.303+0000] {processor.py:914} INFO - Processing file /home/airflow/.local/lib/python3.12/site-packages/airflow/example_dags/example_xcom.py for tasks to queue
[2024-12-20T05:43:06.317+0000] {logging_mixin.py:190} INFO - [2024-12-20T05:43:06.315+0000] {dagbag.py:588} INFO - Filling up the DagBag from /home/airflow/.local/lib/python3.12/site-packages/airflow/example_dags/example_xcom.py
[2024-12-20T05:43:06.365+0000] {processor.py:925} INFO - DAG(s) 'example_xcom' retrieved from /home/airflow/.local/lib/python3.12/site-packages/airflow/example_dags/example_xcom.py
[2024-12-20T05:43:06.443+0000] {logging_mixin.py:190} INFO - [2024-12-20T05:43:06.442+0000] {dag.py:3239} INFO - Sync 1 DAGs
[2024-12-20T05:43:06.539+0000] {logging_mixin.py:190} INFO - [2024-12-20T05:43:06.538+0000] {dag.py:4180} INFO - Setting next_dagrun for example_xcom to 2021-01-01 00:00:00+00:00, run_after=2021-01-01 00:00:00+00:00
[2024-12-20T05:43:06.597+0000] {processor.py:208} INFO - Processing /home/airflow/.local/lib/python3.12/site-packages/airflow/example_dags/example_xcom.py took 0.331 seconds
[2024-12-20T05:43:36.919+0000] {processor.py:186} INFO - Started process (PID=14315) to work on /home/airflow/.local/lib/python3.12/site-packages/airflow/example_dags/example_xcom.py
[2024-12-20T05:43:36.923+0000] {processor.py:914} INFO - Processing file /home/airflow/.local/lib/python3.12/site-packages/airflow/example_dags/example_xcom.py for tasks to queue
[2024-12-20T05:43:36.932+0000] {logging_mixin.py:190} INFO - [2024-12-20T05:43:36.931+0000] {dagbag.py:588} INFO - Filling up the DagBag from /home/airflow/.local/lib/python3.12/site-packages/airflow/example_dags/example_xcom.py
[2024-12-20T05:43:36.972+0000] {processor.py:925} INFO - DAG(s) 'example_xcom' retrieved from /home/airflow/.local/lib/python3.12/site-packages/airflow/example_dags/example_xcom.py
[2024-12-20T05:43:37.043+0000] {logging_mixin.py:190} INFO - [2024-12-20T05:43:37.042+0000] {dag.py:3239} INFO - Sync 1 DAGs
[2024-12-20T05:43:37.113+0000] {logging_mixin.py:190} INFO - [2024-12-20T05:43:37.112+0000] {dag.py:4180} INFO - Setting next_dagrun for example_xcom to 2021-01-01 00:00:00+00:00, run_after=2021-01-01 00:00:00+00:00
[2024-12-20T05:43:37.198+0000] {processor.py:208} INFO - Processing /home/airflow/.local/lib/python3.12/site-packages/airflow/example_dags/example_xcom.py took 0.299 seconds
[2024-12-20T05:44:07.685+0000] {processor.py:186} INFO - Started process (PID=14380) to work on /home/airflow/.local/lib/python3.12/site-packages/airflow/example_dags/example_xcom.py
[2024-12-20T05:44:07.687+0000] {processor.py:914} INFO - Processing file /home/airflow/.local/lib/python3.12/site-packages/airflow/example_dags/example_xcom.py for tasks to queue
[2024-12-20T05:44:07.692+0000] {logging_mixin.py:190} INFO - [2024-12-20T05:44:07.691+0000] {dagbag.py:588} INFO - Filling up the DagBag from /home/airflow/.local/lib/python3.12/site-packages/airflow/example_dags/example_xcom.py
[2024-12-20T05:44:07.714+0000] {processor.py:925} INFO - DAG(s) 'example_xcom' retrieved from /home/airflow/.local/lib/python3.12/site-packages/airflow/example_dags/example_xcom.py
[2024-12-20T05:44:07.757+0000] {logging_mixin.py:190} INFO - [2024-12-20T05:44:07.757+0000] {dag.py:3239} INFO - Sync 1 DAGs
[2024-12-20T05:44:07.818+0000] {logging_mixin.py:190} INFO - [2024-12-20T05:44:07.818+0000] {dag.py:4180} INFO - Setting next_dagrun for example_xcom to 2021-01-01 00:00:00+00:00, run_after=2021-01-01 00:00:00+00:00
[2024-12-20T05:44:07.859+0000] {processor.py:208} INFO - Processing /home/airflow/.local/lib/python3.12/site-packages/airflow/example_dags/example_xcom.py took 0.189 seconds
[2024-12-20T05:44:38.358+0000] {processor.py:186} INFO - Started process (PID=14445) to work on /home/airflow/.local/lib/python3.12/site-packages/airflow/example_dags/example_xcom.py
[2024-12-20T05:44:38.362+0000] {processor.py:914} INFO - Processing file /home/airflow/.local/lib/python3.12/site-packages/airflow/example_dags/example_xcom.py for tasks to queue
[2024-12-20T05:44:38.381+0000] {logging_mixin.py:190} INFO - [2024-12-20T05:44:38.378+0000] {dagbag.py:588} INFO - Filling up the DagBag from /home/airflow/.local/lib/python3.12/site-packages/airflow/example_dags/example_xcom.py
[2024-12-20T05:44:38.434+0000] {processor.py:925} INFO - DAG(s) 'example_xcom' retrieved from /home/airflow/.local/lib/python3.12/site-packages/airflow/example_dags/example_xcom.py
[2024-12-20T05:44:38.519+0000] {logging_mixin.py:190} INFO - [2024-12-20T05:44:38.518+0000] {dag.py:3239} INFO - Sync 1 DAGs
[2024-12-20T05:44:38.611+0000] {logging_mixin.py:190} INFO - [2024-12-20T05:44:38.610+0000] {dag.py:4180} INFO - Setting next_dagrun for example_xcom to 2021-01-01 00:00:00+00:00, run_after=2021-01-01 00:00:00+00:00
[2024-12-20T05:44:38.722+0000] {processor.py:208} INFO - Processing /home/airflow/.local/lib/python3.12/site-packages/airflow/example_dags/example_xcom.py took 0.413 seconds
[2024-12-20T05:45:09.095+0000] {processor.py:186} INFO - Started process (PID=14509) to work on /home/airflow/.local/lib/python3.12/site-packages/airflow/example_dags/example_xcom.py
[2024-12-20T05:45:09.096+0000] {processor.py:914} INFO - Processing file /home/airflow/.local/lib/python3.12/site-packages/airflow/example_dags/example_xcom.py for tasks to queue
[2024-12-20T05:45:09.100+0000] {logging_mixin.py:190} INFO - [2024-12-20T05:45:09.099+0000] {dagbag.py:588} INFO - Filling up the DagBag from /home/airflow/.local/lib/python3.12/site-packages/airflow/example_dags/example_xcom.py
[2024-12-20T05:45:09.119+0000] {processor.py:925} INFO - DAG(s) 'example_xcom' retrieved from /home/airflow/.local/lib/python3.12/site-packages/airflow/example_dags/example_xcom.py
[2024-12-20T05:45:09.157+0000] {logging_mixin.py:190} INFO - [2024-12-20T05:45:09.156+0000] {dag.py:3239} INFO - Sync 1 DAGs
[2024-12-20T05:45:09.203+0000] {logging_mixin.py:190} INFO - [2024-12-20T05:45:09.203+0000] {dag.py:4180} INFO - Setting next_dagrun for example_xcom to 2021-01-01 00:00:00+00:00, run_after=2021-01-01 00:00:00+00:00
[2024-12-20T05:45:09.240+0000] {processor.py:208} INFO - Processing /home/airflow/.local/lib/python3.12/site-packages/airflow/example_dags/example_xcom.py took 0.158 seconds
[2024-12-20T05:45:39.545+0000] {processor.py:186} INFO - Started process (PID=14574) to work on /home/airflow/.local/lib/python3.12/site-packages/airflow/example_dags/example_xcom.py
[2024-12-20T05:45:39.549+0000] {processor.py:914} INFO - Processing file /home/airflow/.local/lib/python3.12/site-packages/airflow/example_dags/example_xcom.py for tasks to queue
[2024-12-20T05:45:39.560+0000] {logging_mixin.py:190} INFO - [2024-12-20T05:45:39.557+0000] {dagbag.py:588} INFO - Filling up the DagBag from /home/airflow/.local/lib/python3.12/site-packages/airflow/example_dags/example_xcom.py
[2024-12-20T05:45:39.599+0000] {processor.py:925} INFO - DAG(s) 'example_xcom' retrieved from /home/airflow/.local/lib/python3.12/site-packages/airflow/example_dags/example_xcom.py
[2024-12-20T05:45:39.654+0000] {logging_mixin.py:190} INFO - [2024-12-20T05:45:39.653+0000] {dag.py:3239} INFO - Sync 1 DAGs
[2024-12-20T05:45:39.727+0000] {logging_mixin.py:190} INFO - [2024-12-20T05:45:39.726+0000] {dag.py:4180} INFO - Setting next_dagrun for example_xcom to 2021-01-01 00:00:00+00:00, run_after=2021-01-01 00:00:00+00:00
[2024-12-20T05:45:39.785+0000] {processor.py:208} INFO - Processing /home/airflow/.local/lib/python3.12/site-packages/airflow/example_dags/example_xcom.py took 0.267 seconds
[2024-12-20T05:46:11.853+0000] {processor.py:186} INFO - Started process (PID=14639) to work on /home/airflow/.local/lib/python3.12/site-packages/airflow/example_dags/example_xcom.py
[2024-12-20T05:46:11.856+0000] {processor.py:914} INFO - Processing file /home/airflow/.local/lib/python3.12/site-packages/airflow/example_dags/example_xcom.py for tasks to queue
[2024-12-20T05:46:11.866+0000] {logging_mixin.py:190} INFO - [2024-12-20T05:46:11.865+0000] {dagbag.py:588} INFO - Filling up the DagBag from /home/airflow/.local/lib/python3.12/site-packages/airflow/example_dags/example_xcom.py
[2024-12-20T05:46:11.894+0000] {processor.py:925} INFO - DAG(s) 'example_xcom' retrieved from /home/airflow/.local/lib/python3.12/site-packages/airflow/example_dags/example_xcom.py
[2024-12-20T05:46:11.943+0000] {logging_mixin.py:190} INFO - [2024-12-20T05:46:11.943+0000] {dag.py:3239} INFO - Sync 1 DAGs
[2024-12-20T05:46:12.008+0000] {logging_mixin.py:190} INFO - [2024-12-20T05:46:12.007+0000] {dag.py:4180} INFO - Setting next_dagrun for example_xcom to 2021-01-01 00:00:00+00:00, run_after=2021-01-01 00:00:00+00:00
[2024-12-20T05:46:12.059+0000] {processor.py:208} INFO - Processing /home/airflow/.local/lib/python3.12/site-packages/airflow/example_dags/example_xcom.py took 0.225 seconds
[2024-12-20T05:46:44.107+0000] {processor.py:186} INFO - Started process (PID=14704) to work on /home/airflow/.local/lib/python3.12/site-packages/airflow/example_dags/example_xcom.py
[2024-12-20T05:46:44.110+0000] {processor.py:914} INFO - Processing file /home/airflow/.local/lib/python3.12/site-packages/airflow/example_dags/example_xcom.py for tasks to queue
[2024-12-20T05:46:44.116+0000] {logging_mixin.py:190} INFO - [2024-12-20T05:46:44.115+0000] {dagbag.py:588} INFO - Filling up the DagBag from /home/airflow/.local/lib/python3.12/site-packages/airflow/example_dags/example_xcom.py
[2024-12-20T05:46:44.141+0000] {processor.py:925} INFO - DAG(s) 'example_xcom' retrieved from /home/airflow/.local/lib/python3.12/site-packages/airflow/example_dags/example_xcom.py
[2024-12-20T05:46:44.207+0000] {logging_mixin.py:190} INFO - [2024-12-20T05:46:44.206+0000] {dag.py:3239} INFO - Sync 1 DAGs
[2024-12-20T05:46:44.281+0000] {logging_mixin.py:190} INFO - [2024-12-20T05:46:44.280+0000] {dag.py:4180} INFO - Setting next_dagrun for example_xcom to 2021-01-01 00:00:00+00:00, run_after=2021-01-01 00:00:00+00:00
[2024-12-20T05:46:44.331+0000] {processor.py:208} INFO - Processing /home/airflow/.local/lib/python3.12/site-packages/airflow/example_dags/example_xcom.py took 0.245 seconds
[2024-12-20T05:47:15.756+0000] {processor.py:186} INFO - Started process (PID=14768) to work on /home/airflow/.local/lib/python3.12/site-packages/airflow/example_dags/example_xcom.py
[2024-12-20T05:47:15.758+0000] {processor.py:914} INFO - Processing file /home/airflow/.local/lib/python3.12/site-packages/airflow/example_dags/example_xcom.py for tasks to queue
[2024-12-20T05:47:15.764+0000] {logging_mixin.py:190} INFO - [2024-12-20T05:47:15.763+0000] {dagbag.py:588} INFO - Filling up the DagBag from /home/airflow/.local/lib/python3.12/site-packages/airflow/example_dags/example_xcom.py
[2024-12-20T05:47:15.786+0000] {processor.py:925} INFO - DAG(s) 'example_xcom' retrieved from /home/airflow/.local/lib/python3.12/site-packages/airflow/example_dags/example_xcom.py
[2024-12-20T05:47:15.827+0000] {logging_mixin.py:190} INFO - [2024-12-20T05:47:15.826+0000] {dag.py:3239} INFO - Sync 1 DAGs
[2024-12-20T05:47:15.882+0000] {logging_mixin.py:190} INFO - [2024-12-20T05:47:15.882+0000] {dag.py:4180} INFO - Setting next_dagrun for example_xcom to 2021-01-01 00:00:00+00:00, run_after=2021-01-01 00:00:00+00:00
[2024-12-20T05:47:15.930+0000] {processor.py:208} INFO - Processing /home/airflow/.local/lib/python3.12/site-packages/airflow/example_dags/example_xcom.py took 0.187 seconds
[2024-12-20T05:47:51.488+0000] {processor.py:186} INFO - Started process (PID=14839) to work on /home/airflow/.local/lib/python3.12/site-packages/airflow/example_dags/example_xcom.py
[2024-12-20T05:47:51.503+0000] {processor.py:914} INFO - Processing file /home/airflow/.local/lib/python3.12/site-packages/airflow/example_dags/example_xcom.py for tasks to queue
[2024-12-20T05:47:51.534+0000] {logging_mixin.py:190} INFO - [2024-12-20T05:47:51.524+0000] {dagbag.py:588} INFO - Filling up the DagBag from /home/airflow/.local/lib/python3.12/site-packages/airflow/example_dags/example_xcom.py
[2024-12-20T05:47:51.646+0000] {processor.py:925} INFO - DAG(s) 'example_xcom' retrieved from /home/airflow/.local/lib/python3.12/site-packages/airflow/example_dags/example_xcom.py
[2024-12-20T05:47:51.766+0000] {logging_mixin.py:190} INFO - [2024-12-20T05:47:51.765+0000] {dag.py:3239} INFO - Sync 1 DAGs
[2024-12-20T05:47:51.931+0000] {logging_mixin.py:190} INFO - [2024-12-20T05:47:51.929+0000] {dag.py:4180} INFO - Setting next_dagrun for example_xcom to 2021-01-01 00:00:00+00:00, run_after=2021-01-01 00:00:00+00:00
[2024-12-20T05:47:52.055+0000] {processor.py:208} INFO - Processing /home/airflow/.local/lib/python3.12/site-packages/airflow/example_dags/example_xcom.py took 0.657 seconds
[2024-12-20T05:48:32.524+0000] {processor.py:186} INFO - Started process (PID=14909) to work on /home/airflow/.local/lib/python3.12/site-packages/airflow/example_dags/example_xcom.py
[2024-12-20T05:48:32.539+0000] {processor.py:914} INFO - Processing file /home/airflow/.local/lib/python3.12/site-packages/airflow/example_dags/example_xcom.py for tasks to queue
[2024-12-20T05:48:32.550+0000] {logging_mixin.py:190} INFO - [2024-12-20T05:48:32.549+0000] {dagbag.py:588} INFO - Filling up the DagBag from /home/airflow/.local/lib/python3.12/site-packages/airflow/example_dags/example_xcom.py
[2024-12-20T05:48:33.013+0000] {processor.py:925} INFO - DAG(s) 'example_xcom' retrieved from /home/airflow/.local/lib/python3.12/site-packages/airflow/example_dags/example_xcom.py
[2024-12-20T05:48:34.141+0000] {logging_mixin.py:190} INFO - [2024-12-20T05:48:34.139+0000] {dag.py:3239} INFO - Sync 1 DAGs
[2024-12-20T05:48:34.523+0000] {logging_mixin.py:190} INFO - [2024-12-20T05:48:34.523+0000] {dag.py:4180} INFO - Setting next_dagrun for example_xcom to 2021-01-01 00:00:00+00:00, run_after=2021-01-01 00:00:00+00:00
[2024-12-20T05:48:34.877+0000] {processor.py:208} INFO - Processing /home/airflow/.local/lib/python3.12/site-packages/airflow/example_dags/example_xcom.py took 2.404 seconds
