[2024-12-20T05:28:18.348+0000] {processor.py:186} INFO - Started process (PID=12480) to work on /home/airflow/.local/lib/python3.12/site-packages/airflow/example_dags/example_task_group.py
[2024-12-20T05:28:18.358+0000] {processor.py:914} INFO - Processing file /home/airflow/.local/lib/python3.12/site-packages/airflow/example_dags/example_task_group.py for tasks to queue
[2024-12-20T05:28:18.386+0000] {logging_mixin.py:190} INFO - [2024-12-20T05:28:18.384+0000] {dagbag.py:588} INFO - Filling up the DagBag from /home/airflow/.local/lib/python3.12/site-packages/airflow/example_dags/example_task_group.py
[2024-12-20T05:28:18.525+0000] {processor.py:925} INFO - DAG(s) 'example_task_group' retrieved from /home/airflow/.local/lib/python3.12/site-packages/airflow/example_dags/example_task_group.py
[2024-12-20T05:28:18.794+0000] {logging_mixin.py:190} INFO - [2024-12-20T05:28:18.784+0000] {dag.py:3239} INFO - Sync 1 DAGs
[2024-12-20T05:28:19.032+0000] {logging_mixin.py:190} INFO - [2024-12-20T05:28:19.031+0000] {dag.py:4180} INFO - Setting next_dagrun for example_task_group to None, run_after=None
[2024-12-20T05:28:19.265+0000] {processor.py:208} INFO - Processing /home/airflow/.local/lib/python3.12/site-packages/airflow/example_dags/example_task_group.py took 0.995 seconds
[2024-12-20T05:29:09.489+0000] {processor.py:186} INFO - Started process (PID=12546) to work on /home/airflow/.local/lib/python3.12/site-packages/airflow/example_dags/example_task_group.py
[2024-12-20T05:29:09.493+0000] {processor.py:914} INFO - Processing file /home/airflow/.local/lib/python3.12/site-packages/airflow/example_dags/example_task_group.py for tasks to queue
[2024-12-20T05:29:09.509+0000] {logging_mixin.py:190} INFO - [2024-12-20T05:29:09.508+0000] {dagbag.py:588} INFO - Filling up the DagBag from /home/airflow/.local/lib/python3.12/site-packages/airflow/example_dags/example_task_group.py
[2024-12-20T05:29:09.576+0000] {processor.py:925} INFO - DAG(s) 'example_task_group' retrieved from /home/airflow/.local/lib/python3.12/site-packages/airflow/example_dags/example_task_group.py
[2024-12-20T05:29:09.762+0000] {logging_mixin.py:190} INFO - [2024-12-20T05:29:09.761+0000] {dag.py:3239} INFO - Sync 1 DAGs
[2024-12-20T05:29:09.878+0000] {logging_mixin.py:190} INFO - [2024-12-20T05:29:09.877+0000] {dag.py:4180} INFO - Setting next_dagrun for example_task_group to None, run_after=None
[2024-12-20T05:29:10.115+0000] {processor.py:208} INFO - Processing /home/airflow/.local/lib/python3.12/site-packages/airflow/example_dags/example_task_group.py took 0.676 seconds
[2024-12-20T05:29:42.473+0000] {processor.py:186} INFO - Started process (PID=12611) to work on /home/airflow/.local/lib/python3.12/site-packages/airflow/example_dags/example_task_group.py
[2024-12-20T05:29:42.476+0000] {processor.py:914} INFO - Processing file /home/airflow/.local/lib/python3.12/site-packages/airflow/example_dags/example_task_group.py for tasks to queue
[2024-12-20T05:29:42.496+0000] {logging_mixin.py:190} INFO - [2024-12-20T05:29:42.494+0000] {dagbag.py:588} INFO - Filling up the DagBag from /home/airflow/.local/lib/python3.12/site-packages/airflow/example_dags/example_task_group.py
[2024-12-20T05:29:42.570+0000] {processor.py:925} INFO - DAG(s) 'example_task_group' retrieved from /home/airflow/.local/lib/python3.12/site-packages/airflow/example_dags/example_task_group.py
[2024-12-20T05:29:42.752+0000] {logging_mixin.py:190} INFO - [2024-12-20T05:29:42.741+0000] {dag.py:3239} INFO - Sync 1 DAGs
[2024-12-20T05:29:42.874+0000] {logging_mixin.py:190} INFO - [2024-12-20T05:29:42.873+0000] {dag.py:4180} INFO - Setting next_dagrun for example_task_group to None, run_after=None
[2024-12-20T05:29:43.019+0000] {processor.py:208} INFO - Processing /home/airflow/.local/lib/python3.12/site-packages/airflow/example_dags/example_task_group.py took 0.602 seconds
[2024-12-20T05:30:13.606+0000] {processor.py:186} INFO - Started process (PID=12677) to work on /home/airflow/.local/lib/python3.12/site-packages/airflow/example_dags/example_task_group.py
[2024-12-20T05:30:13.610+0000] {processor.py:914} INFO - Processing file /home/airflow/.local/lib/python3.12/site-packages/airflow/example_dags/example_task_group.py for tasks to queue
[2024-12-20T05:30:13.618+0000] {logging_mixin.py:190} INFO - [2024-12-20T05:30:13.617+0000] {dagbag.py:588} INFO - Filling up the DagBag from /home/airflow/.local/lib/python3.12/site-packages/airflow/example_dags/example_task_group.py
[2024-12-20T05:30:13.648+0000] {processor.py:925} INFO - DAG(s) 'example_task_group' retrieved from /home/airflow/.local/lib/python3.12/site-packages/airflow/example_dags/example_task_group.py
[2024-12-20T05:30:13.736+0000] {logging_mixin.py:190} INFO - [2024-12-20T05:30:13.735+0000] {dag.py:3239} INFO - Sync 1 DAGs
[2024-12-20T05:30:13.853+0000] {logging_mixin.py:190} INFO - [2024-12-20T05:30:13.852+0000] {dag.py:4180} INFO - Setting next_dagrun for example_task_group to None, run_after=None
[2024-12-20T05:30:13.952+0000] {processor.py:208} INFO - Processing /home/airflow/.local/lib/python3.12/site-packages/airflow/example_dags/example_task_group.py took 0.368 seconds
[2024-12-20T05:30:45.933+0000] {processor.py:186} INFO - Started process (PID=12742) to work on /home/airflow/.local/lib/python3.12/site-packages/airflow/example_dags/example_task_group.py
[2024-12-20T05:30:45.935+0000] {processor.py:914} INFO - Processing file /home/airflow/.local/lib/python3.12/site-packages/airflow/example_dags/example_task_group.py for tasks to queue
[2024-12-20T05:30:45.942+0000] {logging_mixin.py:190} INFO - [2024-12-20T05:30:45.941+0000] {dagbag.py:588} INFO - Filling up the DagBag from /home/airflow/.local/lib/python3.12/site-packages/airflow/example_dags/example_task_group.py
[2024-12-20T05:30:45.972+0000] {processor.py:925} INFO - DAG(s) 'example_task_group' retrieved from /home/airflow/.local/lib/python3.12/site-packages/airflow/example_dags/example_task_group.py
[2024-12-20T05:30:46.041+0000] {logging_mixin.py:190} INFO - [2024-12-20T05:30:46.040+0000] {dag.py:3239} INFO - Sync 1 DAGs
[2024-12-20T05:30:46.098+0000] {logging_mixin.py:190} INFO - [2024-12-20T05:30:46.097+0000] {dag.py:4180} INFO - Setting next_dagrun for example_task_group to None, run_after=None
[2024-12-20T05:30:46.196+0000] {processor.py:208} INFO - Processing /home/airflow/.local/lib/python3.12/site-packages/airflow/example_dags/example_task_group.py took 0.281 seconds
[2024-12-20T05:31:18.168+0000] {processor.py:186} INFO - Started process (PID=12807) to work on /home/airflow/.local/lib/python3.12/site-packages/airflow/example_dags/example_task_group.py
[2024-12-20T05:31:18.173+0000] {processor.py:914} INFO - Processing file /home/airflow/.local/lib/python3.12/site-packages/airflow/example_dags/example_task_group.py for tasks to queue
[2024-12-20T05:31:18.182+0000] {logging_mixin.py:190} INFO - [2024-12-20T05:31:18.180+0000] {dagbag.py:588} INFO - Filling up the DagBag from /home/airflow/.local/lib/python3.12/site-packages/airflow/example_dags/example_task_group.py
[2024-12-20T05:31:18.212+0000] {processor.py:925} INFO - DAG(s) 'example_task_group' retrieved from /home/airflow/.local/lib/python3.12/site-packages/airflow/example_dags/example_task_group.py
[2024-12-20T05:31:18.277+0000] {logging_mixin.py:190} INFO - [2024-12-20T05:31:18.276+0000] {dag.py:3239} INFO - Sync 1 DAGs
[2024-12-20T05:31:18.323+0000] {logging_mixin.py:190} INFO - [2024-12-20T05:31:18.322+0000] {dag.py:4180} INFO - Setting next_dagrun for example_task_group to None, run_after=None
[2024-12-20T05:31:18.414+0000] {processor.py:208} INFO - Processing /home/airflow/.local/lib/python3.12/site-packages/airflow/example_dags/example_task_group.py took 0.266 seconds
[2024-12-20T05:31:49.343+0000] {processor.py:186} INFO - Started process (PID=12872) to work on /home/airflow/.local/lib/python3.12/site-packages/airflow/example_dags/example_task_group.py
[2024-12-20T05:31:49.345+0000] {processor.py:914} INFO - Processing file /home/airflow/.local/lib/python3.12/site-packages/airflow/example_dags/example_task_group.py for tasks to queue
[2024-12-20T05:31:49.351+0000] {logging_mixin.py:190} INFO - [2024-12-20T05:31:49.350+0000] {dagbag.py:588} INFO - Filling up the DagBag from /home/airflow/.local/lib/python3.12/site-packages/airflow/example_dags/example_task_group.py
[2024-12-20T05:31:49.372+0000] {processor.py:925} INFO - DAG(s) 'example_task_group' retrieved from /home/airflow/.local/lib/python3.12/site-packages/airflow/example_dags/example_task_group.py
[2024-12-20T05:31:49.423+0000] {logging_mixin.py:190} INFO - [2024-12-20T05:31:49.423+0000] {dag.py:3239} INFO - Sync 1 DAGs
[2024-12-20T05:31:49.457+0000] {logging_mixin.py:190} INFO - [2024-12-20T05:31:49.456+0000] {dag.py:4180} INFO - Setting next_dagrun for example_task_group to None, run_after=None
[2024-12-20T05:31:49.499+0000] {processor.py:208} INFO - Processing /home/airflow/.local/lib/python3.12/site-packages/airflow/example_dags/example_task_group.py took 0.170 seconds
[2024-12-20T05:32:24.260+0000] {processor.py:186} INFO - Started process (PID=12937) to work on /home/airflow/.local/lib/python3.12/site-packages/airflow/example_dags/example_task_group.py
[2024-12-20T05:32:24.264+0000] {processor.py:914} INFO - Processing file /home/airflow/.local/lib/python3.12/site-packages/airflow/example_dags/example_task_group.py for tasks to queue
[2024-12-20T05:32:24.271+0000] {logging_mixin.py:190} INFO - [2024-12-20T05:32:24.270+0000] {dagbag.py:588} INFO - Filling up the DagBag from /home/airflow/.local/lib/python3.12/site-packages/airflow/example_dags/example_task_group.py
[2024-12-20T05:32:24.295+0000] {processor.py:925} INFO - DAG(s) 'example_task_group' retrieved from /home/airflow/.local/lib/python3.12/site-packages/airflow/example_dags/example_task_group.py
[2024-12-20T05:32:24.355+0000] {logging_mixin.py:190} INFO - [2024-12-20T05:32:24.354+0000] {dag.py:3239} INFO - Sync 1 DAGs
[2024-12-20T05:32:24.406+0000] {logging_mixin.py:190} INFO - [2024-12-20T05:32:24.406+0000] {dag.py:4180} INFO - Setting next_dagrun for example_task_group to None, run_after=None
[2024-12-20T05:32:24.462+0000] {processor.py:208} INFO - Processing /home/airflow/.local/lib/python3.12/site-packages/airflow/example_dags/example_task_group.py took 0.218 seconds
[2024-12-20T05:32:55.403+0000] {processor.py:186} INFO - Started process (PID=13002) to work on /home/airflow/.local/lib/python3.12/site-packages/airflow/example_dags/example_task_group.py
[2024-12-20T05:32:55.408+0000] {processor.py:914} INFO - Processing file /home/airflow/.local/lib/python3.12/site-packages/airflow/example_dags/example_task_group.py for tasks to queue
[2024-12-20T05:32:55.419+0000] {logging_mixin.py:190} INFO - [2024-12-20T05:32:55.418+0000] {dagbag.py:588} INFO - Filling up the DagBag from /home/airflow/.local/lib/python3.12/site-packages/airflow/example_dags/example_task_group.py
[2024-12-20T05:32:55.454+0000] {processor.py:925} INFO - DAG(s) 'example_task_group' retrieved from /home/airflow/.local/lib/python3.12/site-packages/airflow/example_dags/example_task_group.py
[2024-12-20T05:32:55.521+0000] {logging_mixin.py:190} INFO - [2024-12-20T05:32:55.520+0000] {dag.py:3239} INFO - Sync 1 DAGs
[2024-12-20T05:32:55.581+0000] {logging_mixin.py:190} INFO - [2024-12-20T05:32:55.581+0000] {dag.py:4180} INFO - Setting next_dagrun for example_task_group to None, run_after=None
[2024-12-20T05:32:55.644+0000] {processor.py:208} INFO - Processing /home/airflow/.local/lib/python3.12/site-packages/airflow/example_dags/example_task_group.py took 0.261 seconds
[2024-12-20T05:33:27.446+0000] {processor.py:186} INFO - Started process (PID=13067) to work on /home/airflow/.local/lib/python3.12/site-packages/airflow/example_dags/example_task_group.py
[2024-12-20T05:33:27.449+0000] {processor.py:914} INFO - Processing file /home/airflow/.local/lib/python3.12/site-packages/airflow/example_dags/example_task_group.py for tasks to queue
[2024-12-20T05:33:27.455+0000] {logging_mixin.py:190} INFO - [2024-12-20T05:33:27.454+0000] {dagbag.py:588} INFO - Filling up the DagBag from /home/airflow/.local/lib/python3.12/site-packages/airflow/example_dags/example_task_group.py
[2024-12-20T05:33:27.481+0000] {processor.py:925} INFO - DAG(s) 'example_task_group' retrieved from /home/airflow/.local/lib/python3.12/site-packages/airflow/example_dags/example_task_group.py
[2024-12-20T05:33:27.539+0000] {logging_mixin.py:190} INFO - [2024-12-20T05:33:27.539+0000] {dag.py:3239} INFO - Sync 1 DAGs
[2024-12-20T05:33:27.575+0000] {logging_mixin.py:190} INFO - [2024-12-20T05:33:27.574+0000] {dag.py:4180} INFO - Setting next_dagrun for example_task_group to None, run_after=None
[2024-12-20T05:33:27.633+0000] {processor.py:208} INFO - Processing /home/airflow/.local/lib/python3.12/site-packages/airflow/example_dags/example_task_group.py took 0.203 seconds
[2024-12-20T05:34:03.414+0000] {processor.py:186} INFO - Started process (PID=13139) to work on /home/airflow/.local/lib/python3.12/site-packages/airflow/example_dags/example_task_group.py
[2024-12-20T05:34:03.427+0000] {processor.py:914} INFO - Processing file /home/airflow/.local/lib/python3.12/site-packages/airflow/example_dags/example_task_group.py for tasks to queue
[2024-12-20T05:34:03.448+0000] {logging_mixin.py:190} INFO - [2024-12-20T05:34:03.446+0000] {dagbag.py:588} INFO - Filling up the DagBag from /home/airflow/.local/lib/python3.12/site-packages/airflow/example_dags/example_task_group.py
[2024-12-20T05:34:03.553+0000] {processor.py:925} INFO - DAG(s) 'example_task_group' retrieved from /home/airflow/.local/lib/python3.12/site-packages/airflow/example_dags/example_task_group.py
[2024-12-20T05:34:03.708+0000] {logging_mixin.py:190} INFO - [2024-12-20T05:34:03.707+0000] {dag.py:3239} INFO - Sync 1 DAGs
[2024-12-20T05:34:03.791+0000] {logging_mixin.py:190} INFO - [2024-12-20T05:34:03.790+0000] {dag.py:4180} INFO - Setting next_dagrun for example_task_group to None, run_after=None
[2024-12-20T05:34:03.869+0000] {processor.py:208} INFO - Processing /home/airflow/.local/lib/python3.12/site-packages/airflow/example_dags/example_task_group.py took 0.510 seconds
[2024-12-20T05:34:34.133+0000] {processor.py:186} INFO - Started process (PID=13204) to work on /home/airflow/.local/lib/python3.12/site-packages/airflow/example_dags/example_task_group.py
[2024-12-20T05:34:34.135+0000] {processor.py:914} INFO - Processing file /home/airflow/.local/lib/python3.12/site-packages/airflow/example_dags/example_task_group.py for tasks to queue
[2024-12-20T05:34:34.140+0000] {logging_mixin.py:190} INFO - [2024-12-20T05:34:34.139+0000] {dagbag.py:588} INFO - Filling up the DagBag from /home/airflow/.local/lib/python3.12/site-packages/airflow/example_dags/example_task_group.py
[2024-12-20T05:34:34.159+0000] {processor.py:925} INFO - DAG(s) 'example_task_group' retrieved from /home/airflow/.local/lib/python3.12/site-packages/airflow/example_dags/example_task_group.py
[2024-12-20T05:34:34.206+0000] {logging_mixin.py:190} INFO - [2024-12-20T05:34:34.205+0000] {dag.py:3239} INFO - Sync 1 DAGs
[2024-12-20T05:34:34.237+0000] {logging_mixin.py:190} INFO - [2024-12-20T05:34:34.237+0000] {dag.py:4180} INFO - Setting next_dagrun for example_task_group to None, run_after=None
[2024-12-20T05:34:34.277+0000] {processor.py:208} INFO - Processing /home/airflow/.local/lib/python3.12/site-packages/airflow/example_dags/example_task_group.py took 0.162 seconds
[2024-12-20T05:35:07.320+0000] {processor.py:186} INFO - Started process (PID=13269) to work on /home/airflow/.local/lib/python3.12/site-packages/airflow/example_dags/example_task_group.py
[2024-12-20T05:35:07.324+0000] {processor.py:914} INFO - Processing file /home/airflow/.local/lib/python3.12/site-packages/airflow/example_dags/example_task_group.py for tasks to queue
[2024-12-20T05:35:07.333+0000] {logging_mixin.py:190} INFO - [2024-12-20T05:35:07.332+0000] {dagbag.py:588} INFO - Filling up the DagBag from /home/airflow/.local/lib/python3.12/site-packages/airflow/example_dags/example_task_group.py
[2024-12-20T05:35:07.374+0000] {processor.py:925} INFO - DAG(s) 'example_task_group' retrieved from /home/airflow/.local/lib/python3.12/site-packages/airflow/example_dags/example_task_group.py
[2024-12-20T05:35:07.450+0000] {logging_mixin.py:190} INFO - [2024-12-20T05:35:07.449+0000] {dag.py:3239} INFO - Sync 1 DAGs
[2024-12-20T05:35:07.499+0000] {logging_mixin.py:190} INFO - [2024-12-20T05:35:07.498+0000] {dag.py:4180} INFO - Setting next_dagrun for example_task_group to None, run_after=None
[2024-12-20T05:35:07.562+0000] {processor.py:208} INFO - Processing /home/airflow/.local/lib/python3.12/site-packages/airflow/example_dags/example_task_group.py took 0.265 seconds
[2024-12-20T05:35:39.456+0000] {processor.py:186} INFO - Started process (PID=13336) to work on /home/airflow/.local/lib/python3.12/site-packages/airflow/example_dags/example_task_group.py
[2024-12-20T05:35:39.459+0000] {processor.py:914} INFO - Processing file /home/airflow/.local/lib/python3.12/site-packages/airflow/example_dags/example_task_group.py for tasks to queue
[2024-12-20T05:35:39.471+0000] {logging_mixin.py:190} INFO - [2024-12-20T05:35:39.469+0000] {dagbag.py:588} INFO - Filling up the DagBag from /home/airflow/.local/lib/python3.12/site-packages/airflow/example_dags/example_task_group.py
[2024-12-20T05:35:39.510+0000] {processor.py:925} INFO - DAG(s) 'example_task_group' retrieved from /home/airflow/.local/lib/python3.12/site-packages/airflow/example_dags/example_task_group.py
[2024-12-20T05:35:39.591+0000] {logging_mixin.py:190} INFO - [2024-12-20T05:35:39.590+0000] {dag.py:3239} INFO - Sync 1 DAGs
[2024-12-20T05:35:39.661+0000] {logging_mixin.py:190} INFO - [2024-12-20T05:35:39.660+0000] {dag.py:4180} INFO - Setting next_dagrun for example_task_group to None, run_after=None
[2024-12-20T05:35:39.750+0000] {processor.py:208} INFO - Processing /home/airflow/.local/lib/python3.12/site-packages/airflow/example_dags/example_task_group.py took 0.303 seconds
[2024-12-20T05:36:11.767+0000] {processor.py:186} INFO - Started process (PID=13401) to work on /home/airflow/.local/lib/python3.12/site-packages/airflow/example_dags/example_task_group.py
[2024-12-20T05:36:11.770+0000] {processor.py:914} INFO - Processing file /home/airflow/.local/lib/python3.12/site-packages/airflow/example_dags/example_task_group.py for tasks to queue
[2024-12-20T05:36:11.778+0000] {logging_mixin.py:190} INFO - [2024-12-20T05:36:11.776+0000] {dagbag.py:588} INFO - Filling up the DagBag from /home/airflow/.local/lib/python3.12/site-packages/airflow/example_dags/example_task_group.py
[2024-12-20T05:36:11.803+0000] {processor.py:925} INFO - DAG(s) 'example_task_group' retrieved from /home/airflow/.local/lib/python3.12/site-packages/airflow/example_dags/example_task_group.py
[2024-12-20T05:36:11.861+0000] {logging_mixin.py:190} INFO - [2024-12-20T05:36:11.860+0000] {dag.py:3239} INFO - Sync 1 DAGs
[2024-12-20T05:36:11.905+0000] {logging_mixin.py:190} INFO - [2024-12-20T05:36:11.905+0000] {dag.py:4180} INFO - Setting next_dagrun for example_task_group to None, run_after=None
[2024-12-20T05:36:12.000+0000] {processor.py:208} INFO - Processing /home/airflow/.local/lib/python3.12/site-packages/airflow/example_dags/example_task_group.py took 0.252 seconds
[2024-12-20T05:36:43.030+0000] {processor.py:186} INFO - Started process (PID=13466) to work on /home/airflow/.local/lib/python3.12/site-packages/airflow/example_dags/example_task_group.py
[2024-12-20T05:36:43.032+0000] {processor.py:914} INFO - Processing file /home/airflow/.local/lib/python3.12/site-packages/airflow/example_dags/example_task_group.py for tasks to queue
[2024-12-20T05:36:43.038+0000] {logging_mixin.py:190} INFO - [2024-12-20T05:36:43.037+0000] {dagbag.py:588} INFO - Filling up the DagBag from /home/airflow/.local/lib/python3.12/site-packages/airflow/example_dags/example_task_group.py
[2024-12-20T05:36:43.068+0000] {processor.py:925} INFO - DAG(s) 'example_task_group' retrieved from /home/airflow/.local/lib/python3.12/site-packages/airflow/example_dags/example_task_group.py
[2024-12-20T05:36:43.122+0000] {logging_mixin.py:190} INFO - [2024-12-20T05:36:43.121+0000] {dag.py:3239} INFO - Sync 1 DAGs
[2024-12-20T05:36:43.158+0000] {logging_mixin.py:190} INFO - [2024-12-20T05:36:43.157+0000] {dag.py:4180} INFO - Setting next_dagrun for example_task_group to None, run_after=None
[2024-12-20T05:36:43.239+0000] {processor.py:208} INFO - Processing /home/airflow/.local/lib/python3.12/site-packages/airflow/example_dags/example_task_group.py took 0.224 seconds
[2024-12-20T05:37:16.367+0000] {processor.py:186} INFO - Started process (PID=13532) to work on /home/airflow/.local/lib/python3.12/site-packages/airflow/example_dags/example_task_group.py
[2024-12-20T05:37:16.371+0000] {processor.py:914} INFO - Processing file /home/airflow/.local/lib/python3.12/site-packages/airflow/example_dags/example_task_group.py for tasks to queue
[2024-12-20T05:37:16.383+0000] {logging_mixin.py:190} INFO - [2024-12-20T05:37:16.381+0000] {dagbag.py:588} INFO - Filling up the DagBag from /home/airflow/.local/lib/python3.12/site-packages/airflow/example_dags/example_task_group.py
[2024-12-20T05:37:16.425+0000] {processor.py:925} INFO - DAG(s) 'example_task_group' retrieved from /home/airflow/.local/lib/python3.12/site-packages/airflow/example_dags/example_task_group.py
[2024-12-20T05:37:16.507+0000] {logging_mixin.py:190} INFO - [2024-12-20T05:37:16.506+0000] {dag.py:3239} INFO - Sync 1 DAGs
[2024-12-20T05:37:16.568+0000] {logging_mixin.py:190} INFO - [2024-12-20T05:37:16.568+0000] {dag.py:4180} INFO - Setting next_dagrun for example_task_group to None, run_after=None
[2024-12-20T05:37:16.634+0000] {processor.py:208} INFO - Processing /home/airflow/.local/lib/python3.12/site-packages/airflow/example_dags/example_task_group.py took 0.290 seconds
[2024-12-20T05:37:47.591+0000] {processor.py:186} INFO - Started process (PID=13597) to work on /home/airflow/.local/lib/python3.12/site-packages/airflow/example_dags/example_task_group.py
[2024-12-20T05:37:47.593+0000] {processor.py:914} INFO - Processing file /home/airflow/.local/lib/python3.12/site-packages/airflow/example_dags/example_task_group.py for tasks to queue
[2024-12-20T05:37:47.602+0000] {logging_mixin.py:190} INFO - [2024-12-20T05:37:47.601+0000] {dagbag.py:588} INFO - Filling up the DagBag from /home/airflow/.local/lib/python3.12/site-packages/airflow/example_dags/example_task_group.py
[2024-12-20T05:37:47.644+0000] {processor.py:925} INFO - DAG(s) 'example_task_group' retrieved from /home/airflow/.local/lib/python3.12/site-packages/airflow/example_dags/example_task_group.py
[2024-12-20T05:37:47.792+0000] {logging_mixin.py:190} INFO - [2024-12-20T05:37:47.791+0000] {dag.py:3239} INFO - Sync 1 DAGs
[2024-12-20T05:37:47.887+0000] {logging_mixin.py:190} INFO - [2024-12-20T05:37:47.886+0000] {dag.py:4180} INFO - Setting next_dagrun for example_task_group to None, run_after=None
[2024-12-20T05:37:47.990+0000] {processor.py:208} INFO - Processing /home/airflow/.local/lib/python3.12/site-packages/airflow/example_dags/example_task_group.py took 0.422 seconds
[2024-12-20T05:38:20.804+0000] {processor.py:186} INFO - Started process (PID=13662) to work on /home/airflow/.local/lib/python3.12/site-packages/airflow/example_dags/example_task_group.py
[2024-12-20T05:38:20.809+0000] {processor.py:914} INFO - Processing file /home/airflow/.local/lib/python3.12/site-packages/airflow/example_dags/example_task_group.py for tasks to queue
[2024-12-20T05:38:20.819+0000] {logging_mixin.py:190} INFO - [2024-12-20T05:38:20.817+0000] {dagbag.py:588} INFO - Filling up the DagBag from /home/airflow/.local/lib/python3.12/site-packages/airflow/example_dags/example_task_group.py
[2024-12-20T05:38:20.868+0000] {processor.py:925} INFO - DAG(s) 'example_task_group' retrieved from /home/airflow/.local/lib/python3.12/site-packages/airflow/example_dags/example_task_group.py
[2024-12-20T05:38:20.956+0000] {logging_mixin.py:190} INFO - [2024-12-20T05:38:20.956+0000] {dag.py:3239} INFO - Sync 1 DAGs
[2024-12-20T05:38:21.045+0000] {logging_mixin.py:190} INFO - [2024-12-20T05:38:21.044+0000] {dag.py:4180} INFO - Setting next_dagrun for example_task_group to None, run_after=None
[2024-12-20T05:38:21.118+0000] {processor.py:208} INFO - Processing /home/airflow/.local/lib/python3.12/site-packages/airflow/example_dags/example_task_group.py took 0.335 seconds
[2024-12-20T05:38:51.579+0000] {processor.py:186} INFO - Started process (PID=13727) to work on /home/airflow/.local/lib/python3.12/site-packages/airflow/example_dags/example_task_group.py
[2024-12-20T05:38:51.581+0000] {processor.py:914} INFO - Processing file /home/airflow/.local/lib/python3.12/site-packages/airflow/example_dags/example_task_group.py for tasks to queue
[2024-12-20T05:38:51.585+0000] {logging_mixin.py:190} INFO - [2024-12-20T05:38:51.584+0000] {dagbag.py:588} INFO - Filling up the DagBag from /home/airflow/.local/lib/python3.12/site-packages/airflow/example_dags/example_task_group.py
[2024-12-20T05:38:51.598+0000] {processor.py:925} INFO - DAG(s) 'example_task_group' retrieved from /home/airflow/.local/lib/python3.12/site-packages/airflow/example_dags/example_task_group.py
[2024-12-20T05:38:51.635+0000] {logging_mixin.py:190} INFO - [2024-12-20T05:38:51.635+0000] {dag.py:3239} INFO - Sync 1 DAGs
[2024-12-20T05:38:51.659+0000] {logging_mixin.py:190} INFO - [2024-12-20T05:38:51.659+0000] {dag.py:4180} INFO - Setting next_dagrun for example_task_group to None, run_after=None
[2024-12-20T05:38:51.689+0000] {processor.py:208} INFO - Processing /home/airflow/.local/lib/python3.12/site-packages/airflow/example_dags/example_task_group.py took 0.119 seconds
[2024-12-20T05:39:23.904+0000] {processor.py:186} INFO - Started process (PID=13793) to work on /home/airflow/.local/lib/python3.12/site-packages/airflow/example_dags/example_task_group.py
[2024-12-20T05:39:23.906+0000] {processor.py:914} INFO - Processing file /home/airflow/.local/lib/python3.12/site-packages/airflow/example_dags/example_task_group.py for tasks to queue
[2024-12-20T05:39:23.914+0000] {logging_mixin.py:190} INFO - [2024-12-20T05:39:23.913+0000] {dagbag.py:588} INFO - Filling up the DagBag from /home/airflow/.local/lib/python3.12/site-packages/airflow/example_dags/example_task_group.py
[2024-12-20T05:39:23.941+0000] {processor.py:925} INFO - DAG(s) 'example_task_group' retrieved from /home/airflow/.local/lib/python3.12/site-packages/airflow/example_dags/example_task_group.py
[2024-12-20T05:39:23.998+0000] {logging_mixin.py:190} INFO - [2024-12-20T05:39:23.998+0000] {dag.py:3239} INFO - Sync 1 DAGs
[2024-12-20T05:39:24.038+0000] {logging_mixin.py:190} INFO - [2024-12-20T05:39:24.038+0000] {dag.py:4180} INFO - Setting next_dagrun for example_task_group to None, run_after=None
[2024-12-20T05:39:24.128+0000] {processor.py:208} INFO - Processing /home/airflow/.local/lib/python3.12/site-packages/airflow/example_dags/example_task_group.py took 0.243 seconds
[2024-12-20T05:39:56.062+0000] {processor.py:186} INFO - Started process (PID=13858) to work on /home/airflow/.local/lib/python3.12/site-packages/airflow/example_dags/example_task_group.py
[2024-12-20T05:39:56.066+0000] {processor.py:914} INFO - Processing file /home/airflow/.local/lib/python3.12/site-packages/airflow/example_dags/example_task_group.py for tasks to queue
[2024-12-20T05:39:56.075+0000] {logging_mixin.py:190} INFO - [2024-12-20T05:39:56.074+0000] {dagbag.py:588} INFO - Filling up the DagBag from /home/airflow/.local/lib/python3.12/site-packages/airflow/example_dags/example_task_group.py
[2024-12-20T05:39:56.113+0000] {processor.py:925} INFO - DAG(s) 'example_task_group' retrieved from /home/airflow/.local/lib/python3.12/site-packages/airflow/example_dags/example_task_group.py
[2024-12-20T05:39:56.210+0000] {logging_mixin.py:190} INFO - [2024-12-20T05:39:56.210+0000] {dag.py:3239} INFO - Sync 1 DAGs
[2024-12-20T05:39:56.267+0000] {logging_mixin.py:190} INFO - [2024-12-20T05:39:56.267+0000] {dag.py:4180} INFO - Setting next_dagrun for example_task_group to None, run_after=None
[2024-12-20T05:39:56.370+0000] {processor.py:208} INFO - Processing /home/airflow/.local/lib/python3.12/site-packages/airflow/example_dags/example_task_group.py took 0.332 seconds
[2024-12-20T05:40:28.392+0000] {processor.py:186} INFO - Started process (PID=13926) to work on /home/airflow/.local/lib/python3.12/site-packages/airflow/example_dags/example_task_group.py
[2024-12-20T05:40:28.395+0000] {processor.py:914} INFO - Processing file /home/airflow/.local/lib/python3.12/site-packages/airflow/example_dags/example_task_group.py for tasks to queue
[2024-12-20T05:40:28.402+0000] {logging_mixin.py:190} INFO - [2024-12-20T05:40:28.401+0000] {dagbag.py:588} INFO - Filling up the DagBag from /home/airflow/.local/lib/python3.12/site-packages/airflow/example_dags/example_task_group.py
[2024-12-20T05:40:28.427+0000] {processor.py:925} INFO - DAG(s) 'example_task_group' retrieved from /home/airflow/.local/lib/python3.12/site-packages/airflow/example_dags/example_task_group.py
[2024-12-20T05:40:28.496+0000] {logging_mixin.py:190} INFO - [2024-12-20T05:40:28.495+0000] {dag.py:3239} INFO - Sync 1 DAGs
[2024-12-20T05:40:28.541+0000] {logging_mixin.py:190} INFO - [2024-12-20T05:40:28.541+0000] {dag.py:4180} INFO - Setting next_dagrun for example_task_group to None, run_after=None
[2024-12-20T05:40:28.593+0000] {processor.py:208} INFO - Processing /home/airflow/.local/lib/python3.12/site-packages/airflow/example_dags/example_task_group.py took 0.219 seconds
[2024-12-20T05:41:02.532+0000] {processor.py:186} INFO - Started process (PID=13992) to work on /home/airflow/.local/lib/python3.12/site-packages/airflow/example_dags/example_task_group.py
[2024-12-20T05:41:02.535+0000] {processor.py:914} INFO - Processing file /home/airflow/.local/lib/python3.12/site-packages/airflow/example_dags/example_task_group.py for tasks to queue
[2024-12-20T05:41:02.541+0000] {logging_mixin.py:190} INFO - [2024-12-20T05:41:02.540+0000] {dagbag.py:588} INFO - Filling up the DagBag from /home/airflow/.local/lib/python3.12/site-packages/airflow/example_dags/example_task_group.py
[2024-12-20T05:41:02.563+0000] {processor.py:925} INFO - DAG(s) 'example_task_group' retrieved from /home/airflow/.local/lib/python3.12/site-packages/airflow/example_dags/example_task_group.py
[2024-12-20T05:41:02.612+0000] {logging_mixin.py:190} INFO - [2024-12-20T05:41:02.612+0000] {dag.py:3239} INFO - Sync 1 DAGs
[2024-12-20T05:41:02.648+0000] {logging_mixin.py:190} INFO - [2024-12-20T05:41:02.648+0000] {dag.py:4180} INFO - Setting next_dagrun for example_task_group to None, run_after=None
[2024-12-20T05:41:02.692+0000] {processor.py:208} INFO - Processing /home/airflow/.local/lib/python3.12/site-packages/airflow/example_dags/example_task_group.py took 0.177 seconds
[2024-12-20T05:41:33.569+0000] {processor.py:186} INFO - Started process (PID=14057) to work on /home/airflow/.local/lib/python3.12/site-packages/airflow/example_dags/example_task_group.py
[2024-12-20T05:41:33.571+0000] {processor.py:914} INFO - Processing file /home/airflow/.local/lib/python3.12/site-packages/airflow/example_dags/example_task_group.py for tasks to queue
[2024-12-20T05:41:33.580+0000] {logging_mixin.py:190} INFO - [2024-12-20T05:41:33.579+0000] {dagbag.py:588} INFO - Filling up the DagBag from /home/airflow/.local/lib/python3.12/site-packages/airflow/example_dags/example_task_group.py
[2024-12-20T05:41:33.607+0000] {processor.py:925} INFO - DAG(s) 'example_task_group' retrieved from /home/airflow/.local/lib/python3.12/site-packages/airflow/example_dags/example_task_group.py
[2024-12-20T05:41:33.673+0000] {logging_mixin.py:190} INFO - [2024-12-20T05:41:33.672+0000] {dag.py:3239} INFO - Sync 1 DAGs
[2024-12-20T05:41:33.710+0000] {logging_mixin.py:190} INFO - [2024-12-20T05:41:33.710+0000] {dag.py:4180} INFO - Setting next_dagrun for example_task_group to None, run_after=None
[2024-12-20T05:41:33.778+0000] {processor.py:208} INFO - Processing /home/airflow/.local/lib/python3.12/site-packages/airflow/example_dags/example_task_group.py took 0.224 seconds
[2024-12-20T05:42:05.651+0000] {processor.py:186} INFO - Started process (PID=14129) to work on /home/airflow/.local/lib/python3.12/site-packages/airflow/example_dags/example_task_group.py
[2024-12-20T05:42:05.660+0000] {processor.py:914} INFO - Processing file /home/airflow/.local/lib/python3.12/site-packages/airflow/example_dags/example_task_group.py for tasks to queue
[2024-12-20T05:42:05.673+0000] {logging_mixin.py:190} INFO - [2024-12-20T05:42:05.670+0000] {dagbag.py:588} INFO - Filling up the DagBag from /home/airflow/.local/lib/python3.12/site-packages/airflow/example_dags/example_task_group.py
[2024-12-20T05:42:05.724+0000] {processor.py:925} INFO - DAG(s) 'example_task_group' retrieved from /home/airflow/.local/lib/python3.12/site-packages/airflow/example_dags/example_task_group.py
[2024-12-20T05:42:05.817+0000] {logging_mixin.py:190} INFO - [2024-12-20T05:42:05.816+0000] {dag.py:3239} INFO - Sync 1 DAGs
[2024-12-20T05:42:05.909+0000] {logging_mixin.py:190} INFO - [2024-12-20T05:42:05.908+0000] {dag.py:4180} INFO - Setting next_dagrun for example_task_group to None, run_after=None
[2024-12-20T05:42:06.024+0000] {processor.py:208} INFO - Processing /home/airflow/.local/lib/python3.12/site-packages/airflow/example_dags/example_task_group.py took 0.403 seconds
[2024-12-20T05:42:36.462+0000] {processor.py:186} INFO - Started process (PID=14193) to work on /home/airflow/.local/lib/python3.12/site-packages/airflow/example_dags/example_task_group.py
[2024-12-20T05:42:36.464+0000] {processor.py:914} INFO - Processing file /home/airflow/.local/lib/python3.12/site-packages/airflow/example_dags/example_task_group.py for tasks to queue
[2024-12-20T05:42:36.471+0000] {logging_mixin.py:190} INFO - [2024-12-20T05:42:36.470+0000] {dagbag.py:588} INFO - Filling up the DagBag from /home/airflow/.local/lib/python3.12/site-packages/airflow/example_dags/example_task_group.py
[2024-12-20T05:42:36.502+0000] {processor.py:925} INFO - DAG(s) 'example_task_group' retrieved from /home/airflow/.local/lib/python3.12/site-packages/airflow/example_dags/example_task_group.py
[2024-12-20T05:42:36.569+0000] {logging_mixin.py:190} INFO - [2024-12-20T05:42:36.569+0000] {dag.py:3239} INFO - Sync 1 DAGs
[2024-12-20T05:42:36.625+0000] {logging_mixin.py:190} INFO - [2024-12-20T05:42:36.624+0000] {dag.py:4180} INFO - Setting next_dagrun for example_task_group to None, run_after=None
[2024-12-20T05:42:36.681+0000] {processor.py:208} INFO - Processing /home/airflow/.local/lib/python3.12/site-packages/airflow/example_dags/example_task_group.py took 0.236 seconds
[2024-12-20T05:43:10.495+0000] {processor.py:186} INFO - Started process (PID=14260) to work on /home/airflow/.local/lib/python3.12/site-packages/airflow/example_dags/example_task_group.py
[2024-12-20T05:43:10.498+0000] {processor.py:914} INFO - Processing file /home/airflow/.local/lib/python3.12/site-packages/airflow/example_dags/example_task_group.py for tasks to queue
[2024-12-20T05:43:10.506+0000] {logging_mixin.py:190} INFO - [2024-12-20T05:43:10.505+0000] {dagbag.py:588} INFO - Filling up the DagBag from /home/airflow/.local/lib/python3.12/site-packages/airflow/example_dags/example_task_group.py
[2024-12-20T05:43:10.545+0000] {processor.py:925} INFO - DAG(s) 'example_task_group' retrieved from /home/airflow/.local/lib/python3.12/site-packages/airflow/example_dags/example_task_group.py
[2024-12-20T05:43:10.618+0000] {logging_mixin.py:190} INFO - [2024-12-20T05:43:10.617+0000] {dag.py:3239} INFO - Sync 1 DAGs
[2024-12-20T05:43:10.665+0000] {logging_mixin.py:190} INFO - [2024-12-20T05:43:10.664+0000] {dag.py:4180} INFO - Setting next_dagrun for example_task_group to None, run_after=None
[2024-12-20T05:43:10.711+0000] {processor.py:208} INFO - Processing /home/airflow/.local/lib/python3.12/site-packages/airflow/example_dags/example_task_group.py took 0.238 seconds
[2024-12-20T05:43:41.976+0000] {processor.py:186} INFO - Started process (PID=14325) to work on /home/airflow/.local/lib/python3.12/site-packages/airflow/example_dags/example_task_group.py
[2024-12-20T05:43:41.981+0000] {processor.py:914} INFO - Processing file /home/airflow/.local/lib/python3.12/site-packages/airflow/example_dags/example_task_group.py for tasks to queue
[2024-12-20T05:43:41.998+0000] {logging_mixin.py:190} INFO - [2024-12-20T05:43:41.996+0000] {dagbag.py:588} INFO - Filling up the DagBag from /home/airflow/.local/lib/python3.12/site-packages/airflow/example_dags/example_task_group.py
[2024-12-20T05:43:42.068+0000] {processor.py:925} INFO - DAG(s) 'example_task_group' retrieved from /home/airflow/.local/lib/python3.12/site-packages/airflow/example_dags/example_task_group.py
[2024-12-20T05:43:42.172+0000] {logging_mixin.py:190} INFO - [2024-12-20T05:43:42.171+0000] {dag.py:3239} INFO - Sync 1 DAGs
[2024-12-20T05:43:42.237+0000] {logging_mixin.py:190} INFO - [2024-12-20T05:43:42.237+0000] {dag.py:4180} INFO - Setting next_dagrun for example_task_group to None, run_after=None
[2024-12-20T05:43:42.347+0000] {processor.py:208} INFO - Processing /home/airflow/.local/lib/python3.12/site-packages/airflow/example_dags/example_task_group.py took 0.424 seconds
[2024-12-20T05:44:13.168+0000] {processor.py:186} INFO - Started process (PID=14389) to work on /home/airflow/.local/lib/python3.12/site-packages/airflow/example_dags/example_task_group.py
[2024-12-20T05:44:13.171+0000] {processor.py:914} INFO - Processing file /home/airflow/.local/lib/python3.12/site-packages/airflow/example_dags/example_task_group.py for tasks to queue
[2024-12-20T05:44:13.181+0000] {logging_mixin.py:190} INFO - [2024-12-20T05:44:13.180+0000] {dagbag.py:588} INFO - Filling up the DagBag from /home/airflow/.local/lib/python3.12/site-packages/airflow/example_dags/example_task_group.py
[2024-12-20T05:44:13.216+0000] {processor.py:925} INFO - DAG(s) 'example_task_group' retrieved from /home/airflow/.local/lib/python3.12/site-packages/airflow/example_dags/example_task_group.py
[2024-12-20T05:44:13.290+0000] {logging_mixin.py:190} INFO - [2024-12-20T05:44:13.290+0000] {dag.py:3239} INFO - Sync 1 DAGs
[2024-12-20T05:44:13.339+0000] {logging_mixin.py:190} INFO - [2024-12-20T05:44:13.338+0000] {dag.py:4180} INFO - Setting next_dagrun for example_task_group to None, run_after=None
[2024-12-20T05:44:13.404+0000] {processor.py:208} INFO - Processing /home/airflow/.local/lib/python3.12/site-packages/airflow/example_dags/example_task_group.py took 0.262 seconds
[2024-12-20T05:44:43.806+0000] {processor.py:186} INFO - Started process (PID=14454) to work on /home/airflow/.local/lib/python3.12/site-packages/airflow/example_dags/example_task_group.py
[2024-12-20T05:44:43.808+0000] {processor.py:914} INFO - Processing file /home/airflow/.local/lib/python3.12/site-packages/airflow/example_dags/example_task_group.py for tasks to queue
[2024-12-20T05:44:43.817+0000] {logging_mixin.py:190} INFO - [2024-12-20T05:44:43.816+0000] {dagbag.py:588} INFO - Filling up the DagBag from /home/airflow/.local/lib/python3.12/site-packages/airflow/example_dags/example_task_group.py
[2024-12-20T05:44:43.844+0000] {processor.py:925} INFO - DAG(s) 'example_task_group' retrieved from /home/airflow/.local/lib/python3.12/site-packages/airflow/example_dags/example_task_group.py
[2024-12-20T05:44:43.909+0000] {logging_mixin.py:190} INFO - [2024-12-20T05:44:43.908+0000] {dag.py:3239} INFO - Sync 1 DAGs
[2024-12-20T05:44:43.968+0000] {logging_mixin.py:190} INFO - [2024-12-20T05:44:43.967+0000] {dag.py:4180} INFO - Setting next_dagrun for example_task_group to None, run_after=None
[2024-12-20T05:44:44.038+0000] {processor.py:208} INFO - Processing /home/airflow/.local/lib/python3.12/site-packages/airflow/example_dags/example_task_group.py took 0.250 seconds
[2024-12-20T05:45:14.470+0000] {processor.py:186} INFO - Started process (PID=14519) to work on /home/airflow/.local/lib/python3.12/site-packages/airflow/example_dags/example_task_group.py
[2024-12-20T05:45:14.473+0000] {processor.py:914} INFO - Processing file /home/airflow/.local/lib/python3.12/site-packages/airflow/example_dags/example_task_group.py for tasks to queue
[2024-12-20T05:45:14.481+0000] {logging_mixin.py:190} INFO - [2024-12-20T05:45:14.480+0000] {dagbag.py:588} INFO - Filling up the DagBag from /home/airflow/.local/lib/python3.12/site-packages/airflow/example_dags/example_task_group.py
[2024-12-20T05:45:14.510+0000] {processor.py:925} INFO - DAG(s) 'example_task_group' retrieved from /home/airflow/.local/lib/python3.12/site-packages/airflow/example_dags/example_task_group.py
[2024-12-20T05:45:14.582+0000] {logging_mixin.py:190} INFO - [2024-12-20T05:45:14.581+0000] {dag.py:3239} INFO - Sync 1 DAGs
[2024-12-20T05:45:14.634+0000] {logging_mixin.py:190} INFO - [2024-12-20T05:45:14.633+0000] {dag.py:4180} INFO - Setting next_dagrun for example_task_group to None, run_after=None
[2024-12-20T05:45:14.687+0000] {processor.py:208} INFO - Processing /home/airflow/.local/lib/python3.12/site-packages/airflow/example_dags/example_task_group.py took 0.238 seconds
[2024-12-20T05:45:45.370+0000] {processor.py:186} INFO - Started process (PID=14583) to work on /home/airflow/.local/lib/python3.12/site-packages/airflow/example_dags/example_task_group.py
[2024-12-20T05:45:45.372+0000] {processor.py:914} INFO - Processing file /home/airflow/.local/lib/python3.12/site-packages/airflow/example_dags/example_task_group.py for tasks to queue
[2024-12-20T05:45:45.375+0000] {logging_mixin.py:190} INFO - [2024-12-20T05:45:45.375+0000] {dagbag.py:588} INFO - Filling up the DagBag from /home/airflow/.local/lib/python3.12/site-packages/airflow/example_dags/example_task_group.py
[2024-12-20T05:45:45.395+0000] {processor.py:925} INFO - DAG(s) 'example_task_group' retrieved from /home/airflow/.local/lib/python3.12/site-packages/airflow/example_dags/example_task_group.py
[2024-12-20T05:45:45.437+0000] {logging_mixin.py:190} INFO - [2024-12-20T05:45:45.437+0000] {dag.py:3239} INFO - Sync 1 DAGs
[2024-12-20T05:45:45.465+0000] {logging_mixin.py:190} INFO - [2024-12-20T05:45:45.465+0000] {dag.py:4180} INFO - Setting next_dagrun for example_task_group to None, run_after=None
[2024-12-20T05:45:45.496+0000] {processor.py:208} INFO - Processing /home/airflow/.local/lib/python3.12/site-packages/airflow/example_dags/example_task_group.py took 0.134 seconds
[2024-12-20T05:46:16.241+0000] {processor.py:186} INFO - Started process (PID=14648) to work on /home/airflow/.local/lib/python3.12/site-packages/airflow/example_dags/example_task_group.py
[2024-12-20T05:46:16.244+0000] {processor.py:914} INFO - Processing file /home/airflow/.local/lib/python3.12/site-packages/airflow/example_dags/example_task_group.py for tasks to queue
[2024-12-20T05:46:16.250+0000] {logging_mixin.py:190} INFO - [2024-12-20T05:46:16.249+0000] {dagbag.py:588} INFO - Filling up the DagBag from /home/airflow/.local/lib/python3.12/site-packages/airflow/example_dags/example_task_group.py
[2024-12-20T05:46:16.274+0000] {processor.py:925} INFO - DAG(s) 'example_task_group' retrieved from /home/airflow/.local/lib/python3.12/site-packages/airflow/example_dags/example_task_group.py
[2024-12-20T05:46:16.327+0000] {logging_mixin.py:190} INFO - [2024-12-20T05:46:16.326+0000] {dag.py:3239} INFO - Sync 1 DAGs
[2024-12-20T05:46:16.365+0000] {logging_mixin.py:190} INFO - [2024-12-20T05:46:16.364+0000] {dag.py:4180} INFO - Setting next_dagrun for example_task_group to None, run_after=None
[2024-12-20T05:46:16.449+0000] {processor.py:208} INFO - Processing /home/airflow/.local/lib/python3.12/site-packages/airflow/example_dags/example_task_group.py took 0.223 seconds
[2024-12-20T05:46:46.648+0000] {processor.py:186} INFO - Started process (PID=14713) to work on /home/airflow/.local/lib/python3.12/site-packages/airflow/example_dags/example_task_group.py
[2024-12-20T05:46:46.651+0000] {processor.py:914} INFO - Processing file /home/airflow/.local/lib/python3.12/site-packages/airflow/example_dags/example_task_group.py for tasks to queue
[2024-12-20T05:46:46.663+0000] {logging_mixin.py:190} INFO - [2024-12-20T05:46:46.661+0000] {dagbag.py:588} INFO - Filling up the DagBag from /home/airflow/.local/lib/python3.12/site-packages/airflow/example_dags/example_task_group.py
[2024-12-20T05:46:46.697+0000] {processor.py:925} INFO - DAG(s) 'example_task_group' retrieved from /home/airflow/.local/lib/python3.12/site-packages/airflow/example_dags/example_task_group.py
[2024-12-20T05:46:46.747+0000] {logging_mixin.py:190} INFO - [2024-12-20T05:46:46.747+0000] {dag.py:3239} INFO - Sync 1 DAGs
[2024-12-20T05:46:46.776+0000] {logging_mixin.py:190} INFO - [2024-12-20T05:46:46.776+0000] {dag.py:4180} INFO - Setting next_dagrun for example_task_group to None, run_after=None
[2024-12-20T05:46:46.846+0000] {processor.py:208} INFO - Processing /home/airflow/.local/lib/python3.12/site-packages/airflow/example_dags/example_task_group.py took 0.221 seconds
[2024-12-20T05:47:17.687+0000] {processor.py:186} INFO - Started process (PID=14778) to work on /home/airflow/.local/lib/python3.12/site-packages/airflow/example_dags/example_task_group.py
[2024-12-20T05:47:17.690+0000] {processor.py:914} INFO - Processing file /home/airflow/.local/lib/python3.12/site-packages/airflow/example_dags/example_task_group.py for tasks to queue
[2024-12-20T05:47:17.698+0000] {logging_mixin.py:190} INFO - [2024-12-20T05:47:17.697+0000] {dagbag.py:588} INFO - Filling up the DagBag from /home/airflow/.local/lib/python3.12/site-packages/airflow/example_dags/example_task_group.py
[2024-12-20T05:47:17.729+0000] {processor.py:925} INFO - DAG(s) 'example_task_group' retrieved from /home/airflow/.local/lib/python3.12/site-packages/airflow/example_dags/example_task_group.py
[2024-12-20T05:47:17.802+0000] {logging_mixin.py:190} INFO - [2024-12-20T05:47:17.801+0000] {dag.py:3239} INFO - Sync 1 DAGs
[2024-12-20T05:47:17.848+0000] {logging_mixin.py:190} INFO - [2024-12-20T05:47:17.848+0000] {dag.py:4180} INFO - Setting next_dagrun for example_task_group to None, run_after=None
[2024-12-20T05:47:17.909+0000] {processor.py:208} INFO - Processing /home/airflow/.local/lib/python3.12/site-packages/airflow/example_dags/example_task_group.py took 0.242 seconds
[2024-12-20T05:47:56.917+0000] {processor.py:186} INFO - Started process (PID=14849) to work on /home/airflow/.local/lib/python3.12/site-packages/airflow/example_dags/example_task_group.py
[2024-12-20T05:47:56.934+0000] {processor.py:914} INFO - Processing file /home/airflow/.local/lib/python3.12/site-packages/airflow/example_dags/example_task_group.py for tasks to queue
[2024-12-20T05:47:56.955+0000] {logging_mixin.py:190} INFO - [2024-12-20T05:47:56.954+0000] {dagbag.py:588} INFO - Filling up the DagBag from /home/airflow/.local/lib/python3.12/site-packages/airflow/example_dags/example_task_group.py
[2024-12-20T05:47:57.067+0000] {processor.py:925} INFO - DAG(s) 'example_task_group' retrieved from /home/airflow/.local/lib/python3.12/site-packages/airflow/example_dags/example_task_group.py
[2024-12-20T05:47:57.258+0000] {logging_mixin.py:190} INFO - [2024-12-20T05:47:57.253+0000] {dag.py:3239} INFO - Sync 1 DAGs
[2024-12-20T05:47:57.474+0000] {logging_mixin.py:190} INFO - [2024-12-20T05:47:57.473+0000] {dag.py:4180} INFO - Setting next_dagrun for example_task_group to None, run_after=None
[2024-12-20T05:47:57.660+0000] {processor.py:208} INFO - Processing /home/airflow/.local/lib/python3.12/site-packages/airflow/example_dags/example_task_group.py took 0.826 seconds
[2024-12-20T09:18:37.644+0000] {processor.py:186} INFO - Started process (PID=77) to work on /home/airflow/.local/lib/python3.12/site-packages/airflow/example_dags/example_task_group.py
[2024-12-20T09:18:37.658+0000] {processor.py:914} INFO - Processing file /home/airflow/.local/lib/python3.12/site-packages/airflow/example_dags/example_task_group.py for tasks to queue
[2024-12-20T09:18:37.680+0000] {logging_mixin.py:190} INFO - [2024-12-20T09:18:37.678+0000] {dagbag.py:588} INFO - Filling up the DagBag from /home/airflow/.local/lib/python3.12/site-packages/airflow/example_dags/example_task_group.py
[2024-12-20T09:18:37.818+0000] {processor.py:925} INFO - DAG(s) 'example_task_group' retrieved from /home/airflow/.local/lib/python3.12/site-packages/airflow/example_dags/example_task_group.py
[2024-12-20T09:18:38.193+0000] {logging_mixin.py:190} INFO - [2024-12-20T09:18:38.192+0000] {dag.py:3239} INFO - Sync 1 DAGs
[2024-12-20T09:18:38.412+0000] {logging_mixin.py:190} INFO - [2024-12-20T09:18:38.410+0000] {dag.py:4180} INFO - Setting next_dagrun for example_task_group to None, run_after=None
[2024-12-20T09:18:38.700+0000] {processor.py:208} INFO - Processing /home/airflow/.local/lib/python3.12/site-packages/airflow/example_dags/example_task_group.py took 1.123 seconds
[2024-12-20T09:19:14.223+0000] {processor.py:186} INFO - Started process (PID=142) to work on /home/airflow/.local/lib/python3.12/site-packages/airflow/example_dags/example_task_group.py
[2024-12-20T09:19:14.227+0000] {processor.py:914} INFO - Processing file /home/airflow/.local/lib/python3.12/site-packages/airflow/example_dags/example_task_group.py for tasks to queue
[2024-12-20T09:19:14.242+0000] {logging_mixin.py:190} INFO - [2024-12-20T09:19:14.239+0000] {dagbag.py:588} INFO - Filling up the DagBag from /home/airflow/.local/lib/python3.12/site-packages/airflow/example_dags/example_task_group.py
[2024-12-20T09:19:14.271+0000] {processor.py:925} INFO - DAG(s) 'example_task_group' retrieved from /home/airflow/.local/lib/python3.12/site-packages/airflow/example_dags/example_task_group.py
[2024-12-20T09:19:14.341+0000] {logging_mixin.py:190} INFO - [2024-12-20T09:19:14.340+0000] {dag.py:3239} INFO - Sync 1 DAGs
[2024-12-20T09:19:14.396+0000] {logging_mixin.py:190} INFO - [2024-12-20T09:19:14.395+0000] {dag.py:4180} INFO - Setting next_dagrun for example_task_group to None, run_after=None
[2024-12-20T09:19:14.451+0000] {processor.py:208} INFO - Processing /home/airflow/.local/lib/python3.12/site-packages/airflow/example_dags/example_task_group.py took 0.252 seconds
[2024-12-20T09:19:54.414+0000] {processor.py:186} INFO - Started process (PID=206) to work on /home/airflow/.local/lib/python3.12/site-packages/airflow/example_dags/example_task_group.py
[2024-12-20T09:19:54.421+0000] {processor.py:914} INFO - Processing file /home/airflow/.local/lib/python3.12/site-packages/airflow/example_dags/example_task_group.py for tasks to queue
[2024-12-20T09:19:54.430+0000] {logging_mixin.py:190} INFO - [2024-12-20T09:19:54.428+0000] {dagbag.py:588} INFO - Filling up the DagBag from /home/airflow/.local/lib/python3.12/site-packages/airflow/example_dags/example_task_group.py
[2024-12-20T09:19:54.512+0000] {processor.py:925} INFO - DAG(s) 'example_task_group' retrieved from /home/airflow/.local/lib/python3.12/site-packages/airflow/example_dags/example_task_group.py
[2024-12-20T09:19:54.703+0000] {logging_mixin.py:190} INFO - [2024-12-20T09:19:54.702+0000] {dag.py:3239} INFO - Sync 1 DAGs
[2024-12-20T09:19:54.819+0000] {logging_mixin.py:190} INFO - [2024-12-20T09:19:54.818+0000] {dag.py:4180} INFO - Setting next_dagrun for example_task_group to None, run_after=None
[2024-12-20T09:19:54.933+0000] {processor.py:208} INFO - Processing /home/airflow/.local/lib/python3.12/site-packages/airflow/example_dags/example_task_group.py took 0.572 seconds
[2024-12-20T09:20:37.147+0000] {processor.py:186} INFO - Started process (PID=284) to work on /home/airflow/.local/lib/python3.12/site-packages/airflow/example_dags/example_task_group.py
[2024-12-20T09:20:37.163+0000] {processor.py:914} INFO - Processing file /home/airflow/.local/lib/python3.12/site-packages/airflow/example_dags/example_task_group.py for tasks to queue
[2024-12-20T09:20:37.180+0000] {logging_mixin.py:190} INFO - [2024-12-20T09:20:37.179+0000] {dagbag.py:588} INFO - Filling up the DagBag from /home/airflow/.local/lib/python3.12/site-packages/airflow/example_dags/example_task_group.py
[2024-12-20T09:20:37.258+0000] {processor.py:925} INFO - DAG(s) 'example_task_group' retrieved from /home/airflow/.local/lib/python3.12/site-packages/airflow/example_dags/example_task_group.py
[2024-12-20T09:20:37.413+0000] {logging_mixin.py:190} INFO - [2024-12-20T09:20:37.412+0000] {dag.py:3239} INFO - Sync 1 DAGs
[2024-12-20T09:20:37.549+0000] {logging_mixin.py:190} INFO - [2024-12-20T09:20:37.548+0000] {dag.py:4180} INFO - Setting next_dagrun for example_task_group to None, run_after=None
[2024-12-20T09:20:37.746+0000] {processor.py:208} INFO - Processing /home/airflow/.local/lib/python3.12/site-packages/airflow/example_dags/example_task_group.py took 0.656 seconds
[2024-12-20T09:21:24.394+0000] {processor.py:186} INFO - Started process (PID=356) to work on /home/airflow/.local/lib/python3.12/site-packages/airflow/example_dags/example_task_group.py
[2024-12-20T09:21:24.409+0000] {processor.py:914} INFO - Processing file /home/airflow/.local/lib/python3.12/site-packages/airflow/example_dags/example_task_group.py for tasks to queue
[2024-12-20T09:21:24.424+0000] {logging_mixin.py:190} INFO - [2024-12-20T09:21:24.423+0000] {dagbag.py:588} INFO - Filling up the DagBag from /home/airflow/.local/lib/python3.12/site-packages/airflow/example_dags/example_task_group.py
[2024-12-20T09:21:24.509+0000] {processor.py:925} INFO - DAG(s) 'example_task_group' retrieved from /home/airflow/.local/lib/python3.12/site-packages/airflow/example_dags/example_task_group.py
[2024-12-20T09:21:24.685+0000] {logging_mixin.py:190} INFO - [2024-12-20T09:21:24.678+0000] {dag.py:3239} INFO - Sync 1 DAGs
[2024-12-20T09:21:24.792+0000] {logging_mixin.py:190} INFO - [2024-12-20T09:21:24.791+0000] {dag.py:4180} INFO - Setting next_dagrun for example_task_group to None, run_after=None
[2024-12-20T09:21:25.010+0000] {processor.py:208} INFO - Processing /home/airflow/.local/lib/python3.12/site-packages/airflow/example_dags/example_task_group.py took 0.668 seconds
[2024-12-20T09:22:22.779+0000] {processor.py:186} INFO - Started process (PID=441) to work on /home/airflow/.local/lib/python3.12/site-packages/airflow/example_dags/example_task_group.py
[2024-12-20T09:22:22.797+0000] {processor.py:914} INFO - Processing file /home/airflow/.local/lib/python3.12/site-packages/airflow/example_dags/example_task_group.py for tasks to queue
[2024-12-20T09:22:22.833+0000] {logging_mixin.py:190} INFO - [2024-12-20T09:22:22.832+0000] {dagbag.py:588} INFO - Filling up the DagBag from /home/airflow/.local/lib/python3.12/site-packages/airflow/example_dags/example_task_group.py
[2024-12-20T09:22:23.020+0000] {processor.py:925} INFO - DAG(s) 'example_task_group' retrieved from /home/airflow/.local/lib/python3.12/site-packages/airflow/example_dags/example_task_group.py
[2024-12-20T09:22:23.356+0000] {logging_mixin.py:190} INFO - [2024-12-20T09:22:23.355+0000] {dag.py:3239} INFO - Sync 1 DAGs
[2024-12-20T09:22:23.636+0000] {logging_mixin.py:190} INFO - [2024-12-20T09:22:23.635+0000] {dag.py:4180} INFO - Setting next_dagrun for example_task_group to None, run_after=None
[2024-12-20T09:22:23.970+0000] {processor.py:208} INFO - Processing /home/airflow/.local/lib/python3.12/site-packages/airflow/example_dags/example_task_group.py took 1.233 seconds
[2024-12-20T09:23:12.633+0000] {processor.py:186} INFO - Started process (PID=512) to work on /home/airflow/.local/lib/python3.12/site-packages/airflow/example_dags/example_task_group.py
[2024-12-20T09:23:12.638+0000] {processor.py:914} INFO - Processing file /home/airflow/.local/lib/python3.12/site-packages/airflow/example_dags/example_task_group.py for tasks to queue
[2024-12-20T09:23:12.644+0000] {logging_mixin.py:190} INFO - [2024-12-20T09:23:12.642+0000] {dagbag.py:588} INFO - Filling up the DagBag from /home/airflow/.local/lib/python3.12/site-packages/airflow/example_dags/example_task_group.py
[2024-12-20T09:23:12.686+0000] {processor.py:925} INFO - DAG(s) 'example_task_group' retrieved from /home/airflow/.local/lib/python3.12/site-packages/airflow/example_dags/example_task_group.py
[2024-12-20T09:23:12.775+0000] {logging_mixin.py:190} INFO - [2024-12-20T09:23:12.774+0000] {dag.py:3239} INFO - Sync 1 DAGs
[2024-12-20T09:23:12.848+0000] {logging_mixin.py:190} INFO - [2024-12-20T09:23:12.847+0000] {dag.py:4180} INFO - Setting next_dagrun for example_task_group to None, run_after=None
[2024-12-20T09:23:12.931+0000] {processor.py:208} INFO - Processing /home/airflow/.local/lib/python3.12/site-packages/airflow/example_dags/example_task_group.py took 0.322 seconds
[2024-12-20T09:23:44.730+0000] {processor.py:186} INFO - Started process (PID=578) to work on /home/airflow/.local/lib/python3.12/site-packages/airflow/example_dags/example_task_group.py
[2024-12-20T09:23:44.732+0000] {processor.py:914} INFO - Processing file /home/airflow/.local/lib/python3.12/site-packages/airflow/example_dags/example_task_group.py for tasks to queue
[2024-12-20T09:23:44.736+0000] {logging_mixin.py:190} INFO - [2024-12-20T09:23:44.735+0000] {dagbag.py:588} INFO - Filling up the DagBag from /home/airflow/.local/lib/python3.12/site-packages/airflow/example_dags/example_task_group.py
[2024-12-20T09:23:44.763+0000] {processor.py:925} INFO - DAG(s) 'example_task_group' retrieved from /home/airflow/.local/lib/python3.12/site-packages/airflow/example_dags/example_task_group.py
[2024-12-20T09:23:44.879+0000] {logging_mixin.py:190} INFO - [2024-12-20T09:23:44.878+0000] {dag.py:3239} INFO - Sync 1 DAGs
[2024-12-20T09:23:44.972+0000] {logging_mixin.py:190} INFO - [2024-12-20T09:23:44.971+0000] {dag.py:4180} INFO - Setting next_dagrun for example_task_group to None, run_after=None
[2024-12-20T09:23:45.102+0000] {processor.py:208} INFO - Processing /home/airflow/.local/lib/python3.12/site-packages/airflow/example_dags/example_task_group.py took 0.394 seconds
[2024-12-20T09:24:15.652+0000] {processor.py:186} INFO - Started process (PID=644) to work on /home/airflow/.local/lib/python3.12/site-packages/airflow/example_dags/example_task_group.py
[2024-12-20T09:24:15.656+0000] {processor.py:914} INFO - Processing file /home/airflow/.local/lib/python3.12/site-packages/airflow/example_dags/example_task_group.py for tasks to queue
[2024-12-20T09:24:15.659+0000] {logging_mixin.py:190} INFO - [2024-12-20T09:24:15.658+0000] {dagbag.py:588} INFO - Filling up the DagBag from /home/airflow/.local/lib/python3.12/site-packages/airflow/example_dags/example_task_group.py
[2024-12-20T09:24:15.690+0000] {processor.py:925} INFO - DAG(s) 'example_task_group' retrieved from /home/airflow/.local/lib/python3.12/site-packages/airflow/example_dags/example_task_group.py
[2024-12-20T09:24:15.748+0000] {logging_mixin.py:190} INFO - [2024-12-20T09:24:15.748+0000] {dag.py:3239} INFO - Sync 1 DAGs
[2024-12-20T09:24:15.810+0000] {logging_mixin.py:190} INFO - [2024-12-20T09:24:15.810+0000] {dag.py:4180} INFO - Setting next_dagrun for example_task_group to None, run_after=None
[2024-12-20T09:24:15.882+0000] {processor.py:208} INFO - Processing /home/airflow/.local/lib/python3.12/site-packages/airflow/example_dags/example_task_group.py took 0.246 seconds
[2024-12-20T09:24:47.953+0000] {processor.py:186} INFO - Started process (PID=709) to work on /home/airflow/.local/lib/python3.12/site-packages/airflow/example_dags/example_task_group.py
[2024-12-20T09:24:47.961+0000] {processor.py:914} INFO - Processing file /home/airflow/.local/lib/python3.12/site-packages/airflow/example_dags/example_task_group.py for tasks to queue
[2024-12-20T09:24:47.969+0000] {logging_mixin.py:190} INFO - [2024-12-20T09:24:47.968+0000] {dagbag.py:588} INFO - Filling up the DagBag from /home/airflow/.local/lib/python3.12/site-packages/airflow/example_dags/example_task_group.py
[2024-12-20T09:24:48.020+0000] {processor.py:925} INFO - DAG(s) 'example_task_group' retrieved from /home/airflow/.local/lib/python3.12/site-packages/airflow/example_dags/example_task_group.py
[2024-12-20T09:24:48.143+0000] {logging_mixin.py:190} INFO - [2024-12-20T09:24:48.142+0000] {dag.py:3239} INFO - Sync 1 DAGs
[2024-12-20T09:24:48.298+0000] {logging_mixin.py:190} INFO - [2024-12-20T09:24:48.296+0000] {dag.py:4180} INFO - Setting next_dagrun for example_task_group to None, run_after=None
[2024-12-20T09:24:48.462+0000] {processor.py:208} INFO - Processing /home/airflow/.local/lib/python3.12/site-packages/airflow/example_dags/example_task_group.py took 0.547 seconds
