[2024-12-20T05:28:11.777+0000] {processor.py:186} INFO - Started process (PID=12475) to work on /home/airflow/.local/lib/python3.12/site-packages/airflow/example_dags/example_branch_operator_decorator.py
[2024-12-20T05:28:11.793+0000] {processor.py:914} INFO - Processing file /home/airflow/.local/lib/python3.12/site-packages/airflow/example_dags/example_branch_operator_decorator.py for tasks to queue
[2024-12-20T05:28:11.827+0000] {logging_mixin.py:190} INFO - [2024-12-20T05:28:11.825+0000] {dagbag.py:588} INFO - Filling up the DagBag from /home/airflow/.local/lib/python3.12/site-packages/airflow/example_dags/example_branch_operator_decorator.py
[2024-12-20T05:28:12.209+0000] {processor.py:925} INFO - DAG(s) 'example_branch_python_operator_decorator' retrieved from /home/airflow/.local/lib/python3.12/site-packages/airflow/example_dags/example_branch_operator_decorator.py
[2024-12-20T05:28:12.518+0000] {logging_mixin.py:190} INFO - [2024-12-20T05:28:12.517+0000] {dag.py:3239} INFO - Sync 1 DAGs
[2024-12-20T05:28:12.952+0000] {logging_mixin.py:190} INFO - [2024-12-20T05:28:12.939+0000] {dag.py:4180} INFO - Setting next_dagrun for example_branch_python_operator_decorator to 2024-12-19 00:00:00+00:00, run_after=2024-12-20 00:00:00+00:00
[2024-12-20T05:28:13.293+0000] {processor.py:208} INFO - Processing /home/airflow/.local/lib/python3.12/site-packages/airflow/example_dags/example_branch_operator_decorator.py took 1.617 seconds
[2024-12-20T05:29:07.612+0000] {processor.py:186} INFO - Started process (PID=12541) to work on /home/airflow/.local/lib/python3.12/site-packages/airflow/example_dags/example_branch_operator_decorator.py
[2024-12-20T05:29:07.626+0000] {processor.py:914} INFO - Processing file /home/airflow/.local/lib/python3.12/site-packages/airflow/example_dags/example_branch_operator_decorator.py for tasks to queue
[2024-12-20T05:29:07.637+0000] {logging_mixin.py:190} INFO - [2024-12-20T05:29:07.636+0000] {dagbag.py:588} INFO - Filling up the DagBag from /home/airflow/.local/lib/python3.12/site-packages/airflow/example_dags/example_branch_operator_decorator.py
[2024-12-20T05:29:07.800+0000] {processor.py:925} INFO - DAG(s) 'example_branch_python_operator_decorator' retrieved from /home/airflow/.local/lib/python3.12/site-packages/airflow/example_dags/example_branch_operator_decorator.py
[2024-12-20T05:29:07.990+0000] {logging_mixin.py:190} INFO - [2024-12-20T05:29:07.989+0000] {dag.py:3239} INFO - Sync 1 DAGs
[2024-12-20T05:29:08.132+0000] {logging_mixin.py:190} INFO - [2024-12-20T05:29:08.130+0000] {dag.py:4180} INFO - Setting next_dagrun for example_branch_python_operator_decorator to 2024-12-19 00:00:00+00:00, run_after=2024-12-20 00:00:00+00:00
[2024-12-20T05:29:08.202+0000] {processor.py:208} INFO - Processing /home/airflow/.local/lib/python3.12/site-packages/airflow/example_dags/example_branch_operator_decorator.py took 0.660 seconds
[2024-12-20T05:29:40.200+0000] {processor.py:186} INFO - Started process (PID=12606) to work on /home/airflow/.local/lib/python3.12/site-packages/airflow/example_dags/example_branch_operator_decorator.py
[2024-12-20T05:29:40.212+0000] {processor.py:914} INFO - Processing file /home/airflow/.local/lib/python3.12/site-packages/airflow/example_dags/example_branch_operator_decorator.py for tasks to queue
[2024-12-20T05:29:40.224+0000] {logging_mixin.py:190} INFO - [2024-12-20T05:29:40.223+0000] {dagbag.py:588} INFO - Filling up the DagBag from /home/airflow/.local/lib/python3.12/site-packages/airflow/example_dags/example_branch_operator_decorator.py
[2024-12-20T05:29:40.356+0000] {processor.py:925} INFO - DAG(s) 'example_branch_python_operator_decorator' retrieved from /home/airflow/.local/lib/python3.12/site-packages/airflow/example_dags/example_branch_operator_decorator.py
[2024-12-20T05:29:40.554+0000] {logging_mixin.py:190} INFO - [2024-12-20T05:29:40.553+0000] {dag.py:3239} INFO - Sync 1 DAGs
[2024-12-20T05:29:40.703+0000] {logging_mixin.py:190} INFO - [2024-12-20T05:29:40.702+0000] {dag.py:4180} INFO - Setting next_dagrun for example_branch_python_operator_decorator to 2024-12-19 00:00:00+00:00, run_after=2024-12-20 00:00:00+00:00
[2024-12-20T05:29:40.791+0000] {processor.py:208} INFO - Processing /home/airflow/.local/lib/python3.12/site-packages/airflow/example_dags/example_branch_operator_decorator.py took 0.618 seconds
[2024-12-20T05:30:12.593+0000] {processor.py:186} INFO - Started process (PID=12672) to work on /home/airflow/.local/lib/python3.12/site-packages/airflow/example_dags/example_branch_operator_decorator.py
[2024-12-20T05:30:12.597+0000] {processor.py:914} INFO - Processing file /home/airflow/.local/lib/python3.12/site-packages/airflow/example_dags/example_branch_operator_decorator.py for tasks to queue
[2024-12-20T05:30:12.618+0000] {logging_mixin.py:190} INFO - [2024-12-20T05:30:12.615+0000] {dagbag.py:588} INFO - Filling up the DagBag from /home/airflow/.local/lib/python3.12/site-packages/airflow/example_dags/example_branch_operator_decorator.py
[2024-12-20T05:30:12.749+0000] {processor.py:925} INFO - DAG(s) 'example_branch_python_operator_decorator' retrieved from /home/airflow/.local/lib/python3.12/site-packages/airflow/example_dags/example_branch_operator_decorator.py
[2024-12-20T05:30:12.912+0000] {logging_mixin.py:190} INFO - [2024-12-20T05:30:12.911+0000] {dag.py:3239} INFO - Sync 1 DAGs
[2024-12-20T05:30:13.043+0000] {logging_mixin.py:190} INFO - [2024-12-20T05:30:13.042+0000] {dag.py:4180} INFO - Setting next_dagrun for example_branch_python_operator_decorator to 2024-12-19 00:00:00+00:00, run_after=2024-12-20 00:00:00+00:00
[2024-12-20T05:30:13.148+0000] {processor.py:208} INFO - Processing /home/airflow/.local/lib/python3.12/site-packages/airflow/example_dags/example_branch_operator_decorator.py took 0.578 seconds
[2024-12-20T05:30:44.799+0000] {processor.py:186} INFO - Started process (PID=12737) to work on /home/airflow/.local/lib/python3.12/site-packages/airflow/example_dags/example_branch_operator_decorator.py
[2024-12-20T05:30:44.801+0000] {processor.py:914} INFO - Processing file /home/airflow/.local/lib/python3.12/site-packages/airflow/example_dags/example_branch_operator_decorator.py for tasks to queue
[2024-12-20T05:30:44.807+0000] {logging_mixin.py:190} INFO - [2024-12-20T05:30:44.807+0000] {dagbag.py:588} INFO - Filling up the DagBag from /home/airflow/.local/lib/python3.12/site-packages/airflow/example_dags/example_branch_operator_decorator.py
[2024-12-20T05:30:44.868+0000] {processor.py:925} INFO - DAG(s) 'example_branch_python_operator_decorator' retrieved from /home/airflow/.local/lib/python3.12/site-packages/airflow/example_dags/example_branch_operator_decorator.py
[2024-12-20T05:30:44.942+0000] {logging_mixin.py:190} INFO - [2024-12-20T05:30:44.940+0000] {dag.py:3239} INFO - Sync 1 DAGs
[2024-12-20T05:30:45.086+0000] {logging_mixin.py:190} INFO - [2024-12-20T05:30:45.085+0000] {dag.py:4180} INFO - Setting next_dagrun for example_branch_python_operator_decorator to 2024-12-19 00:00:00+00:00, run_after=2024-12-20 00:00:00+00:00
[2024-12-20T05:30:45.165+0000] {processor.py:208} INFO - Processing /home/airflow/.local/lib/python3.12/site-packages/airflow/example_dags/example_branch_operator_decorator.py took 0.385 seconds
[2024-12-20T05:31:16.968+0000] {processor.py:186} INFO - Started process (PID=12802) to work on /home/airflow/.local/lib/python3.12/site-packages/airflow/example_dags/example_branch_operator_decorator.py
[2024-12-20T05:31:16.971+0000] {processor.py:914} INFO - Processing file /home/airflow/.local/lib/python3.12/site-packages/airflow/example_dags/example_branch_operator_decorator.py for tasks to queue
[2024-12-20T05:31:16.980+0000] {logging_mixin.py:190} INFO - [2024-12-20T05:31:16.979+0000] {dagbag.py:588} INFO - Filling up the DagBag from /home/airflow/.local/lib/python3.12/site-packages/airflow/example_dags/example_branch_operator_decorator.py
[2024-12-20T05:31:17.060+0000] {processor.py:925} INFO - DAG(s) 'example_branch_python_operator_decorator' retrieved from /home/airflow/.local/lib/python3.12/site-packages/airflow/example_dags/example_branch_operator_decorator.py
[2024-12-20T05:31:17.148+0000] {logging_mixin.py:190} INFO - [2024-12-20T05:31:17.148+0000] {dag.py:3239} INFO - Sync 1 DAGs
[2024-12-20T05:31:17.234+0000] {logging_mixin.py:190} INFO - [2024-12-20T05:31:17.233+0000] {dag.py:4180} INFO - Setting next_dagrun for example_branch_python_operator_decorator to 2024-12-19 00:00:00+00:00, run_after=2024-12-20 00:00:00+00:00
[2024-12-20T05:31:17.329+0000] {processor.py:208} INFO - Processing /home/airflow/.local/lib/python3.12/site-packages/airflow/example_dags/example_branch_operator_decorator.py took 0.384 seconds
[2024-12-20T05:31:47.623+0000] {processor.py:186} INFO - Started process (PID=12867) to work on /home/airflow/.local/lib/python3.12/site-packages/airflow/example_dags/example_branch_operator_decorator.py
[2024-12-20T05:31:47.624+0000] {processor.py:914} INFO - Processing file /home/airflow/.local/lib/python3.12/site-packages/airflow/example_dags/example_branch_operator_decorator.py for tasks to queue
[2024-12-20T05:31:47.628+0000] {logging_mixin.py:190} INFO - [2024-12-20T05:31:47.628+0000] {dagbag.py:588} INFO - Filling up the DagBag from /home/airflow/.local/lib/python3.12/site-packages/airflow/example_dags/example_branch_operator_decorator.py
[2024-12-20T05:31:47.667+0000] {processor.py:925} INFO - DAG(s) 'example_branch_python_operator_decorator' retrieved from /home/airflow/.local/lib/python3.12/site-packages/airflow/example_dags/example_branch_operator_decorator.py
[2024-12-20T05:31:47.716+0000] {logging_mixin.py:190} INFO - [2024-12-20T05:31:47.716+0000] {dag.py:3239} INFO - Sync 1 DAGs
[2024-12-20T05:31:47.780+0000] {logging_mixin.py:190} INFO - [2024-12-20T05:31:47.779+0000] {dag.py:4180} INFO - Setting next_dagrun for example_branch_python_operator_decorator to 2024-12-19 00:00:00+00:00, run_after=2024-12-20 00:00:00+00:00
[2024-12-20T05:31:47.828+0000] {processor.py:208} INFO - Processing /home/airflow/.local/lib/python3.12/site-packages/airflow/example_dags/example_branch_operator_decorator.py took 0.215 seconds
[2024-12-20T05:32:22.689+0000] {processor.py:186} INFO - Started process (PID=12932) to work on /home/airflow/.local/lib/python3.12/site-packages/airflow/example_dags/example_branch_operator_decorator.py
[2024-12-20T05:32:22.693+0000] {processor.py:914} INFO - Processing file /home/airflow/.local/lib/python3.12/site-packages/airflow/example_dags/example_branch_operator_decorator.py for tasks to queue
[2024-12-20T05:32:22.720+0000] {logging_mixin.py:190} INFO - [2024-12-20T05:32:22.718+0000] {dagbag.py:588} INFO - Filling up the DagBag from /home/airflow/.local/lib/python3.12/site-packages/airflow/example_dags/example_branch_operator_decorator.py
[2024-12-20T05:32:22.887+0000] {processor.py:925} INFO - DAG(s) 'example_branch_python_operator_decorator' retrieved from /home/airflow/.local/lib/python3.12/site-packages/airflow/example_dags/example_branch_operator_decorator.py
[2024-12-20T05:32:23.011+0000] {logging_mixin.py:190} INFO - [2024-12-20T05:32:23.009+0000] {dag.py:3239} INFO - Sync 1 DAGs
[2024-12-20T05:32:23.152+0000] {logging_mixin.py:190} INFO - [2024-12-20T05:32:23.151+0000] {dag.py:4180} INFO - Setting next_dagrun for example_branch_python_operator_decorator to 2024-12-19 00:00:00+00:00, run_after=2024-12-20 00:00:00+00:00
[2024-12-20T05:32:23.261+0000] {processor.py:208} INFO - Processing /home/airflow/.local/lib/python3.12/site-packages/airflow/example_dags/example_branch_operator_decorator.py took 0.639 seconds
[2024-12-20T05:32:54.103+0000] {processor.py:186} INFO - Started process (PID=12997) to work on /home/airflow/.local/lib/python3.12/site-packages/airflow/example_dags/example_branch_operator_decorator.py
[2024-12-20T05:32:54.105+0000] {processor.py:914} INFO - Processing file /home/airflow/.local/lib/python3.12/site-packages/airflow/example_dags/example_branch_operator_decorator.py for tasks to queue
[2024-12-20T05:32:54.111+0000] {logging_mixin.py:190} INFO - [2024-12-20T05:32:54.111+0000] {dagbag.py:588} INFO - Filling up the DagBag from /home/airflow/.local/lib/python3.12/site-packages/airflow/example_dags/example_branch_operator_decorator.py
[2024-12-20T05:32:54.189+0000] {processor.py:925} INFO - DAG(s) 'example_branch_python_operator_decorator' retrieved from /home/airflow/.local/lib/python3.12/site-packages/airflow/example_dags/example_branch_operator_decorator.py
[2024-12-20T05:32:54.278+0000] {logging_mixin.py:190} INFO - [2024-12-20T05:32:54.277+0000] {dag.py:3239} INFO - Sync 1 DAGs
[2024-12-20T05:32:54.366+0000] {logging_mixin.py:190} INFO - [2024-12-20T05:32:54.366+0000] {dag.py:4180} INFO - Setting next_dagrun for example_branch_python_operator_decorator to 2024-12-19 00:00:00+00:00, run_after=2024-12-20 00:00:00+00:00
[2024-12-20T05:32:54.435+0000] {processor.py:208} INFO - Processing /home/airflow/.local/lib/python3.12/site-packages/airflow/example_dags/example_branch_operator_decorator.py took 0.348 seconds
[2024-12-20T05:33:26.517+0000] {processor.py:186} INFO - Started process (PID=13062) to work on /home/airflow/.local/lib/python3.12/site-packages/airflow/example_dags/example_branch_operator_decorator.py
[2024-12-20T05:33:26.520+0000] {processor.py:914} INFO - Processing file /home/airflow/.local/lib/python3.12/site-packages/airflow/example_dags/example_branch_operator_decorator.py for tasks to queue
[2024-12-20T05:33:26.528+0000] {logging_mixin.py:190} INFO - [2024-12-20T05:33:26.527+0000] {dagbag.py:588} INFO - Filling up the DagBag from /home/airflow/.local/lib/python3.12/site-packages/airflow/example_dags/example_branch_operator_decorator.py
[2024-12-20T05:33:26.610+0000] {processor.py:925} INFO - DAG(s) 'example_branch_python_operator_decorator' retrieved from /home/airflow/.local/lib/python3.12/site-packages/airflow/example_dags/example_branch_operator_decorator.py
[2024-12-20T05:33:26.696+0000] {logging_mixin.py:190} INFO - [2024-12-20T05:33:26.695+0000] {dag.py:3239} INFO - Sync 1 DAGs
[2024-12-20T05:33:26.759+0000] {logging_mixin.py:190} INFO - [2024-12-20T05:33:26.759+0000] {dag.py:4180} INFO - Setting next_dagrun for example_branch_python_operator_decorator to 2024-12-19 00:00:00+00:00, run_after=2024-12-20 00:00:00+00:00
[2024-12-20T05:33:26.815+0000] {processor.py:208} INFO - Processing /home/airflow/.local/lib/python3.12/site-packages/airflow/example_dags/example_branch_operator_decorator.py took 0.321 seconds
[2024-12-20T05:34:01.311+0000] {processor.py:186} INFO - Started process (PID=13127) to work on /home/airflow/.local/lib/python3.12/site-packages/airflow/example_dags/example_branch_operator_decorator.py
[2024-12-20T05:34:01.316+0000] {processor.py:914} INFO - Processing file /home/airflow/.local/lib/python3.12/site-packages/airflow/example_dags/example_branch_operator_decorator.py for tasks to queue
[2024-12-20T05:34:01.332+0000] {logging_mixin.py:190} INFO - [2024-12-20T05:34:01.330+0000] {dagbag.py:588} INFO - Filling up the DagBag from /home/airflow/.local/lib/python3.12/site-packages/airflow/example_dags/example_branch_operator_decorator.py
[2024-12-20T05:34:01.512+0000] {processor.py:925} INFO - DAG(s) 'example_branch_python_operator_decorator' retrieved from /home/airflow/.local/lib/python3.12/site-packages/airflow/example_dags/example_branch_operator_decorator.py
[2024-12-20T05:34:01.677+0000] {logging_mixin.py:190} INFO - [2024-12-20T05:34:01.676+0000] {dag.py:3239} INFO - Sync 1 DAGs
[2024-12-20T05:34:01.813+0000] {logging_mixin.py:190} INFO - [2024-12-20T05:34:01.812+0000] {dag.py:4180} INFO - Setting next_dagrun for example_branch_python_operator_decorator to 2024-12-19 00:00:00+00:00, run_after=2024-12-20 00:00:00+00:00
[2024-12-20T05:34:01.921+0000] {processor.py:208} INFO - Processing /home/airflow/.local/lib/python3.12/site-packages/airflow/example_dags/example_branch_operator_decorator.py took 0.667 seconds
[2024-12-20T05:34:32.830+0000] {processor.py:186} INFO - Started process (PID=13199) to work on /home/airflow/.local/lib/python3.12/site-packages/airflow/example_dags/example_branch_operator_decorator.py
[2024-12-20T05:34:32.833+0000] {processor.py:914} INFO - Processing file /home/airflow/.local/lib/python3.12/site-packages/airflow/example_dags/example_branch_operator_decorator.py for tasks to queue
[2024-12-20T05:34:32.841+0000] {logging_mixin.py:190} INFO - [2024-12-20T05:34:32.840+0000] {dagbag.py:588} INFO - Filling up the DagBag from /home/airflow/.local/lib/python3.12/site-packages/airflow/example_dags/example_branch_operator_decorator.py
[2024-12-20T05:34:32.938+0000] {processor.py:925} INFO - DAG(s) 'example_branch_python_operator_decorator' retrieved from /home/airflow/.local/lib/python3.12/site-packages/airflow/example_dags/example_branch_operator_decorator.py
[2024-12-20T05:34:33.039+0000] {logging_mixin.py:190} INFO - [2024-12-20T05:34:33.038+0000] {dag.py:3239} INFO - Sync 1 DAGs
[2024-12-20T05:34:33.110+0000] {logging_mixin.py:190} INFO - [2024-12-20T05:34:33.110+0000] {dag.py:4180} INFO - Setting next_dagrun for example_branch_python_operator_decorator to 2024-12-19 00:00:00+00:00, run_after=2024-12-20 00:00:00+00:00
[2024-12-20T05:34:33.162+0000] {processor.py:208} INFO - Processing /home/airflow/.local/lib/python3.12/site-packages/airflow/example_dags/example_branch_operator_decorator.py took 0.349 seconds
[2024-12-20T05:35:05.972+0000] {processor.py:186} INFO - Started process (PID=13264) to work on /home/airflow/.local/lib/python3.12/site-packages/airflow/example_dags/example_branch_operator_decorator.py
[2024-12-20T05:35:05.974+0000] {processor.py:914} INFO - Processing file /home/airflow/.local/lib/python3.12/site-packages/airflow/example_dags/example_branch_operator_decorator.py for tasks to queue
[2024-12-20T05:35:05.983+0000] {logging_mixin.py:190} INFO - [2024-12-20T05:35:05.982+0000] {dagbag.py:588} INFO - Filling up the DagBag from /home/airflow/.local/lib/python3.12/site-packages/airflow/example_dags/example_branch_operator_decorator.py
[2024-12-20T05:35:06.040+0000] {processor.py:925} INFO - DAG(s) 'example_branch_python_operator_decorator' retrieved from /home/airflow/.local/lib/python3.12/site-packages/airflow/example_dags/example_branch_operator_decorator.py
[2024-12-20T05:35:06.110+0000] {logging_mixin.py:190} INFO - [2024-12-20T05:35:06.109+0000] {dag.py:3239} INFO - Sync 1 DAGs
[2024-12-20T05:35:06.176+0000] {logging_mixin.py:190} INFO - [2024-12-20T05:35:06.175+0000] {dag.py:4180} INFO - Setting next_dagrun for example_branch_python_operator_decorator to 2024-12-19 00:00:00+00:00, run_after=2024-12-20 00:00:00+00:00
[2024-12-20T05:35:06.256+0000] {processor.py:208} INFO - Processing /home/airflow/.local/lib/python3.12/site-packages/airflow/example_dags/example_branch_operator_decorator.py took 0.301 seconds
[2024-12-20T05:35:37.864+0000] {processor.py:186} INFO - Started process (PID=13329) to work on /home/airflow/.local/lib/python3.12/site-packages/airflow/example_dags/example_branch_operator_decorator.py
[2024-12-20T05:35:37.867+0000] {processor.py:914} INFO - Processing file /home/airflow/.local/lib/python3.12/site-packages/airflow/example_dags/example_branch_operator_decorator.py for tasks to queue
[2024-12-20T05:35:37.874+0000] {logging_mixin.py:190} INFO - [2024-12-20T05:35:37.873+0000] {dagbag.py:588} INFO - Filling up the DagBag from /home/airflow/.local/lib/python3.12/site-packages/airflow/example_dags/example_branch_operator_decorator.py
[2024-12-20T05:35:37.971+0000] {processor.py:925} INFO - DAG(s) 'example_branch_python_operator_decorator' retrieved from /home/airflow/.local/lib/python3.12/site-packages/airflow/example_dags/example_branch_operator_decorator.py
[2024-12-20T05:35:38.090+0000] {logging_mixin.py:190} INFO - [2024-12-20T05:35:38.089+0000] {dag.py:3239} INFO - Sync 1 DAGs
[2024-12-20T05:35:38.189+0000] {logging_mixin.py:190} INFO - [2024-12-20T05:35:38.188+0000] {dag.py:4180} INFO - Setting next_dagrun for example_branch_python_operator_decorator to 2024-12-19 00:00:00+00:00, run_after=2024-12-20 00:00:00+00:00
[2024-12-20T05:35:38.278+0000] {processor.py:208} INFO - Processing /home/airflow/.local/lib/python3.12/site-packages/airflow/example_dags/example_branch_operator_decorator.py took 0.438 seconds
[2024-12-20T05:36:10.371+0000] {processor.py:186} INFO - Started process (PID=13396) to work on /home/airflow/.local/lib/python3.12/site-packages/airflow/example_dags/example_branch_operator_decorator.py
[2024-12-20T05:36:10.374+0000] {processor.py:914} INFO - Processing file /home/airflow/.local/lib/python3.12/site-packages/airflow/example_dags/example_branch_operator_decorator.py for tasks to queue
[2024-12-20T05:36:10.379+0000] {logging_mixin.py:190} INFO - [2024-12-20T05:36:10.378+0000] {dagbag.py:588} INFO - Filling up the DagBag from /home/airflow/.local/lib/python3.12/site-packages/airflow/example_dags/example_branch_operator_decorator.py
[2024-12-20T05:36:10.430+0000] {processor.py:925} INFO - DAG(s) 'example_branch_python_operator_decorator' retrieved from /home/airflow/.local/lib/python3.12/site-packages/airflow/example_dags/example_branch_operator_decorator.py
[2024-12-20T05:36:10.514+0000] {logging_mixin.py:190} INFO - [2024-12-20T05:36:10.513+0000] {dag.py:3239} INFO - Sync 1 DAGs
[2024-12-20T05:36:10.600+0000] {logging_mixin.py:190} INFO - [2024-12-20T05:36:10.599+0000] {dag.py:4180} INFO - Setting next_dagrun for example_branch_python_operator_decorator to 2024-12-19 00:00:00+00:00, run_after=2024-12-20 00:00:00+00:00
[2024-12-20T05:36:10.643+0000] {processor.py:208} INFO - Processing /home/airflow/.local/lib/python3.12/site-packages/airflow/example_dags/example_branch_operator_decorator.py took 0.286 seconds
[2024-12-20T05:36:42.190+0000] {processor.py:186} INFO - Started process (PID=13461) to work on /home/airflow/.local/lib/python3.12/site-packages/airflow/example_dags/example_branch_operator_decorator.py
[2024-12-20T05:36:42.192+0000] {processor.py:914} INFO - Processing file /home/airflow/.local/lib/python3.12/site-packages/airflow/example_dags/example_branch_operator_decorator.py for tasks to queue
[2024-12-20T05:36:42.197+0000] {logging_mixin.py:190} INFO - [2024-12-20T05:36:42.196+0000] {dagbag.py:588} INFO - Filling up the DagBag from /home/airflow/.local/lib/python3.12/site-packages/airflow/example_dags/example_branch_operator_decorator.py
[2024-12-20T05:36:42.251+0000] {processor.py:925} INFO - DAG(s) 'example_branch_python_operator_decorator' retrieved from /home/airflow/.local/lib/python3.12/site-packages/airflow/example_dags/example_branch_operator_decorator.py
[2024-12-20T05:36:42.313+0000] {logging_mixin.py:190} INFO - [2024-12-20T05:36:42.312+0000] {dag.py:3239} INFO - Sync 1 DAGs
[2024-12-20T05:36:42.370+0000] {logging_mixin.py:190} INFO - [2024-12-20T05:36:42.369+0000] {dag.py:4180} INFO - Setting next_dagrun for example_branch_python_operator_decorator to 2024-12-19 00:00:00+00:00, run_after=2024-12-20 00:00:00+00:00
[2024-12-20T05:36:42.408+0000] {processor.py:208} INFO - Processing /home/airflow/.local/lib/python3.12/site-packages/airflow/example_dags/example_branch_operator_decorator.py took 0.233 seconds
[2024-12-20T05:37:14.754+0000] {processor.py:186} INFO - Started process (PID=13527) to work on /home/airflow/.local/lib/python3.12/site-packages/airflow/example_dags/example_branch_operator_decorator.py
[2024-12-20T05:37:14.756+0000] {processor.py:914} INFO - Processing file /home/airflow/.local/lib/python3.12/site-packages/airflow/example_dags/example_branch_operator_decorator.py for tasks to queue
[2024-12-20T05:37:14.762+0000] {logging_mixin.py:190} INFO - [2024-12-20T05:37:14.761+0000] {dagbag.py:588} INFO - Filling up the DagBag from /home/airflow/.local/lib/python3.12/site-packages/airflow/example_dags/example_branch_operator_decorator.py
[2024-12-20T05:37:14.819+0000] {processor.py:925} INFO - DAG(s) 'example_branch_python_operator_decorator' retrieved from /home/airflow/.local/lib/python3.12/site-packages/airflow/example_dags/example_branch_operator_decorator.py
[2024-12-20T05:37:14.892+0000] {logging_mixin.py:190} INFO - [2024-12-20T05:37:14.891+0000] {dag.py:3239} INFO - Sync 1 DAGs
[2024-12-20T05:37:14.961+0000] {logging_mixin.py:190} INFO - [2024-12-20T05:37:14.961+0000] {dag.py:4180} INFO - Setting next_dagrun for example_branch_python_operator_decorator to 2024-12-19 00:00:00+00:00, run_after=2024-12-20 00:00:00+00:00
[2024-12-20T05:37:15.020+0000] {processor.py:208} INFO - Processing /home/airflow/.local/lib/python3.12/site-packages/airflow/example_dags/example_branch_operator_decorator.py took 0.284 seconds
[2024-12-20T05:37:46.713+0000] {processor.py:186} INFO - Started process (PID=13592) to work on /home/airflow/.local/lib/python3.12/site-packages/airflow/example_dags/example_branch_operator_decorator.py
[2024-12-20T05:37:46.715+0000] {processor.py:914} INFO - Processing file /home/airflow/.local/lib/python3.12/site-packages/airflow/example_dags/example_branch_operator_decorator.py for tasks to queue
[2024-12-20T05:37:46.721+0000] {logging_mixin.py:190} INFO - [2024-12-20T05:37:46.720+0000] {dagbag.py:588} INFO - Filling up the DagBag from /home/airflow/.local/lib/python3.12/site-packages/airflow/example_dags/example_branch_operator_decorator.py
[2024-12-20T05:37:46.784+0000] {processor.py:925} INFO - DAG(s) 'example_branch_python_operator_decorator' retrieved from /home/airflow/.local/lib/python3.12/site-packages/airflow/example_dags/example_branch_operator_decorator.py
[2024-12-20T05:37:46.857+0000] {logging_mixin.py:190} INFO - [2024-12-20T05:37:46.857+0000] {dag.py:3239} INFO - Sync 1 DAGs
[2024-12-20T05:37:46.922+0000] {logging_mixin.py:190} INFO - [2024-12-20T05:37:46.921+0000] {dag.py:4180} INFO - Setting next_dagrun for example_branch_python_operator_decorator to 2024-12-19 00:00:00+00:00, run_after=2024-12-20 00:00:00+00:00
[2024-12-20T05:37:46.975+0000] {processor.py:208} INFO - Processing /home/airflow/.local/lib/python3.12/site-packages/airflow/example_dags/example_branch_operator_decorator.py took 0.278 seconds
[2024-12-20T05:38:19.355+0000] {processor.py:186} INFO - Started process (PID=13657) to work on /home/airflow/.local/lib/python3.12/site-packages/airflow/example_dags/example_branch_operator_decorator.py
[2024-12-20T05:38:19.358+0000] {processor.py:914} INFO - Processing file /home/airflow/.local/lib/python3.12/site-packages/airflow/example_dags/example_branch_operator_decorator.py for tasks to queue
[2024-12-20T05:38:19.367+0000] {logging_mixin.py:190} INFO - [2024-12-20T05:38:19.366+0000] {dagbag.py:588} INFO - Filling up the DagBag from /home/airflow/.local/lib/python3.12/site-packages/airflow/example_dags/example_branch_operator_decorator.py
[2024-12-20T05:38:19.470+0000] {processor.py:925} INFO - DAG(s) 'example_branch_python_operator_decorator' retrieved from /home/airflow/.local/lib/python3.12/site-packages/airflow/example_dags/example_branch_operator_decorator.py
[2024-12-20T05:38:19.598+0000] {logging_mixin.py:190} INFO - [2024-12-20T05:38:19.597+0000] {dag.py:3239} INFO - Sync 1 DAGs
[2024-12-20T05:38:19.709+0000] {logging_mixin.py:190} INFO - [2024-12-20T05:38:19.708+0000] {dag.py:4180} INFO - Setting next_dagrun for example_branch_python_operator_decorator to 2024-12-19 00:00:00+00:00, run_after=2024-12-20 00:00:00+00:00
[2024-12-20T05:38:19.814+0000] {processor.py:208} INFO - Processing /home/airflow/.local/lib/python3.12/site-packages/airflow/example_dags/example_branch_operator_decorator.py took 0.495 seconds
[2024-12-20T05:38:50.786+0000] {processor.py:186} INFO - Started process (PID=13722) to work on /home/airflow/.local/lib/python3.12/site-packages/airflow/example_dags/example_branch_operator_decorator.py
[2024-12-20T05:38:50.788+0000] {processor.py:914} INFO - Processing file /home/airflow/.local/lib/python3.12/site-packages/airflow/example_dags/example_branch_operator_decorator.py for tasks to queue
[2024-12-20T05:38:50.794+0000] {logging_mixin.py:190} INFO - [2024-12-20T05:38:50.793+0000] {dagbag.py:588} INFO - Filling up the DagBag from /home/airflow/.local/lib/python3.12/site-packages/airflow/example_dags/example_branch_operator_decorator.py
[2024-12-20T05:38:50.840+0000] {processor.py:925} INFO - DAG(s) 'example_branch_python_operator_decorator' retrieved from /home/airflow/.local/lib/python3.12/site-packages/airflow/example_dags/example_branch_operator_decorator.py
[2024-12-20T05:38:50.880+0000] {logging_mixin.py:190} INFO - [2024-12-20T05:38:50.880+0000] {dag.py:3239} INFO - Sync 1 DAGs
[2024-12-20T05:38:50.914+0000] {logging_mixin.py:190} INFO - [2024-12-20T05:38:50.913+0000] {dag.py:4180} INFO - Setting next_dagrun for example_branch_python_operator_decorator to 2024-12-19 00:00:00+00:00, run_after=2024-12-20 00:00:00+00:00
[2024-12-20T05:38:50.939+0000] {processor.py:208} INFO - Processing /home/airflow/.local/lib/python3.12/site-packages/airflow/example_dags/example_branch_operator_decorator.py took 0.165 seconds
[2024-12-20T05:39:22.772+0000] {processor.py:186} INFO - Started process (PID=13788) to work on /home/airflow/.local/lib/python3.12/site-packages/airflow/example_dags/example_branch_operator_decorator.py
[2024-12-20T05:39:22.775+0000] {processor.py:914} INFO - Processing file /home/airflow/.local/lib/python3.12/site-packages/airflow/example_dags/example_branch_operator_decorator.py for tasks to queue
[2024-12-20T05:39:22.780+0000] {logging_mixin.py:190} INFO - [2024-12-20T05:39:22.779+0000] {dagbag.py:588} INFO - Filling up the DagBag from /home/airflow/.local/lib/python3.12/site-packages/airflow/example_dags/example_branch_operator_decorator.py
[2024-12-20T05:39:22.834+0000] {processor.py:925} INFO - DAG(s) 'example_branch_python_operator_decorator' retrieved from /home/airflow/.local/lib/python3.12/site-packages/airflow/example_dags/example_branch_operator_decorator.py
[2024-12-20T05:39:22.907+0000] {logging_mixin.py:190} INFO - [2024-12-20T05:39:22.906+0000] {dag.py:3239} INFO - Sync 1 DAGs
[2024-12-20T05:39:22.958+0000] {logging_mixin.py:190} INFO - [2024-12-20T05:39:22.958+0000] {dag.py:4180} INFO - Setting next_dagrun for example_branch_python_operator_decorator to 2024-12-19 00:00:00+00:00, run_after=2024-12-20 00:00:00+00:00
[2024-12-20T05:39:22.986+0000] {processor.py:208} INFO - Processing /home/airflow/.local/lib/python3.12/site-packages/airflow/example_dags/example_branch_operator_decorator.py took 0.227 seconds
[2024-12-20T05:39:54.900+0000] {processor.py:186} INFO - Started process (PID=13853) to work on /home/airflow/.local/lib/python3.12/site-packages/airflow/example_dags/example_branch_operator_decorator.py
[2024-12-20T05:39:54.906+0000] {processor.py:914} INFO - Processing file /home/airflow/.local/lib/python3.12/site-packages/airflow/example_dags/example_branch_operator_decorator.py for tasks to queue
[2024-12-20T05:39:54.915+0000] {logging_mixin.py:190} INFO - [2024-12-20T05:39:54.914+0000] {dagbag.py:588} INFO - Filling up the DagBag from /home/airflow/.local/lib/python3.12/site-packages/airflow/example_dags/example_branch_operator_decorator.py
[2024-12-20T05:39:55.023+0000] {processor.py:925} INFO - DAG(s) 'example_branch_python_operator_decorator' retrieved from /home/airflow/.local/lib/python3.12/site-packages/airflow/example_dags/example_branch_operator_decorator.py
[2024-12-20T05:39:55.101+0000] {logging_mixin.py:190} INFO - [2024-12-20T05:39:55.100+0000] {dag.py:3239} INFO - Sync 1 DAGs
[2024-12-20T05:39:55.156+0000] {logging_mixin.py:190} INFO - [2024-12-20T05:39:55.155+0000] {dag.py:4180} INFO - Setting next_dagrun for example_branch_python_operator_decorator to 2024-12-19 00:00:00+00:00, run_after=2024-12-20 00:00:00+00:00
[2024-12-20T05:39:55.200+0000] {processor.py:208} INFO - Processing /home/airflow/.local/lib/python3.12/site-packages/airflow/example_dags/example_branch_operator_decorator.py took 0.316 seconds
[2024-12-20T05:40:26.772+0000] {processor.py:186} INFO - Started process (PID=13918) to work on /home/airflow/.local/lib/python3.12/site-packages/airflow/example_dags/example_branch_operator_decorator.py
[2024-12-20T05:40:26.774+0000] {processor.py:914} INFO - Processing file /home/airflow/.local/lib/python3.12/site-packages/airflow/example_dags/example_branch_operator_decorator.py for tasks to queue
[2024-12-20T05:40:26.779+0000] {logging_mixin.py:190} INFO - [2024-12-20T05:40:26.778+0000] {dagbag.py:588} INFO - Filling up the DagBag from /home/airflow/.local/lib/python3.12/site-packages/airflow/example_dags/example_branch_operator_decorator.py
[2024-12-20T05:40:26.834+0000] {processor.py:925} INFO - DAG(s) 'example_branch_python_operator_decorator' retrieved from /home/airflow/.local/lib/python3.12/site-packages/airflow/example_dags/example_branch_operator_decorator.py
[2024-12-20T05:40:26.899+0000] {logging_mixin.py:190} INFO - [2024-12-20T05:40:26.899+0000] {dag.py:3239} INFO - Sync 1 DAGs
[2024-12-20T05:40:26.960+0000] {logging_mixin.py:190} INFO - [2024-12-20T05:40:26.960+0000] {dag.py:4180} INFO - Setting next_dagrun for example_branch_python_operator_decorator to 2024-12-19 00:00:00+00:00, run_after=2024-12-20 00:00:00+00:00
[2024-12-20T05:40:27.007+0000] {processor.py:208} INFO - Processing /home/airflow/.local/lib/python3.12/site-packages/airflow/example_dags/example_branch_operator_decorator.py took 0.249 seconds
[2024-12-20T05:41:01.416+0000] {processor.py:186} INFO - Started process (PID=13987) to work on /home/airflow/.local/lib/python3.12/site-packages/airflow/example_dags/example_branch_operator_decorator.py
[2024-12-20T05:41:01.419+0000] {processor.py:914} INFO - Processing file /home/airflow/.local/lib/python3.12/site-packages/airflow/example_dags/example_branch_operator_decorator.py for tasks to queue
[2024-12-20T05:41:01.426+0000] {logging_mixin.py:190} INFO - [2024-12-20T05:41:01.425+0000] {dagbag.py:588} INFO - Filling up the DagBag from /home/airflow/.local/lib/python3.12/site-packages/airflow/example_dags/example_branch_operator_decorator.py
[2024-12-20T05:41:01.518+0000] {processor.py:925} INFO - DAG(s) 'example_branch_python_operator_decorator' retrieved from /home/airflow/.local/lib/python3.12/site-packages/airflow/example_dags/example_branch_operator_decorator.py
[2024-12-20T05:41:01.619+0000] {logging_mixin.py:190} INFO - [2024-12-20T05:41:01.618+0000] {dag.py:3239} INFO - Sync 1 DAGs
[2024-12-20T05:41:01.692+0000] {logging_mixin.py:190} INFO - [2024-12-20T05:41:01.692+0000] {dag.py:4180} INFO - Setting next_dagrun for example_branch_python_operator_decorator to 2024-12-19 00:00:00+00:00, run_after=2024-12-20 00:00:00+00:00
[2024-12-20T05:41:01.786+0000] {processor.py:208} INFO - Processing /home/airflow/.local/lib/python3.12/site-packages/airflow/example_dags/example_branch_operator_decorator.py took 0.389 seconds
[2024-12-20T05:41:32.499+0000] {processor.py:186} INFO - Started process (PID=14052) to work on /home/airflow/.local/lib/python3.12/site-packages/airflow/example_dags/example_branch_operator_decorator.py
[2024-12-20T05:41:32.501+0000] {processor.py:914} INFO - Processing file /home/airflow/.local/lib/python3.12/site-packages/airflow/example_dags/example_branch_operator_decorator.py for tasks to queue
[2024-12-20T05:41:32.508+0000] {logging_mixin.py:190} INFO - [2024-12-20T05:41:32.507+0000] {dagbag.py:588} INFO - Filling up the DagBag from /home/airflow/.local/lib/python3.12/site-packages/airflow/example_dags/example_branch_operator_decorator.py
[2024-12-20T05:41:32.589+0000] {processor.py:925} INFO - DAG(s) 'example_branch_python_operator_decorator' retrieved from /home/airflow/.local/lib/python3.12/site-packages/airflow/example_dags/example_branch_operator_decorator.py
[2024-12-20T05:41:32.675+0000] {logging_mixin.py:190} INFO - [2024-12-20T05:41:32.674+0000] {dag.py:3239} INFO - Sync 1 DAGs
[2024-12-20T05:41:32.758+0000] {logging_mixin.py:190} INFO - [2024-12-20T05:41:32.758+0000] {dag.py:4180} INFO - Setting next_dagrun for example_branch_python_operator_decorator to 2024-12-19 00:00:00+00:00, run_after=2024-12-20 00:00:00+00:00
[2024-12-20T05:41:32.856+0000] {processor.py:208} INFO - Processing /home/airflow/.local/lib/python3.12/site-packages/airflow/example_dags/example_branch_operator_decorator.py took 0.376 seconds
[2024-12-20T05:42:04.335+0000] {processor.py:186} INFO - Started process (PID=14118) to work on /home/airflow/.local/lib/python3.12/site-packages/airflow/example_dags/example_branch_operator_decorator.py
[2024-12-20T05:42:04.340+0000] {processor.py:914} INFO - Processing file /home/airflow/.local/lib/python3.12/site-packages/airflow/example_dags/example_branch_operator_decorator.py for tasks to queue
[2024-12-20T05:42:04.353+0000] {logging_mixin.py:190} INFO - [2024-12-20T05:42:04.352+0000] {dagbag.py:588} INFO - Filling up the DagBag from /home/airflow/.local/lib/python3.12/site-packages/airflow/example_dags/example_branch_operator_decorator.py
[2024-12-20T05:42:04.476+0000] {processor.py:925} INFO - DAG(s) 'example_branch_python_operator_decorator' retrieved from /home/airflow/.local/lib/python3.12/site-packages/airflow/example_dags/example_branch_operator_decorator.py
[2024-12-20T05:42:04.610+0000] {logging_mixin.py:190} INFO - [2024-12-20T05:42:04.610+0000] {dag.py:3239} INFO - Sync 1 DAGs
[2024-12-20T05:42:04.694+0000] {logging_mixin.py:190} INFO - [2024-12-20T05:42:04.693+0000] {dag.py:4180} INFO - Setting next_dagrun for example_branch_python_operator_decorator to 2024-12-19 00:00:00+00:00, run_after=2024-12-20 00:00:00+00:00
[2024-12-20T05:42:04.792+0000] {processor.py:208} INFO - Processing /home/airflow/.local/lib/python3.12/site-packages/airflow/example_dags/example_branch_operator_decorator.py took 0.495 seconds
[2024-12-20T05:42:35.588+0000] {processor.py:186} INFO - Started process (PID=14189) to work on /home/airflow/.local/lib/python3.12/site-packages/airflow/example_dags/example_branch_operator_decorator.py
[2024-12-20T05:42:35.590+0000] {processor.py:914} INFO - Processing file /home/airflow/.local/lib/python3.12/site-packages/airflow/example_dags/example_branch_operator_decorator.py for tasks to queue
[2024-12-20T05:42:35.593+0000] {logging_mixin.py:190} INFO - [2024-12-20T05:42:35.592+0000] {dagbag.py:588} INFO - Filling up the DagBag from /home/airflow/.local/lib/python3.12/site-packages/airflow/example_dags/example_branch_operator_decorator.py
[2024-12-20T05:42:35.620+0000] {processor.py:925} INFO - DAG(s) 'example_branch_python_operator_decorator' retrieved from /home/airflow/.local/lib/python3.12/site-packages/airflow/example_dags/example_branch_operator_decorator.py
[2024-12-20T05:42:35.662+0000] {logging_mixin.py:190} INFO - [2024-12-20T05:42:35.662+0000] {dag.py:3239} INFO - Sync 1 DAGs
[2024-12-20T05:42:35.692+0000] {logging_mixin.py:190} INFO - [2024-12-20T05:42:35.691+0000] {dag.py:4180} INFO - Setting next_dagrun for example_branch_python_operator_decorator to 2024-12-19 00:00:00+00:00, run_after=2024-12-20 00:00:00+00:00
[2024-12-20T05:42:35.715+0000] {processor.py:208} INFO - Processing /home/airflow/.local/lib/python3.12/site-packages/airflow/example_dags/example_branch_operator_decorator.py took 0.137 seconds
[2024-12-20T05:43:06.972+0000] {processor.py:186} INFO - Started process (PID=14254) to work on /home/airflow/.local/lib/python3.12/site-packages/airflow/example_dags/example_branch_operator_decorator.py
[2024-12-20T05:43:06.975+0000] {processor.py:914} INFO - Processing file /home/airflow/.local/lib/python3.12/site-packages/airflow/example_dags/example_branch_operator_decorator.py for tasks to queue
[2024-12-20T05:43:06.981+0000] {logging_mixin.py:190} INFO - [2024-12-20T05:43:06.980+0000] {dagbag.py:588} INFO - Filling up the DagBag from /home/airflow/.local/lib/python3.12/site-packages/airflow/example_dags/example_branch_operator_decorator.py
[2024-12-20T05:43:07.057+0000] {processor.py:925} INFO - DAG(s) 'example_branch_python_operator_decorator' retrieved from /home/airflow/.local/lib/python3.12/site-packages/airflow/example_dags/example_branch_operator_decorator.py
[2024-12-20T05:43:07.134+0000] {logging_mixin.py:190} INFO - [2024-12-20T05:43:07.133+0000] {dag.py:3239} INFO - Sync 1 DAGs
[2024-12-20T05:43:07.216+0000] {logging_mixin.py:190} INFO - [2024-12-20T05:43:07.216+0000] {dag.py:4180} INFO - Setting next_dagrun for example_branch_python_operator_decorator to 2024-12-19 00:00:00+00:00, run_after=2024-12-20 00:00:00+00:00
[2024-12-20T05:43:07.280+0000] {processor.py:208} INFO - Processing /home/airflow/.local/lib/python3.12/site-packages/airflow/example_dags/example_branch_operator_decorator.py took 0.326 seconds
[2024-12-20T05:43:37.539+0000] {processor.py:186} INFO - Started process (PID=14318) to work on /home/airflow/.local/lib/python3.12/site-packages/airflow/example_dags/example_branch_operator_decorator.py
[2024-12-20T05:43:37.541+0000] {processor.py:914} INFO - Processing file /home/airflow/.local/lib/python3.12/site-packages/airflow/example_dags/example_branch_operator_decorator.py for tasks to queue
[2024-12-20T05:43:37.546+0000] {logging_mixin.py:190} INFO - [2024-12-20T05:43:37.546+0000] {dagbag.py:588} INFO - Filling up the DagBag from /home/airflow/.local/lib/python3.12/site-packages/airflow/example_dags/example_branch_operator_decorator.py
[2024-12-20T05:43:37.596+0000] {processor.py:925} INFO - DAG(s) 'example_branch_python_operator_decorator' retrieved from /home/airflow/.local/lib/python3.12/site-packages/airflow/example_dags/example_branch_operator_decorator.py
[2024-12-20T05:43:37.656+0000] {logging_mixin.py:190} INFO - [2024-12-20T05:43:37.655+0000] {dag.py:3239} INFO - Sync 1 DAGs
[2024-12-20T05:43:37.711+0000] {logging_mixin.py:190} INFO - [2024-12-20T05:43:37.710+0000] {dag.py:4180} INFO - Setting next_dagrun for example_branch_python_operator_decorator to 2024-12-19 00:00:00+00:00, run_after=2024-12-20 00:00:00+00:00
[2024-12-20T05:43:37.752+0000] {processor.py:208} INFO - Processing /home/airflow/.local/lib/python3.12/site-packages/airflow/example_dags/example_branch_operator_decorator.py took 0.226 seconds
[2024-12-20T05:44:08.239+0000] {processor.py:186} INFO - Started process (PID=14383) to work on /home/airflow/.local/lib/python3.12/site-packages/airflow/example_dags/example_branch_operator_decorator.py
[2024-12-20T05:44:08.241+0000] {processor.py:914} INFO - Processing file /home/airflow/.local/lib/python3.12/site-packages/airflow/example_dags/example_branch_operator_decorator.py for tasks to queue
[2024-12-20T05:44:08.248+0000] {logging_mixin.py:190} INFO - [2024-12-20T05:44:08.247+0000] {dagbag.py:588} INFO - Filling up the DagBag from /home/airflow/.local/lib/python3.12/site-packages/airflow/example_dags/example_branch_operator_decorator.py
[2024-12-20T05:44:08.317+0000] {processor.py:925} INFO - DAG(s) 'example_branch_python_operator_decorator' retrieved from /home/airflow/.local/lib/python3.12/site-packages/airflow/example_dags/example_branch_operator_decorator.py
[2024-12-20T05:44:08.420+0000] {logging_mixin.py:190} INFO - [2024-12-20T05:44:08.419+0000] {dag.py:3239} INFO - Sync 1 DAGs
[2024-12-20T05:44:08.488+0000] {logging_mixin.py:190} INFO - [2024-12-20T05:44:08.488+0000] {dag.py:4180} INFO - Setting next_dagrun for example_branch_python_operator_decorator to 2024-12-19 00:00:00+00:00, run_after=2024-12-20 00:00:00+00:00
[2024-12-20T05:44:08.572+0000] {processor.py:208} INFO - Processing /home/airflow/.local/lib/python3.12/site-packages/airflow/example_dags/example_branch_operator_decorator.py took 0.350 seconds
[2024-12-20T05:44:39.161+0000] {processor.py:186} INFO - Started process (PID=14448) to work on /home/airflow/.local/lib/python3.12/site-packages/airflow/example_dags/example_branch_operator_decorator.py
[2024-12-20T05:44:39.164+0000] {processor.py:914} INFO - Processing file /home/airflow/.local/lib/python3.12/site-packages/airflow/example_dags/example_branch_operator_decorator.py for tasks to queue
[2024-12-20T05:44:39.169+0000] {logging_mixin.py:190} INFO - [2024-12-20T05:44:39.168+0000] {dagbag.py:588} INFO - Filling up the DagBag from /home/airflow/.local/lib/python3.12/site-packages/airflow/example_dags/example_branch_operator_decorator.py
[2024-12-20T05:44:39.224+0000] {processor.py:925} INFO - DAG(s) 'example_branch_python_operator_decorator' retrieved from /home/airflow/.local/lib/python3.12/site-packages/airflow/example_dags/example_branch_operator_decorator.py
[2024-12-20T05:44:39.290+0000] {logging_mixin.py:190} INFO - [2024-12-20T05:44:39.289+0000] {dag.py:3239} INFO - Sync 1 DAGs
[2024-12-20T05:44:39.357+0000] {logging_mixin.py:190} INFO - [2024-12-20T05:44:39.357+0000] {dag.py:4180} INFO - Setting next_dagrun for example_branch_python_operator_decorator to 2024-12-19 00:00:00+00:00, run_after=2024-12-20 00:00:00+00:00
[2024-12-20T05:44:39.399+0000] {processor.py:208} INFO - Processing /home/airflow/.local/lib/python3.12/site-packages/airflow/example_dags/example_branch_operator_decorator.py took 0.250 seconds
[2024-12-20T05:45:09.560+0000] {processor.py:186} INFO - Started process (PID=14513) to work on /home/airflow/.local/lib/python3.12/site-packages/airflow/example_dags/example_branch_operator_decorator.py
[2024-12-20T05:45:09.562+0000] {processor.py:914} INFO - Processing file /home/airflow/.local/lib/python3.12/site-packages/airflow/example_dags/example_branch_operator_decorator.py for tasks to queue
[2024-12-20T05:45:09.567+0000] {logging_mixin.py:190} INFO - [2024-12-20T05:45:09.567+0000] {dagbag.py:588} INFO - Filling up the DagBag from /home/airflow/.local/lib/python3.12/site-packages/airflow/example_dags/example_branch_operator_decorator.py
[2024-12-20T05:45:09.617+0000] {processor.py:925} INFO - DAG(s) 'example_branch_python_operator_decorator' retrieved from /home/airflow/.local/lib/python3.12/site-packages/airflow/example_dags/example_branch_operator_decorator.py
[2024-12-20T05:45:09.678+0000] {logging_mixin.py:190} INFO - [2024-12-20T05:45:09.677+0000] {dag.py:3239} INFO - Sync 1 DAGs
[2024-12-20T05:45:09.720+0000] {logging_mixin.py:190} INFO - [2024-12-20T05:45:09.720+0000] {dag.py:4180} INFO - Setting next_dagrun for example_branch_python_operator_decorator to 2024-12-19 00:00:00+00:00, run_after=2024-12-20 00:00:00+00:00
[2024-12-20T05:45:09.752+0000] {processor.py:208} INFO - Processing /home/airflow/.local/lib/python3.12/site-packages/airflow/example_dags/example_branch_operator_decorator.py took 0.206 seconds
[2024-12-20T05:45:40.041+0000] {processor.py:186} INFO - Started process (PID=14578) to work on /home/airflow/.local/lib/python3.12/site-packages/airflow/example_dags/example_branch_operator_decorator.py
[2024-12-20T05:45:40.043+0000] {processor.py:914} INFO - Processing file /home/airflow/.local/lib/python3.12/site-packages/airflow/example_dags/example_branch_operator_decorator.py for tasks to queue
[2024-12-20T05:45:40.049+0000] {logging_mixin.py:190} INFO - [2024-12-20T05:45:40.048+0000] {dagbag.py:588} INFO - Filling up the DagBag from /home/airflow/.local/lib/python3.12/site-packages/airflow/example_dags/example_branch_operator_decorator.py
[2024-12-20T05:45:40.096+0000] {processor.py:925} INFO - DAG(s) 'example_branch_python_operator_decorator' retrieved from /home/airflow/.local/lib/python3.12/site-packages/airflow/example_dags/example_branch_operator_decorator.py
[2024-12-20T05:45:40.157+0000] {logging_mixin.py:190} INFO - [2024-12-20T05:45:40.156+0000] {dag.py:3239} INFO - Sync 1 DAGs
[2024-12-20T05:45:40.211+0000] {logging_mixin.py:190} INFO - [2024-12-20T05:45:40.210+0000] {dag.py:4180} INFO - Setting next_dagrun for example_branch_python_operator_decorator to 2024-12-19 00:00:00+00:00, run_after=2024-12-20 00:00:00+00:00
[2024-12-20T05:45:40.259+0000] {processor.py:208} INFO - Processing /home/airflow/.local/lib/python3.12/site-packages/airflow/example_dags/example_branch_operator_decorator.py took 0.231 seconds
[2024-12-20T05:46:12.971+0000] {processor.py:186} INFO - Started process (PID=14643) to work on /home/airflow/.local/lib/python3.12/site-packages/airflow/example_dags/example_branch_operator_decorator.py
[2024-12-20T05:46:12.977+0000] {processor.py:914} INFO - Processing file /home/airflow/.local/lib/python3.12/site-packages/airflow/example_dags/example_branch_operator_decorator.py for tasks to queue
[2024-12-20T05:46:12.990+0000] {logging_mixin.py:190} INFO - [2024-12-20T05:46:12.989+0000] {dagbag.py:588} INFO - Filling up the DagBag from /home/airflow/.local/lib/python3.12/site-packages/airflow/example_dags/example_branch_operator_decorator.py
[2024-12-20T05:46:13.100+0000] {processor.py:925} INFO - DAG(s) 'example_branch_python_operator_decorator' retrieved from /home/airflow/.local/lib/python3.12/site-packages/airflow/example_dags/example_branch_operator_decorator.py
[2024-12-20T05:46:13.317+0000] {logging_mixin.py:190} INFO - [2024-12-20T05:46:13.316+0000] {dag.py:3239} INFO - Sync 1 DAGs
[2024-12-20T05:46:13.465+0000] {logging_mixin.py:190} INFO - [2024-12-20T05:46:13.464+0000] {dag.py:4180} INFO - Setting next_dagrun for example_branch_python_operator_decorator to 2024-12-19 00:00:00+00:00, run_after=2024-12-20 00:00:00+00:00
[2024-12-20T05:46:13.571+0000] {processor.py:208} INFO - Processing /home/airflow/.local/lib/python3.12/site-packages/airflow/example_dags/example_branch_operator_decorator.py took 0.625 seconds
[2024-12-20T05:46:44.697+0000] {processor.py:186} INFO - Started process (PID=14708) to work on /home/airflow/.local/lib/python3.12/site-packages/airflow/example_dags/example_branch_operator_decorator.py
[2024-12-20T05:46:44.701+0000] {processor.py:914} INFO - Processing file /home/airflow/.local/lib/python3.12/site-packages/airflow/example_dags/example_branch_operator_decorator.py for tasks to queue
[2024-12-20T05:46:44.707+0000] {logging_mixin.py:190} INFO - [2024-12-20T05:46:44.706+0000] {dagbag.py:588} INFO - Filling up the DagBag from /home/airflow/.local/lib/python3.12/site-packages/airflow/example_dags/example_branch_operator_decorator.py
[2024-12-20T05:46:44.760+0000] {processor.py:925} INFO - DAG(s) 'example_branch_python_operator_decorator' retrieved from /home/airflow/.local/lib/python3.12/site-packages/airflow/example_dags/example_branch_operator_decorator.py
[2024-12-20T05:46:44.822+0000] {logging_mixin.py:190} INFO - [2024-12-20T05:46:44.822+0000] {dag.py:3239} INFO - Sync 1 DAGs
[2024-12-20T05:46:44.873+0000] {logging_mixin.py:190} INFO - [2024-12-20T05:46:44.872+0000] {dag.py:4180} INFO - Setting next_dagrun for example_branch_python_operator_decorator to 2024-12-19 00:00:00+00:00, run_after=2024-12-20 00:00:00+00:00
[2024-12-20T05:46:44.913+0000] {processor.py:208} INFO - Processing /home/airflow/.local/lib/python3.12/site-packages/airflow/example_dags/example_branch_operator_decorator.py took 0.242 seconds
[2024-12-20T05:47:16.589+0000] {processor.py:186} INFO - Started process (PID=14773) to work on /home/airflow/.local/lib/python3.12/site-packages/airflow/example_dags/example_branch_operator_decorator.py
[2024-12-20T05:47:16.591+0000] {processor.py:914} INFO - Processing file /home/airflow/.local/lib/python3.12/site-packages/airflow/example_dags/example_branch_operator_decorator.py for tasks to queue
[2024-12-20T05:47:16.598+0000] {logging_mixin.py:190} INFO - [2024-12-20T05:47:16.597+0000] {dagbag.py:588} INFO - Filling up the DagBag from /home/airflow/.local/lib/python3.12/site-packages/airflow/example_dags/example_branch_operator_decorator.py
[2024-12-20T05:47:16.664+0000] {processor.py:925} INFO - DAG(s) 'example_branch_python_operator_decorator' retrieved from /home/airflow/.local/lib/python3.12/site-packages/airflow/example_dags/example_branch_operator_decorator.py
[2024-12-20T05:47:16.759+0000] {logging_mixin.py:190} INFO - [2024-12-20T05:47:16.758+0000] {dag.py:3239} INFO - Sync 1 DAGs
[2024-12-20T05:47:16.833+0000] {logging_mixin.py:190} INFO - [2024-12-20T05:47:16.833+0000] {dag.py:4180} INFO - Setting next_dagrun for example_branch_python_operator_decorator to 2024-12-19 00:00:00+00:00, run_after=2024-12-20 00:00:00+00:00
[2024-12-20T05:47:16.921+0000] {processor.py:208} INFO - Processing /home/airflow/.local/lib/python3.12/site-packages/airflow/example_dags/example_branch_operator_decorator.py took 0.352 seconds
[2024-12-20T05:47:53.783+0000] {processor.py:186} INFO - Started process (PID=14844) to work on /home/airflow/.local/lib/python3.12/site-packages/airflow/example_dags/example_branch_operator_decorator.py
[2024-12-20T05:47:53.787+0000] {processor.py:914} INFO - Processing file /home/airflow/.local/lib/python3.12/site-packages/airflow/example_dags/example_branch_operator_decorator.py for tasks to queue
[2024-12-20T05:47:53.822+0000] {logging_mixin.py:190} INFO - [2024-12-20T05:47:53.821+0000] {dagbag.py:588} INFO - Filling up the DagBag from /home/airflow/.local/lib/python3.12/site-packages/airflow/example_dags/example_branch_operator_decorator.py
[2024-12-20T05:47:54.030+0000] {processor.py:925} INFO - DAG(s) 'example_branch_python_operator_decorator' retrieved from /home/airflow/.local/lib/python3.12/site-packages/airflow/example_dags/example_branch_operator_decorator.py
[2024-12-20T05:47:54.240+0000] {logging_mixin.py:190} INFO - [2024-12-20T05:47:54.239+0000] {dag.py:3239} INFO - Sync 1 DAGs
[2024-12-20T05:47:54.388+0000] {logging_mixin.py:190} INFO - [2024-12-20T05:47:54.387+0000] {dag.py:4180} INFO - Setting next_dagrun for example_branch_python_operator_decorator to 2024-12-19 00:00:00+00:00, run_after=2024-12-20 00:00:00+00:00
[2024-12-20T05:47:54.514+0000] {processor.py:208} INFO - Processing /home/airflow/.local/lib/python3.12/site-packages/airflow/example_dags/example_branch_operator_decorator.py took 0.814 seconds
