[2024-12-20T05:28:34.742+0000] {processor.py:186} INFO - Started process (PID=12497) to work on /home/airflow/.local/lib/python3.12/site-packages/airflow/example_dags/tutorial.py
[2024-12-20T05:28:34.765+0000] {processor.py:914} INFO - Processing file /home/airflow/.local/lib/python3.12/site-packages/airflow/example_dags/tutorial.py for tasks to queue
[2024-12-20T05:28:34.850+0000] {logging_mixin.py:190} INFO - [2024-12-20T05:28:34.843+0000] {dagbag.py:588} INFO - Filling up the DagBag from /home/airflow/.local/lib/python3.12/site-packages/airflow/example_dags/tutorial.py
[2024-12-20T05:28:35.125+0000] {processor.py:925} INFO - DAG(s) 'tutorial' retrieved from /home/airflow/.local/lib/python3.12/site-packages/airflow/example_dags/tutorial.py
[2024-12-20T05:28:35.593+0000] {logging_mixin.py:190} INFO - [2024-12-20T05:28:35.592+0000] {dag.py:3239} INFO - Sync 1 DAGs
[2024-12-20T05:28:35.912+0000] {logging_mixin.py:190} INFO - [2024-12-20T05:28:35.911+0000] {dag.py:4180} INFO - Setting next_dagrun for tutorial to 2024-12-19 00:00:00+00:00, run_after=2024-12-20 00:00:00+00:00
[2024-12-20T05:28:36.160+0000] {processor.py:208} INFO - Processing /home/airflow/.local/lib/python3.12/site-packages/airflow/example_dags/tutorial.py took 1.534 seconds
[2024-12-20T05:29:19.076+0000] {processor.py:186} INFO - Started process (PID=12561) to work on /home/airflow/.local/lib/python3.12/site-packages/airflow/example_dags/tutorial.py
[2024-12-20T05:29:19.080+0000] {processor.py:914} INFO - Processing file /home/airflow/.local/lib/python3.12/site-packages/airflow/example_dags/tutorial.py for tasks to queue
[2024-12-20T05:29:19.091+0000] {logging_mixin.py:190} INFO - [2024-12-20T05:29:19.090+0000] {dagbag.py:588} INFO - Filling up the DagBag from /home/airflow/.local/lib/python3.12/site-packages/airflow/example_dags/tutorial.py
[2024-12-20T05:29:19.128+0000] {processor.py:925} INFO - DAG(s) 'tutorial' retrieved from /home/airflow/.local/lib/python3.12/site-packages/airflow/example_dags/tutorial.py
[2024-12-20T05:29:19.212+0000] {logging_mixin.py:190} INFO - [2024-12-20T05:29:19.211+0000] {dag.py:3239} INFO - Sync 1 DAGs
[2024-12-20T05:29:19.312+0000] {logging_mixin.py:190} INFO - [2024-12-20T05:29:19.311+0000] {dag.py:4180} INFO - Setting next_dagrun for tutorial to 2024-12-19 00:00:00+00:00, run_after=2024-12-20 00:00:00+00:00
[2024-12-20T05:29:19.382+0000] {processor.py:208} INFO - Processing /home/airflow/.local/lib/python3.12/site-packages/airflow/example_dags/tutorial.py took 0.331 seconds
[2024-12-20T05:29:49.765+0000] {processor.py:186} INFO - Started process (PID=12626) to work on /home/airflow/.local/lib/python3.12/site-packages/airflow/example_dags/tutorial.py
[2024-12-20T05:29:49.768+0000] {processor.py:914} INFO - Processing file /home/airflow/.local/lib/python3.12/site-packages/airflow/example_dags/tutorial.py for tasks to queue
[2024-12-20T05:29:49.774+0000] {logging_mixin.py:190} INFO - [2024-12-20T05:29:49.773+0000] {dagbag.py:588} INFO - Filling up the DagBag from /home/airflow/.local/lib/python3.12/site-packages/airflow/example_dags/tutorial.py
[2024-12-20T05:29:49.792+0000] {processor.py:925} INFO - DAG(s) 'tutorial' retrieved from /home/airflow/.local/lib/python3.12/site-packages/airflow/example_dags/tutorial.py
[2024-12-20T05:29:49.834+0000] {logging_mixin.py:190} INFO - [2024-12-20T05:29:49.833+0000] {dag.py:3239} INFO - Sync 1 DAGs
[2024-12-20T05:29:49.889+0000] {logging_mixin.py:190} INFO - [2024-12-20T05:29:49.889+0000] {dag.py:4180} INFO - Setting next_dagrun for tutorial to 2024-12-19 00:00:00+00:00, run_after=2024-12-20 00:00:00+00:00
[2024-12-20T05:29:49.982+0000] {processor.py:208} INFO - Processing /home/airflow/.local/lib/python3.12/site-packages/airflow/example_dags/tutorial.py took 0.231 seconds
[2024-12-20T05:30:20.977+0000] {processor.py:186} INFO - Started process (PID=12691) to work on /home/airflow/.local/lib/python3.12/site-packages/airflow/example_dags/tutorial.py
[2024-12-20T05:30:20.979+0000] {processor.py:914} INFO - Processing file /home/airflow/.local/lib/python3.12/site-packages/airflow/example_dags/tutorial.py for tasks to queue
[2024-12-20T05:30:20.985+0000] {logging_mixin.py:190} INFO - [2024-12-20T05:30:20.984+0000] {dagbag.py:588} INFO - Filling up the DagBag from /home/airflow/.local/lib/python3.12/site-packages/airflow/example_dags/tutorial.py
[2024-12-20T05:30:21.005+0000] {processor.py:925} INFO - DAG(s) 'tutorial' retrieved from /home/airflow/.local/lib/python3.12/site-packages/airflow/example_dags/tutorial.py
[2024-12-20T05:30:21.053+0000] {logging_mixin.py:190} INFO - [2024-12-20T05:30:21.053+0000] {dag.py:3239} INFO - Sync 1 DAGs
[2024-12-20T05:30:21.119+0000] {logging_mixin.py:190} INFO - [2024-12-20T05:30:21.118+0000] {dag.py:4180} INFO - Setting next_dagrun for tutorial to 2024-12-19 00:00:00+00:00, run_after=2024-12-20 00:00:00+00:00
[2024-12-20T05:30:21.179+0000] {processor.py:208} INFO - Processing /home/airflow/.local/lib/python3.12/site-packages/airflow/example_dags/tutorial.py took 0.215 seconds
[2024-12-20T05:30:53.915+0000] {processor.py:186} INFO - Started process (PID=12756) to work on /home/airflow/.local/lib/python3.12/site-packages/airflow/example_dags/tutorial.py
[2024-12-20T05:30:53.918+0000] {processor.py:914} INFO - Processing file /home/airflow/.local/lib/python3.12/site-packages/airflow/example_dags/tutorial.py for tasks to queue
[2024-12-20T05:30:53.924+0000] {logging_mixin.py:190} INFO - [2024-12-20T05:30:53.923+0000] {dagbag.py:588} INFO - Filling up the DagBag from /home/airflow/.local/lib/python3.12/site-packages/airflow/example_dags/tutorial.py
[2024-12-20T05:30:53.946+0000] {processor.py:925} INFO - DAG(s) 'tutorial' retrieved from /home/airflow/.local/lib/python3.12/site-packages/airflow/example_dags/tutorial.py
[2024-12-20T05:30:54.005+0000] {logging_mixin.py:190} INFO - [2024-12-20T05:30:54.005+0000] {dag.py:3239} INFO - Sync 1 DAGs
[2024-12-20T05:30:54.100+0000] {logging_mixin.py:190} INFO - [2024-12-20T05:30:54.099+0000] {dag.py:4180} INFO - Setting next_dagrun for tutorial to 2024-12-19 00:00:00+00:00, run_after=2024-12-20 00:00:00+00:00
[2024-12-20T05:30:54.183+0000] {processor.py:208} INFO - Processing /home/airflow/.local/lib/python3.12/site-packages/airflow/example_dags/tutorial.py took 0.284 seconds
[2024-12-20T05:31:25.051+0000] {processor.py:186} INFO - Started process (PID=12821) to work on /home/airflow/.local/lib/python3.12/site-packages/airflow/example_dags/tutorial.py
[2024-12-20T05:31:25.053+0000] {processor.py:914} INFO - Processing file /home/airflow/.local/lib/python3.12/site-packages/airflow/example_dags/tutorial.py for tasks to queue
[2024-12-20T05:31:25.058+0000] {logging_mixin.py:190} INFO - [2024-12-20T05:31:25.057+0000] {dagbag.py:588} INFO - Filling up the DagBag from /home/airflow/.local/lib/python3.12/site-packages/airflow/example_dags/tutorial.py
[2024-12-20T05:31:25.079+0000] {processor.py:925} INFO - DAG(s) 'tutorial' retrieved from /home/airflow/.local/lib/python3.12/site-packages/airflow/example_dags/tutorial.py
[2024-12-20T05:31:25.121+0000] {logging_mixin.py:190} INFO - [2024-12-20T05:31:25.120+0000] {dag.py:3239} INFO - Sync 1 DAGs
[2024-12-20T05:31:25.168+0000] {logging_mixin.py:190} INFO - [2024-12-20T05:31:25.167+0000] {dag.py:4180} INFO - Setting next_dagrun for tutorial to 2024-12-19 00:00:00+00:00, run_after=2024-12-20 00:00:00+00:00
[2024-12-20T05:31:25.204+0000] {processor.py:208} INFO - Processing /home/airflow/.local/lib/python3.12/site-packages/airflow/example_dags/tutorial.py took 0.165 seconds
[2024-12-20T05:31:57.326+0000] {processor.py:186} INFO - Started process (PID=12886) to work on /home/airflow/.local/lib/python3.12/site-packages/airflow/example_dags/tutorial.py
[2024-12-20T05:31:57.330+0000] {processor.py:914} INFO - Processing file /home/airflow/.local/lib/python3.12/site-packages/airflow/example_dags/tutorial.py for tasks to queue
[2024-12-20T05:31:57.341+0000] {logging_mixin.py:190} INFO - [2024-12-20T05:31:57.339+0000] {dagbag.py:588} INFO - Filling up the DagBag from /home/airflow/.local/lib/python3.12/site-packages/airflow/example_dags/tutorial.py
[2024-12-20T05:31:57.379+0000] {processor.py:925} INFO - DAG(s) 'tutorial' retrieved from /home/airflow/.local/lib/python3.12/site-packages/airflow/example_dags/tutorial.py
[2024-12-20T05:31:57.455+0000] {logging_mixin.py:190} INFO - [2024-12-20T05:31:57.453+0000] {dag.py:3239} INFO - Sync 1 DAGs
[2024-12-20T05:31:57.556+0000] {logging_mixin.py:190} INFO - [2024-12-20T05:31:57.555+0000] {dag.py:4180} INFO - Setting next_dagrun for tutorial to 2024-12-19 00:00:00+00:00, run_after=2024-12-20 00:00:00+00:00
[2024-12-20T05:31:57.659+0000] {processor.py:208} INFO - Processing /home/airflow/.local/lib/python3.12/site-packages/airflow/example_dags/tutorial.py took 0.359 seconds
[2024-12-20T05:32:29.345+0000] {processor.py:186} INFO - Started process (PID=12951) to work on /home/airflow/.local/lib/python3.12/site-packages/airflow/example_dags/tutorial.py
[2024-12-20T05:32:29.348+0000] {processor.py:914} INFO - Processing file /home/airflow/.local/lib/python3.12/site-packages/airflow/example_dags/tutorial.py for tasks to queue
[2024-12-20T05:32:29.358+0000] {logging_mixin.py:190} INFO - [2024-12-20T05:32:29.356+0000] {dagbag.py:588} INFO - Filling up the DagBag from /home/airflow/.local/lib/python3.12/site-packages/airflow/example_dags/tutorial.py
[2024-12-20T05:32:29.396+0000] {processor.py:925} INFO - DAG(s) 'tutorial' retrieved from /home/airflow/.local/lib/python3.12/site-packages/airflow/example_dags/tutorial.py
[2024-12-20T05:32:29.461+0000] {logging_mixin.py:190} INFO - [2024-12-20T05:32:29.460+0000] {dag.py:3239} INFO - Sync 1 DAGs
[2024-12-20T05:32:29.548+0000] {logging_mixin.py:190} INFO - [2024-12-20T05:32:29.548+0000] {dag.py:4180} INFO - Setting next_dagrun for tutorial to 2024-12-19 00:00:00+00:00, run_after=2024-12-20 00:00:00+00:00
[2024-12-20T05:32:29.614+0000] {processor.py:208} INFO - Processing /home/airflow/.local/lib/python3.12/site-packages/airflow/example_dags/tutorial.py took 0.283 seconds
[2024-12-20T05:33:04.016+0000] {processor.py:186} INFO - Started process (PID=13024) to work on /home/airflow/.local/lib/python3.12/site-packages/airflow/example_dags/tutorial.py
[2024-12-20T05:33:04.028+0000] {processor.py:914} INFO - Processing file /home/airflow/.local/lib/python3.12/site-packages/airflow/example_dags/tutorial.py for tasks to queue
[2024-12-20T05:33:04.046+0000] {logging_mixin.py:190} INFO - [2024-12-20T05:33:04.045+0000] {dagbag.py:588} INFO - Filling up the DagBag from /home/airflow/.local/lib/python3.12/site-packages/airflow/example_dags/tutorial.py
[2024-12-20T05:33:04.099+0000] {processor.py:925} INFO - DAG(s) 'tutorial' retrieved from /home/airflow/.local/lib/python3.12/site-packages/airflow/example_dags/tutorial.py
[2024-12-20T05:33:04.244+0000] {logging_mixin.py:190} INFO - [2024-12-20T05:33:04.243+0000] {dag.py:3239} INFO - Sync 1 DAGs
[2024-12-20T05:33:04.475+0000] {logging_mixin.py:190} INFO - [2024-12-20T05:33:04.474+0000] {dag.py:4180} INFO - Setting next_dagrun for tutorial to 2024-12-19 00:00:00+00:00, run_after=2024-12-20 00:00:00+00:00
[2024-12-20T05:33:04.587+0000] {processor.py:208} INFO - Processing /home/airflow/.local/lib/python3.12/site-packages/airflow/example_dags/tutorial.py took 0.599 seconds
[2024-12-20T05:33:34.889+0000] {processor.py:186} INFO - Started process (PID=13089) to work on /home/airflow/.local/lib/python3.12/site-packages/airflow/example_dags/tutorial.py
[2024-12-20T05:33:34.891+0000] {processor.py:914} INFO - Processing file /home/airflow/.local/lib/python3.12/site-packages/airflow/example_dags/tutorial.py for tasks to queue
[2024-12-20T05:33:34.898+0000] {logging_mixin.py:190} INFO - [2024-12-20T05:33:34.897+0000] {dagbag.py:588} INFO - Filling up the DagBag from /home/airflow/.local/lib/python3.12/site-packages/airflow/example_dags/tutorial.py
[2024-12-20T05:33:34.923+0000] {processor.py:925} INFO - DAG(s) 'tutorial' retrieved from /home/airflow/.local/lib/python3.12/site-packages/airflow/example_dags/tutorial.py
[2024-12-20T05:33:34.978+0000] {logging_mixin.py:190} INFO - [2024-12-20T05:33:34.978+0000] {dag.py:3239} INFO - Sync 1 DAGs
[2024-12-20T05:33:35.087+0000] {logging_mixin.py:190} INFO - [2024-12-20T05:33:35.087+0000] {dag.py:4180} INFO - Setting next_dagrun for tutorial to 2024-12-19 00:00:00+00:00, run_after=2024-12-20 00:00:00+00:00
[2024-12-20T05:33:35.191+0000] {processor.py:208} INFO - Processing /home/airflow/.local/lib/python3.12/site-packages/airflow/example_dags/tutorial.py took 0.320 seconds
[2024-12-20T05:34:13.549+0000] {processor.py:186} INFO - Started process (PID=13160) to work on /home/airflow/.local/lib/python3.12/site-packages/airflow/example_dags/tutorial.py
[2024-12-20T05:34:13.551+0000] {processor.py:914} INFO - Processing file /home/airflow/.local/lib/python3.12/site-packages/airflow/example_dags/tutorial.py for tasks to queue
[2024-12-20T05:34:13.557+0000] {logging_mixin.py:190} INFO - [2024-12-20T05:34:13.556+0000] {dagbag.py:588} INFO - Filling up the DagBag from /home/airflow/.local/lib/python3.12/site-packages/airflow/example_dags/tutorial.py
[2024-12-20T05:34:13.579+0000] {processor.py:925} INFO - DAG(s) 'tutorial' retrieved from /home/airflow/.local/lib/python3.12/site-packages/airflow/example_dags/tutorial.py
[2024-12-20T05:34:13.632+0000] {logging_mixin.py:190} INFO - [2024-12-20T05:34:13.631+0000] {dag.py:3239} INFO - Sync 1 DAGs
[2024-12-20T05:34:13.702+0000] {logging_mixin.py:190} INFO - [2024-12-20T05:34:13.701+0000] {dag.py:4180} INFO - Setting next_dagrun for tutorial to 2024-12-19 00:00:00+00:00, run_after=2024-12-20 00:00:00+00:00
[2024-12-20T05:34:13.752+0000] {processor.py:208} INFO - Processing /home/airflow/.local/lib/python3.12/site-packages/airflow/example_dags/tutorial.py took 0.218 seconds
[2024-12-20T05:34:44.896+0000] {processor.py:186} INFO - Started process (PID=13225) to work on /home/airflow/.local/lib/python3.12/site-packages/airflow/example_dags/tutorial.py
[2024-12-20T05:34:44.898+0000] {processor.py:914} INFO - Processing file /home/airflow/.local/lib/python3.12/site-packages/airflow/example_dags/tutorial.py for tasks to queue
[2024-12-20T05:34:44.903+0000] {logging_mixin.py:190} INFO - [2024-12-20T05:34:44.902+0000] {dagbag.py:588} INFO - Filling up the DagBag from /home/airflow/.local/lib/python3.12/site-packages/airflow/example_dags/tutorial.py
[2024-12-20T05:34:44.924+0000] {processor.py:925} INFO - DAG(s) 'tutorial' retrieved from /home/airflow/.local/lib/python3.12/site-packages/airflow/example_dags/tutorial.py
[2024-12-20T05:34:44.971+0000] {logging_mixin.py:190} INFO - [2024-12-20T05:34:44.970+0000] {dag.py:3239} INFO - Sync 1 DAGs
[2024-12-20T05:34:45.031+0000] {logging_mixin.py:190} INFO - [2024-12-20T05:34:45.030+0000] {dag.py:4180} INFO - Setting next_dagrun for tutorial to 2024-12-19 00:00:00+00:00, run_after=2024-12-20 00:00:00+00:00
[2024-12-20T05:34:45.076+0000] {processor.py:208} INFO - Processing /home/airflow/.local/lib/python3.12/site-packages/airflow/example_dags/tutorial.py took 0.197 seconds
[2024-12-20T05:35:17.479+0000] {processor.py:186} INFO - Started process (PID=13290) to work on /home/airflow/.local/lib/python3.12/site-packages/airflow/example_dags/tutorial.py
[2024-12-20T05:35:17.482+0000] {processor.py:914} INFO - Processing file /home/airflow/.local/lib/python3.12/site-packages/airflow/example_dags/tutorial.py for tasks to queue
[2024-12-20T05:35:17.490+0000] {logging_mixin.py:190} INFO - [2024-12-20T05:35:17.489+0000] {dagbag.py:588} INFO - Filling up the DagBag from /home/airflow/.local/lib/python3.12/site-packages/airflow/example_dags/tutorial.py
[2024-12-20T05:35:17.524+0000] {processor.py:925} INFO - DAG(s) 'tutorial' retrieved from /home/airflow/.local/lib/python3.12/site-packages/airflow/example_dags/tutorial.py
[2024-12-20T05:35:17.599+0000] {logging_mixin.py:190} INFO - [2024-12-20T05:35:17.599+0000] {dag.py:3239} INFO - Sync 1 DAGs
[2024-12-20T05:35:17.682+0000] {logging_mixin.py:190} INFO - [2024-12-20T05:35:17.682+0000] {dag.py:4180} INFO - Setting next_dagrun for tutorial to 2024-12-19 00:00:00+00:00, run_after=2024-12-20 00:00:00+00:00
[2024-12-20T05:35:17.732+0000] {processor.py:208} INFO - Processing /home/airflow/.local/lib/python3.12/site-packages/airflow/example_dags/tutorial.py took 0.277 seconds
[2024-12-20T05:35:50.421+0000] {processor.py:186} INFO - Started process (PID=13355) to work on /home/airflow/.local/lib/python3.12/site-packages/airflow/example_dags/tutorial.py
[2024-12-20T05:35:50.424+0000] {processor.py:914} INFO - Processing file /home/airflow/.local/lib/python3.12/site-packages/airflow/example_dags/tutorial.py for tasks to queue
[2024-12-20T05:35:50.433+0000] {logging_mixin.py:190} INFO - [2024-12-20T05:35:50.432+0000] {dagbag.py:588} INFO - Filling up the DagBag from /home/airflow/.local/lib/python3.12/site-packages/airflow/example_dags/tutorial.py
[2024-12-20T05:35:50.476+0000] {processor.py:925} INFO - DAG(s) 'tutorial' retrieved from /home/airflow/.local/lib/python3.12/site-packages/airflow/example_dags/tutorial.py
[2024-12-20T05:35:50.556+0000] {logging_mixin.py:190} INFO - [2024-12-20T05:35:50.556+0000] {dag.py:3239} INFO - Sync 1 DAGs
[2024-12-20T05:35:50.644+0000] {logging_mixin.py:190} INFO - [2024-12-20T05:35:50.643+0000] {dag.py:4180} INFO - Setting next_dagrun for tutorial to 2024-12-19 00:00:00+00:00, run_after=2024-12-20 00:00:00+00:00
[2024-12-20T05:35:50.694+0000] {processor.py:208} INFO - Processing /home/airflow/.local/lib/python3.12/site-packages/airflow/example_dags/tutorial.py took 0.294 seconds
[2024-12-20T05:36:23.454+0000] {processor.py:186} INFO - Started process (PID=13420) to work on /home/airflow/.local/lib/python3.12/site-packages/airflow/example_dags/tutorial.py
[2024-12-20T05:36:23.457+0000] {processor.py:914} INFO - Processing file /home/airflow/.local/lib/python3.12/site-packages/airflow/example_dags/tutorial.py for tasks to queue
[2024-12-20T05:36:23.464+0000] {logging_mixin.py:190} INFO - [2024-12-20T05:36:23.463+0000] {dagbag.py:588} INFO - Filling up the DagBag from /home/airflow/.local/lib/python3.12/site-packages/airflow/example_dags/tutorial.py
[2024-12-20T05:36:23.490+0000] {processor.py:925} INFO - DAG(s) 'tutorial' retrieved from /home/airflow/.local/lib/python3.12/site-packages/airflow/example_dags/tutorial.py
[2024-12-20T05:36:23.565+0000] {logging_mixin.py:190} INFO - [2024-12-20T05:36:23.564+0000] {dag.py:3239} INFO - Sync 1 DAGs
[2024-12-20T05:36:23.683+0000] {logging_mixin.py:190} INFO - [2024-12-20T05:36:23.682+0000] {dag.py:4180} INFO - Setting next_dagrun for tutorial to 2024-12-19 00:00:00+00:00, run_after=2024-12-20 00:00:00+00:00
[2024-12-20T05:36:23.759+0000] {processor.py:208} INFO - Processing /home/airflow/.local/lib/python3.12/site-packages/airflow/example_dags/tutorial.py took 0.321 seconds
[2024-12-20T05:36:54.793+0000] {processor.py:186} INFO - Started process (PID=13485) to work on /home/airflow/.local/lib/python3.12/site-packages/airflow/example_dags/tutorial.py
[2024-12-20T05:36:54.797+0000] {processor.py:914} INFO - Processing file /home/airflow/.local/lib/python3.12/site-packages/airflow/example_dags/tutorial.py for tasks to queue
[2024-12-20T05:36:54.809+0000] {logging_mixin.py:190} INFO - [2024-12-20T05:36:54.807+0000] {dagbag.py:588} INFO - Filling up the DagBag from /home/airflow/.local/lib/python3.12/site-packages/airflow/example_dags/tutorial.py
[2024-12-20T05:36:54.841+0000] {processor.py:925} INFO - DAG(s) 'tutorial' retrieved from /home/airflow/.local/lib/python3.12/site-packages/airflow/example_dags/tutorial.py
[2024-12-20T05:36:54.898+0000] {logging_mixin.py:190} INFO - [2024-12-20T05:36:54.897+0000] {dag.py:3239} INFO - Sync 1 DAGs
[2024-12-20T05:36:54.947+0000] {logging_mixin.py:190} INFO - [2024-12-20T05:36:54.946+0000] {dag.py:4180} INFO - Setting next_dagrun for tutorial to 2024-12-19 00:00:00+00:00, run_after=2024-12-20 00:00:00+00:00
[2024-12-20T05:36:54.986+0000] {processor.py:208} INFO - Processing /home/airflow/.local/lib/python3.12/site-packages/airflow/example_dags/tutorial.py took 0.225 seconds
[2024-12-20T05:37:26.994+0000] {processor.py:186} INFO - Started process (PID=13551) to work on /home/airflow/.local/lib/python3.12/site-packages/airflow/example_dags/tutorial.py
[2024-12-20T05:37:26.997+0000] {processor.py:914} INFO - Processing file /home/airflow/.local/lib/python3.12/site-packages/airflow/example_dags/tutorial.py for tasks to queue
[2024-12-20T05:37:27.005+0000] {logging_mixin.py:190} INFO - [2024-12-20T05:37:27.003+0000] {dagbag.py:588} INFO - Filling up the DagBag from /home/airflow/.local/lib/python3.12/site-packages/airflow/example_dags/tutorial.py
[2024-12-20T05:37:27.040+0000] {processor.py:925} INFO - DAG(s) 'tutorial' retrieved from /home/airflow/.local/lib/python3.12/site-packages/airflow/example_dags/tutorial.py
[2024-12-20T05:37:27.106+0000] {logging_mixin.py:190} INFO - [2024-12-20T05:37:27.106+0000] {dag.py:3239} INFO - Sync 1 DAGs
[2024-12-20T05:37:27.186+0000] {logging_mixin.py:190} INFO - [2024-12-20T05:37:27.186+0000] {dag.py:4180} INFO - Setting next_dagrun for tutorial to 2024-12-19 00:00:00+00:00, run_after=2024-12-20 00:00:00+00:00
[2024-12-20T05:37:27.240+0000] {processor.py:208} INFO - Processing /home/airflow/.local/lib/python3.12/site-packages/airflow/example_dags/tutorial.py took 0.265 seconds
[2024-12-20T05:37:58.263+0000] {processor.py:186} INFO - Started process (PID=13616) to work on /home/airflow/.local/lib/python3.12/site-packages/airflow/example_dags/tutorial.py
[2024-12-20T05:37:58.265+0000] {processor.py:914} INFO - Processing file /home/airflow/.local/lib/python3.12/site-packages/airflow/example_dags/tutorial.py for tasks to queue
[2024-12-20T05:37:58.271+0000] {logging_mixin.py:190} INFO - [2024-12-20T05:37:58.270+0000] {dagbag.py:588} INFO - Filling up the DagBag from /home/airflow/.local/lib/python3.12/site-packages/airflow/example_dags/tutorial.py
[2024-12-20T05:37:58.290+0000] {processor.py:925} INFO - DAG(s) 'tutorial' retrieved from /home/airflow/.local/lib/python3.12/site-packages/airflow/example_dags/tutorial.py
[2024-12-20T05:37:58.333+0000] {logging_mixin.py:190} INFO - [2024-12-20T05:37:58.332+0000] {dag.py:3239} INFO - Sync 1 DAGs
[2024-12-20T05:37:58.384+0000] {logging_mixin.py:190} INFO - [2024-12-20T05:37:58.383+0000] {dag.py:4180} INFO - Setting next_dagrun for tutorial to 2024-12-19 00:00:00+00:00, run_after=2024-12-20 00:00:00+00:00
[2024-12-20T05:37:58.424+0000] {processor.py:208} INFO - Processing /home/airflow/.local/lib/python3.12/site-packages/airflow/example_dags/tutorial.py took 0.173 seconds
[2024-12-20T05:38:28.840+0000] {processor.py:186} INFO - Started process (PID=13680) to work on /home/airflow/.local/lib/python3.12/site-packages/airflow/example_dags/tutorial.py
[2024-12-20T05:38:28.842+0000] {processor.py:914} INFO - Processing file /home/airflow/.local/lib/python3.12/site-packages/airflow/example_dags/tutorial.py for tasks to queue
[2024-12-20T05:38:28.848+0000] {logging_mixin.py:190} INFO - [2024-12-20T05:38:28.847+0000] {dagbag.py:588} INFO - Filling up the DagBag from /home/airflow/.local/lib/python3.12/site-packages/airflow/example_dags/tutorial.py
[2024-12-20T05:38:28.866+0000] {processor.py:925} INFO - DAG(s) 'tutorial' retrieved from /home/airflow/.local/lib/python3.12/site-packages/airflow/example_dags/tutorial.py
[2024-12-20T05:38:28.912+0000] {logging_mixin.py:190} INFO - [2024-12-20T05:38:28.911+0000] {dag.py:3239} INFO - Sync 1 DAGs
[2024-12-20T05:38:28.981+0000] {logging_mixin.py:190} INFO - [2024-12-20T05:38:28.981+0000] {dag.py:4180} INFO - Setting next_dagrun for tutorial to 2024-12-19 00:00:00+00:00, run_after=2024-12-20 00:00:00+00:00
[2024-12-20T05:38:29.059+0000] {processor.py:208} INFO - Processing /home/airflow/.local/lib/python3.12/site-packages/airflow/example_dags/tutorial.py took 0.232 seconds
[2024-12-20T05:39:00.036+0000] {processor.py:186} INFO - Started process (PID=13745) to work on /home/airflow/.local/lib/python3.12/site-packages/airflow/example_dags/tutorial.py
[2024-12-20T05:39:00.038+0000] {processor.py:914} INFO - Processing file /home/airflow/.local/lib/python3.12/site-packages/airflow/example_dags/tutorial.py for tasks to queue
[2024-12-20T05:39:00.046+0000] {logging_mixin.py:190} INFO - [2024-12-20T05:39:00.045+0000] {dagbag.py:588} INFO - Filling up the DagBag from /home/airflow/.local/lib/python3.12/site-packages/airflow/example_dags/tutorial.py
[2024-12-20T05:39:00.073+0000] {processor.py:925} INFO - DAG(s) 'tutorial' retrieved from /home/airflow/.local/lib/python3.12/site-packages/airflow/example_dags/tutorial.py
[2024-12-20T05:39:00.137+0000] {logging_mixin.py:190} INFO - [2024-12-20T05:39:00.136+0000] {dag.py:3239} INFO - Sync 1 DAGs
[2024-12-20T05:39:00.216+0000] {logging_mixin.py:190} INFO - [2024-12-20T05:39:00.215+0000] {dag.py:4180} INFO - Setting next_dagrun for tutorial to 2024-12-19 00:00:00+00:00, run_after=2024-12-20 00:00:00+00:00
[2024-12-20T05:39:00.275+0000] {processor.py:208} INFO - Processing /home/airflow/.local/lib/python3.12/site-packages/airflow/example_dags/tutorial.py took 0.260 seconds
[2024-12-20T05:39:30.482+0000] {processor.py:186} INFO - Started process (PID=13810) to work on /home/airflow/.local/lib/python3.12/site-packages/airflow/example_dags/tutorial.py
[2024-12-20T05:39:30.484+0000] {processor.py:914} INFO - Processing file /home/airflow/.local/lib/python3.12/site-packages/airflow/example_dags/tutorial.py for tasks to queue
[2024-12-20T05:39:30.489+0000] {logging_mixin.py:190} INFO - [2024-12-20T05:39:30.489+0000] {dagbag.py:588} INFO - Filling up the DagBag from /home/airflow/.local/lib/python3.12/site-packages/airflow/example_dags/tutorial.py
[2024-12-20T05:39:30.511+0000] {processor.py:925} INFO - DAG(s) 'tutorial' retrieved from /home/airflow/.local/lib/python3.12/site-packages/airflow/example_dags/tutorial.py
[2024-12-20T05:39:30.551+0000] {logging_mixin.py:190} INFO - [2024-12-20T05:39:30.550+0000] {dag.py:3239} INFO - Sync 1 DAGs
[2024-12-20T05:39:30.610+0000] {logging_mixin.py:190} INFO - [2024-12-20T05:39:30.609+0000] {dag.py:4180} INFO - Setting next_dagrun for tutorial to 2024-12-19 00:00:00+00:00, run_after=2024-12-20 00:00:00+00:00
[2024-12-20T05:39:30.653+0000] {processor.py:208} INFO - Processing /home/airflow/.local/lib/python3.12/site-packages/airflow/example_dags/tutorial.py took 0.184 seconds
[2024-12-20T05:40:01.292+0000] {processor.py:186} INFO - Started process (PID=13875) to work on /home/airflow/.local/lib/python3.12/site-packages/airflow/example_dags/tutorial.py
[2024-12-20T05:40:01.294+0000] {processor.py:914} INFO - Processing file /home/airflow/.local/lib/python3.12/site-packages/airflow/example_dags/tutorial.py for tasks to queue
[2024-12-20T05:40:01.300+0000] {logging_mixin.py:190} INFO - [2024-12-20T05:40:01.299+0000] {dagbag.py:588} INFO - Filling up the DagBag from /home/airflow/.local/lib/python3.12/site-packages/airflow/example_dags/tutorial.py
[2024-12-20T05:40:01.315+0000] {processor.py:925} INFO - DAG(s) 'tutorial' retrieved from /home/airflow/.local/lib/python3.12/site-packages/airflow/example_dags/tutorial.py
[2024-12-20T05:40:01.352+0000] {logging_mixin.py:190} INFO - [2024-12-20T05:40:01.351+0000] {dag.py:3239} INFO - Sync 1 DAGs
[2024-12-20T05:40:01.399+0000] {logging_mixin.py:190} INFO - [2024-12-20T05:40:01.398+0000] {dag.py:4180} INFO - Setting next_dagrun for tutorial to 2024-12-19 00:00:00+00:00, run_after=2024-12-20 00:00:00+00:00
[2024-12-20T05:40:01.470+0000] {processor.py:208} INFO - Processing /home/airflow/.local/lib/python3.12/site-packages/airflow/example_dags/tutorial.py took 0.189 seconds
[2024-12-20T05:40:31.636+0000] {processor.py:186} INFO - Started process (PID=13939) to work on /home/airflow/.local/lib/python3.12/site-packages/airflow/example_dags/tutorial.py
[2024-12-20T05:40:31.639+0000] {processor.py:914} INFO - Processing file /home/airflow/.local/lib/python3.12/site-packages/airflow/example_dags/tutorial.py for tasks to queue
[2024-12-20T05:40:31.649+0000] {logging_mixin.py:190} INFO - [2024-12-20T05:40:31.647+0000] {dagbag.py:588} INFO - Filling up the DagBag from /home/airflow/.local/lib/python3.12/site-packages/airflow/example_dags/tutorial.py
[2024-12-20T05:40:31.678+0000] {processor.py:925} INFO - DAG(s) 'tutorial' retrieved from /home/airflow/.local/lib/python3.12/site-packages/airflow/example_dags/tutorial.py
[2024-12-20T05:40:31.725+0000] {logging_mixin.py:190} INFO - [2024-12-20T05:40:31.725+0000] {dag.py:3239} INFO - Sync 1 DAGs
[2024-12-20T05:40:31.786+0000] {logging_mixin.py:190} INFO - [2024-12-20T05:40:31.785+0000] {dag.py:4180} INFO - Setting next_dagrun for tutorial to 2024-12-19 00:00:00+00:00, run_after=2024-12-20 00:00:00+00:00
[2024-12-20T05:40:31.835+0000] {processor.py:208} INFO - Processing /home/airflow/.local/lib/python3.12/site-packages/airflow/example_dags/tutorial.py took 0.224 seconds
[2024-12-20T05:41:04.897+0000] {processor.py:186} INFO - Started process (PID=14010) to work on /home/airflow/.local/lib/python3.12/site-packages/airflow/example_dags/tutorial.py
[2024-12-20T05:41:04.900+0000] {processor.py:914} INFO - Processing file /home/airflow/.local/lib/python3.12/site-packages/airflow/example_dags/tutorial.py for tasks to queue
[2024-12-20T05:41:04.912+0000] {logging_mixin.py:190} INFO - [2024-12-20T05:41:04.911+0000] {dagbag.py:588} INFO - Filling up the DagBag from /home/airflow/.local/lib/python3.12/site-packages/airflow/example_dags/tutorial.py
[2024-12-20T05:41:04.938+0000] {processor.py:925} INFO - DAG(s) 'tutorial' retrieved from /home/airflow/.local/lib/python3.12/site-packages/airflow/example_dags/tutorial.py
[2024-12-20T05:41:04.991+0000] {logging_mixin.py:190} INFO - [2024-12-20T05:41:04.990+0000] {dag.py:3239} INFO - Sync 1 DAGs
[2024-12-20T05:41:05.064+0000] {logging_mixin.py:190} INFO - [2024-12-20T05:41:05.064+0000] {dag.py:4180} INFO - Setting next_dagrun for tutorial to 2024-12-19 00:00:00+00:00, run_after=2024-12-20 00:00:00+00:00
[2024-12-20T05:41:05.119+0000] {processor.py:208} INFO - Processing /home/airflow/.local/lib/python3.12/site-packages/airflow/example_dags/tutorial.py took 0.247 seconds
[2024-12-20T05:41:36.494+0000] {processor.py:186} INFO - Started process (PID=14076) to work on /home/airflow/.local/lib/python3.12/site-packages/airflow/example_dags/tutorial.py
[2024-12-20T05:41:36.497+0000] {processor.py:914} INFO - Processing file /home/airflow/.local/lib/python3.12/site-packages/airflow/example_dags/tutorial.py for tasks to queue
[2024-12-20T05:41:36.506+0000] {logging_mixin.py:190} INFO - [2024-12-20T05:41:36.505+0000] {dagbag.py:588} INFO - Filling up the DagBag from /home/airflow/.local/lib/python3.12/site-packages/airflow/example_dags/tutorial.py
[2024-12-20T05:41:36.537+0000] {processor.py:925} INFO - DAG(s) 'tutorial' retrieved from /home/airflow/.local/lib/python3.12/site-packages/airflow/example_dags/tutorial.py
[2024-12-20T05:41:36.598+0000] {logging_mixin.py:190} INFO - [2024-12-20T05:41:36.598+0000] {dag.py:3239} INFO - Sync 1 DAGs
[2024-12-20T05:41:36.675+0000] {logging_mixin.py:190} INFO - [2024-12-20T05:41:36.674+0000] {dag.py:4180} INFO - Setting next_dagrun for tutorial to 2024-12-19 00:00:00+00:00, run_after=2024-12-20 00:00:00+00:00
[2024-12-20T05:41:36.761+0000] {processor.py:208} INFO - Processing /home/airflow/.local/lib/python3.12/site-packages/airflow/example_dags/tutorial.py took 0.294 seconds
[2024-12-20T05:42:07.774+0000] {processor.py:186} INFO - Started process (PID=14137) to work on /home/airflow/.local/lib/python3.12/site-packages/airflow/example_dags/tutorial.py
[2024-12-20T05:42:07.777+0000] {processor.py:914} INFO - Processing file /home/airflow/.local/lib/python3.12/site-packages/airflow/example_dags/tutorial.py for tasks to queue
[2024-12-20T05:42:07.785+0000] {logging_mixin.py:190} INFO - [2024-12-20T05:42:07.784+0000] {dagbag.py:588} INFO - Filling up the DagBag from /home/airflow/.local/lib/python3.12/site-packages/airflow/example_dags/tutorial.py
[2024-12-20T05:42:07.815+0000] {processor.py:925} INFO - DAG(s) 'tutorial' retrieved from /home/airflow/.local/lib/python3.12/site-packages/airflow/example_dags/tutorial.py
[2024-12-20T05:42:07.870+0000] {logging_mixin.py:190} INFO - [2024-12-20T05:42:07.869+0000] {dag.py:3239} INFO - Sync 1 DAGs
[2024-12-20T05:42:07.944+0000] {logging_mixin.py:190} INFO - [2024-12-20T05:42:07.943+0000] {dag.py:4180} INFO - Setting next_dagrun for tutorial to 2024-12-19 00:00:00+00:00, run_after=2024-12-20 00:00:00+00:00
[2024-12-20T05:42:08.002+0000] {processor.py:208} INFO - Processing /home/airflow/.local/lib/python3.12/site-packages/airflow/example_dags/tutorial.py took 0.247 seconds
[2024-12-20T05:42:38.881+0000] {processor.py:186} INFO - Started process (PID=14202) to work on /home/airflow/.local/lib/python3.12/site-packages/airflow/example_dags/tutorial.py
[2024-12-20T05:42:38.884+0000] {processor.py:914} INFO - Processing file /home/airflow/.local/lib/python3.12/site-packages/airflow/example_dags/tutorial.py for tasks to queue
[2024-12-20T05:42:38.891+0000] {logging_mixin.py:190} INFO - [2024-12-20T05:42:38.890+0000] {dagbag.py:588} INFO - Filling up the DagBag from /home/airflow/.local/lib/python3.12/site-packages/airflow/example_dags/tutorial.py
[2024-12-20T05:42:38.910+0000] {processor.py:925} INFO - DAG(s) 'tutorial' retrieved from /home/airflow/.local/lib/python3.12/site-packages/airflow/example_dags/tutorial.py
[2024-12-20T05:42:38.955+0000] {logging_mixin.py:190} INFO - [2024-12-20T05:42:38.954+0000] {dag.py:3239} INFO - Sync 1 DAGs
[2024-12-20T05:42:39.021+0000] {logging_mixin.py:190} INFO - [2024-12-20T05:42:39.021+0000] {dag.py:4180} INFO - Setting next_dagrun for tutorial to 2024-12-19 00:00:00+00:00, run_after=2024-12-20 00:00:00+00:00
[2024-12-20T05:42:39.067+0000] {processor.py:208} INFO - Processing /home/airflow/.local/lib/python3.12/site-packages/airflow/example_dags/tutorial.py took 0.207 seconds
[2024-12-20T05:43:11.896+0000] {processor.py:186} INFO - Started process (PID=14268) to work on /home/airflow/.local/lib/python3.12/site-packages/airflow/example_dags/tutorial.py
[2024-12-20T05:43:11.898+0000] {processor.py:914} INFO - Processing file /home/airflow/.local/lib/python3.12/site-packages/airflow/example_dags/tutorial.py for tasks to queue
[2024-12-20T05:43:11.905+0000] {logging_mixin.py:190} INFO - [2024-12-20T05:43:11.904+0000] {dagbag.py:588} INFO - Filling up the DagBag from /home/airflow/.local/lib/python3.12/site-packages/airflow/example_dags/tutorial.py
[2024-12-20T05:43:11.928+0000] {processor.py:925} INFO - DAG(s) 'tutorial' retrieved from /home/airflow/.local/lib/python3.12/site-packages/airflow/example_dags/tutorial.py
[2024-12-20T05:43:11.978+0000] {logging_mixin.py:190} INFO - [2024-12-20T05:43:11.977+0000] {dag.py:3239} INFO - Sync 1 DAGs
[2024-12-20T05:43:12.033+0000] {logging_mixin.py:190} INFO - [2024-12-20T05:43:12.032+0000] {dag.py:4180} INFO - Setting next_dagrun for tutorial to 2024-12-19 00:00:00+00:00, run_after=2024-12-20 00:00:00+00:00
[2024-12-20T05:43:12.083+0000] {processor.py:208} INFO - Processing /home/airflow/.local/lib/python3.12/site-packages/airflow/example_dags/tutorial.py took 0.202 seconds
[2024-12-20T05:43:44.353+0000] {processor.py:186} INFO - Started process (PID=14333) to work on /home/airflow/.local/lib/python3.12/site-packages/airflow/example_dags/tutorial.py
[2024-12-20T05:43:44.357+0000] {processor.py:914} INFO - Processing file /home/airflow/.local/lib/python3.12/site-packages/airflow/example_dags/tutorial.py for tasks to queue
[2024-12-20T05:43:44.367+0000] {logging_mixin.py:190} INFO - [2024-12-20T05:43:44.364+0000] {dagbag.py:588} INFO - Filling up the DagBag from /home/airflow/.local/lib/python3.12/site-packages/airflow/example_dags/tutorial.py
[2024-12-20T05:43:44.397+0000] {processor.py:925} INFO - DAG(s) 'tutorial' retrieved from /home/airflow/.local/lib/python3.12/site-packages/airflow/example_dags/tutorial.py
[2024-12-20T05:43:44.463+0000] {logging_mixin.py:190} INFO - [2024-12-20T05:43:44.462+0000] {dag.py:3239} INFO - Sync 1 DAGs
[2024-12-20T05:43:44.567+0000] {logging_mixin.py:190} INFO - [2024-12-20T05:43:44.567+0000] {dag.py:4180} INFO - Setting next_dagrun for tutorial to 2024-12-19 00:00:00+00:00, run_after=2024-12-20 00:00:00+00:00
[2024-12-20T05:43:44.659+0000] {processor.py:208} INFO - Processing /home/airflow/.local/lib/python3.12/site-packages/airflow/example_dags/tutorial.py took 0.333 seconds
[2024-12-20T05:44:15.844+0000] {processor.py:186} INFO - Started process (PID=14398) to work on /home/airflow/.local/lib/python3.12/site-packages/airflow/example_dags/tutorial.py
[2024-12-20T05:44:15.849+0000] {processor.py:914} INFO - Processing file /home/airflow/.local/lib/python3.12/site-packages/airflow/example_dags/tutorial.py for tasks to queue
[2024-12-20T05:44:15.867+0000] {logging_mixin.py:190} INFO - [2024-12-20T05:44:15.866+0000] {dagbag.py:588} INFO - Filling up the DagBag from /home/airflow/.local/lib/python3.12/site-packages/airflow/example_dags/tutorial.py
[2024-12-20T05:44:15.915+0000] {processor.py:925} INFO - DAG(s) 'tutorial' retrieved from /home/airflow/.local/lib/python3.12/site-packages/airflow/example_dags/tutorial.py
[2024-12-20T05:44:15.998+0000] {logging_mixin.py:190} INFO - [2024-12-20T05:44:15.997+0000] {dag.py:3239} INFO - Sync 1 DAGs
[2024-12-20T05:44:16.093+0000] {logging_mixin.py:190} INFO - [2024-12-20T05:44:16.092+0000] {dag.py:4180} INFO - Setting next_dagrun for tutorial to 2024-12-19 00:00:00+00:00, run_after=2024-12-20 00:00:00+00:00
[2024-12-20T05:44:16.165+0000] {processor.py:208} INFO - Processing /home/airflow/.local/lib/python3.12/site-packages/airflow/example_dags/tutorial.py took 0.357 seconds
[2024-12-20T05:44:46.505+0000] {processor.py:186} INFO - Started process (PID=14464) to work on /home/airflow/.local/lib/python3.12/site-packages/airflow/example_dags/tutorial.py
[2024-12-20T05:44:46.508+0000] {processor.py:914} INFO - Processing file /home/airflow/.local/lib/python3.12/site-packages/airflow/example_dags/tutorial.py for tasks to queue
[2024-12-20T05:44:46.515+0000] {logging_mixin.py:190} INFO - [2024-12-20T05:44:46.514+0000] {dagbag.py:588} INFO - Filling up the DagBag from /home/airflow/.local/lib/python3.12/site-packages/airflow/example_dags/tutorial.py
[2024-12-20T05:44:46.538+0000] {processor.py:925} INFO - DAG(s) 'tutorial' retrieved from /home/airflow/.local/lib/python3.12/site-packages/airflow/example_dags/tutorial.py
[2024-12-20T05:44:46.590+0000] {logging_mixin.py:190} INFO - [2024-12-20T05:44:46.589+0000] {dag.py:3239} INFO - Sync 1 DAGs
[2024-12-20T05:44:46.652+0000] {logging_mixin.py:190} INFO - [2024-12-20T05:44:46.652+0000] {dag.py:4180} INFO - Setting next_dagrun for tutorial to 2024-12-19 00:00:00+00:00, run_after=2024-12-20 00:00:00+00:00
[2024-12-20T05:44:46.740+0000] {processor.py:208} INFO - Processing /home/airflow/.local/lib/python3.12/site-packages/airflow/example_dags/tutorial.py took 0.253 seconds
[2024-12-20T05:45:17.752+0000] {processor.py:186} INFO - Started process (PID=14527) to work on /home/airflow/.local/lib/python3.12/site-packages/airflow/example_dags/tutorial.py
[2024-12-20T05:45:17.754+0000] {processor.py:914} INFO - Processing file /home/airflow/.local/lib/python3.12/site-packages/airflow/example_dags/tutorial.py for tasks to queue
[2024-12-20T05:45:17.760+0000] {logging_mixin.py:190} INFO - [2024-12-20T05:45:17.760+0000] {dagbag.py:588} INFO - Filling up the DagBag from /home/airflow/.local/lib/python3.12/site-packages/airflow/example_dags/tutorial.py
[2024-12-20T05:45:17.788+0000] {processor.py:925} INFO - DAG(s) 'tutorial' retrieved from /home/airflow/.local/lib/python3.12/site-packages/airflow/example_dags/tutorial.py
[2024-12-20T05:45:17.842+0000] {logging_mixin.py:190} INFO - [2024-12-20T05:45:17.842+0000] {dag.py:3239} INFO - Sync 1 DAGs
[2024-12-20T05:45:17.911+0000] {logging_mixin.py:190} INFO - [2024-12-20T05:45:17.910+0000] {dag.py:4180} INFO - Setting next_dagrun for tutorial to 2024-12-19 00:00:00+00:00, run_after=2024-12-20 00:00:00+00:00
[2024-12-20T05:45:18.009+0000] {processor.py:208} INFO - Processing /home/airflow/.local/lib/python3.12/site-packages/airflow/example_dags/tutorial.py took 0.275 seconds
[2024-12-20T05:45:48.878+0000] {processor.py:186} INFO - Started process (PID=14592) to work on /home/airflow/.local/lib/python3.12/site-packages/airflow/example_dags/tutorial.py
[2024-12-20T05:45:48.880+0000] {processor.py:914} INFO - Processing file /home/airflow/.local/lib/python3.12/site-packages/airflow/example_dags/tutorial.py for tasks to queue
[2024-12-20T05:45:48.885+0000] {logging_mixin.py:190} INFO - [2024-12-20T05:45:48.885+0000] {dagbag.py:588} INFO - Filling up the DagBag from /home/airflow/.local/lib/python3.12/site-packages/airflow/example_dags/tutorial.py
[2024-12-20T05:45:48.905+0000] {processor.py:925} INFO - DAG(s) 'tutorial' retrieved from /home/airflow/.local/lib/python3.12/site-packages/airflow/example_dags/tutorial.py
[2024-12-20T05:45:48.954+0000] {logging_mixin.py:190} INFO - [2024-12-20T05:45:48.954+0000] {dag.py:3239} INFO - Sync 1 DAGs
[2024-12-20T05:45:49.034+0000] {logging_mixin.py:190} INFO - [2024-12-20T05:45:49.033+0000] {dag.py:4180} INFO - Setting next_dagrun for tutorial to 2024-12-19 00:00:00+00:00, run_after=2024-12-20 00:00:00+00:00
[2024-12-20T05:45:49.090+0000] {processor.py:208} INFO - Processing /home/airflow/.local/lib/python3.12/site-packages/airflow/example_dags/tutorial.py took 0.224 seconds
[2024-12-20T05:46:19.395+0000] {processor.py:186} INFO - Started process (PID=14657) to work on /home/airflow/.local/lib/python3.12/site-packages/airflow/example_dags/tutorial.py
[2024-12-20T05:46:19.398+0000] {processor.py:914} INFO - Processing file /home/airflow/.local/lib/python3.12/site-packages/airflow/example_dags/tutorial.py for tasks to queue
[2024-12-20T05:46:19.404+0000] {logging_mixin.py:190} INFO - [2024-12-20T05:46:19.403+0000] {dagbag.py:588} INFO - Filling up the DagBag from /home/airflow/.local/lib/python3.12/site-packages/airflow/example_dags/tutorial.py
[2024-12-20T05:46:19.428+0000] {processor.py:925} INFO - DAG(s) 'tutorial' retrieved from /home/airflow/.local/lib/python3.12/site-packages/airflow/example_dags/tutorial.py
[2024-12-20T05:46:19.473+0000] {logging_mixin.py:190} INFO - [2024-12-20T05:46:19.472+0000] {dag.py:3239} INFO - Sync 1 DAGs
[2024-12-20T05:46:19.521+0000] {logging_mixin.py:190} INFO - [2024-12-20T05:46:19.521+0000] {dag.py:4180} INFO - Setting next_dagrun for tutorial to 2024-12-19 00:00:00+00:00, run_after=2024-12-20 00:00:00+00:00
[2024-12-20T05:46:19.558+0000] {processor.py:208} INFO - Processing /home/airflow/.local/lib/python3.12/site-packages/airflow/example_dags/tutorial.py took 0.176 seconds
[2024-12-20T05:46:49.752+0000] {processor.py:186} INFO - Started process (PID=14721) to work on /home/airflow/.local/lib/python3.12/site-packages/airflow/example_dags/tutorial.py
[2024-12-20T05:46:49.755+0000] {processor.py:914} INFO - Processing file /home/airflow/.local/lib/python3.12/site-packages/airflow/example_dags/tutorial.py for tasks to queue
[2024-12-20T05:46:49.760+0000] {logging_mixin.py:190} INFO - [2024-12-20T05:46:49.759+0000] {dagbag.py:588} INFO - Filling up the DagBag from /home/airflow/.local/lib/python3.12/site-packages/airflow/example_dags/tutorial.py
[2024-12-20T05:46:49.776+0000] {processor.py:925} INFO - DAG(s) 'tutorial' retrieved from /home/airflow/.local/lib/python3.12/site-packages/airflow/example_dags/tutorial.py
[2024-12-20T05:46:49.817+0000] {logging_mixin.py:190} INFO - [2024-12-20T05:46:49.817+0000] {dag.py:3239} INFO - Sync 1 DAGs
[2024-12-20T05:46:49.864+0000] {logging_mixin.py:190} INFO - [2024-12-20T05:46:49.864+0000] {dag.py:4180} INFO - Setting next_dagrun for tutorial to 2024-12-19 00:00:00+00:00, run_after=2024-12-20 00:00:00+00:00
[2024-12-20T05:46:49.933+0000] {processor.py:208} INFO - Processing /home/airflow/.local/lib/python3.12/site-packages/airflow/example_dags/tutorial.py took 0.192 seconds
[2024-12-20T05:47:20.120+0000] {processor.py:186} INFO - Started process (PID=14786) to work on /home/airflow/.local/lib/python3.12/site-packages/airflow/example_dags/tutorial.py
[2024-12-20T05:47:20.123+0000] {processor.py:914} INFO - Processing file /home/airflow/.local/lib/python3.12/site-packages/airflow/example_dags/tutorial.py for tasks to queue
[2024-12-20T05:47:20.129+0000] {logging_mixin.py:190} INFO - [2024-12-20T05:47:20.127+0000] {dagbag.py:588} INFO - Filling up the DagBag from /home/airflow/.local/lib/python3.12/site-packages/airflow/example_dags/tutorial.py
[2024-12-20T05:47:20.151+0000] {processor.py:925} INFO - DAG(s) 'tutorial' retrieved from /home/airflow/.local/lib/python3.12/site-packages/airflow/example_dags/tutorial.py
[2024-12-20T05:47:20.196+0000] {logging_mixin.py:190} INFO - [2024-12-20T05:47:20.195+0000] {dag.py:3239} INFO - Sync 1 DAGs
[2024-12-20T05:47:20.262+0000] {logging_mixin.py:190} INFO - [2024-12-20T05:47:20.261+0000] {dag.py:4180} INFO - Setting next_dagrun for tutorial to 2024-12-19 00:00:00+00:00, run_after=2024-12-20 00:00:00+00:00
[2024-12-20T05:47:20.344+0000] {processor.py:208} INFO - Processing /home/airflow/.local/lib/python3.12/site-packages/airflow/example_dags/tutorial.py took 0.242 seconds
[2024-12-20T05:48:03.463+0000] {processor.py:186} INFO - Started process (PID=14857) to work on /home/airflow/.local/lib/python3.12/site-packages/airflow/example_dags/tutorial.py
[2024-12-20T05:48:03.488+0000] {processor.py:914} INFO - Processing file /home/airflow/.local/lib/python3.12/site-packages/airflow/example_dags/tutorial.py for tasks to queue
[2024-12-20T05:48:03.540+0000] {logging_mixin.py:190} INFO - [2024-12-20T05:48:03.534+0000] {dagbag.py:588} INFO - Filling up the DagBag from /home/airflow/.local/lib/python3.12/site-packages/airflow/example_dags/tutorial.py
[2024-12-20T05:48:03.646+0000] {processor.py:925} INFO - DAG(s) 'tutorial' retrieved from /home/airflow/.local/lib/python3.12/site-packages/airflow/example_dags/tutorial.py
[2024-12-20T05:48:03.828+0000] {logging_mixin.py:190} INFO - [2024-12-20T05:48:03.825+0000] {dag.py:3239} INFO - Sync 1 DAGs
[2024-12-20T05:48:04.016+0000] {logging_mixin.py:190} INFO - [2024-12-20T05:48:04.014+0000] {dag.py:4180} INFO - Setting next_dagrun for tutorial to 2024-12-19 00:00:00+00:00, run_after=2024-12-20 00:00:00+00:00
[2024-12-20T05:48:04.248+0000] {processor.py:208} INFO - Processing /home/airflow/.local/lib/python3.12/site-packages/airflow/example_dags/tutorial.py took 0.858 seconds
