[2024-12-20T05:28:34.672+0000] {processor.py:186} INFO - Started process (PID=12498) to work on /home/airflow/.local/lib/python3.12/site-packages/airflow/example_dags/tutorial_dag.py
[2024-12-20T05:28:34.688+0000] {processor.py:914} INFO - Processing file /home/airflow/.local/lib/python3.12/site-packages/airflow/example_dags/tutorial_dag.py for tasks to queue
[2024-12-20T05:28:34.737+0000] {logging_mixin.py:190} INFO - [2024-12-20T05:28:34.728+0000] {dagbag.py:588} INFO - Filling up the DagBag from /home/airflow/.local/lib/python3.12/site-packages/airflow/example_dags/tutorial_dag.py
[2024-12-20T05:28:35.066+0000] {processor.py:925} INFO - DAG(s) 'tutorial_dag' retrieved from /home/airflow/.local/lib/python3.12/site-packages/airflow/example_dags/tutorial_dag.py
[2024-12-20T05:28:35.392+0000] {logging_mixin.py:190} INFO - [2024-12-20T05:28:35.390+0000] {dag.py:3239} INFO - Sync 1 DAGs
[2024-12-20T05:28:35.814+0000] {logging_mixin.py:190} INFO - [2024-12-20T05:28:35.813+0000] {dag.py:4180} INFO - Setting next_dagrun for tutorial_dag to None, run_after=None
[2024-12-20T05:28:35.990+0000] {processor.py:208} INFO - Processing /home/airflow/.local/lib/python3.12/site-packages/airflow/example_dags/tutorial_dag.py took 1.389 seconds
[2024-12-20T05:29:19.238+0000] {processor.py:186} INFO - Started process (PID=12562) to work on /home/airflow/.local/lib/python3.12/site-packages/airflow/example_dags/tutorial_dag.py
[2024-12-20T05:29:19.241+0000] {processor.py:914} INFO - Processing file /home/airflow/.local/lib/python3.12/site-packages/airflow/example_dags/tutorial_dag.py for tasks to queue
[2024-12-20T05:29:19.249+0000] {logging_mixin.py:190} INFO - [2024-12-20T05:29:19.248+0000] {dagbag.py:588} INFO - Filling up the DagBag from /home/airflow/.local/lib/python3.12/site-packages/airflow/example_dags/tutorial_dag.py
[2024-12-20T05:29:19.278+0000] {processor.py:925} INFO - DAG(s) 'tutorial_dag' retrieved from /home/airflow/.local/lib/python3.12/site-packages/airflow/example_dags/tutorial_dag.py
[2024-12-20T05:29:19.362+0000] {logging_mixin.py:190} INFO - [2024-12-20T05:29:19.361+0000] {dag.py:3239} INFO - Sync 1 DAGs
[2024-12-20T05:29:19.420+0000] {logging_mixin.py:190} INFO - [2024-12-20T05:29:19.419+0000] {dag.py:4180} INFO - Setting next_dagrun for tutorial_dag to None, run_after=None
[2024-12-20T05:29:19.491+0000] {processor.py:208} INFO - Processing /home/airflow/.local/lib/python3.12/site-packages/airflow/example_dags/tutorial_dag.py took 0.277 seconds
[2024-12-20T05:29:50.089+0000] {processor.py:186} INFO - Started process (PID=12627) to work on /home/airflow/.local/lib/python3.12/site-packages/airflow/example_dags/tutorial_dag.py
[2024-12-20T05:29:50.092+0000] {processor.py:914} INFO - Processing file /home/airflow/.local/lib/python3.12/site-packages/airflow/example_dags/tutorial_dag.py for tasks to queue
[2024-12-20T05:29:50.102+0000] {logging_mixin.py:190} INFO - [2024-12-20T05:29:50.101+0000] {dagbag.py:588} INFO - Filling up the DagBag from /home/airflow/.local/lib/python3.12/site-packages/airflow/example_dags/tutorial_dag.py
[2024-12-20T05:29:50.139+0000] {processor.py:925} INFO - DAG(s) 'tutorial_dag' retrieved from /home/airflow/.local/lib/python3.12/site-packages/airflow/example_dags/tutorial_dag.py
[2024-12-20T05:29:50.221+0000] {logging_mixin.py:190} INFO - [2024-12-20T05:29:50.220+0000] {dag.py:3239} INFO - Sync 1 DAGs
[2024-12-20T05:29:50.304+0000] {logging_mixin.py:190} INFO - [2024-12-20T05:29:50.303+0000] {dag.py:4180} INFO - Setting next_dagrun for tutorial_dag to None, run_after=None
[2024-12-20T05:29:50.391+0000] {processor.py:208} INFO - Processing /home/airflow/.local/lib/python3.12/site-packages/airflow/example_dags/tutorial_dag.py took 0.324 seconds
[2024-12-20T05:30:21.101+0000] {processor.py:186} INFO - Started process (PID=12692) to work on /home/airflow/.local/lib/python3.12/site-packages/airflow/example_dags/tutorial_dag.py
[2024-12-20T05:30:21.103+0000] {processor.py:914} INFO - Processing file /home/airflow/.local/lib/python3.12/site-packages/airflow/example_dags/tutorial_dag.py for tasks to queue
[2024-12-20T05:30:21.109+0000] {logging_mixin.py:190} INFO - [2024-12-20T05:30:21.108+0000] {dagbag.py:588} INFO - Filling up the DagBag from /home/airflow/.local/lib/python3.12/site-packages/airflow/example_dags/tutorial_dag.py
[2024-12-20T05:30:21.130+0000] {processor.py:925} INFO - DAG(s) 'tutorial_dag' retrieved from /home/airflow/.local/lib/python3.12/site-packages/airflow/example_dags/tutorial_dag.py
[2024-12-20T05:30:21.181+0000] {logging_mixin.py:190} INFO - [2024-12-20T05:30:21.180+0000] {dag.py:3239} INFO - Sync 1 DAGs
[2024-12-20T05:30:21.224+0000] {logging_mixin.py:190} INFO - [2024-12-20T05:30:21.224+0000] {dag.py:4180} INFO - Setting next_dagrun for tutorial_dag to None, run_after=None
[2024-12-20T05:30:21.272+0000] {processor.py:208} INFO - Processing /home/airflow/.local/lib/python3.12/site-packages/airflow/example_dags/tutorial_dag.py took 0.184 seconds
[2024-12-20T05:30:54.096+0000] {processor.py:186} INFO - Started process (PID=12757) to work on /home/airflow/.local/lib/python3.12/site-packages/airflow/example_dags/tutorial_dag.py
[2024-12-20T05:30:54.100+0000] {processor.py:914} INFO - Processing file /home/airflow/.local/lib/python3.12/site-packages/airflow/example_dags/tutorial_dag.py for tasks to queue
[2024-12-20T05:30:54.110+0000] {logging_mixin.py:190} INFO - [2024-12-20T05:30:54.109+0000] {dagbag.py:588} INFO - Filling up the DagBag from /home/airflow/.local/lib/python3.12/site-packages/airflow/example_dags/tutorial_dag.py
[2024-12-20T05:30:54.151+0000] {processor.py:925} INFO - DAG(s) 'tutorial_dag' retrieved from /home/airflow/.local/lib/python3.12/site-packages/airflow/example_dags/tutorial_dag.py
[2024-12-20T05:30:54.226+0000] {logging_mixin.py:190} INFO - [2024-12-20T05:30:54.225+0000] {dag.py:3239} INFO - Sync 1 DAGs
[2024-12-20T05:30:54.280+0000] {logging_mixin.py:190} INFO - [2024-12-20T05:30:54.279+0000] {dag.py:4180} INFO - Setting next_dagrun for tutorial_dag to None, run_after=None
[2024-12-20T05:30:54.381+0000] {processor.py:208} INFO - Processing /home/airflow/.local/lib/python3.12/site-packages/airflow/example_dags/tutorial_dag.py took 0.311 seconds
[2024-12-20T05:31:25.166+0000] {processor.py:186} INFO - Started process (PID=12822) to work on /home/airflow/.local/lib/python3.12/site-packages/airflow/example_dags/tutorial_dag.py
[2024-12-20T05:31:25.168+0000] {processor.py:914} INFO - Processing file /home/airflow/.local/lib/python3.12/site-packages/airflow/example_dags/tutorial_dag.py for tasks to queue
[2024-12-20T05:31:25.172+0000] {logging_mixin.py:190} INFO - [2024-12-20T05:31:25.172+0000] {dagbag.py:588} INFO - Filling up the DagBag from /home/airflow/.local/lib/python3.12/site-packages/airflow/example_dags/tutorial_dag.py
[2024-12-20T05:31:25.189+0000] {processor.py:925} INFO - DAG(s) 'tutorial_dag' retrieved from /home/airflow/.local/lib/python3.12/site-packages/airflow/example_dags/tutorial_dag.py
[2024-12-20T05:31:25.230+0000] {logging_mixin.py:190} INFO - [2024-12-20T05:31:25.230+0000] {dag.py:3239} INFO - Sync 1 DAGs
[2024-12-20T05:31:25.261+0000] {logging_mixin.py:190} INFO - [2024-12-20T05:31:25.260+0000] {dag.py:4180} INFO - Setting next_dagrun for tutorial_dag to None, run_after=None
[2024-12-20T05:31:25.299+0000] {processor.py:208} INFO - Processing /home/airflow/.local/lib/python3.12/site-packages/airflow/example_dags/tutorial_dag.py took 0.145 seconds
[2024-12-20T05:31:57.396+0000] {processor.py:186} INFO - Started process (PID=12887) to work on /home/airflow/.local/lib/python3.12/site-packages/airflow/example_dags/tutorial_dag.py
[2024-12-20T05:31:57.399+0000] {processor.py:914} INFO - Processing file /home/airflow/.local/lib/python3.12/site-packages/airflow/example_dags/tutorial_dag.py for tasks to queue
[2024-12-20T05:31:57.407+0000] {logging_mixin.py:190} INFO - [2024-12-20T05:31:57.405+0000] {dagbag.py:588} INFO - Filling up the DagBag from /home/airflow/.local/lib/python3.12/site-packages/airflow/example_dags/tutorial_dag.py
[2024-12-20T05:31:57.440+0000] {processor.py:925} INFO - DAG(s) 'tutorial_dag' retrieved from /home/airflow/.local/lib/python3.12/site-packages/airflow/example_dags/tutorial_dag.py
[2024-12-20T05:31:57.519+0000] {logging_mixin.py:190} INFO - [2024-12-20T05:31:57.518+0000] {dag.py:3239} INFO - Sync 1 DAGs
[2024-12-20T05:31:57.581+0000] {logging_mixin.py:190} INFO - [2024-12-20T05:31:57.580+0000] {dag.py:4180} INFO - Setting next_dagrun for tutorial_dag to None, run_after=None
[2024-12-20T05:31:57.663+0000] {processor.py:208} INFO - Processing /home/airflow/.local/lib/python3.12/site-packages/airflow/example_dags/tutorial_dag.py took 0.290 seconds
[2024-12-20T05:32:29.741+0000] {processor.py:186} INFO - Started process (PID=12952) to work on /home/airflow/.local/lib/python3.12/site-packages/airflow/example_dags/tutorial_dag.py
[2024-12-20T05:32:29.744+0000] {processor.py:914} INFO - Processing file /home/airflow/.local/lib/python3.12/site-packages/airflow/example_dags/tutorial_dag.py for tasks to queue
[2024-12-20T05:32:29.754+0000] {logging_mixin.py:190} INFO - [2024-12-20T05:32:29.752+0000] {dagbag.py:588} INFO - Filling up the DagBag from /home/airflow/.local/lib/python3.12/site-packages/airflow/example_dags/tutorial_dag.py
[2024-12-20T05:32:29.781+0000] {processor.py:925} INFO - DAG(s) 'tutorial_dag' retrieved from /home/airflow/.local/lib/python3.12/site-packages/airflow/example_dags/tutorial_dag.py
[2024-12-20T05:32:29.850+0000] {logging_mixin.py:190} INFO - [2024-12-20T05:32:29.850+0000] {dag.py:3239} INFO - Sync 1 DAGs
[2024-12-20T05:32:29.920+0000] {logging_mixin.py:190} INFO - [2024-12-20T05:32:29.919+0000] {dag.py:4180} INFO - Setting next_dagrun for tutorial_dag to None, run_after=None
[2024-12-20T05:32:29.979+0000] {processor.py:208} INFO - Processing /home/airflow/.local/lib/python3.12/site-packages/airflow/example_dags/tutorial_dag.py took 0.260 seconds
[2024-12-20T05:33:04.299+0000] {processor.py:186} INFO - Started process (PID=13025) to work on /home/airflow/.local/lib/python3.12/site-packages/airflow/example_dags/tutorial_dag.py
[2024-12-20T05:33:04.311+0000] {processor.py:914} INFO - Processing file /home/airflow/.local/lib/python3.12/site-packages/airflow/example_dags/tutorial_dag.py for tasks to queue
[2024-12-20T05:33:04.324+0000] {logging_mixin.py:190} INFO - [2024-12-20T05:33:04.323+0000] {dagbag.py:588} INFO - Filling up the DagBag from /home/airflow/.local/lib/python3.12/site-packages/airflow/example_dags/tutorial_dag.py
[2024-12-20T05:33:04.402+0000] {processor.py:925} INFO - DAG(s) 'tutorial_dag' retrieved from /home/airflow/.local/lib/python3.12/site-packages/airflow/example_dags/tutorial_dag.py
[2024-12-20T05:33:04.545+0000] {logging_mixin.py:190} INFO - [2024-12-20T05:33:04.544+0000] {dag.py:3239} INFO - Sync 1 DAGs
[2024-12-20T05:33:04.662+0000] {logging_mixin.py:190} INFO - [2024-12-20T05:33:04.662+0000] {dag.py:4180} INFO - Setting next_dagrun for tutorial_dag to None, run_after=None
[2024-12-20T05:33:04.784+0000] {processor.py:208} INFO - Processing /home/airflow/.local/lib/python3.12/site-packages/airflow/example_dags/tutorial_dag.py took 0.512 seconds
[2024-12-20T05:33:35.094+0000] {processor.py:186} INFO - Started process (PID=13090) to work on /home/airflow/.local/lib/python3.12/site-packages/airflow/example_dags/tutorial_dag.py
[2024-12-20T05:33:35.098+0000] {processor.py:914} INFO - Processing file /home/airflow/.local/lib/python3.12/site-packages/airflow/example_dags/tutorial_dag.py for tasks to queue
[2024-12-20T05:33:35.107+0000] {logging_mixin.py:190} INFO - [2024-12-20T05:33:35.106+0000] {dagbag.py:588} INFO - Filling up the DagBag from /home/airflow/.local/lib/python3.12/site-packages/airflow/example_dags/tutorial_dag.py
[2024-12-20T05:33:35.137+0000] {processor.py:925} INFO - DAG(s) 'tutorial_dag' retrieved from /home/airflow/.local/lib/python3.12/site-packages/airflow/example_dags/tutorial_dag.py
[2024-12-20T05:33:35.205+0000] {logging_mixin.py:190} INFO - [2024-12-20T05:33:35.204+0000] {dag.py:3239} INFO - Sync 1 DAGs
[2024-12-20T05:33:35.257+0000] {logging_mixin.py:190} INFO - [2024-12-20T05:33:35.257+0000] {dag.py:4180} INFO - Setting next_dagrun for tutorial_dag to None, run_after=None
[2024-12-20T05:33:35.311+0000] {processor.py:208} INFO - Processing /home/airflow/.local/lib/python3.12/site-packages/airflow/example_dags/tutorial_dag.py took 0.238 seconds
[2024-12-20T05:34:13.554+0000] {processor.py:186} INFO - Started process (PID=13161) to work on /home/airflow/.local/lib/python3.12/site-packages/airflow/example_dags/tutorial_dag.py
[2024-12-20T05:34:13.557+0000] {processor.py:914} INFO - Processing file /home/airflow/.local/lib/python3.12/site-packages/airflow/example_dags/tutorial_dag.py for tasks to queue
[2024-12-20T05:34:13.564+0000] {logging_mixin.py:190} INFO - [2024-12-20T05:34:13.563+0000] {dagbag.py:588} INFO - Filling up the DagBag from /home/airflow/.local/lib/python3.12/site-packages/airflow/example_dags/tutorial_dag.py
[2024-12-20T05:34:13.587+0000] {processor.py:925} INFO - DAG(s) 'tutorial_dag' retrieved from /home/airflow/.local/lib/python3.12/site-packages/airflow/example_dags/tutorial_dag.py
[2024-12-20T05:34:13.642+0000] {logging_mixin.py:190} INFO - [2024-12-20T05:34:13.642+0000] {dag.py:3239} INFO - Sync 1 DAGs
[2024-12-20T05:34:13.687+0000] {logging_mixin.py:190} INFO - [2024-12-20T05:34:13.687+0000] {dag.py:4180} INFO - Setting next_dagrun for tutorial_dag to None, run_after=None
[2024-12-20T05:34:13.736+0000] {processor.py:208} INFO - Processing /home/airflow/.local/lib/python3.12/site-packages/airflow/example_dags/tutorial_dag.py took 0.199 seconds
[2024-12-20T05:34:45.050+0000] {processor.py:186} INFO - Started process (PID=13226) to work on /home/airflow/.local/lib/python3.12/site-packages/airflow/example_dags/tutorial_dag.py
[2024-12-20T05:34:45.052+0000] {processor.py:914} INFO - Processing file /home/airflow/.local/lib/python3.12/site-packages/airflow/example_dags/tutorial_dag.py for tasks to queue
[2024-12-20T05:34:45.059+0000] {logging_mixin.py:190} INFO - [2024-12-20T05:34:45.058+0000] {dagbag.py:588} INFO - Filling up the DagBag from /home/airflow/.local/lib/python3.12/site-packages/airflow/example_dags/tutorial_dag.py
[2024-12-20T05:34:45.082+0000] {processor.py:925} INFO - DAG(s) 'tutorial_dag' retrieved from /home/airflow/.local/lib/python3.12/site-packages/airflow/example_dags/tutorial_dag.py
[2024-12-20T05:34:45.132+0000] {logging_mixin.py:190} INFO - [2024-12-20T05:34:45.131+0000] {dag.py:3239} INFO - Sync 1 DAGs
[2024-12-20T05:34:45.171+0000] {logging_mixin.py:190} INFO - [2024-12-20T05:34:45.170+0000] {dag.py:4180} INFO - Setting next_dagrun for tutorial_dag to None, run_after=None
[2024-12-20T05:34:45.259+0000] {processor.py:208} INFO - Processing /home/airflow/.local/lib/python3.12/site-packages/airflow/example_dags/tutorial_dag.py took 0.226 seconds
[2024-12-20T05:35:17.710+0000] {processor.py:186} INFO - Started process (PID=13291) to work on /home/airflow/.local/lib/python3.12/site-packages/airflow/example_dags/tutorial_dag.py
[2024-12-20T05:35:17.713+0000] {processor.py:914} INFO - Processing file /home/airflow/.local/lib/python3.12/site-packages/airflow/example_dags/tutorial_dag.py for tasks to queue
[2024-12-20T05:35:17.719+0000] {logging_mixin.py:190} INFO - [2024-12-20T05:35:17.718+0000] {dagbag.py:588} INFO - Filling up the DagBag from /home/airflow/.local/lib/python3.12/site-packages/airflow/example_dags/tutorial_dag.py
[2024-12-20T05:35:17.742+0000] {processor.py:925} INFO - DAG(s) 'tutorial_dag' retrieved from /home/airflow/.local/lib/python3.12/site-packages/airflow/example_dags/tutorial_dag.py
[2024-12-20T05:35:17.798+0000] {logging_mixin.py:190} INFO - [2024-12-20T05:35:17.797+0000] {dag.py:3239} INFO - Sync 1 DAGs
[2024-12-20T05:35:17.842+0000] {logging_mixin.py:190} INFO - [2024-12-20T05:35:17.841+0000] {dag.py:4180} INFO - Setting next_dagrun for tutorial_dag to None, run_after=None
[2024-12-20T05:35:17.886+0000] {processor.py:208} INFO - Processing /home/airflow/.local/lib/python3.12/site-packages/airflow/example_dags/tutorial_dag.py took 0.192 seconds
[2024-12-20T05:35:50.439+0000] {processor.py:186} INFO - Started process (PID=13356) to work on /home/airflow/.local/lib/python3.12/site-packages/airflow/example_dags/tutorial_dag.py
[2024-12-20T05:35:50.442+0000] {processor.py:914} INFO - Processing file /home/airflow/.local/lib/python3.12/site-packages/airflow/example_dags/tutorial_dag.py for tasks to queue
[2024-12-20T05:35:50.451+0000] {logging_mixin.py:190} INFO - [2024-12-20T05:35:50.450+0000] {dagbag.py:588} INFO - Filling up the DagBag from /home/airflow/.local/lib/python3.12/site-packages/airflow/example_dags/tutorial_dag.py
[2024-12-20T05:35:50.494+0000] {processor.py:925} INFO - DAG(s) 'tutorial_dag' retrieved from /home/airflow/.local/lib/python3.12/site-packages/airflow/example_dags/tutorial_dag.py
[2024-12-20T05:35:50.563+0000] {logging_mixin.py:190} INFO - [2024-12-20T05:35:50.562+0000] {dag.py:3239} INFO - Sync 1 DAGs
[2024-12-20T05:35:50.618+0000] {logging_mixin.py:190} INFO - [2024-12-20T05:35:50.617+0000] {dag.py:4180} INFO - Setting next_dagrun for tutorial_dag to None, run_after=None
[2024-12-20T05:35:50.668+0000] {processor.py:208} INFO - Processing /home/airflow/.local/lib/python3.12/site-packages/airflow/example_dags/tutorial_dag.py took 0.251 seconds
[2024-12-20T05:36:23.910+0000] {processor.py:186} INFO - Started process (PID=13421) to work on /home/airflow/.local/lib/python3.12/site-packages/airflow/example_dags/tutorial_dag.py
[2024-12-20T05:36:23.913+0000] {processor.py:914} INFO - Processing file /home/airflow/.local/lib/python3.12/site-packages/airflow/example_dags/tutorial_dag.py for tasks to queue
[2024-12-20T05:36:23.927+0000] {logging_mixin.py:190} INFO - [2024-12-20T05:36:23.924+0000] {dagbag.py:588} INFO - Filling up the DagBag from /home/airflow/.local/lib/python3.12/site-packages/airflow/example_dags/tutorial_dag.py
[2024-12-20T05:36:23.967+0000] {processor.py:925} INFO - DAG(s) 'tutorial_dag' retrieved from /home/airflow/.local/lib/python3.12/site-packages/airflow/example_dags/tutorial_dag.py
[2024-12-20T05:36:24.064+0000] {logging_mixin.py:190} INFO - [2024-12-20T05:36:24.063+0000] {dag.py:3239} INFO - Sync 1 DAGs
[2024-12-20T05:36:24.123+0000] {logging_mixin.py:190} INFO - [2024-12-20T05:36:24.123+0000] {dag.py:4180} INFO - Setting next_dagrun for tutorial_dag to None, run_after=None
[2024-12-20T05:36:24.224+0000] {processor.py:208} INFO - Processing /home/airflow/.local/lib/python3.12/site-packages/airflow/example_dags/tutorial_dag.py took 0.344 seconds
[2024-12-20T05:36:55.056+0000] {processor.py:186} INFO - Started process (PID=13486) to work on /home/airflow/.local/lib/python3.12/site-packages/airflow/example_dags/tutorial_dag.py
[2024-12-20T05:36:55.058+0000] {processor.py:914} INFO - Processing file /home/airflow/.local/lib/python3.12/site-packages/airflow/example_dags/tutorial_dag.py for tasks to queue
[2024-12-20T05:36:55.064+0000] {logging_mixin.py:190} INFO - [2024-12-20T05:36:55.063+0000] {dagbag.py:588} INFO - Filling up the DagBag from /home/airflow/.local/lib/python3.12/site-packages/airflow/example_dags/tutorial_dag.py
[2024-12-20T05:36:55.081+0000] {processor.py:925} INFO - DAG(s) 'tutorial_dag' retrieved from /home/airflow/.local/lib/python3.12/site-packages/airflow/example_dags/tutorial_dag.py
[2024-12-20T05:36:55.130+0000] {logging_mixin.py:190} INFO - [2024-12-20T05:36:55.130+0000] {dag.py:3239} INFO - Sync 1 DAGs
[2024-12-20T05:36:55.165+0000] {logging_mixin.py:190} INFO - [2024-12-20T05:36:55.164+0000] {dag.py:4180} INFO - Setting next_dagrun for tutorial_dag to None, run_after=None
[2024-12-20T05:36:55.239+0000] {processor.py:208} INFO - Processing /home/airflow/.local/lib/python3.12/site-packages/airflow/example_dags/tutorial_dag.py took 0.194 seconds
[2024-12-20T05:37:27.326+0000] {processor.py:186} INFO - Started process (PID=13552) to work on /home/airflow/.local/lib/python3.12/site-packages/airflow/example_dags/tutorial_dag.py
[2024-12-20T05:37:27.329+0000] {processor.py:914} INFO - Processing file /home/airflow/.local/lib/python3.12/site-packages/airflow/example_dags/tutorial_dag.py for tasks to queue
[2024-12-20T05:37:27.347+0000] {logging_mixin.py:190} INFO - [2024-12-20T05:37:27.346+0000] {dagbag.py:588} INFO - Filling up the DagBag from /home/airflow/.local/lib/python3.12/site-packages/airflow/example_dags/tutorial_dag.py
[2024-12-20T05:37:27.388+0000] {processor.py:925} INFO - DAG(s) 'tutorial_dag' retrieved from /home/airflow/.local/lib/python3.12/site-packages/airflow/example_dags/tutorial_dag.py
[2024-12-20T05:37:27.449+0000] {logging_mixin.py:190} INFO - [2024-12-20T05:37:27.449+0000] {dag.py:3239} INFO - Sync 1 DAGs
[2024-12-20T05:37:27.496+0000] {logging_mixin.py:190} INFO - [2024-12-20T05:37:27.495+0000] {dag.py:4180} INFO - Setting next_dagrun for tutorial_dag to None, run_after=None
[2024-12-20T05:37:27.580+0000] {processor.py:208} INFO - Processing /home/airflow/.local/lib/python3.12/site-packages/airflow/example_dags/tutorial_dag.py took 0.274 seconds
[2024-12-20T05:37:58.475+0000] {processor.py:186} INFO - Started process (PID=13617) to work on /home/airflow/.local/lib/python3.12/site-packages/airflow/example_dags/tutorial_dag.py
[2024-12-20T05:37:58.476+0000] {processor.py:914} INFO - Processing file /home/airflow/.local/lib/python3.12/site-packages/airflow/example_dags/tutorial_dag.py for tasks to queue
[2024-12-20T05:37:58.481+0000] {logging_mixin.py:190} INFO - [2024-12-20T05:37:58.481+0000] {dagbag.py:588} INFO - Filling up the DagBag from /home/airflow/.local/lib/python3.12/site-packages/airflow/example_dags/tutorial_dag.py
[2024-12-20T05:37:58.497+0000] {processor.py:925} INFO - DAG(s) 'tutorial_dag' retrieved from /home/airflow/.local/lib/python3.12/site-packages/airflow/example_dags/tutorial_dag.py
[2024-12-20T05:37:58.533+0000] {logging_mixin.py:190} INFO - [2024-12-20T05:37:58.533+0000] {dag.py:3239} INFO - Sync 1 DAGs
[2024-12-20T05:37:58.558+0000] {logging_mixin.py:190} INFO - [2024-12-20T05:37:58.558+0000] {dag.py:4180} INFO - Setting next_dagrun for tutorial_dag to None, run_after=None
[2024-12-20T05:37:58.625+0000] {processor.py:208} INFO - Processing /home/airflow/.local/lib/python3.12/site-packages/airflow/example_dags/tutorial_dag.py took 0.163 seconds
[2024-12-20T05:38:28.847+0000] {processor.py:186} INFO - Started process (PID=13681) to work on /home/airflow/.local/lib/python3.12/site-packages/airflow/example_dags/tutorial_dag.py
[2024-12-20T05:38:28.849+0000] {processor.py:914} INFO - Processing file /home/airflow/.local/lib/python3.12/site-packages/airflow/example_dags/tutorial_dag.py for tasks to queue
[2024-12-20T05:38:28.854+0000] {logging_mixin.py:190} INFO - [2024-12-20T05:38:28.853+0000] {dagbag.py:588} INFO - Filling up the DagBag from /home/airflow/.local/lib/python3.12/site-packages/airflow/example_dags/tutorial_dag.py
[2024-12-20T05:38:28.872+0000] {processor.py:925} INFO - DAG(s) 'tutorial_dag' retrieved from /home/airflow/.local/lib/python3.12/site-packages/airflow/example_dags/tutorial_dag.py
[2024-12-20T05:38:28.922+0000] {logging_mixin.py:190} INFO - [2024-12-20T05:38:28.922+0000] {dag.py:3239} INFO - Sync 1 DAGs
[2024-12-20T05:38:28.965+0000] {logging_mixin.py:190} INFO - [2024-12-20T05:38:28.965+0000] {dag.py:4180} INFO - Setting next_dagrun for tutorial_dag to None, run_after=None
[2024-12-20T05:38:29.039+0000] {processor.py:208} INFO - Processing /home/airflow/.local/lib/python3.12/site-packages/airflow/example_dags/tutorial_dag.py took 0.207 seconds
[2024-12-20T05:39:00.041+0000] {processor.py:186} INFO - Started process (PID=13746) to work on /home/airflow/.local/lib/python3.12/site-packages/airflow/example_dags/tutorial_dag.py
[2024-12-20T05:39:00.043+0000] {processor.py:914} INFO - Processing file /home/airflow/.local/lib/python3.12/site-packages/airflow/example_dags/tutorial_dag.py for tasks to queue
[2024-12-20T05:39:00.052+0000] {logging_mixin.py:190} INFO - [2024-12-20T05:39:00.051+0000] {dagbag.py:588} INFO - Filling up the DagBag from /home/airflow/.local/lib/python3.12/site-packages/airflow/example_dags/tutorial_dag.py
[2024-12-20T05:39:00.077+0000] {processor.py:925} INFO - DAG(s) 'tutorial_dag' retrieved from /home/airflow/.local/lib/python3.12/site-packages/airflow/example_dags/tutorial_dag.py
[2024-12-20T05:39:00.136+0000] {logging_mixin.py:190} INFO - [2024-12-20T05:39:00.135+0000] {dag.py:3239} INFO - Sync 1 DAGs
[2024-12-20T05:39:00.186+0000] {logging_mixin.py:190} INFO - [2024-12-20T05:39:00.186+0000] {dag.py:4180} INFO - Setting next_dagrun for tutorial_dag to None, run_after=None
[2024-12-20T05:39:00.274+0000] {processor.py:208} INFO - Processing /home/airflow/.local/lib/python3.12/site-packages/airflow/example_dags/tutorial_dag.py took 0.253 seconds
[2024-12-20T05:39:30.485+0000] {processor.py:186} INFO - Started process (PID=13811) to work on /home/airflow/.local/lib/python3.12/site-packages/airflow/example_dags/tutorial_dag.py
[2024-12-20T05:39:30.487+0000] {processor.py:914} INFO - Processing file /home/airflow/.local/lib/python3.12/site-packages/airflow/example_dags/tutorial_dag.py for tasks to queue
[2024-12-20T05:39:30.492+0000] {logging_mixin.py:190} INFO - [2024-12-20T05:39:30.491+0000] {dagbag.py:588} INFO - Filling up the DagBag from /home/airflow/.local/lib/python3.12/site-packages/airflow/example_dags/tutorial_dag.py
[2024-12-20T05:39:30.509+0000] {processor.py:925} INFO - DAG(s) 'tutorial_dag' retrieved from /home/airflow/.local/lib/python3.12/site-packages/airflow/example_dags/tutorial_dag.py
[2024-12-20T05:39:30.553+0000] {logging_mixin.py:190} INFO - [2024-12-20T05:39:30.553+0000] {dag.py:3239} INFO - Sync 1 DAGs
[2024-12-20T05:39:30.591+0000] {logging_mixin.py:190} INFO - [2024-12-20T05:39:30.591+0000] {dag.py:4180} INFO - Setting next_dagrun for tutorial_dag to None, run_after=None
[2024-12-20T05:39:30.633+0000] {processor.py:208} INFO - Processing /home/airflow/.local/lib/python3.12/site-packages/airflow/example_dags/tutorial_dag.py took 0.160 seconds
[2024-12-20T05:40:01.531+0000] {processor.py:186} INFO - Started process (PID=13876) to work on /home/airflow/.local/lib/python3.12/site-packages/airflow/example_dags/tutorial_dag.py
[2024-12-20T05:40:01.534+0000] {processor.py:914} INFO - Processing file /home/airflow/.local/lib/python3.12/site-packages/airflow/example_dags/tutorial_dag.py for tasks to queue
[2024-12-20T05:40:01.538+0000] {logging_mixin.py:190} INFO - [2024-12-20T05:40:01.538+0000] {dagbag.py:588} INFO - Filling up the DagBag from /home/airflow/.local/lib/python3.12/site-packages/airflow/example_dags/tutorial_dag.py
[2024-12-20T05:40:01.555+0000] {processor.py:925} INFO - DAG(s) 'tutorial_dag' retrieved from /home/airflow/.local/lib/python3.12/site-packages/airflow/example_dags/tutorial_dag.py
[2024-12-20T05:40:01.602+0000] {logging_mixin.py:190} INFO - [2024-12-20T05:40:01.601+0000] {dag.py:3239} INFO - Sync 1 DAGs
[2024-12-20T05:40:01.634+0000] {logging_mixin.py:190} INFO - [2024-12-20T05:40:01.633+0000] {dag.py:4180} INFO - Setting next_dagrun for tutorial_dag to None, run_after=None
[2024-12-20T05:40:01.707+0000] {processor.py:208} INFO - Processing /home/airflow/.local/lib/python3.12/site-packages/airflow/example_dags/tutorial_dag.py took 0.190 seconds
[2024-12-20T05:40:31.908+0000] {processor.py:186} INFO - Started process (PID=13940) to work on /home/airflow/.local/lib/python3.12/site-packages/airflow/example_dags/tutorial_dag.py
[2024-12-20T05:40:31.910+0000] {processor.py:914} INFO - Processing file /home/airflow/.local/lib/python3.12/site-packages/airflow/example_dags/tutorial_dag.py for tasks to queue
[2024-12-20T05:40:31.914+0000] {logging_mixin.py:190} INFO - [2024-12-20T05:40:31.913+0000] {dagbag.py:588} INFO - Filling up the DagBag from /home/airflow/.local/lib/python3.12/site-packages/airflow/example_dags/tutorial_dag.py
[2024-12-20T05:40:31.927+0000] {processor.py:925} INFO - DAG(s) 'tutorial_dag' retrieved from /home/airflow/.local/lib/python3.12/site-packages/airflow/example_dags/tutorial_dag.py
[2024-12-20T05:40:31.960+0000] {logging_mixin.py:190} INFO - [2024-12-20T05:40:31.960+0000] {dag.py:3239} INFO - Sync 1 DAGs
[2024-12-20T05:40:31.988+0000] {logging_mixin.py:190} INFO - [2024-12-20T05:40:31.988+0000] {dag.py:4180} INFO - Setting next_dagrun for tutorial_dag to None, run_after=None
[2024-12-20T05:40:32.022+0000] {processor.py:208} INFO - Processing /home/airflow/.local/lib/python3.12/site-packages/airflow/example_dags/tutorial_dag.py took 0.123 seconds
[2024-12-20T05:41:04.966+0000] {processor.py:186} INFO - Started process (PID=14011) to work on /home/airflow/.local/lib/python3.12/site-packages/airflow/example_dags/tutorial_dag.py
[2024-12-20T05:41:04.969+0000] {processor.py:914} INFO - Processing file /home/airflow/.local/lib/python3.12/site-packages/airflow/example_dags/tutorial_dag.py for tasks to queue
[2024-12-20T05:41:04.977+0000] {logging_mixin.py:190} INFO - [2024-12-20T05:41:04.975+0000] {dagbag.py:588} INFO - Filling up the DagBag from /home/airflow/.local/lib/python3.12/site-packages/airflow/example_dags/tutorial_dag.py
[2024-12-20T05:41:05.005+0000] {processor.py:925} INFO - DAG(s) 'tutorial_dag' retrieved from /home/airflow/.local/lib/python3.12/site-packages/airflow/example_dags/tutorial_dag.py
[2024-12-20T05:41:05.064+0000] {logging_mixin.py:190} INFO - [2024-12-20T05:41:05.063+0000] {dag.py:3239} INFO - Sync 1 DAGs
[2024-12-20T05:41:05.110+0000] {logging_mixin.py:190} INFO - [2024-12-20T05:41:05.109+0000] {dag.py:4180} INFO - Setting next_dagrun for tutorial_dag to None, run_after=None
[2024-12-20T05:41:05.159+0000] {processor.py:208} INFO - Processing /home/airflow/.local/lib/python3.12/site-packages/airflow/example_dags/tutorial_dag.py took 0.212 seconds
[2024-12-20T05:41:36.590+0000] {processor.py:186} INFO - Started process (PID=14077) to work on /home/airflow/.local/lib/python3.12/site-packages/airflow/example_dags/tutorial_dag.py
[2024-12-20T05:41:36.593+0000] {processor.py:914} INFO - Processing file /home/airflow/.local/lib/python3.12/site-packages/airflow/example_dags/tutorial_dag.py for tasks to queue
[2024-12-20T05:41:36.600+0000] {logging_mixin.py:190} INFO - [2024-12-20T05:41:36.599+0000] {dagbag.py:588} INFO - Filling up the DagBag from /home/airflow/.local/lib/python3.12/site-packages/airflow/example_dags/tutorial_dag.py
[2024-12-20T05:41:36.628+0000] {processor.py:925} INFO - DAG(s) 'tutorial_dag' retrieved from /home/airflow/.local/lib/python3.12/site-packages/airflow/example_dags/tutorial_dag.py
[2024-12-20T05:41:36.683+0000] {logging_mixin.py:190} INFO - [2024-12-20T05:41:36.682+0000] {dag.py:3239} INFO - Sync 1 DAGs
[2024-12-20T05:41:36.732+0000] {logging_mixin.py:190} INFO - [2024-12-20T05:41:36.731+0000] {dag.py:4180} INFO - Setting next_dagrun for tutorial_dag to None, run_after=None
[2024-12-20T05:41:36.790+0000] {processor.py:208} INFO - Processing /home/airflow/.local/lib/python3.12/site-packages/airflow/example_dags/tutorial_dag.py took 0.221 seconds
[2024-12-20T05:42:08.019+0000] {processor.py:186} INFO - Started process (PID=14138) to work on /home/airflow/.local/lib/python3.12/site-packages/airflow/example_dags/tutorial_dag.py
[2024-12-20T05:42:08.022+0000] {processor.py:914} INFO - Processing file /home/airflow/.local/lib/python3.12/site-packages/airflow/example_dags/tutorial_dag.py for tasks to queue
[2024-12-20T05:42:08.031+0000] {logging_mixin.py:190} INFO - [2024-12-20T05:42:08.030+0000] {dagbag.py:588} INFO - Filling up the DagBag from /home/airflow/.local/lib/python3.12/site-packages/airflow/example_dags/tutorial_dag.py
[2024-12-20T05:42:08.055+0000] {processor.py:925} INFO - DAG(s) 'tutorial_dag' retrieved from /home/airflow/.local/lib/python3.12/site-packages/airflow/example_dags/tutorial_dag.py
[2024-12-20T05:42:08.114+0000] {logging_mixin.py:190} INFO - [2024-12-20T05:42:08.113+0000] {dag.py:3239} INFO - Sync 1 DAGs
[2024-12-20T05:42:08.168+0000] {logging_mixin.py:190} INFO - [2024-12-20T05:42:08.167+0000] {dag.py:4180} INFO - Setting next_dagrun for tutorial_dag to None, run_after=None
[2024-12-20T05:42:08.268+0000] {processor.py:208} INFO - Processing /home/airflow/.local/lib/python3.12/site-packages/airflow/example_dags/tutorial_dag.py took 0.270 seconds
[2024-12-20T05:42:39.147+0000] {processor.py:186} INFO - Started process (PID=14203) to work on /home/airflow/.local/lib/python3.12/site-packages/airflow/example_dags/tutorial_dag.py
[2024-12-20T05:42:39.151+0000] {processor.py:914} INFO - Processing file /home/airflow/.local/lib/python3.12/site-packages/airflow/example_dags/tutorial_dag.py for tasks to queue
[2024-12-20T05:42:39.158+0000] {logging_mixin.py:190} INFO - [2024-12-20T05:42:39.157+0000] {dagbag.py:588} INFO - Filling up the DagBag from /home/airflow/.local/lib/python3.12/site-packages/airflow/example_dags/tutorial_dag.py
[2024-12-20T05:42:39.181+0000] {processor.py:925} INFO - DAG(s) 'tutorial_dag' retrieved from /home/airflow/.local/lib/python3.12/site-packages/airflow/example_dags/tutorial_dag.py
[2024-12-20T05:42:39.243+0000] {logging_mixin.py:190} INFO - [2024-12-20T05:42:39.242+0000] {dag.py:3239} INFO - Sync 1 DAGs
[2024-12-20T05:42:39.283+0000] {logging_mixin.py:190} INFO - [2024-12-20T05:42:39.282+0000] {dag.py:4180} INFO - Setting next_dagrun for tutorial_dag to None, run_after=None
[2024-12-20T05:42:39.364+0000] {processor.py:208} INFO - Processing /home/airflow/.local/lib/python3.12/site-packages/airflow/example_dags/tutorial_dag.py took 0.233 seconds
[2024-12-20T05:43:12.096+0000] {processor.py:186} INFO - Started process (PID=14269) to work on /home/airflow/.local/lib/python3.12/site-packages/airflow/example_dags/tutorial_dag.py
[2024-12-20T05:43:12.098+0000] {processor.py:914} INFO - Processing file /home/airflow/.local/lib/python3.12/site-packages/airflow/example_dags/tutorial_dag.py for tasks to queue
[2024-12-20T05:43:12.104+0000] {logging_mixin.py:190} INFO - [2024-12-20T05:43:12.103+0000] {dagbag.py:588} INFO - Filling up the DagBag from /home/airflow/.local/lib/python3.12/site-packages/airflow/example_dags/tutorial_dag.py
[2024-12-20T05:43:12.126+0000] {processor.py:925} INFO - DAG(s) 'tutorial_dag' retrieved from /home/airflow/.local/lib/python3.12/site-packages/airflow/example_dags/tutorial_dag.py
[2024-12-20T05:43:12.172+0000] {logging_mixin.py:190} INFO - [2024-12-20T05:43:12.171+0000] {dag.py:3239} INFO - Sync 1 DAGs
[2024-12-20T05:43:12.210+0000] {logging_mixin.py:190} INFO - [2024-12-20T05:43:12.209+0000] {dag.py:4180} INFO - Setting next_dagrun for tutorial_dag to None, run_after=None
[2024-12-20T05:43:12.262+0000] {processor.py:208} INFO - Processing /home/airflow/.local/lib/python3.12/site-packages/airflow/example_dags/tutorial_dag.py took 0.182 seconds
[2024-12-20T05:43:44.543+0000] {processor.py:186} INFO - Started process (PID=14334) to work on /home/airflow/.local/lib/python3.12/site-packages/airflow/example_dags/tutorial_dag.py
[2024-12-20T05:43:44.548+0000] {processor.py:914} INFO - Processing file /home/airflow/.local/lib/python3.12/site-packages/airflow/example_dags/tutorial_dag.py for tasks to queue
[2024-12-20T05:43:44.557+0000] {logging_mixin.py:190} INFO - [2024-12-20T05:43:44.556+0000] {dagbag.py:588} INFO - Filling up the DagBag from /home/airflow/.local/lib/python3.12/site-packages/airflow/example_dags/tutorial_dag.py
[2024-12-20T05:43:44.590+0000] {processor.py:925} INFO - DAG(s) 'tutorial_dag' retrieved from /home/airflow/.local/lib/python3.12/site-packages/airflow/example_dags/tutorial_dag.py
[2024-12-20T05:43:44.669+0000] {logging_mixin.py:190} INFO - [2024-12-20T05:43:44.668+0000] {dag.py:3239} INFO - Sync 1 DAGs
[2024-12-20T05:43:44.729+0000] {logging_mixin.py:190} INFO - [2024-12-20T05:43:44.728+0000] {dag.py:4180} INFO - Setting next_dagrun for tutorial_dag to None, run_after=None
[2024-12-20T05:43:44.824+0000] {processor.py:208} INFO - Processing /home/airflow/.local/lib/python3.12/site-packages/airflow/example_dags/tutorial_dag.py took 0.303 seconds
[2024-12-20T05:44:15.851+0000] {processor.py:186} INFO - Started process (PID=14399) to work on /home/airflow/.local/lib/python3.12/site-packages/airflow/example_dags/tutorial_dag.py
[2024-12-20T05:44:15.860+0000] {processor.py:914} INFO - Processing file /home/airflow/.local/lib/python3.12/site-packages/airflow/example_dags/tutorial_dag.py for tasks to queue
[2024-12-20T05:44:15.877+0000] {logging_mixin.py:190} INFO - [2024-12-20T05:44:15.875+0000] {dagbag.py:588} INFO - Filling up the DagBag from /home/airflow/.local/lib/python3.12/site-packages/airflow/example_dags/tutorial_dag.py
[2024-12-20T05:44:15.919+0000] {processor.py:925} INFO - DAG(s) 'tutorial_dag' retrieved from /home/airflow/.local/lib/python3.12/site-packages/airflow/example_dags/tutorial_dag.py
[2024-12-20T05:44:15.995+0000] {logging_mixin.py:190} INFO - [2024-12-20T05:44:15.994+0000] {dag.py:3239} INFO - Sync 1 DAGs
[2024-12-20T05:44:16.050+0000] {logging_mixin.py:190} INFO - [2024-12-20T05:44:16.049+0000] {dag.py:4180} INFO - Setting next_dagrun for tutorial_dag to None, run_after=None
[2024-12-20T05:44:16.120+0000] {processor.py:208} INFO - Processing /home/airflow/.local/lib/python3.12/site-packages/airflow/example_dags/tutorial_dag.py took 0.301 seconds
[2024-12-20T05:44:46.242+0000] {processor.py:186} INFO - Started process (PID=14463) to work on /home/airflow/.local/lib/python3.12/site-packages/airflow/example_dags/tutorial_dag.py
[2024-12-20T05:44:46.245+0000] {processor.py:914} INFO - Processing file /home/airflow/.local/lib/python3.12/site-packages/airflow/example_dags/tutorial_dag.py for tasks to queue
[2024-12-20T05:44:46.251+0000] {logging_mixin.py:190} INFO - [2024-12-20T05:44:46.250+0000] {dagbag.py:588} INFO - Filling up the DagBag from /home/airflow/.local/lib/python3.12/site-packages/airflow/example_dags/tutorial_dag.py
[2024-12-20T05:44:46.272+0000] {processor.py:925} INFO - DAG(s) 'tutorial_dag' retrieved from /home/airflow/.local/lib/python3.12/site-packages/airflow/example_dags/tutorial_dag.py
[2024-12-20T05:44:46.324+0000] {logging_mixin.py:190} INFO - [2024-12-20T05:44:46.323+0000] {dag.py:3239} INFO - Sync 1 DAGs
[2024-12-20T05:44:46.374+0000] {logging_mixin.py:190} INFO - [2024-12-20T05:44:46.373+0000] {dag.py:4180} INFO - Setting next_dagrun for tutorial_dag to None, run_after=None
[2024-12-20T05:44:46.424+0000] {processor.py:208} INFO - Processing /home/airflow/.local/lib/python3.12/site-packages/airflow/example_dags/tutorial_dag.py took 0.198 seconds
[2024-12-20T05:45:18.123+0000] {processor.py:186} INFO - Started process (PID=14528) to work on /home/airflow/.local/lib/python3.12/site-packages/airflow/example_dags/tutorial_dag.py
[2024-12-20T05:45:18.126+0000] {processor.py:914} INFO - Processing file /home/airflow/.local/lib/python3.12/site-packages/airflow/example_dags/tutorial_dag.py for tasks to queue
[2024-12-20T05:45:18.132+0000] {logging_mixin.py:190} INFO - [2024-12-20T05:45:18.131+0000] {dagbag.py:588} INFO - Filling up the DagBag from /home/airflow/.local/lib/python3.12/site-packages/airflow/example_dags/tutorial_dag.py
[2024-12-20T05:45:18.157+0000] {processor.py:925} INFO - DAG(s) 'tutorial_dag' retrieved from /home/airflow/.local/lib/python3.12/site-packages/airflow/example_dags/tutorial_dag.py
[2024-12-20T05:45:18.210+0000] {logging_mixin.py:190} INFO - [2024-12-20T05:45:18.209+0000] {dag.py:3239} INFO - Sync 1 DAGs
[2024-12-20T05:45:18.253+0000] {logging_mixin.py:190} INFO - [2024-12-20T05:45:18.252+0000] {dag.py:4180} INFO - Setting next_dagrun for tutorial_dag to None, run_after=None
[2024-12-20T05:45:18.343+0000] {processor.py:208} INFO - Processing /home/airflow/.local/lib/python3.12/site-packages/airflow/example_dags/tutorial_dag.py took 0.239 seconds
[2024-12-20T05:45:48.879+0000] {processor.py:186} INFO - Started process (PID=14593) to work on /home/airflow/.local/lib/python3.12/site-packages/airflow/example_dags/tutorial_dag.py
[2024-12-20T05:45:48.881+0000] {processor.py:914} INFO - Processing file /home/airflow/.local/lib/python3.12/site-packages/airflow/example_dags/tutorial_dag.py for tasks to queue
[2024-12-20T05:45:48.886+0000] {logging_mixin.py:190} INFO - [2024-12-20T05:45:48.885+0000] {dagbag.py:588} INFO - Filling up the DagBag from /home/airflow/.local/lib/python3.12/site-packages/airflow/example_dags/tutorial_dag.py
[2024-12-20T05:45:48.904+0000] {processor.py:925} INFO - DAG(s) 'tutorial_dag' retrieved from /home/airflow/.local/lib/python3.12/site-packages/airflow/example_dags/tutorial_dag.py
[2024-12-20T05:45:48.954+0000] {logging_mixin.py:190} INFO - [2024-12-20T05:45:48.953+0000] {dag.py:3239} INFO - Sync 1 DAGs
[2024-12-20T05:45:48.996+0000] {logging_mixin.py:190} INFO - [2024-12-20T05:45:48.996+0000] {dag.py:4180} INFO - Setting next_dagrun for tutorial_dag to None, run_after=None
[2024-12-20T05:45:49.061+0000] {processor.py:208} INFO - Processing /home/airflow/.local/lib/python3.12/site-packages/airflow/example_dags/tutorial_dag.py took 0.195 seconds
[2024-12-20T05:46:19.625+0000] {processor.py:186} INFO - Started process (PID=14658) to work on /home/airflow/.local/lib/python3.12/site-packages/airflow/example_dags/tutorial_dag.py
[2024-12-20T05:46:19.628+0000] {processor.py:914} INFO - Processing file /home/airflow/.local/lib/python3.12/site-packages/airflow/example_dags/tutorial_dag.py for tasks to queue
[2024-12-20T05:46:19.632+0000] {logging_mixin.py:190} INFO - [2024-12-20T05:46:19.632+0000] {dagbag.py:588} INFO - Filling up the DagBag from /home/airflow/.local/lib/python3.12/site-packages/airflow/example_dags/tutorial_dag.py
[2024-12-20T05:46:19.649+0000] {processor.py:925} INFO - DAG(s) 'tutorial_dag' retrieved from /home/airflow/.local/lib/python3.12/site-packages/airflow/example_dags/tutorial_dag.py
[2024-12-20T05:46:19.687+0000] {logging_mixin.py:190} INFO - [2024-12-20T05:46:19.687+0000] {dag.py:3239} INFO - Sync 1 DAGs
[2024-12-20T05:46:19.719+0000] {logging_mixin.py:190} INFO - [2024-12-20T05:46:19.718+0000] {dag.py:4180} INFO - Setting next_dagrun for tutorial_dag to None, run_after=None
[2024-12-20T05:46:19.791+0000] {processor.py:208} INFO - Processing /home/airflow/.local/lib/python3.12/site-packages/airflow/example_dags/tutorial_dag.py took 0.178 seconds
[2024-12-20T05:46:50.010+0000] {processor.py:186} INFO - Started process (PID=14723) to work on /home/airflow/.local/lib/python3.12/site-packages/airflow/example_dags/tutorial_dag.py
[2024-12-20T05:46:50.011+0000] {processor.py:914} INFO - Processing file /home/airflow/.local/lib/python3.12/site-packages/airflow/example_dags/tutorial_dag.py for tasks to queue
[2024-12-20T05:46:50.014+0000] {logging_mixin.py:190} INFO - [2024-12-20T05:46:50.014+0000] {dagbag.py:588} INFO - Filling up the DagBag from /home/airflow/.local/lib/python3.12/site-packages/airflow/example_dags/tutorial_dag.py
[2024-12-20T05:46:50.024+0000] {processor.py:925} INFO - DAG(s) 'tutorial_dag' retrieved from /home/airflow/.local/lib/python3.12/site-packages/airflow/example_dags/tutorial_dag.py
[2024-12-20T05:46:50.049+0000] {logging_mixin.py:190} INFO - [2024-12-20T05:46:50.048+0000] {dag.py:3239} INFO - Sync 1 DAGs
[2024-12-20T05:46:50.067+0000] {logging_mixin.py:190} INFO - [2024-12-20T05:46:50.067+0000] {dag.py:4180} INFO - Setting next_dagrun for tutorial_dag to None, run_after=None
[2024-12-20T05:46:50.091+0000] {processor.py:208} INFO - Processing /home/airflow/.local/lib/python3.12/site-packages/airflow/example_dags/tutorial_dag.py took 0.091 seconds
[2024-12-20T05:47:20.186+0000] {processor.py:186} INFO - Started process (PID=14787) to work on /home/airflow/.local/lib/python3.12/site-packages/airflow/example_dags/tutorial_dag.py
[2024-12-20T05:47:20.189+0000] {processor.py:914} INFO - Processing file /home/airflow/.local/lib/python3.12/site-packages/airflow/example_dags/tutorial_dag.py for tasks to queue
[2024-12-20T05:47:20.195+0000] {logging_mixin.py:190} INFO - [2024-12-20T05:47:20.194+0000] {dagbag.py:588} INFO - Filling up the DagBag from /home/airflow/.local/lib/python3.12/site-packages/airflow/example_dags/tutorial_dag.py
[2024-12-20T05:47:20.216+0000] {processor.py:925} INFO - DAG(s) 'tutorial_dag' retrieved from /home/airflow/.local/lib/python3.12/site-packages/airflow/example_dags/tutorial_dag.py
[2024-12-20T05:47:20.268+0000] {logging_mixin.py:190} INFO - [2024-12-20T05:47:20.267+0000] {dag.py:3239} INFO - Sync 1 DAGs
[2024-12-20T05:47:20.312+0000] {logging_mixin.py:190} INFO - [2024-12-20T05:47:20.312+0000] {dag.py:4180} INFO - Setting next_dagrun for tutorial_dag to None, run_after=None
[2024-12-20T05:47:20.355+0000] {processor.py:208} INFO - Processing /home/airflow/.local/lib/python3.12/site-packages/airflow/example_dags/tutorial_dag.py took 0.185 seconds
[2024-12-20T05:48:03.648+0000] {processor.py:186} INFO - Started process (PID=14858) to work on /home/airflow/.local/lib/python3.12/site-packages/airflow/example_dags/tutorial_dag.py
[2024-12-20T05:48:03.652+0000] {processor.py:914} INFO - Processing file /home/airflow/.local/lib/python3.12/site-packages/airflow/example_dags/tutorial_dag.py for tasks to queue
[2024-12-20T05:48:03.685+0000] {logging_mixin.py:190} INFO - [2024-12-20T05:48:03.683+0000] {dagbag.py:588} INFO - Filling up the DagBag from /home/airflow/.local/lib/python3.12/site-packages/airflow/example_dags/tutorial_dag.py
[2024-12-20T05:48:03.790+0000] {processor.py:925} INFO - DAG(s) 'tutorial_dag' retrieved from /home/airflow/.local/lib/python3.12/site-packages/airflow/example_dags/tutorial_dag.py
[2024-12-20T05:48:03.970+0000] {logging_mixin.py:190} INFO - [2024-12-20T05:48:03.969+0000] {dag.py:3239} INFO - Sync 1 DAGs
[2024-12-20T05:48:04.152+0000] {logging_mixin.py:190} INFO - [2024-12-20T05:48:04.151+0000] {dag.py:4180} INFO - Setting next_dagrun for tutorial_dag to None, run_after=None
[2024-12-20T05:48:04.480+0000] {processor.py:208} INFO - Processing /home/airflow/.local/lib/python3.12/site-packages/airflow/example_dags/tutorial_dag.py took 0.892 seconds
[2024-12-20T09:18:53.952+0000] {processor.py:186} INFO - Started process (PID=88) to work on /home/airflow/.local/lib/python3.12/site-packages/airflow/example_dags/tutorial_dag.py
[2024-12-20T09:18:53.955+0000] {processor.py:914} INFO - Processing file /home/airflow/.local/lib/python3.12/site-packages/airflow/example_dags/tutorial_dag.py for tasks to queue
[2024-12-20T09:18:53.961+0000] {logging_mixin.py:190} INFO - [2024-12-20T09:18:53.960+0000] {dagbag.py:588} INFO - Filling up the DagBag from /home/airflow/.local/lib/python3.12/site-packages/airflow/example_dags/tutorial_dag.py
[2024-12-20T09:18:53.986+0000] {processor.py:925} INFO - DAG(s) 'tutorial_dag' retrieved from /home/airflow/.local/lib/python3.12/site-packages/airflow/example_dags/tutorial_dag.py
[2024-12-20T09:18:54.059+0000] {logging_mixin.py:190} INFO - [2024-12-20T09:18:54.058+0000] {dag.py:3239} INFO - Sync 1 DAGs
[2024-12-20T09:18:54.101+0000] {logging_mixin.py:190} INFO - [2024-12-20T09:18:54.101+0000] {dag.py:4180} INFO - Setting next_dagrun for tutorial_dag to None, run_after=None
[2024-12-20T09:18:54.159+0000] {processor.py:208} INFO - Processing /home/airflow/.local/lib/python3.12/site-packages/airflow/example_dags/tutorial_dag.py took 0.222 seconds
[2024-12-20T09:19:27.328+0000] {processor.py:186} INFO - Started process (PID=159) to work on /home/airflow/.local/lib/python3.12/site-packages/airflow/example_dags/tutorial_dag.py
[2024-12-20T09:19:27.331+0000] {processor.py:914} INFO - Processing file /home/airflow/.local/lib/python3.12/site-packages/airflow/example_dags/tutorial_dag.py for tasks to queue
[2024-12-20T09:19:27.334+0000] {logging_mixin.py:190} INFO - [2024-12-20T09:19:27.333+0000] {dagbag.py:588} INFO - Filling up the DagBag from /home/airflow/.local/lib/python3.12/site-packages/airflow/example_dags/tutorial_dag.py
[2024-12-20T09:19:27.360+0000] {processor.py:925} INFO - DAG(s) 'tutorial_dag' retrieved from /home/airflow/.local/lib/python3.12/site-packages/airflow/example_dags/tutorial_dag.py
[2024-12-20T09:19:27.414+0000] {logging_mixin.py:190} INFO - [2024-12-20T09:19:27.413+0000] {dag.py:3239} INFO - Sync 1 DAGs
[2024-12-20T09:19:27.466+0000] {logging_mixin.py:190} INFO - [2024-12-20T09:19:27.465+0000] {dag.py:4180} INFO - Setting next_dagrun for tutorial_dag to None, run_after=None
[2024-12-20T09:19:27.515+0000] {processor.py:208} INFO - Processing /home/airflow/.local/lib/python3.12/site-packages/airflow/example_dags/tutorial_dag.py took 0.206 seconds
[2024-12-20T09:20:08.697+0000] {processor.py:186} INFO - Started process (PID=223) to work on /home/airflow/.local/lib/python3.12/site-packages/airflow/example_dags/tutorial_dag.py
[2024-12-20T09:20:08.702+0000] {processor.py:914} INFO - Processing file /home/airflow/.local/lib/python3.12/site-packages/airflow/example_dags/tutorial_dag.py for tasks to queue
[2024-12-20T09:20:08.709+0000] {logging_mixin.py:190} INFO - [2024-12-20T09:20:08.707+0000] {dagbag.py:588} INFO - Filling up the DagBag from /home/airflow/.local/lib/python3.12/site-packages/airflow/example_dags/tutorial_dag.py
[2024-12-20T09:20:08.794+0000] {processor.py:925} INFO - DAG(s) 'tutorial_dag' retrieved from /home/airflow/.local/lib/python3.12/site-packages/airflow/example_dags/tutorial_dag.py
[2024-12-20T09:20:08.913+0000] {logging_mixin.py:190} INFO - [2024-12-20T09:20:08.912+0000] {dag.py:3239} INFO - Sync 1 DAGs
[2024-12-20T09:20:09.046+0000] {logging_mixin.py:190} INFO - [2024-12-20T09:20:09.045+0000] {dag.py:4180} INFO - Setting next_dagrun for tutorial_dag to None, run_after=None
[2024-12-20T09:20:09.222+0000] {processor.py:208} INFO - Processing /home/airflow/.local/lib/python3.12/site-packages/airflow/example_dags/tutorial_dag.py took 0.555 seconds
[2024-12-20T09:20:50.199+0000] {processor.py:186} INFO - Started process (PID=296) to work on /home/airflow/.local/lib/python3.12/site-packages/airflow/example_dags/tutorial_dag.py
[2024-12-20T09:20:50.204+0000] {processor.py:914} INFO - Processing file /home/airflow/.local/lib/python3.12/site-packages/airflow/example_dags/tutorial_dag.py for tasks to queue
[2024-12-20T09:20:50.219+0000] {logging_mixin.py:190} INFO - [2024-12-20T09:20:50.215+0000] {dagbag.py:588} INFO - Filling up the DagBag from /home/airflow/.local/lib/python3.12/site-packages/airflow/example_dags/tutorial_dag.py
[2024-12-20T09:20:50.312+0000] {processor.py:925} INFO - DAG(s) 'tutorial_dag' retrieved from /home/airflow/.local/lib/python3.12/site-packages/airflow/example_dags/tutorial_dag.py
[2024-12-20T09:20:50.548+0000] {logging_mixin.py:190} INFO - [2024-12-20T09:20:50.547+0000] {dag.py:3239} INFO - Sync 1 DAGs
[2024-12-20T09:20:50.699+0000] {logging_mixin.py:190} INFO - [2024-12-20T09:20:50.698+0000] {dag.py:4180} INFO - Setting next_dagrun for tutorial_dag to None, run_after=None
[2024-12-20T09:20:50.811+0000] {processor.py:208} INFO - Processing /home/airflow/.local/lib/python3.12/site-packages/airflow/example_dags/tutorial_dag.py took 0.670 seconds
[2024-12-20T09:21:38.573+0000] {processor.py:186} INFO - Started process (PID=381) to work on /home/airflow/.local/lib/python3.12/site-packages/airflow/example_dags/tutorial_dag.py
[2024-12-20T09:21:38.578+0000] {processor.py:914} INFO - Processing file /home/airflow/.local/lib/python3.12/site-packages/airflow/example_dags/tutorial_dag.py for tasks to queue
[2024-12-20T09:21:38.584+0000] {logging_mixin.py:190} INFO - [2024-12-20T09:21:38.582+0000] {dagbag.py:588} INFO - Filling up the DagBag from /home/airflow/.local/lib/python3.12/site-packages/airflow/example_dags/tutorial_dag.py
[2024-12-20T09:21:38.648+0000] {processor.py:925} INFO - DAG(s) 'tutorial_dag' retrieved from /home/airflow/.local/lib/python3.12/site-packages/airflow/example_dags/tutorial_dag.py
[2024-12-20T09:21:38.781+0000] {logging_mixin.py:190} INFO - [2024-12-20T09:21:38.781+0000] {dag.py:3239} INFO - Sync 1 DAGs
[2024-12-20T09:21:38.936+0000] {logging_mixin.py:190} INFO - [2024-12-20T09:21:38.935+0000] {dag.py:4180} INFO - Setting next_dagrun for tutorial_dag to None, run_after=None
[2024-12-20T09:21:39.055+0000] {processor.py:208} INFO - Processing /home/airflow/.local/lib/python3.12/site-packages/airflow/example_dags/tutorial_dag.py took 0.523 seconds
[2024-12-20T09:22:47.324+0000] {processor.py:186} INFO - Started process (PID=466) to work on /home/airflow/.local/lib/python3.12/site-packages/airflow/example_dags/tutorial_dag.py
[2024-12-20T09:22:47.330+0000] {processor.py:914} INFO - Processing file /home/airflow/.local/lib/python3.12/site-packages/airflow/example_dags/tutorial_dag.py for tasks to queue
[2024-12-20T09:22:47.340+0000] {logging_mixin.py:190} INFO - [2024-12-20T09:22:47.338+0000] {dagbag.py:588} INFO - Filling up the DagBag from /home/airflow/.local/lib/python3.12/site-packages/airflow/example_dags/tutorial_dag.py
[2024-12-20T09:22:47.419+0000] {processor.py:925} INFO - DAG(s) 'tutorial_dag' retrieved from /home/airflow/.local/lib/python3.12/site-packages/airflow/example_dags/tutorial_dag.py
[2024-12-20T09:22:47.569+0000] {logging_mixin.py:190} INFO - [2024-12-20T09:22:47.568+0000] {dag.py:3239} INFO - Sync 1 DAGs
[2024-12-20T09:22:47.659+0000] {logging_mixin.py:190} INFO - [2024-12-20T09:22:47.659+0000] {dag.py:4180} INFO - Setting next_dagrun for tutorial_dag to None, run_after=None
[2024-12-20T09:22:47.807+0000] {processor.py:208} INFO - Processing /home/airflow/.local/lib/python3.12/site-packages/airflow/example_dags/tutorial_dag.py took 0.531 seconds
[2024-12-20T09:23:24.314+0000] {processor.py:186} INFO - Started process (PID=532) to work on /home/airflow/.local/lib/python3.12/site-packages/airflow/example_dags/tutorial_dag.py
[2024-12-20T09:23:24.317+0000] {processor.py:914} INFO - Processing file /home/airflow/.local/lib/python3.12/site-packages/airflow/example_dags/tutorial_dag.py for tasks to queue
[2024-12-20T09:23:24.321+0000] {logging_mixin.py:190} INFO - [2024-12-20T09:23:24.320+0000] {dagbag.py:588} INFO - Filling up the DagBag from /home/airflow/.local/lib/python3.12/site-packages/airflow/example_dags/tutorial_dag.py
[2024-12-20T09:23:24.352+0000] {processor.py:925} INFO - DAG(s) 'tutorial_dag' retrieved from /home/airflow/.local/lib/python3.12/site-packages/airflow/example_dags/tutorial_dag.py
[2024-12-20T09:23:24.429+0000] {logging_mixin.py:190} INFO - [2024-12-20T09:23:24.428+0000] {dag.py:3239} INFO - Sync 1 DAGs
[2024-12-20T09:23:24.484+0000] {logging_mixin.py:190} INFO - [2024-12-20T09:23:24.484+0000] {dag.py:4180} INFO - Setting next_dagrun for tutorial_dag to None, run_after=None
[2024-12-20T09:23:24.565+0000] {processor.py:208} INFO - Processing /home/airflow/.local/lib/python3.12/site-packages/airflow/example_dags/tutorial_dag.py took 0.269 seconds
[2024-12-20T09:23:55.607+0000] {processor.py:186} INFO - Started process (PID=598) to work on /home/airflow/.local/lib/python3.12/site-packages/airflow/example_dags/tutorial_dag.py
[2024-12-20T09:23:55.610+0000] {processor.py:914} INFO - Processing file /home/airflow/.local/lib/python3.12/site-packages/airflow/example_dags/tutorial_dag.py for tasks to queue
[2024-12-20T09:23:55.616+0000] {logging_mixin.py:190} INFO - [2024-12-20T09:23:55.614+0000] {dagbag.py:588} INFO - Filling up the DagBag from /home/airflow/.local/lib/python3.12/site-packages/airflow/example_dags/tutorial_dag.py
[2024-12-20T09:23:55.643+0000] {processor.py:925} INFO - DAG(s) 'tutorial_dag' retrieved from /home/airflow/.local/lib/python3.12/site-packages/airflow/example_dags/tutorial_dag.py
[2024-12-20T09:23:55.714+0000] {logging_mixin.py:190} INFO - [2024-12-20T09:23:55.713+0000] {dag.py:3239} INFO - Sync 1 DAGs
[2024-12-20T09:23:55.793+0000] {logging_mixin.py:190} INFO - [2024-12-20T09:23:55.793+0000] {dag.py:4180} INFO - Setting next_dagrun for tutorial_dag to None, run_after=None
[2024-12-20T09:23:55.861+0000] {processor.py:208} INFO - Processing /home/airflow/.local/lib/python3.12/site-packages/airflow/example_dags/tutorial_dag.py took 0.275 seconds
[2024-12-20T09:24:26.225+0000] {processor.py:186} INFO - Started process (PID=663) to work on /home/airflow/.local/lib/python3.12/site-packages/airflow/example_dags/tutorial_dag.py
[2024-12-20T09:24:26.228+0000] {processor.py:914} INFO - Processing file /home/airflow/.local/lib/python3.12/site-packages/airflow/example_dags/tutorial_dag.py for tasks to queue
[2024-12-20T09:24:26.233+0000] {logging_mixin.py:190} INFO - [2024-12-20T09:24:26.232+0000] {dagbag.py:588} INFO - Filling up the DagBag from /home/airflow/.local/lib/python3.12/site-packages/airflow/example_dags/tutorial_dag.py
[2024-12-20T09:24:26.251+0000] {processor.py:925} INFO - DAG(s) 'tutorial_dag' retrieved from /home/airflow/.local/lib/python3.12/site-packages/airflow/example_dags/tutorial_dag.py
[2024-12-20T09:24:26.303+0000] {logging_mixin.py:190} INFO - [2024-12-20T09:24:26.303+0000] {dag.py:3239} INFO - Sync 1 DAGs
[2024-12-20T09:24:26.342+0000] {logging_mixin.py:190} INFO - [2024-12-20T09:24:26.342+0000] {dag.py:4180} INFO - Setting next_dagrun for tutorial_dag to None, run_after=None
[2024-12-20T09:24:26.390+0000] {processor.py:208} INFO - Processing /home/airflow/.local/lib/python3.12/site-packages/airflow/example_dags/tutorial_dag.py took 0.181 seconds
[2024-12-20T09:24:57.370+0000] {processor.py:186} INFO - Started process (PID=728) to work on /home/airflow/.local/lib/python3.12/site-packages/airflow/example_dags/tutorial_dag.py
[2024-12-20T09:24:57.372+0000] {processor.py:914} INFO - Processing file /home/airflow/.local/lib/python3.12/site-packages/airflow/example_dags/tutorial_dag.py for tasks to queue
[2024-12-20T09:24:57.376+0000] {logging_mixin.py:190} INFO - [2024-12-20T09:24:57.375+0000] {dagbag.py:588} INFO - Filling up the DagBag from /home/airflow/.local/lib/python3.12/site-packages/airflow/example_dags/tutorial_dag.py
[2024-12-20T09:24:57.398+0000] {processor.py:925} INFO - DAG(s) 'tutorial_dag' retrieved from /home/airflow/.local/lib/python3.12/site-packages/airflow/example_dags/tutorial_dag.py
[2024-12-20T09:24:57.446+0000] {logging_mixin.py:190} INFO - [2024-12-20T09:24:57.445+0000] {dag.py:3239} INFO - Sync 1 DAGs
[2024-12-20T09:24:57.483+0000] {logging_mixin.py:190} INFO - [2024-12-20T09:24:57.482+0000] {dag.py:4180} INFO - Setting next_dagrun for tutorial_dag to None, run_after=None
[2024-12-20T09:24:57.533+0000] {processor.py:208} INFO - Processing /home/airflow/.local/lib/python3.12/site-packages/airflow/example_dags/tutorial_dag.py took 0.180 seconds
