[2024-12-19T16:40:11.424+0000] {local_task_job_runner.py:123} INFO - ::group::Pre task execution logs
[2024-12-19T16:40:11.462+0000] {taskinstance.py:2613} INFO - Dependencies all met for dep_context=non-requeueable deps ti=<TaskInstance: postgres_to_pdf_report.generate_pdf manual__2024-12-19T16:40:00.619125+00:00 [queued]>
[2024-12-19T16:40:11.475+0000] {taskinstance.py:2613} INFO - Dependencies all met for dep_context=requeueable deps ti=<TaskInstance: postgres_to_pdf_report.generate_pdf manual__2024-12-19T16:40:00.619125+00:00 [queued]>
[2024-12-19T16:40:11.476+0000] {taskinstance.py:2866} INFO - Starting attempt 1 of 2
[2024-12-19T16:40:11.667+0000] {taskinstance.py:2889} INFO - Executing <Task(PythonOperator): generate_pdf> on 2024-12-19 16:40:00.619125+00:00
[2024-12-19T16:40:11.679+0000] {warnings.py:112} WARNING - /home/***/.local/lib/python3.12/site-packages/***/task/task_runner/standard_task_runner.py:70: DeprecationWarning: This process (pid=77) is multi-threaded, use of fork() may lead to deadlocks in the child.
  pid = os.fork()

[2024-12-19T16:40:11.682+0000] {standard_task_runner.py:72} INFO - Started process 79 to run task
[2024-12-19T16:40:11.683+0000] {standard_task_runner.py:104} INFO - Running: ['***', 'tasks', 'run', 'postgres_to_pdf_report', 'generate_pdf', 'manual__2024-12-19T16:40:00.619125+00:00', '--job-id', '16', '--raw', '--subdir', 'DAGS_FOLDER/pdf_report.py', '--cfg-path', '/tmp/tmpu5l0ttu6']
[2024-12-19T16:40:11.685+0000] {standard_task_runner.py:105} INFO - Job 16: Subtask generate_pdf
[2024-12-19T16:40:11.748+0000] {task_command.py:467} INFO - Running <TaskInstance: postgres_to_pdf_report.generate_pdf manual__2024-12-19T16:40:00.619125+00:00 [running]> on host 87cacb862745
[2024-12-19T16:40:11.844+0000] {taskinstance.py:3132} INFO - Exporting env vars: AIRFLOW_CTX_DAG_OWNER='***' AIRFLOW_CTX_DAG_ID='postgres_to_pdf_report' AIRFLOW_CTX_TASK_ID='generate_pdf' AIRFLOW_CTX_EXECUTION_DATE='2024-12-19T16:40:00.619125+00:00' AIRFLOW_CTX_TRY_NUMBER='1' AIRFLOW_CTX_DAG_RUN_ID='manual__2024-12-19T16:40:00.619125+00:00'
[2024-12-19T16:40:11.846+0000] {logging_mixin.py:190} INFO - Task instance is in running state
[2024-12-19T16:40:11.847+0000] {logging_mixin.py:190} INFO -  Previous state of the Task instance: queued
[2024-12-19T16:40:11.847+0000] {logging_mixin.py:190} INFO - Current task name:generate_pdf state:running start_date:2024-12-19 16:40:11.463002+00:00
[2024-12-19T16:40:11.848+0000] {logging_mixin.py:190} INFO - Dag name:postgres_to_pdf_report and current dag run status:running
[2024-12-19T16:40:11.848+0000] {taskinstance.py:731} INFO - ::endgroup::
[2024-12-19T16:40:11.867+0000] {python.py:240} INFO - Done. Returned value was: None
[2024-12-19T16:40:11.881+0000] {taskinstance.py:340} INFO - ::group::Post task execution logs
[2024-12-19T16:40:11.882+0000] {taskinstance.py:352} INFO - Marking task as SUCCESS. dag_id=postgres_to_pdf_report, task_id=generate_pdf, run_id=manual__2024-12-19T16:40:00.619125+00:00, execution_date=20241219T164000, start_date=20241219T164011, end_date=20241219T164011
[2024-12-19T16:40:11.892+0000] {logging_mixin.py:190} INFO - Task instance in success state
[2024-12-19T16:40:11.893+0000] {logging_mixin.py:190} INFO -  Previous state of the Task instance: running
[2024-12-19T16:40:11.893+0000] {logging_mixin.py:190} INFO - Dag name:postgres_to_pdf_report queued_at:2024-12-19 16:40:00.695417+00:00
[2024-12-19T16:40:11.894+0000] {logging_mixin.py:190} INFO - Task hostname:87cacb862745 operator:PythonOperator
[2024-12-19T16:40:11.939+0000] {local_task_job_runner.py:266} INFO - Task exited with return code 0
[2024-12-19T16:40:11.970+0000] {taskinstance.py:3895} INFO - 0 downstream tasks scheduled from follow-on schedule check
[2024-12-19T16:40:11.975+0000] {local_task_job_runner.py:245} INFO - ::endgroup::
