[2024-12-19T15:04:22.827+0000] {local_task_job_runner.py:123} INFO - ::group::Pre task execution logs
[2024-12-19T15:04:22.868+0000] {taskinstance.py:2613} INFO - Dependencies all met for dep_context=non-requeueable deps ti=<TaskInstance: file_copy_dag.copy_file_task manual__2024-12-19T15:04:18.982369+00:00 [queued]>
[2024-12-19T15:04:22.887+0000] {taskinstance.py:2613} INFO - Dependencies all met for dep_context=requeueable deps ti=<TaskInstance: file_copy_dag.copy_file_task manual__2024-12-19T15:04:18.982369+00:00 [queued]>
[2024-12-19T15:04:22.889+0000] {taskinstance.py:2866} INFO - Starting attempt 1 of 2
[2024-12-19T15:04:22.924+0000] {taskinstance.py:2889} INFO - Executing <Task(PythonOperator): copy_file_task> on 2024-12-19 15:04:18.982369+00:00
[2024-12-19T15:04:22.937+0000] {warnings.py:112} WARNING - /home/***/.local/lib/python3.12/site-packages/***/task/task_runner/standard_task_runner.py:70: DeprecationWarning: This process (pid=136) is multi-threaded, use of fork() may lead to deadlocks in the child.
  pid = os.fork()

[2024-12-19T15:04:22.939+0000] {standard_task_runner.py:72} INFO - Started process 138 to run task
[2024-12-19T15:04:22.941+0000] {standard_task_runner.py:104} INFO - Running: ['***', 'tasks', 'run', 'file_copy_dag', 'copy_file_task', 'manual__2024-12-19T15:04:18.982369+00:00', '--job-id', '4', '--raw', '--subdir', 'DAGS_FOLDER/file_copy_dag.py', '--cfg-path', '/tmp/tmpge2nrnvz']
[2024-12-19T15:04:22.943+0000] {standard_task_runner.py:105} INFO - Job 4: Subtask copy_file_task
[2024-12-19T15:04:23.428+0000] {task_command.py:467} INFO - Running <TaskInstance: file_copy_dag.copy_file_task manual__2024-12-19T15:04:18.982369+00:00 [running]> on host c76a1fbb8b56
[2024-12-19T15:04:23.576+0000] {taskinstance.py:3132} INFO - Exporting env vars: AIRFLOW_CTX_DAG_OWNER='***' AIRFLOW_CTX_DAG_ID='file_copy_dag' AIRFLOW_CTX_TASK_ID='copy_file_task' AIRFLOW_CTX_EXECUTION_DATE='2024-12-19T15:04:18.982369+00:00' AIRFLOW_CTX_TRY_NUMBER='1' AIRFLOW_CTX_DAG_RUN_ID='manual__2024-12-19T15:04:18.982369+00:00'
[2024-12-19T15:04:23.577+0000] {logging_mixin.py:190} INFO - Task instance is in running state
[2024-12-19T15:04:23.578+0000] {logging_mixin.py:190} INFO -  Previous state of the Task instance: queued
[2024-12-19T15:04:23.579+0000] {logging_mixin.py:190} INFO - Current task name:copy_file_task state:running start_date:2024-12-19 15:04:22.869767+00:00
[2024-12-19T15:04:23.580+0000] {logging_mixin.py:190} INFO - Dag name:file_copy_dag and current dag run status:running
[2024-12-19T15:04:23.581+0000] {taskinstance.py:731} INFO - ::endgroup::
[2024-12-19T15:04:23.606+0000] {logging_mixin.py:190} INFO - File copied from /opt/***/data/source/file.txt to /opt/***/data/destination/file.txt
[2024-12-19T15:04:23.607+0000] {python.py:240} INFO - Done. Returned value was: None
[2024-12-19T15:04:23.625+0000] {taskinstance.py:340} INFO - ::group::Post task execution logs
[2024-12-19T15:04:23.626+0000] {taskinstance.py:352} INFO - Marking task as SUCCESS. dag_id=file_copy_dag, task_id=copy_file_task, run_id=manual__2024-12-19T15:04:18.982369+00:00, execution_date=20241219T150418, start_date=20241219T150422, end_date=20241219T150423
[2024-12-19T15:04:23.644+0000] {logging_mixin.py:190} INFO - Task instance in success state
[2024-12-19T15:04:23.644+0000] {logging_mixin.py:190} INFO -  Previous state of the Task instance: running
[2024-12-19T15:04:23.645+0000] {logging_mixin.py:190} INFO - Dag name:file_copy_dag queued_at:2024-12-19 15:04:19.031192+00:00
[2024-12-19T15:04:23.646+0000] {logging_mixin.py:190} INFO - Task hostname:c76a1fbb8b56 operator:PythonOperator
[2024-12-19T15:04:23.680+0000] {local_task_job_runner.py:266} INFO - Task exited with return code 0
[2024-12-19T15:04:23.699+0000] {local_task_job_runner.py:245} INFO - ::endgroup::
