[2024-12-20T05:28:43.030+0000] {local_task_job_runner.py:123} INFO - ::group::Pre task execution logs
[2024-12-20T05:28:43.192+0000] {taskinstance.py:2613} INFO - Dependencies all met for dep_context=non-requeueable deps ti=<TaskInstance: postgres_to_pdf_report.fetch_data scheduled__2024-12-19T00:00:00+00:00 [queued]>
[2024-12-20T05:28:43.291+0000] {taskinstance.py:2613} INFO - Dependencies all met for dep_context=requeueable deps ti=<TaskInstance: postgres_to_pdf_report.fetch_data scheduled__2024-12-19T00:00:00+00:00 [queued]>
[2024-12-20T05:28:43.297+0000] {taskinstance.py:2866} INFO - Starting attempt 1 of 2
[2024-12-20T05:28:44.411+0000] {taskinstance.py:2889} INFO - Executing <Task(PythonOperator): fetch_data> on 2024-12-19 00:00:00+00:00
[2024-12-20T05:28:44.467+0000] {warnings.py:112} WARNING - /home/***/.local/lib/python3.12/site-packages/***/task/task_runner/standard_task_runner.py:70: DeprecationWarning: This process (pid=1276) is multi-threaded, use of fork() may lead to deadlocks in the child.
  pid = os.fork()

[2024-12-20T05:28:44.493+0000] {standard_task_runner.py:104} INFO - Running: ['***', 'tasks', 'run', 'postgres_to_pdf_report', 'fetch_data', 'scheduled__2024-12-19T00:00:00+00:00', '--job-id', '19', '--raw', '--subdir', 'DAGS_FOLDER/pdf_report.py', '--cfg-path', '/tmp/tmpc8x6vfdo']
[2024-12-20T05:28:44.505+0000] {standard_task_runner.py:72} INFO - Started process 1284 to run task
[2024-12-20T05:28:44.521+0000] {standard_task_runner.py:105} INFO - Job 19: Subtask fetch_data
[2024-12-20T05:28:45.087+0000] {task_command.py:467} INFO - Running <TaskInstance: postgres_to_pdf_report.fetch_data scheduled__2024-12-19T00:00:00+00:00 [running]> on host 87cacb862745
[2024-12-20T05:28:45.836+0000] {taskinstance.py:3132} INFO - Exporting env vars: AIRFLOW_CTX_DAG_OWNER='***' AIRFLOW_CTX_DAG_ID='postgres_to_pdf_report' AIRFLOW_CTX_TASK_ID='fetch_data' AIRFLOW_CTX_EXECUTION_DATE='2024-12-19T00:00:00+00:00' AIRFLOW_CTX_TRY_NUMBER='1' AIRFLOW_CTX_DAG_RUN_ID='scheduled__2024-12-19T00:00:00+00:00'
[2024-12-20T05:28:45.842+0000] {logging_mixin.py:190} INFO - Task instance is in running state
[2024-12-20T05:28:45.848+0000] {logging_mixin.py:190} INFO -  Previous state of the Task instance: queued
[2024-12-20T05:28:45.850+0000] {logging_mixin.py:190} INFO - Current task name:fetch_data state:running start_date:2024-12-20 05:28:43.200784+00:00
[2024-12-20T05:28:45.852+0000] {logging_mixin.py:190} INFO - Dag name:postgres_to_pdf_report and current dag run status:running
[2024-12-20T05:28:45.854+0000] {taskinstance.py:731} INFO - ::endgroup::
[2024-12-20T05:28:46.418+0000] {python.py:240} INFO - Done. Returned value was: [(1, 'John Doe', 'Engineering', Decimal('120000.00'), datetime.date(2020, 3, 15)), (2, 'Jane Smith', 'Marketing', Decimal('95000.00'), datetime.date(2019, 6, 1)), (3, 'Alice Brown', 'HR', Decimal('80000.00'), datetime.date(2021, 10, 20)), (4, 'Bob Johnson', 'Sales', Decimal('115000.00'), datetime.date(2018, 12, 5))]
[2024-12-20T05:28:46.606+0000] {taskinstance.py:340} INFO - ::group::Post task execution logs
[2024-12-20T05:28:46.608+0000] {taskinstance.py:352} INFO - Marking task as SUCCESS. dag_id=postgres_to_pdf_report, task_id=fetch_data, run_id=scheduled__2024-12-19T00:00:00+00:00, execution_date=20241219T000000, start_date=20241220T052843, end_date=20241220T052846
[2024-12-20T05:28:46.688+0000] {logging_mixin.py:190} INFO - Task instance in success state
[2024-12-20T05:28:46.693+0000] {logging_mixin.py:190} INFO -  Previous state of the Task instance: running
[2024-12-20T05:28:46.696+0000] {logging_mixin.py:190} INFO - Dag name:postgres_to_pdf_report queued_at:2024-12-20 05:27:57.268122+00:00
[2024-12-20T05:28:46.698+0000] {logging_mixin.py:190} INFO - Task hostname:87cacb862745 operator:PythonOperator
[2024-12-20T05:28:46.811+0000] {local_task_job_runner.py:266} INFO - Task exited with return code 0
[2024-12-20T05:28:46.907+0000] {taskinstance.py:3895} INFO - 1 downstream tasks scheduled from follow-on schedule check
[2024-12-20T05:28:46.922+0000] {local_task_job_runner.py:245} INFO - ::endgroup::
