[2024-12-20T05:48:12.224+0000] {local_task_job_runner.py:123} INFO - ::group::Pre task execution logs
[2024-12-20T05:48:12.430+0000] {taskinstance.py:2613} INFO - Dependencies all met for dep_context=non-requeueable deps ti=<TaskInstance: example_complex.create_entry_group_result manual__2024-12-20T05:47:38.270017+00:00 [queued]>
[2024-12-20T05:48:12.476+0000] {taskinstance.py:2613} INFO - Dependencies all met for dep_context=requeueable deps ti=<TaskInstance: example_complex.create_entry_group_result manual__2024-12-20T05:47:38.270017+00:00 [queued]>
[2024-12-20T05:48:12.478+0000] {taskinstance.py:2866} INFO - Starting attempt 1 of 1
[2024-12-20T05:48:12.548+0000] {taskinstance.py:2889} INFO - Executing <Task(BashOperator): create_entry_group_result> on 2024-12-20 05:47:38.270017+00:00
[2024-12-20T05:48:12.620+0000] {warnings.py:112} WARNING - /home/***/.local/lib/python3.12/site-packages/***/task/task_runner/standard_task_runner.py:70: DeprecationWarning: This process (pid=1509) is multi-threaded, use of fork() may lead to deadlocks in the child.
  pid = os.fork()

[2024-12-20T05:48:12.648+0000] {standard_task_runner.py:72} INFO - Started process 1527 to run task
[2024-12-20T05:48:12.658+0000] {standard_task_runner.py:104} INFO - Running: ['***', 'tasks', 'run', 'example_complex', 'create_entry_group_result', 'manual__2024-12-20T05:47:38.270017+00:00', '--job-id', '24', '--raw', '--subdir', '/home/***/.local/lib/python3.12/site-packages/***/example_dags/example_complex.py', '--cfg-path', '/tmp/tmpxsxky8mf']
[2024-12-20T05:48:12.663+0000] {standard_task_runner.py:105} INFO - Job 24: Subtask create_entry_group_result
[2024-12-20T05:48:18.236+0000] {task_command.py:467} INFO - Running <TaskInstance: example_complex.create_entry_group_result manual__2024-12-20T05:47:38.270017+00:00 [running]> on host 87cacb862745
[2024-12-20T05:48:19.428+0000] {taskinstance.py:3132} INFO - Exporting env vars: AIRFLOW_CTX_DAG_OWNER='***' AIRFLOW_CTX_DAG_ID='example_complex' AIRFLOW_CTX_TASK_ID='create_entry_group_result' AIRFLOW_CTX_EXECUTION_DATE='2024-12-20T05:47:38.270017+00:00' AIRFLOW_CTX_TRY_NUMBER='1' AIRFLOW_CTX_DAG_RUN_ID='manual__2024-12-20T05:47:38.270017+00:00'
[2024-12-20T05:48:19.476+0000] {logging_mixin.py:190} INFO - Task instance is in running state
[2024-12-20T05:48:19.491+0000] {logging_mixin.py:190} INFO -  Previous state of the Task instance: queued
[2024-12-20T05:48:19.498+0000] {logging_mixin.py:190} INFO - Current task name:create_entry_group_result state:running start_date:2024-12-20 05:48:12.432681+00:00
[2024-12-20T05:48:19.505+0000] {logging_mixin.py:190} INFO - Dag name:example_complex and current dag run status:running
[2024-12-20T05:48:19.511+0000] {taskinstance.py:731} INFO - ::endgroup::
[2024-12-20T05:48:19.524+0000] {subprocess.py:78} INFO - Tmp dir root location: /tmp
[2024-12-20T05:48:19.531+0000] {subprocess.py:88} INFO - Running command: ['/usr/bin/bash', '-c', 'echo create_entry_group_result']
[2024-12-20T05:48:19.724+0000] {subprocess.py:99} INFO - Output:
[2024-12-20T05:48:19.742+0000] {subprocess.py:106} INFO - create_entry_group_result
[2024-12-20T05:48:19.755+0000] {subprocess.py:110} INFO - Command exited with return code 0
[2024-12-20T05:48:19.918+0000] {taskinstance.py:340} INFO - ::group::Post task execution logs
[2024-12-20T05:48:19.922+0000] {taskinstance.py:352} INFO - Marking task as SUCCESS. dag_id=example_complex, task_id=create_entry_group_result, run_id=manual__2024-12-20T05:47:38.270017+00:00, execution_date=20241220T054738, start_date=20241220T054812, end_date=20241220T054819
[2024-12-20T05:48:20.017+0000] {logging_mixin.py:190} INFO - Task instance in success state
[2024-12-20T05:48:20.052+0000] {logging_mixin.py:190} INFO -  Previous state of the Task instance: running
[2024-12-20T05:48:20.057+0000] {logging_mixin.py:190} INFO - Dag name:example_complex queued_at:2024-12-20 05:47:38.368647+00:00
[2024-12-20T05:48:20.060+0000] {logging_mixin.py:190} INFO - Task hostname:87cacb862745 operator:BashOperator
[2024-12-20T05:48:20.256+0000] {local_task_job_runner.py:266} INFO - Task exited with return code 0
[2024-12-20T05:48:20.592+0000] {taskinstance.py:3895} INFO - 0 downstream tasks scheduled from follow-on schedule check
[2024-12-20T05:48:20.621+0000] {local_task_job_runner.py:245} INFO - ::endgroup::
